2025-09-29 16:52:15,242 - INFO - Log file created at: /home/runner/work/potensitech.com/potensitech.com/languages/english/keywords/logs/kw_search_20250929_165215.log
2025-09-29 16:52:15,242 - INFO - ============================================================
2025-09-29 16:52:15,242 - INFO - AUTOMATIC KEYWORD RESEARCH TOOL
2025-09-29 16:52:15,242 - INFO - ============================================================
2025-09-29 16:52:15,378 - INFO - ========================================
2025-09-29 16:52:15,378 - INFO - Found 14 niches to process: xiaomi, iphone, samsung, apple, sony, asus, philips, sandisk, intel, nvidia, amd, canon, nikon, huawei
2025-09-29 16:52:15,378 - INFO - ========================================
2025-09-29 16:52:15,379 - INFO - Continuing from last processed niche: samsung
2025-09-29 16:52:15,379 - INFO - ========================================
2025-09-29 16:52:15,379 - INFO - 🎯 PROCESSING NICHE 4/14: 'apple'
2025-09-29 16:52:15,379 - INFO - ========================================
2025-09-29 16:52:15,379 - INFO - 📁 Niche directory: /home/runner/work/potensitech.com/potensitech.com/languages/english/keywords/apple
2025-09-29 16:52:15,379 - INFO - Selected region: us
2025-09-29 16:52:15,379 - INFO - Selected language: en
2025-09-29 16:52:15,379 - INFO - 🎯 Current niche: apple
2025-09-29 16:52:18,673 - INFO - 🎯 Niche terms for filtering: apple, cheap, best, latest, review, price, sell, buy, recommendation, tips, tutorial, guide, how to, vs, versus, compared to, comparison, alternatives, which is better, expensive, discount, deals, sale, affordable, cost, online, offline, marketplace, store, shop, retailer, where to buy, worst, quality, original, genuine, fake, replica, authentic, brand, manufacturer, company, product, apple product, sell apple, buy apple, cheap apple, best apple, apple review, where to buy apple, how to choose apple, top apple, apple guide, apple for sale, apple deals
2025-09-29 16:52:18,673 - INFO - Generated 50 niche-clue pairs for 'apple'.
2025-09-29 16:52:18,676 - INFO - Expanded 50 seed keywords to 218 variations
2025-09-29 16:52:18,676 - INFO - 🔧 Request Handler initialized - Success rate: 100.0%
2025-09-29 16:56:42,895 - INFO - Original clue keywords: graphics performance, ssd storage
2025-09-29 16:56:42,895 - INFO - Niche-focused seeds: graphics performance apple, apple graphics performance, graphics performance cheap, cheap graphics performance, graphics performance best, best graphics performance, graphics performance latest, latest graphics performance, graphics performance review, review graphics performance, graphics performance price, price graphics performance, graphics performance sell, sell graphics performance, graphics performance buy, buy graphics performance, graphics performance recommendation, recommendation graphics performance, graphics performance tips, tips graphics performance, graphics performance tutorial, tutorial graphics performance, graphics performance guide, guide graphics performance, graphics performance how to, how to graphics performance, graphics performance vs, vs graphics performance, graphics performance versus, versus graphics performance, graphics performance compared to, compared to graphics performance, graphics performance comparison, comparison graphics performance, graphics performance alternatives, alternatives graphics performance, graphics performance which is better, which is better graphics performance, graphics performance expensive, expensive graphics performance, graphics performance discount, discount graphics performance, graphics performance deals, deals graphics performance, graphics performance sale, sale graphics performance, graphics performance affordable, affordable graphics performance, graphics performance cost, cost graphics performance, graphics performance online, online graphics performance, graphics performance offline, offline graphics performance, graphics performance marketplace, marketplace graphics performance, graphics performance store, store graphics performance, graphics performance shop, shop graphics performance, graphics performance retailer, retailer graphics performance, graphics performance where to buy, where to buy graphics performance, graphics performance worst, worst graphics performance, graphics performance quality, quality graphics performance, graphics performance original, original graphics performance, graphics performance genuine, genuine graphics performance, graphics performance fake, fake graphics performance, graphics performance replica, replica graphics performance, graphics performance authentic, authentic graphics performance, graphics performance brand, brand graphics performance, graphics performance manufacturer, manufacturer graphics performance, graphics performance company, company graphics performance, graphics performance product, product graphics performance, graphics performance apple product, apple product graphics performance, graphics performance sell apple, sell apple graphics performance, graphics performance buy apple, buy apple graphics performance, graphics performance cheap apple, cheap apple graphics performance, graphics performance best apple, best apple graphics performance, graphics performance apple review, apple review graphics performance, graphics performance where to buy apple, where to buy apple graphics performance, graphics performance how to choose apple, how to choose apple graphics performance, graphics performance top apple, top apple graphics performance, graphics performance apple guide, apple guide graphics performance, graphics performance apple for sale, apple for sale graphics performance, graphics performance apple deals, apple deals graphics performance, ssd storage apple, apple ssd storage, ssd storage cheap, cheap ssd storage, ssd storage best, best ssd storage, ssd storage latest, latest ssd storage, ssd storage review, review ssd storage, ssd storage price, price ssd storage, ssd storage sell, sell ssd storage, ssd storage buy, buy ssd storage, ssd storage recommendation, recommendation ssd storage, ssd storage tips, tips ssd storage, ssd storage tutorial, tutorial ssd storage, ssd storage guide, guide ssd storage, ssd storage how to, how to ssd storage, ssd storage vs, vs ssd storage, ssd storage versus, versus ssd storage, ssd storage compared to, compared to ssd storage, ssd storage comparison, comparison ssd storage, ssd storage alternatives, alternatives ssd storage, ssd storage which is better, which is better ssd storage, ssd storage expensive, expensive ssd storage, ssd storage discount, discount ssd storage, ssd storage deals, deals ssd storage, ssd storage sale, sale ssd storage, ssd storage affordable, affordable ssd storage, ssd storage cost, cost ssd storage, ssd storage online, online ssd storage, ssd storage offline, offline ssd storage, ssd storage marketplace, marketplace ssd storage, ssd storage store, store ssd storage, ssd storage shop, shop ssd storage, ssd storage retailer, retailer ssd storage, ssd storage where to buy, where to buy ssd storage, ssd storage worst, worst ssd storage, ssd storage quality, quality ssd storage, ssd storage original, original ssd storage, ssd storage genuine, genuine ssd storage, ssd storage fake, fake ssd storage, ssd storage replica, replica ssd storage, ssd storage authentic, authentic ssd storage, ssd storage brand, brand ssd storage, ssd storage manufacturer, manufacturer ssd storage, ssd storage company, company ssd storage, ssd storage product, product ssd storage, ssd storage apple product, apple product ssd storage, ssd storage sell apple, sell apple ssd storage, ssd storage buy apple, buy apple ssd storage, ssd storage cheap apple, cheap apple ssd storage, ssd storage best apple, best apple ssd storage, ssd storage apple review, apple review ssd storage, ssd storage where to buy apple, where to buy apple ssd storage, ssd storage how to choose apple, how to choose apple ssd storage, ssd storage top apple, top apple ssd storage, ssd storage apple guide, apple guide ssd storage, ssd storage apple for sale, apple for sale ssd storage, ssd storage apple deals, apple deals ssd storage
2025-09-29 16:56:42,898 - INFO - Expanded 220 seed keywords to 385 variations
2025-09-29 16:56:42,898 - INFO - Language: en
2025-09-29 16:56:42,898 - INFO - Region: us
2025-09-29 17:00:03,179 - INFO - 🎯 After all filtering for 'apple': 120 relevant keywords
2025-09-29 17:00:03,359 - INFO - 🎯 Found 5 new keywords for niche 'apple': apple affordable graphics performance, apple affordable ssd storage, cheap alternatives ssd storage, best authentic ssd storage, how to brand ssd storage
2025-09-29 17:00:18,108 - INFO - ✅ Niche 'apple' process complete! 57 total keyword results.
2025-09-29 17:00:18,108 - INFO - ✅ Completed processing niche: 'apple'
2025-09-29 17:00:18,108 - INFO - 🔧 Request Handler final stats - Success rate: 100.0%
2025-09-29 17:00:18,108 - INFO -    Total requests: 15263, Blocks: 0
2025-09-29 17:00:18,109 - INFO - 
========================================
2025-09-29 17:00:18,109 - INFO - Process Summary:
2025-09-29 17:00:18,110 - INFO - - Current niche: 'apple'
2025-09-29 17:00:18,110 - INFO - - Next niche will be: 'sony'
2025-09-29 17:00:18,110 - INFO - - Keywords saved in: languages/english/keywords/apple/
2025-09-29 17:00:18,110 - INFO - ========================================
