2025-11-13 02:07:32,149 - INFO - Log file created at: /home/runner/work/potensitech.com/potensitech.com/languages/english/keywords/logs/kw_search_20251113_020732.log
2025-11-13 02:07:32,149 - INFO - ============================================================
2025-11-13 02:07:32,149 - INFO - AUTOMATIC KEYWORD RESEARCH TOOL
2025-11-13 02:07:32,149 - INFO - ============================================================
2025-11-13 02:07:32,367 - INFO - ========================================
2025-11-13 02:07:32,367 - INFO - Found 14 niches to process: xiaomi, iphone, samsung, apple, sony, asus, philips, sandisk, intel, nvidia, amd, canon, nikon, huawei
2025-11-13 02:07:32,367 - INFO - ========================================
2025-11-13 02:07:32,367 - INFO - Continuing from last processed niche: intel
2025-11-13 02:07:32,367 - INFO - ========================================
2025-11-13 02:07:32,367 - INFO - 🎯 PROCESSING NICHE 10/14: 'nvidia'
2025-11-13 02:07:32,367 - INFO - ========================================
2025-11-13 02:07:32,367 - INFO - 📁 Niche directory: /home/runner/work/potensitech.com/potensitech.com/languages/english/keywords/nvidia
2025-11-13 02:07:32,367 - INFO - Selected region: us
2025-11-13 02:07:32,368 - INFO - Selected language: en
2025-11-13 02:07:32,368 - INFO - 🎯 Current niche: nvidia
2025-11-13 02:07:35,071 - INFO - 🎯 Niche terms for filtering: nvidia, cheap, best, latest, review, price, sell, buy, recommendation, tips, tutorial, guide, how to, vs, versus, compared to, comparison, alternatives, which is better, expensive, discount, deals, sale, affordable, cost, online, offline, marketplace, store, shop, retailer, where to buy, worst, quality, original, genuine, fake, replica, authentic, brand, manufacturer, company, product, nvidia product, sell nvidia, buy nvidia, cheap nvidia, best nvidia, nvidia review, where to buy nvidia, how to choose nvidia, top nvidia, nvidia guide, nvidia for sale, nvidia deals
2025-11-13 02:07:35,071 - INFO - Generated 50 niche-clue pairs for 'nvidia'.
2025-11-13 02:07:35,074 - INFO - Expanded 50 seed keywords to 218 variations
2025-11-13 02:07:35,075 - INFO - 🔧 Request Handler initialized - Success rate: 100.0%
2025-11-13 02:12:02,944 - INFO - Original clue keywords: processor speed, chip performance
2025-11-13 02:12:02,944 - INFO - Niche-focused seeds: processor speed nvidia, nvidia processor speed, processor speed cheap, cheap processor speed, processor speed best, best processor speed, processor speed latest, latest processor speed, processor speed review, review processor speed, processor speed price, price processor speed, processor speed sell, sell processor speed, processor speed buy, buy processor speed, processor speed recommendation, recommendation processor speed, processor speed tips, tips processor speed, processor speed tutorial, tutorial processor speed, processor speed guide, guide processor speed, processor speed how to, how to processor speed, processor speed vs, vs processor speed, processor speed versus, versus processor speed, processor speed compared to, compared to processor speed, processor speed comparison, comparison processor speed, processor speed alternatives, alternatives processor speed, processor speed which is better, which is better processor speed, processor speed expensive, expensive processor speed, processor speed discount, discount processor speed, processor speed deals, deals processor speed, processor speed sale, sale processor speed, processor speed affordable, affordable processor speed, processor speed cost, cost processor speed, processor speed online, online processor speed, processor speed offline, offline processor speed, processor speed marketplace, marketplace processor speed, processor speed store, store processor speed, processor speed shop, shop processor speed, processor speed retailer, retailer processor speed, processor speed where to buy, where to buy processor speed, processor speed worst, worst processor speed, processor speed quality, quality processor speed, processor speed original, original processor speed, processor speed genuine, genuine processor speed, processor speed fake, fake processor speed, processor speed replica, replica processor speed, processor speed authentic, authentic processor speed, processor speed brand, brand processor speed, processor speed manufacturer, manufacturer processor speed, processor speed company, company processor speed, processor speed product, product processor speed, processor speed nvidia product, nvidia product processor speed, processor speed sell nvidia, sell nvidia processor speed, processor speed buy nvidia, buy nvidia processor speed, processor speed cheap nvidia, cheap nvidia processor speed, processor speed best nvidia, best nvidia processor speed, processor speed nvidia review, nvidia review processor speed, processor speed where to buy nvidia, where to buy nvidia processor speed, processor speed how to choose nvidia, how to choose nvidia processor speed, processor speed top nvidia, top nvidia processor speed, processor speed nvidia guide, nvidia guide processor speed, processor speed nvidia for sale, nvidia for sale processor speed, processor speed nvidia deals, nvidia deals processor speed, chip performance nvidia, nvidia chip performance, chip performance cheap, cheap chip performance, chip performance best, best chip performance, chip performance latest, latest chip performance, chip performance review, review chip performance, chip performance price, price chip performance, chip performance sell, sell chip performance, chip performance buy, buy chip performance, chip performance recommendation, recommendation chip performance, chip performance tips, tips chip performance, chip performance tutorial, tutorial chip performance, chip performance guide, guide chip performance, chip performance how to, how to chip performance, chip performance vs, vs chip performance, chip performance versus, versus chip performance, chip performance compared to, compared to chip performance, chip performance comparison, comparison chip performance, chip performance alternatives, alternatives chip performance, chip performance which is better, which is better chip performance, chip performance expensive, expensive chip performance, chip performance discount, discount chip performance, chip performance deals, deals chip performance, chip performance sale, sale chip performance, chip performance affordable, affordable chip performance, chip performance cost, cost chip performance, chip performance online, online chip performance, chip performance offline, offline chip performance, chip performance marketplace, marketplace chip performance, chip performance store, store chip performance, chip performance shop, shop chip performance, chip performance retailer, retailer chip performance, chip performance where to buy, where to buy chip performance, chip performance worst, worst chip performance, chip performance quality, quality chip performance, chip performance original, original chip performance, chip performance genuine, genuine chip performance, chip performance fake, fake chip performance, chip performance replica, replica chip performance, chip performance authentic, authentic chip performance, chip performance brand, brand chip performance, chip performance manufacturer, manufacturer chip performance, chip performance company, company chip performance, chip performance product, product chip performance, chip performance nvidia product, nvidia product chip performance, chip performance sell nvidia, sell nvidia chip performance, chip performance buy nvidia, buy nvidia chip performance, chip performance cheap nvidia, cheap nvidia chip performance, chip performance best nvidia, best nvidia chip performance, chip performance nvidia review, nvidia review chip performance, chip performance where to buy nvidia, where to buy nvidia chip performance, chip performance how to choose nvidia, how to choose nvidia chip performance, chip performance top nvidia, top nvidia chip performance, chip performance nvidia guide, nvidia guide chip performance, chip performance nvidia for sale, nvidia for sale chip performance, chip performance nvidia deals, nvidia deals chip performance
2025-11-13 02:12:02,947 - INFO - Expanded 220 seed keywords to 385 variations
2025-11-13 02:12:02,947 - INFO - Language: en
2025-11-13 02:12:02,947 - INFO - Region: us
2025-11-13 02:14:30,158 - INFO - 🎯 After all filtering for 'nvidia': 120 relevant keywords
2025-11-13 02:14:30,824 - INFO - 🎯 Found 5 new keywords for niche 'nvidia': nvidia affordable chip performance, nvidia affordable processor speed, cheap alternatives chip performance, best authentic chip performance, how to brand chip performance
2025-11-13 02:14:41,264 - INFO - ✅ Niche 'nvidia' process complete! 249 total keyword results.
2025-11-13 02:14:41,264 - INFO - ✅ Completed processing niche: 'nvidia'
2025-11-13 02:14:41,264 - INFO - 🔧 Request Handler final stats - Success rate: 100.0%
2025-11-13 02:14:41,264 - INFO -    Total requests: 41339, Blocks: 0
2025-11-13 02:14:41,265 - INFO - 
========================================
2025-11-13 02:14:41,266 - INFO - Process Summary:
2025-11-13 02:14:41,266 - INFO - - Current niche: 'nvidia'
2025-11-13 02:14:41,266 - INFO - - Next niche will be: 'amd'
2025-11-13 02:14:41,266 - INFO - - Keywords saved in: languages/english/keywords/nvidia/
2025-11-13 02:14:41,266 - INFO - ========================================
