2025-11-12 21:43:58,700 - INFO - Log file created at: /home/runner/work/potensitech.com/potensitech.com/languages/english/keywords/logs/kw_search_20251112_214358.log
2025-11-12 21:43:58,700 - INFO - ============================================================
2025-11-12 21:43:58,701 - INFO - AUTOMATIC KEYWORD RESEARCH TOOL
2025-11-12 21:43:58,701 - INFO - ============================================================
2025-11-12 21:43:58,883 - INFO - ========================================
2025-11-12 21:43:58,884 - INFO - Found 14 niches to process: xiaomi, iphone, samsung, apple, sony, asus, philips, sandisk, intel, nvidia, amd, canon, nikon, huawei
2025-11-12 21:43:58,884 - INFO - ========================================
2025-11-12 21:43:58,884 - INFO - Continuing from last processed niche: sandisk
2025-11-12 21:43:58,884 - INFO - ========================================
2025-11-12 21:43:58,884 - INFO - 🎯 PROCESSING NICHE 9/14: 'intel'
2025-11-12 21:43:58,884 - INFO - ========================================
2025-11-12 21:43:58,884 - INFO - 📁 Niche directory: /home/runner/work/potensitech.com/potensitech.com/languages/english/keywords/intel
2025-11-12 21:43:58,884 - INFO - Selected region: us
2025-11-12 21:43:58,884 - INFO - Selected language: en
2025-11-12 21:43:58,884 - INFO - 🎯 Current niche: intel
2025-11-12 21:44:05,102 - INFO - 🎯 Niche terms for filtering: intel, cheap, best, latest, review, price, sell, buy, recommendation, tips, tutorial, guide, how to, vs, versus, compared to, comparison, alternatives, which is better, expensive, discount, deals, sale, affordable, cost, online, offline, marketplace, store, shop, retailer, where to buy, worst, quality, original, genuine, fake, replica, authentic, brand, manufacturer, company, product, intel product, sell intel, buy intel, cheap intel, best intel, intel review, where to buy intel, how to choose intel, top intel, intel guide, intel for sale, intel deals
2025-11-12 21:44:05,103 - INFO - Generated 50 niche-clue pairs for 'intel'.
2025-11-12 21:44:05,106 - INFO - Expanded 50 seed keywords to 218 variations
2025-11-12 21:44:05,106 - INFO - 🔧 Request Handler initialized - Success rate: 100.0%
2025-11-12 21:48:27,899 - INFO - Original clue keywords: chip performance, core architecture
2025-11-12 21:48:27,899 - INFO - Niche-focused seeds: chip performance intel, intel chip performance, chip performance cheap, cheap chip performance, chip performance best, best chip performance, chip performance latest, latest chip performance, chip performance review, review chip performance, chip performance price, price chip performance, chip performance sell, sell chip performance, chip performance buy, buy chip performance, chip performance recommendation, recommendation chip performance, chip performance tips, tips chip performance, chip performance tutorial, tutorial chip performance, chip performance guide, guide chip performance, chip performance how to, how to chip performance, chip performance vs, vs chip performance, chip performance versus, versus chip performance, chip performance compared to, compared to chip performance, chip performance comparison, comparison chip performance, chip performance alternatives, alternatives chip performance, chip performance which is better, which is better chip performance, chip performance expensive, expensive chip performance, chip performance discount, discount chip performance, chip performance deals, deals chip performance, chip performance sale, sale chip performance, chip performance affordable, affordable chip performance, chip performance cost, cost chip performance, chip performance online, online chip performance, chip performance offline, offline chip performance, chip performance marketplace, marketplace chip performance, chip performance store, store chip performance, chip performance shop, shop chip performance, chip performance retailer, retailer chip performance, chip performance where to buy, where to buy chip performance, chip performance worst, worst chip performance, chip performance quality, quality chip performance, chip performance original, original chip performance, chip performance genuine, genuine chip performance, chip performance fake, fake chip performance, chip performance replica, replica chip performance, chip performance authentic, authentic chip performance, chip performance brand, brand chip performance, chip performance manufacturer, manufacturer chip performance, chip performance company, company chip performance, chip performance product, product chip performance, chip performance intel product, intel product chip performance, chip performance sell intel, sell intel chip performance, chip performance buy intel, buy intel chip performance, chip performance cheap intel, cheap intel chip performance, chip performance best intel, best intel chip performance, chip performance intel review, intel review chip performance, chip performance where to buy intel, where to buy intel chip performance, chip performance how to choose intel, how to choose intel chip performance, chip performance top intel, top intel chip performance, chip performance intel guide, intel guide chip performance, chip performance intel for sale, intel for sale chip performance, chip performance intel deals, intel deals chip performance, core architecture intel, intel core architecture, core architecture cheap, cheap core architecture, core architecture best, best core architecture, core architecture latest, latest core architecture, core architecture review, review core architecture, core architecture price, price core architecture, core architecture sell, sell core architecture, core architecture buy, buy core architecture, core architecture recommendation, recommendation core architecture, core architecture tips, tips core architecture, core architecture tutorial, tutorial core architecture, core architecture guide, guide core architecture, core architecture how to, how to core architecture, core architecture vs, vs core architecture, core architecture versus, versus core architecture, core architecture compared to, compared to core architecture, core architecture comparison, comparison core architecture, core architecture alternatives, alternatives core architecture, core architecture which is better, which is better core architecture, core architecture expensive, expensive core architecture, core architecture discount, discount core architecture, core architecture deals, deals core architecture, core architecture sale, sale core architecture, core architecture affordable, affordable core architecture, core architecture cost, cost core architecture, core architecture online, online core architecture, core architecture offline, offline core architecture, core architecture marketplace, marketplace core architecture, core architecture store, store core architecture, core architecture shop, shop core architecture, core architecture retailer, retailer core architecture, core architecture where to buy, where to buy core architecture, core architecture worst, worst core architecture, core architecture quality, quality core architecture, core architecture original, original core architecture, core architecture genuine, genuine core architecture, core architecture fake, fake core architecture, core architecture replica, replica core architecture, core architecture authentic, authentic core architecture, core architecture brand, brand core architecture, core architecture manufacturer, manufacturer core architecture, core architecture company, company core architecture, core architecture product, product core architecture, core architecture intel product, intel product core architecture, core architecture sell intel, sell intel core architecture, core architecture buy intel, buy intel core architecture, core architecture cheap intel, cheap intel core architecture, core architecture best intel, best intel core architecture, core architecture intel review, intel review core architecture, core architecture where to buy intel, where to buy intel core architecture, core architecture how to choose intel, how to choose intel core architecture, core architecture top intel, top intel core architecture, core architecture intel guide, intel guide core architecture, core architecture intel for sale, intel for sale core architecture, core architecture intel deals, intel deals core architecture
2025-11-12 21:48:27,902 - INFO - Expanded 220 seed keywords to 385 variations
2025-11-12 21:48:27,902 - INFO - Language: en
2025-11-12 21:48:27,903 - INFO - Region: us
2025-11-12 21:53:02,728 - INFO - 🎯 After all filtering for 'intel': 120 relevant keywords
2025-11-12 21:53:03,218 - INFO - 🎯 Found 5 new keywords for niche 'intel': intel affordable chip performance, intel affordable core architecture, cheap alternatives chip performance, cheap alternatives core architecture, best authentic chip performance
2025-11-12 21:53:13,765 - INFO - ✅ Niche 'intel' process complete! 258 total keyword results.
2025-11-12 21:53:13,765 - INFO - ✅ Completed processing niche: 'intel'
2025-11-12 21:53:13,765 - INFO - 🔧 Request Handler final stats - Success rate: 100.0%
2025-11-12 21:53:13,765 - INFO -    Total requests: 41270, Blocks: 0
2025-11-12 21:53:13,766 - INFO - 
========================================
2025-11-12 21:53:13,767 - INFO - Process Summary:
2025-11-12 21:53:13,767 - INFO - - Current niche: 'intel'
2025-11-12 21:53:13,767 - INFO - - Next niche will be: 'nvidia'
2025-11-12 21:53:13,767 - INFO - - Keywords saved in: languages/english/keywords/intel/
2025-11-12 21:53:13,767 - INFO - ========================================
