2025-10-22 04:54:59,748 - INFO - Log file created at: /home/runner/work/potensitech.com/potensitech.com/languages/english/keywords/logs/kw_search_20251022_045459.log
2025-10-22 04:54:59,748 - INFO - ============================================================
2025-10-22 04:54:59,748 - INFO - AUTOMATIC KEYWORD RESEARCH TOOL
2025-10-22 04:54:59,748 - INFO - ============================================================
2025-10-22 04:54:59,908 - INFO - ========================================
2025-10-22 04:54:59,908 - INFO - Found 14 niches to process: xiaomi, iphone, samsung, apple, sony, asus, philips, sandisk, intel, nvidia, amd, canon, nikon, huawei
2025-10-22 04:54:59,908 - INFO - ========================================
2025-10-22 04:54:59,908 - INFO - Continuing from last processed niche: apple
2025-10-22 04:54:59,908 - INFO - ========================================
2025-10-22 04:54:59,908 - INFO - 🎯 PROCESSING NICHE 5/14: 'sony'
2025-10-22 04:54:59,909 - INFO - ========================================
2025-10-22 04:54:59,909 - INFO - 📁 Niche directory: /home/runner/work/potensitech.com/potensitech.com/languages/english/keywords/sony
2025-10-22 04:54:59,909 - INFO - Selected region: us
2025-10-22 04:54:59,909 - INFO - Selected language: en
2025-10-22 04:54:59,909 - INFO - 🎯 Current niche: sony
2025-10-22 04:55:02,255 - INFO - 🎯 Niche terms for filtering: sony, cheap, best, latest, review, price, sell, buy, recommendation, tips, tutorial, guide, how to, vs, versus, compared to, comparison, alternatives, which is better, expensive, discount, deals, sale, affordable, cost, online, offline, marketplace, store, shop, retailer, where to buy, worst, quality, original, genuine, fake, replica, authentic, brand, manufacturer, company, product, sony product, sell sony, buy sony, cheap sony, best sony, sony review, where to buy sony, how to choose sony, top sony, sony guide, sony for sale, sony deals
2025-10-22 04:55:02,255 - INFO - Generated 50 niche-clue pairs for 'sony'.
2025-10-22 04:55:02,258 - INFO - Expanded 50 seed keywords to 218 variations
2025-10-22 04:55:02,258 - INFO - 🔧 Request Handler initialized - Success rate: 100.0%
2025-10-22 04:59:27,635 - INFO - Original clue keywords: camera lens, dslr photography
2025-10-22 04:59:27,636 - INFO - Niche-focused seeds: camera lens sony, sony camera lens, camera lens cheap, cheap camera lens, camera lens best, best camera lens, camera lens latest, latest camera lens, camera lens review, review camera lens, camera lens price, price camera lens, camera lens sell, sell camera lens, camera lens buy, buy camera lens, camera lens recommendation, recommendation camera lens, camera lens tips, tips camera lens, camera lens tutorial, tutorial camera lens, camera lens guide, guide camera lens, camera lens how to, how to camera lens, camera lens vs, vs camera lens, camera lens versus, versus camera lens, camera lens compared to, compared to camera lens, camera lens comparison, comparison camera lens, camera lens alternatives, alternatives camera lens, camera lens which is better, which is better camera lens, camera lens expensive, expensive camera lens, camera lens discount, discount camera lens, camera lens deals, deals camera lens, camera lens sale, sale camera lens, camera lens affordable, affordable camera lens, camera lens cost, cost camera lens, camera lens online, online camera lens, camera lens offline, offline camera lens, camera lens marketplace, marketplace camera lens, camera lens store, store camera lens, camera lens shop, shop camera lens, camera lens retailer, retailer camera lens, camera lens where to buy, where to buy camera lens, camera lens worst, worst camera lens, camera lens quality, quality camera lens, camera lens original, original camera lens, camera lens genuine, genuine camera lens, camera lens fake, fake camera lens, camera lens replica, replica camera lens, camera lens authentic, authentic camera lens, camera lens brand, brand camera lens, camera lens manufacturer, manufacturer camera lens, camera lens company, company camera lens, camera lens product, product camera lens, camera lens sony product, sony product camera lens, camera lens sell sony, sell sony camera lens, camera lens buy sony, buy sony camera lens, camera lens cheap sony, cheap sony camera lens, camera lens best sony, best sony camera lens, camera lens sony review, sony review camera lens, camera lens where to buy sony, where to buy sony camera lens, camera lens how to choose sony, how to choose sony camera lens, camera lens top sony, top sony camera lens, camera lens sony guide, sony guide camera lens, camera lens sony for sale, sony for sale camera lens, camera lens sony deals, sony deals camera lens, dslr photography sony, sony dslr photography, dslr photography cheap, cheap dslr photography, dslr photography best, best dslr photography, dslr photography latest, latest dslr photography, dslr photography review, review dslr photography, dslr photography price, price dslr photography, dslr photography sell, sell dslr photography, dslr photography buy, buy dslr photography, dslr photography recommendation, recommendation dslr photography, dslr photography tips, tips dslr photography, dslr photography tutorial, tutorial dslr photography, dslr photography guide, guide dslr photography, dslr photography how to, how to dslr photography, dslr photography vs, vs dslr photography, dslr photography versus, versus dslr photography, dslr photography compared to, compared to dslr photography, dslr photography comparison, comparison dslr photography, dslr photography alternatives, alternatives dslr photography, dslr photography which is better, which is better dslr photography, dslr photography expensive, expensive dslr photography, dslr photography discount, discount dslr photography, dslr photography deals, deals dslr photography, dslr photography sale, sale dslr photography, dslr photography affordable, affordable dslr photography, dslr photography cost, cost dslr photography, dslr photography online, online dslr photography, dslr photography offline, offline dslr photography, dslr photography marketplace, marketplace dslr photography, dslr photography store, store dslr photography, dslr photography shop, shop dslr photography, dslr photography retailer, retailer dslr photography, dslr photography where to buy, where to buy dslr photography, dslr photography worst, worst dslr photography, dslr photography quality, quality dslr photography, dslr photography original, original dslr photography, dslr photography genuine, genuine dslr photography, dslr photography fake, fake dslr photography, dslr photography replica, replica dslr photography, dslr photography authentic, authentic dslr photography, dslr photography brand, brand dslr photography, dslr photography manufacturer, manufacturer dslr photography, dslr photography company, company dslr photography, dslr photography product, product dslr photography, dslr photography sony product, sony product dslr photography, dslr photography sell sony, sell sony dslr photography, dslr photography buy sony, buy sony dslr photography, dslr photography cheap sony, cheap sony dslr photography, dslr photography best sony, best sony dslr photography, dslr photography sony review, sony review dslr photography, dslr photography where to buy sony, where to buy sony dslr photography, dslr photography how to choose sony, how to choose sony dslr photography, dslr photography top sony, top sony dslr photography, dslr photography sony guide, sony guide dslr photography, dslr photography sony for sale, sony for sale dslr photography, dslr photography sony deals, sony deals dslr photography
2025-10-22 04:59:27,639 - INFO - Expanded 220 seed keywords to 385 variations
2025-10-22 04:59:27,639 - INFO - Language: en
2025-10-22 04:59:27,639 - INFO - Region: us
2025-10-22 05:00:00,450 - INFO - 🎯 After all filtering for 'sony': 120 relevant keywords
2025-10-22 05:00:00,719 - INFO - 🎯 Found 5 new keywords for niche 'sony': sony affordable camera lens, sony affordable dslr photography, cheap alternatives camera lens, cheap alternatives dslr photography, best authentic camera lens
2025-10-22 05:00:11,319 - INFO - ✅ Niche 'sony' process complete! 157 total keyword results.
2025-10-22 05:00:11,319 - INFO - ✅ Completed processing niche: 'sony'
2025-10-22 05:00:11,319 - INFO - 🔧 Request Handler final stats - Success rate: 100.0%
2025-10-22 05:00:11,319 - INFO -    Total requests: 29667, Blocks: 0
2025-10-22 05:00:11,320 - INFO - 
========================================
2025-10-22 05:00:11,320 - INFO - Process Summary:
2025-10-22 05:00:11,321 - INFO - - Current niche: 'sony'
2025-10-22 05:00:11,321 - INFO - - Next niche will be: 'asus'
2025-10-22 05:00:11,321 - INFO - - Keywords saved in: languages/english/keywords/sony/
2025-10-22 05:00:11,321 - INFO - ========================================
