2025-09-17 01:53:50,576 - INFO - Log file created at: /home/runner/work/potensitech.com/potensitech.com/languages/english/keywords/logs/kw_search_20250917_015350.log
2025-09-17 01:53:50,576 - INFO - ============================================================
2025-09-17 01:53:50,576 - INFO - AUTOMATIC KEYWORD RESEARCH TOOL
2025-09-17 01:53:50,576 - INFO - ============================================================
2025-09-17 01:53:50,682 - INFO - ========================================
2025-09-17 01:53:50,682 - INFO - Found 14 niches to process: xiaomi, iphone, samsung, apple, sony, asus, philips, sandisk, intel, nvidia, amd, canon, nikon, huawei
2025-09-17 01:53:50,682 - INFO - ========================================
2025-09-17 01:53:50,683 - INFO - Continuing from last processed niche: iphone
2025-09-17 01:53:50,683 - INFO - ========================================
2025-09-17 01:53:50,683 - INFO - 🎯 PROCESSING NICHE 3/14: 'samsung'
2025-09-17 01:53:50,683 - INFO - ========================================
2025-09-17 01:53:50,683 - INFO - 📁 Niche directory: /home/runner/work/potensitech.com/potensitech.com/languages/english/keywords/samsung
2025-09-17 01:53:50,683 - INFO - Selected region: us
2025-09-17 01:53:50,683 - INFO - Selected language: en
2025-09-17 01:53:50,683 - INFO - 🎯 Current niche: samsung
2025-09-17 01:54:00,426 - INFO - 🎯 Niche terms for filtering: samsung, cheap, best, latest, review, price, sell, buy, recommendation, tips, tutorial, guide, how to, vs, versus, compared to, comparison, alternatives, which is better, expensive, discount, deals, sale, affordable, cost, online, offline, marketplace, store, shop, retailer, where to buy, worst, quality, original, genuine, fake, replica, authentic, brand, manufacturer, company, product, samsung product, sell samsung, buy samsung, cheap samsung, best samsung, samsung review, where to buy samsung, how to choose samsung, top samsung, samsung guide, samsung for sale, samsung deals
2025-09-17 01:54:00,427 - INFO - Generated 50 niche-clue pairs for 'samsung'.
2025-09-17 01:54:00,432 - INFO - Expanded 50 seed keywords to 218 variations
2025-09-17 01:54:00,432 - INFO - 🔧 Request Handler initialized - Success rate: 100.0%
2025-09-17 01:58:26,947 - INFO - Original clue keywords: digital photography, lens compatibility
2025-09-17 01:58:26,948 - INFO - Niche-focused seeds: digital photography samsung, samsung digital photography, digital photography cheap, cheap digital photography, digital photography best, best digital photography, digital photography latest, latest digital photography, digital photography review, review digital photography, digital photography price, price digital photography, digital photography sell, sell digital photography, digital photography buy, buy digital photography, digital photography recommendation, recommendation digital photography, digital photography tips, tips digital photography, digital photography tutorial, tutorial digital photography, digital photography guide, guide digital photography, digital photography how to, how to digital photography, digital photography vs, vs digital photography, digital photography versus, versus digital photography, digital photography compared to, compared to digital photography, digital photography comparison, comparison digital photography, digital photography alternatives, alternatives digital photography, digital photography which is better, which is better digital photography, digital photography expensive, expensive digital photography, digital photography discount, discount digital photography, digital photography deals, deals digital photography, digital photography sale, sale digital photography, digital photography affordable, affordable digital photography, digital photography cost, cost digital photography, digital photography online, online digital photography, digital photography offline, offline digital photography, digital photography marketplace, marketplace digital photography, digital photography store, store digital photography, digital photography shop, shop digital photography, digital photography retailer, retailer digital photography, digital photography where to buy, where to buy digital photography, digital photography worst, worst digital photography, digital photography quality, quality digital photography, digital photography original, original digital photography, digital photography genuine, genuine digital photography, digital photography fake, fake digital photography, digital photography replica, replica digital photography, digital photography authentic, authentic digital photography, digital photography brand, brand digital photography, digital photography manufacturer, manufacturer digital photography, digital photography company, company digital photography, digital photography product, product digital photography, digital photography samsung product, samsung product digital photography, digital photography sell samsung, sell samsung digital photography, digital photography buy samsung, buy samsung digital photography, digital photography cheap samsung, cheap samsung digital photography, digital photography best samsung, best samsung digital photography, digital photography samsung review, samsung review digital photography, digital photography where to buy samsung, where to buy samsung digital photography, digital photography how to choose samsung, how to choose samsung digital photography, digital photography top samsung, top samsung digital photography, digital photography samsung guide, samsung guide digital photography, digital photography samsung for sale, samsung for sale digital photography, digital photography samsung deals, samsung deals digital photography, lens compatibility samsung, samsung lens compatibility, lens compatibility cheap, cheap lens compatibility, lens compatibility best, best lens compatibility, lens compatibility latest, latest lens compatibility, lens compatibility review, review lens compatibility, lens compatibility price, price lens compatibility, lens compatibility sell, sell lens compatibility, lens compatibility buy, buy lens compatibility, lens compatibility recommendation, recommendation lens compatibility, lens compatibility tips, tips lens compatibility, lens compatibility tutorial, tutorial lens compatibility, lens compatibility guide, guide lens compatibility, lens compatibility how to, how to lens compatibility, lens compatibility vs, vs lens compatibility, lens compatibility versus, versus lens compatibility, lens compatibility compared to, compared to lens compatibility, lens compatibility comparison, comparison lens compatibility, lens compatibility alternatives, alternatives lens compatibility, lens compatibility which is better, which is better lens compatibility, lens compatibility expensive, expensive lens compatibility, lens compatibility discount, discount lens compatibility, lens compatibility deals, deals lens compatibility, lens compatibility sale, sale lens compatibility, lens compatibility affordable, affordable lens compatibility, lens compatibility cost, cost lens compatibility, lens compatibility online, online lens compatibility, lens compatibility offline, offline lens compatibility, lens compatibility marketplace, marketplace lens compatibility, lens compatibility store, store lens compatibility, lens compatibility shop, shop lens compatibility, lens compatibility retailer, retailer lens compatibility, lens compatibility where to buy, where to buy lens compatibility, lens compatibility worst, worst lens compatibility, lens compatibility quality, quality lens compatibility, lens compatibility original, original lens compatibility, lens compatibility genuine, genuine lens compatibility, lens compatibility fake, fake lens compatibility, lens compatibility replica, replica lens compatibility, lens compatibility authentic, authentic lens compatibility, lens compatibility brand, brand lens compatibility, lens compatibility manufacturer, manufacturer lens compatibility, lens compatibility company, company lens compatibility, lens compatibility product, product lens compatibility, lens compatibility samsung product, samsung product lens compatibility, lens compatibility sell samsung, sell samsung lens compatibility, lens compatibility buy samsung, buy samsung lens compatibility, lens compatibility cheap samsung, cheap samsung lens compatibility, lens compatibility best samsung, best samsung lens compatibility, lens compatibility samsung review, samsung review lens compatibility, lens compatibility where to buy samsung, where to buy samsung lens compatibility, lens compatibility how to choose samsung, how to choose samsung lens compatibility, lens compatibility top samsung, top samsung lens compatibility, lens compatibility samsung guide, samsung guide lens compatibility, lens compatibility samsung for sale, samsung for sale lens compatibility, lens compatibility samsung deals, samsung deals lens compatibility
2025-09-17 01:58:26,951 - INFO - Expanded 220 seed keywords to 385 variations
2025-09-17 01:58:26,951 - INFO - Language: en
2025-09-17 01:58:26,951 - INFO - Region: us
2025-09-17 02:02:55,250 - INFO - 🎯 After all filtering for 'samsung': 120 relevant keywords
2025-09-17 02:02:55,282 - INFO - 🎯 Found 5 new keywords for niche 'samsung': samsung affordable digital photography, samsung affordable lens compatibility, cheap alternatives digital photography, cheap alternatives lens compatibility, best authentic digital photography
2025-09-17 02:03:34,210 - INFO - ✅ Niche 'samsung' process complete! 27 total keyword results.
2025-09-17 02:03:34,210 - INFO - ✅ Completed processing niche: 'samsung'
2025-09-17 02:03:34,210 - INFO - 🔧 Request Handler final stats - Success rate: 100.0%
2025-09-17 02:03:34,211 - INFO -    Total requests: 4953, Blocks: 0
2025-09-17 02:03:34,212 - INFO - 
========================================
2025-09-17 02:03:34,212 - INFO - Process Summary:
2025-09-17 02:03:34,212 - INFO - - Current niche: 'samsung'
2025-09-17 02:03:34,212 - INFO - - Next niche will be: 'apple'
2025-09-17 02:03:34,212 - INFO - - Keywords saved in: languages/english/keywords/samsung/
2025-09-17 02:03:34,212 - INFO - ========================================
