2025-11-11 19:25:45,753 - INFO - Log file created at: /home/runner/work/potensitech.com/potensitech.com/languages/english/keywords/logs/kw_search_20251111_192545.log
2025-11-11 19:25:45,753 - INFO - ============================================================
2025-11-11 19:25:45,753 - INFO - AUTOMATIC KEYWORD RESEARCH TOOL
2025-11-11 19:25:45,753 - INFO - ============================================================
2025-11-11 19:25:45,942 - INFO - ========================================
2025-11-11 19:25:45,942 - INFO - Found 14 niches to process: xiaomi, iphone, samsung, apple, sony, asus, philips, sandisk, intel, nvidia, amd, canon, nikon, huawei
2025-11-11 19:25:45,942 - INFO - ========================================
2025-11-11 19:25:45,942 - INFO - Continuing from last processed niche: amd
2025-11-11 19:25:45,942 - INFO - ========================================
2025-11-11 19:25:45,942 - INFO - 🎯 PROCESSING NICHE 12/14: 'canon'
2025-11-11 19:25:45,942 - INFO - ========================================
2025-11-11 19:25:45,943 - INFO - 📁 Niche directory: /home/runner/work/potensitech.com/potensitech.com/languages/english/keywords/canon
2025-11-11 19:25:45,943 - INFO - Selected region: us
2025-11-11 19:25:45,943 - INFO - Selected language: en
2025-11-11 19:25:45,943 - INFO - 🎯 Current niche: canon
2025-11-11 19:25:50,656 - INFO - 🎯 Niche terms for filtering: canon, cheap, best, latest, review, price, sell, buy, recommendation, tips, tutorial, guide, how to, vs, versus, compared to, comparison, alternatives, which is better, expensive, discount, deals, sale, affordable, cost, online, offline, marketplace, store, shop, retailer, where to buy, worst, quality, original, genuine, fake, replica, authentic, brand, manufacturer, company, product, canon product, sell canon, buy canon, cheap canon, best canon, canon review, where to buy canon, how to choose canon, top canon, canon guide, canon for sale, canon deals
2025-11-11 19:25:50,657 - INFO - Generated 50 niche-clue pairs for 'canon'.
2025-11-11 19:25:50,660 - INFO - Expanded 50 seed keywords to 218 variations
2025-11-11 19:25:50,660 - INFO - 🔧 Request Handler initialized - Success rate: 100.0%
2025-11-11 19:30:15,570 - INFO - Original clue keywords: full-frame sensor
2025-11-11 19:30:15,570 - INFO - Niche-focused seeds: full-frame sensor canon, canon full-frame sensor, full-frame sensor cheap, cheap full-frame sensor, full-frame sensor best, best full-frame sensor, full-frame sensor latest, latest full-frame sensor, full-frame sensor review, review full-frame sensor, full-frame sensor price, price full-frame sensor, full-frame sensor sell, sell full-frame sensor, full-frame sensor buy, buy full-frame sensor, full-frame sensor recommendation, recommendation full-frame sensor, full-frame sensor tips, tips full-frame sensor, full-frame sensor tutorial, tutorial full-frame sensor, full-frame sensor guide, guide full-frame sensor, full-frame sensor how to, how to full-frame sensor, full-frame sensor vs, vs full-frame sensor, full-frame sensor versus, versus full-frame sensor, full-frame sensor compared to, compared to full-frame sensor, full-frame sensor comparison, comparison full-frame sensor, full-frame sensor alternatives, alternatives full-frame sensor, full-frame sensor which is better, which is better full-frame sensor, full-frame sensor expensive, expensive full-frame sensor, full-frame sensor discount, discount full-frame sensor, full-frame sensor deals, deals full-frame sensor, full-frame sensor sale, sale full-frame sensor, full-frame sensor affordable, affordable full-frame sensor, full-frame sensor cost, cost full-frame sensor, full-frame sensor online, online full-frame sensor, full-frame sensor offline, offline full-frame sensor, full-frame sensor marketplace, marketplace full-frame sensor, full-frame sensor store, store full-frame sensor, full-frame sensor shop, shop full-frame sensor, full-frame sensor retailer, retailer full-frame sensor, full-frame sensor where to buy, where to buy full-frame sensor, full-frame sensor worst, worst full-frame sensor, full-frame sensor quality, quality full-frame sensor, full-frame sensor original, original full-frame sensor, full-frame sensor genuine, genuine full-frame sensor, full-frame sensor fake, fake full-frame sensor, full-frame sensor replica, replica full-frame sensor, full-frame sensor authentic, authentic full-frame sensor, full-frame sensor brand, brand full-frame sensor, full-frame sensor manufacturer, manufacturer full-frame sensor, full-frame sensor company, company full-frame sensor, full-frame sensor product, product full-frame sensor, full-frame sensor canon product, canon product full-frame sensor, full-frame sensor sell canon, sell canon full-frame sensor, full-frame sensor buy canon, buy canon full-frame sensor, full-frame sensor cheap canon, cheap canon full-frame sensor, full-frame sensor best canon, best canon full-frame sensor, full-frame sensor canon review, canon review full-frame sensor, full-frame sensor where to buy canon, where to buy canon full-frame sensor, full-frame sensor how to choose canon, how to choose canon full-frame sensor, full-frame sensor top canon, top canon full-frame sensor, full-frame sensor canon guide, canon guide full-frame sensor, full-frame sensor canon for sale, canon for sale full-frame sensor, full-frame sensor canon deals, canon deals full-frame sensor
2025-11-11 19:30:15,573 - INFO - Expanded 110 seed keywords to 275 variations
2025-11-11 19:30:15,573 - INFO - Language: en
2025-11-11 19:30:15,573 - INFO - Region: us
2025-11-11 19:34:46,549 - INFO - 🎯 After all filtering for 'canon': 120 relevant keywords
2025-11-11 19:34:47,636 - INFO - 🎯 Found 4 new keywords for niche 'canon': canon affordable full-frame sensor, cheap alternatives full-frame sensor, best authentic full-frame sensor, how to brand full-frame sensor
2025-11-11 19:34:57,807 - INFO - ✅ Niche 'canon' process complete! 208 total keyword results.
2025-11-11 19:34:57,807 - INFO - ✅ Completed processing niche: 'canon'
2025-11-11 19:34:57,807 - INFO - 🔧 Request Handler final stats - Success rate: 100.0%
2025-11-11 19:34:57,807 - INFO -    Total requests: 40631, Blocks: 0
2025-11-11 19:34:57,808 - INFO - 
========================================
2025-11-11 19:34:57,809 - INFO - Process Summary:
2025-11-11 19:34:57,809 - INFO - - Current niche: 'canon'
2025-11-11 19:34:57,809 - INFO - - Next niche will be: 'nikon'
2025-11-11 19:34:57,809 - INFO - - Keywords saved in: languages/english/keywords/canon/
2025-11-11 19:34:57,809 - INFO - ========================================
