2025-11-14 07:31:02,090 - INFO - Log file created at: /home/runner/work/potensitech.com/potensitech.com/languages/english/keywords/logs/kw_search_20251114_073102.log
2025-11-14 07:31:02,090 - INFO - ============================================================
2025-11-14 07:31:02,090 - INFO - AUTOMATIC KEYWORD RESEARCH TOOL
2025-11-14 07:31:02,090 - INFO - ============================================================
2025-11-14 07:31:02,265 - INFO - ========================================
2025-11-14 07:31:02,265 - INFO - Found 14 niches to process: xiaomi, iphone, samsung, apple, sony, asus, philips, sandisk, intel, nvidia, amd, canon, nikon, huawei
2025-11-14 07:31:02,265 - INFO - ========================================
2025-11-14 07:31:02,265 - INFO - Continuing from last processed niche: sandisk
2025-11-14 07:31:02,265 - INFO - ========================================
2025-11-14 07:31:02,265 - INFO - 🎯 PROCESSING NICHE 9/14: 'intel'
2025-11-14 07:31:02,265 - INFO - ========================================
2025-11-14 07:31:02,265 - INFO - 📁 Niche directory: /home/runner/work/potensitech.com/potensitech.com/languages/english/keywords/intel
2025-11-14 07:31:02,265 - INFO - Selected region: us
2025-11-14 07:31:02,265 - INFO - Selected language: en
2025-11-14 07:31:02,265 - INFO - 🎯 Current niche: intel
2025-11-14 07:31:07,437 - INFO - 🎯 Niche terms for filtering: intel, cheap, best, latest, review, price, sell, buy, recommendation, tips, tutorial, guide, how to, vs, versus, compared to, comparison, alternatives, which is better, expensive, discount, deals, sale, affordable, cost, online, offline, marketplace, store, shop, retailer, where to buy, worst, quality, original, genuine, fake, replica, authentic, brand, manufacturer, company, product, intel product, sell intel, buy intel, cheap intel, best intel, intel review, where to buy intel, how to choose intel, top intel, intel guide, intel for sale, intel deals
2025-11-14 07:31:07,438 - INFO - Generated 50 niche-clue pairs for 'intel'.
2025-11-14 07:31:07,440 - INFO - Expanded 50 seed keywords to 218 variations
2025-11-14 07:31:07,441 - INFO - 🔧 Request Handler initialized - Success rate: 100.0%
2025-11-14 07:35:30,328 - INFO - Original clue keywords: processor speed, processor speed
2025-11-14 07:35:30,328 - INFO - Niche-focused seeds: processor speed intel, intel processor speed, processor speed cheap, cheap processor speed, processor speed best, best processor speed, processor speed latest, latest processor speed, processor speed review, review processor speed, processor speed price, price processor speed, processor speed sell, sell processor speed, processor speed buy, buy processor speed, processor speed recommendation, recommendation processor speed, processor speed tips, tips processor speed, processor speed tutorial, tutorial processor speed, processor speed guide, guide processor speed, processor speed how to, how to processor speed, processor speed vs, vs processor speed, processor speed versus, versus processor speed, processor speed compared to, compared to processor speed, processor speed comparison, comparison processor speed, processor speed alternatives, alternatives processor speed, processor speed which is better, which is better processor speed, processor speed expensive, expensive processor speed, processor speed discount, discount processor speed, processor speed deals, deals processor speed, processor speed sale, sale processor speed, processor speed affordable, affordable processor speed, processor speed cost, cost processor speed, processor speed online, online processor speed, processor speed offline, offline processor speed, processor speed marketplace, marketplace processor speed, processor speed store, store processor speed, processor speed shop, shop processor speed, processor speed retailer, retailer processor speed, processor speed where to buy, where to buy processor speed, processor speed worst, worst processor speed, processor speed quality, quality processor speed, processor speed original, original processor speed, processor speed genuine, genuine processor speed, processor speed fake, fake processor speed, processor speed replica, replica processor speed, processor speed authentic, authentic processor speed, processor speed brand, brand processor speed, processor speed manufacturer, manufacturer processor speed, processor speed company, company processor speed, processor speed product, product processor speed, processor speed intel product, intel product processor speed, processor speed sell intel, sell intel processor speed, processor speed buy intel, buy intel processor speed, processor speed cheap intel, cheap intel processor speed, processor speed best intel, best intel processor speed, processor speed intel review, intel review processor speed, processor speed where to buy intel, where to buy intel processor speed, processor speed how to choose intel, how to choose intel processor speed, processor speed top intel, top intel processor speed, processor speed intel guide, intel guide processor speed, processor speed intel for sale, intel for sale processor speed, processor speed intel deals, intel deals processor speed
2025-11-14 07:35:30,332 - INFO - Expanded 110 seed keywords to 275 variations
2025-11-14 07:35:30,332 - INFO - Language: en
2025-11-14 07:35:30,332 - INFO - Region: us
2025-11-14 07:38:06,852 - INFO - 🎯 After all filtering for 'intel': 120 relevant keywords
2025-11-14 07:38:06,909 - INFO - 🎯 Found 1 new keywords for niche 'intel': intel affordable processor speed
2025-11-14 07:38:12,384 - INFO - ✅ Niche 'intel' process complete! 258 total keyword results.
2025-11-14 07:38:12,384 - INFO - ✅ Completed processing niche: 'intel'
2025-11-14 07:38:12,384 - INFO - 🔧 Request Handler final stats - Success rate: 100.0%
2025-11-14 07:38:12,384 - INFO -    Total requests: 42394, Blocks: 0
2025-11-14 07:38:12,385 - INFO - 
========================================
2025-11-14 07:38:12,386 - INFO - Process Summary:
2025-11-14 07:38:12,386 - INFO - - Current niche: 'intel'
2025-11-14 07:38:12,386 - INFO - - Next niche will be: 'nvidia'
2025-11-14 07:38:12,386 - INFO - - Keywords saved in: languages/english/keywords/intel/
2025-11-14 07:38:12,386 - INFO - ========================================
