2025-10-01 04:53:54,223 - INFO - Log file created at: /home/runner/work/potensitech.com/potensitech.com/languages/english/keywords/logs/kw_search_20251001_045354.log
2025-10-01 04:53:54,223 - INFO - ============================================================
2025-10-01 04:53:54,223 - INFO - AUTOMATIC KEYWORD RESEARCH TOOL
2025-10-01 04:53:54,223 - INFO - ============================================================
2025-10-01 04:53:54,367 - INFO - ========================================
2025-10-01 04:53:54,367 - INFO - Found 14 niches to process: xiaomi, iphone, samsung, apple, sony, asus, philips, sandisk, intel, nvidia, amd, canon, nikon, huawei
2025-10-01 04:53:54,367 - INFO - ========================================
2025-10-01 04:53:54,367 - INFO - Continuing from last processed niche: apple
2025-10-01 04:53:54,367 - INFO - ========================================
2025-10-01 04:53:54,367 - INFO - 🎯 PROCESSING NICHE 5/14: 'sony'
2025-10-01 04:53:54,367 - INFO - ========================================
2025-10-01 04:53:54,367 - INFO - 📁 Niche directory: /home/runner/work/potensitech.com/potensitech.com/languages/english/keywords/sony
2025-10-01 04:53:54,368 - INFO - Selected region: us
2025-10-01 04:53:54,368 - INFO - Selected language: en
2025-10-01 04:53:54,368 - INFO - 🎯 Current niche: sony
2025-10-01 04:53:56,725 - INFO - 🎯 Niche terms for filtering: sony, cheap, best, latest, review, price, sell, buy, recommendation, tips, tutorial, guide, how to, vs, versus, compared to, comparison, alternatives, which is better, expensive, discount, deals, sale, affordable, cost, online, offline, marketplace, store, shop, retailer, where to buy, worst, quality, original, genuine, fake, replica, authentic, brand, manufacturer, company, product, sony product, sell sony, buy sony, cheap sony, best sony, sony review, where to buy sony, how to choose sony, top sony, sony guide, sony for sale, sony deals
2025-10-01 04:53:56,725 - INFO - Generated 50 niche-clue pairs for 'sony'.
2025-10-01 04:53:56,728 - INFO - Expanded 50 seed keywords to 218 variations
2025-10-01 04:53:56,729 - INFO - 🔧 Request Handler initialized - Success rate: 100.0%
2025-10-01 04:58:24,103 - INFO - Original clue keywords: graphics performance, portable ssd
2025-10-01 04:58:24,103 - INFO - Niche-focused seeds: graphics performance sony, sony graphics performance, graphics performance cheap, cheap graphics performance, graphics performance best, best graphics performance, graphics performance latest, latest graphics performance, graphics performance review, review graphics performance, graphics performance price, price graphics performance, graphics performance sell, sell graphics performance, graphics performance buy, buy graphics performance, graphics performance recommendation, recommendation graphics performance, graphics performance tips, tips graphics performance, graphics performance tutorial, tutorial graphics performance, graphics performance guide, guide graphics performance, graphics performance how to, how to graphics performance, graphics performance vs, vs graphics performance, graphics performance versus, versus graphics performance, graphics performance compared to, compared to graphics performance, graphics performance comparison, comparison graphics performance, graphics performance alternatives, alternatives graphics performance, graphics performance which is better, which is better graphics performance, graphics performance expensive, expensive graphics performance, graphics performance discount, discount graphics performance, graphics performance deals, deals graphics performance, graphics performance sale, sale graphics performance, graphics performance affordable, affordable graphics performance, graphics performance cost, cost graphics performance, graphics performance online, online graphics performance, graphics performance offline, offline graphics performance, graphics performance marketplace, marketplace graphics performance, graphics performance store, store graphics performance, graphics performance shop, shop graphics performance, graphics performance retailer, retailer graphics performance, graphics performance where to buy, where to buy graphics performance, graphics performance worst, worst graphics performance, graphics performance quality, quality graphics performance, graphics performance original, original graphics performance, graphics performance genuine, genuine graphics performance, graphics performance fake, fake graphics performance, graphics performance replica, replica graphics performance, graphics performance authentic, authentic graphics performance, graphics performance brand, brand graphics performance, graphics performance manufacturer, manufacturer graphics performance, graphics performance company, company graphics performance, graphics performance product, product graphics performance, graphics performance sony product, sony product graphics performance, graphics performance sell sony, sell sony graphics performance, graphics performance buy sony, buy sony graphics performance, graphics performance cheap sony, cheap sony graphics performance, graphics performance best sony, best sony graphics performance, graphics performance sony review, sony review graphics performance, graphics performance where to buy sony, where to buy sony graphics performance, graphics performance how to choose sony, how to choose sony graphics performance, graphics performance top sony, top sony graphics performance, graphics performance sony guide, sony guide graphics performance, graphics performance sony for sale, sony for sale graphics performance, graphics performance sony deals, sony deals graphics performance, portable ssd sony, sony portable ssd, portable ssd cheap, cheap portable ssd, portable ssd best, best portable ssd, portable ssd latest, latest portable ssd, portable ssd review, review portable ssd, portable ssd price, price portable ssd, portable ssd sell, sell portable ssd, portable ssd buy, buy portable ssd, portable ssd recommendation, recommendation portable ssd, portable ssd tips, tips portable ssd, portable ssd tutorial, tutorial portable ssd, portable ssd guide, guide portable ssd, portable ssd how to, how to portable ssd, portable ssd vs, vs portable ssd, portable ssd versus, versus portable ssd, portable ssd compared to, compared to portable ssd, portable ssd comparison, comparison portable ssd, portable ssd alternatives, alternatives portable ssd, portable ssd which is better, which is better portable ssd, portable ssd expensive, expensive portable ssd, portable ssd discount, discount portable ssd, portable ssd deals, deals portable ssd, portable ssd sale, sale portable ssd, portable ssd affordable, affordable portable ssd, portable ssd cost, cost portable ssd, portable ssd online, online portable ssd, portable ssd offline, offline portable ssd, portable ssd marketplace, marketplace portable ssd, portable ssd store, store portable ssd, portable ssd shop, shop portable ssd, portable ssd retailer, retailer portable ssd, portable ssd where to buy, where to buy portable ssd, portable ssd worst, worst portable ssd, portable ssd quality, quality portable ssd, portable ssd original, original portable ssd, portable ssd genuine, genuine portable ssd, portable ssd fake, fake portable ssd, portable ssd replica, replica portable ssd, portable ssd authentic, authentic portable ssd, portable ssd brand, brand portable ssd, portable ssd manufacturer, manufacturer portable ssd, portable ssd company, company portable ssd, portable ssd product, product portable ssd, portable ssd sony product, sony product portable ssd, portable ssd sell sony, sell sony portable ssd, portable ssd buy sony, buy sony portable ssd, portable ssd cheap sony, cheap sony portable ssd, portable ssd best sony, best sony portable ssd, portable ssd sony review, sony review portable ssd, portable ssd where to buy sony, where to buy sony portable ssd, portable ssd how to choose sony, how to choose sony portable ssd, portable ssd top sony, top sony portable ssd, portable ssd sony guide, sony guide portable ssd, portable ssd sony for sale, sony for sale portable ssd, portable ssd sony deals, sony deals portable ssd
2025-10-01 04:58:24,107 - INFO - Expanded 220 seed keywords to 385 variations
2025-10-01 04:58:24,107 - INFO - Language: en
2025-10-01 04:58:24,107 - INFO - Region: us
2025-10-01 05:00:38,137 - INFO - 🎯 After all filtering for 'sony': 120 relevant keywords
2025-10-01 05:00:38,277 - INFO - 🎯 Found 5 new keywords for niche 'sony': sony affordable graphics performance, sony affordable portable ssd, cheap alternatives graphics performance, cheap alternatives portable ssd, best authentic graphics performance
2025-10-01 05:00:43,694 - INFO - ✅ Niche 'sony' process complete! 80 total keyword results.
2025-10-01 05:00:43,695 - INFO - ✅ Completed processing niche: 'sony'
2025-10-01 05:00:43,695 - INFO - 🔧 Request Handler final stats - Success rate: 100.0%
2025-10-01 05:00:43,695 - INFO -    Total requests: 16114, Blocks: 0
2025-10-01 05:00:43,696 - INFO - 
========================================
2025-10-01 05:00:43,696 - INFO - Process Summary:
2025-10-01 05:00:43,696 - INFO - - Current niche: 'sony'
2025-10-01 05:00:43,696 - INFO - - Next niche will be: 'asus'
2025-10-01 05:00:43,696 - INFO - - Keywords saved in: languages/english/keywords/sony/
2025-10-01 05:00:43,697 - INFO - ========================================
