2025-09-22 12:33:09,918 - INFO - Log file created at: /home/runner/work/potensitech.com/potensitech.com/languages/english/keywords/logs/kw_search_20250922_123309.log
2025-09-22 12:33:09,918 - INFO - ============================================================
2025-09-22 12:33:09,918 - INFO - AUTOMATIC KEYWORD RESEARCH TOOL
2025-09-22 12:33:09,918 - INFO - ============================================================
2025-09-22 12:33:10,054 - INFO - ========================================
2025-09-22 12:33:10,054 - INFO - Found 14 niches to process: xiaomi, iphone, samsung, apple, sony, asus, philips, sandisk, intel, nvidia, amd, canon, nikon, huawei
2025-09-22 12:33:10,054 - INFO - ========================================
2025-09-22 12:33:10,054 - INFO - Continuing from last processed niche: xiaomi
2025-09-22 12:33:10,054 - INFO - ========================================
2025-09-22 12:33:10,054 - INFO - 🎯 PROCESSING NICHE 2/14: 'iphone'
2025-09-22 12:33:10,054 - INFO - ========================================
2025-09-22 12:33:10,054 - INFO - 📁 Niche directory: /home/runner/work/potensitech.com/potensitech.com/languages/english/keywords/iphone
2025-09-22 12:33:10,055 - INFO - Selected region: us
2025-09-22 12:33:10,055 - INFO - Selected language: en
2025-09-22 12:33:10,055 - INFO - 🎯 Current niche: iphone
2025-09-22 12:33:14,424 - INFO - 🎯 Niche terms for filtering: iphone, cheap, best, latest, review, price, sell, buy, recommendation, tips, tutorial, guide, how to, vs, versus, compared to, comparison, alternatives, which is better, expensive, discount, deals, sale, affordable, cost, online, offline, marketplace, store, shop, retailer, where to buy, worst, quality, original, genuine, fake, replica, authentic, brand, manufacturer, company, product, iphone product, sell iphone, buy iphone, cheap iphone, best iphone, iphone review, where to buy iphone, how to choose iphone, top iphone, iphone guide, iphone for sale, iphone deals
2025-09-22 12:33:14,424 - INFO - Generated 50 niche-clue pairs for 'iphone'.
2025-09-22 12:33:14,427 - INFO - Expanded 50 seed keywords to 218 variations
2025-09-22 12:33:14,428 - INFO - 🔧 Request Handler initialized - Success rate: 100.0%
2025-09-22 12:37:40,670 - INFO - Original clue keywords: smartphone battery, smartphone camera
2025-09-22 12:37:40,670 - INFO - Niche-focused seeds: smartphone battery iphone, iphone smartphone battery, smartphone battery cheap, cheap smartphone battery, smartphone battery best, best smartphone battery, smartphone battery latest, latest smartphone battery, smartphone battery review, review smartphone battery, smartphone battery price, price smartphone battery, smartphone battery sell, sell smartphone battery, smartphone battery buy, buy smartphone battery, smartphone battery recommendation, recommendation smartphone battery, smartphone battery tips, tips smartphone battery, smartphone battery tutorial, tutorial smartphone battery, smartphone battery guide, guide smartphone battery, smartphone battery how to, how to smartphone battery, smartphone battery vs, vs smartphone battery, smartphone battery versus, versus smartphone battery, smartphone battery compared to, compared to smartphone battery, smartphone battery comparison, comparison smartphone battery, smartphone battery alternatives, alternatives smartphone battery, smartphone battery which is better, which is better smartphone battery, smartphone battery expensive, expensive smartphone battery, smartphone battery discount, discount smartphone battery, smartphone battery deals, deals smartphone battery, smartphone battery sale, sale smartphone battery, smartphone battery affordable, affordable smartphone battery, smartphone battery cost, cost smartphone battery, smartphone battery online, online smartphone battery, smartphone battery offline, offline smartphone battery, smartphone battery marketplace, marketplace smartphone battery, smartphone battery store, store smartphone battery, smartphone battery shop, shop smartphone battery, smartphone battery retailer, retailer smartphone battery, smartphone battery where to buy, where to buy smartphone battery, smartphone battery worst, worst smartphone battery, smartphone battery quality, quality smartphone battery, smartphone battery original, original smartphone battery, smartphone battery genuine, genuine smartphone battery, smartphone battery fake, fake smartphone battery, smartphone battery replica, replica smartphone battery, smartphone battery authentic, authentic smartphone battery, smartphone battery brand, brand smartphone battery, smartphone battery manufacturer, manufacturer smartphone battery, smartphone battery company, company smartphone battery, smartphone battery product, product smartphone battery, smartphone battery iphone product, iphone product smartphone battery, smartphone battery sell iphone, sell iphone smartphone battery, smartphone battery buy iphone, buy iphone smartphone battery, smartphone battery cheap iphone, cheap iphone smartphone battery, smartphone battery best iphone, best iphone smartphone battery, smartphone battery iphone review, iphone review smartphone battery, smartphone battery where to buy iphone, where to buy iphone smartphone battery, smartphone battery how to choose iphone, how to choose iphone smartphone battery, smartphone battery top iphone, top iphone smartphone battery, smartphone battery iphone guide, iphone guide smartphone battery, smartphone battery iphone for sale, iphone for sale smartphone battery, smartphone battery iphone deals, iphone deals smartphone battery, smartphone camera iphone, iphone smartphone camera, smartphone camera cheap, cheap smartphone camera, smartphone camera best, best smartphone camera, smartphone camera latest, latest smartphone camera, smartphone camera review, review smartphone camera, smartphone camera price, price smartphone camera, smartphone camera sell, sell smartphone camera, smartphone camera buy, buy smartphone camera, smartphone camera recommendation, recommendation smartphone camera, smartphone camera tips, tips smartphone camera, smartphone camera tutorial, tutorial smartphone camera, smartphone camera guide, guide smartphone camera, smartphone camera how to, how to smartphone camera, smartphone camera vs, vs smartphone camera, smartphone camera versus, versus smartphone camera, smartphone camera compared to, compared to smartphone camera, smartphone camera comparison, comparison smartphone camera, smartphone camera alternatives, alternatives smartphone camera, smartphone camera which is better, which is better smartphone camera, smartphone camera expensive, expensive smartphone camera, smartphone camera discount, discount smartphone camera, smartphone camera deals, deals smartphone camera, smartphone camera sale, sale smartphone camera, smartphone camera affordable, affordable smartphone camera, smartphone camera cost, cost smartphone camera, smartphone camera online, online smartphone camera, smartphone camera offline, offline smartphone camera, smartphone camera marketplace, marketplace smartphone camera, smartphone camera store, store smartphone camera, smartphone camera shop, shop smartphone camera, smartphone camera retailer, retailer smartphone camera, smartphone camera where to buy, where to buy smartphone camera, smartphone camera worst, worst smartphone camera, smartphone camera quality, quality smartphone camera, smartphone camera original, original smartphone camera, smartphone camera genuine, genuine smartphone camera, smartphone camera fake, fake smartphone camera, smartphone camera replica, replica smartphone camera, smartphone camera authentic, authentic smartphone camera, smartphone camera brand, brand smartphone camera, smartphone camera manufacturer, manufacturer smartphone camera, smartphone camera company, company smartphone camera, smartphone camera product, product smartphone camera, smartphone camera iphone product, iphone product smartphone camera, smartphone camera sell iphone, sell iphone smartphone camera, smartphone camera buy iphone, buy iphone smartphone camera, smartphone camera cheap iphone, cheap iphone smartphone camera, smartphone camera best iphone, best iphone smartphone camera, smartphone camera iphone review, iphone review smartphone camera, smartphone camera where to buy iphone, where to buy iphone smartphone camera, smartphone camera how to choose iphone, how to choose iphone smartphone camera, smartphone camera top iphone, top iphone smartphone camera, smartphone camera iphone guide, iphone guide smartphone camera, smartphone camera iphone for sale, iphone for sale smartphone camera, smartphone camera iphone deals, iphone deals smartphone camera
2025-09-22 12:37:40,673 - INFO - Expanded 220 seed keywords to 385 variations
2025-09-22 12:37:40,674 - INFO - Language: en
2025-09-22 12:37:40,674 - INFO - Region: us
2025-09-22 12:42:13,524 - INFO - 🎯 After all filtering for 'iphone': 120 relevant keywords
2025-09-22 12:42:13,626 - INFO - 🎯 Found 5 new keywords for niche 'iphone': iphone affordable smartphone battery, cheap affordable smartphone camera, cheap alternatives smartphone battery, iphone alternatives smartphone camera, best authentic smartphone battery
2025-09-22 12:42:20,659 - INFO - ✅ Niche 'iphone' process complete! 63 total keyword results.
2025-09-22 12:42:20,659 - INFO - ✅ Completed processing niche: 'iphone'
2025-09-22 12:42:20,659 - INFO - 🔧 Request Handler final stats - Success rate: 100.0%
2025-09-22 12:42:20,659 - INFO -    Total requests: 9746, Blocks: 0
2025-09-22 12:42:20,660 - INFO - 
========================================
2025-09-22 12:42:20,660 - INFO - Process Summary:
2025-09-22 12:42:20,661 - INFO - - Current niche: 'iphone'
2025-09-22 12:42:20,661 - INFO - - Next niche will be: 'samsung'
2025-09-22 12:42:20,661 - INFO - - Keywords saved in: languages/english/keywords/iphone/
2025-09-22 12:42:20,661 - INFO - ========================================
