2025-11-11 12:34:55,606 - INFO - Log file created at: /home/runner/work/potensitech.com/potensitech.com/languages/english/keywords/logs/kw_search_20251111_123455.log
2025-11-11 12:34:55,606 - INFO - ============================================================
2025-11-11 12:34:55,606 - INFO - AUTOMATIC KEYWORD RESEARCH TOOL
2025-11-11 12:34:55,606 - INFO - ============================================================
2025-11-11 12:34:55,792 - INFO - ========================================
2025-11-11 12:34:55,792 - INFO - Found 14 niches to process: xiaomi, iphone, samsung, apple, sony, asus, philips, sandisk, intel, nvidia, amd, canon, nikon, huawei
2025-11-11 12:34:55,792 - INFO - ========================================
2025-11-11 12:34:55,792 - INFO - Continuing from last processed niche: sandisk
2025-11-11 12:34:55,792 - INFO - ========================================
2025-11-11 12:34:55,792 - INFO - 🎯 PROCESSING NICHE 9/14: 'intel'
2025-11-11 12:34:55,792 - INFO - ========================================
2025-11-11 12:34:55,792 - INFO - 📁 Niche directory: /home/runner/work/potensitech.com/potensitech.com/languages/english/keywords/intel
2025-11-11 12:34:55,793 - INFO - Selected region: us
2025-11-11 12:34:55,793 - INFO - Selected language: en
2025-11-11 12:34:55,793 - INFO - 🎯 Current niche: intel
2025-11-11 12:35:00,144 - INFO - 🎯 Niche terms for filtering: intel, cheap, best, latest, review, price, sell, buy, recommendation, tips, tutorial, guide, how to, vs, versus, compared to, comparison, alternatives, which is better, expensive, discount, deals, sale, affordable, cost, online, offline, marketplace, store, shop, retailer, where to buy, worst, quality, original, genuine, fake, replica, authentic, brand, manufacturer, company, product, intel product, sell intel, buy intel, cheap intel, best intel, intel review, where to buy intel, how to choose intel, top intel, intel guide, intel for sale, intel deals
2025-11-11 12:35:00,145 - INFO - Generated 50 niche-clue pairs for 'intel'.
2025-11-11 12:35:00,148 - INFO - Expanded 50 seed keywords to 218 variations
2025-11-11 12:35:00,148 - INFO - 🔧 Request Handler initialized - Success rate: 100.0%
2025-11-11 12:39:24,816 - INFO - Original clue keywords: processor performance, core efficiency
2025-11-11 12:39:24,816 - INFO - Niche-focused seeds: processor performance intel, intel processor performance, processor performance cheap, cheap processor performance, processor performance best, best processor performance, processor performance latest, latest processor performance, processor performance review, review processor performance, processor performance price, price processor performance, processor performance sell, sell processor performance, processor performance buy, buy processor performance, processor performance recommendation, recommendation processor performance, processor performance tips, tips processor performance, processor performance tutorial, tutorial processor performance, processor performance guide, guide processor performance, processor performance how to, how to processor performance, processor performance vs, vs processor performance, processor performance versus, versus processor performance, processor performance compared to, compared to processor performance, processor performance comparison, comparison processor performance, processor performance alternatives, alternatives processor performance, processor performance which is better, which is better processor performance, processor performance expensive, expensive processor performance, processor performance discount, discount processor performance, processor performance deals, deals processor performance, processor performance sale, sale processor performance, processor performance affordable, affordable processor performance, processor performance cost, cost processor performance, processor performance online, online processor performance, processor performance offline, offline processor performance, processor performance marketplace, marketplace processor performance, processor performance store, store processor performance, processor performance shop, shop processor performance, processor performance retailer, retailer processor performance, processor performance where to buy, where to buy processor performance, processor performance worst, worst processor performance, processor performance quality, quality processor performance, processor performance original, original processor performance, processor performance genuine, genuine processor performance, processor performance fake, fake processor performance, processor performance replica, replica processor performance, processor performance authentic, authentic processor performance, processor performance brand, brand processor performance, processor performance manufacturer, manufacturer processor performance, processor performance company, company processor performance, processor performance product, product processor performance, processor performance intel product, intel product processor performance, processor performance sell intel, sell intel processor performance, processor performance buy intel, buy intel processor performance, processor performance cheap intel, cheap intel processor performance, processor performance best intel, best intel processor performance, processor performance intel review, intel review processor performance, processor performance where to buy intel, where to buy intel processor performance, processor performance how to choose intel, how to choose intel processor performance, processor performance top intel, top intel processor performance, processor performance intel guide, intel guide processor performance, processor performance intel for sale, intel for sale processor performance, processor performance intel deals, intel deals processor performance, core efficiency intel, intel core efficiency, core efficiency cheap, cheap core efficiency, core efficiency best, best core efficiency, core efficiency latest, latest core efficiency, core efficiency review, review core efficiency, core efficiency price, price core efficiency, core efficiency sell, sell core efficiency, core efficiency buy, buy core efficiency, core efficiency recommendation, recommendation core efficiency, core efficiency tips, tips core efficiency, core efficiency tutorial, tutorial core efficiency, core efficiency guide, guide core efficiency, core efficiency how to, how to core efficiency, core efficiency vs, vs core efficiency, core efficiency versus, versus core efficiency, core efficiency compared to, compared to core efficiency, core efficiency comparison, comparison core efficiency, core efficiency alternatives, alternatives core efficiency, core efficiency which is better, which is better core efficiency, core efficiency expensive, expensive core efficiency, core efficiency discount, discount core efficiency, core efficiency deals, deals core efficiency, core efficiency sale, sale core efficiency, core efficiency affordable, affordable core efficiency, core efficiency cost, cost core efficiency, core efficiency online, online core efficiency, core efficiency offline, offline core efficiency, core efficiency marketplace, marketplace core efficiency, core efficiency store, store core efficiency, core efficiency shop, shop core efficiency, core efficiency retailer, retailer core efficiency, core efficiency where to buy, where to buy core efficiency, core efficiency worst, worst core efficiency, core efficiency quality, quality core efficiency, core efficiency original, original core efficiency, core efficiency genuine, genuine core efficiency, core efficiency fake, fake core efficiency, core efficiency replica, replica core efficiency, core efficiency authentic, authentic core efficiency, core efficiency brand, brand core efficiency, core efficiency manufacturer, manufacturer core efficiency, core efficiency company, company core efficiency, core efficiency product, product core efficiency, core efficiency intel product, intel product core efficiency, core efficiency sell intel, sell intel core efficiency, core efficiency buy intel, buy intel core efficiency, core efficiency cheap intel, cheap intel core efficiency, core efficiency best intel, best intel core efficiency, core efficiency intel review, intel review core efficiency, core efficiency where to buy intel, where to buy intel core efficiency, core efficiency how to choose intel, how to choose intel core efficiency, core efficiency top intel, top intel core efficiency, core efficiency intel guide, intel guide core efficiency, core efficiency intel for sale, intel for sale core efficiency, core efficiency intel deals, intel deals core efficiency
2025-11-11 12:39:24,819 - INFO - Expanded 220 seed keywords to 385 variations
2025-11-11 12:39:24,819 - INFO - Language: en
2025-11-11 12:39:24,819 - INFO - Region: us
2025-11-11 12:40:11,532 - INFO - 🎯 After all filtering for 'intel': 120 relevant keywords
2025-11-11 12:40:12,342 - INFO - 🎯 Found 2 new keywords for niche 'intel': intel affordable core efficiency, intel affordable processor performance
2025-11-11 12:40:24,549 - INFO - ✅ Niche 'intel' process complete! 251 total keyword results.
2025-11-11 12:40:24,549 - INFO - ✅ Completed processing niche: 'intel'
2025-11-11 12:40:24,549 - INFO - 🔧 Request Handler final stats - Success rate: 100.0%
2025-11-11 12:40:24,549 - INFO -    Total requests: 40451, Blocks: 0
2025-11-11 12:40:24,550 - INFO - 
========================================
2025-11-11 12:40:24,551 - INFO - Process Summary:
2025-11-11 12:40:24,551 - INFO - - Current niche: 'intel'
2025-11-11 12:40:24,551 - INFO - - Next niche will be: 'nvidia'
2025-11-11 12:40:24,551 - INFO - - Keywords saved in: languages/english/keywords/intel/
2025-11-11 12:40:24,551 - INFO - ========================================
