2025-09-28 14:30:04,704 - INFO - Log file created at: /home/runner/work/potensitech.com/potensitech.com/languages/english/keywords/logs/kw_search_20250928_143004.log
2025-09-28 14:30:04,704 - INFO - ============================================================
2025-09-28 14:30:04,704 - INFO - AUTOMATIC KEYWORD RESEARCH TOOL
2025-09-28 14:30:04,704 - INFO - ============================================================
2025-09-28 14:30:04,845 - INFO - ========================================
2025-09-28 14:30:04,845 - INFO - Found 14 niches to process: xiaomi, iphone, samsung, apple, sony, asus, philips, sandisk, intel, nvidia, amd, canon, nikon, huawei
2025-09-28 14:30:04,845 - INFO - ========================================
2025-09-28 14:30:04,845 - INFO - Continuing from last processed niche: asus
2025-09-28 14:30:04,845 - INFO - ========================================
2025-09-28 14:30:04,845 - INFO - 🎯 PROCESSING NICHE 7/14: 'philips'
2025-09-28 14:30:04,845 - INFO - ========================================
2025-09-28 14:30:04,845 - INFO - 📁 Niche directory: /home/runner/work/potensitech.com/potensitech.com/languages/english/keywords/philips
2025-09-28 14:30:04,845 - INFO - Selected region: us
2025-09-28 14:30:04,846 - INFO - Selected language: en
2025-09-28 14:30:04,846 - INFO - 🎯 Current niche: philips
2025-09-28 14:30:07,963 - INFO - 🎯 Niche terms for filtering: philips, cheap, best, latest, review, price, sell, buy, recommendation, tips, tutorial, guide, how to, vs, versus, compared to, comparison, alternatives, which is better, expensive, discount, deals, sale, affordable, cost, online, offline, marketplace, store, shop, retailer, where to buy, worst, quality, original, genuine, fake, replica, authentic, brand, manufacturer, company, product, philips product, sell philips, buy philips, cheap philips, best philips, philips review, where to buy philips, how to choose philips, top philips, philips guide, philips for sale, philips deals
2025-09-28 14:30:07,963 - INFO - Generated 50 niche-clue pairs for 'philips'.
2025-09-28 14:30:07,966 - INFO - Expanded 50 seed keywords to 218 variations
2025-09-28 14:30:07,966 - INFO - 🔧 Request Handler initialized - Success rate: 100.0%
2025-09-28 14:34:32,980 - INFO - Original clue keywords: graphics performance, processor efficiency
2025-09-28 14:34:32,980 - INFO - Niche-focused seeds: graphics performance philips, philips graphics performance, graphics performance cheap, cheap graphics performance, graphics performance best, best graphics performance, graphics performance latest, latest graphics performance, graphics performance review, review graphics performance, graphics performance price, price graphics performance, graphics performance sell, sell graphics performance, graphics performance buy, buy graphics performance, graphics performance recommendation, recommendation graphics performance, graphics performance tips, tips graphics performance, graphics performance tutorial, tutorial graphics performance, graphics performance guide, guide graphics performance, graphics performance how to, how to graphics performance, graphics performance vs, vs graphics performance, graphics performance versus, versus graphics performance, graphics performance compared to, compared to graphics performance, graphics performance comparison, comparison graphics performance, graphics performance alternatives, alternatives graphics performance, graphics performance which is better, which is better graphics performance, graphics performance expensive, expensive graphics performance, graphics performance discount, discount graphics performance, graphics performance deals, deals graphics performance, graphics performance sale, sale graphics performance, graphics performance affordable, affordable graphics performance, graphics performance cost, cost graphics performance, graphics performance online, online graphics performance, graphics performance offline, offline graphics performance, graphics performance marketplace, marketplace graphics performance, graphics performance store, store graphics performance, graphics performance shop, shop graphics performance, graphics performance retailer, retailer graphics performance, graphics performance where to buy, where to buy graphics performance, graphics performance worst, worst graphics performance, graphics performance quality, quality graphics performance, graphics performance original, original graphics performance, graphics performance genuine, genuine graphics performance, graphics performance fake, fake graphics performance, graphics performance replica, replica graphics performance, graphics performance authentic, authentic graphics performance, graphics performance brand, brand graphics performance, graphics performance manufacturer, manufacturer graphics performance, graphics performance company, company graphics performance, graphics performance product, product graphics performance, graphics performance philips product, philips product graphics performance, graphics performance sell philips, sell philips graphics performance, graphics performance buy philips, buy philips graphics performance, graphics performance cheap philips, cheap philips graphics performance, graphics performance best philips, best philips graphics performance, graphics performance philips review, philips review graphics performance, graphics performance where to buy philips, where to buy philips graphics performance, graphics performance how to choose philips, how to choose philips graphics performance, graphics performance top philips, top philips graphics performance, graphics performance philips guide, philips guide graphics performance, graphics performance philips for sale, philips for sale graphics performance, graphics performance philips deals, philips deals graphics performance, processor efficiency philips, philips processor efficiency, processor efficiency cheap, cheap processor efficiency, processor efficiency best, best processor efficiency, processor efficiency latest, latest processor efficiency, processor efficiency review, review processor efficiency, processor efficiency price, price processor efficiency, processor efficiency sell, sell processor efficiency, processor efficiency buy, buy processor efficiency, processor efficiency recommendation, recommendation processor efficiency, processor efficiency tips, tips processor efficiency, processor efficiency tutorial, tutorial processor efficiency, processor efficiency guide, guide processor efficiency, processor efficiency how to, how to processor efficiency, processor efficiency vs, vs processor efficiency, processor efficiency versus, versus processor efficiency, processor efficiency compared to, compared to processor efficiency, processor efficiency comparison, comparison processor efficiency, processor efficiency alternatives, alternatives processor efficiency, processor efficiency which is better, which is better processor efficiency, processor efficiency expensive, expensive processor efficiency, processor efficiency discount, discount processor efficiency, processor efficiency deals, deals processor efficiency, processor efficiency sale, sale processor efficiency, processor efficiency affordable, affordable processor efficiency, processor efficiency cost, cost processor efficiency, processor efficiency online, online processor efficiency, processor efficiency offline, offline processor efficiency, processor efficiency marketplace, marketplace processor efficiency, processor efficiency store, store processor efficiency, processor efficiency shop, shop processor efficiency, processor efficiency retailer, retailer processor efficiency, processor efficiency where to buy, where to buy processor efficiency, processor efficiency worst, worst processor efficiency, processor efficiency quality, quality processor efficiency, processor efficiency original, original processor efficiency, processor efficiency genuine, genuine processor efficiency, processor efficiency fake, fake processor efficiency, processor efficiency replica, replica processor efficiency, processor efficiency authentic, authentic processor efficiency, processor efficiency brand, brand processor efficiency, processor efficiency manufacturer, manufacturer processor efficiency, processor efficiency company, company processor efficiency, processor efficiency product, product processor efficiency, processor efficiency philips product, philips product processor efficiency, processor efficiency sell philips, sell philips processor efficiency, processor efficiency buy philips, buy philips processor efficiency, processor efficiency cheap philips, cheap philips processor efficiency, processor efficiency best philips, best philips processor efficiency, processor efficiency philips review, philips review processor efficiency, processor efficiency where to buy philips, where to buy philips processor efficiency, processor efficiency how to choose philips, how to choose philips processor efficiency, processor efficiency top philips, top philips processor efficiency, processor efficiency philips guide, philips guide processor efficiency, processor efficiency philips for sale, philips for sale processor efficiency, processor efficiency philips deals, philips deals processor efficiency
2025-09-28 14:34:32,983 - INFO - Expanded 220 seed keywords to 385 variations
2025-09-28 14:34:32,983 - INFO - Language: en
2025-09-28 14:34:32,983 - INFO - Region: us
2025-09-28 14:39:05,190 - INFO - 🎯 After all filtering for 'philips': 120 relevant keywords
2025-09-28 14:39:05,330 - INFO - 🎯 Found 5 new keywords for niche 'philips': philips affordable graphics performance, philips affordable processor efficiency, cheap alternatives graphics performance, cheap alternatives processor efficiency, best authentic graphics performance
2025-09-28 14:39:12,381 - INFO - ✅ Niche 'philips' process complete! 74 total keyword results.
2025-09-28 14:39:12,381 - INFO - ✅ Completed processing niche: 'philips'
2025-09-28 14:39:12,381 - INFO - 🔧 Request Handler final stats - Success rate: 100.0%
2025-09-28 14:39:12,381 - INFO -    Total requests: 14349, Blocks: 0
2025-09-28 14:39:12,382 - INFO - 
========================================
2025-09-28 14:39:12,382 - INFO - Process Summary:
2025-09-28 14:39:12,383 - INFO - - Current niche: 'philips'
2025-09-28 14:39:12,383 - INFO - - Next niche will be: 'sandisk'
2025-09-28 14:39:12,383 - INFO - - Keywords saved in: languages/english/keywords/philips/
2025-09-28 14:39:12,383 - INFO - ========================================
