2025-10-11 09:39:48,749 - INFO - Log file created at: /home/runner/work/potensitech.com/potensitech.com/languages/english/keywords/logs/kw_search_20251011_093948.log
2025-10-11 09:39:48,749 - INFO - ============================================================
2025-10-11 09:39:48,749 - INFO - AUTOMATIC KEYWORD RESEARCH TOOL
2025-10-11 09:39:48,749 - INFO - ============================================================
2025-10-11 09:39:48,902 - INFO - ========================================
2025-10-11 09:39:48,902 - INFO - Found 14 niches to process: xiaomi, iphone, samsung, apple, sony, asus, philips, sandisk, intel, nvidia, amd, canon, nikon, huawei
2025-10-11 09:39:48,902 - INFO - ========================================
2025-10-11 09:39:48,902 - INFO - Continuing from last processed niche: sandisk
2025-10-11 09:39:48,902 - INFO - ========================================
2025-10-11 09:39:48,902 - INFO - 🎯 PROCESSING NICHE 9/14: 'intel'
2025-10-11 09:39:48,902 - INFO - ========================================
2025-10-11 09:39:48,902 - INFO - 📁 Niche directory: /home/runner/work/potensitech.com/potensitech.com/languages/english/keywords/intel
2025-10-11 09:39:48,902 - INFO - Selected region: us
2025-10-11 09:39:48,902 - INFO - Selected language: en
2025-10-11 09:39:48,902 - INFO - 🎯 Current niche: intel
2025-10-11 09:39:52,197 - INFO - 🎯 Niche terms for filtering: intel, cheap, best, latest, review, price, sell, buy, recommendation, tips, tutorial, guide, how to, vs, versus, compared to, comparison, alternatives, which is better, expensive, discount, deals, sale, affordable, cost, online, offline, marketplace, store, shop, retailer, where to buy, worst, quality, original, genuine, fake, replica, authentic, brand, manufacturer, company, product, intel product, sell intel, buy intel, cheap intel, best intel, intel review, where to buy intel, how to choose intel, top intel, intel guide, intel for sale, intel deals
2025-10-11 09:39:52,197 - INFO - Generated 50 niche-clue pairs for 'intel'.
2025-10-11 09:39:52,200 - INFO - Expanded 50 seed keywords to 218 variations
2025-10-11 09:39:52,201 - INFO - 🔧 Request Handler initialized - Success rate: 100.0%
2025-10-11 09:44:15,822 - INFO - Original clue keywords: flash drive, portable storage
2025-10-11 09:44:15,822 - INFO - Niche-focused seeds: flash drive intel, intel flash drive, flash drive cheap, cheap flash drive, flash drive best, best flash drive, flash drive latest, latest flash drive, flash drive review, review flash drive, flash drive price, price flash drive, flash drive sell, sell flash drive, flash drive buy, buy flash drive, flash drive recommendation, recommendation flash drive, flash drive tips, tips flash drive, flash drive tutorial, tutorial flash drive, flash drive guide, guide flash drive, flash drive how to, how to flash drive, flash drive vs, vs flash drive, flash drive versus, versus flash drive, flash drive compared to, compared to flash drive, flash drive comparison, comparison flash drive, flash drive alternatives, alternatives flash drive, flash drive which is better, which is better flash drive, flash drive expensive, expensive flash drive, flash drive discount, discount flash drive, flash drive deals, deals flash drive, flash drive sale, sale flash drive, flash drive affordable, affordable flash drive, flash drive cost, cost flash drive, flash drive online, online flash drive, flash drive offline, offline flash drive, flash drive marketplace, marketplace flash drive, flash drive store, store flash drive, flash drive shop, shop flash drive, flash drive retailer, retailer flash drive, flash drive where to buy, where to buy flash drive, flash drive worst, worst flash drive, flash drive quality, quality flash drive, flash drive original, original flash drive, flash drive genuine, genuine flash drive, flash drive fake, fake flash drive, flash drive replica, replica flash drive, flash drive authentic, authentic flash drive, flash drive brand, brand flash drive, flash drive manufacturer, manufacturer flash drive, flash drive company, company flash drive, flash drive product, product flash drive, flash drive intel product, intel product flash drive, flash drive sell intel, sell intel flash drive, flash drive buy intel, buy intel flash drive, flash drive cheap intel, cheap intel flash drive, flash drive best intel, best intel flash drive, flash drive intel review, intel review flash drive, flash drive where to buy intel, where to buy intel flash drive, flash drive how to choose intel, how to choose intel flash drive, flash drive top intel, top intel flash drive, flash drive intel guide, intel guide flash drive, flash drive intel for sale, intel for sale flash drive, flash drive intel deals, intel deals flash drive, portable storage intel, intel portable storage, portable storage cheap, cheap portable storage, portable storage best, best portable storage, portable storage latest, latest portable storage, portable storage review, review portable storage, portable storage price, price portable storage, portable storage sell, sell portable storage, portable storage buy, buy portable storage, portable storage recommendation, recommendation portable storage, portable storage tips, tips portable storage, portable storage tutorial, tutorial portable storage, portable storage guide, guide portable storage, portable storage how to, how to portable storage, portable storage vs, vs portable storage, portable storage versus, versus portable storage, portable storage compared to, compared to portable storage, portable storage comparison, comparison portable storage, portable storage alternatives, alternatives portable storage, portable storage which is better, which is better portable storage, portable storage expensive, expensive portable storage, portable storage discount, discount portable storage, portable storage deals, deals portable storage, portable storage sale, sale portable storage, portable storage affordable, affordable portable storage, portable storage cost, cost portable storage, portable storage online, online portable storage, portable storage offline, offline portable storage, portable storage marketplace, marketplace portable storage, portable storage store, store portable storage, portable storage shop, shop portable storage, portable storage retailer, retailer portable storage, portable storage where to buy, where to buy portable storage, portable storage worst, worst portable storage, portable storage quality, quality portable storage, portable storage original, original portable storage, portable storage genuine, genuine portable storage, portable storage fake, fake portable storage, portable storage replica, replica portable storage, portable storage authentic, authentic portable storage, portable storage brand, brand portable storage, portable storage manufacturer, manufacturer portable storage, portable storage company, company portable storage, portable storage product, product portable storage, portable storage intel product, intel product portable storage, portable storage sell intel, sell intel portable storage, portable storage buy intel, buy intel portable storage, portable storage cheap intel, cheap intel portable storage, portable storage best intel, best intel portable storage, portable storage intel review, intel review portable storage, portable storage where to buy intel, where to buy intel portable storage, portable storage how to choose intel, how to choose intel portable storage, portable storage top intel, top intel portable storage, portable storage intel guide, intel guide portable storage, portable storage intel for sale, intel for sale portable storage, portable storage intel deals, intel deals portable storage
2025-10-11 09:44:15,825 - INFO - Expanded 220 seed keywords to 385 variations
2025-10-11 09:44:15,825 - INFO - Language: en
2025-10-11 09:44:15,826 - INFO - Region: us
2025-10-11 09:46:25,022 - INFO - 🎯 After all filtering for 'intel': 120 relevant keywords
2025-10-11 09:46:25,346 - INFO - 🎯 Found 5 new keywords for niche 'intel': intel affordable flash drive, intel affordable portable storage, cheap alternatives flash drive, best authentic flash drive, how to brand flash drive
2025-10-11 09:46:34,010 - INFO - ✅ Niche 'intel' process complete! 123 total keyword results.
2025-10-11 09:46:34,011 - INFO - ✅ Completed processing niche: 'intel'
2025-10-11 09:46:34,011 - INFO - 🔧 Request Handler final stats - Success rate: 100.0%
2025-10-11 09:46:34,011 - INFO -    Total requests: 23701, Blocks: 0
2025-10-11 09:46:34,012 - INFO - 
========================================
2025-10-11 09:46:34,012 - INFO - Process Summary:
2025-10-11 09:46:34,012 - INFO - - Current niche: 'intel'
2025-10-11 09:46:34,012 - INFO - - Next niche will be: 'nvidia'
2025-10-11 09:46:34,012 - INFO - - Keywords saved in: languages/english/keywords/intel/
2025-10-11 09:46:34,013 - INFO - ========================================
