2025-10-05 09:40:10,082 - INFO - Log file created at: /home/runner/work/potensitech.com/potensitech.com/languages/english/keywords/logs/kw_search_20251005_094010.log
2025-10-05 09:40:10,082 - INFO - ============================================================
2025-10-05 09:40:10,082 - INFO - AUTOMATIC KEYWORD RESEARCH TOOL
2025-10-05 09:40:10,082 - INFO - ============================================================
2025-10-05 09:40:10,224 - INFO - ========================================
2025-10-05 09:40:10,224 - INFO - Found 14 niches to process: xiaomi, iphone, samsung, apple, sony, asus, philips, sandisk, intel, nvidia, amd, canon, nikon, huawei
2025-10-05 09:40:10,224 - INFO - ========================================
2025-10-05 09:40:10,224 - INFO - Continuing from last processed niche: apple
2025-10-05 09:40:10,224 - INFO - ========================================
2025-10-05 09:40:10,224 - INFO - 🎯 PROCESSING NICHE 5/14: 'sony'
2025-10-05 09:40:10,224 - INFO - ========================================
2025-10-05 09:40:10,224 - INFO - 📁 Niche directory: /home/runner/work/potensitech.com/potensitech.com/languages/english/keywords/sony
2025-10-05 09:40:10,225 - INFO - Selected region: us
2025-10-05 09:40:10,225 - INFO - Selected language: en
2025-10-05 09:40:10,225 - INFO - 🎯 Current niche: sony
2025-10-05 09:40:12,626 - INFO - 🎯 Niche terms for filtering: sony, cheap, best, latest, review, price, sell, buy, recommendation, tips, tutorial, guide, how to, vs, versus, compared to, comparison, alternatives, which is better, expensive, discount, deals, sale, affordable, cost, online, offline, marketplace, store, shop, retailer, where to buy, worst, quality, original, genuine, fake, replica, authentic, brand, manufacturer, company, product, sony product, sell sony, buy sony, cheap sony, best sony, sony review, where to buy sony, how to choose sony, top sony, sony guide, sony for sale, sony deals
2025-10-05 09:40:12,626 - INFO - Generated 50 niche-clue pairs for 'sony'.
2025-10-05 09:40:12,629 - INFO - Expanded 50 seed keywords to 218 variations
2025-10-05 09:40:12,630 - INFO - 🔧 Request Handler initialized - Success rate: 100.0%
2025-10-05 09:44:35,804 - INFO - Original clue keywords: dslr quality, processor performance
2025-10-05 09:44:35,804 - INFO - Niche-focused seeds: dslr quality, processor performance sony, sony processor performance, processor performance cheap, cheap processor performance, processor performance best, best processor performance, processor performance latest, latest processor performance, processor performance review, review processor performance, processor performance price, price processor performance, processor performance sell, sell processor performance, processor performance buy, buy processor performance, processor performance recommendation, recommendation processor performance, processor performance tips, tips processor performance, processor performance tutorial, tutorial processor performance, processor performance guide, guide processor performance, processor performance how to, how to processor performance, processor performance vs, vs processor performance, processor performance versus, versus processor performance, processor performance compared to, compared to processor performance, processor performance comparison, comparison processor performance, processor performance alternatives, alternatives processor performance, processor performance which is better, which is better processor performance, processor performance expensive, expensive processor performance, processor performance discount, discount processor performance, processor performance deals, deals processor performance, processor performance sale, sale processor performance, processor performance affordable, affordable processor performance, processor performance cost, cost processor performance, processor performance online, online processor performance, processor performance offline, offline processor performance, processor performance marketplace, marketplace processor performance, processor performance store, store processor performance, processor performance shop, shop processor performance, processor performance retailer, retailer processor performance, processor performance where to buy, where to buy processor performance, processor performance worst, worst processor performance, processor performance quality, quality processor performance, processor performance original, original processor performance, processor performance genuine, genuine processor performance, processor performance fake, fake processor performance, processor performance replica, replica processor performance, processor performance authentic, authentic processor performance, processor performance brand, brand processor performance, processor performance manufacturer, manufacturer processor performance, processor performance company, company processor performance, processor performance product, product processor performance, processor performance sony product, sony product processor performance, processor performance sell sony, sell sony processor performance, processor performance buy sony, buy sony processor performance, processor performance cheap sony, cheap sony processor performance, processor performance best sony, best sony processor performance, processor performance sony review, sony review processor performance, processor performance where to buy sony, where to buy sony processor performance, processor performance how to choose sony, how to choose sony processor performance, processor performance top sony, top sony processor performance, processor performance sony guide, sony guide processor performance, processor performance sony for sale, sony for sale processor performance, processor performance sony deals, sony deals processor performance
2025-10-05 09:44:35,807 - INFO - Expanded 111 seed keywords to 276 variations
2025-10-05 09:44:35,808 - INFO - Language: en
2025-10-05 09:44:35,808 - INFO - Region: us
2025-10-05 09:48:16,567 - INFO - 🎯 After all filtering for 'sony': 120 relevant keywords
2025-10-05 09:48:16,594 - INFO - 🎯 Found 5 new keywords for niche 'sony': sony dslr quality, cheap dslr quality, best dslr quality, how to dslr quality, sony affordable processor performance
2025-10-05 09:48:22,607 - INFO - ✅ Niche 'sony' process complete! 101 total keyword results.
2025-10-05 09:48:22,607 - INFO - ✅ Completed processing niche: 'sony'
2025-10-05 09:48:22,607 - INFO - 🔧 Request Handler final stats - Success rate: 100.0%
2025-10-05 09:48:22,607 - INFO -    Total requests: 19292, Blocks: 0
2025-10-05 09:48:22,608 - INFO - 
========================================
2025-10-05 09:48:22,609 - INFO - Process Summary:
2025-10-05 09:48:22,609 - INFO - - Current niche: 'sony'
2025-10-05 09:48:22,609 - INFO - - Next niche will be: 'asus'
2025-10-05 09:48:22,609 - INFO - - Keywords saved in: languages/english/keywords/sony/
2025-10-05 09:48:22,609 - INFO - ========================================
