2025-09-21 16:51:20,699 - INFO - Log file created at: /home/runner/work/potensitech.com/potensitech.com/languages/english/keywords/logs/kw_search_20250921_165120.log
2025-09-21 16:51:20,699 - INFO - ============================================================
2025-09-21 16:51:20,699 - INFO - AUTOMATIC KEYWORD RESEARCH TOOL
2025-09-21 16:51:20,699 - INFO - ============================================================
2025-09-21 16:51:20,820 - INFO - ========================================
2025-09-21 16:51:20,820 - INFO - Found 14 niches to process: xiaomi, iphone, samsung, apple, sony, asus, philips, sandisk, intel, nvidia, amd, canon, nikon, huawei
2025-09-21 16:51:20,820 - INFO - ========================================
2025-09-21 16:51:20,820 - INFO - Continuing from last processed niche: philips
2025-09-21 16:51:20,820 - INFO - ========================================
2025-09-21 16:51:20,820 - INFO - 🎯 PROCESSING NICHE 8/14: 'sandisk'
2025-09-21 16:51:20,820 - INFO - ========================================
2025-09-21 16:51:20,820 - INFO - 📁 Niche directory: /home/runner/work/potensitech.com/potensitech.com/languages/english/keywords/sandisk
2025-09-21 16:51:20,820 - INFO - Selected region: us
2025-09-21 16:51:20,820 - INFO - Selected language: en
2025-09-21 16:51:20,820 - INFO - 🎯 Current niche: sandisk
2025-09-21 16:51:35,203 - INFO - 🎯 Niche terms for filtering: sandisk, cheap, best, latest, review, price, sell, buy, recommendation, tips, tutorial, guide, how to, vs, versus, compared to, comparison, alternatives, which is better, expensive, discount, deals, sale, affordable, cost, online, offline, marketplace, store, shop, retailer, where to buy, worst, quality, original, genuine, fake, replica, authentic, brand, manufacturer, company, product, sandisk product, sell sandisk, buy sandisk, cheap sandisk, best sandisk, sandisk review, where to buy sandisk, how to choose sandisk, top sandisk, sandisk guide, sandisk for sale, sandisk deals
2025-09-21 16:51:35,204 - INFO - Generated 50 niche-clue pairs for 'sandisk'.
2025-09-21 16:51:35,207 - INFO - Expanded 50 seed keywords to 218 variations
2025-09-21 16:51:35,210 - INFO - 🔧 Request Handler initialized - Success rate: 100.0%
2025-09-21 16:55:58,161 - INFO - Original clue keywords: mobile performance, memory card
2025-09-21 16:55:58,161 - INFO - Niche-focused seeds: mobile performance sandisk, sandisk mobile performance, mobile performance cheap, cheap mobile performance, mobile performance best, best mobile performance, mobile performance latest, latest mobile performance, mobile performance review, review mobile performance, mobile performance price, price mobile performance, mobile performance sell, sell mobile performance, mobile performance buy, buy mobile performance, mobile performance recommendation, recommendation mobile performance, mobile performance tips, tips mobile performance, mobile performance tutorial, tutorial mobile performance, mobile performance guide, guide mobile performance, mobile performance how to, how to mobile performance, mobile performance vs, vs mobile performance, mobile performance versus, versus mobile performance, mobile performance compared to, compared to mobile performance, mobile performance comparison, comparison mobile performance, mobile performance alternatives, alternatives mobile performance, mobile performance which is better, which is better mobile performance, mobile performance expensive, expensive mobile performance, mobile performance discount, discount mobile performance, mobile performance deals, deals mobile performance, mobile performance sale, sale mobile performance, mobile performance affordable, affordable mobile performance, mobile performance cost, cost mobile performance, mobile performance online, online mobile performance, mobile performance offline, offline mobile performance, mobile performance marketplace, marketplace mobile performance, mobile performance store, store mobile performance, mobile performance shop, shop mobile performance, mobile performance retailer, retailer mobile performance, mobile performance where to buy, where to buy mobile performance, mobile performance worst, worst mobile performance, mobile performance quality, quality mobile performance, mobile performance original, original mobile performance, mobile performance genuine, genuine mobile performance, mobile performance fake, fake mobile performance, mobile performance replica, replica mobile performance, mobile performance authentic, authentic mobile performance, mobile performance brand, brand mobile performance, mobile performance manufacturer, manufacturer mobile performance, mobile performance company, company mobile performance, mobile performance product, product mobile performance, mobile performance sandisk product, sandisk product mobile performance, mobile performance sell sandisk, sell sandisk mobile performance, mobile performance buy sandisk, buy sandisk mobile performance, mobile performance cheap sandisk, cheap sandisk mobile performance, mobile performance best sandisk, best sandisk mobile performance, mobile performance sandisk review, sandisk review mobile performance, mobile performance where to buy sandisk, where to buy sandisk mobile performance, mobile performance how to choose sandisk, how to choose sandisk mobile performance, mobile performance top sandisk, top sandisk mobile performance, mobile performance sandisk guide, sandisk guide mobile performance, mobile performance sandisk for sale, sandisk for sale mobile performance, mobile performance sandisk deals, sandisk deals mobile performance, memory card sandisk, sandisk memory card, memory card cheap, cheap memory card, memory card best, best memory card, memory card latest, latest memory card, memory card review, review memory card, memory card price, price memory card, memory card sell, sell memory card, memory card buy, buy memory card, memory card recommendation, recommendation memory card, memory card tips, tips memory card, memory card tutorial, tutorial memory card, memory card guide, guide memory card, memory card how to, how to memory card, memory card vs, vs memory card, memory card versus, versus memory card, memory card compared to, compared to memory card, memory card comparison, comparison memory card, memory card alternatives, alternatives memory card, memory card which is better, which is better memory card, memory card expensive, expensive memory card, memory card discount, discount memory card, memory card deals, deals memory card, memory card sale, sale memory card, memory card affordable, affordable memory card, memory card cost, cost memory card, memory card online, online memory card, memory card offline, offline memory card, memory card marketplace, marketplace memory card, memory card store, store memory card, memory card shop, shop memory card, memory card retailer, retailer memory card, memory card where to buy, where to buy memory card, memory card worst, worst memory card, memory card quality, quality memory card, memory card original, original memory card, memory card genuine, genuine memory card, memory card fake, fake memory card, memory card replica, replica memory card, memory card authentic, authentic memory card, memory card brand, brand memory card, memory card manufacturer, manufacturer memory card, memory card company, company memory card, memory card product, product memory card, memory card sandisk product, sandisk product memory card, memory card sell sandisk, sell sandisk memory card, memory card buy sandisk, buy sandisk memory card, memory card cheap sandisk, cheap sandisk memory card, memory card best sandisk, best sandisk memory card, memory card sandisk review, sandisk review memory card, memory card where to buy sandisk, where to buy sandisk memory card, memory card how to choose sandisk, how to choose sandisk memory card, memory card top sandisk, top sandisk memory card, memory card sandisk guide, sandisk guide memory card, memory card sandisk for sale, sandisk for sale memory card, memory card sandisk deals, sandisk deals memory card
2025-09-21 16:55:58,164 - INFO - Expanded 220 seed keywords to 385 variations
2025-09-21 16:55:58,164 - INFO - Language: en
2025-09-21 16:55:58,164 - INFO - Region: us
2025-09-21 16:58:26,201 - INFO - 🎯 After all filtering for 'sandisk': 120 relevant keywords
2025-09-21 16:58:26,281 - INFO - 🎯 Found 5 new keywords for niche 'sandisk': sandisk affordable memory card, sandisk affordable mobile performance, cheap alternatives mobile performance, best authentic mobile performance, how to brand mobile performance
2025-09-21 16:58:42,204 - INFO - ✅ Niche 'sandisk' process complete! 38 total keyword results.
2025-09-21 16:58:42,204 - INFO - ✅ Completed processing niche: 'sandisk'
2025-09-21 16:58:42,204 - INFO - 🔧 Request Handler final stats - Success rate: 100.0%
2025-09-21 16:58:42,204 - INFO -    Total requests: 9084, Blocks: 0
2025-09-21 16:58:42,205 - INFO - 
========================================
2025-09-21 16:58:42,206 - INFO - Process Summary:
2025-09-21 16:58:42,206 - INFO - - Current niche: 'sandisk'
2025-09-21 16:58:42,206 - INFO - - Next niche will be: 'intel'
2025-09-21 16:58:42,206 - INFO - - Keywords saved in: languages/english/keywords/sandisk/
2025-09-21 16:58:42,206 - INFO - ========================================
