2025-11-13 19:25:13,506 - INFO - Log file created at: /home/runner/work/potensitech.com/potensitech.com/languages/english/keywords/logs/kw_search_20251113_192513.log
2025-11-13 19:25:13,506 - INFO - ============================================================
2025-11-13 19:25:13,506 - INFO - AUTOMATIC KEYWORD RESEARCH TOOL
2025-11-13 19:25:13,506 - INFO - ============================================================
2025-11-13 19:25:13,699 - INFO - ========================================
2025-11-13 19:25:13,699 - INFO - Found 14 niches to process: xiaomi, iphone, samsung, apple, sony, asus, philips, sandisk, intel, nvidia, amd, canon, nikon, huawei
2025-11-13 19:25:13,699 - INFO - ========================================
2025-11-13 19:25:13,700 - INFO - Continuing from last processed niche: samsung
2025-11-13 19:25:13,700 - INFO - ========================================
2025-11-13 19:25:13,700 - INFO - 🎯 PROCESSING NICHE 4/14: 'apple'
2025-11-13 19:25:13,700 - INFO - ========================================
2025-11-13 19:25:13,700 - INFO - 📁 Niche directory: /home/runner/work/potensitech.com/potensitech.com/languages/english/keywords/apple
2025-11-13 19:25:13,700 - INFO - Selected region: us
2025-11-13 19:25:13,700 - INFO - Selected language: en
2025-11-13 19:25:13,700 - INFO - 🎯 Current niche: apple
2025-11-13 19:25:17,166 - INFO - 🎯 Niche terms for filtering: apple, cheap, best, latest, review, price, sell, buy, recommendation, tips, tutorial, guide, how to, vs, versus, compared to, comparison, alternatives, which is better, expensive, discount, deals, sale, affordable, cost, online, offline, marketplace, store, shop, retailer, where to buy, worst, quality, original, genuine, fake, replica, authentic, brand, manufacturer, company, product, apple product, sell apple, buy apple, cheap apple, best apple, apple review, where to buy apple, how to choose apple, top apple, apple guide, apple for sale, apple deals
2025-11-13 19:25:17,166 - INFO - Generated 50 niche-clue pairs for 'apple'.
2025-11-13 19:25:17,169 - INFO - Expanded 50 seed keywords to 218 variations
2025-11-13 19:25:17,169 - INFO - 🔧 Request Handler initialized - Success rate: 100.0%
2025-11-13 19:29:41,671 - INFO - Original clue keywords: camera resolution, autofocus technology
2025-11-13 19:29:41,672 - INFO - Niche-focused seeds: camera resolution apple, apple camera resolution, camera resolution cheap, cheap camera resolution, camera resolution best, best camera resolution, camera resolution latest, latest camera resolution, camera resolution review, review camera resolution, camera resolution price, price camera resolution, camera resolution sell, sell camera resolution, camera resolution buy, buy camera resolution, camera resolution recommendation, recommendation camera resolution, camera resolution tips, tips camera resolution, camera resolution tutorial, tutorial camera resolution, camera resolution guide, guide camera resolution, camera resolution how to, how to camera resolution, camera resolution vs, vs camera resolution, camera resolution versus, versus camera resolution, camera resolution compared to, compared to camera resolution, camera resolution comparison, comparison camera resolution, camera resolution alternatives, alternatives camera resolution, camera resolution which is better, which is better camera resolution, camera resolution expensive, expensive camera resolution, camera resolution discount, discount camera resolution, camera resolution deals, deals camera resolution, camera resolution sale, sale camera resolution, camera resolution affordable, affordable camera resolution, camera resolution cost, cost camera resolution, camera resolution online, online camera resolution, camera resolution offline, offline camera resolution, camera resolution marketplace, marketplace camera resolution, camera resolution store, store camera resolution, camera resolution shop, shop camera resolution, camera resolution retailer, retailer camera resolution, camera resolution where to buy, where to buy camera resolution, camera resolution worst, worst camera resolution, camera resolution quality, quality camera resolution, camera resolution original, original camera resolution, camera resolution genuine, genuine camera resolution, camera resolution fake, fake camera resolution, camera resolution replica, replica camera resolution, camera resolution authentic, authentic camera resolution, camera resolution brand, brand camera resolution, camera resolution manufacturer, manufacturer camera resolution, camera resolution company, company camera resolution, camera resolution product, product camera resolution, camera resolution apple product, apple product camera resolution, camera resolution sell apple, sell apple camera resolution, camera resolution buy apple, buy apple camera resolution, camera resolution cheap apple, cheap apple camera resolution, camera resolution best apple, best apple camera resolution, camera resolution apple review, apple review camera resolution, camera resolution where to buy apple, where to buy apple camera resolution, camera resolution how to choose apple, how to choose apple camera resolution, camera resolution top apple, top apple camera resolution, camera resolution apple guide, apple guide camera resolution, camera resolution apple for sale, apple for sale camera resolution, camera resolution apple deals, apple deals camera resolution, autofocus technology apple, apple autofocus technology, autofocus technology cheap, cheap autofocus technology, autofocus technology best, best autofocus technology, autofocus technology latest, latest autofocus technology, autofocus technology review, review autofocus technology, autofocus technology price, price autofocus technology, autofocus technology sell, sell autofocus technology, autofocus technology buy, buy autofocus technology, autofocus technology recommendation, recommendation autofocus technology, autofocus technology tips, tips autofocus technology, autofocus technology tutorial, tutorial autofocus technology, autofocus technology guide, guide autofocus technology, autofocus technology how to, how to autofocus technology, autofocus technology vs, vs autofocus technology, autofocus technology versus, versus autofocus technology, autofocus technology compared to, compared to autofocus technology, autofocus technology comparison, comparison autofocus technology, autofocus technology alternatives, alternatives autofocus technology, autofocus technology which is better, which is better autofocus technology, autofocus technology expensive, expensive autofocus technology, autofocus technology discount, discount autofocus technology, autofocus technology deals, deals autofocus technology, autofocus technology sale, sale autofocus technology, autofocus technology affordable, affordable autofocus technology, autofocus technology cost, cost autofocus technology, autofocus technology online, online autofocus technology, autofocus technology offline, offline autofocus technology, autofocus technology marketplace, marketplace autofocus technology, autofocus technology store, store autofocus technology, autofocus technology shop, shop autofocus technology, autofocus technology retailer, retailer autofocus technology, autofocus technology where to buy, where to buy autofocus technology, autofocus technology worst, worst autofocus technology, autofocus technology quality, quality autofocus technology, autofocus technology original, original autofocus technology, autofocus technology genuine, genuine autofocus technology, autofocus technology fake, fake autofocus technology, autofocus technology replica, replica autofocus technology, autofocus technology authentic, authentic autofocus technology, autofocus technology brand, brand autofocus technology, autofocus technology manufacturer, manufacturer autofocus technology, autofocus technology company, company autofocus technology, autofocus technology product, product autofocus technology, autofocus technology apple product, apple product autofocus technology, autofocus technology sell apple, sell apple autofocus technology, autofocus technology buy apple, buy apple autofocus technology, autofocus technology cheap apple, cheap apple autofocus technology, autofocus technology best apple, best apple autofocus technology, autofocus technology apple review, apple review autofocus technology, autofocus technology where to buy apple, where to buy apple autofocus technology, autofocus technology how to choose apple, how to choose apple autofocus technology, autofocus technology top apple, top apple autofocus technology, autofocus technology apple guide, apple guide autofocus technology, autofocus technology apple for sale, apple for sale autofocus technology, autofocus technology apple deals, apple deals autofocus technology
2025-11-13 19:29:41,675 - INFO - Expanded 220 seed keywords to 385 variations
2025-11-13 19:29:41,675 - INFO - Language: en
2025-11-13 19:29:41,675 - INFO - Region: us
2025-11-13 19:33:00,777 - INFO - 🎯 After all filtering for 'apple': 119 relevant keywords
2025-11-13 19:33:01,143 - INFO - 🎯 Found 5 new keywords for niche 'apple': apple affordable autofocus technology, apple affordable camera resolution, cheap alternatives autofocus technology, cheap alternatives camera resolution, best authentic autofocus technology
2025-11-13 19:33:12,371 - INFO - ✅ Niche 'apple' process complete! 180 total keyword results.
2025-11-13 19:33:12,372 - INFO - ✅ Completed processing niche: 'apple'
2025-11-13 19:33:12,372 - INFO - 🔧 Request Handler final stats - Success rate: 100.0%
2025-11-13 19:33:12,372 - INFO -    Total requests: 42002, Blocks: 0
2025-11-13 19:33:12,373 - INFO - 
========================================
2025-11-13 19:33:12,373 - INFO - Process Summary:
2025-11-13 19:33:12,373 - INFO - - Current niche: 'apple'
2025-11-13 19:33:12,373 - INFO - - Next niche will be: 'sony'
2025-11-13 19:33:12,373 - INFO - - Keywords saved in: languages/english/keywords/apple/
2025-11-13 19:33:12,373 - INFO - ========================================
