2025-10-07 01:55:37,418 - INFO - Log file created at: /home/runner/work/potensitech.com/potensitech.com/languages/english/keywords/logs/kw_search_20251007_015537.log
2025-10-07 01:55:37,418 - INFO - ============================================================
2025-10-07 01:55:37,418 - INFO - AUTOMATIC KEYWORD RESEARCH TOOL
2025-10-07 01:55:37,418 - INFO - ============================================================
2025-10-07 01:55:37,577 - INFO - ========================================
2025-10-07 01:55:37,577 - INFO - Found 14 niches to process: xiaomi, iphone, samsung, apple, sony, asus, philips, sandisk, intel, nvidia, amd, canon, nikon, huawei
2025-10-07 01:55:37,577 - INFO - ========================================
2025-10-07 01:55:37,577 - INFO - Continuing from last processed niche: asus
2025-10-07 01:55:37,577 - INFO - ========================================
2025-10-07 01:55:37,577 - INFO - 🎯 PROCESSING NICHE 7/14: 'philips'
2025-10-07 01:55:37,577 - INFO - ========================================
2025-10-07 01:55:37,578 - INFO - 📁 Niche directory: /home/runner/work/potensitech.com/potensitech.com/languages/english/keywords/philips
2025-10-07 01:55:37,578 - INFO - Selected region: us
2025-10-07 01:55:37,578 - INFO - Selected language: en
2025-10-07 01:55:37,578 - INFO - 🎯 Current niche: philips
2025-10-07 01:55:41,567 - INFO - 🎯 Niche terms for filtering: philips, cheap, best, latest, review, price, sell, buy, recommendation, tips, tutorial, guide, how to, vs, versus, compared to, comparison, alternatives, which is better, expensive, discount, deals, sale, affordable, cost, online, offline, marketplace, store, shop, retailer, where to buy, worst, quality, original, genuine, fake, replica, authentic, brand, manufacturer, company, product, philips product, sell philips, buy philips, cheap philips, best philips, philips review, where to buy philips, how to choose philips, top philips, philips guide, philips for sale, philips deals
2025-10-07 01:55:41,567 - INFO - Generated 50 niche-clue pairs for 'philips'.
2025-10-07 01:55:41,570 - INFO - Expanded 50 seed keywords to 218 variations
2025-10-07 01:55:41,570 - INFO - 🔧 Request Handler initialized - Success rate: 100.0%
2025-10-07 02:00:09,011 - INFO - Original clue keywords: durability, smart-lighting
2025-10-07 02:00:09,011 - INFO - Niche-focused seeds: durability philips, philips durability, durability cheap, cheap durability, durability best, best durability, durability latest, latest durability, durability review, review durability, durability price, price durability, durability sell, sell durability, durability buy, buy durability, durability recommendation, recommendation durability, durability tips, tips durability, durability tutorial, tutorial durability, durability guide, guide durability, durability how to, how to durability, durability vs, vs durability, durability versus, versus durability, durability compared to, compared to durability, durability comparison, comparison durability, durability alternatives, alternatives durability, durability which is better, which is better durability, durability expensive, expensive durability, durability discount, discount durability, durability deals, deals durability, durability sale, sale durability, durability affordable, affordable durability, durability cost, cost durability, durability online, online durability, durability offline, offline durability, durability marketplace, marketplace durability, durability store, store durability, durability shop, shop durability, durability retailer, retailer durability, durability where to buy, where to buy durability, durability worst, worst durability, durability quality, quality durability, durability original, original durability, durability genuine, genuine durability, durability fake, fake durability, durability replica, replica durability, durability authentic, authentic durability, durability brand, brand durability, durability manufacturer, manufacturer durability, durability company, company durability, durability product, product durability, durability philips product, philips product durability, durability sell philips, sell philips durability, durability buy philips, buy philips durability, durability cheap philips, cheap philips durability, durability best philips, best philips durability, durability philips review, philips review durability, durability where to buy philips, where to buy philips durability, durability how to choose philips, how to choose philips durability, durability top philips, top philips durability, durability philips guide, philips guide durability, durability philips for sale, philips for sale durability, durability philips deals, philips deals durability, smart-lighting philips, philips smart-lighting, smart-lighting cheap, cheap smart-lighting, smart-lighting best, best smart-lighting, smart-lighting latest, latest smart-lighting, smart-lighting review, review smart-lighting, smart-lighting price, price smart-lighting, smart-lighting sell, sell smart-lighting, smart-lighting buy, buy smart-lighting, smart-lighting recommendation, recommendation smart-lighting, smart-lighting tips, tips smart-lighting, smart-lighting tutorial, tutorial smart-lighting, smart-lighting guide, guide smart-lighting, smart-lighting how to, how to smart-lighting, smart-lighting vs, vs smart-lighting, smart-lighting versus, versus smart-lighting, smart-lighting compared to, compared to smart-lighting, smart-lighting comparison, comparison smart-lighting, smart-lighting alternatives, alternatives smart-lighting, smart-lighting which is better, which is better smart-lighting, smart-lighting expensive, expensive smart-lighting, smart-lighting discount, discount smart-lighting, smart-lighting deals, deals smart-lighting, smart-lighting sale, sale smart-lighting, smart-lighting affordable, affordable smart-lighting, smart-lighting cost, cost smart-lighting, smart-lighting online, online smart-lighting, smart-lighting offline, offline smart-lighting, smart-lighting marketplace, marketplace smart-lighting, smart-lighting store, store smart-lighting, smart-lighting shop, shop smart-lighting, smart-lighting retailer, retailer smart-lighting, smart-lighting where to buy, where to buy smart-lighting, smart-lighting worst, worst smart-lighting, smart-lighting quality, quality smart-lighting, smart-lighting original, original smart-lighting, smart-lighting genuine, genuine smart-lighting, smart-lighting fake, fake smart-lighting, smart-lighting replica, replica smart-lighting, smart-lighting authentic, authentic smart-lighting, smart-lighting brand, brand smart-lighting, smart-lighting manufacturer, manufacturer smart-lighting, smart-lighting company, company smart-lighting, smart-lighting product, product smart-lighting, smart-lighting philips product, philips product smart-lighting, smart-lighting sell philips, sell philips smart-lighting, smart-lighting buy philips, buy philips smart-lighting, smart-lighting cheap philips, cheap philips smart-lighting, smart-lighting best philips, best philips smart-lighting, smart-lighting philips review, philips review smart-lighting, smart-lighting where to buy philips, where to buy philips smart-lighting, smart-lighting how to choose philips, how to choose philips smart-lighting, smart-lighting top philips, top philips smart-lighting, smart-lighting philips guide, philips guide smart-lighting, smart-lighting philips for sale, philips for sale smart-lighting, smart-lighting philips deals, philips deals smart-lighting
2025-10-07 02:00:09,014 - INFO - Expanded 220 seed keywords to 385 variations
2025-10-07 02:00:09,014 - INFO - Language: en
2025-10-07 02:00:09,014 - INFO - Region: us
2025-10-07 02:04:36,528 - INFO - 🎯 After all filtering for 'philips': 120 relevant keywords
2025-10-07 02:04:36,558 - INFO - 🎯 Found 5 new keywords for niche 'philips': philips affordable durability, cheap affordable durability, best affordable durability, how to affordable durability, philips affordable smart-lighting
2025-10-07 02:04:44,583 - INFO - ✅ Niche 'philips' process complete! 107 total keyword results.
2025-10-07 02:04:44,583 - INFO - ✅ Completed processing niche: 'philips'
2025-10-07 02:04:44,584 - INFO - 🔧 Request Handler final stats - Success rate: 100.0%
2025-10-07 02:04:44,584 - INFO -    Total requests: 20367, Blocks: 0
2025-10-07 02:04:44,585 - INFO - 
========================================
2025-10-07 02:04:44,585 - INFO - Process Summary:
2025-10-07 02:04:44,585 - INFO - - Current niche: 'philips'
2025-10-07 02:04:44,585 - INFO - - Next niche will be: 'sandisk'
2025-10-07 02:04:44,585 - INFO - - Keywords saved in: languages/english/keywords/philips/
2025-10-07 02:04:44,585 - INFO - ========================================
