2025-09-21 09:40:01,853 - INFO - Log file created at: /home/runner/work/potensitech.com/potensitech.com/languages/english/keywords/logs/kw_search_20250921_094001.log
2025-09-21 09:40:01,854 - INFO - ============================================================
2025-09-21 09:40:01,854 - INFO - AUTOMATIC KEYWORD RESEARCH TOOL
2025-09-21 09:40:01,854 - INFO - ============================================================
2025-09-21 09:40:01,966 - INFO - ========================================
2025-09-21 09:40:01,966 - INFO - Found 14 niches to process: xiaomi, iphone, samsung, apple, sony, asus, philips, sandisk, intel, nvidia, amd, canon, nikon, huawei
2025-09-21 09:40:01,966 - INFO - ========================================
2025-09-21 09:40:01,966 - INFO - Continuing from last processed niche: apple
2025-09-21 09:40:01,967 - INFO - ========================================
2025-09-21 09:40:01,967 - INFO - 🎯 PROCESSING NICHE 5/14: 'sony'
2025-09-21 09:40:01,967 - INFO - ========================================
2025-09-21 09:40:01,967 - INFO - 📁 Niche directory: /home/runner/work/potensitech.com/potensitech.com/languages/english/keywords/sony
2025-09-21 09:40:01,967 - INFO - Selected region: us
2025-09-21 09:40:01,967 - INFO - Selected language: en
2025-09-21 09:40:01,967 - INFO - 🎯 Current niche: sony
2025-09-21 09:40:05,151 - INFO - 🎯 Niche terms for filtering: sony, cheap, best, latest, review, price, sell, buy, recommendation, tips, tutorial, guide, how to, vs, versus, compared to, comparison, alternatives, which is better, expensive, discount, deals, sale, affordable, cost, online, offline, marketplace, store, shop, retailer, where to buy, worst, quality, original, genuine, fake, replica, authentic, brand, manufacturer, company, product, sony product, sell sony, buy sony, cheap sony, best sony, sony review, where to buy sony, how to choose sony, top sony, sony guide, sony for sale, sony deals
2025-09-21 09:40:05,152 - INFO - Generated 50 niche-clue pairs for 'sony'.
2025-09-21 09:40:05,154 - INFO - Expanded 50 seed keywords to 218 variations
2025-09-21 09:40:05,155 - INFO - 🔧 Request Handler initialized - Success rate: 100.0%
2025-09-21 09:44:29,085 - INFO - Original clue keywords: camera lens, image stabilization
2025-09-21 09:44:29,085 - INFO - Niche-focused seeds: camera lens sony, sony camera lens, camera lens cheap, cheap camera lens, camera lens best, best camera lens, camera lens latest, latest camera lens, camera lens review, review camera lens, camera lens price, price camera lens, camera lens sell, sell camera lens, camera lens buy, buy camera lens, camera lens recommendation, recommendation camera lens, camera lens tips, tips camera lens, camera lens tutorial, tutorial camera lens, camera lens guide, guide camera lens, camera lens how to, how to camera lens, camera lens vs, vs camera lens, camera lens versus, versus camera lens, camera lens compared to, compared to camera lens, camera lens comparison, comparison camera lens, camera lens alternatives, alternatives camera lens, camera lens which is better, which is better camera lens, camera lens expensive, expensive camera lens, camera lens discount, discount camera lens, camera lens deals, deals camera lens, camera lens sale, sale camera lens, camera lens affordable, affordable camera lens, camera lens cost, cost camera lens, camera lens online, online camera lens, camera lens offline, offline camera lens, camera lens marketplace, marketplace camera lens, camera lens store, store camera lens, camera lens shop, shop camera lens, camera lens retailer, retailer camera lens, camera lens where to buy, where to buy camera lens, camera lens worst, worst camera lens, camera lens quality, quality camera lens, camera lens original, original camera lens, camera lens genuine, genuine camera lens, camera lens fake, fake camera lens, camera lens replica, replica camera lens, camera lens authentic, authentic camera lens, camera lens brand, brand camera lens, camera lens manufacturer, manufacturer camera lens, camera lens company, company camera lens, camera lens product, product camera lens, camera lens sony product, sony product camera lens, camera lens sell sony, sell sony camera lens, camera lens buy sony, buy sony camera lens, camera lens cheap sony, cheap sony camera lens, camera lens best sony, best sony camera lens, camera lens sony review, sony review camera lens, camera lens where to buy sony, where to buy sony camera lens, camera lens how to choose sony, how to choose sony camera lens, camera lens top sony, top sony camera lens, camera lens sony guide, sony guide camera lens, camera lens sony for sale, sony for sale camera lens, camera lens sony deals, sony deals camera lens, image stabilization sony, sony image stabilization, image stabilization cheap, cheap image stabilization, image stabilization best, best image stabilization, image stabilization latest, latest image stabilization, image stabilization review, review image stabilization, image stabilization price, price image stabilization, image stabilization sell, sell image stabilization, image stabilization buy, buy image stabilization, image stabilization recommendation, recommendation image stabilization, image stabilization tips, tips image stabilization, image stabilization tutorial, tutorial image stabilization, image stabilization guide, guide image stabilization, image stabilization how to, how to image stabilization, image stabilization vs, vs image stabilization, image stabilization versus, versus image stabilization, image stabilization compared to, compared to image stabilization, image stabilization comparison, comparison image stabilization, image stabilization alternatives, alternatives image stabilization, image stabilization which is better, which is better image stabilization, image stabilization expensive, expensive image stabilization, image stabilization discount, discount image stabilization, image stabilization deals, deals image stabilization, image stabilization sale, sale image stabilization, image stabilization affordable, affordable image stabilization, image stabilization cost, cost image stabilization, image stabilization online, online image stabilization, image stabilization offline, offline image stabilization, image stabilization marketplace, marketplace image stabilization, image stabilization store, store image stabilization, image stabilization shop, shop image stabilization, image stabilization retailer, retailer image stabilization, image stabilization where to buy, where to buy image stabilization, image stabilization worst, worst image stabilization, image stabilization quality, quality image stabilization, image stabilization original, original image stabilization, image stabilization genuine, genuine image stabilization, image stabilization fake, fake image stabilization, image stabilization replica, replica image stabilization, image stabilization authentic, authentic image stabilization, image stabilization brand, brand image stabilization, image stabilization manufacturer, manufacturer image stabilization, image stabilization company, company image stabilization, image stabilization product, product image stabilization, image stabilization sony product, sony product image stabilization, image stabilization sell sony, sell sony image stabilization, image stabilization buy sony, buy sony image stabilization, image stabilization cheap sony, cheap sony image stabilization, image stabilization best sony, best sony image stabilization, image stabilization sony review, sony review image stabilization, image stabilization where to buy sony, where to buy sony image stabilization, image stabilization how to choose sony, how to choose sony image stabilization, image stabilization top sony, top sony image stabilization, image stabilization sony guide, sony guide image stabilization, image stabilization sony for sale, sony for sale image stabilization, image stabilization sony deals, sony deals image stabilization
2025-09-21 09:44:29,089 - INFO - Expanded 220 seed keywords to 385 variations
2025-09-21 09:44:29,089 - INFO - Language: en
2025-09-21 09:44:29,089 - INFO - Region: us
2025-09-21 09:49:01,747 - INFO - 🎯 After all filtering for 'sony': 120 relevant keywords
2025-09-21 09:49:01,800 - INFO - 🎯 Found 5 new keywords for niche 'sony': sony affordable camera lens, sony affordable image stabilization, cheap alternatives camera lens, cheap alternatives image stabilization, best authentic camera lens
2025-09-21 09:49:10,252 - INFO - ✅ Niche 'sony' process complete! 34 total keyword results.
2025-09-21 09:49:10,252 - INFO - ✅ Completed processing niche: 'sony'
2025-09-21 09:49:10,252 - INFO - 🔧 Request Handler final stats - Success rate: 100.0%
2025-09-21 09:49:10,252 - INFO -    Total requests: 8833, Blocks: 0
2025-09-21 09:49:10,253 - INFO - 
========================================
2025-09-21 09:49:10,253 - INFO - Process Summary:
2025-09-21 09:49:10,253 - INFO - - Current niche: 'sony'
2025-09-21 09:49:10,254 - INFO - - Next niche will be: 'asus'
2025-09-21 09:49:10,254 - INFO - - Keywords saved in: languages/english/keywords/sony/
2025-09-21 09:49:10,254 - INFO - ========================================
