2026-01-17 09:43:52,183 - INFO - Log file created at: /home/runner/work/potensitech.com/potensitech.com/languages/english/keywords/logs/kw_search_20260117_094352.log
2026-01-17 09:43:52,183 - INFO - ============================================================
2026-01-17 09:43:52,184 - INFO - AUTOMATIC KEYWORD RESEARCH TOOL
2026-01-17 09:43:52,184 - INFO - ============================================================
2026-01-17 09:43:52,372 - INFO - ========================================
2026-01-17 09:43:52,372 - INFO - Found 14 niches to process: xiaomi, iphone, samsung, apple, sony, asus, philips, sandisk, intel, nvidia, amd, canon, nikon, huawei
2026-01-17 09:43:52,372 - INFO - ========================================
2026-01-17 09:43:52,373 - INFO - Continuing from last processed niche: sony
2026-01-17 09:43:52,373 - INFO - ========================================
2026-01-17 09:43:52,373 - INFO - 🎯 PROCESSING NICHE 6/14: 'asus'
2026-01-17 09:43:52,373 - INFO - ========================================
2026-01-17 09:43:52,373 - INFO - 📁 Niche directory: /home/runner/work/potensitech.com/potensitech.com/languages/english/keywords/asus
2026-01-17 09:43:52,373 - INFO - Selected region: us
2026-01-17 09:43:52,373 - INFO - Selected language: en
2026-01-17 09:43:52,373 - INFO - 🎯 Current niche: asus
2026-01-17 09:43:55,400 - INFO - 🎯 Niche terms for filtering: asus, cheap, best, latest, review, price, sell, buy, recommendation, tips, tutorial, guide, how to, vs, versus, compared to, comparison, alternatives, which is better, expensive, discount, deals, sale, affordable, cost, online, offline, marketplace, store, shop, retailer, where to buy, worst, quality, original, genuine, fake, replica, authentic, brand, manufacturer, company, product, asus product, sell asus, buy asus, cheap asus, best asus, asus review, where to buy asus, how to choose asus, top asus, asus guide, asus for sale, asus deals
2026-01-17 09:43:55,400 - INFO - Generated 50 niche-clue pairs for 'asus'.
2026-01-17 09:43:55,403 - INFO - Expanded 50 seed keywords to 218 variations
2026-01-17 09:43:55,404 - INFO - 🔧 Request Handler initialized - Success rate: 100.0%
2026-01-17 09:48:16,491 - INFO - Original clue keywords: camera lenses, chipset compatibility
2026-01-17 09:48:16,491 - INFO - Niche-focused seeds: camera lenses asus, asus camera lenses, camera lenses cheap, cheap camera lenses, camera lenses best, best camera lenses, camera lenses latest, latest camera lenses, camera lenses review, review camera lenses, camera lenses price, price camera lenses, camera lenses sell, sell camera lenses, camera lenses buy, buy camera lenses, camera lenses recommendation, recommendation camera lenses, camera lenses tips, tips camera lenses, camera lenses tutorial, tutorial camera lenses, camera lenses guide, guide camera lenses, camera lenses how to, how to camera lenses, camera lenses vs, vs camera lenses, camera lenses versus, versus camera lenses, camera lenses compared to, compared to camera lenses, camera lenses comparison, comparison camera lenses, camera lenses alternatives, alternatives camera lenses, camera lenses which is better, which is better camera lenses, camera lenses expensive, expensive camera lenses, camera lenses discount, discount camera lenses, camera lenses deals, deals camera lenses, camera lenses sale, sale camera lenses, camera lenses affordable, affordable camera lenses, camera lenses cost, cost camera lenses, camera lenses online, online camera lenses, camera lenses offline, offline camera lenses, camera lenses marketplace, marketplace camera lenses, camera lenses store, store camera lenses, camera lenses shop, shop camera lenses, camera lenses retailer, retailer camera lenses, camera lenses where to buy, where to buy camera lenses, camera lenses worst, worst camera lenses, camera lenses quality, quality camera lenses, camera lenses original, original camera lenses, camera lenses genuine, genuine camera lenses, camera lenses fake, fake camera lenses, camera lenses replica, replica camera lenses, camera lenses authentic, authentic camera lenses, camera lenses brand, brand camera lenses, camera lenses manufacturer, manufacturer camera lenses, camera lenses company, company camera lenses, camera lenses product, product camera lenses, camera lenses asus product, asus product camera lenses, camera lenses sell asus, sell asus camera lenses, camera lenses buy asus, buy asus camera lenses, camera lenses cheap asus, cheap asus camera lenses, camera lenses best asus, best asus camera lenses, camera lenses asus review, asus review camera lenses, camera lenses where to buy asus, where to buy asus camera lenses, camera lenses how to choose asus, how to choose asus camera lenses, camera lenses top asus, top asus camera lenses, camera lenses asus guide, asus guide camera lenses, camera lenses asus for sale, asus for sale camera lenses, camera lenses asus deals, asus deals camera lenses, chipset compatibility asus, asus chipset compatibility, chipset compatibility cheap, cheap chipset compatibility, chipset compatibility best, best chipset compatibility, chipset compatibility latest, latest chipset compatibility, chipset compatibility review, review chipset compatibility, chipset compatibility price, price chipset compatibility, chipset compatibility sell, sell chipset compatibility, chipset compatibility buy, buy chipset compatibility, chipset compatibility recommendation, recommendation chipset compatibility, chipset compatibility tips, tips chipset compatibility, chipset compatibility tutorial, tutorial chipset compatibility, chipset compatibility guide, guide chipset compatibility, chipset compatibility how to, how to chipset compatibility, chipset compatibility vs, vs chipset compatibility, chipset compatibility versus, versus chipset compatibility, chipset compatibility compared to, compared to chipset compatibility, chipset compatibility comparison, comparison chipset compatibility, chipset compatibility alternatives, alternatives chipset compatibility, chipset compatibility which is better, which is better chipset compatibility, chipset compatibility expensive, expensive chipset compatibility, chipset compatibility discount, discount chipset compatibility, chipset compatibility deals, deals chipset compatibility, chipset compatibility sale, sale chipset compatibility, chipset compatibility affordable, affordable chipset compatibility, chipset compatibility cost, cost chipset compatibility, chipset compatibility online, online chipset compatibility, chipset compatibility offline, offline chipset compatibility, chipset compatibility marketplace, marketplace chipset compatibility, chipset compatibility store, store chipset compatibility, chipset compatibility shop, shop chipset compatibility, chipset compatibility retailer, retailer chipset compatibility, chipset compatibility where to buy, where to buy chipset compatibility, chipset compatibility worst, worst chipset compatibility, chipset compatibility quality, quality chipset compatibility, chipset compatibility original, original chipset compatibility, chipset compatibility genuine, genuine chipset compatibility, chipset compatibility fake, fake chipset compatibility, chipset compatibility replica, replica chipset compatibility, chipset compatibility authentic, authentic chipset compatibility, chipset compatibility brand, brand chipset compatibility, chipset compatibility manufacturer, manufacturer chipset compatibility, chipset compatibility company, company chipset compatibility, chipset compatibility product, product chipset compatibility, chipset compatibility asus product, asus product chipset compatibility, chipset compatibility sell asus, sell asus chipset compatibility, chipset compatibility buy asus, buy asus chipset compatibility, chipset compatibility cheap asus, cheap asus chipset compatibility, chipset compatibility best asus, best asus chipset compatibility, chipset compatibility asus review, asus review chipset compatibility, chipset compatibility where to buy asus, where to buy asus chipset compatibility, chipset compatibility how to choose asus, how to choose asus chipset compatibility, chipset compatibility top asus, top asus chipset compatibility, chipset compatibility asus guide, asus guide chipset compatibility, chipset compatibility asus for sale, asus for sale chipset compatibility, chipset compatibility asus deals, asus deals chipset compatibility
2026-01-17 09:48:16,494 - INFO - Expanded 220 seed keywords to 385 variations
2026-01-17 09:48:16,494 - INFO - Language: en
2026-01-17 09:48:16,495 - INFO - Region: us
2026-01-17 09:48:47,199 - INFO - 🎯 After all filtering for 'asus': 120 relevant keywords
2026-01-17 09:48:48,863 - INFO - 🎯 Found 2 new keywords for niche 'asus': asus affordable camera lenses, asus affordable chipset compatibility
2026-01-17 09:48:55,299 - INFO - ✅ Niche 'asus' process complete! 437 total keyword results.
2026-01-17 09:48:55,299 - INFO - ✅ Completed processing niche: 'asus'
2026-01-17 09:48:55,300 - INFO - 🔧 Request Handler final stats - Success rate: 100.0%
2026-01-17 09:48:55,300 - INFO -    Total requests: 72428, Blocks: 0
2026-01-17 09:48:55,301 - INFO - 
========================================
2026-01-17 09:48:55,301 - INFO - Process Summary:
2026-01-17 09:48:55,301 - INFO - - Current niche: 'asus'
2026-01-17 09:48:55,301 - INFO - - Next niche will be: 'philips'
2026-01-17 09:48:55,301 - INFO - - Keywords saved in: languages/english/keywords/asus/
2026-01-17 09:48:55,301 - INFO - ========================================
