2025-10-09 07:29:19,141 - INFO - Log file created at: /home/runner/work/potensitech.com/potensitech.com/languages/english/keywords/logs/kw_search_20251009_072919.log
2025-10-09 07:29:19,142 - INFO - ============================================================
2025-10-09 07:29:19,142 - INFO - AUTOMATIC KEYWORD RESEARCH TOOL
2025-10-09 07:29:19,142 - INFO - ============================================================
2025-10-09 07:29:19,315 - INFO - ========================================
2025-10-09 07:29:19,315 - INFO - Found 14 niches to process: xiaomi, iphone, samsung, apple, sony, asus, philips, sandisk, intel, nvidia, amd, canon, nikon, huawei
2025-10-09 07:29:19,315 - INFO - ========================================
2025-10-09 07:29:19,315 - INFO - Continuing from last processed niche: xiaomi
2025-10-09 07:29:19,315 - INFO - ========================================
2025-10-09 07:29:19,315 - INFO - 🎯 PROCESSING NICHE 2/14: 'iphone'
2025-10-09 07:29:19,315 - INFO - ========================================
2025-10-09 07:29:19,315 - INFO - 📁 Niche directory: /home/runner/work/potensitech.com/potensitech.com/languages/english/keywords/iphone
2025-10-09 07:29:19,315 - INFO - Selected region: us
2025-10-09 07:29:19,315 - INFO - Selected language: en
2025-10-09 07:29:19,315 - INFO - 🎯 Current niche: iphone
2025-10-09 07:29:22,592 - INFO - 🎯 Niche terms for filtering: iphone, cheap, best, latest, review, price, sell, buy, recommendation, tips, tutorial, guide, how to, vs, versus, compared to, comparison, alternatives, which is better, expensive, discount, deals, sale, affordable, cost, online, offline, marketplace, store, shop, retailer, where to buy, worst, quality, original, genuine, fake, replica, authentic, brand, manufacturer, company, product, iphone product, sell iphone, buy iphone, cheap iphone, best iphone, iphone review, where to buy iphone, how to choose iphone, top iphone, iphone guide, iphone for sale, iphone deals
2025-10-09 07:29:22,593 - INFO - Generated 50 niche-clue pairs for 'iphone'.
2025-10-09 07:29:22,596 - INFO - Expanded 50 seed keywords to 218 variations
2025-10-09 07:29:22,596 - INFO - 🔧 Request Handler initialized - Success rate: 100.0%
2025-10-09 07:33:47,462 - INFO - Original clue keywords: performance boost, storage capacity
2025-10-09 07:33:47,462 - INFO - Niche-focused seeds: performance boost iphone, iphone performance boost, performance boost cheap, cheap performance boost, performance boost best, best performance boost, performance boost latest, latest performance boost, performance boost review, review performance boost, performance boost price, price performance boost, performance boost sell, sell performance boost, performance boost buy, buy performance boost, performance boost recommendation, recommendation performance boost, performance boost tips, tips performance boost, performance boost tutorial, tutorial performance boost, performance boost guide, guide performance boost, performance boost how to, how to performance boost, performance boost vs, vs performance boost, performance boost versus, versus performance boost, performance boost compared to, compared to performance boost, performance boost comparison, comparison performance boost, performance boost alternatives, alternatives performance boost, performance boost which is better, which is better performance boost, performance boost expensive, expensive performance boost, performance boost discount, discount performance boost, performance boost deals, deals performance boost, performance boost sale, sale performance boost, performance boost affordable, affordable performance boost, performance boost cost, cost performance boost, performance boost online, online performance boost, performance boost offline, offline performance boost, performance boost marketplace, marketplace performance boost, performance boost store, store performance boost, performance boost shop, shop performance boost, performance boost retailer, retailer performance boost, performance boost where to buy, where to buy performance boost, performance boost worst, worst performance boost, performance boost quality, quality performance boost, performance boost original, original performance boost, performance boost genuine, genuine performance boost, performance boost fake, fake performance boost, performance boost replica, replica performance boost, performance boost authentic, authentic performance boost, performance boost brand, brand performance boost, performance boost manufacturer, manufacturer performance boost, performance boost company, company performance boost, performance boost product, product performance boost, performance boost iphone product, iphone product performance boost, performance boost sell iphone, sell iphone performance boost, performance boost buy iphone, buy iphone performance boost, performance boost cheap iphone, cheap iphone performance boost, performance boost best iphone, best iphone performance boost, performance boost iphone review, iphone review performance boost, performance boost where to buy iphone, where to buy iphone performance boost, performance boost how to choose iphone, how to choose iphone performance boost, performance boost top iphone, top iphone performance boost, performance boost iphone guide, iphone guide performance boost, performance boost iphone for sale, iphone for sale performance boost, performance boost iphone deals, iphone deals performance boost, storage capacity iphone, iphone storage capacity, storage capacity cheap, cheap storage capacity, storage capacity best, best storage capacity, storage capacity latest, latest storage capacity, storage capacity review, review storage capacity, storage capacity price, price storage capacity, storage capacity sell, sell storage capacity, storage capacity buy, buy storage capacity, storage capacity recommendation, recommendation storage capacity, storage capacity tips, tips storage capacity, storage capacity tutorial, tutorial storage capacity, storage capacity guide, guide storage capacity, storage capacity how to, how to storage capacity, storage capacity vs, vs storage capacity, storage capacity versus, versus storage capacity, storage capacity compared to, compared to storage capacity, storage capacity comparison, comparison storage capacity, storage capacity alternatives, alternatives storage capacity, storage capacity which is better, which is better storage capacity, storage capacity expensive, expensive storage capacity, storage capacity discount, discount storage capacity, storage capacity deals, deals storage capacity, storage capacity sale, sale storage capacity, storage capacity affordable, affordable storage capacity, storage capacity cost, cost storage capacity, storage capacity online, online storage capacity, storage capacity offline, offline storage capacity, storage capacity marketplace, marketplace storage capacity, storage capacity store, store storage capacity, storage capacity shop, shop storage capacity, storage capacity retailer, retailer storage capacity, storage capacity where to buy, where to buy storage capacity, storage capacity worst, worst storage capacity, storage capacity quality, quality storage capacity, storage capacity original, original storage capacity, storage capacity genuine, genuine storage capacity, storage capacity fake, fake storage capacity, storage capacity replica, replica storage capacity, storage capacity authentic, authentic storage capacity, storage capacity brand, brand storage capacity, storage capacity manufacturer, manufacturer storage capacity, storage capacity company, company storage capacity, storage capacity product, product storage capacity, storage capacity iphone product, iphone product storage capacity, storage capacity sell iphone, sell iphone storage capacity, storage capacity buy iphone, buy iphone storage capacity, storage capacity cheap iphone, cheap iphone storage capacity, storage capacity best iphone, best iphone storage capacity, storage capacity iphone review, iphone review storage capacity, storage capacity where to buy iphone, where to buy iphone storage capacity, storage capacity how to choose iphone, how to choose iphone storage capacity, storage capacity top iphone, top iphone storage capacity, storage capacity iphone guide, iphone guide storage capacity, storage capacity iphone for sale, iphone for sale storage capacity, storage capacity iphone deals, iphone deals storage capacity
2025-10-09 07:33:47,465 - INFO - Expanded 220 seed keywords to 385 variations
2025-10-09 07:33:47,465 - INFO - Language: en
2025-10-09 07:33:47,465 - INFO - Region: us
2025-10-09 07:38:16,835 - INFO - 🎯 After all filtering for 'iphone': 120 relevant keywords
2025-10-09 07:38:17,077 - INFO - 🎯 Found 5 new keywords for niche 'iphone': iphone affordable performance boost, iphone affordable storage capacity, cheap alternatives performance boost, cheap alternatives storage capacity, best authentic performance boost
2025-10-09 07:38:26,974 - INFO - ✅ Niche 'iphone' process complete! 150 total keyword results.
2025-10-09 07:38:26,974 - INFO - ✅ Completed processing niche: 'iphone'
2025-10-09 07:38:26,974 - INFO - 🔧 Request Handler final stats - Success rate: 100.0%
2025-10-09 07:38:26,974 - INFO -    Total requests: 22140, Blocks: 0
2025-10-09 07:38:26,975 - INFO - 
========================================
2025-10-09 07:38:26,975 - INFO - Process Summary:
2025-10-09 07:38:26,975 - INFO - - Current niche: 'iphone'
2025-10-09 07:38:26,975 - INFO - - Next niche will be: 'samsung'
2025-10-09 07:38:26,975 - INFO - - Keywords saved in: languages/english/keywords/iphone/
2025-10-09 07:38:26,976 - INFO - ========================================
