2025-09-21 14:31:28,049 - INFO - Log file created at: /home/runner/work/potensitech.com/potensitech.com/languages/english/keywords/logs/kw_search_20250921_143128.log
2025-09-21 14:31:28,049 - INFO - ============================================================
2025-09-21 14:31:28,049 - INFO - AUTOMATIC KEYWORD RESEARCH TOOL
2025-09-21 14:31:28,049 - INFO - ============================================================
2025-09-21 14:31:28,187 - INFO - ========================================
2025-09-21 14:31:28,187 - INFO - Found 14 niches to process: xiaomi, iphone, samsung, apple, sony, asus, philips, sandisk, intel, nvidia, amd, canon, nikon, huawei
2025-09-21 14:31:28,187 - INFO - ========================================
2025-09-21 14:31:28,187 - INFO - Continuing from last processed niche: asus
2025-09-21 14:31:28,187 - INFO - ========================================
2025-09-21 14:31:28,187 - INFO - 🎯 PROCESSING NICHE 7/14: 'philips'
2025-09-21 14:31:28,187 - INFO - ========================================
2025-09-21 14:31:28,187 - INFO - 📁 Niche directory: /home/runner/work/potensitech.com/potensitech.com/languages/english/keywords/philips
2025-09-21 14:31:28,187 - INFO - Selected region: us
2025-09-21 14:31:28,187 - INFO - Selected language: en
2025-09-21 14:31:28,187 - INFO - 🎯 Current niche: philips
2025-09-21 14:31:38,402 - INFO - 🎯 Niche terms for filtering: philips, cheap, best, latest, review, price, sell, buy, recommendation, tips, tutorial, guide, how to, vs, versus, compared to, comparison, alternatives, which is better, expensive, discount, deals, sale, affordable, cost, online, offline, marketplace, store, shop, retailer, where to buy, worst, quality, original, genuine, fake, replica, authentic, brand, manufacturer, company, product, philips product, sell philips, buy philips, cheap philips, best philips, philips review, where to buy philips, how to choose philips, top philips, philips guide, philips for sale, philips deals
2025-09-21 14:31:38,403 - INFO - Generated 50 niche-clue pairs for 'philips'.
2025-09-21 14:31:38,405 - INFO - Expanded 50 seed keywords to 218 variations
2025-09-21 14:31:38,406 - INFO - 🔧 Request Handler initialized - Success rate: 100.0%
2025-09-21 14:36:03,297 - INFO - Original clue keywords: mobile performance, long battery
2025-09-21 14:36:03,297 - INFO - Niche-focused seeds: mobile performance philips, philips mobile performance, mobile performance cheap, cheap mobile performance, mobile performance best, best mobile performance, mobile performance latest, latest mobile performance, mobile performance review, review mobile performance, mobile performance price, price mobile performance, mobile performance sell, sell mobile performance, mobile performance buy, buy mobile performance, mobile performance recommendation, recommendation mobile performance, mobile performance tips, tips mobile performance, mobile performance tutorial, tutorial mobile performance, mobile performance guide, guide mobile performance, mobile performance how to, how to mobile performance, mobile performance vs, vs mobile performance, mobile performance versus, versus mobile performance, mobile performance compared to, compared to mobile performance, mobile performance comparison, comparison mobile performance, mobile performance alternatives, alternatives mobile performance, mobile performance which is better, which is better mobile performance, mobile performance expensive, expensive mobile performance, mobile performance discount, discount mobile performance, mobile performance deals, deals mobile performance, mobile performance sale, sale mobile performance, mobile performance affordable, affordable mobile performance, mobile performance cost, cost mobile performance, mobile performance online, online mobile performance, mobile performance offline, offline mobile performance, mobile performance marketplace, marketplace mobile performance, mobile performance store, store mobile performance, mobile performance shop, shop mobile performance, mobile performance retailer, retailer mobile performance, mobile performance where to buy, where to buy mobile performance, mobile performance worst, worst mobile performance, mobile performance quality, quality mobile performance, mobile performance original, original mobile performance, mobile performance genuine, genuine mobile performance, mobile performance fake, fake mobile performance, mobile performance replica, replica mobile performance, mobile performance authentic, authentic mobile performance, mobile performance brand, brand mobile performance, mobile performance manufacturer, manufacturer mobile performance, mobile performance company, company mobile performance, mobile performance product, product mobile performance, mobile performance philips product, philips product mobile performance, mobile performance sell philips, sell philips mobile performance, mobile performance buy philips, buy philips mobile performance, mobile performance cheap philips, cheap philips mobile performance, mobile performance best philips, best philips mobile performance, mobile performance philips review, philips review mobile performance, mobile performance where to buy philips, where to buy philips mobile performance, mobile performance how to choose philips, how to choose philips mobile performance, mobile performance top philips, top philips mobile performance, mobile performance philips guide, philips guide mobile performance, mobile performance philips for sale, philips for sale mobile performance, mobile performance philips deals, philips deals mobile performance, long battery philips, philips long battery, long battery cheap, cheap long battery, long battery best, best long battery, long battery latest, latest long battery, long battery review, review long battery, long battery price, price long battery, long battery sell, sell long battery, long battery buy, buy long battery, long battery recommendation, recommendation long battery, long battery tips, tips long battery, long battery tutorial, tutorial long battery, long battery guide, guide long battery, long battery how to, how to long battery, long battery vs, vs long battery, long battery versus, versus long battery, long battery compared to, compared to long battery, long battery comparison, comparison long battery, long battery alternatives, alternatives long battery, long battery which is better, which is better long battery, long battery expensive, expensive long battery, long battery discount, discount long battery, long battery deals, deals long battery, long battery sale, sale long battery, long battery affordable, affordable long battery, long battery cost, cost long battery, long battery online, online long battery, long battery offline, offline long battery, long battery marketplace, marketplace long battery, long battery store, store long battery, long battery shop, shop long battery, long battery retailer, retailer long battery, long battery where to buy, where to buy long battery, long battery worst, worst long battery, long battery quality, quality long battery, long battery original, original long battery, long battery genuine, genuine long battery, long battery fake, fake long battery, long battery replica, replica long battery, long battery authentic, authentic long battery, long battery brand, brand long battery, long battery manufacturer, manufacturer long battery, long battery company, company long battery, long battery product, product long battery, long battery philips product, philips product long battery, long battery sell philips, sell philips long battery, long battery buy philips, buy philips long battery, long battery cheap philips, cheap philips long battery, long battery best philips, best philips long battery, long battery philips review, philips review long battery, long battery where to buy philips, where to buy philips long battery, long battery how to choose philips, how to choose philips long battery, long battery top philips, top philips long battery, long battery philips guide, philips guide long battery, long battery philips for sale, philips for sale long battery, long battery philips deals, philips deals long battery
2025-09-21 14:36:03,300 - INFO - Expanded 220 seed keywords to 385 variations
2025-09-21 14:36:03,300 - INFO - Language: en
2025-09-21 14:36:03,300 - INFO - Region: us
2025-09-21 14:40:34,681 - INFO - 🎯 After all filtering for 'philips': 120 relevant keywords
2025-09-21 14:40:34,738 - INFO - 🎯 Found 5 new keywords for niche 'philips': philips affordable long battery, philips affordable mobile performance, cheap alternatives long battery, cheap alternatives mobile performance, best authentic long battery
2025-09-21 14:40:54,631 - INFO - ✅ Niche 'philips' process complete! 35 total keyword results.
2025-09-21 14:40:54,631 - INFO - ✅ Completed processing niche: 'philips'
2025-09-21 14:40:54,631 - INFO - 🔧 Request Handler final stats - Success rate: 100.0%
2025-09-21 14:40:54,631 - INFO -    Total requests: 9014, Blocks: 0
2025-09-21 14:40:54,632 - INFO - 
========================================
2025-09-21 14:40:54,633 - INFO - Process Summary:
2025-09-21 14:40:54,633 - INFO - - Current niche: 'philips'
2025-09-21 14:40:54,633 - INFO - - Next niche will be: 'sandisk'
2025-09-21 14:40:54,633 - INFO - - Keywords saved in: languages/english/keywords/philips/
2025-09-21 14:40:54,633 - INFO - ========================================
