2025-09-24 14:35:40,503 - INFO - Log file created at: /home/runner/work/potensitech.com/potensitech.com/languages/english/keywords/logs/kw_search_20250924_143540.log
2025-09-24 14:35:40,503 - INFO - ============================================================
2025-09-24 14:35:40,503 - INFO - AUTOMATIC KEYWORD RESEARCH TOOL
2025-09-24 14:35:40,503 - INFO - ============================================================
2025-09-24 14:35:40,629 - INFO - ========================================
2025-09-24 14:35:40,629 - INFO - Found 14 niches to process: xiaomi, iphone, samsung, apple, sony, asus, philips, sandisk, intel, nvidia, amd, canon, nikon, huawei
2025-09-24 14:35:40,629 - INFO - ========================================
2025-09-24 14:35:40,629 - INFO - Continuing from last processed niche: sandisk
2025-09-24 14:35:40,629 - INFO - ========================================
2025-09-24 14:35:40,629 - INFO - 🎯 PROCESSING NICHE 9/14: 'intel'
2025-09-24 14:35:40,629 - INFO - ========================================
2025-09-24 14:35:40,629 - INFO - 📁 Niche directory: /home/runner/work/potensitech.com/potensitech.com/languages/english/keywords/intel
2025-09-24 14:35:40,629 - INFO - Selected region: us
2025-09-24 14:35:40,629 - INFO - Selected language: en
2025-09-24 14:35:40,630 - INFO - 🎯 Current niche: intel
2025-09-24 14:35:51,572 - INFO - 🎯 Niche terms for filtering: intel, cheap, best, latest, review, price, sell, buy, recommendation, tips, tutorial, guide, how to, vs, versus, compared to, comparison, alternatives, which is better, expensive, discount, deals, sale, affordable, cost, online, offline, marketplace, store, shop, retailer, where to buy, worst, quality, original, genuine, fake, replica, authentic, brand, manufacturer, company, product, intel product, sell intel, buy intel, cheap intel, best intel, intel review, where to buy intel, how to choose intel, top intel, intel guide, intel for sale, intel deals
2025-09-24 14:35:51,572 - INFO - Generated 50 niche-clue pairs for 'intel'.
2025-09-24 14:35:51,575 - INFO - Expanded 50 seed keywords to 218 variations
2025-09-24 14:35:51,576 - INFO - 🔧 Request Handler initialized - Success rate: 100.0%
2025-09-24 14:40:16,201 - INFO - Original clue keywords: processor performance, core speed
2025-09-24 14:40:16,201 - INFO - Niche-focused seeds: processor performance intel, intel processor performance, processor performance cheap, cheap processor performance, processor performance best, best processor performance, processor performance latest, latest processor performance, processor performance review, review processor performance, processor performance price, price processor performance, processor performance sell, sell processor performance, processor performance buy, buy processor performance, processor performance recommendation, recommendation processor performance, processor performance tips, tips processor performance, processor performance tutorial, tutorial processor performance, processor performance guide, guide processor performance, processor performance how to, how to processor performance, processor performance vs, vs processor performance, processor performance versus, versus processor performance, processor performance compared to, compared to processor performance, processor performance comparison, comparison processor performance, processor performance alternatives, alternatives processor performance, processor performance which is better, which is better processor performance, processor performance expensive, expensive processor performance, processor performance discount, discount processor performance, processor performance deals, deals processor performance, processor performance sale, sale processor performance, processor performance affordable, affordable processor performance, processor performance cost, cost processor performance, processor performance online, online processor performance, processor performance offline, offline processor performance, processor performance marketplace, marketplace processor performance, processor performance store, store processor performance, processor performance shop, shop processor performance, processor performance retailer, retailer processor performance, processor performance where to buy, where to buy processor performance, processor performance worst, worst processor performance, processor performance quality, quality processor performance, processor performance original, original processor performance, processor performance genuine, genuine processor performance, processor performance fake, fake processor performance, processor performance replica, replica processor performance, processor performance authentic, authentic processor performance, processor performance brand, brand processor performance, processor performance manufacturer, manufacturer processor performance, processor performance company, company processor performance, processor performance product, product processor performance, processor performance intel product, intel product processor performance, processor performance sell intel, sell intel processor performance, processor performance buy intel, buy intel processor performance, processor performance cheap intel, cheap intel processor performance, processor performance best intel, best intel processor performance, processor performance intel review, intel review processor performance, processor performance where to buy intel, where to buy intel processor performance, processor performance how to choose intel, how to choose intel processor performance, processor performance top intel, top intel processor performance, processor performance intel guide, intel guide processor performance, processor performance intel for sale, intel for sale processor performance, processor performance intel deals, intel deals processor performance, core speed intel, intel core speed, core speed cheap, cheap core speed, core speed best, best core speed, core speed latest, latest core speed, core speed review, review core speed, core speed price, price core speed, core speed sell, sell core speed, core speed buy, buy core speed, core speed recommendation, recommendation core speed, core speed tips, tips core speed, core speed tutorial, tutorial core speed, core speed guide, guide core speed, core speed how to, how to core speed, core speed vs, vs core speed, core speed versus, versus core speed, core speed compared to, compared to core speed, core speed comparison, comparison core speed, core speed alternatives, alternatives core speed, core speed which is better, which is better core speed, core speed expensive, expensive core speed, core speed discount, discount core speed, core speed deals, deals core speed, core speed sale, sale core speed, core speed affordable, affordable core speed, core speed cost, cost core speed, core speed online, online core speed, core speed offline, offline core speed, core speed marketplace, marketplace core speed, core speed store, store core speed, core speed shop, shop core speed, core speed retailer, retailer core speed, core speed where to buy, where to buy core speed, core speed worst, worst core speed, core speed quality, quality core speed, core speed original, original core speed, core speed genuine, genuine core speed, core speed fake, fake core speed, core speed replica, replica core speed, core speed authentic, authentic core speed, core speed brand, brand core speed, core speed manufacturer, manufacturer core speed, core speed company, company core speed, core speed product, product core speed, core speed intel product, intel product core speed, core speed sell intel, sell intel core speed, core speed buy intel, buy intel core speed, core speed cheap intel, cheap intel core speed, core speed best intel, best intel core speed, core speed intel review, intel review core speed, core speed where to buy intel, where to buy intel core speed, core speed how to choose intel, how to choose intel core speed, core speed top intel, top intel core speed, core speed intel guide, intel guide core speed, core speed intel for sale, intel for sale core speed, core speed intel deals, intel deals core speed
2025-09-24 14:40:16,204 - INFO - Expanded 220 seed keywords to 385 variations
2025-09-24 14:40:16,204 - INFO - Language: en
2025-09-24 14:40:16,204 - INFO - Region: us
2025-09-24 14:44:48,115 - INFO - 🎯 After all filtering for 'intel': 120 relevant keywords
2025-09-24 14:44:48,243 - INFO - 🎯 Found 5 new keywords for niche 'intel': intel affordable core speed, intel affordable processor performance, cheap alternatives core speed, best authentic core speed, how to brand core speed
2025-09-24 14:45:09,704 - INFO - ✅ Niche 'intel' process complete! 55 total keyword results.
2025-09-24 14:45:09,704 - INFO - ✅ Completed processing niche: 'intel'
2025-09-24 14:45:09,704 - INFO - 🔧 Request Handler final stats - Success rate: 100.0%
2025-09-24 14:45:09,705 - INFO -    Total requests: 11471, Blocks: 0
2025-09-24 14:45:09,706 - INFO - 
========================================
2025-09-24 14:45:09,706 - INFO - Process Summary:
2025-09-24 14:45:09,706 - INFO - - Current niche: 'intel'
2025-09-24 14:45:09,706 - INFO - - Next niche will be: 'nvidia'
2025-09-24 14:45:09,706 - INFO - - Keywords saved in: languages/english/keywords/intel/
2025-09-24 14:45:09,706 - INFO - ========================================
