2025-09-16 19:23:12,984 - INFO - Log file created at: /home/runner/work/potensitech.com/potensitech.com/languages/english/keywords/logs/kw_search_20250916_192312.log
2025-09-16 19:23:12,984 - INFO - ============================================================
2025-09-16 19:23:12,984 - INFO - AUTOMATIC KEYWORD RESEARCH TOOL
2025-09-16 19:23:12,984 - INFO - ============================================================
2025-09-16 19:23:13,086 - INFO - ========================================
2025-09-16 19:23:13,086 - INFO - Found 14 niches to process: xiaomi, iphone, samsung, apple, sony, asus, philips, sandisk, intel, nvidia, amd, canon, nikon, huawei
2025-09-16 19:23:13,086 - INFO - ========================================
2025-09-16 19:23:13,086 - INFO - All niches completed, starting over
2025-09-16 19:23:13,086 - INFO - ========================================
2025-09-16 19:23:13,086 - INFO - 🎯 PROCESSING NICHE 1/14: 'xiaomi'
2025-09-16 19:23:13,086 - INFO - ========================================
2025-09-16 19:23:13,086 - INFO - 📁 Niche directory: /home/runner/work/potensitech.com/potensitech.com/languages/english/keywords/xiaomi
2025-09-16 19:23:13,086 - INFO - Selected region: us
2025-09-16 19:23:13,086 - INFO - Selected language: en
2025-09-16 19:23:13,086 - INFO - 🎯 Current niche: xiaomi
2025-09-16 19:23:20,191 - INFO - 🎯 Niche terms for filtering: xiaomi, cheap, best, latest, review, price, sell, buy, recommendation, tips, tutorial, guide, how to, vs, versus, compared to, comparison, alternatives, which is better, expensive, discount, deals, sale, affordable, cost, online, offline, marketplace, store, shop, retailer, where to buy, worst, quality, original, genuine, fake, replica, authentic, brand, manufacturer, company, product, xiaomi product, sell xiaomi, buy xiaomi, cheap xiaomi, best xiaomi, xiaomi review, where to buy xiaomi, how to choose xiaomi, top xiaomi, xiaomi guide, xiaomi for sale, xiaomi deals
2025-09-16 19:23:20,192 - INFO - Generated 50 niche-clue pairs for 'xiaomi'.
2025-09-16 19:23:20,195 - INFO - Expanded 50 seed keywords to 218 variations
2025-09-16 19:23:20,195 - INFO - 🔧 Request Handler initialized - Success rate: 100.0%
2025-09-16 19:27:43,119 - INFO - Original clue keywords: digital photography, lens compatibility
2025-09-16 19:27:43,119 - INFO - Niche-focused seeds: digital photography xiaomi, xiaomi digital photography, digital photography cheap, cheap digital photography, digital photography best, best digital photography, digital photography latest, latest digital photography, digital photography review, review digital photography, digital photography price, price digital photography, digital photography sell, sell digital photography, digital photography buy, buy digital photography, digital photography recommendation, recommendation digital photography, digital photography tips, tips digital photography, digital photography tutorial, tutorial digital photography, digital photography guide, guide digital photography, digital photography how to, how to digital photography, digital photography vs, vs digital photography, digital photography versus, versus digital photography, digital photography compared to, compared to digital photography, digital photography comparison, comparison digital photography, digital photography alternatives, alternatives digital photography, digital photography which is better, which is better digital photography, digital photography expensive, expensive digital photography, digital photography discount, discount digital photography, digital photography deals, deals digital photography, digital photography sale, sale digital photography, digital photography affordable, affordable digital photography, digital photography cost, cost digital photography, digital photography online, online digital photography, digital photography offline, offline digital photography, digital photography marketplace, marketplace digital photography, digital photography store, store digital photography, digital photography shop, shop digital photography, digital photography retailer, retailer digital photography, digital photography where to buy, where to buy digital photography, digital photography worst, worst digital photography, digital photography quality, quality digital photography, digital photography original, original digital photography, digital photography genuine, genuine digital photography, digital photography fake, fake digital photography, digital photography replica, replica digital photography, digital photography authentic, authentic digital photography, digital photography brand, brand digital photography, digital photography manufacturer, manufacturer digital photography, digital photography company, company digital photography, digital photography product, product digital photography, digital photography xiaomi product, xiaomi product digital photography, digital photography sell xiaomi, sell xiaomi digital photography, digital photography buy xiaomi, buy xiaomi digital photography, digital photography cheap xiaomi, cheap xiaomi digital photography, digital photography best xiaomi, best xiaomi digital photography, digital photography xiaomi review, xiaomi review digital photography, digital photography where to buy xiaomi, where to buy xiaomi digital photography, digital photography how to choose xiaomi, how to choose xiaomi digital photography, digital photography top xiaomi, top xiaomi digital photography, digital photography xiaomi guide, xiaomi guide digital photography, digital photography xiaomi for sale, xiaomi for sale digital photography, digital photography xiaomi deals, xiaomi deals digital photography, lens compatibility xiaomi, xiaomi lens compatibility, lens compatibility cheap, cheap lens compatibility, lens compatibility best, best lens compatibility, lens compatibility latest, latest lens compatibility, lens compatibility review, review lens compatibility, lens compatibility price, price lens compatibility, lens compatibility sell, sell lens compatibility, lens compatibility buy, buy lens compatibility, lens compatibility recommendation, recommendation lens compatibility, lens compatibility tips, tips lens compatibility, lens compatibility tutorial, tutorial lens compatibility, lens compatibility guide, guide lens compatibility, lens compatibility how to, how to lens compatibility, lens compatibility vs, vs lens compatibility, lens compatibility versus, versus lens compatibility, lens compatibility compared to, compared to lens compatibility, lens compatibility comparison, comparison lens compatibility, lens compatibility alternatives, alternatives lens compatibility, lens compatibility which is better, which is better lens compatibility, lens compatibility expensive, expensive lens compatibility, lens compatibility discount, discount lens compatibility, lens compatibility deals, deals lens compatibility, lens compatibility sale, sale lens compatibility, lens compatibility affordable, affordable lens compatibility, lens compatibility cost, cost lens compatibility, lens compatibility online, online lens compatibility, lens compatibility offline, offline lens compatibility, lens compatibility marketplace, marketplace lens compatibility, lens compatibility store, store lens compatibility, lens compatibility shop, shop lens compatibility, lens compatibility retailer, retailer lens compatibility, lens compatibility where to buy, where to buy lens compatibility, lens compatibility worst, worst lens compatibility, lens compatibility quality, quality lens compatibility, lens compatibility original, original lens compatibility, lens compatibility genuine, genuine lens compatibility, lens compatibility fake, fake lens compatibility, lens compatibility replica, replica lens compatibility, lens compatibility authentic, authentic lens compatibility, lens compatibility brand, brand lens compatibility, lens compatibility manufacturer, manufacturer lens compatibility, lens compatibility company, company lens compatibility, lens compatibility product, product lens compatibility, lens compatibility xiaomi product, xiaomi product lens compatibility, lens compatibility sell xiaomi, sell xiaomi lens compatibility, lens compatibility buy xiaomi, buy xiaomi lens compatibility, lens compatibility cheap xiaomi, cheap xiaomi lens compatibility, lens compatibility best xiaomi, best xiaomi lens compatibility, lens compatibility xiaomi review, xiaomi review lens compatibility, lens compatibility where to buy xiaomi, where to buy xiaomi lens compatibility, lens compatibility how to choose xiaomi, how to choose xiaomi lens compatibility, lens compatibility top xiaomi, top xiaomi lens compatibility, lens compatibility xiaomi guide, xiaomi guide lens compatibility, lens compatibility xiaomi for sale, xiaomi for sale lens compatibility, lens compatibility xiaomi deals, xiaomi deals lens compatibility
2025-09-16 19:27:43,123 - INFO - Expanded 220 seed keywords to 385 variations
2025-09-16 19:27:43,123 - INFO - Language: en
2025-09-16 19:27:43,123 - INFO - Region: us
2025-09-16 19:32:16,546 - INFO - 🎯 After all filtering for 'xiaomi': 120 relevant keywords
2025-09-16 19:32:16,599 - INFO - 🎯 Found 5 new keywords for niche 'xiaomi': xiaomi affordable digital photography, xiaomi affordable lens compatibility, cheap alternatives digital photography, cheap alternatives lens compatibility, best authentic digital photography
2025-09-16 19:32:53,418 - INFO - ✅ Niche 'xiaomi' process complete! 31 total keyword results.
2025-09-16 19:32:53,419 - INFO - ✅ Completed processing niche: 'xiaomi'
2025-09-16 19:32:53,419 - INFO - 🔧 Request Handler final stats - Success rate: 100.0%
2025-09-16 19:32:53,419 - INFO -    Total requests: 4770, Blocks: 0
2025-09-16 19:32:53,420 - INFO - 
========================================
2025-09-16 19:32:53,420 - INFO - Process Summary:
2025-09-16 19:32:53,420 - INFO - - Current niche: 'xiaomi'
2025-09-16 19:32:53,420 - INFO - - Next niche will be: 'iphone'
2025-09-16 19:32:53,420 - INFO - - Keywords saved in: languages/english/keywords/xiaomi/
2025-09-16 19:32:53,420 - INFO - ========================================
