2025-09-23 07:30:09,613 - INFO - Log file created at: /home/runner/work/potensitech.com/potensitech.com/languages/english/keywords/logs/kw_search_20250923_073009.log
2025-09-23 07:30:09,614 - INFO - ============================================================
2025-09-23 07:30:09,614 - INFO - AUTOMATIC KEYWORD RESEARCH TOOL
2025-09-23 07:30:09,614 - INFO - ============================================================
2025-09-23 07:30:09,752 - INFO - ========================================
2025-09-23 07:30:09,752 - INFO - Found 14 niches to process: xiaomi, iphone, samsung, apple, sony, asus, philips, sandisk, intel, nvidia, amd, canon, nikon, huawei
2025-09-23 07:30:09,752 - INFO - ========================================
2025-09-23 07:30:09,753 - INFO - Continuing from last processed niche: intel
2025-09-23 07:30:09,753 - INFO - ========================================
2025-09-23 07:30:09,753 - INFO - 🎯 PROCESSING NICHE 10/14: 'nvidia'
2025-09-23 07:30:09,753 - INFO - ========================================
2025-09-23 07:30:09,753 - INFO - 📁 Niche directory: /home/runner/work/potensitech.com/potensitech.com/languages/english/keywords/nvidia
2025-09-23 07:30:09,753 - INFO - Selected region: us
2025-09-23 07:30:09,753 - INFO - Selected language: en
2025-09-23 07:30:09,753 - INFO - 🎯 Current niche: nvidia
2025-09-23 07:30:14,593 - INFO - 🎯 Niche terms for filtering: nvidia, cheap, best, latest, review, price, sell, buy, recommendation, tips, tutorial, guide, how to, vs, versus, compared to, comparison, alternatives, which is better, expensive, discount, deals, sale, affordable, cost, online, offline, marketplace, store, shop, retailer, where to buy, worst, quality, original, genuine, fake, replica, authentic, brand, manufacturer, company, product, nvidia product, sell nvidia, buy nvidia, cheap nvidia, best nvidia, nvidia review, where to buy nvidia, how to choose nvidia, top nvidia, nvidia guide, nvidia for sale, nvidia deals
2025-09-23 07:30:14,593 - INFO - Generated 50 niche-clue pairs for 'nvidia'.
2025-09-23 07:30:14,596 - INFO - Expanded 50 seed keywords to 218 variations
2025-09-23 07:30:14,597 - INFO - 🔧 Request Handler initialized - Success rate: 100.0%
2025-09-23 07:34:38,803 - INFO - Original clue keywords: cuda cores
2025-09-23 07:34:38,803 - INFO - Niche-focused seeds: cuda cores nvidia, nvidia cuda cores, cuda cores cheap, cheap cuda cores, cuda cores best, best cuda cores, cuda cores latest, latest cuda cores, cuda cores review, review cuda cores, cuda cores price, price cuda cores, cuda cores sell, sell cuda cores, cuda cores buy, buy cuda cores, cuda cores recommendation, recommendation cuda cores, cuda cores tips, tips cuda cores, cuda cores tutorial, tutorial cuda cores, cuda cores guide, guide cuda cores, cuda cores how to, how to cuda cores, cuda cores vs, vs cuda cores, cuda cores versus, versus cuda cores, cuda cores compared to, compared to cuda cores, cuda cores comparison, comparison cuda cores, cuda cores alternatives, alternatives cuda cores, cuda cores which is better, which is better cuda cores, cuda cores expensive, expensive cuda cores, cuda cores discount, discount cuda cores, cuda cores deals, deals cuda cores, cuda cores sale, sale cuda cores, cuda cores affordable, affordable cuda cores, cuda cores cost, cost cuda cores, cuda cores online, online cuda cores, cuda cores offline, offline cuda cores, cuda cores marketplace, marketplace cuda cores, cuda cores store, store cuda cores, cuda cores shop, shop cuda cores, cuda cores retailer, retailer cuda cores, cuda cores where to buy, where to buy cuda cores, cuda cores worst, worst cuda cores, cuda cores quality, quality cuda cores, cuda cores original, original cuda cores, cuda cores genuine, genuine cuda cores, cuda cores fake, fake cuda cores, cuda cores replica, replica cuda cores, cuda cores authentic, authentic cuda cores, cuda cores brand, brand cuda cores, cuda cores manufacturer, manufacturer cuda cores, cuda cores company, company cuda cores, cuda cores product, product cuda cores, cuda cores nvidia product, nvidia product cuda cores, cuda cores sell nvidia, sell nvidia cuda cores, cuda cores buy nvidia, buy nvidia cuda cores, cuda cores cheap nvidia, cheap nvidia cuda cores, cuda cores best nvidia, best nvidia cuda cores, cuda cores nvidia review, nvidia review cuda cores, cuda cores where to buy nvidia, where to buy nvidia cuda cores, cuda cores how to choose nvidia, how to choose nvidia cuda cores, cuda cores top nvidia, top nvidia cuda cores, cuda cores nvidia guide, nvidia guide cuda cores, cuda cores nvidia for sale, nvidia for sale cuda cores, cuda cores nvidia deals, nvidia deals cuda cores
2025-09-23 07:34:38,806 - INFO - Expanded 110 seed keywords to 275 variations
2025-09-23 07:34:38,806 - INFO - Language: en
2025-09-23 07:34:38,806 - INFO - Region: us
2025-09-23 07:39:10,045 - INFO - 🎯 After all filtering for 'nvidia': 120 relevant keywords
2025-09-23 07:39:10,250 - INFO - 🎯 Found 4 new keywords for niche 'nvidia': nvidia affordable cuda cores, cheap alternatives cuda cores, best authentic cuda cores, how to brand cuda cores
2025-09-23 07:39:18,174 - INFO - ✅ Niche 'nvidia' process complete! 47 total keyword results.
2025-09-23 07:39:18,174 - INFO - ✅ Completed processing niche: 'nvidia'
2025-09-23 07:39:18,174 - INFO - 🔧 Request Handler final stats - Success rate: 100.0%
2025-09-23 07:39:18,174 - INFO -    Total requests: 10472, Blocks: 0
2025-09-23 07:39:18,175 - INFO - 
========================================
2025-09-23 07:39:18,175 - INFO - Process Summary:
2025-09-23 07:39:18,175 - INFO - - Current niche: 'nvidia'
2025-09-23 07:39:18,175 - INFO - - Next niche will be: 'amd'
2025-09-23 07:39:18,175 - INFO - - Keywords saved in: languages/english/keywords/nvidia/
2025-09-23 07:39:18,176 - INFO - ========================================
