2025-09-16 03:07:52,664 - INFO - Log file created at: /home/runner/work/potensitech.com/potensitech.com/languages/english/keywords/logs/kw_search_20250916_030752.log
2025-09-16 03:07:52,664 - INFO - ============================================================
2025-09-16 03:07:52,664 - INFO - AUTOMATIC KEYWORD RESEARCH TOOL
2025-09-16 03:07:52,664 - INFO - ============================================================
2025-09-16 03:07:52,779 - INFO - ========================================
2025-09-16 03:07:52,779 - INFO - Found 14 niches to process: xiaomi, iphone, samsung, apple, sony, asus, philips, sandisk, intel, nvidia, amd, canon, nikon, huawei
2025-09-16 03:07:52,779 - INFO - ========================================
2025-09-16 03:07:52,779 - INFO - Continuing from last processed niche: philips
2025-09-16 03:07:52,779 - INFO - ========================================
2025-09-16 03:07:52,779 - INFO - 🎯 PROCESSING NICHE 8/14: 'sandisk'
2025-09-16 03:07:52,779 - INFO - ========================================
2025-09-16 03:07:52,779 - INFO - 📁 Niche directory: /home/runner/work/potensitech.com/potensitech.com/languages/english/keywords/sandisk
2025-09-16 03:07:52,779 - INFO - Selected region: us
2025-09-16 03:07:52,779 - INFO - Selected language: en
2025-09-16 03:07:52,779 - INFO - 🎯 Current niche: sandisk
2025-09-16 03:08:02,762 - INFO - 🎯 Niche terms for filtering: sandisk, cheap, best, latest, review, price, sell, buy, recommendation, tips, tutorial, guide, how to, vs, versus, compared to, comparison, alternatives, which is better, expensive, discount, deals, sale, affordable, cost, online, offline, marketplace, store, shop, retailer, where to buy, worst, quality, original, genuine, fake, replica, authentic, brand, manufacturer, company, product, sandisk product, sell sandisk, buy sandisk, cheap sandisk, best sandisk, sandisk review, where to buy sandisk, how to choose sandisk, top sandisk, sandisk guide, sandisk for sale, sandisk deals
2025-09-16 03:08:02,762 - INFO - Generated 50 niche-clue pairs for 'sandisk'.
2025-09-16 03:08:02,765 - INFO - Expanded 50 seed keywords to 218 variations
2025-09-16 03:08:02,765 - INFO - 🔧 Request Handler initialized - Success rate: 100.0%
2025-09-16 03:12:25,844 - INFO - Original clue keywords: long battery, fast charging
2025-09-16 03:12:25,844 - INFO - Niche-focused seeds: long battery sandisk, sandisk long battery, long battery cheap, cheap long battery, long battery best, best long battery, long battery latest, latest long battery, long battery review, review long battery, long battery price, price long battery, long battery sell, sell long battery, long battery buy, buy long battery, long battery recommendation, recommendation long battery, long battery tips, tips long battery, long battery tutorial, tutorial long battery, long battery guide, guide long battery, long battery how to, how to long battery, long battery vs, vs long battery, long battery versus, versus long battery, long battery compared to, compared to long battery, long battery comparison, comparison long battery, long battery alternatives, alternatives long battery, long battery which is better, which is better long battery, long battery expensive, expensive long battery, long battery discount, discount long battery, long battery deals, deals long battery, long battery sale, sale long battery, long battery affordable, affordable long battery, long battery cost, cost long battery, long battery online, online long battery, long battery offline, offline long battery, long battery marketplace, marketplace long battery, long battery store, store long battery, long battery shop, shop long battery, long battery retailer, retailer long battery, long battery where to buy, where to buy long battery, long battery worst, worst long battery, long battery quality, quality long battery, long battery original, original long battery, long battery genuine, genuine long battery, long battery fake, fake long battery, long battery replica, replica long battery, long battery authentic, authentic long battery, long battery brand, brand long battery, long battery manufacturer, manufacturer long battery, long battery company, company long battery, long battery product, product long battery, long battery sandisk product, sandisk product long battery, long battery sell sandisk, sell sandisk long battery, long battery buy sandisk, buy sandisk long battery, long battery cheap sandisk, cheap sandisk long battery, long battery best sandisk, best sandisk long battery, long battery sandisk review, sandisk review long battery, long battery where to buy sandisk, where to buy sandisk long battery, long battery how to choose sandisk, how to choose sandisk long battery, long battery top sandisk, top sandisk long battery, long battery sandisk guide, sandisk guide long battery, long battery sandisk for sale, sandisk for sale long battery, long battery sandisk deals, sandisk deals long battery, fast charging sandisk, sandisk fast charging, fast charging cheap, cheap fast charging, fast charging best, best fast charging, fast charging latest, latest fast charging, fast charging review, review fast charging, fast charging price, price fast charging, fast charging sell, sell fast charging, fast charging buy, buy fast charging, fast charging recommendation, recommendation fast charging, fast charging tips, tips fast charging, fast charging tutorial, tutorial fast charging, fast charging guide, guide fast charging, fast charging how to, how to fast charging, fast charging vs, vs fast charging, fast charging versus, versus fast charging, fast charging compared to, compared to fast charging, fast charging comparison, comparison fast charging, fast charging alternatives, alternatives fast charging, fast charging which is better, which is better fast charging, fast charging expensive, expensive fast charging, fast charging discount, discount fast charging, fast charging deals, deals fast charging, fast charging sale, sale fast charging, fast charging affordable, affordable fast charging, fast charging cost, cost fast charging, fast charging online, online fast charging, fast charging offline, offline fast charging, fast charging marketplace, marketplace fast charging, fast charging store, store fast charging, fast charging shop, shop fast charging, fast charging retailer, retailer fast charging, fast charging where to buy, where to buy fast charging, fast charging worst, worst fast charging, fast charging quality, quality fast charging, fast charging original, original fast charging, fast charging genuine, genuine fast charging, fast charging fake, fake fast charging, fast charging replica, replica fast charging, fast charging authentic, authentic fast charging, fast charging brand, brand fast charging, fast charging manufacturer, manufacturer fast charging, fast charging company, company fast charging, fast charging product, product fast charging, fast charging sandisk product, sandisk product fast charging, fast charging sell sandisk, sell sandisk fast charging, fast charging buy sandisk, buy sandisk fast charging, fast charging cheap sandisk, cheap sandisk fast charging, fast charging best sandisk, best sandisk fast charging, fast charging sandisk review, sandisk review fast charging, fast charging where to buy sandisk, where to buy sandisk fast charging, fast charging how to choose sandisk, how to choose sandisk fast charging, fast charging top sandisk, top sandisk fast charging, fast charging sandisk guide, sandisk guide fast charging, fast charging sandisk for sale, sandisk for sale fast charging, fast charging sandisk deals, sandisk deals fast charging
2025-09-16 03:12:25,847 - INFO - Expanded 220 seed keywords to 385 variations
2025-09-16 03:12:25,847 - INFO - Language: en
2025-09-16 03:12:25,848 - INFO - Region: us
2025-09-16 03:16:56,613 - INFO - 🎯 After all filtering for 'sandisk': 120 relevant keywords
2025-09-16 03:16:56,620 - INFO - 🎯 Found 5 new keywords for niche 'sandisk': sandisk affordable fast charging, sandisk affordable long battery, cheap alternatives fast charging, cheap alternatives long battery, best authentic fast charging
2025-09-16 03:17:19,389 - INFO - ✅ Niche 'sandisk' process complete! 15 total keyword results.
2025-09-16 03:17:19,390 - INFO - ✅ Completed processing niche: 'sandisk'
2025-09-16 03:17:19,390 - INFO - 🔧 Request Handler final stats - Success rate: 100.0%
2025-09-16 03:17:19,390 - INFO -    Total requests: 4133, Blocks: 0
2025-09-16 03:17:19,391 - INFO - 
========================================
2025-09-16 03:17:19,391 - INFO - Process Summary:
2025-09-16 03:17:19,391 - INFO - - Current niche: 'sandisk'
2025-09-16 03:17:19,391 - INFO - - Next niche will be: 'intel'
2025-09-16 03:17:19,391 - INFO - - Keywords saved in: languages/english/keywords/sandisk/
2025-09-16 03:17:19,391 - INFO - ========================================
