2025-11-13 07:31:34,945 - INFO - Log file created at: /home/runner/work/potensitech.com/potensitech.com/languages/english/keywords/logs/kw_search_20251113_073134.log
2025-11-13 07:31:34,945 - INFO - ============================================================
2025-11-13 07:31:34,945 - INFO - AUTOMATIC KEYWORD RESEARCH TOOL
2025-11-13 07:31:34,945 - INFO - ============================================================
2025-11-13 07:31:35,145 - INFO - ========================================
2025-11-13 07:31:35,145 - INFO - Found 14 niches to process: xiaomi, iphone, samsung, apple, sony, asus, philips, sandisk, intel, nvidia, amd, canon, nikon, huawei
2025-11-13 07:31:35,145 - INFO - ========================================
2025-11-13 07:31:35,145 - INFO - Continuing from last processed niche: canon
2025-11-13 07:31:35,145 - INFO - ========================================
2025-11-13 07:31:35,145 - INFO - 🎯 PROCESSING NICHE 13/14: 'nikon'
2025-11-13 07:31:35,145 - INFO - ========================================
2025-11-13 07:31:35,145 - INFO - 📁 Niche directory: /home/runner/work/potensitech.com/potensitech.com/languages/english/keywords/nikon
2025-11-13 07:31:35,145 - INFO - Selected region: us
2025-11-13 07:31:35,145 - INFO - Selected language: en
2025-11-13 07:31:35,145 - INFO - 🎯 Current niche: nikon
2025-11-13 07:31:40,368 - INFO - 🎯 Niche terms for filtering: nikon, cheap, best, latest, review, price, sell, buy, recommendation, tips, tutorial, guide, how to, vs, versus, compared to, comparison, alternatives, which is better, expensive, discount, deals, sale, affordable, cost, online, offline, marketplace, store, shop, retailer, where to buy, worst, quality, original, genuine, fake, replica, authentic, brand, manufacturer, company, product, nikon product, sell nikon, buy nikon, cheap nikon, best nikon, nikon review, where to buy nikon, how to choose nikon, top nikon, nikon guide, nikon for sale, nikon deals
2025-11-13 07:31:40,368 - INFO - Generated 50 niche-clue pairs for 'nikon'.
2025-11-13 07:31:40,371 - INFO - Expanded 50 seed keywords to 218 variations
2025-11-13 07:31:40,372 - INFO - 🔧 Request Handler initialized - Success rate: 100.0%
2025-11-13 07:36:04,485 - INFO - Original clue keywords: dslr lens, mirrorless photography
2025-11-13 07:36:04,485 - INFO - Niche-focused seeds: dslr lens nikon, nikon dslr lens, dslr lens cheap, cheap dslr lens, dslr lens best, best dslr lens, dslr lens latest, latest dslr lens, dslr lens review, review dslr lens, dslr lens price, price dslr lens, dslr lens sell, sell dslr lens, dslr lens buy, buy dslr lens, dslr lens recommendation, recommendation dslr lens, dslr lens tips, tips dslr lens, dslr lens tutorial, tutorial dslr lens, dslr lens guide, guide dslr lens, dslr lens how to, how to dslr lens, dslr lens vs, vs dslr lens, dslr lens versus, versus dslr lens, dslr lens compared to, compared to dslr lens, dslr lens comparison, comparison dslr lens, dslr lens alternatives, alternatives dslr lens, dslr lens which is better, which is better dslr lens, dslr lens expensive, expensive dslr lens, dslr lens discount, discount dslr lens, dslr lens deals, deals dslr lens, dslr lens sale, sale dslr lens, dslr lens affordable, affordable dslr lens, dslr lens cost, cost dslr lens, dslr lens online, online dslr lens, dslr lens offline, offline dslr lens, dslr lens marketplace, marketplace dslr lens, dslr lens store, store dslr lens, dslr lens shop, shop dslr lens, dslr lens retailer, retailer dslr lens, dslr lens where to buy, where to buy dslr lens, dslr lens worst, worst dslr lens, dslr lens quality, quality dslr lens, dslr lens original, original dslr lens, dslr lens genuine, genuine dslr lens, dslr lens fake, fake dslr lens, dslr lens replica, replica dslr lens, dslr lens authentic, authentic dslr lens, dslr lens brand, brand dslr lens, dslr lens manufacturer, manufacturer dslr lens, dslr lens company, company dslr lens, dslr lens product, product dslr lens, dslr lens nikon product, nikon product dslr lens, dslr lens sell nikon, sell nikon dslr lens, dslr lens buy nikon, buy nikon dslr lens, dslr lens cheap nikon, cheap nikon dslr lens, dslr lens best nikon, best nikon dslr lens, dslr lens nikon review, nikon review dslr lens, dslr lens where to buy nikon, where to buy nikon dslr lens, dslr lens how to choose nikon, how to choose nikon dslr lens, dslr lens top nikon, top nikon dslr lens, dslr lens nikon guide, nikon guide dslr lens, dslr lens nikon for sale, nikon for sale dslr lens, dslr lens nikon deals, nikon deals dslr lens, mirrorless photography nikon, nikon mirrorless photography, mirrorless photography cheap, cheap mirrorless photography, mirrorless photography best, best mirrorless photography, mirrorless photography latest, latest mirrorless photography, mirrorless photography review, review mirrorless photography, mirrorless photography price, price mirrorless photography, mirrorless photography sell, sell mirrorless photography, mirrorless photography buy, buy mirrorless photography, mirrorless photography recommendation, recommendation mirrorless photography, mirrorless photography tips, tips mirrorless photography, mirrorless photography tutorial, tutorial mirrorless photography, mirrorless photography guide, guide mirrorless photography, mirrorless photography how to, how to mirrorless photography, mirrorless photography vs, vs mirrorless photography, mirrorless photography versus, versus mirrorless photography, mirrorless photography compared to, compared to mirrorless photography, mirrorless photography comparison, comparison mirrorless photography, mirrorless photography alternatives, alternatives mirrorless photography, mirrorless photography which is better, which is better mirrorless photography, mirrorless photography expensive, expensive mirrorless photography, mirrorless photography discount, discount mirrorless photography, mirrorless photography deals, deals mirrorless photography, mirrorless photography sale, sale mirrorless photography, mirrorless photography affordable, affordable mirrorless photography, mirrorless photography cost, cost mirrorless photography, mirrorless photography online, online mirrorless photography, mirrorless photography offline, offline mirrorless photography, mirrorless photography marketplace, marketplace mirrorless photography, mirrorless photography store, store mirrorless photography, mirrorless photography shop, shop mirrorless photography, mirrorless photography retailer, retailer mirrorless photography, mirrorless photography where to buy, where to buy mirrorless photography, mirrorless photography worst, worst mirrorless photography, mirrorless photography quality, quality mirrorless photography, mirrorless photography original, original mirrorless photography, mirrorless photography genuine, genuine mirrorless photography, mirrorless photography fake, fake mirrorless photography, mirrorless photography replica, replica mirrorless photography, mirrorless photography authentic, authentic mirrorless photography, mirrorless photography brand, brand mirrorless photography, mirrorless photography manufacturer, manufacturer mirrorless photography, mirrorless photography company, company mirrorless photography, mirrorless photography product, product mirrorless photography, mirrorless photography nikon product, nikon product mirrorless photography, mirrorless photography sell nikon, sell nikon mirrorless photography, mirrorless photography buy nikon, buy nikon mirrorless photography, mirrorless photography cheap nikon, cheap nikon mirrorless photography, mirrorless photography best nikon, best nikon mirrorless photography, mirrorless photography nikon review, nikon review mirrorless photography, mirrorless photography where to buy nikon, where to buy nikon mirrorless photography, mirrorless photography how to choose nikon, how to choose nikon mirrorless photography, mirrorless photography top nikon, top nikon mirrorless photography, mirrorless photography nikon guide, nikon guide mirrorless photography, mirrorless photography nikon for sale, nikon for sale mirrorless photography, mirrorless photography nikon deals, nikon deals mirrorless photography
2025-11-13 07:36:04,488 - INFO - Expanded 220 seed keywords to 385 variations
2025-11-13 07:36:04,488 - INFO - Language: en
2025-11-13 07:36:04,488 - INFO - Region: us
2025-11-13 07:40:37,143 - INFO - 🎯 After all filtering for 'nikon': 120 relevant keywords
2025-11-13 07:40:37,304 - INFO - 🎯 Found 2 new keywords for niche 'nikon': nikon affordable dslr lens, nikon affordable mirrorless photography
2025-11-13 07:40:55,067 - INFO - ✅ Niche 'nikon' process complete! 241 total keyword results.
2025-11-13 07:40:55,067 - INFO - ✅ Completed processing niche: 'nikon'
2025-11-13 07:40:55,067 - INFO - 🔧 Request Handler final stats - Success rate: 100.0%
2025-11-13 07:40:55,067 - INFO -    Total requests: 41589, Blocks: 0
2025-11-13 07:40:55,068 - INFO - 
========================================
2025-11-13 07:40:55,069 - INFO - Process Summary:
2025-11-13 07:40:55,069 - INFO - - Current niche: 'nikon'
2025-11-13 07:40:55,069 - INFO - - Next niche will be: 'huawei'
2025-11-13 07:40:55,069 - INFO - - Keywords saved in: languages/english/keywords/nikon/
2025-11-13 07:40:55,069 - INFO - ========================================
