2025-10-06 01:57:54,052 - INFO - Log file created at: /home/runner/work/potensitech.com/potensitech.com/languages/english/keywords/logs/kw_search_20251006_015754.log
2025-10-06 01:57:54,052 - INFO - ============================================================
2025-10-06 01:57:54,052 - INFO - AUTOMATIC KEYWORD RESEARCH TOOL
2025-10-06 01:57:54,052 - INFO - ============================================================
2025-10-06 01:57:54,202 - INFO - ========================================
2025-10-06 01:57:54,203 - INFO - Found 14 niches to process: xiaomi, iphone, samsung, apple, sony, asus, philips, sandisk, intel, nvidia, amd, canon, nikon, huawei
2025-10-06 01:57:54,203 - INFO - ========================================
2025-10-06 01:57:54,203 - INFO - Continuing from last processed niche: nvidia
2025-10-06 01:57:54,203 - INFO - ========================================
2025-10-06 01:57:54,203 - INFO - 🎯 PROCESSING NICHE 11/14: 'amd'
2025-10-06 01:57:54,203 - INFO - ========================================
2025-10-06 01:57:54,203 - INFO - 📁 Niche directory: /home/runner/work/potensitech.com/potensitech.com/languages/english/keywords/amd
2025-10-06 01:57:54,203 - INFO - Selected region: us
2025-10-06 01:57:54,203 - INFO - Selected language: en
2025-10-06 01:57:54,203 - INFO - 🎯 Current niche: amd
2025-10-06 01:57:57,130 - INFO - 🎯 Niche terms for filtering: amd, cheap, best, latest, review, price, sell, buy, recommendation, tips, tutorial, guide, how to, vs, versus, compared to, comparison, alternatives, which is better, expensive, discount, deals, sale, affordable, cost, online, offline, marketplace, store, shop, retailer, where to buy, worst, quality, original, genuine, fake, replica, authentic, brand, manufacturer, company, product, amd product, sell amd, buy amd, cheap amd, best amd, amd review, where to buy amd, how to choose amd, top amd, amd guide, amd for sale, amd deals
2025-10-06 01:57:57,130 - INFO - Generated 50 niche-clue pairs for 'amd'.
2025-10-06 01:57:57,133 - INFO - Expanded 50 seed keywords to 218 variations
2025-10-06 01:57:57,134 - INFO - 🔧 Request Handler initialized - Success rate: 100.0%
2025-10-06 02:02:19,635 - INFO - Original clue keywords: gpu performance, ray tracing
2025-10-06 02:02:19,635 - INFO - Niche-focused seeds: gpu performance amd, amd gpu performance, gpu performance cheap, cheap gpu performance, gpu performance best, best gpu performance, gpu performance latest, latest gpu performance, gpu performance review, review gpu performance, gpu performance price, price gpu performance, gpu performance sell, sell gpu performance, gpu performance buy, buy gpu performance, gpu performance recommendation, recommendation gpu performance, gpu performance tips, tips gpu performance, gpu performance tutorial, tutorial gpu performance, gpu performance guide, guide gpu performance, gpu performance how to, how to gpu performance, gpu performance vs, vs gpu performance, gpu performance versus, versus gpu performance, gpu performance compared to, compared to gpu performance, gpu performance comparison, comparison gpu performance, gpu performance alternatives, alternatives gpu performance, gpu performance which is better, which is better gpu performance, gpu performance expensive, expensive gpu performance, gpu performance discount, discount gpu performance, gpu performance deals, deals gpu performance, gpu performance sale, sale gpu performance, gpu performance affordable, affordable gpu performance, gpu performance cost, cost gpu performance, gpu performance online, online gpu performance, gpu performance offline, offline gpu performance, gpu performance marketplace, marketplace gpu performance, gpu performance store, store gpu performance, gpu performance shop, shop gpu performance, gpu performance retailer, retailer gpu performance, gpu performance where to buy, where to buy gpu performance, gpu performance worst, worst gpu performance, gpu performance quality, quality gpu performance, gpu performance original, original gpu performance, gpu performance genuine, genuine gpu performance, gpu performance fake, fake gpu performance, gpu performance replica, replica gpu performance, gpu performance authentic, authentic gpu performance, gpu performance brand, brand gpu performance, gpu performance manufacturer, manufacturer gpu performance, gpu performance company, company gpu performance, gpu performance product, product gpu performance, gpu performance amd product, amd product gpu performance, gpu performance sell amd, sell amd gpu performance, gpu performance buy amd, buy amd gpu performance, gpu performance cheap amd, cheap amd gpu performance, gpu performance best amd, best amd gpu performance, gpu performance amd review, amd review gpu performance, gpu performance where to buy amd, where to buy amd gpu performance, gpu performance how to choose amd, how to choose amd gpu performance, gpu performance top amd, top amd gpu performance, gpu performance amd guide, amd guide gpu performance, gpu performance amd for sale, amd for sale gpu performance, gpu performance amd deals, amd deals gpu performance, ray tracing amd, amd ray tracing, ray tracing cheap, cheap ray tracing, ray tracing best, best ray tracing, ray tracing latest, latest ray tracing, ray tracing review, review ray tracing, ray tracing price, price ray tracing, ray tracing sell, sell ray tracing, ray tracing buy, buy ray tracing, ray tracing recommendation, recommendation ray tracing, ray tracing tips, tips ray tracing, ray tracing tutorial, tutorial ray tracing, ray tracing guide, guide ray tracing, ray tracing how to, how to ray tracing, ray tracing vs, vs ray tracing, ray tracing versus, versus ray tracing, ray tracing compared to, compared to ray tracing, ray tracing comparison, comparison ray tracing, ray tracing alternatives, alternatives ray tracing, ray tracing which is better, which is better ray tracing, ray tracing expensive, expensive ray tracing, ray tracing discount, discount ray tracing, ray tracing deals, deals ray tracing, ray tracing sale, sale ray tracing, ray tracing affordable, affordable ray tracing, ray tracing cost, cost ray tracing, ray tracing online, online ray tracing, ray tracing offline, offline ray tracing, ray tracing marketplace, marketplace ray tracing, ray tracing store, store ray tracing, ray tracing shop, shop ray tracing, ray tracing retailer, retailer ray tracing, ray tracing where to buy, where to buy ray tracing, ray tracing worst, worst ray tracing, ray tracing quality, quality ray tracing, ray tracing original, original ray tracing, ray tracing genuine, genuine ray tracing, ray tracing fake, fake ray tracing, ray tracing replica, replica ray tracing, ray tracing authentic, authentic ray tracing, ray tracing brand, brand ray tracing, ray tracing manufacturer, manufacturer ray tracing, ray tracing company, company ray tracing, ray tracing product, product ray tracing, ray tracing amd product, amd product ray tracing, ray tracing sell amd, sell amd ray tracing, ray tracing buy amd, buy amd ray tracing, ray tracing cheap amd, cheap amd ray tracing, ray tracing best amd, best amd ray tracing, ray tracing amd review, amd review ray tracing, ray tracing where to buy amd, where to buy amd ray tracing, ray tracing how to choose amd, how to choose amd ray tracing, ray tracing top amd, top amd ray tracing, ray tracing amd guide, amd guide ray tracing, ray tracing amd for sale, amd for sale ray tracing, ray tracing amd deals, amd deals ray tracing
2025-10-06 02:02:19,638 - INFO - Expanded 220 seed keywords to 385 variations
2025-10-06 02:02:19,638 - INFO - Language: en
2025-10-06 02:02:19,638 - INFO - Region: us
2025-10-06 02:04:26,230 - INFO - 🎯 After all filtering for 'amd': 120 relevant keywords
2025-10-06 02:04:26,356 - INFO - 🎯 Found 2 new keywords for niche 'amd': amd affordable gpu performance, amd affordable ray tracing
2025-10-06 02:04:33,169 - INFO - ✅ Niche 'amd' process complete! 117 total keyword results.
2025-10-06 02:04:33,170 - INFO - ✅ Completed processing niche: 'amd'
2025-10-06 02:04:33,170 - INFO - 🔧 Request Handler final stats - Success rate: 100.0%
2025-10-06 02:04:33,170 - INFO -    Total requests: 19808, Blocks: 0
2025-10-06 02:04:33,171 - INFO - 
========================================
2025-10-06 02:04:33,171 - INFO - Process Summary:
2025-10-06 02:04:33,171 - INFO - - Current niche: 'amd'
2025-10-06 02:04:33,171 - INFO - - Next niche will be: 'canon'
2025-10-06 02:04:33,171 - INFO - - Keywords saved in: languages/english/keywords/amd/
2025-10-06 02:04:33,171 - INFO - ========================================
