2025-11-09 19:22:20,460 - INFO - Log file created at: /home/runner/work/potensitech.com/potensitech.com/languages/english/keywords/logs/kw_search_20251109_192220.log
2025-11-09 19:22:20,461 - INFO - ============================================================
2025-11-09 19:22:20,461 - INFO - AUTOMATIC KEYWORD RESEARCH TOOL
2025-11-09 19:22:20,461 - INFO - ============================================================
2025-11-09 19:22:20,665 - INFO - ========================================
2025-11-09 19:22:20,665 - INFO - Found 14 niches to process: xiaomi, iphone, samsung, apple, sony, asus, philips, sandisk, intel, nvidia, amd, canon, nikon, huawei
2025-11-09 19:22:20,665 - INFO - ========================================
2025-11-09 19:22:20,665 - INFO - Continuing from last processed niche: sony
2025-11-09 19:22:20,665 - INFO - ========================================
2025-11-09 19:22:20,665 - INFO - 🎯 PROCESSING NICHE 6/14: 'asus'
2025-11-09 19:22:20,665 - INFO - ========================================
2025-11-09 19:22:20,665 - INFO - 📁 Niche directory: /home/runner/work/potensitech.com/potensitech.com/languages/english/keywords/asus
2025-11-09 19:22:20,665 - INFO - Selected region: us
2025-11-09 19:22:20,666 - INFO - Selected language: en
2025-11-09 19:22:20,666 - INFO - 🎯 Current niche: asus
2025-11-09 19:22:25,246 - INFO - 🎯 Niche terms for filtering: asus, cheap, best, latest, review, price, sell, buy, recommendation, tips, tutorial, guide, how to, vs, versus, compared to, comparison, alternatives, which is better, expensive, discount, deals, sale, affordable, cost, online, offline, marketplace, store, shop, retailer, where to buy, worst, quality, original, genuine, fake, replica, authentic, brand, manufacturer, company, product, asus product, sell asus, buy asus, cheap asus, best asus, asus review, where to buy asus, how to choose asus, top asus, asus guide, asus for sale, asus deals
2025-11-09 19:22:25,246 - INFO - Generated 50 niche-clue pairs for 'asus'.
2025-11-09 19:22:25,249 - INFO - Expanded 50 seed keywords to 218 variations
2025-11-09 19:22:25,249 - INFO - 🔧 Request Handler initialized - Success rate: 100.0%
2025-11-09 19:26:51,026 - INFO - Original clue keywords: gaming smartphone, flagship phone
2025-11-09 19:26:51,027 - INFO - Niche-focused seeds: gaming smartphone asus, asus gaming smartphone, gaming smartphone cheap, cheap gaming smartphone, gaming smartphone best, best gaming smartphone, gaming smartphone latest, latest gaming smartphone, gaming smartphone review, review gaming smartphone, gaming smartphone price, price gaming smartphone, gaming smartphone sell, sell gaming smartphone, gaming smartphone buy, buy gaming smartphone, gaming smartphone recommendation, recommendation gaming smartphone, gaming smartphone tips, tips gaming smartphone, gaming smartphone tutorial, tutorial gaming smartphone, gaming smartphone guide, guide gaming smartphone, gaming smartphone how to, how to gaming smartphone, gaming smartphone vs, vs gaming smartphone, gaming smartphone versus, versus gaming smartphone, gaming smartphone compared to, compared to gaming smartphone, gaming smartphone comparison, comparison gaming smartphone, gaming smartphone alternatives, alternatives gaming smartphone, gaming smartphone which is better, which is better gaming smartphone, gaming smartphone expensive, expensive gaming smartphone, gaming smartphone discount, discount gaming smartphone, gaming smartphone deals, deals gaming smartphone, gaming smartphone sale, sale gaming smartphone, gaming smartphone affordable, affordable gaming smartphone, gaming smartphone cost, cost gaming smartphone, gaming smartphone online, online gaming smartphone, gaming smartphone offline, offline gaming smartphone, gaming smartphone marketplace, marketplace gaming smartphone, gaming smartphone store, store gaming smartphone, gaming smartphone shop, shop gaming smartphone, gaming smartphone retailer, retailer gaming smartphone, gaming smartphone where to buy, where to buy gaming smartphone, gaming smartphone worst, worst gaming smartphone, gaming smartphone quality, quality gaming smartphone, gaming smartphone original, original gaming smartphone, gaming smartphone genuine, genuine gaming smartphone, gaming smartphone fake, fake gaming smartphone, gaming smartphone replica, replica gaming smartphone, gaming smartphone authentic, authentic gaming smartphone, gaming smartphone brand, brand gaming smartphone, gaming smartphone manufacturer, manufacturer gaming smartphone, gaming smartphone company, company gaming smartphone, gaming smartphone product, product gaming smartphone, gaming smartphone asus product, asus product gaming smartphone, gaming smartphone sell asus, sell asus gaming smartphone, gaming smartphone buy asus, buy asus gaming smartphone, gaming smartphone cheap asus, cheap asus gaming smartphone, gaming smartphone best asus, best asus gaming smartphone, gaming smartphone asus review, asus review gaming smartphone, gaming smartphone where to buy asus, where to buy asus gaming smartphone, gaming smartphone how to choose asus, how to choose asus gaming smartphone, gaming smartphone top asus, top asus gaming smartphone, gaming smartphone asus guide, asus guide gaming smartphone, gaming smartphone asus for sale, asus for sale gaming smartphone, gaming smartphone asus deals, asus deals gaming smartphone, flagship phone asus, asus flagship phone, flagship phone cheap, cheap flagship phone, flagship phone best, best flagship phone, flagship phone latest, latest flagship phone, flagship phone review, review flagship phone, flagship phone price, price flagship phone, flagship phone sell, sell flagship phone, flagship phone buy, buy flagship phone, flagship phone recommendation, recommendation flagship phone, flagship phone tips, tips flagship phone, flagship phone tutorial, tutorial flagship phone, flagship phone guide, guide flagship phone, flagship phone how to, how to flagship phone, flagship phone vs, vs flagship phone, flagship phone versus, versus flagship phone, flagship phone compared to, compared to flagship phone, flagship phone comparison, comparison flagship phone, flagship phone alternatives, alternatives flagship phone, flagship phone which is better, which is better flagship phone, flagship phone expensive, expensive flagship phone, flagship phone discount, discount flagship phone, flagship phone deals, deals flagship phone, flagship phone sale, sale flagship phone, flagship phone affordable, affordable flagship phone, flagship phone cost, cost flagship phone, flagship phone online, online flagship phone, flagship phone offline, offline flagship phone, flagship phone marketplace, marketplace flagship phone, flagship phone store, store flagship phone, flagship phone shop, shop flagship phone, flagship phone retailer, retailer flagship phone, flagship phone where to buy, where to buy flagship phone, flagship phone worst, worst flagship phone, flagship phone quality, quality flagship phone, flagship phone original, original flagship phone, flagship phone genuine, genuine flagship phone, flagship phone fake, fake flagship phone, flagship phone replica, replica flagship phone, flagship phone authentic, authentic flagship phone, flagship phone brand, brand flagship phone, flagship phone manufacturer, manufacturer flagship phone, flagship phone company, company flagship phone, flagship phone product, product flagship phone, flagship phone asus product, asus product flagship phone, flagship phone sell asus, sell asus flagship phone, flagship phone buy asus, buy asus flagship phone, flagship phone cheap asus, cheap asus flagship phone, flagship phone best asus, best asus flagship phone, flagship phone asus review, asus review flagship phone, flagship phone where to buy asus, where to buy asus flagship phone, flagship phone how to choose asus, how to choose asus flagship phone, flagship phone top asus, top asus flagship phone, flagship phone asus guide, asus guide flagship phone, flagship phone asus for sale, asus for sale flagship phone, flagship phone asus deals, asus deals flagship phone
2025-11-09 19:26:51,030 - INFO - Expanded 220 seed keywords to 385 variations
2025-11-09 19:26:51,030 - INFO - Language: en
2025-11-09 19:26:51,030 - INFO - Region: us
2025-11-09 19:31:22,297 - INFO - 🎯 After all filtering for 'asus': 120 relevant keywords
2025-11-09 19:31:22,724 - INFO - 🎯 Found 5 new keywords for niche 'asus': asus affordable flagship phone, asus affordable gaming smartphone, cheap alternatives flagship phone, best authentic flagship phone, how to brand flagship phone
2025-11-09 19:31:29,126 - INFO - ✅ Niche 'asus' process complete! 234 total keyword results.
2025-11-09 19:31:29,127 - INFO - ✅ Completed processing niche: 'asus'
2025-11-09 19:31:29,127 - INFO - 🔧 Request Handler final stats - Success rate: 100.0%
2025-11-09 19:31:29,127 - INFO -    Total requests: 39169, Blocks: 0
2025-11-09 19:31:29,128 - INFO - 
========================================
2025-11-09 19:31:29,128 - INFO - Process Summary:
2025-11-09 19:31:29,128 - INFO - - Current niche: 'asus'
2025-11-09 19:31:29,128 - INFO - - Next niche will be: 'philips'
2025-11-09 19:31:29,128 - INFO - - Keywords saved in: languages/english/keywords/asus/
2025-11-09 19:31:29,129 - INFO - ========================================
