2025-10-09 21:43:28,632 - INFO - Log file created at: /home/runner/work/potensitech.com/potensitech.com/languages/english/keywords/logs/kw_search_20251009_214328.log
2025-10-09 21:43:28,632 - INFO - ============================================================
2025-10-09 21:43:28,632 - INFO - AUTOMATIC KEYWORD RESEARCH TOOL
2025-10-09 21:43:28,632 - INFO - ============================================================
2025-10-09 21:43:28,787 - INFO - ========================================
2025-10-09 21:43:28,787 - INFO - Found 14 niches to process: xiaomi, iphone, samsung, apple, sony, asus, philips, sandisk, intel, nvidia, amd, canon, nikon, huawei
2025-10-09 21:43:28,787 - INFO - ========================================
2025-10-09 21:43:28,788 - INFO - Continuing from last processed niche: philips
2025-10-09 21:43:28,788 - INFO - ========================================
2025-10-09 21:43:28,788 - INFO - 🎯 PROCESSING NICHE 8/14: 'sandisk'
2025-10-09 21:43:28,788 - INFO - ========================================
2025-10-09 21:43:28,788 - INFO - 📁 Niche directory: /home/runner/work/potensitech.com/potensitech.com/languages/english/keywords/sandisk
2025-10-09 21:43:28,788 - INFO - Selected region: us
2025-10-09 21:43:28,788 - INFO - Selected language: en
2025-10-09 21:43:28,788 - INFO - 🎯 Current niche: sandisk
2025-10-09 21:43:31,924 - INFO - 🎯 Niche terms for filtering: sandisk, cheap, best, latest, review, price, sell, buy, recommendation, tips, tutorial, guide, how to, vs, versus, compared to, comparison, alternatives, which is better, expensive, discount, deals, sale, affordable, cost, online, offline, marketplace, store, shop, retailer, where to buy, worst, quality, original, genuine, fake, replica, authentic, brand, manufacturer, company, product, sandisk product, sell sandisk, buy sandisk, cheap sandisk, best sandisk, sandisk review, where to buy sandisk, how to choose sandisk, top sandisk, sandisk guide, sandisk for sale, sandisk deals
2025-10-09 21:43:31,924 - INFO - Generated 50 niche-clue pairs for 'sandisk'.
2025-10-09 21:43:31,926 - INFO - Expanded 50 seed keywords to 218 variations
2025-10-09 21:43:31,926 - INFO - 🔧 Request Handler initialized - Success rate: 100.0%
2025-10-09 21:47:58,417 - INFO - Original clue keywords: performance boost, storage capacity
2025-10-09 21:47:58,418 - INFO - Niche-focused seeds: performance boost sandisk, sandisk performance boost, performance boost cheap, cheap performance boost, performance boost best, best performance boost, performance boost latest, latest performance boost, performance boost review, review performance boost, performance boost price, price performance boost, performance boost sell, sell performance boost, performance boost buy, buy performance boost, performance boost recommendation, recommendation performance boost, performance boost tips, tips performance boost, performance boost tutorial, tutorial performance boost, performance boost guide, guide performance boost, performance boost how to, how to performance boost, performance boost vs, vs performance boost, performance boost versus, versus performance boost, performance boost compared to, compared to performance boost, performance boost comparison, comparison performance boost, performance boost alternatives, alternatives performance boost, performance boost which is better, which is better performance boost, performance boost expensive, expensive performance boost, performance boost discount, discount performance boost, performance boost deals, deals performance boost, performance boost sale, sale performance boost, performance boost affordable, affordable performance boost, performance boost cost, cost performance boost, performance boost online, online performance boost, performance boost offline, offline performance boost, performance boost marketplace, marketplace performance boost, performance boost store, store performance boost, performance boost shop, shop performance boost, performance boost retailer, retailer performance boost, performance boost where to buy, where to buy performance boost, performance boost worst, worst performance boost, performance boost quality, quality performance boost, performance boost original, original performance boost, performance boost genuine, genuine performance boost, performance boost fake, fake performance boost, performance boost replica, replica performance boost, performance boost authentic, authentic performance boost, performance boost brand, brand performance boost, performance boost manufacturer, manufacturer performance boost, performance boost company, company performance boost, performance boost product, product performance boost, performance boost sandisk product, sandisk product performance boost, performance boost sell sandisk, sell sandisk performance boost, performance boost buy sandisk, buy sandisk performance boost, performance boost cheap sandisk, cheap sandisk performance boost, performance boost best sandisk, best sandisk performance boost, performance boost sandisk review, sandisk review performance boost, performance boost where to buy sandisk, where to buy sandisk performance boost, performance boost how to choose sandisk, how to choose sandisk performance boost, performance boost top sandisk, top sandisk performance boost, performance boost sandisk guide, sandisk guide performance boost, performance boost sandisk for sale, sandisk for sale performance boost, performance boost sandisk deals, sandisk deals performance boost, storage capacity sandisk, sandisk storage capacity, storage capacity cheap, cheap storage capacity, storage capacity best, best storage capacity, storage capacity latest, latest storage capacity, storage capacity review, review storage capacity, storage capacity price, price storage capacity, storage capacity sell, sell storage capacity, storage capacity buy, buy storage capacity, storage capacity recommendation, recommendation storage capacity, storage capacity tips, tips storage capacity, storage capacity tutorial, tutorial storage capacity, storage capacity guide, guide storage capacity, storage capacity how to, how to storage capacity, storage capacity vs, vs storage capacity, storage capacity versus, versus storage capacity, storage capacity compared to, compared to storage capacity, storage capacity comparison, comparison storage capacity, storage capacity alternatives, alternatives storage capacity, storage capacity which is better, which is better storage capacity, storage capacity expensive, expensive storage capacity, storage capacity discount, discount storage capacity, storage capacity deals, deals storage capacity, storage capacity sale, sale storage capacity, storage capacity affordable, affordable storage capacity, storage capacity cost, cost storage capacity, storage capacity online, online storage capacity, storage capacity offline, offline storage capacity, storage capacity marketplace, marketplace storage capacity, storage capacity store, store storage capacity, storage capacity shop, shop storage capacity, storage capacity retailer, retailer storage capacity, storage capacity where to buy, where to buy storage capacity, storage capacity worst, worst storage capacity, storage capacity quality, quality storage capacity, storage capacity original, original storage capacity, storage capacity genuine, genuine storage capacity, storage capacity fake, fake storage capacity, storage capacity replica, replica storage capacity, storage capacity authentic, authentic storage capacity, storage capacity brand, brand storage capacity, storage capacity manufacturer, manufacturer storage capacity, storage capacity company, company storage capacity, storage capacity product, product storage capacity, storage capacity sandisk product, sandisk product storage capacity, storage capacity sell sandisk, sell sandisk storage capacity, storage capacity buy sandisk, buy sandisk storage capacity, storage capacity cheap sandisk, cheap sandisk storage capacity, storage capacity best sandisk, best sandisk storage capacity, storage capacity sandisk review, sandisk review storage capacity, storage capacity where to buy sandisk, where to buy sandisk storage capacity, storage capacity how to choose sandisk, how to choose sandisk storage capacity, storage capacity top sandisk, top sandisk storage capacity, storage capacity sandisk guide, sandisk guide storage capacity, storage capacity sandisk for sale, sandisk for sale storage capacity, storage capacity sandisk deals, sandisk deals storage capacity
2025-10-09 21:47:58,420 - INFO - Expanded 220 seed keywords to 385 variations
2025-10-09 21:47:58,420 - INFO - Language: en
2025-10-09 21:47:58,420 - INFO - Region: us
2025-10-09 21:50:24,237 - INFO - 🎯 After all filtering for 'sandisk': 120 relevant keywords
2025-10-09 21:50:24,390 - INFO - 🎯 Found 5 new keywords for niche 'sandisk': sandisk affordable performance boost, sandisk affordable storage capacity, cheap alternatives performance boost, cheap alternatives storage capacity, best authentic performance boost
2025-10-09 21:50:33,539 - INFO - ✅ Niche 'sandisk' process complete! 94 total keyword results.
2025-10-09 21:50:33,539 - INFO - ✅ Completed processing niche: 'sandisk'
2025-10-09 21:50:33,539 - INFO - 🔧 Request Handler final stats - Success rate: 100.0%
2025-10-09 21:50:33,539 - INFO -    Total requests: 22667, Blocks: 0
2025-10-09 21:50:33,540 - INFO - 
========================================
2025-10-09 21:50:33,540 - INFO - Process Summary:
2025-10-09 21:50:33,540 - INFO - - Current niche: 'sandisk'
2025-10-09 21:50:33,540 - INFO - - Next niche will be: 'intel'
2025-10-09 21:50:33,540 - INFO - - Keywords saved in: languages/english/keywords/sandisk/
2025-10-09 21:50:33,541 - INFO - ========================================
