2025-12-10 14:44:42,906 - INFO - Log file created at: /home/runner/work/potensitech.com/potensitech.com/languages/english/keywords/logs/kw_search_20251210_144442.log
2025-12-10 14:44:42,907 - INFO - ============================================================
2025-12-10 14:44:42,907 - INFO - AUTOMATIC KEYWORD RESEARCH TOOL
2025-12-10 14:44:42,907 - INFO - ============================================================
2025-12-10 14:44:43,125 - INFO - ========================================
2025-12-10 14:44:43,125 - INFO - Found 14 niches to process: xiaomi, iphone, samsung, apple, sony, asus, philips, sandisk, intel, nvidia, amd, canon, nikon, huawei
2025-12-10 14:44:43,125 - INFO - ========================================
2025-12-10 14:44:43,125 - INFO - Continuing from last processed niche: sony
2025-12-10 14:44:43,125 - INFO - ========================================
2025-12-10 14:44:43,125 - INFO - 🎯 PROCESSING NICHE 6/14: 'asus'
2025-12-10 14:44:43,125 - INFO - ========================================
2025-12-10 14:44:43,125 - INFO - 📁 Niche directory: /home/runner/work/potensitech.com/potensitech.com/languages/english/keywords/asus
2025-12-10 14:44:43,125 - INFO - Selected region: us
2025-12-10 14:44:43,125 - INFO - Selected language: en
2025-12-10 14:44:43,125 - INFO - 🎯 Current niche: asus
2025-12-10 14:44:47,038 - INFO - 🎯 Niche terms for filtering: asus, cheap, best, latest, review, price, sell, buy, recommendation, tips, tutorial, guide, how to, vs, versus, compared to, comparison, alternatives, which is better, expensive, discount, deals, sale, affordable, cost, online, offline, marketplace, store, shop, retailer, where to buy, worst, quality, original, genuine, fake, replica, authentic, brand, manufacturer, company, product, asus product, sell asus, buy asus, cheap asus, best asus, asus review, where to buy asus, how to choose asus, top asus, asus guide, asus for sale, asus deals
2025-12-10 14:44:47,038 - INFO - Generated 50 niche-clue pairs for 'asus'.
2025-12-10 14:44:47,041 - INFO - Expanded 50 seed keywords to 218 variations
2025-12-10 14:44:47,041 - INFO - 🔧 Request Handler initialized - Success rate: 100.0%
2025-12-10 14:49:13,701 - INFO - Original clue keywords: processor speed, chipset compatibility
2025-12-10 14:49:13,701 - INFO - Niche-focused seeds: processor speed asus, asus processor speed, processor speed cheap, cheap processor speed, processor speed best, best processor speed, processor speed latest, latest processor speed, processor speed review, review processor speed, processor speed price, price processor speed, processor speed sell, sell processor speed, processor speed buy, buy processor speed, processor speed recommendation, recommendation processor speed, processor speed tips, tips processor speed, processor speed tutorial, tutorial processor speed, processor speed guide, guide processor speed, processor speed how to, how to processor speed, processor speed vs, vs processor speed, processor speed versus, versus processor speed, processor speed compared to, compared to processor speed, processor speed comparison, comparison processor speed, processor speed alternatives, alternatives processor speed, processor speed which is better, which is better processor speed, processor speed expensive, expensive processor speed, processor speed discount, discount processor speed, processor speed deals, deals processor speed, processor speed sale, sale processor speed, processor speed affordable, affordable processor speed, processor speed cost, cost processor speed, processor speed online, online processor speed, processor speed offline, offline processor speed, processor speed marketplace, marketplace processor speed, processor speed store, store processor speed, processor speed shop, shop processor speed, processor speed retailer, retailer processor speed, processor speed where to buy, where to buy processor speed, processor speed worst, worst processor speed, processor speed quality, quality processor speed, processor speed original, original processor speed, processor speed genuine, genuine processor speed, processor speed fake, fake processor speed, processor speed replica, replica processor speed, processor speed authentic, authentic processor speed, processor speed brand, brand processor speed, processor speed manufacturer, manufacturer processor speed, processor speed company, company processor speed, processor speed product, product processor speed, processor speed asus product, asus product processor speed, processor speed sell asus, sell asus processor speed, processor speed buy asus, buy asus processor speed, processor speed cheap asus, cheap asus processor speed, processor speed best asus, best asus processor speed, processor speed asus review, asus review processor speed, processor speed where to buy asus, where to buy asus processor speed, processor speed how to choose asus, how to choose asus processor speed, processor speed top asus, top asus processor speed, processor speed asus guide, asus guide processor speed, processor speed asus for sale, asus for sale processor speed, processor speed asus deals, asus deals processor speed, chipset compatibility asus, asus chipset compatibility, chipset compatibility cheap, cheap chipset compatibility, chipset compatibility best, best chipset compatibility, chipset compatibility latest, latest chipset compatibility, chipset compatibility review, review chipset compatibility, chipset compatibility price, price chipset compatibility, chipset compatibility sell, sell chipset compatibility, chipset compatibility buy, buy chipset compatibility, chipset compatibility recommendation, recommendation chipset compatibility, chipset compatibility tips, tips chipset compatibility, chipset compatibility tutorial, tutorial chipset compatibility, chipset compatibility guide, guide chipset compatibility, chipset compatibility how to, how to chipset compatibility, chipset compatibility vs, vs chipset compatibility, chipset compatibility versus, versus chipset compatibility, chipset compatibility compared to, compared to chipset compatibility, chipset compatibility comparison, comparison chipset compatibility, chipset compatibility alternatives, alternatives chipset compatibility, chipset compatibility which is better, which is better chipset compatibility, chipset compatibility expensive, expensive chipset compatibility, chipset compatibility discount, discount chipset compatibility, chipset compatibility deals, deals chipset compatibility, chipset compatibility sale, sale chipset compatibility, chipset compatibility affordable, affordable chipset compatibility, chipset compatibility cost, cost chipset compatibility, chipset compatibility online, online chipset compatibility, chipset compatibility offline, offline chipset compatibility, chipset compatibility marketplace, marketplace chipset compatibility, chipset compatibility store, store chipset compatibility, chipset compatibility shop, shop chipset compatibility, chipset compatibility retailer, retailer chipset compatibility, chipset compatibility where to buy, where to buy chipset compatibility, chipset compatibility worst, worst chipset compatibility, chipset compatibility quality, quality chipset compatibility, chipset compatibility original, original chipset compatibility, chipset compatibility genuine, genuine chipset compatibility, chipset compatibility fake, fake chipset compatibility, chipset compatibility replica, replica chipset compatibility, chipset compatibility authentic, authentic chipset compatibility, chipset compatibility brand, brand chipset compatibility, chipset compatibility manufacturer, manufacturer chipset compatibility, chipset compatibility company, company chipset compatibility, chipset compatibility product, product chipset compatibility, chipset compatibility asus product, asus product chipset compatibility, chipset compatibility sell asus, sell asus chipset compatibility, chipset compatibility buy asus, buy asus chipset compatibility, chipset compatibility cheap asus, cheap asus chipset compatibility, chipset compatibility best asus, best asus chipset compatibility, chipset compatibility asus review, asus review chipset compatibility, chipset compatibility where to buy asus, where to buy asus chipset compatibility, chipset compatibility how to choose asus, how to choose asus chipset compatibility, chipset compatibility top asus, top asus chipset compatibility, chipset compatibility asus guide, asus guide chipset compatibility, chipset compatibility asus for sale, asus for sale chipset compatibility, chipset compatibility asus deals, asus deals chipset compatibility
2025-12-10 14:49:13,705 - INFO - Expanded 220 seed keywords to 385 variations
2025-12-10 14:49:13,705 - INFO - Language: en
2025-12-10 14:49:13,705 - INFO - Region: us
2025-12-10 14:49:45,477 - INFO - 🎯 After all filtering for 'asus': 120 relevant keywords
2025-12-10 14:49:46,465 - INFO - 🎯 Found 2 new keywords for niche 'asus': asus affordable chipset compatibility, asus affordable processor speed
2025-12-10 14:49:57,148 - INFO - ✅ Niche 'asus' process complete! 336 total keyword results.
2025-12-10 14:49:57,148 - INFO - ✅ Completed processing niche: 'asus'
2025-12-10 14:49:57,148 - INFO - 🔧 Request Handler final stats - Success rate: 100.0%
2025-12-10 14:49:57,148 - INFO -    Total requests: 55059, Blocks: 0
2025-12-10 14:49:57,149 - INFO - 
========================================
2025-12-10 14:49:57,149 - INFO - Process Summary:
2025-12-10 14:49:57,149 - INFO - - Current niche: 'asus'
2025-12-10 14:49:57,149 - INFO - - Next niche will be: 'philips'
2025-12-10 14:49:57,149 - INFO - - Keywords saved in: languages/english/keywords/asus/
2025-12-10 14:49:57,150 - INFO - ========================================
