2025-09-15 04:53:37,826 - INFO - Log file created at: /home/runner/work/potensitech.com/potensitech.com/languages/english/keywords/logs/kw_search_20250915_045337.log
2025-09-15 04:53:37,826 - INFO - ============================================================
2025-09-15 04:53:37,826 - INFO - AUTOMATIC KEYWORD RESEARCH TOOL
2025-09-15 04:53:37,826 - INFO - ============================================================
2025-09-15 04:53:37,972 - INFO - ========================================
2025-09-15 04:53:37,972 - INFO - Found 14 niches to process: xiaomi, iphone, samsung, apple, sony, asus, philips, sandisk, intel, nvidia, amd, canon, nikon, huawei
2025-09-15 04:53:37,972 - INFO - ========================================
2025-09-15 04:53:37,972 - INFO - Continuing from last processed niche: canon
2025-09-15 04:53:37,972 - INFO - ========================================
2025-09-15 04:53:37,972 - INFO - 🎯 PROCESSING NICHE 13/14: 'nikon'
2025-09-15 04:53:37,972 - INFO - ========================================
2025-09-15 04:53:37,972 - INFO - 📁 Niche directory: /home/runner/work/potensitech.com/potensitech.com/languages/english/keywords/nikon
2025-09-15 04:53:37,972 - INFO - Selected region: us
2025-09-15 04:53:37,972 - INFO - Selected language: en
2025-09-15 04:53:37,972 - INFO - 🎯 Current niche: nikon
2025-09-15 04:53:42,136 - INFO - 🎯 Niche terms for filtering: nikon, cheap, best, latest, review, price, sell, buy, recommendation, tips, tutorial, guide, how to, vs, versus, compared to, comparison, alternatives, which is better, expensive, discount, deals, sale, affordable, cost, online, offline, marketplace, store, shop, retailer, where to buy, worst, quality, original, genuine, fake, replica, authentic, brand, manufacturer, company, product, nikon product, sell nikon, buy nikon, cheap nikon, best nikon, nikon review, where to buy nikon, how to choose nikon, top nikon, nikon guide, nikon for sale, nikon deals
2025-09-15 04:53:42,136 - INFO - Generated 50 niche-clue pairs for 'nikon'.
2025-09-15 04:53:42,139 - INFO - Expanded 50 seed keywords to 218 variations
2025-09-15 04:53:42,140 - INFO - 🔧 Request Handler initialized - Success rate: 100.0%
2025-09-15 04:58:06,581 - INFO - Original clue keywords: lens compatibility, autofocus precision
2025-09-15 04:58:06,581 - INFO - Niche-focused seeds: lens compatibility nikon, nikon lens compatibility, lens compatibility cheap, cheap lens compatibility, lens compatibility best, best lens compatibility, lens compatibility latest, latest lens compatibility, lens compatibility review, review lens compatibility, lens compatibility price, price lens compatibility, lens compatibility sell, sell lens compatibility, lens compatibility buy, buy lens compatibility, lens compatibility recommendation, recommendation lens compatibility, lens compatibility tips, tips lens compatibility, lens compatibility tutorial, tutorial lens compatibility, lens compatibility guide, guide lens compatibility, lens compatibility how to, how to lens compatibility, lens compatibility vs, vs lens compatibility, lens compatibility versus, versus lens compatibility, lens compatibility compared to, compared to lens compatibility, lens compatibility comparison, comparison lens compatibility, lens compatibility alternatives, alternatives lens compatibility, lens compatibility which is better, which is better lens compatibility, lens compatibility expensive, expensive lens compatibility, lens compatibility discount, discount lens compatibility, lens compatibility deals, deals lens compatibility, lens compatibility sale, sale lens compatibility, lens compatibility affordable, affordable lens compatibility, lens compatibility cost, cost lens compatibility, lens compatibility online, online lens compatibility, lens compatibility offline, offline lens compatibility, lens compatibility marketplace, marketplace lens compatibility, lens compatibility store, store lens compatibility, lens compatibility shop, shop lens compatibility, lens compatibility retailer, retailer lens compatibility, lens compatibility where to buy, where to buy lens compatibility, lens compatibility worst, worst lens compatibility, lens compatibility quality, quality lens compatibility, lens compatibility original, original lens compatibility, lens compatibility genuine, genuine lens compatibility, lens compatibility fake, fake lens compatibility, lens compatibility replica, replica lens compatibility, lens compatibility authentic, authentic lens compatibility, lens compatibility brand, brand lens compatibility, lens compatibility manufacturer, manufacturer lens compatibility, lens compatibility company, company lens compatibility, lens compatibility product, product lens compatibility, lens compatibility nikon product, nikon product lens compatibility, lens compatibility sell nikon, sell nikon lens compatibility, lens compatibility buy nikon, buy nikon lens compatibility, lens compatibility cheap nikon, cheap nikon lens compatibility, lens compatibility best nikon, best nikon lens compatibility, lens compatibility nikon review, nikon review lens compatibility, lens compatibility where to buy nikon, where to buy nikon lens compatibility, lens compatibility how to choose nikon, how to choose nikon lens compatibility, lens compatibility top nikon, top nikon lens compatibility, lens compatibility nikon guide, nikon guide lens compatibility, lens compatibility nikon for sale, nikon for sale lens compatibility, lens compatibility nikon deals, nikon deals lens compatibility, autofocus precision nikon, nikon autofocus precision, autofocus precision cheap, cheap autofocus precision, autofocus precision best, best autofocus precision, autofocus precision latest, latest autofocus precision, autofocus precision review, review autofocus precision, autofocus precision price, price autofocus precision, autofocus precision sell, sell autofocus precision, autofocus precision buy, buy autofocus precision, autofocus precision recommendation, recommendation autofocus precision, autofocus precision tips, tips autofocus precision, autofocus precision tutorial, tutorial autofocus precision, autofocus precision guide, guide autofocus precision, autofocus precision how to, how to autofocus precision, autofocus precision vs, vs autofocus precision, autofocus precision versus, versus autofocus precision, autofocus precision compared to, compared to autofocus precision, autofocus precision comparison, comparison autofocus precision, autofocus precision alternatives, alternatives autofocus precision, autofocus precision which is better, which is better autofocus precision, autofocus precision expensive, expensive autofocus precision, autofocus precision discount, discount autofocus precision, autofocus precision deals, deals autofocus precision, autofocus precision sale, sale autofocus precision, autofocus precision affordable, affordable autofocus precision, autofocus precision cost, cost autofocus precision, autofocus precision online, online autofocus precision, autofocus precision offline, offline autofocus precision, autofocus precision marketplace, marketplace autofocus precision, autofocus precision store, store autofocus precision, autofocus precision shop, shop autofocus precision, autofocus precision retailer, retailer autofocus precision, autofocus precision where to buy, where to buy autofocus precision, autofocus precision worst, worst autofocus precision, autofocus precision quality, quality autofocus precision, autofocus precision original, original autofocus precision, autofocus precision genuine, genuine autofocus precision, autofocus precision fake, fake autofocus precision, autofocus precision replica, replica autofocus precision, autofocus precision authentic, authentic autofocus precision, autofocus precision brand, brand autofocus precision, autofocus precision manufacturer, manufacturer autofocus precision, autofocus precision company, company autofocus precision, autofocus precision product, product autofocus precision, autofocus precision nikon product, nikon product autofocus precision, autofocus precision sell nikon, sell nikon autofocus precision, autofocus precision buy nikon, buy nikon autofocus precision, autofocus precision cheap nikon, cheap nikon autofocus precision, autofocus precision best nikon, best nikon autofocus precision, autofocus precision nikon review, nikon review autofocus precision, autofocus precision where to buy nikon, where to buy nikon autofocus precision, autofocus precision how to choose nikon, how to choose nikon autofocus precision, autofocus precision top nikon, top nikon autofocus precision, autofocus precision nikon guide, nikon guide autofocus precision, autofocus precision nikon for sale, nikon for sale autofocus precision, autofocus precision nikon deals, nikon deals autofocus precision
2025-09-15 04:58:06,584 - INFO - Expanded 220 seed keywords to 385 variations
2025-09-15 04:58:06,584 - INFO - Language: en
2025-09-15 04:58:06,584 - INFO - Region: us
2025-09-15 05:02:37,537 - INFO - 🎯 After all filtering for 'nikon': 120 relevant keywords
2025-09-15 05:02:37,546 - INFO - 🎯 Found 5 new keywords for niche 'nikon': nikon affordable autofocus precision, nikon affordable lens compatibility, cheap alternatives autofocus precision, cheap alternatives lens compatibility, best authentic autofocus precision
2025-09-15 05:02:50,913 - INFO - ✅ Niche 'nikon' process complete! 15 total keyword results.
2025-09-15 05:02:50,913 - INFO - ✅ Completed processing niche: 'nikon'
2025-09-15 05:02:50,913 - INFO - 🔧 Request Handler final stats - Success rate: 100.0%
2025-09-15 05:02:50,913 - INFO -    Total requests: 3315, Blocks: 0
2025-09-15 05:02:50,914 - INFO - 
========================================
2025-09-15 05:02:50,914 - INFO - Process Summary:
2025-09-15 05:02:50,914 - INFO - - Current niche: 'nikon'
2025-09-15 05:02:50,914 - INFO - - Next niche will be: 'huawei'
2025-09-15 05:02:50,914 - INFO - - Keywords saved in: languages/english/keywords/nikon/
2025-09-15 05:02:50,915 - INFO - ========================================
