2025-09-20 04:53:32,158 - INFO - Log file created at: /home/runner/work/potensitech.com/potensitech.com/languages/english/keywords/logs/kw_search_20250920_045332.log
2025-09-20 04:53:32,158 - INFO - ============================================================
2025-09-20 04:53:32,158 - INFO - AUTOMATIC KEYWORD RESEARCH TOOL
2025-09-20 04:53:32,158 - INFO - ============================================================
2025-09-20 04:53:32,323 - INFO - ========================================
2025-09-20 04:53:32,324 - INFO - Found 14 niches to process: xiaomi, iphone, samsung, apple, sony, asus, philips, sandisk, intel, nvidia, amd, canon, nikon, huawei
2025-09-20 04:53:32,324 - INFO - ========================================
2025-09-20 04:53:32,324 - INFO - Continuing from last processed niche: asus
2025-09-20 04:53:32,324 - INFO - ========================================
2025-09-20 04:53:32,324 - INFO - 🎯 PROCESSING NICHE 7/14: 'philips'
2025-09-20 04:53:32,324 - INFO - ========================================
2025-09-20 04:53:32,324 - INFO - 📁 Niche directory: /home/runner/work/potensitech.com/potensitech.com/languages/english/keywords/philips
2025-09-20 04:53:32,324 - INFO - Selected region: us
2025-09-20 04:53:32,324 - INFO - Selected language: en
2025-09-20 04:53:32,324 - INFO - 🎯 Current niche: philips
2025-09-20 04:54:14,455 - INFO - 🎯 Niche terms for filtering: philips, cheap, best, latest, review, price, sell, buy, recommendation, tips, tutorial, guide, how to, vs, versus, compared to, comparison, alternatives, which is better, expensive, discount, deals, sale, affordable, cost, online, offline, marketplace, store, shop, retailer, where to buy, worst, quality, original, genuine, fake, replica, authentic, brand, manufacturer, company, product, philips product, sell philips, buy philips, cheap philips, best philips, philips review, where to buy philips, how to choose philips, top philips, philips guide, philips for sale, philips deals
2025-09-20 04:54:14,455 - INFO - Generated 50 niche-clue pairs for 'philips'.
2025-09-20 04:54:14,458 - INFO - Expanded 50 seed keywords to 218 variations
2025-09-20 04:54:14,459 - INFO - 🔧 Request Handler initialized - Success rate: 100.0%
2025-09-20 04:58:33,432 - INFO - Original clue keywords: camera resolution, autofocus speed
2025-09-20 04:58:33,432 - INFO - Niche-focused seeds: camera resolution philips, philips camera resolution, camera resolution cheap, cheap camera resolution, camera resolution best, best camera resolution, camera resolution latest, latest camera resolution, camera resolution review, review camera resolution, camera resolution price, price camera resolution, camera resolution sell, sell camera resolution, camera resolution buy, buy camera resolution, camera resolution recommendation, recommendation camera resolution, camera resolution tips, tips camera resolution, camera resolution tutorial, tutorial camera resolution, camera resolution guide, guide camera resolution, camera resolution how to, how to camera resolution, camera resolution vs, vs camera resolution, camera resolution versus, versus camera resolution, camera resolution compared to, compared to camera resolution, camera resolution comparison, comparison camera resolution, camera resolution alternatives, alternatives camera resolution, camera resolution which is better, which is better camera resolution, camera resolution expensive, expensive camera resolution, camera resolution discount, discount camera resolution, camera resolution deals, deals camera resolution, camera resolution sale, sale camera resolution, camera resolution affordable, affordable camera resolution, camera resolution cost, cost camera resolution, camera resolution online, online camera resolution, camera resolution offline, offline camera resolution, camera resolution marketplace, marketplace camera resolution, camera resolution store, store camera resolution, camera resolution shop, shop camera resolution, camera resolution retailer, retailer camera resolution, camera resolution where to buy, where to buy camera resolution, camera resolution worst, worst camera resolution, camera resolution quality, quality camera resolution, camera resolution original, original camera resolution, camera resolution genuine, genuine camera resolution, camera resolution fake, fake camera resolution, camera resolution replica, replica camera resolution, camera resolution authentic, authentic camera resolution, camera resolution brand, brand camera resolution, camera resolution manufacturer, manufacturer camera resolution, camera resolution company, company camera resolution, camera resolution product, product camera resolution, camera resolution philips product, philips product camera resolution, camera resolution sell philips, sell philips camera resolution, camera resolution buy philips, buy philips camera resolution, camera resolution cheap philips, cheap philips camera resolution, camera resolution best philips, best philips camera resolution, camera resolution philips review, philips review camera resolution, camera resolution where to buy philips, where to buy philips camera resolution, camera resolution how to choose philips, how to choose philips camera resolution, camera resolution top philips, top philips camera resolution, camera resolution philips guide, philips guide camera resolution, camera resolution philips for sale, philips for sale camera resolution, camera resolution philips deals, philips deals camera resolution, autofocus speed philips, philips autofocus speed, autofocus speed cheap, cheap autofocus speed, autofocus speed best, best autofocus speed, autofocus speed latest, latest autofocus speed, autofocus speed review, review autofocus speed, autofocus speed price, price autofocus speed, autofocus speed sell, sell autofocus speed, autofocus speed buy, buy autofocus speed, autofocus speed recommendation, recommendation autofocus speed, autofocus speed tips, tips autofocus speed, autofocus speed tutorial, tutorial autofocus speed, autofocus speed guide, guide autofocus speed, autofocus speed how to, how to autofocus speed, autofocus speed vs, vs autofocus speed, autofocus speed versus, versus autofocus speed, autofocus speed compared to, compared to autofocus speed, autofocus speed comparison, comparison autofocus speed, autofocus speed alternatives, alternatives autofocus speed, autofocus speed which is better, which is better autofocus speed, autofocus speed expensive, expensive autofocus speed, autofocus speed discount, discount autofocus speed, autofocus speed deals, deals autofocus speed, autofocus speed sale, sale autofocus speed, autofocus speed affordable, affordable autofocus speed, autofocus speed cost, cost autofocus speed, autofocus speed online, online autofocus speed, autofocus speed offline, offline autofocus speed, autofocus speed marketplace, marketplace autofocus speed, autofocus speed store, store autofocus speed, autofocus speed shop, shop autofocus speed, autofocus speed retailer, retailer autofocus speed, autofocus speed where to buy, where to buy autofocus speed, autofocus speed worst, worst autofocus speed, autofocus speed quality, quality autofocus speed, autofocus speed original, original autofocus speed, autofocus speed genuine, genuine autofocus speed, autofocus speed fake, fake autofocus speed, autofocus speed replica, replica autofocus speed, autofocus speed authentic, authentic autofocus speed, autofocus speed brand, brand autofocus speed, autofocus speed manufacturer, manufacturer autofocus speed, autofocus speed company, company autofocus speed, autofocus speed product, product autofocus speed, autofocus speed philips product, philips product autofocus speed, autofocus speed sell philips, sell philips autofocus speed, autofocus speed buy philips, buy philips autofocus speed, autofocus speed cheap philips, cheap philips autofocus speed, autofocus speed best philips, best philips autofocus speed, autofocus speed philips review, philips review autofocus speed, autofocus speed where to buy philips, where to buy philips autofocus speed, autofocus speed how to choose philips, how to choose philips autofocus speed, autofocus speed top philips, top philips autofocus speed, autofocus speed philips guide, philips guide autofocus speed, autofocus speed philips for sale, philips for sale autofocus speed, autofocus speed philips deals, philips deals autofocus speed
2025-09-20 04:58:33,435 - INFO - Expanded 220 seed keywords to 385 variations
2025-09-20 04:58:33,435 - INFO - Language: en
2025-09-20 04:58:33,435 - INFO - Region: us
2025-09-20 05:03:04,012 - INFO - 🎯 After all filtering for 'philips': 120 relevant keywords
2025-09-20 05:03:04,055 - INFO - 🎯 Found 5 new keywords for niche 'philips': philips affordable autofocus speed, philips affordable camera resolution, cheap alternatives autofocus speed, cheap alternatives camera resolution, best authentic autofocus speed
2025-09-20 05:03:13,436 - INFO - ✅ Niche 'philips' process complete! 32 total keyword results.
2025-09-20 05:03:13,437 - INFO - ✅ Completed processing niche: 'philips'
2025-09-20 05:03:13,437 - INFO - 🔧 Request Handler final stats - Success rate: 100.0%
2025-09-20 05:03:13,437 - INFO -    Total requests: 7765, Blocks: 0
2025-09-20 05:03:13,438 - INFO - 
========================================
2025-09-20 05:03:13,438 - INFO - Process Summary:
2025-09-20 05:03:13,438 - INFO - - Current niche: 'philips'
2025-09-20 05:03:13,438 - INFO - - Next niche will be: 'sandisk'
2025-09-20 05:03:13,438 - INFO - - Keywords saved in: languages/english/keywords/philips/
2025-09-20 05:03:13,438 - INFO - ========================================
