2025-10-14 09:44:19,157 - INFO - Log file created at: /home/runner/work/potensitech.com/potensitech.com/languages/english/keywords/logs/kw_search_20251014_094419.log
2025-10-14 09:44:19,157 - INFO - ============================================================
2025-10-14 09:44:19,157 - INFO - AUTOMATIC KEYWORD RESEARCH TOOL
2025-10-14 09:44:19,157 - INFO - ============================================================
2025-10-14 09:44:19,309 - INFO - ========================================
2025-10-14 09:44:19,309 - INFO - Found 14 niches to process: xiaomi, iphone, samsung, apple, sony, asus, philips, sandisk, intel, nvidia, amd, canon, nikon, huawei
2025-10-14 09:44:19,309 - INFO - ========================================
2025-10-14 09:44:19,309 - INFO - Continuing from last processed niche: nvidia
2025-10-14 09:44:19,309 - INFO - ========================================
2025-10-14 09:44:19,309 - INFO - 🎯 PROCESSING NICHE 11/14: 'amd'
2025-10-14 09:44:19,309 - INFO - ========================================
2025-10-14 09:44:19,309 - INFO - 📁 Niche directory: /home/runner/work/potensitech.com/potensitech.com/languages/english/keywords/amd
2025-10-14 09:44:19,309 - INFO - Selected region: us
2025-10-14 09:44:19,310 - INFO - Selected language: en
2025-10-14 09:44:19,310 - INFO - 🎯 Current niche: amd
2025-10-14 09:44:24,346 - INFO - 🎯 Niche terms for filtering: amd, cheap, best, latest, review, price, sell, buy, recommendation, tips, tutorial, guide, how to, vs, versus, compared to, comparison, alternatives, which is better, expensive, discount, deals, sale, affordable, cost, online, offline, marketplace, store, shop, retailer, where to buy, worst, quality, original, genuine, fake, replica, authentic, brand, manufacturer, company, product, amd product, sell amd, buy amd, cheap amd, best amd, amd review, where to buy amd, how to choose amd, top amd, amd guide, amd for sale, amd deals
2025-10-14 09:44:24,347 - INFO - Generated 50 niche-clue pairs for 'amd'.
2025-10-14 09:44:24,350 - INFO - Expanded 50 seed keywords to 218 variations
2025-10-14 09:44:24,350 - INFO - 🔧 Request Handler initialized - Success rate: 100.0%
2025-10-14 09:48:48,161 - INFO - Original clue keywords: battery life, gpu performance
2025-10-14 09:48:48,161 - INFO - Niche-focused seeds: battery life amd, amd battery life, battery life cheap, cheap battery life, battery life best, best battery life, battery life latest, latest battery life, battery life review, review battery life, battery life price, price battery life, battery life sell, sell battery life, battery life buy, buy battery life, battery life recommendation, recommendation battery life, battery life tips, tips battery life, battery life tutorial, tutorial battery life, battery life guide, guide battery life, battery life how to, how to battery life, battery life vs, vs battery life, battery life versus, versus battery life, battery life compared to, compared to battery life, battery life comparison, comparison battery life, battery life alternatives, alternatives battery life, battery life which is better, which is better battery life, battery life expensive, expensive battery life, battery life discount, discount battery life, battery life deals, deals battery life, battery life sale, sale battery life, battery life affordable, affordable battery life, battery life cost, cost battery life, battery life online, online battery life, battery life offline, offline battery life, battery life marketplace, marketplace battery life, battery life store, store battery life, battery life shop, shop battery life, battery life retailer, retailer battery life, battery life where to buy, where to buy battery life, battery life worst, worst battery life, battery life quality, quality battery life, battery life original, original battery life, battery life genuine, genuine battery life, battery life fake, fake battery life, battery life replica, replica battery life, battery life authentic, authentic battery life, battery life brand, brand battery life, battery life manufacturer, manufacturer battery life, battery life company, company battery life, battery life product, product battery life, battery life amd product, amd product battery life, battery life sell amd, sell amd battery life, battery life buy amd, buy amd battery life, battery life cheap amd, cheap amd battery life, battery life best amd, best amd battery life, battery life amd review, amd review battery life, battery life where to buy amd, where to buy amd battery life, battery life how to choose amd, how to choose amd battery life, battery life top amd, top amd battery life, battery life amd guide, amd guide battery life, battery life amd for sale, amd for sale battery life, battery life amd deals, amd deals battery life, gpu performance amd, amd gpu performance, gpu performance cheap, cheap gpu performance, gpu performance best, best gpu performance, gpu performance latest, latest gpu performance, gpu performance review, review gpu performance, gpu performance price, price gpu performance, gpu performance sell, sell gpu performance, gpu performance buy, buy gpu performance, gpu performance recommendation, recommendation gpu performance, gpu performance tips, tips gpu performance, gpu performance tutorial, tutorial gpu performance, gpu performance guide, guide gpu performance, gpu performance how to, how to gpu performance, gpu performance vs, vs gpu performance, gpu performance versus, versus gpu performance, gpu performance compared to, compared to gpu performance, gpu performance comparison, comparison gpu performance, gpu performance alternatives, alternatives gpu performance, gpu performance which is better, which is better gpu performance, gpu performance expensive, expensive gpu performance, gpu performance discount, discount gpu performance, gpu performance deals, deals gpu performance, gpu performance sale, sale gpu performance, gpu performance affordable, affordable gpu performance, gpu performance cost, cost gpu performance, gpu performance online, online gpu performance, gpu performance offline, offline gpu performance, gpu performance marketplace, marketplace gpu performance, gpu performance store, store gpu performance, gpu performance shop, shop gpu performance, gpu performance retailer, retailer gpu performance, gpu performance where to buy, where to buy gpu performance, gpu performance worst, worst gpu performance, gpu performance quality, quality gpu performance, gpu performance original, original gpu performance, gpu performance genuine, genuine gpu performance, gpu performance fake, fake gpu performance, gpu performance replica, replica gpu performance, gpu performance authentic, authentic gpu performance, gpu performance brand, brand gpu performance, gpu performance manufacturer, manufacturer gpu performance, gpu performance company, company gpu performance, gpu performance product, product gpu performance, gpu performance amd product, amd product gpu performance, gpu performance sell amd, sell amd gpu performance, gpu performance buy amd, buy amd gpu performance, gpu performance cheap amd, cheap amd gpu performance, gpu performance best amd, best amd gpu performance, gpu performance amd review, amd review gpu performance, gpu performance where to buy amd, where to buy amd gpu performance, gpu performance how to choose amd, how to choose amd gpu performance, gpu performance top amd, top amd gpu performance, gpu performance amd guide, amd guide gpu performance, gpu performance amd for sale, amd for sale gpu performance, gpu performance amd deals, amd deals gpu performance
2025-10-14 09:48:48,165 - INFO - Expanded 220 seed keywords to 385 variations
2025-10-14 09:48:48,165 - INFO - Language: en
2025-10-14 09:48:48,165 - INFO - Region: us
2025-10-14 09:52:04,964 - INFO - 🎯 After all filtering for 'amd': 119 relevant keywords
2025-10-14 09:52:05,375 - INFO - 🎯 Found 5 new keywords for niche 'amd': amd affordable battery life, amd affordable gpu performance, cheap alternatives battery life, best authentic battery life, how to battery life brand
2025-10-14 09:52:16,719 - INFO - ✅ Niche 'amd' process complete! 153 total keyword results.
2025-10-14 09:52:16,719 - INFO - ✅ Completed processing niche: 'amd'
2025-10-14 09:52:16,719 - INFO - 🔧 Request Handler final stats - Success rate: 100.0%
2025-10-14 09:52:16,719 - INFO -    Total requests: 25455, Blocks: 0
2025-10-14 09:52:16,720 - INFO - 
========================================
2025-10-14 09:52:16,720 - INFO - Process Summary:
2025-10-14 09:52:16,720 - INFO - - Current niche: 'amd'
2025-10-14 09:52:16,720 - INFO - - Next niche will be: 'canon'
2025-10-14 09:52:16,720 - INFO - - Keywords saved in: languages/english/keywords/amd/
2025-10-14 09:52:16,721 - INFO - ========================================
