2025-10-14 01:57:15,757 - INFO - Log file created at: /home/runner/work/potensitech.com/potensitech.com/languages/english/keywords/logs/kw_search_20251014_015715.log
2025-10-14 01:57:15,757 - INFO - ============================================================
2025-10-14 01:57:15,757 - INFO - AUTOMATIC KEYWORD RESEARCH TOOL
2025-10-14 01:57:15,757 - INFO - ============================================================
2025-10-14 01:57:15,923 - INFO - ========================================
2025-10-14 01:57:15,923 - INFO - Found 14 niches to process: xiaomi, iphone, samsung, apple, sony, asus, philips, sandisk, intel, nvidia, amd, canon, nikon, huawei
2025-10-14 01:57:15,923 - INFO - ========================================
2025-10-14 01:57:15,923 - INFO - Continuing from last processed niche: asus
2025-10-14 01:57:15,923 - INFO - ========================================
2025-10-14 01:57:15,923 - INFO - 🎯 PROCESSING NICHE 7/14: 'philips'
2025-10-14 01:57:15,923 - INFO - ========================================
2025-10-14 01:57:15,923 - INFO - 📁 Niche directory: /home/runner/work/potensitech.com/potensitech.com/languages/english/keywords/philips
2025-10-14 01:57:15,923 - INFO - Selected region: us
2025-10-14 01:57:15,923 - INFO - Selected language: en
2025-10-14 01:57:15,924 - INFO - 🎯 Current niche: philips
2025-10-14 01:57:19,007 - INFO - 🎯 Niche terms for filtering: philips, cheap, best, latest, review, price, sell, buy, recommendation, tips, tutorial, guide, how to, vs, versus, compared to, comparison, alternatives, which is better, expensive, discount, deals, sale, affordable, cost, online, offline, marketplace, store, shop, retailer, where to buy, worst, quality, original, genuine, fake, replica, authentic, brand, manufacturer, company, product, philips product, sell philips, buy philips, cheap philips, best philips, philips review, where to buy philips, how to choose philips, top philips, philips guide, philips for sale, philips deals
2025-10-14 01:57:19,008 - INFO - Generated 50 niche-clue pairs for 'philips'.
2025-10-14 01:57:19,011 - INFO - Expanded 50 seed keywords to 218 variations
2025-10-14 01:57:19,011 - INFO - 🔧 Request Handler initialized - Success rate: 100.0%
2025-10-14 02:01:38,357 - INFO - Original clue keywords: battery life, portable storage
2025-10-14 02:01:38,357 - INFO - Niche-focused seeds: battery life philips, philips battery life, battery life cheap, cheap battery life, battery life best, best battery life, battery life latest, latest battery life, battery life review, review battery life, battery life price, price battery life, battery life sell, sell battery life, battery life buy, buy battery life, battery life recommendation, recommendation battery life, battery life tips, tips battery life, battery life tutorial, tutorial battery life, battery life guide, guide battery life, battery life how to, how to battery life, battery life vs, vs battery life, battery life versus, versus battery life, battery life compared to, compared to battery life, battery life comparison, comparison battery life, battery life alternatives, alternatives battery life, battery life which is better, which is better battery life, battery life expensive, expensive battery life, battery life discount, discount battery life, battery life deals, deals battery life, battery life sale, sale battery life, battery life affordable, affordable battery life, battery life cost, cost battery life, battery life online, online battery life, battery life offline, offline battery life, battery life marketplace, marketplace battery life, battery life store, store battery life, battery life shop, shop battery life, battery life retailer, retailer battery life, battery life where to buy, where to buy battery life, battery life worst, worst battery life, battery life quality, quality battery life, battery life original, original battery life, battery life genuine, genuine battery life, battery life fake, fake battery life, battery life replica, replica battery life, battery life authentic, authentic battery life, battery life brand, brand battery life, battery life manufacturer, manufacturer battery life, battery life company, company battery life, battery life product, product battery life, battery life philips product, philips product battery life, battery life sell philips, sell philips battery life, battery life buy philips, buy philips battery life, battery life cheap philips, cheap philips battery life, battery life best philips, best philips battery life, battery life philips review, philips review battery life, battery life where to buy philips, where to buy philips battery life, battery life how to choose philips, how to choose philips battery life, battery life top philips, top philips battery life, battery life philips guide, philips guide battery life, battery life philips for sale, philips for sale battery life, battery life philips deals, philips deals battery life, portable storage philips, philips portable storage, portable storage cheap, cheap portable storage, portable storage best, best portable storage, portable storage latest, latest portable storage, portable storage review, review portable storage, portable storage price, price portable storage, portable storage sell, sell portable storage, portable storage buy, buy portable storage, portable storage recommendation, recommendation portable storage, portable storage tips, tips portable storage, portable storage tutorial, tutorial portable storage, portable storage guide, guide portable storage, portable storage how to, how to portable storage, portable storage vs, vs portable storage, portable storage versus, versus portable storage, portable storage compared to, compared to portable storage, portable storage comparison, comparison portable storage, portable storage alternatives, alternatives portable storage, portable storage which is better, which is better portable storage, portable storage expensive, expensive portable storage, portable storage discount, discount portable storage, portable storage deals, deals portable storage, portable storage sale, sale portable storage, portable storage affordable, affordable portable storage, portable storage cost, cost portable storage, portable storage online, online portable storage, portable storage offline, offline portable storage, portable storage marketplace, marketplace portable storage, portable storage store, store portable storage, portable storage shop, shop portable storage, portable storage retailer, retailer portable storage, portable storage where to buy, where to buy portable storage, portable storage worst, worst portable storage, portable storage quality, quality portable storage, portable storage original, original portable storage, portable storage genuine, genuine portable storage, portable storage fake, fake portable storage, portable storage replica, replica portable storage, portable storage authentic, authentic portable storage, portable storage brand, brand portable storage, portable storage manufacturer, manufacturer portable storage, portable storage company, company portable storage, portable storage product, product portable storage, portable storage philips product, philips product portable storage, portable storage sell philips, sell philips portable storage, portable storage buy philips, buy philips portable storage, portable storage cheap philips, cheap philips portable storage, portable storage best philips, best philips portable storage, portable storage philips review, philips review portable storage, portable storage where to buy philips, where to buy philips portable storage, portable storage how to choose philips, how to choose philips portable storage, portable storage top philips, top philips portable storage, portable storage philips guide, philips guide portable storage, portable storage philips for sale, philips for sale portable storage, portable storage philips deals, philips deals portable storage
2025-10-14 02:01:38,360 - INFO - Expanded 220 seed keywords to 385 variations
2025-10-14 02:01:38,360 - INFO - Language: en
2025-10-14 02:01:38,360 - INFO - Region: us
2025-10-14 02:02:54,101 - INFO - 🎯 After all filtering for 'philips': 120 relevant keywords
2025-10-14 02:02:54,328 - INFO - 🎯 Found 5 new keywords for niche 'philips': philips affordable battery life, philips affordable portable storage, cheap alternatives battery life, cheap alternatives portable storage, best authentic battery life
2025-10-14 02:03:01,432 - INFO - ✅ Niche 'philips' process complete! 125 total keyword results.
2025-10-14 02:03:01,432 - INFO - ✅ Completed processing niche: 'philips'
2025-10-14 02:03:01,432 - INFO - 🔧 Request Handler final stats - Success rate: 100.0%
2025-10-14 02:03:01,432 - INFO -    Total requests: 25239, Blocks: 0
2025-10-14 02:03:01,434 - INFO - 
========================================
2025-10-14 02:03:01,434 - INFO - Process Summary:
2025-10-14 02:03:01,434 - INFO - - Current niche: 'philips'
2025-10-14 02:03:01,434 - INFO - - Next niche will be: 'sandisk'
2025-10-14 02:03:01,434 - INFO - - Keywords saved in: languages/english/keywords/philips/
2025-10-14 02:03:01,434 - INFO - ========================================
