2025-09-27 16:51:53,475 - INFO - Log file created at: /home/runner/work/potensitech.com/potensitech.com/languages/english/keywords/logs/kw_search_20250927_165153.log
2025-09-27 16:51:53,475 - INFO - ============================================================
2025-09-27 16:51:53,475 - INFO - AUTOMATIC KEYWORD RESEARCH TOOL
2025-09-27 16:51:53,475 - INFO - ============================================================
2025-09-27 16:51:53,618 - INFO - ========================================
2025-09-27 16:51:53,618 - INFO - Found 14 niches to process: xiaomi, iphone, samsung, apple, sony, asus, philips, sandisk, intel, nvidia, amd, canon, nikon, huawei
2025-09-27 16:51:53,618 - INFO - ========================================
2025-09-27 16:51:53,619 - INFO - Continuing from last processed niche: amd
2025-09-27 16:51:53,619 - INFO - ========================================
2025-09-27 16:51:53,619 - INFO - 🎯 PROCESSING NICHE 12/14: 'canon'
2025-09-27 16:51:53,619 - INFO - ========================================
2025-09-27 16:51:53,619 - INFO - 📁 Niche directory: /home/runner/work/potensitech.com/potensitech.com/languages/english/keywords/canon
2025-09-27 16:51:53,619 - INFO - Selected region: us
2025-09-27 16:51:53,619 - INFO - Selected language: en
2025-09-27 16:51:53,619 - INFO - 🎯 Current niche: canon
2025-09-27 16:51:56,935 - INFO - 🎯 Niche terms for filtering: canon, cheap, best, latest, review, price, sell, buy, recommendation, tips, tutorial, guide, how to, vs, versus, compared to, comparison, alternatives, which is better, expensive, discount, deals, sale, affordable, cost, online, offline, marketplace, store, shop, retailer, where to buy, worst, quality, original, genuine, fake, replica, authentic, brand, manufacturer, company, product, canon product, sell canon, buy canon, cheap canon, best canon, canon review, where to buy canon, how to choose canon, top canon, canon guide, canon for sale, canon deals
2025-09-27 16:51:56,936 - INFO - Generated 50 niche-clue pairs for 'canon'.
2025-09-27 16:51:56,938 - INFO - Expanded 50 seed keywords to 218 variations
2025-09-27 16:51:56,938 - INFO - 🔧 Request Handler initialized - Success rate: 100.0%
2025-09-27 16:56:18,565 - INFO - Original clue keywords: camera quality, image stabilization
2025-09-27 16:56:18,565 - INFO - Niche-focused seeds: camera quality, image stabilization canon, canon image stabilization, image stabilization cheap, cheap image stabilization, image stabilization best, best image stabilization, image stabilization latest, latest image stabilization, image stabilization review, review image stabilization, image stabilization price, price image stabilization, image stabilization sell, sell image stabilization, image stabilization buy, buy image stabilization, image stabilization recommendation, recommendation image stabilization, image stabilization tips, tips image stabilization, image stabilization tutorial, tutorial image stabilization, image stabilization guide, guide image stabilization, image stabilization how to, how to image stabilization, image stabilization vs, vs image stabilization, image stabilization versus, versus image stabilization, image stabilization compared to, compared to image stabilization, image stabilization comparison, comparison image stabilization, image stabilization alternatives, alternatives image stabilization, image stabilization which is better, which is better image stabilization, image stabilization expensive, expensive image stabilization, image stabilization discount, discount image stabilization, image stabilization deals, deals image stabilization, image stabilization sale, sale image stabilization, image stabilization affordable, affordable image stabilization, image stabilization cost, cost image stabilization, image stabilization online, online image stabilization, image stabilization offline, offline image stabilization, image stabilization marketplace, marketplace image stabilization, image stabilization store, store image stabilization, image stabilization shop, shop image stabilization, image stabilization retailer, retailer image stabilization, image stabilization where to buy, where to buy image stabilization, image stabilization worst, worst image stabilization, image stabilization quality, quality image stabilization, image stabilization original, original image stabilization, image stabilization genuine, genuine image stabilization, image stabilization fake, fake image stabilization, image stabilization replica, replica image stabilization, image stabilization authentic, authentic image stabilization, image stabilization brand, brand image stabilization, image stabilization manufacturer, manufacturer image stabilization, image stabilization company, company image stabilization, image stabilization product, product image stabilization, image stabilization canon product, canon product image stabilization, image stabilization sell canon, sell canon image stabilization, image stabilization buy canon, buy canon image stabilization, image stabilization cheap canon, cheap canon image stabilization, image stabilization best canon, best canon image stabilization, image stabilization canon review, canon review image stabilization, image stabilization where to buy canon, where to buy canon image stabilization, image stabilization how to choose canon, how to choose canon image stabilization, image stabilization top canon, top canon image stabilization, image stabilization canon guide, canon guide image stabilization, image stabilization canon for sale, canon for sale image stabilization, image stabilization canon deals, canon deals image stabilization
2025-09-27 16:56:18,569 - INFO - Expanded 111 seed keywords to 276 variations
2025-09-27 16:56:18,569 - INFO - Language: en
2025-09-27 16:56:18,569 - INFO - Region: us
2025-09-27 16:58:57,565 - INFO - 🎯 After all filtering for 'canon': 120 relevant keywords
2025-09-27 16:58:57,577 - INFO - 🎯 Found 5 new keywords for niche 'canon': canon camera quality, cheap camera quality, best camera quality, how to camera quality, canon affordable image stabilization
2025-09-27 16:59:07,403 - INFO - ✅ Niche 'canon' process complete! 58 total keyword results.
2025-09-27 16:59:07,403 - INFO - ✅ Completed processing niche: 'canon'
2025-09-27 16:59:07,404 - INFO - 🔧 Request Handler final stats - Success rate: 100.0%
2025-09-27 16:59:07,404 - INFO -    Total requests: 13779, Blocks: 0
2025-09-27 16:59:07,404 - INFO - 
========================================
2025-09-27 16:59:07,405 - INFO - Process Summary:
2025-09-27 16:59:07,405 - INFO - - Current niche: 'canon'
2025-09-27 16:59:07,405 - INFO - - Next niche will be: 'nikon'
2025-09-27 16:59:07,405 - INFO - - Keywords saved in: languages/english/keywords/canon/
2025-09-27 16:59:07,405 - INFO - ========================================
