2025-10-05 02:05:24,520 - INFO - Log file created at: /home/runner/work/potensitech.com/potensitech.com/languages/english/keywords/logs/kw_search_20251005_020524.log
2025-10-05 02:05:24,521 - INFO - ============================================================
2025-10-05 02:05:24,521 - INFO - AUTOMATIC KEYWORD RESEARCH TOOL
2025-10-05 02:05:24,521 - INFO - ============================================================
2025-10-05 02:05:24,671 - INFO - ========================================
2025-10-05 02:05:24,672 - INFO - Found 14 niches to process: xiaomi, iphone, samsung, apple, sony, asus, philips, sandisk, intel, nvidia, amd, canon, nikon, huawei
2025-10-05 02:05:24,672 - INFO - ========================================
2025-10-05 02:05:24,672 - INFO - All niches completed, starting over
2025-10-05 02:05:24,672 - INFO - ========================================
2025-10-05 02:05:24,672 - INFO - 🎯 PROCESSING NICHE 1/14: 'xiaomi'
2025-10-05 02:05:24,672 - INFO - ========================================
2025-10-05 02:05:24,672 - INFO - 📁 Niche directory: /home/runner/work/potensitech.com/potensitech.com/languages/english/keywords/xiaomi
2025-10-05 02:05:24,672 - INFO - Selected region: us
2025-10-05 02:05:24,672 - INFO - Selected language: en
2025-10-05 02:05:24,672 - INFO - 🎯 Current niche: xiaomi
2025-10-05 02:05:26,550 - INFO - 🎯 Niche terms for filtering: xiaomi, cheap, best, latest, review, price, sell, buy, recommendation, tips, tutorial, guide, how to, vs, versus, compared to, comparison, alternatives, which is better, expensive, discount, deals, sale, affordable, cost, online, offline, marketplace, store, shop, retailer, where to buy, worst, quality, original, genuine, fake, replica, authentic, brand, manufacturer, company, product, xiaomi product, sell xiaomi, buy xiaomi, cheap xiaomi, best xiaomi, xiaomi review, where to buy xiaomi, how to choose xiaomi, top xiaomi, xiaomi guide, xiaomi for sale, xiaomi deals
2025-10-05 02:05:26,550 - INFO - Generated 50 niche-clue pairs for 'xiaomi'.
2025-10-05 02:05:26,553 - INFO - Expanded 50 seed keywords to 218 variations
2025-10-05 02:05:26,553 - INFO - 🔧 Request Handler initialized - Success rate: 100.0%
2025-10-05 02:09:50,899 - INFO - Original clue keywords: dslr quality, processor performance
2025-10-05 02:09:50,899 - INFO - Niche-focused seeds: dslr quality, processor performance xiaomi, xiaomi processor performance, processor performance cheap, cheap processor performance, processor performance best, best processor performance, processor performance latest, latest processor performance, processor performance review, review processor performance, processor performance price, price processor performance, processor performance sell, sell processor performance, processor performance buy, buy processor performance, processor performance recommendation, recommendation processor performance, processor performance tips, tips processor performance, processor performance tutorial, tutorial processor performance, processor performance guide, guide processor performance, processor performance how to, how to processor performance, processor performance vs, vs processor performance, processor performance versus, versus processor performance, processor performance compared to, compared to processor performance, processor performance comparison, comparison processor performance, processor performance alternatives, alternatives processor performance, processor performance which is better, which is better processor performance, processor performance expensive, expensive processor performance, processor performance discount, discount processor performance, processor performance deals, deals processor performance, processor performance sale, sale processor performance, processor performance affordable, affordable processor performance, processor performance cost, cost processor performance, processor performance online, online processor performance, processor performance offline, offline processor performance, processor performance marketplace, marketplace processor performance, processor performance store, store processor performance, processor performance shop, shop processor performance, processor performance retailer, retailer processor performance, processor performance where to buy, where to buy processor performance, processor performance worst, worst processor performance, processor performance quality, quality processor performance, processor performance original, original processor performance, processor performance genuine, genuine processor performance, processor performance fake, fake processor performance, processor performance replica, replica processor performance, processor performance authentic, authentic processor performance, processor performance brand, brand processor performance, processor performance manufacturer, manufacturer processor performance, processor performance company, company processor performance, processor performance product, product processor performance, processor performance xiaomi product, xiaomi product processor performance, processor performance sell xiaomi, sell xiaomi processor performance, processor performance buy xiaomi, buy xiaomi processor performance, processor performance cheap xiaomi, cheap xiaomi processor performance, processor performance best xiaomi, best xiaomi processor performance, processor performance xiaomi review, xiaomi review processor performance, processor performance where to buy xiaomi, where to buy xiaomi processor performance, processor performance how to choose xiaomi, how to choose xiaomi processor performance, processor performance top xiaomi, top xiaomi processor performance, processor performance xiaomi guide, xiaomi guide processor performance, processor performance xiaomi for sale, xiaomi for sale processor performance, processor performance xiaomi deals, xiaomi deals processor performance
2025-10-05 02:09:50,902 - INFO - Expanded 111 seed keywords to 276 variations
2025-10-05 02:09:50,902 - INFO - Language: en
2025-10-05 02:09:50,902 - INFO - Region: us
2025-10-05 02:13:31,653 - INFO - 🎯 After all filtering for 'xiaomi': 120 relevant keywords
2025-10-05 02:13:31,677 - INFO - 🎯 Found 5 new keywords for niche 'xiaomi': xiaomi dslr quality, cheap dslr quality, best dslr quality, how to dslr quality, xiaomi affordable processor performance
2025-10-05 02:13:38,602 - INFO - ✅ Niche 'xiaomi' process complete! 88 total keyword results.
2025-10-05 02:13:38,602 - INFO - ✅ Completed processing niche: 'xiaomi'
2025-10-05 02:13:38,602 - INFO - 🔧 Request Handler final stats - Success rate: 100.0%
2025-10-05 02:13:38,602 - INFO -    Total requests: 18962, Blocks: 0
2025-10-05 02:13:38,603 - INFO - 
========================================
2025-10-05 02:13:38,604 - INFO - Process Summary:
2025-10-05 02:13:38,604 - INFO - - Current niche: 'xiaomi'
2025-10-05 02:13:38,604 - INFO - - Next niche will be: 'iphone'
2025-10-05 02:13:38,604 - INFO - - Keywords saved in: languages/english/keywords/xiaomi/
2025-10-05 02:13:38,604 - INFO - ========================================
