2025-09-24 04:53:55,121 - INFO - Log file created at: /home/runner/work/potensitech.com/potensitech.com/languages/english/keywords/logs/kw_search_20250924_045355.log
2025-09-24 04:53:55,121 - INFO - ============================================================
2025-09-24 04:53:55,121 - INFO - AUTOMATIC KEYWORD RESEARCH TOOL
2025-09-24 04:53:55,121 - INFO - ============================================================
2025-09-24 04:53:55,293 - INFO - ========================================
2025-09-24 04:53:55,293 - INFO - Found 14 niches to process: xiaomi, iphone, samsung, apple, sony, asus, philips, sandisk, intel, nvidia, amd, canon, nikon, huawei
2025-09-24 04:53:55,293 - INFO - ========================================
2025-09-24 04:53:55,293 - INFO - Continuing from last processed niche: apple
2025-09-24 04:53:55,293 - INFO - ========================================
2025-09-24 04:53:55,293 - INFO - 🎯 PROCESSING NICHE 5/14: 'sony'
2025-09-24 04:53:55,293 - INFO - ========================================
2025-09-24 04:53:55,293 - INFO - 📁 Niche directory: /home/runner/work/potensitech.com/potensitech.com/languages/english/keywords/sony
2025-09-24 04:53:55,293 - INFO - Selected region: us
2025-09-24 04:53:55,293 - INFO - Selected language: en
2025-09-24 04:53:55,294 - INFO - 🎯 Current niche: sony
2025-09-24 04:54:17,846 - INFO - 🎯 Niche terms for filtering: sony, cheap, best, latest, review, price, sell, buy, recommendation, tips, tutorial, guide, how to, vs, versus, compared to, comparison, alternatives, which is better, expensive, discount, deals, sale, affordable, cost, online, offline, marketplace, store, shop, retailer, where to buy, worst, quality, original, genuine, fake, replica, authentic, brand, manufacturer, company, product, sony product, sell sony, buy sony, cheap sony, best sony, sony review, where to buy sony, how to choose sony, top sony, sony guide, sony for sale, sony deals
2025-09-24 04:54:17,847 - INFO - Generated 50 niche-clue pairs for 'sony'.
2025-09-24 04:54:17,850 - INFO - Expanded 50 seed keywords to 218 variations
2025-09-24 04:54:17,850 - INFO - 🔧 Request Handler initialized - Success rate: 100.0%
2025-09-24 04:58:46,022 - INFO - Original clue keywords: camera quality, smartphone features
2025-09-24 04:58:46,022 - INFO - Niche-focused seeds: camera quality, smartphone features sony, sony smartphone features, smartphone features cheap, cheap smartphone features, smartphone features best, best smartphone features, smartphone features latest, latest smartphone features, smartphone features review, review smartphone features, smartphone features price, price smartphone features, smartphone features sell, sell smartphone features, smartphone features buy, buy smartphone features, smartphone features recommendation, recommendation smartphone features, smartphone features tips, tips smartphone features, smartphone features tutorial, tutorial smartphone features, smartphone features guide, guide smartphone features, smartphone features how to, how to smartphone features, smartphone features vs, vs smartphone features, smartphone features versus, versus smartphone features, smartphone features compared to, compared to smartphone features, smartphone features comparison, comparison smartphone features, smartphone features alternatives, alternatives smartphone features, smartphone features which is better, which is better smartphone features, smartphone features expensive, expensive smartphone features, smartphone features discount, discount smartphone features, smartphone features deals, deals smartphone features, smartphone features sale, sale smartphone features, smartphone features affordable, affordable smartphone features, smartphone features cost, cost smartphone features, smartphone features online, online smartphone features, smartphone features offline, offline smartphone features, smartphone features marketplace, marketplace smartphone features, smartphone features store, store smartphone features, smartphone features shop, shop smartphone features, smartphone features retailer, retailer smartphone features, smartphone features where to buy, where to buy smartphone features, smartphone features worst, worst smartphone features, smartphone features quality, quality smartphone features, smartphone features original, original smartphone features, smartphone features genuine, genuine smartphone features, smartphone features fake, fake smartphone features, smartphone features replica, replica smartphone features, smartphone features authentic, authentic smartphone features, smartphone features brand, brand smartphone features, smartphone features manufacturer, manufacturer smartphone features, smartphone features company, company smartphone features, smartphone features product, product smartphone features, smartphone features sony product, sony product smartphone features, smartphone features sell sony, sell sony smartphone features, smartphone features buy sony, buy sony smartphone features, smartphone features cheap sony, cheap sony smartphone features, smartphone features best sony, best sony smartphone features, smartphone features sony review, sony review smartphone features, smartphone features where to buy sony, where to buy sony smartphone features, smartphone features how to choose sony, how to choose sony smartphone features, smartphone features top sony, top sony smartphone features, smartphone features sony guide, sony guide smartphone features, smartphone features sony for sale, sony for sale smartphone features, smartphone features sony deals, sony deals smartphone features
2025-09-24 04:58:46,025 - INFO - Expanded 111 seed keywords to 276 variations
2025-09-24 04:58:46,025 - INFO - Language: en
2025-09-24 04:58:46,025 - INFO - Region: us
2025-09-24 05:03:17,321 - INFO - 🎯 After all filtering for 'sony': 120 relevant keywords
2025-09-24 05:03:17,334 - INFO - 🎯 Found 5 new keywords for niche 'sony': sony camera quality, cheap camera quality, best camera quality, how to camera quality, sony affordable smartphone features
2025-09-24 05:03:29,573 - INFO - ✅ Niche 'sony' process complete! 54 total keyword results.
2025-09-24 05:03:29,573 - INFO - ✅ Completed processing niche: 'sony'
2025-09-24 05:03:29,573 - INFO - 🔧 Request Handler final stats - Success rate: 100.0%
2025-09-24 05:03:29,573 - INFO -    Total requests: 11106, Blocks: 0
2025-09-24 05:03:29,574 - INFO - 
========================================
2025-09-24 05:03:29,574 - INFO - Process Summary:
2025-09-24 05:03:29,575 - INFO - - Current niche: 'sony'
2025-09-24 05:03:29,575 - INFO - - Next niche will be: 'asus'
2025-09-24 05:03:29,575 - INFO - - Keywords saved in: languages/english/keywords/sony/
2025-09-24 05:03:29,575 - INFO - ========================================
