2025-11-10 07:30:59,026 - INFO - Log file created at: /home/runner/work/potensitech.com/potensitech.com/languages/english/keywords/logs/kw_search_20251110_073059.log
2025-11-10 07:30:59,026 - INFO - ============================================================
2025-11-10 07:30:59,026 - INFO - AUTOMATIC KEYWORD RESEARCH TOOL
2025-11-10 07:30:59,026 - INFO - ============================================================
2025-11-10 07:30:59,203 - INFO - ========================================
2025-11-10 07:30:59,203 - INFO - Found 14 niches to process: xiaomi, iphone, samsung, apple, sony, asus, philips, sandisk, intel, nvidia, amd, canon, nikon, huawei
2025-11-10 07:30:59,203 - INFO - ========================================
2025-11-10 07:30:59,203 - INFO - Continuing from last processed niche: nvidia
2025-11-10 07:30:59,203 - INFO - ========================================
2025-11-10 07:30:59,203 - INFO - 🎯 PROCESSING NICHE 11/14: 'amd'
2025-11-10 07:30:59,203 - INFO - ========================================
2025-11-10 07:30:59,203 - INFO - 📁 Niche directory: /home/runner/work/potensitech.com/potensitech.com/languages/english/keywords/amd
2025-11-10 07:30:59,203 - INFO - Selected region: us
2025-11-10 07:30:59,203 - INFO - Selected language: en
2025-11-10 07:30:59,203 - INFO - 🎯 Current niche: amd
2025-11-10 07:31:03,857 - INFO - 🎯 Niche terms for filtering: amd, cheap, best, latest, review, price, sell, buy, recommendation, tips, tutorial, guide, how to, vs, versus, compared to, comparison, alternatives, which is better, expensive, discount, deals, sale, affordable, cost, online, offline, marketplace, store, shop, retailer, where to buy, worst, quality, original, genuine, fake, replica, authentic, brand, manufacturer, company, product, amd product, sell amd, buy amd, cheap amd, best amd, amd review, where to buy amd, how to choose amd, top amd, amd guide, amd for sale, amd deals
2025-11-10 07:31:03,858 - INFO - Generated 50 niche-clue pairs for 'amd'.
2025-11-10 07:31:03,861 - INFO - Expanded 50 seed keywords to 218 variations
2025-11-10 07:31:03,861 - INFO - 🔧 Request Handler initialized - Success rate: 100.0%
2025-11-10 07:35:28,675 - INFO - Original clue keywords: processor performance, core efficiency
2025-11-10 07:35:28,675 - INFO - Niche-focused seeds: processor performance amd, amd processor performance, processor performance cheap, cheap processor performance, processor performance best, best processor performance, processor performance latest, latest processor performance, processor performance review, review processor performance, processor performance price, price processor performance, processor performance sell, sell processor performance, processor performance buy, buy processor performance, processor performance recommendation, recommendation processor performance, processor performance tips, tips processor performance, processor performance tutorial, tutorial processor performance, processor performance guide, guide processor performance, processor performance how to, how to processor performance, processor performance vs, vs processor performance, processor performance versus, versus processor performance, processor performance compared to, compared to processor performance, processor performance comparison, comparison processor performance, processor performance alternatives, alternatives processor performance, processor performance which is better, which is better processor performance, processor performance expensive, expensive processor performance, processor performance discount, discount processor performance, processor performance deals, deals processor performance, processor performance sale, sale processor performance, processor performance affordable, affordable processor performance, processor performance cost, cost processor performance, processor performance online, online processor performance, processor performance offline, offline processor performance, processor performance marketplace, marketplace processor performance, processor performance store, store processor performance, processor performance shop, shop processor performance, processor performance retailer, retailer processor performance, processor performance where to buy, where to buy processor performance, processor performance worst, worst processor performance, processor performance quality, quality processor performance, processor performance original, original processor performance, processor performance genuine, genuine processor performance, processor performance fake, fake processor performance, processor performance replica, replica processor performance, processor performance authentic, authentic processor performance, processor performance brand, brand processor performance, processor performance manufacturer, manufacturer processor performance, processor performance company, company processor performance, processor performance product, product processor performance, processor performance amd product, amd product processor performance, processor performance sell amd, sell amd processor performance, processor performance buy amd, buy amd processor performance, processor performance cheap amd, cheap amd processor performance, processor performance best amd, best amd processor performance, processor performance amd review, amd review processor performance, processor performance where to buy amd, where to buy amd processor performance, processor performance how to choose amd, how to choose amd processor performance, processor performance top amd, top amd processor performance, processor performance amd guide, amd guide processor performance, processor performance amd for sale, amd for sale processor performance, processor performance amd deals, amd deals processor performance, core efficiency amd, amd core efficiency, core efficiency cheap, cheap core efficiency, core efficiency best, best core efficiency, core efficiency latest, latest core efficiency, core efficiency review, review core efficiency, core efficiency price, price core efficiency, core efficiency sell, sell core efficiency, core efficiency buy, buy core efficiency, core efficiency recommendation, recommendation core efficiency, core efficiency tips, tips core efficiency, core efficiency tutorial, tutorial core efficiency, core efficiency guide, guide core efficiency, core efficiency how to, how to core efficiency, core efficiency vs, vs core efficiency, core efficiency versus, versus core efficiency, core efficiency compared to, compared to core efficiency, core efficiency comparison, comparison core efficiency, core efficiency alternatives, alternatives core efficiency, core efficiency which is better, which is better core efficiency, core efficiency expensive, expensive core efficiency, core efficiency discount, discount core efficiency, core efficiency deals, deals core efficiency, core efficiency sale, sale core efficiency, core efficiency affordable, affordable core efficiency, core efficiency cost, cost core efficiency, core efficiency online, online core efficiency, core efficiency offline, offline core efficiency, core efficiency marketplace, marketplace core efficiency, core efficiency store, store core efficiency, core efficiency shop, shop core efficiency, core efficiency retailer, retailer core efficiency, core efficiency where to buy, where to buy core efficiency, core efficiency worst, worst core efficiency, core efficiency quality, quality core efficiency, core efficiency original, original core efficiency, core efficiency genuine, genuine core efficiency, core efficiency fake, fake core efficiency, core efficiency replica, replica core efficiency, core efficiency authentic, authentic core efficiency, core efficiency brand, brand core efficiency, core efficiency manufacturer, manufacturer core efficiency, core efficiency company, company core efficiency, core efficiency product, product core efficiency, core efficiency amd product, amd product core efficiency, core efficiency sell amd, sell amd core efficiency, core efficiency buy amd, buy amd core efficiency, core efficiency cheap amd, cheap amd core efficiency, core efficiency best amd, best amd core efficiency, core efficiency amd review, amd review core efficiency, core efficiency where to buy amd, where to buy amd core efficiency, core efficiency how to choose amd, how to choose amd core efficiency, core efficiency top amd, top amd core efficiency, core efficiency amd guide, amd guide core efficiency, core efficiency amd for sale, amd for sale core efficiency, core efficiency amd deals, amd deals core efficiency
2025-11-10 07:35:28,678 - INFO - Expanded 220 seed keywords to 385 variations
2025-11-10 07:35:28,678 - INFO - Language: en
2025-11-10 07:35:28,678 - INFO - Region: us
2025-11-10 07:37:57,743 - INFO - 🎯 After all filtering for 'amd': 120 relevant keywords
2025-11-10 07:37:58,243 - INFO - 🎯 Found 5 new keywords for niche 'amd': amd affordable core efficiency, amd affordable processor performance, cheap alternatives core efficiency, best authentic core efficiency, how to brand core efficiency
2025-11-10 07:38:08,896 - INFO - ✅ Niche 'amd' process complete! 252 total keyword results.
2025-11-10 07:38:08,896 - INFO - ✅ Completed processing niche: 'amd'
2025-11-10 07:38:08,896 - INFO - 🔧 Request Handler final stats - Success rate: 100.0%
2025-11-10 07:38:08,896 - INFO -    Total requests: 39579, Blocks: 0
2025-11-10 07:38:08,897 - INFO - 
========================================
2025-11-10 07:38:08,897 - INFO - Process Summary:
2025-11-10 07:38:08,897 - INFO - - Current niche: 'amd'
2025-11-10 07:38:08,897 - INFO - - Next niche will be: 'canon'
2025-11-10 07:38:08,897 - INFO - - Keywords saved in: languages/english/keywords/amd/
2025-11-10 07:38:08,898 - INFO - ========================================
