2025-11-23 02:25:34,090 - INFO - Log file created at: /home/runner/work/potensitech.com/potensitech.com/languages/english/keywords/logs/kw_search_20251123_022534.log
2025-11-23 02:25:34,090 - INFO - ============================================================
2025-11-23 02:25:34,090 - INFO - AUTOMATIC KEYWORD RESEARCH TOOL
2025-11-23 02:25:34,090 - INFO - ============================================================
2025-11-23 02:25:34,267 - INFO - ========================================
2025-11-23 02:25:34,267 - INFO - Found 14 niches to process: xiaomi, iphone, samsung, apple, sony, asus, philips, sandisk, intel, nvidia, amd, canon, nikon, huawei
2025-11-23 02:25:34,267 - INFO - ========================================
2025-11-23 02:25:34,267 - INFO - Continuing from last processed niche: amd
2025-11-23 02:25:34,267 - INFO - ========================================
2025-11-23 02:25:34,268 - INFO - 🎯 PROCESSING NICHE 12/14: 'canon'
2025-11-23 02:25:34,268 - INFO - ========================================
2025-11-23 02:25:34,268 - INFO - 📁 Niche directory: /home/runner/work/potensitech.com/potensitech.com/languages/english/keywords/canon
2025-11-23 02:25:34,268 - INFO - Selected region: us
2025-11-23 02:25:34,268 - INFO - Selected language: en
2025-11-23 02:25:34,268 - INFO - 🎯 Current niche: canon
2025-11-23 02:25:36,705 - INFO - 🎯 Niche terms for filtering: canon, cheap, best, latest, review, price, sell, buy, recommendation, tips, tutorial, guide, how to, vs, versus, compared to, comparison, alternatives, which is better, expensive, discount, deals, sale, affordable, cost, online, offline, marketplace, store, shop, retailer, where to buy, worst, quality, original, genuine, fake, replica, authentic, brand, manufacturer, company, product, canon product, sell canon, buy canon, cheap canon, best canon, canon review, where to buy canon, how to choose canon, top canon, canon guide, canon for sale, canon deals
2025-11-23 02:25:36,706 - INFO - Generated 50 niche-clue pairs for 'canon'.
2025-11-23 02:25:36,708 - INFO - Expanded 50 seed keywords to 218 variations
2025-11-23 02:25:36,709 - INFO - 🔧 Request Handler initialized - Success rate: 100.0%
2025-11-23 02:29:58,797 - INFO - Original clue keywords: dslr photography, camera lenses
2025-11-23 02:29:58,797 - INFO - Niche-focused seeds: dslr photography canon, canon dslr photography, dslr photography cheap, cheap dslr photography, dslr photography best, best dslr photography, dslr photography latest, latest dslr photography, dslr photography review, review dslr photography, dslr photography price, price dslr photography, dslr photography sell, sell dslr photography, dslr photography buy, buy dslr photography, dslr photography recommendation, recommendation dslr photography, dslr photography tips, tips dslr photography, dslr photography tutorial, tutorial dslr photography, dslr photography guide, guide dslr photography, dslr photography how to, how to dslr photography, dslr photography vs, vs dslr photography, dslr photography versus, versus dslr photography, dslr photography compared to, compared to dslr photography, dslr photography comparison, comparison dslr photography, dslr photography alternatives, alternatives dslr photography, dslr photography which is better, which is better dslr photography, dslr photography expensive, expensive dslr photography, dslr photography discount, discount dslr photography, dslr photography deals, deals dslr photography, dslr photography sale, sale dslr photography, dslr photography affordable, affordable dslr photography, dslr photography cost, cost dslr photography, dslr photography online, online dslr photography, dslr photography offline, offline dslr photography, dslr photography marketplace, marketplace dslr photography, dslr photography store, store dslr photography, dslr photography shop, shop dslr photography, dslr photography retailer, retailer dslr photography, dslr photography where to buy, where to buy dslr photography, dslr photography worst, worst dslr photography, dslr photography quality, quality dslr photography, dslr photography original, original dslr photography, dslr photography genuine, genuine dslr photography, dslr photography fake, fake dslr photography, dslr photography replica, replica dslr photography, dslr photography authentic, authentic dslr photography, dslr photography brand, brand dslr photography, dslr photography manufacturer, manufacturer dslr photography, dslr photography company, company dslr photography, dslr photography product, product dslr photography, dslr photography canon product, canon product dslr photography, dslr photography sell canon, sell canon dslr photography, dslr photography buy canon, buy canon dslr photography, dslr photography cheap canon, cheap canon dslr photography, dslr photography best canon, best canon dslr photography, dslr photography canon review, canon review dslr photography, dslr photography where to buy canon, where to buy canon dslr photography, dslr photography how to choose canon, how to choose canon dslr photography, dslr photography top canon, top canon dslr photography, dslr photography canon guide, canon guide dslr photography, dslr photography canon for sale, canon for sale dslr photography, dslr photography canon deals, canon deals dslr photography, camera lenses canon, canon camera lenses, camera lenses cheap, cheap camera lenses, camera lenses best, best camera lenses, camera lenses latest, latest camera lenses, camera lenses review, review camera lenses, camera lenses price, price camera lenses, camera lenses sell, sell camera lenses, camera lenses buy, buy camera lenses, camera lenses recommendation, recommendation camera lenses, camera lenses tips, tips camera lenses, camera lenses tutorial, tutorial camera lenses, camera lenses guide, guide camera lenses, camera lenses how to, how to camera lenses, camera lenses vs, vs camera lenses, camera lenses versus, versus camera lenses, camera lenses compared to, compared to camera lenses, camera lenses comparison, comparison camera lenses, camera lenses alternatives, alternatives camera lenses, camera lenses which is better, which is better camera lenses, camera lenses expensive, expensive camera lenses, camera lenses discount, discount camera lenses, camera lenses deals, deals camera lenses, camera lenses sale, sale camera lenses, camera lenses affordable, affordable camera lenses, camera lenses cost, cost camera lenses, camera lenses online, online camera lenses, camera lenses offline, offline camera lenses, camera lenses marketplace, marketplace camera lenses, camera lenses store, store camera lenses, camera lenses shop, shop camera lenses, camera lenses retailer, retailer camera lenses, camera lenses where to buy, where to buy camera lenses, camera lenses worst, worst camera lenses, camera lenses quality, quality camera lenses, camera lenses original, original camera lenses, camera lenses genuine, genuine camera lenses, camera lenses fake, fake camera lenses, camera lenses replica, replica camera lenses, camera lenses authentic, authentic camera lenses, camera lenses brand, brand camera lenses, camera lenses manufacturer, manufacturer camera lenses, camera lenses company, company camera lenses, camera lenses product, product camera lenses, camera lenses canon product, canon product camera lenses, camera lenses sell canon, sell canon camera lenses, camera lenses buy canon, buy canon camera lenses, camera lenses cheap canon, cheap canon camera lenses, camera lenses best canon, best canon camera lenses, camera lenses canon review, canon review camera lenses, camera lenses where to buy canon, where to buy canon camera lenses, camera lenses how to choose canon, how to choose canon camera lenses, camera lenses top canon, top canon camera lenses, camera lenses canon guide, canon guide camera lenses, camera lenses canon for sale, canon for sale camera lenses, camera lenses canon deals, canon deals camera lenses
2025-11-23 02:29:58,800 - INFO - Expanded 220 seed keywords to 385 variations
2025-11-23 02:29:58,800 - INFO - Language: en
2025-11-23 02:29:58,800 - INFO - Region: us
2025-11-23 02:30:31,967 - INFO - 🎯 After all filtering for 'canon': 120 relevant keywords
2025-11-23 02:30:32,040 - INFO - 🎯 Found 2 new keywords for niche 'canon': canon affordable camera lenses, canon affordable dslr photography
2025-11-23 02:30:37,202 - INFO - ✅ Niche 'canon' process complete! 236 total keyword results.
2025-11-23 02:30:37,202 - INFO - ✅ Completed processing niche: 'canon'
2025-11-23 02:30:37,202 - INFO - 🔧 Request Handler final stats - Success rate: 100.0%
2025-11-23 02:30:37,202 - INFO -    Total requests: 46976, Blocks: 0
2025-11-23 02:30:37,203 - INFO - 
========================================
2025-11-23 02:30:37,203 - INFO - Process Summary:
2025-11-23 02:30:37,203 - INFO - - Current niche: 'canon'
2025-11-23 02:30:37,203 - INFO - - Next niche will be: 'nikon'
2025-11-23 02:30:37,204 - INFO - - Keywords saved in: languages/english/keywords/canon/
2025-11-23 02:30:37,204 - INFO - ========================================
