2025-10-10 01:57:02,992 - INFO - Log file created at: /home/runner/work/potensitech.com/potensitech.com/languages/english/keywords/logs/kw_search_20251010_015702.log
2025-10-10 01:57:02,992 - INFO - ============================================================
2025-10-10 01:57:02,992 - INFO - AUTOMATIC KEYWORD RESEARCH TOOL
2025-10-10 01:57:02,992 - INFO - ============================================================
2025-10-10 01:57:03,147 - INFO - ========================================
2025-10-10 01:57:03,147 - INFO - Found 14 niches to process: xiaomi, iphone, samsung, apple, sony, asus, philips, sandisk, intel, nvidia, amd, canon, nikon, huawei
2025-10-10 01:57:03,147 - INFO - ========================================
2025-10-10 01:57:03,147 - INFO - Continuing from last processed niche: sandisk
2025-10-10 01:57:03,147 - INFO - ========================================
2025-10-10 01:57:03,147 - INFO - 🎯 PROCESSING NICHE 9/14: 'intel'
2025-10-10 01:57:03,147 - INFO - ========================================
2025-10-10 01:57:03,147 - INFO - 📁 Niche directory: /home/runner/work/potensitech.com/potensitech.com/languages/english/keywords/intel
2025-10-10 01:57:03,148 - INFO - Selected region: us
2025-10-10 01:57:03,148 - INFO - Selected language: en
2025-10-10 01:57:03,148 - INFO - 🎯 Current niche: intel
2025-10-10 01:57:05,307 - INFO - 🎯 Niche terms for filtering: intel, cheap, best, latest, review, price, sell, buy, recommendation, tips, tutorial, guide, how to, vs, versus, compared to, comparison, alternatives, which is better, expensive, discount, deals, sale, affordable, cost, online, offline, marketplace, store, shop, retailer, where to buy, worst, quality, original, genuine, fake, replica, authentic, brand, manufacturer, company, product, intel product, sell intel, buy intel, cheap intel, best intel, intel review, where to buy intel, how to choose intel, top intel, intel guide, intel for sale, intel deals
2025-10-10 01:57:05,308 - INFO - Generated 50 niche-clue pairs for 'intel'.
2025-10-10 01:57:05,311 - INFO - Expanded 50 seed keywords to 218 variations
2025-10-10 01:57:05,311 - INFO - 🔧 Request Handler initialized - Success rate: 100.0%
2025-10-10 02:01:29,942 - INFO - Original clue keywords: performance boost, storage capacity
2025-10-10 02:01:29,943 - INFO - Niche-focused seeds: performance boost intel, intel performance boost, performance boost cheap, cheap performance boost, performance boost best, best performance boost, performance boost latest, latest performance boost, performance boost review, review performance boost, performance boost price, price performance boost, performance boost sell, sell performance boost, performance boost buy, buy performance boost, performance boost recommendation, recommendation performance boost, performance boost tips, tips performance boost, performance boost tutorial, tutorial performance boost, performance boost guide, guide performance boost, performance boost how to, how to performance boost, performance boost vs, vs performance boost, performance boost versus, versus performance boost, performance boost compared to, compared to performance boost, performance boost comparison, comparison performance boost, performance boost alternatives, alternatives performance boost, performance boost which is better, which is better performance boost, performance boost expensive, expensive performance boost, performance boost discount, discount performance boost, performance boost deals, deals performance boost, performance boost sale, sale performance boost, performance boost affordable, affordable performance boost, performance boost cost, cost performance boost, performance boost online, online performance boost, performance boost offline, offline performance boost, performance boost marketplace, marketplace performance boost, performance boost store, store performance boost, performance boost shop, shop performance boost, performance boost retailer, retailer performance boost, performance boost where to buy, where to buy performance boost, performance boost worst, worst performance boost, performance boost quality, quality performance boost, performance boost original, original performance boost, performance boost genuine, genuine performance boost, performance boost fake, fake performance boost, performance boost replica, replica performance boost, performance boost authentic, authentic performance boost, performance boost brand, brand performance boost, performance boost manufacturer, manufacturer performance boost, performance boost company, company performance boost, performance boost product, product performance boost, performance boost intel product, intel product performance boost, performance boost sell intel, sell intel performance boost, performance boost buy intel, buy intel performance boost, performance boost cheap intel, cheap intel performance boost, performance boost best intel, best intel performance boost, performance boost intel review, intel review performance boost, performance boost where to buy intel, where to buy intel performance boost, performance boost how to choose intel, how to choose intel performance boost, performance boost top intel, top intel performance boost, performance boost intel guide, intel guide performance boost, performance boost intel for sale, intel for sale performance boost, performance boost intel deals, intel deals performance boost, storage capacity intel, intel storage capacity, storage capacity cheap, cheap storage capacity, storage capacity best, best storage capacity, storage capacity latest, latest storage capacity, storage capacity review, review storage capacity, storage capacity price, price storage capacity, storage capacity sell, sell storage capacity, storage capacity buy, buy storage capacity, storage capacity recommendation, recommendation storage capacity, storage capacity tips, tips storage capacity, storage capacity tutorial, tutorial storage capacity, storage capacity guide, guide storage capacity, storage capacity how to, how to storage capacity, storage capacity vs, vs storage capacity, storage capacity versus, versus storage capacity, storage capacity compared to, compared to storage capacity, storage capacity comparison, comparison storage capacity, storage capacity alternatives, alternatives storage capacity, storage capacity which is better, which is better storage capacity, storage capacity expensive, expensive storage capacity, storage capacity discount, discount storage capacity, storage capacity deals, deals storage capacity, storage capacity sale, sale storage capacity, storage capacity affordable, affordable storage capacity, storage capacity cost, cost storage capacity, storage capacity online, online storage capacity, storage capacity offline, offline storage capacity, storage capacity marketplace, marketplace storage capacity, storage capacity store, store storage capacity, storage capacity shop, shop storage capacity, storage capacity retailer, retailer storage capacity, storage capacity where to buy, where to buy storage capacity, storage capacity worst, worst storage capacity, storage capacity quality, quality storage capacity, storage capacity original, original storage capacity, storage capacity genuine, genuine storage capacity, storage capacity fake, fake storage capacity, storage capacity replica, replica storage capacity, storage capacity authentic, authentic storage capacity, storage capacity brand, brand storage capacity, storage capacity manufacturer, manufacturer storage capacity, storage capacity company, company storage capacity, storage capacity product, product storage capacity, storage capacity intel product, intel product storage capacity, storage capacity sell intel, sell intel storage capacity, storage capacity buy intel, buy intel storage capacity, storage capacity cheap intel, cheap intel storage capacity, storage capacity best intel, best intel storage capacity, storage capacity intel review, intel review storage capacity, storage capacity where to buy intel, where to buy intel storage capacity, storage capacity how to choose intel, how to choose intel storage capacity, storage capacity top intel, top intel storage capacity, storage capacity intel guide, intel guide storage capacity, storage capacity intel for sale, intel for sale storage capacity, storage capacity intel deals, intel deals storage capacity
2025-10-10 02:01:29,946 - INFO - Expanded 220 seed keywords to 385 variations
2025-10-10 02:01:29,946 - INFO - Language: en
2025-10-10 02:01:29,946 - INFO - Region: us
2025-10-10 02:03:57,701 - INFO - 🎯 After all filtering for 'intel': 120 relevant keywords
2025-10-10 02:03:57,919 - INFO - 🎯 Found 5 new keywords for niche 'intel': intel affordable performance boost, intel affordable storage capacity, cheap alternatives performance boost, cheap alternatives storage capacity, best authentic performance boost
2025-10-10 02:04:06,113 - INFO - ✅ Niche 'intel' process complete! 121 total keyword results.
2025-10-10 02:04:06,113 - INFO - ✅ Completed processing niche: 'intel'
2025-10-10 02:04:06,113 - INFO - 🔧 Request Handler final stats - Success rate: 100.0%
2025-10-10 02:04:06,113 - INFO -    Total requests: 22737, Blocks: 0
2025-10-10 02:04:06,114 - INFO - 
========================================
2025-10-10 02:04:06,115 - INFO - Process Summary:
2025-10-10 02:04:06,115 - INFO - - Current niche: 'intel'
2025-10-10 02:04:06,115 - INFO - - Next niche will be: 'nvidia'
2025-10-10 02:04:06,115 - INFO - - Keywords saved in: languages/english/keywords/intel/
2025-10-10 02:04:06,115 - INFO - ========================================
