2025-09-15 09:43:46,396 - INFO - Log file created at: /home/runner/work/potensitech.com/potensitech.com/languages/english/keywords/logs/kw_search_20250915_094346.log
2025-09-15 09:43:46,396 - INFO - ============================================================
2025-09-15 09:43:46,396 - INFO - AUTOMATIC KEYWORD RESEARCH TOOL
2025-09-15 09:43:46,396 - INFO - ============================================================
2025-09-15 09:43:46,505 - INFO - ========================================
2025-09-15 09:43:46,505 - INFO - Found 14 niches to process: xiaomi, iphone, samsung, apple, sony, asus, philips, sandisk, intel, nvidia, amd, canon, nikon, huawei
2025-09-15 09:43:46,505 - INFO - ========================================
2025-09-15 09:43:46,505 - INFO - All niches completed, starting over
2025-09-15 09:43:46,505 - INFO - ========================================
2025-09-15 09:43:46,505 - INFO - 🎯 PROCESSING NICHE 1/14: 'xiaomi'
2025-09-15 09:43:46,505 - INFO - ========================================
2025-09-15 09:43:46,505 - INFO - 📁 Niche directory: /home/runner/work/potensitech.com/potensitech.com/languages/english/keywords/xiaomi
2025-09-15 09:43:46,506 - INFO - Selected region: us
2025-09-15 09:43:46,506 - INFO - Selected language: en
2025-09-15 09:43:46,506 - INFO - 🎯 Current niche: xiaomi
2025-09-15 09:43:50,393 - INFO - 🎯 Niche terms for filtering: xiaomi, cheap, best, latest, review, price, sell, buy, recommendation, tips, tutorial, guide, how to, vs, versus, compared to, comparison, alternatives, which is better, expensive, discount, deals, sale, affordable, cost, online, offline, marketplace, store, shop, retailer, where to buy, worst, quality, original, genuine, fake, replica, authentic, brand, manufacturer, company, product, xiaomi product, sell xiaomi, buy xiaomi, cheap xiaomi, best xiaomi, xiaomi review, where to buy xiaomi, how to choose xiaomi, top xiaomi, xiaomi guide, xiaomi for sale, xiaomi deals
2025-09-15 09:43:50,394 - INFO - Generated 50 niche-clue pairs for 'xiaomi'.
2025-09-15 09:43:50,397 - INFO - Expanded 50 seed keywords to 218 variations
2025-09-15 09:43:50,398 - INFO - 🔧 Request Handler initialized - Success rate: 100.0%
2025-09-15 09:48:16,028 - INFO - Original clue keywords: dslr photography, mirrorless innovation
2025-09-15 09:48:16,028 - INFO - Niche-focused seeds: dslr photography xiaomi, xiaomi dslr photography, dslr photography cheap, cheap dslr photography, dslr photography best, best dslr photography, dslr photography latest, latest dslr photography, dslr photography review, review dslr photography, dslr photography price, price dslr photography, dslr photography sell, sell dslr photography, dslr photography buy, buy dslr photography, dslr photography recommendation, recommendation dslr photography, dslr photography tips, tips dslr photography, dslr photography tutorial, tutorial dslr photography, dslr photography guide, guide dslr photography, dslr photography how to, how to dslr photography, dslr photography vs, vs dslr photography, dslr photography versus, versus dslr photography, dslr photography compared to, compared to dslr photography, dslr photography comparison, comparison dslr photography, dslr photography alternatives, alternatives dslr photography, dslr photography which is better, which is better dslr photography, dslr photography expensive, expensive dslr photography, dslr photography discount, discount dslr photography, dslr photography deals, deals dslr photography, dslr photography sale, sale dslr photography, dslr photography affordable, affordable dslr photography, dslr photography cost, cost dslr photography, dslr photography online, online dslr photography, dslr photography offline, offline dslr photography, dslr photography marketplace, marketplace dslr photography, dslr photography store, store dslr photography, dslr photography shop, shop dslr photography, dslr photography retailer, retailer dslr photography, dslr photography where to buy, where to buy dslr photography, dslr photography worst, worst dslr photography, dslr photography quality, quality dslr photography, dslr photography original, original dslr photography, dslr photography genuine, genuine dslr photography, dslr photography fake, fake dslr photography, dslr photography replica, replica dslr photography, dslr photography authentic, authentic dslr photography, dslr photography brand, brand dslr photography, dslr photography manufacturer, manufacturer dslr photography, dslr photography company, company dslr photography, dslr photography product, product dslr photography, dslr photography xiaomi product, xiaomi product dslr photography, dslr photography sell xiaomi, sell xiaomi dslr photography, dslr photography buy xiaomi, buy xiaomi dslr photography, dslr photography cheap xiaomi, cheap xiaomi dslr photography, dslr photography best xiaomi, best xiaomi dslr photography, dslr photography xiaomi review, xiaomi review dslr photography, dslr photography where to buy xiaomi, where to buy xiaomi dslr photography, dslr photography how to choose xiaomi, how to choose xiaomi dslr photography, dslr photography top xiaomi, top xiaomi dslr photography, dslr photography xiaomi guide, xiaomi guide dslr photography, dslr photography xiaomi for sale, xiaomi for sale dslr photography, dslr photography xiaomi deals, xiaomi deals dslr photography, mirrorless innovation xiaomi, xiaomi mirrorless innovation, mirrorless innovation cheap, cheap mirrorless innovation, mirrorless innovation best, best mirrorless innovation, mirrorless innovation latest, latest mirrorless innovation, mirrorless innovation review, review mirrorless innovation, mirrorless innovation price, price mirrorless innovation, mirrorless innovation sell, sell mirrorless innovation, mirrorless innovation buy, buy mirrorless innovation, mirrorless innovation recommendation, recommendation mirrorless innovation, mirrorless innovation tips, tips mirrorless innovation, mirrorless innovation tutorial, tutorial mirrorless innovation, mirrorless innovation guide, guide mirrorless innovation, mirrorless innovation how to, how to mirrorless innovation, mirrorless innovation vs, vs mirrorless innovation, mirrorless innovation versus, versus mirrorless innovation, mirrorless innovation compared to, compared to mirrorless innovation, mirrorless innovation comparison, comparison mirrorless innovation, mirrorless innovation alternatives, alternatives mirrorless innovation, mirrorless innovation which is better, which is better mirrorless innovation, mirrorless innovation expensive, expensive mirrorless innovation, mirrorless innovation discount, discount mirrorless innovation, mirrorless innovation deals, deals mirrorless innovation, mirrorless innovation sale, sale mirrorless innovation, mirrorless innovation affordable, affordable mirrorless innovation, mirrorless innovation cost, cost mirrorless innovation, mirrorless innovation online, online mirrorless innovation, mirrorless innovation offline, offline mirrorless innovation, mirrorless innovation marketplace, marketplace mirrorless innovation, mirrorless innovation store, store mirrorless innovation, mirrorless innovation shop, shop mirrorless innovation, mirrorless innovation retailer, retailer mirrorless innovation, mirrorless innovation where to buy, where to buy mirrorless innovation, mirrorless innovation worst, worst mirrorless innovation, mirrorless innovation quality, quality mirrorless innovation, mirrorless innovation original, original mirrorless innovation, mirrorless innovation genuine, genuine mirrorless innovation, mirrorless innovation fake, fake mirrorless innovation, mirrorless innovation replica, replica mirrorless innovation, mirrorless innovation authentic, authentic mirrorless innovation, mirrorless innovation brand, brand mirrorless innovation, mirrorless innovation manufacturer, manufacturer mirrorless innovation, mirrorless innovation company, company mirrorless innovation, mirrorless innovation product, product mirrorless innovation, mirrorless innovation xiaomi product, xiaomi product mirrorless innovation, mirrorless innovation sell xiaomi, sell xiaomi mirrorless innovation, mirrorless innovation buy xiaomi, buy xiaomi mirrorless innovation, mirrorless innovation cheap xiaomi, cheap xiaomi mirrorless innovation, mirrorless innovation best xiaomi, best xiaomi mirrorless innovation, mirrorless innovation xiaomi review, xiaomi review mirrorless innovation, mirrorless innovation where to buy xiaomi, where to buy xiaomi mirrorless innovation, mirrorless innovation how to choose xiaomi, how to choose xiaomi mirrorless innovation, mirrorless innovation top xiaomi, top xiaomi mirrorless innovation, mirrorless innovation xiaomi guide, xiaomi guide mirrorless innovation, mirrorless innovation xiaomi for sale, xiaomi for sale mirrorless innovation, mirrorless innovation xiaomi deals, xiaomi deals mirrorless innovation
2025-09-15 09:48:16,031 - INFO - Expanded 220 seed keywords to 385 variations
2025-09-15 09:48:16,032 - INFO - Language: en
2025-09-15 09:48:16,032 - INFO - Region: us
2025-09-15 09:52:46,092 - INFO - 🎯 After all filtering for 'xiaomi': 120 relevant keywords
2025-09-15 09:52:46,132 - INFO - 🎯 Found 5 new keywords for niche 'xiaomi': xiaomi affordable dslr photography, xiaomi affordable mirrorless innovation, cheap alternatives dslr photography, cheap alternatives mirrorless innovation, best authentic dslr photography
2025-09-15 09:53:01,028 - INFO - ✅ Niche 'xiaomi' process complete! 27 total keyword results.
2025-09-15 09:53:01,028 - INFO - ✅ Completed processing niche: 'xiaomi'
2025-09-15 09:53:01,029 - INFO - 🔧 Request Handler final stats - Success rate: 100.0%
2025-09-15 09:53:01,029 - INFO -    Total requests: 3497, Blocks: 0
2025-09-15 09:53:01,030 - INFO - 
========================================
2025-09-15 09:53:01,030 - INFO - Process Summary:
2025-09-15 09:53:01,030 - INFO - - Current niche: 'xiaomi'
2025-09-15 09:53:01,030 - INFO - - Next niche will be: 'iphone'
2025-09-15 09:53:01,030 - INFO - - Keywords saved in: languages/english/keywords/xiaomi/
2025-09-15 09:53:01,030 - INFO - ========================================
