2025-10-13 04:53:54,996 - INFO - Log file created at: /home/runner/work/potensitech.com/potensitech.com/languages/english/keywords/logs/kw_search_20251013_045354.log
2025-10-13 04:53:54,997 - INFO - ============================================================
2025-10-13 04:53:54,997 - INFO - AUTOMATIC KEYWORD RESEARCH TOOL
2025-10-13 04:53:54,997 - INFO - ============================================================
2025-10-13 04:53:55,163 - INFO - ========================================
2025-10-13 04:53:55,164 - INFO - Found 14 niches to process: xiaomi, iphone, samsung, apple, sony, asus, philips, sandisk, intel, nvidia, amd, canon, nikon, huawei
2025-10-13 04:53:55,164 - INFO - ========================================
2025-10-13 04:53:55,164 - INFO - Continuing from last processed niche: canon
2025-10-13 04:53:55,164 - INFO - ========================================
2025-10-13 04:53:55,164 - INFO - 🎯 PROCESSING NICHE 13/14: 'nikon'
2025-10-13 04:53:55,164 - INFO - ========================================
2025-10-13 04:53:55,164 - INFO - 📁 Niche directory: /home/runner/work/potensitech.com/potensitech.com/languages/english/keywords/nikon
2025-10-13 04:53:55,164 - INFO - Selected region: us
2025-10-13 04:53:55,164 - INFO - Selected language: en
2025-10-13 04:53:55,164 - INFO - 🎯 Current niche: nikon
2025-10-13 04:53:57,427 - INFO - 🎯 Niche terms for filtering: nikon, cheap, best, latest, review, price, sell, buy, recommendation, tips, tutorial, guide, how to, vs, versus, compared to, comparison, alternatives, which is better, expensive, discount, deals, sale, affordable, cost, online, offline, marketplace, store, shop, retailer, where to buy, worst, quality, original, genuine, fake, replica, authentic, brand, manufacturer, company, product, nikon product, sell nikon, buy nikon, cheap nikon, best nikon, nikon review, where to buy nikon, how to choose nikon, top nikon, nikon guide, nikon for sale, nikon deals
2025-10-13 04:53:57,427 - INFO - Generated 50 niche-clue pairs for 'nikon'.
2025-10-13 04:53:57,430 - INFO - Expanded 50 seed keywords to 218 variations
2025-10-13 04:53:57,431 - INFO - 🔧 Request Handler initialized - Success rate: 100.0%
2025-10-13 04:58:17,860 - INFO - Original clue keywords: battery life, smartphone camera
2025-10-13 04:58:17,860 - INFO - Niche-focused seeds: battery life nikon, nikon battery life, battery life cheap, cheap battery life, battery life best, best battery life, battery life latest, latest battery life, battery life review, review battery life, battery life price, price battery life, battery life sell, sell battery life, battery life buy, buy battery life, battery life recommendation, recommendation battery life, battery life tips, tips battery life, battery life tutorial, tutorial battery life, battery life guide, guide battery life, battery life how to, how to battery life, battery life vs, vs battery life, battery life versus, versus battery life, battery life compared to, compared to battery life, battery life comparison, comparison battery life, battery life alternatives, alternatives battery life, battery life which is better, which is better battery life, battery life expensive, expensive battery life, battery life discount, discount battery life, battery life deals, deals battery life, battery life sale, sale battery life, battery life affordable, affordable battery life, battery life cost, cost battery life, battery life online, online battery life, battery life offline, offline battery life, battery life marketplace, marketplace battery life, battery life store, store battery life, battery life shop, shop battery life, battery life retailer, retailer battery life, battery life where to buy, where to buy battery life, battery life worst, worst battery life, battery life quality, quality battery life, battery life original, original battery life, battery life genuine, genuine battery life, battery life fake, fake battery life, battery life replica, replica battery life, battery life authentic, authentic battery life, battery life brand, brand battery life, battery life manufacturer, manufacturer battery life, battery life company, company battery life, battery life product, product battery life, battery life nikon product, nikon product battery life, battery life sell nikon, sell nikon battery life, battery life buy nikon, buy nikon battery life, battery life cheap nikon, cheap nikon battery life, battery life best nikon, best nikon battery life, battery life nikon review, nikon review battery life, battery life where to buy nikon, where to buy nikon battery life, battery life how to choose nikon, how to choose nikon battery life, battery life top nikon, top nikon battery life, battery life nikon guide, nikon guide battery life, battery life nikon for sale, nikon for sale battery life, battery life nikon deals, nikon deals battery life, smartphone camera nikon, nikon smartphone camera, smartphone camera cheap, cheap smartphone camera, smartphone camera best, best smartphone camera, smartphone camera latest, latest smartphone camera, smartphone camera review, review smartphone camera, smartphone camera price, price smartphone camera, smartphone camera sell, sell smartphone camera, smartphone camera buy, buy smartphone camera, smartphone camera recommendation, recommendation smartphone camera, smartphone camera tips, tips smartphone camera, smartphone camera tutorial, tutorial smartphone camera, smartphone camera guide, guide smartphone camera, smartphone camera how to, how to smartphone camera, smartphone camera vs, vs smartphone camera, smartphone camera versus, versus smartphone camera, smartphone camera compared to, compared to smartphone camera, smartphone camera comparison, comparison smartphone camera, smartphone camera alternatives, alternatives smartphone camera, smartphone camera which is better, which is better smartphone camera, smartphone camera expensive, expensive smartphone camera, smartphone camera discount, discount smartphone camera, smartphone camera deals, deals smartphone camera, smartphone camera sale, sale smartphone camera, smartphone camera affordable, affordable smartphone camera, smartphone camera cost, cost smartphone camera, smartphone camera online, online smartphone camera, smartphone camera offline, offline smartphone camera, smartphone camera marketplace, marketplace smartphone camera, smartphone camera store, store smartphone camera, smartphone camera shop, shop smartphone camera, smartphone camera retailer, retailer smartphone camera, smartphone camera where to buy, where to buy smartphone camera, smartphone camera worst, worst smartphone camera, smartphone camera quality, quality smartphone camera, smartphone camera original, original smartphone camera, smartphone camera genuine, genuine smartphone camera, smartphone camera fake, fake smartphone camera, smartphone camera replica, replica smartphone camera, smartphone camera authentic, authentic smartphone camera, smartphone camera brand, brand smartphone camera, smartphone camera manufacturer, manufacturer smartphone camera, smartphone camera company, company smartphone camera, smartphone camera product, product smartphone camera, smartphone camera nikon product, nikon product smartphone camera, smartphone camera sell nikon, sell nikon smartphone camera, smartphone camera buy nikon, buy nikon smartphone camera, smartphone camera cheap nikon, cheap nikon smartphone camera, smartphone camera best nikon, best nikon smartphone camera, smartphone camera nikon review, nikon review smartphone camera, smartphone camera where to buy nikon, where to buy nikon smartphone camera, smartphone camera how to choose nikon, how to choose nikon smartphone camera, smartphone camera top nikon, top nikon smartphone camera, smartphone camera nikon guide, nikon guide smartphone camera, smartphone camera nikon for sale, nikon for sale smartphone camera, smartphone camera nikon deals, nikon deals smartphone camera
2025-10-13 04:58:17,863 - INFO - Expanded 220 seed keywords to 385 variations
2025-10-13 04:58:17,863 - INFO - Language: en
2025-10-13 04:58:17,863 - INFO - Region: us
2025-10-13 04:58:52,444 - INFO - 🎯 After all filtering for 'nikon': 120 relevant keywords
2025-10-13 04:58:53,169 - INFO - 🎯 Found 4 new keywords for niche 'nikon': nikon affordable battery life, nikon affordable smartphone camera, alternatives smartphone camera cheap, best authentic smartphone camera
2025-10-13 04:58:58,675 - INFO - ✅ Niche 'nikon' process complete! 144 total keyword results.
2025-10-13 04:58:58,675 - INFO - ✅ Completed processing niche: 'nikon'
2025-10-13 04:58:58,676 - INFO - 🔧 Request Handler final stats - Success rate: 100.0%
2025-10-13 04:58:58,676 - INFO -    Total requests: 24865, Blocks: 0
2025-10-13 04:58:58,677 - INFO - 
========================================
2025-10-13 04:58:58,677 - INFO - Process Summary:
2025-10-13 04:58:58,677 - INFO - - Current niche: 'nikon'
2025-10-13 04:58:58,677 - INFO - - Next niche will be: 'huawei'
2025-10-13 04:58:58,677 - INFO - - Keywords saved in: languages/english/keywords/nikon/
2025-10-13 04:58:58,677 - INFO - ========================================
