2025-09-19 16:52:47,096 - INFO - Log file created at: /home/runner/work/potensitech.com/potensitech.com/languages/english/keywords/logs/kw_search_20250919_165247.log
2025-09-19 16:52:47,096 - INFO - ============================================================
2025-09-19 16:52:47,096 - INFO - AUTOMATIC KEYWORD RESEARCH TOOL
2025-09-19 16:52:47,096 - INFO - ============================================================
2025-09-19 16:52:47,207 - INFO - ========================================
2025-09-19 16:52:47,207 - INFO - Found 14 niches to process: xiaomi, iphone, samsung, apple, sony, asus, philips, sandisk, intel, nvidia, amd, canon, nikon, huawei
2025-09-19 16:52:47,207 - INFO - ========================================
2025-09-19 16:52:47,207 - INFO - Continuing from last processed niche: xiaomi
2025-09-19 16:52:47,207 - INFO - ========================================
2025-09-19 16:52:47,207 - INFO - 🎯 PROCESSING NICHE 2/14: 'iphone'
2025-09-19 16:52:47,208 - INFO - ========================================
2025-09-19 16:52:47,208 - INFO - 📁 Niche directory: /home/runner/work/potensitech.com/potensitech.com/languages/english/keywords/iphone
2025-09-19 16:52:47,208 - INFO - Selected region: us
2025-09-19 16:52:47,208 - INFO - Selected language: en
2025-09-19 16:52:47,208 - INFO - 🎯 Current niche: iphone
2025-09-19 16:52:54,511 - INFO - 🎯 Niche terms for filtering: iphone, cheap, best, latest, review, price, sell, buy, recommendation, tips, tutorial, guide, how to, vs, versus, compared to, comparison, alternatives, which is better, expensive, discount, deals, sale, affordable, cost, online, offline, marketplace, store, shop, retailer, where to buy, worst, quality, original, genuine, fake, replica, authentic, brand, manufacturer, company, product, iphone product, sell iphone, buy iphone, cheap iphone, best iphone, iphone review, where to buy iphone, how to choose iphone, top iphone, iphone guide, iphone for sale, iphone deals
2025-09-19 16:52:54,512 - INFO - Generated 50 niche-clue pairs for 'iphone'.
2025-09-19 16:52:54,514 - INFO - Expanded 50 seed keywords to 218 variations
2025-09-19 16:52:54,515 - INFO - 🔧 Request Handler initialized - Success rate: 100.0%
2025-09-19 16:57:17,864 - INFO - Original clue keywords: camera resolution, autofocus speed
2025-09-19 16:57:17,864 - INFO - Niche-focused seeds: camera resolution iphone, iphone camera resolution, camera resolution cheap, cheap camera resolution, camera resolution best, best camera resolution, camera resolution latest, latest camera resolution, camera resolution review, review camera resolution, camera resolution price, price camera resolution, camera resolution sell, sell camera resolution, camera resolution buy, buy camera resolution, camera resolution recommendation, recommendation camera resolution, camera resolution tips, tips camera resolution, camera resolution tutorial, tutorial camera resolution, camera resolution guide, guide camera resolution, camera resolution how to, how to camera resolution, camera resolution vs, vs camera resolution, camera resolution versus, versus camera resolution, camera resolution compared to, compared to camera resolution, camera resolution comparison, comparison camera resolution, camera resolution alternatives, alternatives camera resolution, camera resolution which is better, which is better camera resolution, camera resolution expensive, expensive camera resolution, camera resolution discount, discount camera resolution, camera resolution deals, deals camera resolution, camera resolution sale, sale camera resolution, camera resolution affordable, affordable camera resolution, camera resolution cost, cost camera resolution, camera resolution online, online camera resolution, camera resolution offline, offline camera resolution, camera resolution marketplace, marketplace camera resolution, camera resolution store, store camera resolution, camera resolution shop, shop camera resolution, camera resolution retailer, retailer camera resolution, camera resolution where to buy, where to buy camera resolution, camera resolution worst, worst camera resolution, camera resolution quality, quality camera resolution, camera resolution original, original camera resolution, camera resolution genuine, genuine camera resolution, camera resolution fake, fake camera resolution, camera resolution replica, replica camera resolution, camera resolution authentic, authentic camera resolution, camera resolution brand, brand camera resolution, camera resolution manufacturer, manufacturer camera resolution, camera resolution company, company camera resolution, camera resolution product, product camera resolution, camera resolution iphone product, iphone product camera resolution, camera resolution sell iphone, sell iphone camera resolution, camera resolution buy iphone, buy iphone camera resolution, camera resolution cheap iphone, cheap iphone camera resolution, camera resolution best iphone, best iphone camera resolution, camera resolution iphone review, iphone review camera resolution, camera resolution where to buy iphone, where to buy iphone camera resolution, camera resolution how to choose iphone, how to choose iphone camera resolution, camera resolution top iphone, top iphone camera resolution, camera resolution iphone guide, iphone guide camera resolution, camera resolution iphone for sale, iphone for sale camera resolution, camera resolution iphone deals, iphone deals camera resolution, autofocus speed iphone, iphone autofocus speed, autofocus speed cheap, cheap autofocus speed, autofocus speed best, best autofocus speed, autofocus speed latest, latest autofocus speed, autofocus speed review, review autofocus speed, autofocus speed price, price autofocus speed, autofocus speed sell, sell autofocus speed, autofocus speed buy, buy autofocus speed, autofocus speed recommendation, recommendation autofocus speed, autofocus speed tips, tips autofocus speed, autofocus speed tutorial, tutorial autofocus speed, autofocus speed guide, guide autofocus speed, autofocus speed how to, how to autofocus speed, autofocus speed vs, vs autofocus speed, autofocus speed versus, versus autofocus speed, autofocus speed compared to, compared to autofocus speed, autofocus speed comparison, comparison autofocus speed, autofocus speed alternatives, alternatives autofocus speed, autofocus speed which is better, which is better autofocus speed, autofocus speed expensive, expensive autofocus speed, autofocus speed discount, discount autofocus speed, autofocus speed deals, deals autofocus speed, autofocus speed sale, sale autofocus speed, autofocus speed affordable, affordable autofocus speed, autofocus speed cost, cost autofocus speed, autofocus speed online, online autofocus speed, autofocus speed offline, offline autofocus speed, autofocus speed marketplace, marketplace autofocus speed, autofocus speed store, store autofocus speed, autofocus speed shop, shop autofocus speed, autofocus speed retailer, retailer autofocus speed, autofocus speed where to buy, where to buy autofocus speed, autofocus speed worst, worst autofocus speed, autofocus speed quality, quality autofocus speed, autofocus speed original, original autofocus speed, autofocus speed genuine, genuine autofocus speed, autofocus speed fake, fake autofocus speed, autofocus speed replica, replica autofocus speed, autofocus speed authentic, authentic autofocus speed, autofocus speed brand, brand autofocus speed, autofocus speed manufacturer, manufacturer autofocus speed, autofocus speed company, company autofocus speed, autofocus speed product, product autofocus speed, autofocus speed iphone product, iphone product autofocus speed, autofocus speed sell iphone, sell iphone autofocus speed, autofocus speed buy iphone, buy iphone autofocus speed, autofocus speed cheap iphone, cheap iphone autofocus speed, autofocus speed best iphone, best iphone autofocus speed, autofocus speed iphone review, iphone review autofocus speed, autofocus speed where to buy iphone, where to buy iphone autofocus speed, autofocus speed how to choose iphone, how to choose iphone autofocus speed, autofocus speed top iphone, top iphone autofocus speed, autofocus speed iphone guide, iphone guide autofocus speed, autofocus speed iphone for sale, iphone for sale autofocus speed, autofocus speed iphone deals, iphone deals autofocus speed
2025-09-19 16:57:17,867 - INFO - Expanded 220 seed keywords to 385 variations
2025-09-19 16:57:17,867 - INFO - Language: en
2025-09-19 16:57:17,867 - INFO - Region: us
2025-09-19 17:01:51,215 - INFO - 🎯 After all filtering for 'iphone': 120 relevant keywords
2025-09-19 17:01:51,309 - INFO - 🎯 Found 5 new keywords for niche 'iphone': iphone affordable autofocus speed, iphone affordable camera resolution, cheap alternatives autofocus speed, cheap alternatives camera resolution, best authentic autofocus speed
2025-09-19 17:02:47,246 - INFO - ✅ Niche 'iphone' process complete! 55 total keyword results.
2025-09-19 17:02:47,246 - INFO - ✅ Completed processing niche: 'iphone'
2025-09-19 17:02:47,246 - INFO - 🔧 Request Handler final stats - Success rate: 100.0%
2025-09-19 17:02:47,246 - INFO -    Total requests: 7313, Blocks: 0
2025-09-19 17:02:47,247 - INFO - 
========================================
2025-09-19 17:02:47,248 - INFO - Process Summary:
2025-09-19 17:02:47,248 - INFO - - Current niche: 'iphone'
2025-09-19 17:02:47,248 - INFO - - Next niche will be: 'samsung'
2025-09-19 17:02:47,248 - INFO - - Keywords saved in: languages/english/keywords/iphone/
2025-09-19 17:02:47,248 - INFO - ========================================
