2025-10-24 14:39:54,362 - INFO - Log file created at: /home/runner/work/potensitech.com/potensitech.com/languages/english/keywords/logs/kw_search_20251024_143954.log
2025-10-24 14:39:54,362 - INFO - ============================================================
2025-10-24 14:39:54,363 - INFO - AUTOMATIC KEYWORD RESEARCH TOOL
2025-10-24 14:39:54,363 - INFO - ============================================================
2025-10-24 14:39:54,562 - INFO - ========================================
2025-10-24 14:39:54,562 - INFO - Found 14 niches to process: xiaomi, iphone, samsung, apple, sony, asus, philips, sandisk, intel, nvidia, amd, canon, nikon, huawei
2025-10-24 14:39:54,562 - INFO - ========================================
2025-10-24 14:39:54,562 - INFO - All niches completed, starting over
2025-10-24 14:39:54,562 - INFO - ========================================
2025-10-24 14:39:54,562 - INFO - 🎯 PROCESSING NICHE 1/14: 'xiaomi'
2025-10-24 14:39:54,562 - INFO - ========================================
2025-10-24 14:39:54,562 - INFO - 📁 Niche directory: /home/runner/work/potensitech.com/potensitech.com/languages/english/keywords/xiaomi
2025-10-24 14:39:54,563 - INFO - Selected region: us
2025-10-24 14:39:54,563 - INFO - Selected language: en
2025-10-24 14:39:54,563 - INFO - 🎯 Current niche: xiaomi
2025-10-24 14:39:58,114 - INFO - 🎯 Niche terms for filtering: xiaomi, cheap, best, latest, review, price, sell, buy, recommendation, tips, tutorial, guide, how to, vs, versus, compared to, comparison, alternatives, which is better, expensive, discount, deals, sale, affordable, cost, online, offline, marketplace, store, shop, retailer, where to buy, worst, quality, original, genuine, fake, replica, authentic, brand, manufacturer, company, product, xiaomi product, sell xiaomi, buy xiaomi, cheap xiaomi, best xiaomi, xiaomi review, where to buy xiaomi, how to choose xiaomi, top xiaomi, xiaomi guide, xiaomi for sale, xiaomi deals
2025-10-24 14:39:58,115 - INFO - Generated 50 niche-clue pairs for 'xiaomi'.
2025-10-24 14:39:58,118 - INFO - Expanded 50 seed keywords to 218 variations
2025-10-24 14:39:58,118 - INFO - 🔧 Request Handler initialized - Success rate: 100.0%
2025-10-24 14:44:21,577 - INFO - Original clue keywords: dslr photography, camera lens
2025-10-24 14:44:21,577 - INFO - Niche-focused seeds: dslr photography xiaomi, xiaomi dslr photography, dslr photography cheap, cheap dslr photography, dslr photography best, best dslr photography, dslr photography latest, latest dslr photography, dslr photography review, review dslr photography, dslr photography price, price dslr photography, dslr photography sell, sell dslr photography, dslr photography buy, buy dslr photography, dslr photography recommendation, recommendation dslr photography, dslr photography tips, tips dslr photography, dslr photography tutorial, tutorial dslr photography, dslr photography guide, guide dslr photography, dslr photography how to, how to dslr photography, dslr photography vs, vs dslr photography, dslr photography versus, versus dslr photography, dslr photography compared to, compared to dslr photography, dslr photography comparison, comparison dslr photography, dslr photography alternatives, alternatives dslr photography, dslr photography which is better, which is better dslr photography, dslr photography expensive, expensive dslr photography, dslr photography discount, discount dslr photography, dslr photography deals, deals dslr photography, dslr photography sale, sale dslr photography, dslr photography affordable, affordable dslr photography, dslr photography cost, cost dslr photography, dslr photography online, online dslr photography, dslr photography offline, offline dslr photography, dslr photography marketplace, marketplace dslr photography, dslr photography store, store dslr photography, dslr photography shop, shop dslr photography, dslr photography retailer, retailer dslr photography, dslr photography where to buy, where to buy dslr photography, dslr photography worst, worst dslr photography, dslr photography quality, quality dslr photography, dslr photography original, original dslr photography, dslr photography genuine, genuine dslr photography, dslr photography fake, fake dslr photography, dslr photography replica, replica dslr photography, dslr photography authentic, authentic dslr photography, dslr photography brand, brand dslr photography, dslr photography manufacturer, manufacturer dslr photography, dslr photography company, company dslr photography, dslr photography product, product dslr photography, dslr photography xiaomi product, xiaomi product dslr photography, dslr photography sell xiaomi, sell xiaomi dslr photography, dslr photography buy xiaomi, buy xiaomi dslr photography, dslr photography cheap xiaomi, cheap xiaomi dslr photography, dslr photography best xiaomi, best xiaomi dslr photography, dslr photography xiaomi review, xiaomi review dslr photography, dslr photography where to buy xiaomi, where to buy xiaomi dslr photography, dslr photography how to choose xiaomi, how to choose xiaomi dslr photography, dslr photography top xiaomi, top xiaomi dslr photography, dslr photography xiaomi guide, xiaomi guide dslr photography, dslr photography xiaomi for sale, xiaomi for sale dslr photography, dslr photography xiaomi deals, xiaomi deals dslr photography, camera lens xiaomi, xiaomi camera lens, camera lens cheap, cheap camera lens, camera lens best, best camera lens, camera lens latest, latest camera lens, camera lens review, review camera lens, camera lens price, price camera lens, camera lens sell, sell camera lens, camera lens buy, buy camera lens, camera lens recommendation, recommendation camera lens, camera lens tips, tips camera lens, camera lens tutorial, tutorial camera lens, camera lens guide, guide camera lens, camera lens how to, how to camera lens, camera lens vs, vs camera lens, camera lens versus, versus camera lens, camera lens compared to, compared to camera lens, camera lens comparison, comparison camera lens, camera lens alternatives, alternatives camera lens, camera lens which is better, which is better camera lens, camera lens expensive, expensive camera lens, camera lens discount, discount camera lens, camera lens deals, deals camera lens, camera lens sale, sale camera lens, camera lens affordable, affordable camera lens, camera lens cost, cost camera lens, camera lens online, online camera lens, camera lens offline, offline camera lens, camera lens marketplace, marketplace camera lens, camera lens store, store camera lens, camera lens shop, shop camera lens, camera lens retailer, retailer camera lens, camera lens where to buy, where to buy camera lens, camera lens worst, worst camera lens, camera lens quality, quality camera lens, camera lens original, original camera lens, camera lens genuine, genuine camera lens, camera lens fake, fake camera lens, camera lens replica, replica camera lens, camera lens authentic, authentic camera lens, camera lens brand, brand camera lens, camera lens manufacturer, manufacturer camera lens, camera lens company, company camera lens, camera lens product, product camera lens, camera lens xiaomi product, xiaomi product camera lens, camera lens sell xiaomi, sell xiaomi camera lens, camera lens buy xiaomi, buy xiaomi camera lens, camera lens cheap xiaomi, cheap xiaomi camera lens, camera lens best xiaomi, best xiaomi camera lens, camera lens xiaomi review, xiaomi review camera lens, camera lens where to buy xiaomi, where to buy xiaomi camera lens, camera lens how to choose xiaomi, how to choose xiaomi camera lens, camera lens top xiaomi, top xiaomi camera lens, camera lens xiaomi guide, xiaomi guide camera lens, camera lens xiaomi for sale, xiaomi for sale camera lens, camera lens xiaomi deals, xiaomi deals camera lens
2025-10-24 14:44:21,580 - INFO - Expanded 220 seed keywords to 385 variations
2025-10-24 14:44:21,580 - INFO - Language: en
2025-10-24 14:44:21,580 - INFO - Region: us
2025-10-24 14:44:53,777 - INFO - 🎯 After all filtering for 'xiaomi': 120 relevant keywords
2025-10-24 14:44:54,118 - INFO - 🎯 Found 5 new keywords for niche 'xiaomi': xiaomi affordable camera lens, xiaomi affordable dslr photography, cheap alternatives dslr photography, best authentic dslr photography, how to brand dslr photography
2025-10-24 14:45:03,425 - INFO - ✅ Niche 'xiaomi' process complete! 158 total keyword results.
2025-10-24 14:45:03,425 - INFO - ✅ Completed processing niche: 'xiaomi'
2025-10-24 14:45:03,425 - INFO - 🔧 Request Handler final stats - Success rate: 100.0%
2025-10-24 14:45:03,425 - INFO -    Total requests: 30785, Blocks: 0
2025-10-24 14:45:03,426 - INFO - 
========================================
2025-10-24 14:45:03,426 - INFO - Process Summary:
2025-10-24 14:45:03,426 - INFO - - Current niche: 'xiaomi'
2025-10-24 14:45:03,426 - INFO - - Next niche will be: 'iphone'
2025-10-24 14:45:03,427 - INFO - - Keywords saved in: languages/english/keywords/xiaomi/
2025-10-24 14:45:03,427 - INFO - ========================================
