2025-09-17 12:32:37,467 - INFO - Log file created at: /home/runner/work/potensitech.com/potensitech.com/languages/english/keywords/logs/kw_search_20250917_123237.log
2025-09-17 12:32:37,467 - INFO - ============================================================
2025-09-17 12:32:37,467 - INFO - AUTOMATIC KEYWORD RESEARCH TOOL
2025-09-17 12:32:37,467 - INFO - ============================================================
2025-09-17 12:32:37,563 - INFO - ========================================
2025-09-17 12:32:37,563 - INFO - Found 14 niches to process: xiaomi, iphone, samsung, apple, sony, asus, philips, sandisk, intel, nvidia, amd, canon, nikon, huawei
2025-09-17 12:32:37,563 - INFO - ========================================
2025-09-17 12:32:37,563 - INFO - Continuing from last processed niche: philips
2025-09-17 12:32:37,563 - INFO - ========================================
2025-09-17 12:32:37,564 - INFO - 🎯 PROCESSING NICHE 8/14: 'sandisk'
2025-09-17 12:32:37,564 - INFO - ========================================
2025-09-17 12:32:37,564 - INFO - 📁 Niche directory: /home/runner/work/potensitech.com/potensitech.com/languages/english/keywords/sandisk
2025-09-17 12:32:37,564 - INFO - Selected region: us
2025-09-17 12:32:37,564 - INFO - Selected language: en
2025-09-17 12:32:37,564 - INFO - 🎯 Current niche: sandisk
2025-09-17 12:32:41,010 - INFO - 🎯 Niche terms for filtering: sandisk, cheap, best, latest, review, price, sell, buy, recommendation, tips, tutorial, guide, how to, vs, versus, compared to, comparison, alternatives, which is better, expensive, discount, deals, sale, affordable, cost, online, offline, marketplace, store, shop, retailer, where to buy, worst, quality, original, genuine, fake, replica, authentic, brand, manufacturer, company, product, sandisk product, sell sandisk, buy sandisk, cheap sandisk, best sandisk, sandisk review, where to buy sandisk, how to choose sandisk, top sandisk, sandisk guide, sandisk for sale, sandisk deals
2025-09-17 12:32:41,011 - INFO - Generated 50 niche-clue pairs for 'sandisk'.
2025-09-17 12:32:41,014 - INFO - Expanded 50 seed keywords to 218 variations
2025-09-17 12:32:41,014 - INFO - 🔧 Request Handler initialized - Success rate: 100.0%
2025-09-17 12:37:07,392 - INFO - Original clue keywords: memory card, external storage
2025-09-17 12:37:07,393 - INFO - Niche-focused seeds: memory card sandisk, sandisk memory card, memory card cheap, cheap memory card, memory card best, best memory card, memory card latest, latest memory card, memory card review, review memory card, memory card price, price memory card, memory card sell, sell memory card, memory card buy, buy memory card, memory card recommendation, recommendation memory card, memory card tips, tips memory card, memory card tutorial, tutorial memory card, memory card guide, guide memory card, memory card how to, how to memory card, memory card vs, vs memory card, memory card versus, versus memory card, memory card compared to, compared to memory card, memory card comparison, comparison memory card, memory card alternatives, alternatives memory card, memory card which is better, which is better memory card, memory card expensive, expensive memory card, memory card discount, discount memory card, memory card deals, deals memory card, memory card sale, sale memory card, memory card affordable, affordable memory card, memory card cost, cost memory card, memory card online, online memory card, memory card offline, offline memory card, memory card marketplace, marketplace memory card, memory card store, store memory card, memory card shop, shop memory card, memory card retailer, retailer memory card, memory card where to buy, where to buy memory card, memory card worst, worst memory card, memory card quality, quality memory card, memory card original, original memory card, memory card genuine, genuine memory card, memory card fake, fake memory card, memory card replica, replica memory card, memory card authentic, authentic memory card, memory card brand, brand memory card, memory card manufacturer, manufacturer memory card, memory card company, company memory card, memory card product, product memory card, memory card sandisk product, sandisk product memory card, memory card sell sandisk, sell sandisk memory card, memory card buy sandisk, buy sandisk memory card, memory card cheap sandisk, cheap sandisk memory card, memory card best sandisk, best sandisk memory card, memory card sandisk review, sandisk review memory card, memory card where to buy sandisk, where to buy sandisk memory card, memory card how to choose sandisk, how to choose sandisk memory card, memory card top sandisk, top sandisk memory card, memory card sandisk guide, sandisk guide memory card, memory card sandisk for sale, sandisk for sale memory card, memory card sandisk deals, sandisk deals memory card, external storage sandisk, sandisk external storage, external storage cheap, cheap external storage, external storage best, best external storage, external storage latest, latest external storage, external storage review, review external storage, external storage price, price external storage, external storage sell, sell external storage, external storage buy, buy external storage, external storage recommendation, recommendation external storage, external storage tips, tips external storage, external storage tutorial, tutorial external storage, external storage guide, guide external storage, external storage how to, how to external storage, external storage vs, vs external storage, external storage versus, versus external storage, external storage compared to, compared to external storage, external storage comparison, comparison external storage, external storage alternatives, alternatives external storage, external storage which is better, which is better external storage, external storage expensive, expensive external storage, external storage discount, discount external storage, external storage deals, deals external storage, external storage sale, sale external storage, external storage affordable, affordable external storage, external storage cost, cost external storage, external storage online, online external storage, external storage offline, offline external storage, external storage marketplace, marketplace external storage, external storage store, store external storage, external storage shop, shop external storage, external storage retailer, retailer external storage, external storage where to buy, where to buy external storage, external storage worst, worst external storage, external storage quality, quality external storage, external storage original, original external storage, external storage genuine, genuine external storage, external storage fake, fake external storage, external storage replica, replica external storage, external storage authentic, authentic external storage, external storage brand, brand external storage, external storage manufacturer, manufacturer external storage, external storage company, company external storage, external storage product, product external storage, external storage sandisk product, sandisk product external storage, external storage sell sandisk, sell sandisk external storage, external storage buy sandisk, buy sandisk external storage, external storage cheap sandisk, cheap sandisk external storage, external storage best sandisk, best sandisk external storage, external storage sandisk review, sandisk review external storage, external storage where to buy sandisk, where to buy sandisk external storage, external storage how to choose sandisk, how to choose sandisk external storage, external storage top sandisk, top sandisk external storage, external storage sandisk guide, sandisk guide external storage, external storage sandisk for sale, sandisk for sale external storage, external storage sandisk deals, sandisk deals external storage
2025-09-17 12:37:07,396 - INFO - Expanded 220 seed keywords to 385 variations
2025-09-17 12:37:07,396 - INFO - Language: en
2025-09-17 12:37:07,396 - INFO - Region: us
2025-09-17 12:41:40,158 - INFO - 🎯 After all filtering for 'sandisk': 120 relevant keywords
2025-09-17 12:41:40,194 - INFO - 🎯 Found 5 new keywords for niche 'sandisk': sandisk affordable external storage, sandisk affordable memory card, cheap alternatives external storage, best authentic external storage, how to brand external storage
2025-09-17 12:41:54,756 - INFO - ✅ Niche 'sandisk' process complete! 18 total keyword results.
2025-09-17 12:41:54,756 - INFO - ✅ Completed processing niche: 'sandisk'
2025-09-17 12:41:54,756 - INFO - 🔧 Request Handler final stats - Success rate: 100.0%
2025-09-17 12:41:54,756 - INFO -    Total requests: 5383, Blocks: 0
2025-09-17 12:41:54,757 - INFO - 
========================================
2025-09-17 12:41:54,757 - INFO - Process Summary:
2025-09-17 12:41:54,757 - INFO - - Current niche: 'sandisk'
2025-09-17 12:41:54,758 - INFO - - Next niche will be: 'intel'
2025-09-17 12:41:54,758 - INFO - - Keywords saved in: languages/english/keywords/sandisk/
2025-09-17 12:41:54,758 - INFO - ========================================
