2025-09-25 01:57:10,889 - INFO - Log file created at: /home/runner/work/potensitech.com/potensitech.com/languages/english/keywords/logs/kw_search_20250925_015710.log
2025-09-25 01:57:10,889 - INFO - ============================================================
2025-09-25 01:57:10,889 - INFO - AUTOMATIC KEYWORD RESEARCH TOOL
2025-09-25 01:57:10,889 - INFO - ============================================================
2025-09-25 01:57:11,028 - INFO - ========================================
2025-09-25 01:57:11,028 - INFO - Found 14 niches to process: xiaomi, iphone, samsung, apple, sony, asus, philips, sandisk, intel, nvidia, amd, canon, nikon, huawei
2025-09-25 01:57:11,028 - INFO - ========================================
2025-09-25 01:57:11,028 - INFO - Continuing from last processed niche: canon
2025-09-25 01:57:11,028 - INFO - ========================================
2025-09-25 01:57:11,028 - INFO - 🎯 PROCESSING NICHE 13/14: 'nikon'
2025-09-25 01:57:11,028 - INFO - ========================================
2025-09-25 01:57:11,028 - INFO - 📁 Niche directory: /home/runner/work/potensitech.com/potensitech.com/languages/english/keywords/nikon
2025-09-25 01:57:11,029 - INFO - Selected region: us
2025-09-25 01:57:11,029 - INFO - Selected language: en
2025-09-25 01:57:11,029 - INFO - 🎯 Current niche: nikon
2025-09-25 01:57:13,822 - INFO - 🎯 Niche terms for filtering: nikon, cheap, best, latest, review, price, sell, buy, recommendation, tips, tutorial, guide, how to, vs, versus, compared to, comparison, alternatives, which is better, expensive, discount, deals, sale, affordable, cost, online, offline, marketplace, store, shop, retailer, where to buy, worst, quality, original, genuine, fake, replica, authentic, brand, manufacturer, company, product, nikon product, sell nikon, buy nikon, cheap nikon, best nikon, nikon review, where to buy nikon, how to choose nikon, top nikon, nikon guide, nikon for sale, nikon deals
2025-09-25 01:57:13,822 - INFO - Generated 50 niche-clue pairs for 'nikon'.
2025-09-25 01:57:13,825 - INFO - Expanded 50 seed keywords to 218 variations
2025-09-25 01:57:13,825 - INFO - 🔧 Request Handler initialized - Success rate: 100.0%
2025-09-25 02:01:36,218 - INFO - Original clue keywords: camera quality, mirrorless camera
2025-09-25 02:01:36,218 - INFO - Niche-focused seeds: camera quality, mirrorless camera nikon, nikon mirrorless camera, mirrorless camera cheap, cheap mirrorless camera, mirrorless camera best, best mirrorless camera, mirrorless camera latest, latest mirrorless camera, mirrorless camera review, review mirrorless camera, mirrorless camera price, price mirrorless camera, mirrorless camera sell, sell mirrorless camera, mirrorless camera buy, buy mirrorless camera, mirrorless camera recommendation, recommendation mirrorless camera, mirrorless camera tips, tips mirrorless camera, mirrorless camera tutorial, tutorial mirrorless camera, mirrorless camera guide, guide mirrorless camera, mirrorless camera how to, how to mirrorless camera, mirrorless camera vs, vs mirrorless camera, mirrorless camera versus, versus mirrorless camera, mirrorless camera compared to, compared to mirrorless camera, mirrorless camera comparison, comparison mirrorless camera, mirrorless camera alternatives, alternatives mirrorless camera, mirrorless camera which is better, which is better mirrorless camera, mirrorless camera expensive, expensive mirrorless camera, mirrorless camera discount, discount mirrorless camera, mirrorless camera deals, deals mirrorless camera, mirrorless camera sale, sale mirrorless camera, mirrorless camera affordable, affordable mirrorless camera, mirrorless camera cost, cost mirrorless camera, mirrorless camera online, online mirrorless camera, mirrorless camera offline, offline mirrorless camera, mirrorless camera marketplace, marketplace mirrorless camera, mirrorless camera store, store mirrorless camera, mirrorless camera shop, shop mirrorless camera, mirrorless camera retailer, retailer mirrorless camera, mirrorless camera where to buy, where to buy mirrorless camera, mirrorless camera worst, worst mirrorless camera, mirrorless camera quality, quality mirrorless camera, mirrorless camera original, original mirrorless camera, mirrorless camera genuine, genuine mirrorless camera, mirrorless camera fake, fake mirrorless camera, mirrorless camera replica, replica mirrorless camera, mirrorless camera authentic, authentic mirrorless camera, mirrorless camera brand, brand mirrorless camera, mirrorless camera manufacturer, manufacturer mirrorless camera, mirrorless camera company, company mirrorless camera, mirrorless camera product, product mirrorless camera, mirrorless camera nikon product, nikon product mirrorless camera, mirrorless camera sell nikon, sell nikon mirrorless camera, mirrorless camera buy nikon, buy nikon mirrorless camera, mirrorless camera cheap nikon, cheap nikon mirrorless camera, mirrorless camera best nikon, best nikon mirrorless camera, mirrorless camera nikon review, nikon review mirrorless camera, mirrorless camera where to buy nikon, where to buy nikon mirrorless camera, mirrorless camera how to choose nikon, how to choose nikon mirrorless camera, mirrorless camera top nikon, top nikon mirrorless camera, mirrorless camera nikon guide, nikon guide mirrorless camera, mirrorless camera nikon for sale, nikon for sale mirrorless camera, mirrorless camera nikon deals, nikon deals mirrorless camera
2025-09-25 02:01:36,221 - INFO - Expanded 111 seed keywords to 276 variations
2025-09-25 02:01:36,221 - INFO - Language: en
2025-09-25 02:01:36,221 - INFO - Region: us
2025-09-25 02:06:08,168 - INFO - 🎯 After all filtering for 'nikon': 120 relevant keywords
2025-09-25 02:06:08,180 - INFO - 🎯 Found 5 new keywords for niche 'nikon': nikon camera quality, cheap camera quality, best camera quality, how to camera quality, nikon affordable mirrorless camera
2025-09-25 02:06:18,068 - INFO - ✅ Niche 'nikon' process complete! 57 total keyword results.
2025-09-25 02:06:18,068 - INFO - ✅ Completed processing niche: 'nikon'
2025-09-25 02:06:18,068 - INFO - 🔧 Request Handler final stats - Success rate: 100.0%
2025-09-25 02:06:18,068 - INFO -    Total requests: 11837, Blocks: 0
2025-09-25 02:06:18,069 - INFO - 
========================================
2025-09-25 02:06:18,070 - INFO - Process Summary:
2025-09-25 02:06:18,070 - INFO - - Current niche: 'nikon'
2025-09-25 02:06:18,070 - INFO - - Next niche will be: 'huawei'
2025-09-25 02:06:18,070 - INFO - - Keywords saved in: languages/english/keywords/nikon/
2025-09-25 02:06:18,070 - INFO - ========================================
