2025-10-09 03:11:44,379 - INFO - Log file created at: /home/runner/work/potensitech.com/potensitech.com/languages/english/keywords/logs/kw_search_20251009_031144.log
2025-10-09 03:11:44,379 - INFO - ============================================================
2025-10-09 03:11:44,379 - INFO - AUTOMATIC KEYWORD RESEARCH TOOL
2025-10-09 03:11:44,379 - INFO - ============================================================
2025-10-09 03:11:44,628 - INFO - ========================================
2025-10-09 03:11:44,628 - INFO - Found 14 niches to process: xiaomi, iphone, samsung, apple, sony, asus, philips, sandisk, intel, nvidia, amd, canon, nikon, huawei
2025-10-09 03:11:44,628 - INFO - ========================================
2025-10-09 03:11:44,628 - INFO - Continuing from last processed niche: nikon
2025-10-09 03:11:44,628 - INFO - ========================================
2025-10-09 03:11:44,628 - INFO - 🎯 PROCESSING NICHE 14/14: 'huawei'
2025-10-09 03:11:44,628 - INFO - ========================================
2025-10-09 03:11:44,628 - INFO - 📁 Niche directory: /home/runner/work/potensitech.com/potensitech.com/languages/english/keywords/huawei
2025-10-09 03:11:44,628 - INFO - Selected region: us
2025-10-09 03:11:44,628 - INFO - Selected language: en
2025-10-09 03:11:44,629 - INFO - 🎯 Current niche: huawei
2025-10-09 03:11:47,672 - INFO - 🎯 Niche terms for filtering: huawei, cheap, best, latest, review, price, sell, buy, recommendation, tips, tutorial, guide, how to, vs, versus, compared to, comparison, alternatives, which is better, expensive, discount, deals, sale, affordable, cost, online, offline, marketplace, store, shop, retailer, where to buy, worst, quality, original, genuine, fake, replica, authentic, brand, manufacturer, company, product, huawei product, sell huawei, buy huawei, cheap huawei, best huawei, huawei review, where to buy huawei, how to choose huawei, top huawei, huawei guide, huawei for sale, huawei deals
2025-10-09 03:11:47,672 - INFO - Generated 50 niche-clue pairs for 'huawei'.
2025-10-09 03:11:47,675 - INFO - Expanded 50 seed keywords to 218 variations
2025-10-09 03:11:47,675 - INFO - 🔧 Request Handler initialized - Success rate: 100.0%
2025-10-09 03:16:13,949 - INFO - Original clue keywords: ai rendering, performance boost
2025-10-09 03:16:13,949 - INFO - Niche-focused seeds: ai rendering huawei, huawei ai rendering, ai rendering cheap, cheap ai rendering, ai rendering best, best ai rendering, ai rendering latest, latest ai rendering, ai rendering review, review ai rendering, ai rendering price, price ai rendering, ai rendering sell, sell ai rendering, ai rendering buy, buy ai rendering, ai rendering recommendation, recommendation ai rendering, ai rendering tips, tips ai rendering, ai rendering tutorial, tutorial ai rendering, ai rendering guide, guide ai rendering, ai rendering how to, how to ai rendering, ai rendering vs, vs ai rendering, ai rendering versus, versus ai rendering, ai rendering compared to, compared to ai rendering, ai rendering comparison, comparison ai rendering, ai rendering alternatives, alternatives ai rendering, ai rendering which is better, which is better ai rendering, ai rendering expensive, expensive ai rendering, ai rendering discount, discount ai rendering, ai rendering deals, deals ai rendering, ai rendering sale, sale ai rendering, ai rendering affordable, affordable ai rendering, ai rendering cost, cost ai rendering, ai rendering online, online ai rendering, ai rendering offline, offline ai rendering, ai rendering marketplace, marketplace ai rendering, ai rendering store, store ai rendering, ai rendering shop, shop ai rendering, ai rendering retailer, retailer ai rendering, ai rendering where to buy, where to buy ai rendering, ai rendering worst, worst ai rendering, ai rendering quality, quality ai rendering, ai rendering original, original ai rendering, ai rendering genuine, genuine ai rendering, ai rendering fake, fake ai rendering, ai rendering replica, replica ai rendering, ai rendering authentic, authentic ai rendering, ai rendering brand, brand ai rendering, ai rendering manufacturer, manufacturer ai rendering, ai rendering company, company ai rendering, ai rendering product, product ai rendering, ai rendering huawei product, huawei product ai rendering, ai rendering sell huawei, sell huawei ai rendering, ai rendering buy huawei, buy huawei ai rendering, ai rendering cheap huawei, cheap huawei ai rendering, ai rendering best huawei, best huawei ai rendering, ai rendering huawei review, huawei review ai rendering, ai rendering where to buy huawei, where to buy huawei ai rendering, ai rendering how to choose huawei, how to choose huawei ai rendering, ai rendering top huawei, top huawei ai rendering, ai rendering huawei guide, huawei guide ai rendering, ai rendering huawei for sale, huawei for sale ai rendering, ai rendering huawei deals, huawei deals ai rendering, performance boost huawei, huawei performance boost, performance boost cheap, cheap performance boost, performance boost best, best performance boost, performance boost latest, latest performance boost, performance boost review, review performance boost, performance boost price, price performance boost, performance boost sell, sell performance boost, performance boost buy, buy performance boost, performance boost recommendation, recommendation performance boost, performance boost tips, tips performance boost, performance boost tutorial, tutorial performance boost, performance boost guide, guide performance boost, performance boost how to, how to performance boost, performance boost vs, vs performance boost, performance boost versus, versus performance boost, performance boost compared to, compared to performance boost, performance boost comparison, comparison performance boost, performance boost alternatives, alternatives performance boost, performance boost which is better, which is better performance boost, performance boost expensive, expensive performance boost, performance boost discount, discount performance boost, performance boost deals, deals performance boost, performance boost sale, sale performance boost, performance boost affordable, affordable performance boost, performance boost cost, cost performance boost, performance boost online, online performance boost, performance boost offline, offline performance boost, performance boost marketplace, marketplace performance boost, performance boost store, store performance boost, performance boost shop, shop performance boost, performance boost retailer, retailer performance boost, performance boost where to buy, where to buy performance boost, performance boost worst, worst performance boost, performance boost quality, quality performance boost, performance boost original, original performance boost, performance boost genuine, genuine performance boost, performance boost fake, fake performance boost, performance boost replica, replica performance boost, performance boost authentic, authentic performance boost, performance boost brand, brand performance boost, performance boost manufacturer, manufacturer performance boost, performance boost company, company performance boost, performance boost product, product performance boost, performance boost huawei product, huawei product performance boost, performance boost sell huawei, sell huawei performance boost, performance boost buy huawei, buy huawei performance boost, performance boost cheap huawei, cheap huawei performance boost, performance boost best huawei, best huawei performance boost, performance boost huawei review, huawei review performance boost, performance boost where to buy huawei, where to buy huawei performance boost, performance boost how to choose huawei, how to choose huawei performance boost, performance boost top huawei, top huawei performance boost, performance boost huawei guide, huawei guide performance boost, performance boost huawei for sale, huawei for sale performance boost, performance boost huawei deals, huawei deals performance boost
2025-10-09 03:16:13,952 - INFO - Expanded 220 seed keywords to 385 variations
2025-10-09 03:16:13,952 - INFO - Language: en
2025-10-09 03:16:13,952 - INFO - Region: us
2025-10-09 03:17:04,336 - INFO - 🎯 After all filtering for 'huawei': 120 relevant keywords
2025-10-09 03:17:04,560 - INFO - 🎯 Found 2 new keywords for niche 'huawei': huawei affordable ai rendering, huawei affordable performance boost
2025-10-09 03:17:10,676 - INFO - ✅ Niche 'huawei' process complete! 99 total keyword results.
2025-10-09 03:17:10,676 - INFO - ✅ Completed processing niche: 'huawei'
2025-10-09 03:17:10,676 - INFO - 🔧 Request Handler final stats - Success rate: 100.0%
2025-10-09 03:17:10,676 - INFO -    Total requests: 22000, Blocks: 0
2025-10-09 03:17:10,677 - INFO - 
========================================
2025-10-09 03:17:10,678 - INFO - Process Summary:
2025-10-09 03:17:10,678 - INFO - - Current niche: 'huawei'
2025-10-09 03:17:10,678 - INFO - - Next niche will be: 'xiaomi'
2025-10-09 03:17:10,678 - INFO - - Keywords saved in: languages/english/keywords/huawei/
2025-10-09 03:17:10,678 - INFO - ========================================
