2025-09-18 21:42:59,278 - INFO - Log file created at: /home/runner/work/potensitech.com/potensitech.com/languages/english/keywords/logs/kw_search_20250918_214259.log
2025-09-18 21:42:59,279 - INFO - ============================================================
2025-09-18 21:42:59,279 - INFO - AUTOMATIC KEYWORD RESEARCH TOOL
2025-09-18 21:42:59,279 - INFO - ============================================================
2025-09-18 21:42:59,436 - INFO - ========================================
2025-09-18 21:42:59,436 - INFO - Found 14 niches to process: xiaomi, iphone, samsung, apple, sony, asus, philips, sandisk, intel, nvidia, amd, canon, nikon, huawei
2025-09-18 21:42:59,436 - INFO - ========================================
2025-09-18 21:42:59,436 - INFO - Continuing from last processed niche: philips
2025-09-18 21:42:59,436 - INFO - ========================================
2025-09-18 21:42:59,436 - INFO - 🎯 PROCESSING NICHE 8/14: 'sandisk'
2025-09-18 21:42:59,436 - INFO - ========================================
2025-09-18 21:42:59,437 - INFO - 📁 Niche directory: /home/runner/work/potensitech.com/potensitech.com/languages/english/keywords/sandisk
2025-09-18 21:42:59,437 - INFO - Selected region: us
2025-09-18 21:42:59,437 - INFO - Selected language: en
2025-09-18 21:42:59,437 - INFO - 🎯 Current niche: sandisk
2025-09-18 21:43:06,385 - INFO - 🎯 Niche terms for filtering: sandisk, cheap, best, latest, review, price, sell, buy, recommendation, tips, tutorial, guide, how to, vs, versus, compared to, comparison, alternatives, which is better, expensive, discount, deals, sale, affordable, cost, online, offline, marketplace, store, shop, retailer, where to buy, worst, quality, original, genuine, fake, replica, authentic, brand, manufacturer, company, product, sandisk product, sell sandisk, buy sandisk, cheap sandisk, best sandisk, sandisk review, where to buy sandisk, how to choose sandisk, top sandisk, sandisk guide, sandisk for sale, sandisk deals
2025-09-18 21:43:06,386 - INFO - Generated 50 niche-clue pairs for 'sandisk'.
2025-09-18 21:43:06,388 - INFO - Expanded 50 seed keywords to 218 variations
2025-09-18 21:43:06,389 - INFO - 🔧 Request Handler initialized - Success rate: 100.0%
2025-09-18 21:47:29,455 - INFO - Original clue keywords: memory card, data transfer
2025-09-18 21:47:29,455 - INFO - Niche-focused seeds: memory card sandisk, sandisk memory card, memory card cheap, cheap memory card, memory card best, best memory card, memory card latest, latest memory card, memory card review, review memory card, memory card price, price memory card, memory card sell, sell memory card, memory card buy, buy memory card, memory card recommendation, recommendation memory card, memory card tips, tips memory card, memory card tutorial, tutorial memory card, memory card guide, guide memory card, memory card how to, how to memory card, memory card vs, vs memory card, memory card versus, versus memory card, memory card compared to, compared to memory card, memory card comparison, comparison memory card, memory card alternatives, alternatives memory card, memory card which is better, which is better memory card, memory card expensive, expensive memory card, memory card discount, discount memory card, memory card deals, deals memory card, memory card sale, sale memory card, memory card affordable, affordable memory card, memory card cost, cost memory card, memory card online, online memory card, memory card offline, offline memory card, memory card marketplace, marketplace memory card, memory card store, store memory card, memory card shop, shop memory card, memory card retailer, retailer memory card, memory card where to buy, where to buy memory card, memory card worst, worst memory card, memory card quality, quality memory card, memory card original, original memory card, memory card genuine, genuine memory card, memory card fake, fake memory card, memory card replica, replica memory card, memory card authentic, authentic memory card, memory card brand, brand memory card, memory card manufacturer, manufacturer memory card, memory card company, company memory card, memory card product, product memory card, memory card sandisk product, sandisk product memory card, memory card sell sandisk, sell sandisk memory card, memory card buy sandisk, buy sandisk memory card, memory card cheap sandisk, cheap sandisk memory card, memory card best sandisk, best sandisk memory card, memory card sandisk review, sandisk review memory card, memory card where to buy sandisk, where to buy sandisk memory card, memory card how to choose sandisk, how to choose sandisk memory card, memory card top sandisk, top sandisk memory card, memory card sandisk guide, sandisk guide memory card, memory card sandisk for sale, sandisk for sale memory card, memory card sandisk deals, sandisk deals memory card, data transfer sandisk, sandisk data transfer, data transfer cheap, cheap data transfer, data transfer best, best data transfer, data transfer latest, latest data transfer, data transfer review, review data transfer, data transfer price, price data transfer, data transfer sell, sell data transfer, data transfer buy, buy data transfer, data transfer recommendation, recommendation data transfer, data transfer tips, tips data transfer, data transfer tutorial, tutorial data transfer, data transfer guide, guide data transfer, data transfer how to, how to data transfer, data transfer vs, vs data transfer, data transfer versus, versus data transfer, data transfer compared to, compared to data transfer, data transfer comparison, comparison data transfer, data transfer alternatives, alternatives data transfer, data transfer which is better, which is better data transfer, data transfer expensive, expensive data transfer, data transfer discount, discount data transfer, data transfer deals, deals data transfer, data transfer sale, sale data transfer, data transfer affordable, affordable data transfer, data transfer cost, cost data transfer, data transfer online, online data transfer, data transfer offline, offline data transfer, data transfer marketplace, marketplace data transfer, data transfer store, store data transfer, data transfer shop, shop data transfer, data transfer retailer, retailer data transfer, data transfer where to buy, where to buy data transfer, data transfer worst, worst data transfer, data transfer quality, quality data transfer, data transfer original, original data transfer, data transfer genuine, genuine data transfer, data transfer fake, fake data transfer, data transfer replica, replica data transfer, data transfer authentic, authentic data transfer, data transfer brand, brand data transfer, data transfer manufacturer, manufacturer data transfer, data transfer company, company data transfer, data transfer product, product data transfer, data transfer sandisk product, sandisk product data transfer, data transfer sell sandisk, sell sandisk data transfer, data transfer buy sandisk, buy sandisk data transfer, data transfer cheap sandisk, cheap sandisk data transfer, data transfer best sandisk, best sandisk data transfer, data transfer sandisk review, sandisk review data transfer, data transfer where to buy sandisk, where to buy sandisk data transfer, data transfer how to choose sandisk, how to choose sandisk data transfer, data transfer top sandisk, top sandisk data transfer, data transfer sandisk guide, sandisk guide data transfer, data transfer sandisk for sale, sandisk for sale data transfer, data transfer sandisk deals, sandisk deals data transfer
2025-09-18 21:47:29,458 - INFO - Expanded 220 seed keywords to 385 variations
2025-09-18 21:47:29,458 - INFO - Language: en
2025-09-18 21:47:29,458 - INFO - Region: us
2025-09-18 21:49:54,390 - INFO - 🎯 After all filtering for 'sandisk': 120 relevant keywords
2025-09-18 21:49:54,429 - INFO - 🎯 Found 5 new keywords for niche 'sandisk': sandisk affordable data transfer, sandisk affordable memory card, cheap alternatives data transfer, best authentic data transfer, how to brand data transfer
2025-09-18 21:50:11,887 - INFO - ✅ Niche 'sandisk' process complete! 21 total keyword results.
2025-09-18 21:50:11,887 - INFO - ✅ Completed processing niche: 'sandisk'
2025-09-18 21:50:11,887 - INFO - 🔧 Request Handler final stats - Success rate: 100.0%
2025-09-18 21:50:11,887 - INFO -    Total requests: 6633, Blocks: 0
2025-09-18 21:50:11,889 - INFO - 
========================================
2025-09-18 21:50:11,889 - INFO - Process Summary:
2025-09-18 21:50:11,889 - INFO - - Current niche: 'sandisk'
2025-09-18 21:50:11,889 - INFO - - Next niche will be: 'intel'
2025-09-18 21:50:11,889 - INFO - - Keywords saved in: languages/english/keywords/sandisk/
2025-09-18 21:50:11,889 - INFO - ========================================
