2025-09-25 19:23:52,723 - INFO - Log file created at: /home/runner/work/potensitech.com/potensitech.com/languages/english/keywords/logs/kw_search_20250925_192352.log
2025-09-25 19:23:52,723 - INFO - ============================================================
2025-09-25 19:23:52,723 - INFO - AUTOMATIC KEYWORD RESEARCH TOOL
2025-09-25 19:23:52,723 - INFO - ============================================================
2025-09-25 19:23:52,925 - INFO - ========================================
2025-09-25 19:23:52,926 - INFO - Found 14 niches to process: xiaomi, iphone, samsung, apple, sony, asus, philips, sandisk, intel, nvidia, amd, canon, nikon, huawei
2025-09-25 19:23:52,926 - INFO - ========================================
2025-09-25 19:23:52,926 - INFO - Continuing from last processed niche: asus
2025-09-25 19:23:52,926 - INFO - ========================================
2025-09-25 19:23:52,926 - INFO - 🎯 PROCESSING NICHE 7/14: 'philips'
2025-09-25 19:23:52,926 - INFO - ========================================
2025-09-25 19:23:52,926 - INFO - 📁 Niche directory: /home/runner/work/potensitech.com/potensitech.com/languages/english/keywords/philips
2025-09-25 19:23:52,926 - INFO - Selected region: us
2025-09-25 19:23:52,926 - INFO - Selected language: en
2025-09-25 19:23:52,926 - INFO - 🎯 Current niche: philips
2025-09-25 19:23:56,500 - INFO - 🎯 Niche terms for filtering: philips, cheap, best, latest, review, price, sell, buy, recommendation, tips, tutorial, guide, how to, vs, versus, compared to, comparison, alternatives, which is better, expensive, discount, deals, sale, affordable, cost, online, offline, marketplace, store, shop, retailer, where to buy, worst, quality, original, genuine, fake, replica, authentic, brand, manufacturer, company, product, philips product, sell philips, buy philips, cheap philips, best philips, philips review, where to buy philips, how to choose philips, top philips, philips guide, philips for sale, philips deals
2025-09-25 19:23:56,500 - INFO - Generated 50 niche-clue pairs for 'philips'.
2025-09-25 19:23:56,503 - INFO - Expanded 50 seed keywords to 218 variations
2025-09-25 19:23:56,504 - INFO - 🔧 Request Handler initialized - Success rate: 100.0%
2025-09-25 19:28:23,173 - INFO - Original clue keywords: camera quality, autofocus speed
2025-09-25 19:28:23,173 - INFO - Niche-focused seeds: camera quality, autofocus speed philips, philips autofocus speed, autofocus speed cheap, cheap autofocus speed, autofocus speed best, best autofocus speed, autofocus speed latest, latest autofocus speed, autofocus speed review, review autofocus speed, autofocus speed price, price autofocus speed, autofocus speed sell, sell autofocus speed, autofocus speed buy, buy autofocus speed, autofocus speed recommendation, recommendation autofocus speed, autofocus speed tips, tips autofocus speed, autofocus speed tutorial, tutorial autofocus speed, autofocus speed guide, guide autofocus speed, autofocus speed how to, how to autofocus speed, autofocus speed vs, vs autofocus speed, autofocus speed versus, versus autofocus speed, autofocus speed compared to, compared to autofocus speed, autofocus speed comparison, comparison autofocus speed, autofocus speed alternatives, alternatives autofocus speed, autofocus speed which is better, which is better autofocus speed, autofocus speed expensive, expensive autofocus speed, autofocus speed discount, discount autofocus speed, autofocus speed deals, deals autofocus speed, autofocus speed sale, sale autofocus speed, autofocus speed affordable, affordable autofocus speed, autofocus speed cost, cost autofocus speed, autofocus speed online, online autofocus speed, autofocus speed offline, offline autofocus speed, autofocus speed marketplace, marketplace autofocus speed, autofocus speed store, store autofocus speed, autofocus speed shop, shop autofocus speed, autofocus speed retailer, retailer autofocus speed, autofocus speed where to buy, where to buy autofocus speed, autofocus speed worst, worst autofocus speed, autofocus speed quality, quality autofocus speed, autofocus speed original, original autofocus speed, autofocus speed genuine, genuine autofocus speed, autofocus speed fake, fake autofocus speed, autofocus speed replica, replica autofocus speed, autofocus speed authentic, authentic autofocus speed, autofocus speed brand, brand autofocus speed, autofocus speed manufacturer, manufacturer autofocus speed, autofocus speed company, company autofocus speed, autofocus speed product, product autofocus speed, autofocus speed philips product, philips product autofocus speed, autofocus speed sell philips, sell philips autofocus speed, autofocus speed buy philips, buy philips autofocus speed, autofocus speed cheap philips, cheap philips autofocus speed, autofocus speed best philips, best philips autofocus speed, autofocus speed philips review, philips review autofocus speed, autofocus speed where to buy philips, where to buy philips autofocus speed, autofocus speed how to choose philips, how to choose philips autofocus speed, autofocus speed top philips, top philips autofocus speed, autofocus speed philips guide, philips guide autofocus speed, autofocus speed philips for sale, philips for sale autofocus speed, autofocus speed philips deals, philips deals autofocus speed
2025-09-25 19:28:23,176 - INFO - Expanded 111 seed keywords to 276 variations
2025-09-25 19:28:23,176 - INFO - Language: en
2025-09-25 19:28:23,176 - INFO - Region: us
2025-09-25 19:29:26,573 - INFO - 🎯 After all filtering for 'philips': 120 relevant keywords
2025-09-25 19:29:26,588 - INFO - 🎯 Found 5 new keywords for niche 'philips': philips camera quality, cheap camera quality, best camera quality, how to camera quality, philips affordable autofocus speed
2025-09-25 19:29:37,667 - INFO - ✅ Niche 'philips' process complete! 60 total keyword results.
2025-09-25 19:29:37,667 - INFO - ✅ Completed processing niche: 'philips'
2025-09-25 19:29:37,667 - INFO - 🔧 Request Handler final stats - Success rate: 100.0%
2025-09-25 19:29:37,667 - INFO -    Total requests: 12369, Blocks: 0
2025-09-25 19:29:37,668 - INFO - 
========================================
2025-09-25 19:29:37,668 - INFO - Process Summary:
2025-09-25 19:29:37,668 - INFO - - Current niche: 'philips'
2025-09-25 19:29:37,668 - INFO - - Next niche will be: 'sandisk'
2025-09-25 19:29:37,668 - INFO - - Keywords saved in: languages/english/keywords/philips/
2025-09-25 19:29:37,669 - INFO - ========================================
