2025-09-26 21:43:16,026 - INFO - Log file created at: /home/runner/work/potensitech.com/potensitech.com/languages/english/keywords/logs/kw_search_20250926_214316.log
2025-09-26 21:43:16,026 - INFO - ============================================================
2025-09-26 21:43:16,026 - INFO - AUTOMATIC KEYWORD RESEARCH TOOL
2025-09-26 21:43:16,027 - INFO - ============================================================
2025-09-26 21:43:16,191 - INFO - ========================================
2025-09-26 21:43:16,191 - INFO - Found 14 niches to process: xiaomi, iphone, samsung, apple, sony, asus, philips, sandisk, intel, nvidia, amd, canon, nikon, huawei
2025-09-26 21:43:16,191 - INFO - ========================================
2025-09-26 21:43:16,191 - INFO - Continuing from last processed niche: samsung
2025-09-26 21:43:16,191 - INFO - ========================================
2025-09-26 21:43:16,191 - INFO - 🎯 PROCESSING NICHE 4/14: 'apple'
2025-09-26 21:43:16,191 - INFO - ========================================
2025-09-26 21:43:16,191 - INFO - 📁 Niche directory: /home/runner/work/potensitech.com/potensitech.com/languages/english/keywords/apple
2025-09-26 21:43:16,191 - INFO - Selected region: us
2025-09-26 21:43:16,191 - INFO - Selected language: en
2025-09-26 21:43:16,191 - INFO - 🎯 Current niche: apple
2025-09-26 21:43:23,459 - INFO - 🎯 Niche terms for filtering: apple, cheap, best, latest, review, price, sell, buy, recommendation, tips, tutorial, guide, how to, vs, versus, compared to, comparison, alternatives, which is better, expensive, discount, deals, sale, affordable, cost, online, offline, marketplace, store, shop, retailer, where to buy, worst, quality, original, genuine, fake, replica, authentic, brand, manufacturer, company, product, apple product, sell apple, buy apple, cheap apple, best apple, apple review, where to buy apple, how to choose apple, top apple, apple guide, apple for sale, apple deals
2025-09-26 21:43:23,459 - INFO - Generated 50 niche-clue pairs for 'apple'.
2025-09-26 21:43:23,462 - INFO - Expanded 50 seed keywords to 218 variations
2025-09-26 21:43:23,463 - INFO - 🔧 Request Handler initialized - Success rate: 100.0%
2025-09-26 21:47:47,461 - INFO - Original clue keywords: camera quality, image stabilization
2025-09-26 21:47:47,461 - INFO - Niche-focused seeds: camera quality, image stabilization apple, apple image stabilization, image stabilization cheap, cheap image stabilization, image stabilization best, best image stabilization, image stabilization latest, latest image stabilization, image stabilization review, review image stabilization, image stabilization price, price image stabilization, image stabilization sell, sell image stabilization, image stabilization buy, buy image stabilization, image stabilization recommendation, recommendation image stabilization, image stabilization tips, tips image stabilization, image stabilization tutorial, tutorial image stabilization, image stabilization guide, guide image stabilization, image stabilization how to, how to image stabilization, image stabilization vs, vs image stabilization, image stabilization versus, versus image stabilization, image stabilization compared to, compared to image stabilization, image stabilization comparison, comparison image stabilization, image stabilization alternatives, alternatives image stabilization, image stabilization which is better, which is better image stabilization, image stabilization expensive, expensive image stabilization, image stabilization discount, discount image stabilization, image stabilization deals, deals image stabilization, image stabilization sale, sale image stabilization, image stabilization affordable, affordable image stabilization, image stabilization cost, cost image stabilization, image stabilization online, online image stabilization, image stabilization offline, offline image stabilization, image stabilization marketplace, marketplace image stabilization, image stabilization store, store image stabilization, image stabilization shop, shop image stabilization, image stabilization retailer, retailer image stabilization, image stabilization where to buy, where to buy image stabilization, image stabilization worst, worst image stabilization, image stabilization quality, quality image stabilization, image stabilization original, original image stabilization, image stabilization genuine, genuine image stabilization, image stabilization fake, fake image stabilization, image stabilization replica, replica image stabilization, image stabilization authentic, authentic image stabilization, image stabilization brand, brand image stabilization, image stabilization manufacturer, manufacturer image stabilization, image stabilization company, company image stabilization, image stabilization product, product image stabilization, image stabilization apple product, apple product image stabilization, image stabilization sell apple, sell apple image stabilization, image stabilization buy apple, buy apple image stabilization, image stabilization cheap apple, cheap apple image stabilization, image stabilization best apple, best apple image stabilization, image stabilization apple review, apple review image stabilization, image stabilization where to buy apple, where to buy apple image stabilization, image stabilization how to choose apple, how to choose apple image stabilization, image stabilization top apple, top apple image stabilization, image stabilization apple guide, apple guide image stabilization, image stabilization apple for sale, apple for sale image stabilization, image stabilization apple deals, apple deals image stabilization
2025-09-26 21:47:47,464 - INFO - Expanded 111 seed keywords to 276 variations
2025-09-26 21:47:47,464 - INFO - Language: en
2025-09-26 21:47:47,464 - INFO - Region: us
2025-09-26 21:48:18,647 - INFO - 🎯 After all filtering for 'apple': 120 relevant keywords
2025-09-26 21:48:18,658 - INFO - 🎯 Found 5 new keywords for niche 'apple': apple camera quality, cheap camera quality, best camera quality, how to camera quality, apple affordable image stabilization
2025-09-26 21:48:28,198 - INFO - ✅ Niche 'apple' process complete! 48 total keyword results.
2025-09-26 21:48:28,198 - INFO - ✅ Completed processing niche: 'apple'
2025-09-26 21:48:28,198 - INFO - 🔧 Request Handler final stats - Success rate: 100.0%
2025-09-26 21:48:28,198 - INFO -    Total requests: 13194, Blocks: 0
2025-09-26 21:48:28,199 - INFO - 
========================================
2025-09-26 21:48:28,200 - INFO - Process Summary:
2025-09-26 21:48:28,200 - INFO - - Current niche: 'apple'
2025-09-26 21:48:28,200 - INFO - - Next niche will be: 'sony'
2025-09-26 21:48:28,200 - INFO - - Keywords saved in: languages/english/keywords/apple/
2025-09-26 21:48:28,200 - INFO - ========================================
