2025-10-22 14:43:15,454 - INFO - Log file created at: /home/runner/work/potensitech.com/potensitech.com/languages/english/keywords/logs/kw_search_20251022_144315.log
2025-10-22 14:43:15,454 - INFO - ============================================================
2025-10-22 14:43:15,454 - INFO - AUTOMATIC KEYWORD RESEARCH TOOL
2025-10-22 14:43:15,454 - INFO - ============================================================
2025-10-22 14:43:15,637 - INFO - ========================================
2025-10-22 14:43:15,637 - INFO - Found 14 niches to process: xiaomi, iphone, samsung, apple, sony, asus, philips, sandisk, intel, nvidia, amd, canon, nikon, huawei
2025-10-22 14:43:15,637 - INFO - ========================================
2025-10-22 14:43:15,638 - INFO - Continuing from last processed niche: sandisk
2025-10-22 14:43:15,638 - INFO - ========================================
2025-10-22 14:43:15,638 - INFO - 🎯 PROCESSING NICHE 9/14: 'intel'
2025-10-22 14:43:15,638 - INFO - ========================================
2025-10-22 14:43:15,638 - INFO - 📁 Niche directory: /home/runner/work/potensitech.com/potensitech.com/languages/english/keywords/intel
2025-10-22 14:43:15,638 - INFO - Selected region: us
2025-10-22 14:43:15,638 - INFO - Selected language: en
2025-10-22 14:43:15,638 - INFO - 🎯 Current niche: intel
2025-10-22 14:43:19,038 - INFO - 🎯 Niche terms for filtering: intel, cheap, best, latest, review, price, sell, buy, recommendation, tips, tutorial, guide, how to, vs, versus, compared to, comparison, alternatives, which is better, expensive, discount, deals, sale, affordable, cost, online, offline, marketplace, store, shop, retailer, where to buy, worst, quality, original, genuine, fake, replica, authentic, brand, manufacturer, company, product, intel product, sell intel, buy intel, cheap intel, best intel, intel review, where to buy intel, how to choose intel, top intel, intel guide, intel for sale, intel deals
2025-10-22 14:43:19,039 - INFO - Generated 50 niche-clue pairs for 'intel'.
2025-10-22 14:43:19,042 - INFO - Expanded 50 seed keywords to 218 variations
2025-10-22 14:43:19,042 - INFO - 🔧 Request Handler initialized - Success rate: 100.0%
2025-10-22 14:47:42,851 - INFO - Original clue keywords: gpu performance, processor speed
2025-10-22 14:47:42,851 - INFO - Niche-focused seeds: gpu performance intel, intel gpu performance, gpu performance cheap, cheap gpu performance, gpu performance best, best gpu performance, gpu performance latest, latest gpu performance, gpu performance review, review gpu performance, gpu performance price, price gpu performance, gpu performance sell, sell gpu performance, gpu performance buy, buy gpu performance, gpu performance recommendation, recommendation gpu performance, gpu performance tips, tips gpu performance, gpu performance tutorial, tutorial gpu performance, gpu performance guide, guide gpu performance, gpu performance how to, how to gpu performance, gpu performance vs, vs gpu performance, gpu performance versus, versus gpu performance, gpu performance compared to, compared to gpu performance, gpu performance comparison, comparison gpu performance, gpu performance alternatives, alternatives gpu performance, gpu performance which is better, which is better gpu performance, gpu performance expensive, expensive gpu performance, gpu performance discount, discount gpu performance, gpu performance deals, deals gpu performance, gpu performance sale, sale gpu performance, gpu performance affordable, affordable gpu performance, gpu performance cost, cost gpu performance, gpu performance online, online gpu performance, gpu performance offline, offline gpu performance, gpu performance marketplace, marketplace gpu performance, gpu performance store, store gpu performance, gpu performance shop, shop gpu performance, gpu performance retailer, retailer gpu performance, gpu performance where to buy, where to buy gpu performance, gpu performance worst, worst gpu performance, gpu performance quality, quality gpu performance, gpu performance original, original gpu performance, gpu performance genuine, genuine gpu performance, gpu performance fake, fake gpu performance, gpu performance replica, replica gpu performance, gpu performance authentic, authentic gpu performance, gpu performance brand, brand gpu performance, gpu performance manufacturer, manufacturer gpu performance, gpu performance company, company gpu performance, gpu performance product, product gpu performance, gpu performance intel product, intel product gpu performance, gpu performance sell intel, sell intel gpu performance, gpu performance buy intel, buy intel gpu performance, gpu performance cheap intel, cheap intel gpu performance, gpu performance best intel, best intel gpu performance, gpu performance intel review, intel review gpu performance, gpu performance where to buy intel, where to buy intel gpu performance, gpu performance how to choose intel, how to choose intel gpu performance, gpu performance top intel, top intel gpu performance, gpu performance intel guide, intel guide gpu performance, gpu performance intel for sale, intel for sale gpu performance, gpu performance intel deals, intel deals gpu performance, processor speed intel, intel processor speed, processor speed cheap, cheap processor speed, processor speed best, best processor speed, processor speed latest, latest processor speed, processor speed review, review processor speed, processor speed price, price processor speed, processor speed sell, sell processor speed, processor speed buy, buy processor speed, processor speed recommendation, recommendation processor speed, processor speed tips, tips processor speed, processor speed tutorial, tutorial processor speed, processor speed guide, guide processor speed, processor speed how to, how to processor speed, processor speed vs, vs processor speed, processor speed versus, versus processor speed, processor speed compared to, compared to processor speed, processor speed comparison, comparison processor speed, processor speed alternatives, alternatives processor speed, processor speed which is better, which is better processor speed, processor speed expensive, expensive processor speed, processor speed discount, discount processor speed, processor speed deals, deals processor speed, processor speed sale, sale processor speed, processor speed affordable, affordable processor speed, processor speed cost, cost processor speed, processor speed online, online processor speed, processor speed offline, offline processor speed, processor speed marketplace, marketplace processor speed, processor speed store, store processor speed, processor speed shop, shop processor speed, processor speed retailer, retailer processor speed, processor speed where to buy, where to buy processor speed, processor speed worst, worst processor speed, processor speed quality, quality processor speed, processor speed original, original processor speed, processor speed genuine, genuine processor speed, processor speed fake, fake processor speed, processor speed replica, replica processor speed, processor speed authentic, authentic processor speed, processor speed brand, brand processor speed, processor speed manufacturer, manufacturer processor speed, processor speed company, company processor speed, processor speed product, product processor speed, processor speed intel product, intel product processor speed, processor speed sell intel, sell intel processor speed, processor speed buy intel, buy intel processor speed, processor speed cheap intel, cheap intel processor speed, processor speed best intel, best intel processor speed, processor speed intel review, intel review processor speed, processor speed where to buy intel, where to buy intel processor speed, processor speed how to choose intel, how to choose intel processor speed, processor speed top intel, top intel processor speed, processor speed intel guide, intel guide processor speed, processor speed intel for sale, intel for sale processor speed, processor speed intel deals, intel deals processor speed
2025-10-22 14:47:42,854 - INFO - Expanded 220 seed keywords to 385 variations
2025-10-22 14:47:42,854 - INFO - Language: en
2025-10-22 14:47:42,855 - INFO - Region: us
2025-10-22 14:48:17,730 - INFO - 🎯 After all filtering for 'intel': 120 relevant keywords
2025-10-22 14:48:18,035 - INFO - 🎯 Found 5 new keywords for niche 'intel': intel affordable gpu performance, intel affordable processor speed, cheap alternatives gpu performance, best authentic gpu performance, how to brand gpu performance
2025-10-22 14:48:29,424 - INFO - ✅ Niche 'intel' process complete! 164 total keyword results.
2025-10-22 14:48:29,424 - INFO - ✅ Completed processing niche: 'intel'
2025-10-22 14:48:29,424 - INFO - 🔧 Request Handler final stats - Success rate: 100.0%
2025-10-22 14:48:29,424 - INFO -    Total requests: 29849, Blocks: 0
2025-10-22 14:48:29,425 - INFO - 
========================================
2025-10-22 14:48:29,426 - INFO - Process Summary:
2025-10-22 14:48:29,426 - INFO - - Current niche: 'intel'
2025-10-22 14:48:29,426 - INFO - - Next niche will be: 'nvidia'
2025-10-22 14:48:29,426 - INFO - - Keywords saved in: languages/english/keywords/intel/
2025-10-22 14:48:29,426 - INFO - ========================================
