2025-11-09 04:53:41,585 - INFO - Log file created at: /home/runner/work/potensitech.com/potensitech.com/languages/english/keywords/logs/kw_search_20251109_045341.log
2025-11-09 04:53:41,585 - INFO - ============================================================
2025-11-09 04:53:41,585 - INFO - AUTOMATIC KEYWORD RESEARCH TOOL
2025-11-09 04:53:41,585 - INFO - ============================================================
2025-11-09 04:53:41,764 - INFO - ========================================
2025-11-09 04:53:41,764 - INFO - Found 14 niches to process: xiaomi, iphone, samsung, apple, sony, asus, philips, sandisk, intel, nvidia, amd, canon, nikon, huawei
2025-11-09 04:53:41,764 - INFO - ========================================
2025-11-09 04:53:41,765 - INFO - Continuing from last processed niche: nikon
2025-11-09 04:53:41,765 - INFO - ========================================
2025-11-09 04:53:41,765 - INFO - 🎯 PROCESSING NICHE 14/14: 'huawei'
2025-11-09 04:53:41,765 - INFO - ========================================
2025-11-09 04:53:41,765 - INFO - 📁 Niche directory: /home/runner/work/potensitech.com/potensitech.com/languages/english/keywords/huawei
2025-11-09 04:53:41,765 - INFO - Selected region: us
2025-11-09 04:53:41,765 - INFO - Selected language: en
2025-11-09 04:53:41,765 - INFO - 🎯 Current niche: huawei
2025-11-09 04:53:45,404 - INFO - 🎯 Niche terms for filtering: huawei, cheap, best, latest, review, price, sell, buy, recommendation, tips, tutorial, guide, how to, vs, versus, compared to, comparison, alternatives, which is better, expensive, discount, deals, sale, affordable, cost, online, offline, marketplace, store, shop, retailer, where to buy, worst, quality, original, genuine, fake, replica, authentic, brand, manufacturer, company, product, huawei product, sell huawei, buy huawei, cheap huawei, best huawei, huawei review, where to buy huawei, how to choose huawei, top huawei, huawei guide, huawei for sale, huawei deals
2025-11-09 04:53:45,405 - INFO - Generated 50 niche-clue pairs for 'huawei'.
2025-11-09 04:53:45,408 - INFO - Expanded 50 seed keywords to 218 variations
2025-11-09 04:53:45,408 - INFO - 🔧 Request Handler initialized - Success rate: 100.0%
2025-11-09 04:58:09,427 - INFO - Original clue keywords: megapixels, autofocus
2025-11-09 04:58:09,428 - INFO - Niche-focused seeds: megapixels huawei, huawei megapixels, megapixels cheap, cheap megapixels, megapixels best, best megapixels, megapixels latest, latest megapixels, megapixels review, review megapixels, megapixels price, price megapixels, megapixels sell, sell megapixels, megapixels buy, buy megapixels, megapixels recommendation, recommendation megapixels, megapixels tips, tips megapixels, megapixels tutorial, tutorial megapixels, megapixels guide, guide megapixels, megapixels how to, how to megapixels, megapixels vs, vs megapixels, megapixels versus, versus megapixels, megapixels compared to, compared to megapixels, megapixels comparison, comparison megapixels, megapixels alternatives, alternatives megapixels, megapixels which is better, which is better megapixels, megapixels expensive, expensive megapixels, megapixels discount, discount megapixels, megapixels deals, deals megapixels, megapixels sale, sale megapixels, megapixels affordable, affordable megapixels, megapixels cost, cost megapixels, megapixels online, online megapixels, megapixels offline, offline megapixels, megapixels marketplace, marketplace megapixels, megapixels store, store megapixels, megapixels shop, shop megapixels, megapixels retailer, retailer megapixels, megapixels where to buy, where to buy megapixels, megapixels worst, worst megapixels, megapixels quality, quality megapixels, megapixels original, original megapixels, megapixels genuine, genuine megapixels, megapixels fake, fake megapixels, megapixels replica, replica megapixels, megapixels authentic, authentic megapixels, megapixels brand, brand megapixels, megapixels manufacturer, manufacturer megapixels, megapixels company, company megapixels, megapixels product, product megapixels, megapixels huawei product, huawei product megapixels, megapixels sell huawei, sell huawei megapixels, megapixels buy huawei, buy huawei megapixels, megapixels cheap huawei, cheap huawei megapixels, megapixels best huawei, best huawei megapixels, megapixels huawei review, huawei review megapixels, megapixels where to buy huawei, where to buy huawei megapixels, megapixels how to choose huawei, how to choose huawei megapixels, megapixels top huawei, top huawei megapixels, megapixels huawei guide, huawei guide megapixels, megapixels huawei for sale, huawei for sale megapixels, megapixels huawei deals, huawei deals megapixels, autofocus huawei, huawei autofocus, autofocus cheap, cheap autofocus, autofocus best, best autofocus, autofocus latest, latest autofocus, autofocus review, review autofocus, autofocus price, price autofocus, autofocus sell, sell autofocus, autofocus buy, buy autofocus, autofocus recommendation, recommendation autofocus, autofocus tips, tips autofocus, autofocus tutorial, tutorial autofocus, autofocus guide, guide autofocus, autofocus how to, how to autofocus, autofocus vs, vs autofocus, autofocus versus, versus autofocus, autofocus compared to, compared to autofocus, autofocus comparison, comparison autofocus, autofocus alternatives, alternatives autofocus, autofocus which is better, which is better autofocus, autofocus expensive, expensive autofocus, autofocus discount, discount autofocus, autofocus deals, deals autofocus, autofocus sale, sale autofocus, autofocus affordable, affordable autofocus, autofocus cost, cost autofocus, autofocus online, online autofocus, autofocus offline, offline autofocus, autofocus marketplace, marketplace autofocus, autofocus store, store autofocus, autofocus shop, shop autofocus, autofocus retailer, retailer autofocus, autofocus where to buy, where to buy autofocus, autofocus worst, worst autofocus, autofocus quality, quality autofocus, autofocus original, original autofocus, autofocus genuine, genuine autofocus, autofocus fake, fake autofocus, autofocus replica, replica autofocus, autofocus authentic, authentic autofocus, autofocus brand, brand autofocus, autofocus manufacturer, manufacturer autofocus, autofocus company, company autofocus, autofocus product, product autofocus, autofocus huawei product, huawei product autofocus, autofocus sell huawei, sell huawei autofocus, autofocus buy huawei, buy huawei autofocus, autofocus cheap huawei, cheap huawei autofocus, autofocus best huawei, best huawei autofocus, autofocus huawei review, huawei review autofocus, autofocus where to buy huawei, where to buy huawei autofocus, autofocus how to choose huawei, how to choose huawei autofocus, autofocus top huawei, top huawei autofocus, autofocus huawei guide, huawei guide autofocus, autofocus huawei for sale, huawei for sale autofocus, autofocus huawei deals, huawei deals autofocus
2025-11-09 04:58:09,431 - INFO - Expanded 220 seed keywords to 385 variations
2025-11-09 04:58:09,431 - INFO - Language: en
2025-11-09 04:58:09,431 - INFO - Region: us
2025-11-09 05:02:40,060 - INFO - 🎯 After all filtering for 'huawei': 120 relevant keywords
2025-11-09 05:02:40,139 - INFO - 🎯 Found 5 new keywords for niche 'huawei': huawei affordable autofocus, cheap affordable autofocus, best affordable autofocus, how to affordable autofocus, huawei affordable megapixels
2025-11-09 05:02:55,440 - INFO - ✅ Niche 'huawei' process complete! 223 total keyword results.
2025-11-09 05:02:55,441 - INFO - ✅ Completed processing niche: 'huawei'
2025-11-09 05:02:55,441 - INFO - 🔧 Request Handler final stats - Success rate: 100.0%
2025-11-09 05:02:55,441 - INFO -    Total requests: 38622, Blocks: 0
2025-11-09 05:02:55,442 - INFO - 
========================================
2025-11-09 05:02:55,442 - INFO - Process Summary:
2025-11-09 05:02:55,442 - INFO - - Current niche: 'huawei'
2025-11-09 05:02:55,442 - INFO - - Next niche will be: 'xiaomi'
2025-11-09 05:02:55,442 - INFO - - Keywords saved in: languages/english/keywords/huawei/
2025-11-09 05:02:55,442 - INFO - ========================================
