2025-09-24 01:56:19,434 - INFO - Log file created at: /home/runner/work/potensitech.com/potensitech.com/languages/english/keywords/logs/kw_search_20250924_015619.log
2025-09-24 01:56:19,434 - INFO - ============================================================
2025-09-24 01:56:19,434 - INFO - AUTOMATIC KEYWORD RESEARCH TOOL
2025-09-24 01:56:19,434 - INFO - ============================================================
2025-09-24 01:56:19,578 - INFO - ========================================
2025-09-24 01:56:19,578 - INFO - Found 14 niches to process: xiaomi, iphone, samsung, apple, sony, asus, philips, sandisk, intel, nvidia, amd, canon, nikon, huawei
2025-09-24 01:56:19,578 - INFO - ========================================
2025-09-24 01:56:19,578 - INFO - Continuing from last processed niche: iphone
2025-09-24 01:56:19,578 - INFO - ========================================
2025-09-24 01:56:19,578 - INFO - 🎯 PROCESSING NICHE 3/14: 'samsung'
2025-09-24 01:56:19,578 - INFO - ========================================
2025-09-24 01:56:19,579 - INFO - 📁 Niche directory: /home/runner/work/potensitech.com/potensitech.com/languages/english/keywords/samsung
2025-09-24 01:56:19,579 - INFO - Selected region: us
2025-09-24 01:56:19,579 - INFO - Selected language: en
2025-09-24 01:56:19,579 - INFO - 🎯 Current niche: samsung
2025-09-24 01:56:30,494 - INFO - 🎯 Niche terms for filtering: samsung, cheap, best, latest, review, price, sell, buy, recommendation, tips, tutorial, guide, how to, vs, versus, compared to, comparison, alternatives, which is better, expensive, discount, deals, sale, affordable, cost, online, offline, marketplace, store, shop, retailer, where to buy, worst, quality, original, genuine, fake, replica, authentic, brand, manufacturer, company, product, samsung product, sell samsung, buy samsung, cheap samsung, best samsung, samsung review, where to buy samsung, how to choose samsung, top samsung, samsung guide, samsung for sale, samsung deals
2025-09-24 01:56:30,494 - INFO - Generated 50 niche-clue pairs for 'samsung'.
2025-09-24 01:56:30,497 - INFO - Expanded 50 seed keywords to 218 variations
2025-09-24 01:56:30,498 - INFO - 🔧 Request Handler initialized - Success rate: 100.0%
2025-09-24 02:00:58,995 - INFO - Original clue keywords: battery life, screen resolution
2025-09-24 02:00:58,995 - INFO - Niche-focused seeds: battery life samsung, samsung battery life, battery life cheap, cheap battery life, battery life best, best battery life, battery life latest, latest battery life, battery life review, review battery life, battery life price, price battery life, battery life sell, sell battery life, battery life buy, buy battery life, battery life recommendation, recommendation battery life, battery life tips, tips battery life, battery life tutorial, tutorial battery life, battery life guide, guide battery life, battery life how to, how to battery life, battery life vs, vs battery life, battery life versus, versus battery life, battery life compared to, compared to battery life, battery life comparison, comparison battery life, battery life alternatives, alternatives battery life, battery life which is better, which is better battery life, battery life expensive, expensive battery life, battery life discount, discount battery life, battery life deals, deals battery life, battery life sale, sale battery life, battery life affordable, affordable battery life, battery life cost, cost battery life, battery life online, online battery life, battery life offline, offline battery life, battery life marketplace, marketplace battery life, battery life store, store battery life, battery life shop, shop battery life, battery life retailer, retailer battery life, battery life where to buy, where to buy battery life, battery life worst, worst battery life, battery life quality, quality battery life, battery life original, original battery life, battery life genuine, genuine battery life, battery life fake, fake battery life, battery life replica, replica battery life, battery life authentic, authentic battery life, battery life brand, brand battery life, battery life manufacturer, manufacturer battery life, battery life company, company battery life, battery life product, product battery life, battery life samsung product, samsung product battery life, battery life sell samsung, sell samsung battery life, battery life buy samsung, buy samsung battery life, battery life cheap samsung, cheap samsung battery life, battery life best samsung, best samsung battery life, battery life samsung review, samsung review battery life, battery life where to buy samsung, where to buy samsung battery life, battery life how to choose samsung, how to choose samsung battery life, battery life top samsung, top samsung battery life, battery life samsung guide, samsung guide battery life, battery life samsung for sale, samsung for sale battery life, battery life samsung deals, samsung deals battery life, screen resolution samsung, samsung screen resolution, screen resolution cheap, cheap screen resolution, screen resolution best, best screen resolution, screen resolution latest, latest screen resolution, screen resolution review, review screen resolution, screen resolution price, price screen resolution, screen resolution sell, sell screen resolution, screen resolution buy, buy screen resolution, screen resolution recommendation, recommendation screen resolution, screen resolution tips, tips screen resolution, screen resolution tutorial, tutorial screen resolution, screen resolution guide, guide screen resolution, screen resolution how to, how to screen resolution, screen resolution vs, vs screen resolution, screen resolution versus, versus screen resolution, screen resolution compared to, compared to screen resolution, screen resolution comparison, comparison screen resolution, screen resolution alternatives, alternatives screen resolution, screen resolution which is better, which is better screen resolution, screen resolution expensive, expensive screen resolution, screen resolution discount, discount screen resolution, screen resolution deals, deals screen resolution, screen resolution sale, sale screen resolution, screen resolution affordable, affordable screen resolution, screen resolution cost, cost screen resolution, screen resolution online, online screen resolution, screen resolution offline, offline screen resolution, screen resolution marketplace, marketplace screen resolution, screen resolution store, store screen resolution, screen resolution shop, shop screen resolution, screen resolution retailer, retailer screen resolution, screen resolution where to buy, where to buy screen resolution, screen resolution worst, worst screen resolution, screen resolution quality, quality screen resolution, screen resolution original, original screen resolution, screen resolution genuine, genuine screen resolution, screen resolution fake, fake screen resolution, screen resolution replica, replica screen resolution, screen resolution authentic, authentic screen resolution, screen resolution brand, brand screen resolution, screen resolution manufacturer, manufacturer screen resolution, screen resolution company, company screen resolution, screen resolution product, product screen resolution, screen resolution samsung product, samsung product screen resolution, screen resolution sell samsung, sell samsung screen resolution, screen resolution buy samsung, buy samsung screen resolution, screen resolution cheap samsung, cheap samsung screen resolution, screen resolution best samsung, best samsung screen resolution, screen resolution samsung review, samsung review screen resolution, screen resolution where to buy samsung, where to buy samsung screen resolution, screen resolution how to choose samsung, how to choose samsung screen resolution, screen resolution top samsung, top samsung screen resolution, screen resolution samsung guide, samsung guide screen resolution, screen resolution samsung for sale, samsung for sale screen resolution, screen resolution samsung deals, samsung deals screen resolution
2025-09-24 02:00:58,998 - INFO - Expanded 220 seed keywords to 385 variations
2025-09-24 02:00:58,998 - INFO - Language: en
2025-09-24 02:00:58,998 - INFO - Region: us
2025-09-24 02:05:25,359 - INFO - 🎯 After all filtering for 'samsung': 120 relevant keywords
2025-09-24 02:05:25,434 - INFO - 🎯 Found 5 new keywords for niche 'samsung': samsung affordable battery life, samsung affordable screen resolution, cheap alternatives battery life, cheap alternatives screen resolution, best authentic battery life
2025-09-24 02:05:43,000 - INFO - ✅ Niche 'samsung' process complete! 45 total keyword results.
2025-09-24 02:05:43,001 - INFO - ✅ Completed processing niche: 'samsung'
2025-09-24 02:05:43,001 - INFO - 🔧 Request Handler final stats - Success rate: 100.0%
2025-09-24 02:05:43,001 - INFO -    Total requests: 10925, Blocks: 0
2025-09-24 02:05:43,002 - INFO - 
========================================
2025-09-24 02:05:43,002 - INFO - Process Summary:
2025-09-24 02:05:43,002 - INFO - - Current niche: 'samsung'
2025-09-24 02:05:43,002 - INFO - - Next niche will be: 'apple'
2025-09-24 02:05:43,002 - INFO - - Keywords saved in: languages/english/keywords/samsung/
2025-09-24 02:05:43,003 - INFO - ========================================
