2025-09-17 19:23:04,891 - INFO - Log file created at: /home/runner/work/potensitech.com/potensitech.com/languages/english/keywords/logs/kw_search_20250917_192304.log
2025-09-17 19:23:04,891 - INFO - ============================================================
2025-09-17 19:23:04,891 - INFO - AUTOMATIC KEYWORD RESEARCH TOOL
2025-09-17 19:23:04,891 - INFO - ============================================================
2025-09-17 19:23:04,992 - INFO - ========================================
2025-09-17 19:23:04,992 - INFO - Found 14 niches to process: xiaomi, iphone, samsung, apple, sony, asus, philips, sandisk, intel, nvidia, amd, canon, nikon, huawei
2025-09-17 19:23:04,992 - INFO - ========================================
2025-09-17 19:23:04,992 - INFO - Continuing from last processed niche: nvidia
2025-09-17 19:23:04,992 - INFO - ========================================
2025-09-17 19:23:04,992 - INFO - 🎯 PROCESSING NICHE 11/14: 'amd'
2025-09-17 19:23:04,992 - INFO - ========================================
2025-09-17 19:23:04,992 - INFO - 📁 Niche directory: /home/runner/work/potensitech.com/potensitech.com/languages/english/keywords/amd
2025-09-17 19:23:04,992 - INFO - Selected region: us
2025-09-17 19:23:04,993 - INFO - Selected language: en
2025-09-17 19:23:04,993 - INFO - 🎯 Current niche: amd
2025-09-17 19:23:10,853 - INFO - 🎯 Niche terms for filtering: amd, cheap, best, latest, review, price, sell, buy, recommendation, tips, tutorial, guide, how to, vs, versus, compared to, comparison, alternatives, which is better, expensive, discount, deals, sale, affordable, cost, online, offline, marketplace, store, shop, retailer, where to buy, worst, quality, original, genuine, fake, replica, authentic, brand, manufacturer, company, product, amd product, sell amd, buy amd, cheap amd, best amd, amd review, where to buy amd, how to choose amd, top amd, amd guide, amd for sale, amd deals
2025-09-17 19:23:10,853 - INFO - Generated 50 niche-clue pairs for 'amd'.
2025-09-17 19:23:10,856 - INFO - Expanded 50 seed keywords to 218 variations
2025-09-17 19:23:10,856 - INFO - 🔧 Request Handler initialized - Success rate: 100.0%
2025-09-17 19:27:31,998 - INFO - Original clue keywords: memory card, data transfer
2025-09-17 19:27:31,998 - INFO - Niche-focused seeds: memory card amd, amd memory card, memory card cheap, cheap memory card, memory card best, best memory card, memory card latest, latest memory card, memory card review, review memory card, memory card price, price memory card, memory card sell, sell memory card, memory card buy, buy memory card, memory card recommendation, recommendation memory card, memory card tips, tips memory card, memory card tutorial, tutorial memory card, memory card guide, guide memory card, memory card how to, how to memory card, memory card vs, vs memory card, memory card versus, versus memory card, memory card compared to, compared to memory card, memory card comparison, comparison memory card, memory card alternatives, alternatives memory card, memory card which is better, which is better memory card, memory card expensive, expensive memory card, memory card discount, discount memory card, memory card deals, deals memory card, memory card sale, sale memory card, memory card affordable, affordable memory card, memory card cost, cost memory card, memory card online, online memory card, memory card offline, offline memory card, memory card marketplace, marketplace memory card, memory card store, store memory card, memory card shop, shop memory card, memory card retailer, retailer memory card, memory card where to buy, where to buy memory card, memory card worst, worst memory card, memory card quality, quality memory card, memory card original, original memory card, memory card genuine, genuine memory card, memory card fake, fake memory card, memory card replica, replica memory card, memory card authentic, authentic memory card, memory card brand, brand memory card, memory card manufacturer, manufacturer memory card, memory card company, company memory card, memory card product, product memory card, memory card amd product, amd product memory card, memory card sell amd, sell amd memory card, memory card buy amd, buy amd memory card, memory card cheap amd, cheap amd memory card, memory card best amd, best amd memory card, memory card amd review, amd review memory card, memory card where to buy amd, where to buy amd memory card, memory card how to choose amd, how to choose amd memory card, memory card top amd, top amd memory card, memory card amd guide, amd guide memory card, memory card amd for sale, amd for sale memory card, memory card amd deals, amd deals memory card, data transfer amd, amd data transfer, data transfer cheap, cheap data transfer, data transfer best, best data transfer, data transfer latest, latest data transfer, data transfer review, review data transfer, data transfer price, price data transfer, data transfer sell, sell data transfer, data transfer buy, buy data transfer, data transfer recommendation, recommendation data transfer, data transfer tips, tips data transfer, data transfer tutorial, tutorial data transfer, data transfer guide, guide data transfer, data transfer how to, how to data transfer, data transfer vs, vs data transfer, data transfer versus, versus data transfer, data transfer compared to, compared to data transfer, data transfer comparison, comparison data transfer, data transfer alternatives, alternatives data transfer, data transfer which is better, which is better data transfer, data transfer expensive, expensive data transfer, data transfer discount, discount data transfer, data transfer deals, deals data transfer, data transfer sale, sale data transfer, data transfer affordable, affordable data transfer, data transfer cost, cost data transfer, data transfer online, online data transfer, data transfer offline, offline data transfer, data transfer marketplace, marketplace data transfer, data transfer store, store data transfer, data transfer shop, shop data transfer, data transfer retailer, retailer data transfer, data transfer where to buy, where to buy data transfer, data transfer worst, worst data transfer, data transfer quality, quality data transfer, data transfer original, original data transfer, data transfer genuine, genuine data transfer, data transfer fake, fake data transfer, data transfer replica, replica data transfer, data transfer authentic, authentic data transfer, data transfer brand, brand data transfer, data transfer manufacturer, manufacturer data transfer, data transfer company, company data transfer, data transfer product, product data transfer, data transfer amd product, amd product data transfer, data transfer sell amd, sell amd data transfer, data transfer buy amd, buy amd data transfer, data transfer cheap amd, cheap amd data transfer, data transfer best amd, best amd data transfer, data transfer amd review, amd review data transfer, data transfer where to buy amd, where to buy amd data transfer, data transfer how to choose amd, how to choose amd data transfer, data transfer top amd, top amd data transfer, data transfer amd guide, amd guide data transfer, data transfer amd for sale, amd for sale data transfer, data transfer amd deals, amd deals data transfer
2025-09-17 19:27:32,002 - INFO - Expanded 220 seed keywords to 385 variations
2025-09-17 19:27:32,002 - INFO - Language: en
2025-09-17 19:27:32,002 - INFO - Region: us
2025-09-17 19:32:03,983 - INFO - 🎯 After all filtering for 'amd': 120 relevant keywords
2025-09-17 19:32:04,010 - INFO - 🎯 Found 5 new keywords for niche 'amd': amd affordable data transfer, amd affordable memory card, cheap alternatives data transfer, cheap alternatives memory card, best authentic data transfer
2025-09-17 19:32:19,014 - INFO - ✅ Niche 'amd' process complete! 20 total keyword results.
2025-09-17 19:32:19,014 - INFO - ✅ Completed processing niche: 'amd'
2025-09-17 19:32:19,015 - INFO - 🔧 Request Handler final stats - Success rate: 100.0%
2025-09-17 19:32:19,015 - INFO -    Total requests: 5656, Blocks: 0
2025-09-17 19:32:19,016 - INFO - 
========================================
2025-09-17 19:32:19,016 - INFO - Process Summary:
2025-09-17 19:32:19,016 - INFO - - Current niche: 'amd'
2025-09-17 19:32:19,016 - INFO - - Next niche will be: 'canon'
2025-09-17 19:32:19,016 - INFO - - Keywords saved in: languages/english/keywords/amd/
2025-09-17 19:32:19,016 - INFO - ========================================
