2025-11-10 09:46:53,146 - INFO - Log file created at: /home/runner/work/potensitech.com/potensitech.com/languages/english/keywords/logs/kw_search_20251110_094653.log
2025-11-10 09:46:53,146 - INFO - ============================================================
2025-11-10 09:46:53,146 - INFO - AUTOMATIC KEYWORD RESEARCH TOOL
2025-11-10 09:46:53,146 - INFO - ============================================================
2025-11-10 09:46:53,321 - INFO - ========================================
2025-11-10 09:46:53,321 - INFO - Found 14 niches to process: xiaomi, iphone, samsung, apple, sony, asus, philips, sandisk, intel, nvidia, amd, canon, nikon, huawei
2025-11-10 09:46:53,321 - INFO - ========================================
2025-11-10 09:46:53,321 - INFO - Continuing from last processed niche: amd
2025-11-10 09:46:53,321 - INFO - ========================================
2025-11-10 09:46:53,321 - INFO - 🎯 PROCESSING NICHE 12/14: 'canon'
2025-11-10 09:46:53,321 - INFO - ========================================
2025-11-10 09:46:53,321 - INFO - 📁 Niche directory: /home/runner/work/potensitech.com/potensitech.com/languages/english/keywords/canon
2025-11-10 09:46:53,322 - INFO - Selected region: us
2025-11-10 09:46:53,322 - INFO - Selected language: en
2025-11-10 09:46:53,322 - INFO - 🎯 Current niche: canon
2025-11-10 09:46:56,860 - INFO - 🎯 Niche terms for filtering: canon, cheap, best, latest, review, price, sell, buy, recommendation, tips, tutorial, guide, how to, vs, versus, compared to, comparison, alternatives, which is better, expensive, discount, deals, sale, affordable, cost, online, offline, marketplace, store, shop, retailer, where to buy, worst, quality, original, genuine, fake, replica, authentic, brand, manufacturer, company, product, canon product, sell canon, buy canon, cheap canon, best canon, canon review, where to buy canon, how to choose canon, top canon, canon guide, canon for sale, canon deals
2025-11-10 09:46:56,860 - INFO - Generated 50 niche-clue pairs for 'canon'.
2025-11-10 09:46:56,863 - INFO - Expanded 50 seed keywords to 218 variations
2025-11-10 09:46:56,864 - INFO - 🔧 Request Handler initialized - Success rate: 100.0%
2025-11-10 09:51:21,348 - INFO - Original clue keywords: processor performance, core efficiency
2025-11-10 09:51:21,348 - INFO - Niche-focused seeds: processor performance canon, canon processor performance, processor performance cheap, cheap processor performance, processor performance best, best processor performance, processor performance latest, latest processor performance, processor performance review, review processor performance, processor performance price, price processor performance, processor performance sell, sell processor performance, processor performance buy, buy processor performance, processor performance recommendation, recommendation processor performance, processor performance tips, tips processor performance, processor performance tutorial, tutorial processor performance, processor performance guide, guide processor performance, processor performance how to, how to processor performance, processor performance vs, vs processor performance, processor performance versus, versus processor performance, processor performance compared to, compared to processor performance, processor performance comparison, comparison processor performance, processor performance alternatives, alternatives processor performance, processor performance which is better, which is better processor performance, processor performance expensive, expensive processor performance, processor performance discount, discount processor performance, processor performance deals, deals processor performance, processor performance sale, sale processor performance, processor performance affordable, affordable processor performance, processor performance cost, cost processor performance, processor performance online, online processor performance, processor performance offline, offline processor performance, processor performance marketplace, marketplace processor performance, processor performance store, store processor performance, processor performance shop, shop processor performance, processor performance retailer, retailer processor performance, processor performance where to buy, where to buy processor performance, processor performance worst, worst processor performance, processor performance quality, quality processor performance, processor performance original, original processor performance, processor performance genuine, genuine processor performance, processor performance fake, fake processor performance, processor performance replica, replica processor performance, processor performance authentic, authentic processor performance, processor performance brand, brand processor performance, processor performance manufacturer, manufacturer processor performance, processor performance company, company processor performance, processor performance product, product processor performance, processor performance canon product, canon product processor performance, processor performance sell canon, sell canon processor performance, processor performance buy canon, buy canon processor performance, processor performance cheap canon, cheap canon processor performance, processor performance best canon, best canon processor performance, processor performance canon review, canon review processor performance, processor performance where to buy canon, where to buy canon processor performance, processor performance how to choose canon, how to choose canon processor performance, processor performance top canon, top canon processor performance, processor performance canon guide, canon guide processor performance, processor performance canon for sale, canon for sale processor performance, processor performance canon deals, canon deals processor performance, core efficiency canon, canon core efficiency, core efficiency cheap, cheap core efficiency, core efficiency best, best core efficiency, core efficiency latest, latest core efficiency, core efficiency review, review core efficiency, core efficiency price, price core efficiency, core efficiency sell, sell core efficiency, core efficiency buy, buy core efficiency, core efficiency recommendation, recommendation core efficiency, core efficiency tips, tips core efficiency, core efficiency tutorial, tutorial core efficiency, core efficiency guide, guide core efficiency, core efficiency how to, how to core efficiency, core efficiency vs, vs core efficiency, core efficiency versus, versus core efficiency, core efficiency compared to, compared to core efficiency, core efficiency comparison, comparison core efficiency, core efficiency alternatives, alternatives core efficiency, core efficiency which is better, which is better core efficiency, core efficiency expensive, expensive core efficiency, core efficiency discount, discount core efficiency, core efficiency deals, deals core efficiency, core efficiency sale, sale core efficiency, core efficiency affordable, affordable core efficiency, core efficiency cost, cost core efficiency, core efficiency online, online core efficiency, core efficiency offline, offline core efficiency, core efficiency marketplace, marketplace core efficiency, core efficiency store, store core efficiency, core efficiency shop, shop core efficiency, core efficiency retailer, retailer core efficiency, core efficiency where to buy, where to buy core efficiency, core efficiency worst, worst core efficiency, core efficiency quality, quality core efficiency, core efficiency original, original core efficiency, core efficiency genuine, genuine core efficiency, core efficiency fake, fake core efficiency, core efficiency replica, replica core efficiency, core efficiency authentic, authentic core efficiency, core efficiency brand, brand core efficiency, core efficiency manufacturer, manufacturer core efficiency, core efficiency company, company core efficiency, core efficiency product, product core efficiency, core efficiency canon product, canon product core efficiency, core efficiency sell canon, sell canon core efficiency, core efficiency buy canon, buy canon core efficiency, core efficiency cheap canon, cheap canon core efficiency, core efficiency best canon, best canon core efficiency, core efficiency canon review, canon review core efficiency, core efficiency where to buy canon, where to buy canon core efficiency, core efficiency how to choose canon, how to choose canon core efficiency, core efficiency top canon, top canon core efficiency, core efficiency canon guide, canon guide core efficiency, core efficiency canon for sale, canon for sale core efficiency, core efficiency canon deals, canon deals core efficiency
2025-11-10 09:51:21,351 - INFO - Expanded 220 seed keywords to 385 variations
2025-11-10 09:51:21,351 - INFO - Language: en
2025-11-10 09:51:21,351 - INFO - Region: us
2025-11-10 09:55:51,538 - INFO - 🎯 After all filtering for 'canon': 120 relevant keywords
2025-11-10 09:55:51,937 - INFO - 🎯 Found 5 new keywords for niche 'canon': canon affordable core efficiency, canon affordable processor performance, cheap alternatives core efficiency, cheap alternatives processor performance, best authentic core efficiency
2025-11-10 09:56:02,523 - INFO - ✅ Niche 'canon' process complete! 198 total keyword results.
2025-11-10 09:56:02,523 - INFO - ✅ Completed processing niche: 'canon'
2025-11-10 09:56:02,523 - INFO - 🔧 Request Handler final stats - Success rate: 100.0%
2025-11-10 09:56:02,523 - INFO -    Total requests: 39670, Blocks: 0
2025-11-10 09:56:02,524 - INFO - 
========================================
2025-11-10 09:56:02,524 - INFO - Process Summary:
2025-11-10 09:56:02,524 - INFO - - Current niche: 'canon'
2025-11-10 09:56:02,524 - INFO - - Next niche will be: 'nikon'
2025-11-10 09:56:02,524 - INFO - - Keywords saved in: languages/english/keywords/canon/
2025-11-10 09:56:02,525 - INFO - ========================================
