2025-11-09 21:43:14,525 - INFO - Log file created at: /home/runner/work/potensitech.com/potensitech.com/languages/english/keywords/logs/kw_search_20251109_214314.log
2025-11-09 21:43:14,525 - INFO - ============================================================
2025-11-09 21:43:14,525 - INFO - AUTOMATIC KEYWORD RESEARCH TOOL
2025-11-09 21:43:14,526 - INFO - ============================================================
2025-11-09 21:43:14,728 - INFO - ========================================
2025-11-09 21:43:14,728 - INFO - Found 14 niches to process: xiaomi, iphone, samsung, apple, sony, asus, philips, sandisk, intel, nvidia, amd, canon, nikon, huawei
2025-11-09 21:43:14,728 - INFO - ========================================
2025-11-09 21:43:14,728 - INFO - Continuing from last processed niche: asus
2025-11-09 21:43:14,728 - INFO - ========================================
2025-11-09 21:43:14,728 - INFO - 🎯 PROCESSING NICHE 7/14: 'philips'
2025-11-09 21:43:14,728 - INFO - ========================================
2025-11-09 21:43:14,728 - INFO - 📁 Niche directory: /home/runner/work/potensitech.com/potensitech.com/languages/english/keywords/philips
2025-11-09 21:43:14,728 - INFO - Selected region: us
2025-11-09 21:43:14,728 - INFO - Selected language: en
2025-11-09 21:43:14,728 - INFO - 🎯 Current niche: philips
2025-11-09 21:43:17,878 - INFO - 🎯 Niche terms for filtering: philips, cheap, best, latest, review, price, sell, buy, recommendation, tips, tutorial, guide, how to, vs, versus, compared to, comparison, alternatives, which is better, expensive, discount, deals, sale, affordable, cost, online, offline, marketplace, store, shop, retailer, where to buy, worst, quality, original, genuine, fake, replica, authentic, brand, manufacturer, company, product, philips product, sell philips, buy philips, cheap philips, best philips, philips review, where to buy philips, how to choose philips, top philips, philips guide, philips for sale, philips deals
2025-11-09 21:43:17,878 - INFO - Generated 50 niche-clue pairs for 'philips'.
2025-11-09 21:43:17,881 - INFO - Expanded 50 seed keywords to 218 variations
2025-11-09 21:43:17,882 - INFO - 🔧 Request Handler initialized - Success rate: 100.0%
2025-11-09 21:47:42,974 - INFO - Original clue keywords: high-performance, amoled display
2025-11-09 21:47:42,974 - INFO - Niche-focused seeds: high-performance philips, philips high-performance, high-performance cheap, cheap high-performance, high-performance best, best high-performance, high-performance latest, latest high-performance, high-performance review, review high-performance, high-performance price, price high-performance, high-performance sell, sell high-performance, high-performance buy, buy high-performance, high-performance recommendation, recommendation high-performance, high-performance tips, tips high-performance, high-performance tutorial, tutorial high-performance, high-performance guide, guide high-performance, high-performance how to, how to high-performance, high-performance vs, vs high-performance, high-performance versus, versus high-performance, high-performance compared to, compared to high-performance, high-performance comparison, comparison high-performance, high-performance alternatives, alternatives high-performance, high-performance which is better, which is better high-performance, high-performance expensive, expensive high-performance, high-performance discount, discount high-performance, high-performance deals, deals high-performance, high-performance sale, sale high-performance, high-performance affordable, affordable high-performance, high-performance cost, cost high-performance, high-performance online, online high-performance, high-performance offline, offline high-performance, high-performance marketplace, marketplace high-performance, high-performance store, store high-performance, high-performance shop, shop high-performance, high-performance retailer, retailer high-performance, high-performance where to buy, where to buy high-performance, high-performance worst, worst high-performance, high-performance quality, quality high-performance, high-performance original, original high-performance, high-performance genuine, genuine high-performance, high-performance fake, fake high-performance, high-performance replica, replica high-performance, high-performance authentic, authentic high-performance, high-performance brand, brand high-performance, high-performance manufacturer, manufacturer high-performance, high-performance company, company high-performance, high-performance product, product high-performance, high-performance philips product, philips product high-performance, high-performance sell philips, sell philips high-performance, high-performance buy philips, buy philips high-performance, high-performance cheap philips, cheap philips high-performance, high-performance best philips, best philips high-performance, high-performance philips review, philips review high-performance, high-performance where to buy philips, where to buy philips high-performance, high-performance how to choose philips, how to choose philips high-performance, high-performance top philips, top philips high-performance, high-performance philips guide, philips guide high-performance, high-performance philips for sale, philips for sale high-performance, high-performance philips deals, philips deals high-performance, amoled display philips, philips amoled display, amoled display cheap, cheap amoled display, amoled display best, best amoled display, amoled display latest, latest amoled display, amoled display review, review amoled display, amoled display price, price amoled display, amoled display sell, sell amoled display, amoled display buy, buy amoled display, amoled display recommendation, recommendation amoled display, amoled display tips, tips amoled display, amoled display tutorial, tutorial amoled display, amoled display guide, guide amoled display, amoled display how to, how to amoled display, amoled display vs, vs amoled display, amoled display versus, versus amoled display, amoled display compared to, compared to amoled display, amoled display comparison, comparison amoled display, amoled display alternatives, alternatives amoled display, amoled display which is better, which is better amoled display, amoled display expensive, expensive amoled display, amoled display discount, discount amoled display, amoled display deals, deals amoled display, amoled display sale, sale amoled display, amoled display affordable, affordable amoled display, amoled display cost, cost amoled display, amoled display online, online amoled display, amoled display offline, offline amoled display, amoled display marketplace, marketplace amoled display, amoled display store, store amoled display, amoled display shop, shop amoled display, amoled display retailer, retailer amoled display, amoled display where to buy, where to buy amoled display, amoled display worst, worst amoled display, amoled display quality, quality amoled display, amoled display original, original amoled display, amoled display genuine, genuine amoled display, amoled display fake, fake amoled display, amoled display replica, replica amoled display, amoled display authentic, authentic amoled display, amoled display brand, brand amoled display, amoled display manufacturer, manufacturer amoled display, amoled display company, company amoled display, amoled display product, product amoled display, amoled display philips product, philips product amoled display, amoled display sell philips, sell philips amoled display, amoled display buy philips, buy philips amoled display, amoled display cheap philips, cheap philips amoled display, amoled display best philips, best philips amoled display, amoled display philips review, philips review amoled display, amoled display where to buy philips, where to buy philips amoled display, amoled display how to choose philips, how to choose philips amoled display, amoled display top philips, top philips amoled display, amoled display philips guide, philips guide amoled display, amoled display philips for sale, philips for sale amoled display, amoled display philips deals, philips deals amoled display
2025-11-09 21:47:42,977 - INFO - Expanded 220 seed keywords to 385 variations
2025-11-09 21:47:42,977 - INFO - Language: en
2025-11-09 21:47:42,977 - INFO - Region: us
2025-11-09 21:52:14,672 - INFO - 🎯 After all filtering for 'philips': 120 relevant keywords
2025-11-09 21:52:14,750 - INFO - 🎯 Found 5 new keywords for niche 'philips': philips affordable high-performance, cheap affordable high-performance, best affordable high-performance, how to affordable high-performance, philips alternatives high-performance
2025-11-09 21:52:22,973 - INFO - ✅ Niche 'philips' process complete! 206 total keyword results.
2025-11-09 21:52:22,973 - INFO - ✅ Completed processing niche: 'philips'
2025-11-09 21:52:22,973 - INFO - 🔧 Request Handler final stats - Success rate: 100.0%
2025-11-09 21:52:22,973 - INFO -    Total requests: 39259, Blocks: 0
2025-11-09 21:52:22,974 - INFO - 
========================================
2025-11-09 21:52:22,975 - INFO - Process Summary:
2025-11-09 21:52:22,975 - INFO - - Current niche: 'philips'
2025-11-09 21:52:22,975 - INFO - - Next niche will be: 'sandisk'
2025-11-09 21:52:22,975 - INFO - - Keywords saved in: languages/english/keywords/philips/
2025-11-09 21:52:22,975 - INFO - ========================================
