2025-09-28 04:53:26,959 - INFO - Log file created at: /home/runner/work/potensitech.com/potensitech.com/languages/english/keywords/logs/kw_search_20250928_045326.log
2025-09-28 04:53:26,959 - INFO - ============================================================
2025-09-28 04:53:26,959 - INFO - AUTOMATIC KEYWORD RESEARCH TOOL
2025-09-28 04:53:26,959 - INFO - ============================================================
2025-09-28 04:53:27,084 - INFO - ========================================
2025-09-28 04:53:27,085 - INFO - Found 14 niches to process: xiaomi, iphone, samsung, apple, sony, asus, philips, sandisk, intel, nvidia, amd, canon, nikon, huawei
2025-09-28 04:53:27,085 - INFO - ========================================
2025-09-28 04:53:27,085 - INFO - Continuing from last processed niche: iphone
2025-09-28 04:53:27,085 - INFO - ========================================
2025-09-28 04:53:27,085 - INFO - 🎯 PROCESSING NICHE 3/14: 'samsung'
2025-09-28 04:53:27,085 - INFO - ========================================
2025-09-28 04:53:27,085 - INFO - 📁 Niche directory: /home/runner/work/potensitech.com/potensitech.com/languages/english/keywords/samsung
2025-09-28 04:53:27,085 - INFO - Selected region: us
2025-09-28 04:53:27,085 - INFO - Selected language: en
2025-09-28 04:53:27,085 - INFO - 🎯 Current niche: samsung
2025-09-28 04:53:29,643 - INFO - 🎯 Niche terms for filtering: samsung, cheap, best, latest, review, price, sell, buy, recommendation, tips, tutorial, guide, how to, vs, versus, compared to, comparison, alternatives, which is better, expensive, discount, deals, sale, affordable, cost, online, offline, marketplace, store, shop, retailer, where to buy, worst, quality, original, genuine, fake, replica, authentic, brand, manufacturer, company, product, samsung product, sell samsung, buy samsung, cheap samsung, best samsung, samsung review, where to buy samsung, how to choose samsung, top samsung, samsung guide, samsung for sale, samsung deals
2025-09-28 04:53:29,643 - INFO - Generated 50 niche-clue pairs for 'samsung'.
2025-09-28 04:53:29,646 - INFO - Expanded 50 seed keywords to 218 variations
2025-09-28 04:53:29,646 - INFO - 🔧 Request Handler initialized - Success rate: 100.0%
2025-09-28 04:57:51,312 - INFO - Original clue keywords: autofocus speed, graphics performance
2025-09-28 04:57:51,313 - INFO - Niche-focused seeds: autofocus speed samsung, samsung autofocus speed, autofocus speed cheap, cheap autofocus speed, autofocus speed best, best autofocus speed, autofocus speed latest, latest autofocus speed, autofocus speed review, review autofocus speed, autofocus speed price, price autofocus speed, autofocus speed sell, sell autofocus speed, autofocus speed buy, buy autofocus speed, autofocus speed recommendation, recommendation autofocus speed, autofocus speed tips, tips autofocus speed, autofocus speed tutorial, tutorial autofocus speed, autofocus speed guide, guide autofocus speed, autofocus speed how to, how to autofocus speed, autofocus speed vs, vs autofocus speed, autofocus speed versus, versus autofocus speed, autofocus speed compared to, compared to autofocus speed, autofocus speed comparison, comparison autofocus speed, autofocus speed alternatives, alternatives autofocus speed, autofocus speed which is better, which is better autofocus speed, autofocus speed expensive, expensive autofocus speed, autofocus speed discount, discount autofocus speed, autofocus speed deals, deals autofocus speed, autofocus speed sale, sale autofocus speed, autofocus speed affordable, affordable autofocus speed, autofocus speed cost, cost autofocus speed, autofocus speed online, online autofocus speed, autofocus speed offline, offline autofocus speed, autofocus speed marketplace, marketplace autofocus speed, autofocus speed store, store autofocus speed, autofocus speed shop, shop autofocus speed, autofocus speed retailer, retailer autofocus speed, autofocus speed where to buy, where to buy autofocus speed, autofocus speed worst, worst autofocus speed, autofocus speed quality, quality autofocus speed, autofocus speed original, original autofocus speed, autofocus speed genuine, genuine autofocus speed, autofocus speed fake, fake autofocus speed, autofocus speed replica, replica autofocus speed, autofocus speed authentic, authentic autofocus speed, autofocus speed brand, brand autofocus speed, autofocus speed manufacturer, manufacturer autofocus speed, autofocus speed company, company autofocus speed, autofocus speed product, product autofocus speed, autofocus speed samsung product, samsung product autofocus speed, autofocus speed sell samsung, sell samsung autofocus speed, autofocus speed buy samsung, buy samsung autofocus speed, autofocus speed cheap samsung, cheap samsung autofocus speed, autofocus speed best samsung, best samsung autofocus speed, autofocus speed samsung review, samsung review autofocus speed, autofocus speed where to buy samsung, where to buy samsung autofocus speed, autofocus speed how to choose samsung, how to choose samsung autofocus speed, autofocus speed top samsung, top samsung autofocus speed, autofocus speed samsung guide, samsung guide autofocus speed, autofocus speed samsung for sale, samsung for sale autofocus speed, autofocus speed samsung deals, samsung deals autofocus speed, graphics performance samsung, samsung graphics performance, graphics performance cheap, cheap graphics performance, graphics performance best, best graphics performance, graphics performance latest, latest graphics performance, graphics performance review, review graphics performance, graphics performance price, price graphics performance, graphics performance sell, sell graphics performance, graphics performance buy, buy graphics performance, graphics performance recommendation, recommendation graphics performance, graphics performance tips, tips graphics performance, graphics performance tutorial, tutorial graphics performance, graphics performance guide, guide graphics performance, graphics performance how to, how to graphics performance, graphics performance vs, vs graphics performance, graphics performance versus, versus graphics performance, graphics performance compared to, compared to graphics performance, graphics performance comparison, comparison graphics performance, graphics performance alternatives, alternatives graphics performance, graphics performance which is better, which is better graphics performance, graphics performance expensive, expensive graphics performance, graphics performance discount, discount graphics performance, graphics performance deals, deals graphics performance, graphics performance sale, sale graphics performance, graphics performance affordable, affordable graphics performance, graphics performance cost, cost graphics performance, graphics performance online, online graphics performance, graphics performance offline, offline graphics performance, graphics performance marketplace, marketplace graphics performance, graphics performance store, store graphics performance, graphics performance shop, shop graphics performance, graphics performance retailer, retailer graphics performance, graphics performance where to buy, where to buy graphics performance, graphics performance worst, worst graphics performance, graphics performance quality, quality graphics performance, graphics performance original, original graphics performance, graphics performance genuine, genuine graphics performance, graphics performance fake, fake graphics performance, graphics performance replica, replica graphics performance, graphics performance authentic, authentic graphics performance, graphics performance brand, brand graphics performance, graphics performance manufacturer, manufacturer graphics performance, graphics performance company, company graphics performance, graphics performance product, product graphics performance, graphics performance samsung product, samsung product graphics performance, graphics performance sell samsung, sell samsung graphics performance, graphics performance buy samsung, buy samsung graphics performance, graphics performance cheap samsung, cheap samsung graphics performance, graphics performance best samsung, best samsung graphics performance, graphics performance samsung review, samsung review graphics performance, graphics performance where to buy samsung, where to buy samsung graphics performance, graphics performance how to choose samsung, how to choose samsung graphics performance, graphics performance top samsung, top samsung graphics performance, graphics performance samsung guide, samsung guide graphics performance, graphics performance samsung for sale, samsung for sale graphics performance, graphics performance samsung deals, samsung deals graphics performance
2025-09-28 04:57:51,316 - INFO - Expanded 220 seed keywords to 385 variations
2025-09-28 04:57:51,316 - INFO - Language: en
2025-09-28 04:57:51,316 - INFO - Region: us
2025-09-28 04:59:07,818 - INFO - 🎯 After all filtering for 'samsung': 120 relevant keywords
2025-09-28 04:59:07,926 - INFO - 🎯 Found 5 new keywords for niche 'samsung': samsung affordable autofocus speed, samsung affordable graphics performance, cheap alternatives autofocus speed, cheap alternatives graphics performance, best authentic autofocus speed
2025-09-28 04:59:15,667 - INFO - ✅ Niche 'samsung' process complete! 63 total keyword results.
2025-09-28 04:59:15,667 - INFO - ✅ Completed processing niche: 'samsung'
2025-09-28 04:59:15,667 - INFO - 🔧 Request Handler final stats - Success rate: 100.0%
2025-09-28 04:59:15,667 - INFO -    Total requests: 14055, Blocks: 0
2025-09-28 04:59:15,668 - INFO - 
========================================
2025-09-28 04:59:15,668 - INFO - Process Summary:
2025-09-28 04:59:15,668 - INFO - - Current niche: 'samsung'
2025-09-28 04:59:15,669 - INFO - - Next niche will be: 'apple'
2025-09-28 04:59:15,669 - INFO - - Keywords saved in: languages/english/keywords/samsung/
2025-09-28 04:59:15,669 - INFO - ========================================
