2025-11-07 21:43:46,628 - INFO - Log file created at: /home/runner/work/potensitech.com/potensitech.com/languages/english/keywords/logs/kw_search_20251107_214346.log
2025-11-07 21:43:46,628 - INFO - ============================================================
2025-11-07 21:43:46,628 - INFO - AUTOMATIC KEYWORD RESEARCH TOOL
2025-11-07 21:43:46,628 - INFO - ============================================================
2025-11-07 21:43:47,297 - INFO - ========================================
2025-11-07 21:43:47,297 - INFO - Found 14 niches to process: xiaomi, iphone, samsung, apple, sony, asus, philips, sandisk, intel, nvidia, amd, canon, nikon, huawei
2025-11-07 21:43:47,298 - INFO - ========================================
2025-11-07 21:43:47,298 - INFO - All niches completed, starting over
2025-11-07 21:43:47,298 - INFO - ========================================
2025-11-07 21:43:47,298 - INFO - 🎯 PROCESSING NICHE 1/14: 'xiaomi'
2025-11-07 21:43:47,298 - INFO - ========================================
2025-11-07 21:43:47,298 - INFO - 📁 Niche directory: /home/runner/work/potensitech.com/potensitech.com/languages/english/keywords/xiaomi
2025-11-07 21:43:47,298 - INFO - Selected region: us
2025-11-07 21:43:47,298 - INFO - Selected language: en
2025-11-07 21:43:47,298 - INFO - 🎯 Current niche: xiaomi
2025-11-07 21:43:50,182 - INFO - 🎯 Niche terms for filtering: xiaomi, cheap, best, latest, review, price, sell, buy, recommendation, tips, tutorial, guide, how to, vs, versus, compared to, comparison, alternatives, which is better, expensive, discount, deals, sale, affordable, cost, online, offline, marketplace, store, shop, retailer, where to buy, worst, quality, original, genuine, fake, replica, authentic, brand, manufacturer, company, product, xiaomi product, sell xiaomi, buy xiaomi, cheap xiaomi, best xiaomi, xiaomi review, where to buy xiaomi, how to choose xiaomi, top xiaomi, xiaomi guide, xiaomi for sale, xiaomi deals
2025-11-07 21:43:50,183 - INFO - Generated 50 niche-clue pairs for 'xiaomi'.
2025-11-07 21:43:50,186 - INFO - Expanded 50 seed keywords to 218 variations
2025-11-07 21:43:50,186 - INFO - 🔧 Request Handler initialized - Success rate: 100.0%
2025-11-07 21:48:15,710 - INFO - Original clue keywords: usb drive, flash drive
2025-11-07 21:48:15,710 - INFO - Niche-focused seeds: usb drive xiaomi, xiaomi usb drive, usb drive cheap, cheap usb drive, usb drive best, best usb drive, usb drive latest, latest usb drive, usb drive review, review usb drive, usb drive price, price usb drive, usb drive sell, sell usb drive, usb drive buy, buy usb drive, usb drive recommendation, recommendation usb drive, usb drive tips, tips usb drive, usb drive tutorial, tutorial usb drive, usb drive guide, guide usb drive, usb drive how to, how to usb drive, usb drive vs, vs usb drive, usb drive versus, versus usb drive, usb drive compared to, compared to usb drive, usb drive comparison, comparison usb drive, usb drive alternatives, alternatives usb drive, usb drive which is better, which is better usb drive, usb drive expensive, expensive usb drive, usb drive discount, discount usb drive, usb drive deals, deals usb drive, usb drive sale, sale usb drive, usb drive affordable, affordable usb drive, usb drive cost, cost usb drive, usb drive online, online usb drive, usb drive offline, offline usb drive, usb drive marketplace, marketplace usb drive, usb drive store, store usb drive, usb drive shop, shop usb drive, usb drive retailer, retailer usb drive, usb drive where to buy, where to buy usb drive, usb drive worst, worst usb drive, usb drive quality, quality usb drive, usb drive original, original usb drive, usb drive genuine, genuine usb drive, usb drive fake, fake usb drive, usb drive replica, replica usb drive, usb drive authentic, authentic usb drive, usb drive brand, brand usb drive, usb drive manufacturer, manufacturer usb drive, usb drive company, company usb drive, usb drive product, product usb drive, usb drive xiaomi product, xiaomi product usb drive, usb drive sell xiaomi, sell xiaomi usb drive, usb drive buy xiaomi, buy xiaomi usb drive, usb drive cheap xiaomi, cheap xiaomi usb drive, usb drive best xiaomi, best xiaomi usb drive, usb drive xiaomi review, xiaomi review usb drive, usb drive where to buy xiaomi, where to buy xiaomi usb drive, usb drive how to choose xiaomi, how to choose xiaomi usb drive, usb drive top xiaomi, top xiaomi usb drive, usb drive xiaomi guide, xiaomi guide usb drive, usb drive xiaomi for sale, xiaomi for sale usb drive, usb drive xiaomi deals, xiaomi deals usb drive, flash drive xiaomi, xiaomi flash drive, flash drive cheap, cheap flash drive, flash drive best, best flash drive, flash drive latest, latest flash drive, flash drive review, review flash drive, flash drive price, price flash drive, flash drive sell, sell flash drive, flash drive buy, buy flash drive, flash drive recommendation, recommendation flash drive, flash drive tips, tips flash drive, flash drive tutorial, tutorial flash drive, flash drive guide, guide flash drive, flash drive how to, how to flash drive, flash drive vs, vs flash drive, flash drive versus, versus flash drive, flash drive compared to, compared to flash drive, flash drive comparison, comparison flash drive, flash drive alternatives, alternatives flash drive, flash drive which is better, which is better flash drive, flash drive expensive, expensive flash drive, flash drive discount, discount flash drive, flash drive deals, deals flash drive, flash drive sale, sale flash drive, flash drive affordable, affordable flash drive, flash drive cost, cost flash drive, flash drive online, online flash drive, flash drive offline, offline flash drive, flash drive marketplace, marketplace flash drive, flash drive store, store flash drive, flash drive shop, shop flash drive, flash drive retailer, retailer flash drive, flash drive where to buy, where to buy flash drive, flash drive worst, worst flash drive, flash drive quality, quality flash drive, flash drive original, original flash drive, flash drive genuine, genuine flash drive, flash drive fake, fake flash drive, flash drive replica, replica flash drive, flash drive authentic, authentic flash drive, flash drive brand, brand flash drive, flash drive manufacturer, manufacturer flash drive, flash drive company, company flash drive, flash drive product, product flash drive, flash drive xiaomi product, xiaomi product flash drive, flash drive sell xiaomi, sell xiaomi flash drive, flash drive buy xiaomi, buy xiaomi flash drive, flash drive cheap xiaomi, cheap xiaomi flash drive, flash drive best xiaomi, best xiaomi flash drive, flash drive xiaomi review, xiaomi review flash drive, flash drive where to buy xiaomi, where to buy xiaomi flash drive, flash drive how to choose xiaomi, how to choose xiaomi flash drive, flash drive top xiaomi, top xiaomi flash drive, flash drive xiaomi guide, xiaomi guide flash drive, flash drive xiaomi for sale, xiaomi for sale flash drive, flash drive xiaomi deals, xiaomi deals flash drive
2025-11-07 21:48:15,714 - INFO - Expanded 220 seed keywords to 385 variations
2025-11-07 21:48:15,714 - INFO - Language: en
2025-11-07 21:48:15,714 - INFO - Region: us
2025-11-07 21:52:44,839 - INFO - 🎯 After all filtering for 'xiaomi': 120 relevant keywords
2025-11-07 21:52:45,154 - INFO - 🎯 Found 5 new keywords for niche 'xiaomi': xiaomi affordable flash drive, cheap affordable usb drive, cheap alternatives flash drive, xiaomi alternatives usb drive, best authentic flash drive
2025-11-07 21:52:54,355 - INFO - ✅ Niche 'xiaomi' process complete! 191 total keyword results.
2025-11-07 21:52:54,356 - INFO - ✅ Completed processing niche: 'xiaomi'
2025-11-07 21:52:54,356 - INFO - 🔧 Request Handler final stats - Success rate: 100.0%
2025-11-07 21:52:54,356 - INFO -    Total requests: 37667, Blocks: 0
2025-11-07 21:52:54,357 - INFO - 
========================================
2025-11-07 21:52:54,357 - INFO - Process Summary:
2025-11-07 21:52:54,357 - INFO - - Current niche: 'xiaomi'
2025-11-07 21:52:54,357 - INFO - - Next niche will be: 'iphone'
2025-11-07 21:52:54,357 - INFO - - Keywords saved in: languages/english/keywords/xiaomi/
2025-11-07 21:52:54,357 - INFO - ========================================
