2025-11-14 14:36:53,322 - INFO - Log file created at: /home/runner/work/potensitech.com/potensitech.com/languages/english/keywords/logs/kw_search_20251114_143653.log
2025-11-14 14:36:53,322 - INFO - ============================================================
2025-11-14 14:36:53,322 - INFO - AUTOMATIC KEYWORD RESEARCH TOOL
2025-11-14 14:36:53,322 - INFO - ============================================================
2025-11-14 14:36:54,287 - INFO - ========================================
2025-11-14 14:36:54,287 - INFO - Found 14 niches to process: xiaomi, iphone, samsung, apple, sony, asus, philips, sandisk, intel, nvidia, amd, canon, nikon, huawei
2025-11-14 14:36:54,287 - INFO - ========================================
2025-11-14 14:36:54,287 - INFO - Continuing from last processed niche: amd
2025-11-14 14:36:54,287 - INFO - ========================================
2025-11-14 14:36:54,288 - INFO - 🎯 PROCESSING NICHE 12/14: 'canon'
2025-11-14 14:36:54,288 - INFO - ========================================
2025-11-14 14:36:54,288 - INFO - 📁 Niche directory: /home/runner/work/potensitech.com/potensitech.com/languages/english/keywords/canon
2025-11-14 14:36:54,288 - INFO - Selected region: us
2025-11-14 14:36:54,288 - INFO - Selected language: en
2025-11-14 14:36:54,288 - INFO - 🎯 Current niche: canon
2025-11-14 14:37:00,153 - INFO - 🎯 Niche terms for filtering: canon, cheap, best, latest, review, price, sell, buy, recommendation, tips, tutorial, guide, how to, vs, versus, compared to, comparison, alternatives, which is better, expensive, discount, deals, sale, affordable, cost, online, offline, marketplace, store, shop, retailer, where to buy, worst, quality, original, genuine, fake, replica, authentic, brand, manufacturer, company, product, canon product, sell canon, buy canon, cheap canon, best canon, canon review, where to buy canon, how to choose canon, top canon, canon guide, canon for sale, canon deals
2025-11-14 14:37:00,153 - INFO - Generated 50 niche-clue pairs for 'canon'.
2025-11-14 14:37:00,156 - INFO - Expanded 50 seed keywords to 218 variations
2025-11-14 14:37:00,157 - INFO - 🔧 Request Handler initialized - Success rate: 100.0%
2025-11-14 14:41:28,679 - INFO - Original clue keywords: camera lenses, mirrorless options
2025-11-14 14:41:28,679 - INFO - Niche-focused seeds: camera lenses canon, canon camera lenses, camera lenses cheap, cheap camera lenses, camera lenses best, best camera lenses, camera lenses latest, latest camera lenses, camera lenses review, review camera lenses, camera lenses price, price camera lenses, camera lenses sell, sell camera lenses, camera lenses buy, buy camera lenses, camera lenses recommendation, recommendation camera lenses, camera lenses tips, tips camera lenses, camera lenses tutorial, tutorial camera lenses, camera lenses guide, guide camera lenses, camera lenses how to, how to camera lenses, camera lenses vs, vs camera lenses, camera lenses versus, versus camera lenses, camera lenses compared to, compared to camera lenses, camera lenses comparison, comparison camera lenses, camera lenses alternatives, alternatives camera lenses, camera lenses which is better, which is better camera lenses, camera lenses expensive, expensive camera lenses, camera lenses discount, discount camera lenses, camera lenses deals, deals camera lenses, camera lenses sale, sale camera lenses, camera lenses affordable, affordable camera lenses, camera lenses cost, cost camera lenses, camera lenses online, online camera lenses, camera lenses offline, offline camera lenses, camera lenses marketplace, marketplace camera lenses, camera lenses store, store camera lenses, camera lenses shop, shop camera lenses, camera lenses retailer, retailer camera lenses, camera lenses where to buy, where to buy camera lenses, camera lenses worst, worst camera lenses, camera lenses quality, quality camera lenses, camera lenses original, original camera lenses, camera lenses genuine, genuine camera lenses, camera lenses fake, fake camera lenses, camera lenses replica, replica camera lenses, camera lenses authentic, authentic camera lenses, camera lenses brand, brand camera lenses, camera lenses manufacturer, manufacturer camera lenses, camera lenses company, company camera lenses, camera lenses product, product camera lenses, camera lenses canon product, canon product camera lenses, camera lenses sell canon, sell canon camera lenses, camera lenses buy canon, buy canon camera lenses, camera lenses cheap canon, cheap canon camera lenses, camera lenses best canon, best canon camera lenses, camera lenses canon review, canon review camera lenses, camera lenses where to buy canon, where to buy canon camera lenses, camera lenses how to choose canon, how to choose canon camera lenses, camera lenses top canon, top canon camera lenses, camera lenses canon guide, canon guide camera lenses, camera lenses canon for sale, canon for sale camera lenses, camera lenses canon deals, canon deals camera lenses, mirrorless options canon, canon mirrorless options, mirrorless options cheap, cheap mirrorless options, mirrorless options best, best mirrorless options, mirrorless options latest, latest mirrorless options, mirrorless options review, review mirrorless options, mirrorless options price, price mirrorless options, mirrorless options sell, sell mirrorless options, mirrorless options buy, buy mirrorless options, mirrorless options recommendation, recommendation mirrorless options, mirrorless options tips, tips mirrorless options, mirrorless options tutorial, tutorial mirrorless options, mirrorless options guide, guide mirrorless options, mirrorless options how to, how to mirrorless options, mirrorless options vs, vs mirrorless options, mirrorless options versus, versus mirrorless options, mirrorless options compared to, compared to mirrorless options, mirrorless options comparison, comparison mirrorless options, mirrorless options alternatives, alternatives mirrorless options, mirrorless options which is better, which is better mirrorless options, mirrorless options expensive, expensive mirrorless options, mirrorless options discount, discount mirrorless options, mirrorless options deals, deals mirrorless options, mirrorless options sale, sale mirrorless options, mirrorless options affordable, affordable mirrorless options, mirrorless options cost, cost mirrorless options, mirrorless options online, online mirrorless options, mirrorless options offline, offline mirrorless options, mirrorless options marketplace, marketplace mirrorless options, mirrorless options store, store mirrorless options, mirrorless options shop, shop mirrorless options, mirrorless options retailer, retailer mirrorless options, mirrorless options where to buy, where to buy mirrorless options, mirrorless options worst, worst mirrorless options, mirrorless options quality, quality mirrorless options, mirrorless options original, original mirrorless options, mirrorless options genuine, genuine mirrorless options, mirrorless options fake, fake mirrorless options, mirrorless options replica, replica mirrorless options, mirrorless options authentic, authentic mirrorless options, mirrorless options brand, brand mirrorless options, mirrorless options manufacturer, manufacturer mirrorless options, mirrorless options company, company mirrorless options, mirrorless options product, product mirrorless options, mirrorless options canon product, canon product mirrorless options, mirrorless options sell canon, sell canon mirrorless options, mirrorless options buy canon, buy canon mirrorless options, mirrorless options cheap canon, cheap canon mirrorless options, mirrorless options best canon, best canon mirrorless options, mirrorless options canon review, canon review mirrorless options, mirrorless options where to buy canon, where to buy canon mirrorless options, mirrorless options how to choose canon, how to choose canon mirrorless options, mirrorless options top canon, top canon mirrorless options, mirrorless options canon guide, canon guide mirrorless options, mirrorless options canon for sale, canon for sale mirrorless options, mirrorless options canon deals, canon deals mirrorless options
2025-11-14 14:41:28,682 - INFO - Expanded 220 seed keywords to 385 variations
2025-11-14 14:41:28,682 - INFO - Language: en
2025-11-14 14:41:28,682 - INFO - Region: us
2025-11-14 14:45:59,656 - INFO - 🎯 After all filtering for 'canon': 120 relevant keywords
2025-11-14 14:46:00,101 - INFO - 🎯 Found 5 new keywords for niche 'canon': canon affordable camera lenses, canon affordable mirrorless options, cheap alternatives mirrorless options, best authentic mirrorless options, how to brand mirrorless options
2025-11-14 14:46:11,234 - INFO - ✅ Niche 'canon' process complete! 217 total keyword results.
2025-11-14 14:46:11,234 - INFO - ✅ Completed processing niche: 'canon'
2025-11-14 14:46:11,234 - INFO - 🔧 Request Handler final stats - Success rate: 100.0%
2025-11-14 14:46:11,234 - INFO -    Total requests: 42599, Blocks: 0
2025-11-14 14:46:11,235 - INFO - 
========================================
2025-11-14 14:46:11,235 - INFO - Process Summary:
2025-11-14 14:46:11,235 - INFO - - Current niche: 'canon'
2025-11-14 14:46:11,235 - INFO - - Next niche will be: 'nikon'
2025-11-14 14:46:11,235 - INFO - - Keywords saved in: languages/english/keywords/canon/
2025-11-14 14:46:11,236 - INFO - ========================================
