2025-09-25 16:55:35,595 - INFO - Log file created at: /home/runner/work/potensitech.com/potensitech.com/languages/english/keywords/logs/kw_search_20250925_165535.log
2025-09-25 16:55:35,595 - INFO - ============================================================
2025-09-25 16:55:35,595 - INFO - AUTOMATIC KEYWORD RESEARCH TOOL
2025-09-25 16:55:35,595 - INFO - ============================================================
2025-09-25 16:55:35,749 - INFO - ========================================
2025-09-25 16:55:35,749 - INFO - Found 14 niches to process: xiaomi, iphone, samsung, apple, sony, asus, philips, sandisk, intel, nvidia, amd, canon, nikon, huawei
2025-09-25 16:55:35,749 - INFO - ========================================
2025-09-25 16:55:35,749 - INFO - Continuing from last processed niche: sony
2025-09-25 16:55:35,750 - INFO - ========================================
2025-09-25 16:55:35,750 - INFO - 🎯 PROCESSING NICHE 6/14: 'asus'
2025-09-25 16:55:35,750 - INFO - ========================================
2025-09-25 16:55:35,750 - INFO - 📁 Niche directory: /home/runner/work/potensitech.com/potensitech.com/languages/english/keywords/asus
2025-09-25 16:55:35,750 - INFO - Selected region: us
2025-09-25 16:55:35,750 - INFO - Selected language: en
2025-09-25 16:55:35,750 - INFO - 🎯 Current niche: asus
2025-09-25 16:55:39,429 - INFO - 🎯 Niche terms for filtering: asus, cheap, best, latest, review, price, sell, buy, recommendation, tips, tutorial, guide, how to, vs, versus, compared to, comparison, alternatives, which is better, expensive, discount, deals, sale, affordable, cost, online, offline, marketplace, store, shop, retailer, where to buy, worst, quality, original, genuine, fake, replica, authentic, brand, manufacturer, company, product, asus product, sell asus, buy asus, cheap asus, best asus, asus review, where to buy asus, how to choose asus, top asus, asus guide, asus for sale, asus deals
2025-09-25 16:55:39,430 - INFO - Generated 50 niche-clue pairs for 'asus'.
2025-09-25 16:55:39,433 - INFO - Expanded 50 seed keywords to 218 variations
2025-09-25 16:55:39,433 - INFO - 🔧 Request Handler initialized - Success rate: 100.0%
2025-09-25 17:00:04,344 - INFO - Original clue keywords: camera quality, autofocus speed
2025-09-25 17:00:04,344 - INFO - Niche-focused seeds: camera quality, autofocus speed asus, asus autofocus speed, autofocus speed cheap, cheap autofocus speed, autofocus speed best, best autofocus speed, autofocus speed latest, latest autofocus speed, autofocus speed review, review autofocus speed, autofocus speed price, price autofocus speed, autofocus speed sell, sell autofocus speed, autofocus speed buy, buy autofocus speed, autofocus speed recommendation, recommendation autofocus speed, autofocus speed tips, tips autofocus speed, autofocus speed tutorial, tutorial autofocus speed, autofocus speed guide, guide autofocus speed, autofocus speed how to, how to autofocus speed, autofocus speed vs, vs autofocus speed, autofocus speed versus, versus autofocus speed, autofocus speed compared to, compared to autofocus speed, autofocus speed comparison, comparison autofocus speed, autofocus speed alternatives, alternatives autofocus speed, autofocus speed which is better, which is better autofocus speed, autofocus speed expensive, expensive autofocus speed, autofocus speed discount, discount autofocus speed, autofocus speed deals, deals autofocus speed, autofocus speed sale, sale autofocus speed, autofocus speed affordable, affordable autofocus speed, autofocus speed cost, cost autofocus speed, autofocus speed online, online autofocus speed, autofocus speed offline, offline autofocus speed, autofocus speed marketplace, marketplace autofocus speed, autofocus speed store, store autofocus speed, autofocus speed shop, shop autofocus speed, autofocus speed retailer, retailer autofocus speed, autofocus speed where to buy, where to buy autofocus speed, autofocus speed worst, worst autofocus speed, autofocus speed quality, quality autofocus speed, autofocus speed original, original autofocus speed, autofocus speed genuine, genuine autofocus speed, autofocus speed fake, fake autofocus speed, autofocus speed replica, replica autofocus speed, autofocus speed authentic, authentic autofocus speed, autofocus speed brand, brand autofocus speed, autofocus speed manufacturer, manufacturer autofocus speed, autofocus speed company, company autofocus speed, autofocus speed product, product autofocus speed, autofocus speed asus product, asus product autofocus speed, autofocus speed sell asus, sell asus autofocus speed, autofocus speed buy asus, buy asus autofocus speed, autofocus speed cheap asus, cheap asus autofocus speed, autofocus speed best asus, best asus autofocus speed, autofocus speed asus review, asus review autofocus speed, autofocus speed where to buy asus, where to buy asus autofocus speed, autofocus speed how to choose asus, how to choose asus autofocus speed, autofocus speed top asus, top asus autofocus speed, autofocus speed asus guide, asus guide autofocus speed, autofocus speed asus for sale, asus for sale autofocus speed, autofocus speed asus deals, asus deals autofocus speed
2025-09-25 17:00:04,347 - INFO - Expanded 111 seed keywords to 276 variations
2025-09-25 17:00:04,347 - INFO - Language: en
2025-09-25 17:00:04,347 - INFO - Region: us
2025-09-25 17:04:18,738 - INFO - 🎯 After all filtering for 'asus': 118 relevant keywords
2025-09-25 17:04:18,751 - INFO - 🎯 Found 5 new keywords for niche 'asus': asus camera quality, cheap camera quality, best camera quality, how to camera quality, asus affordable autofocus speed
2025-09-25 17:04:32,230 - INFO - ✅ Niche 'asus' process complete! 57 total keyword results.
2025-09-25 17:04:32,230 - INFO - ✅ Completed processing niche: 'asus'
2025-09-25 17:04:32,230 - INFO - 🔧 Request Handler final stats - Success rate: 100.0%
2025-09-25 17:04:32,230 - INFO -    Total requests: 12317, Blocks: 0
2025-09-25 17:04:32,231 - INFO - 
========================================
2025-09-25 17:04:32,232 - INFO - Process Summary:
2025-09-25 17:04:32,232 - INFO - - Current niche: 'asus'
2025-09-25 17:04:32,232 - INFO - - Next niche will be: 'philips'
2025-09-25 17:04:32,232 - INFO - - Keywords saved in: languages/english/keywords/asus/
2025-09-25 17:04:32,232 - INFO - ========================================
