2025-10-25 19:23:24,067 - INFO - Log file created at: /home/runner/work/potensitech.com/potensitech.com/languages/english/keywords/logs/kw_search_20251025_192324.log
2025-10-25 19:23:24,068 - INFO - ============================================================
2025-10-25 19:23:24,068 - INFO - AUTOMATIC KEYWORD RESEARCH TOOL
2025-10-25 19:23:24,068 - INFO - ============================================================
2025-10-25 19:23:24,226 - INFO - ========================================
2025-10-25 19:23:24,226 - INFO - Found 14 niches to process: xiaomi, iphone, samsung, apple, sony, asus, philips, sandisk, intel, nvidia, amd, canon, nikon, huawei
2025-10-25 19:23:24,226 - INFO - ========================================
2025-10-25 19:23:24,226 - INFO - Continuing from last processed niche: canon
2025-10-25 19:23:24,226 - INFO - ========================================
2025-10-25 19:23:24,226 - INFO - 🎯 PROCESSING NICHE 13/14: 'nikon'
2025-10-25 19:23:24,226 - INFO - ========================================
2025-10-25 19:23:24,226 - INFO - 📁 Niche directory: /home/runner/work/potensitech.com/potensitech.com/languages/english/keywords/nikon
2025-10-25 19:23:24,226 - INFO - Selected region: us
2025-10-25 19:23:24,226 - INFO - Selected language: en
2025-10-25 19:23:24,226 - INFO - 🎯 Current niche: nikon
2025-10-25 19:23:26,938 - INFO - 🎯 Niche terms for filtering: nikon, cheap, best, latest, review, price, sell, buy, recommendation, tips, tutorial, guide, how to, vs, versus, compared to, comparison, alternatives, which is better, expensive, discount, deals, sale, affordable, cost, online, offline, marketplace, store, shop, retailer, where to buy, worst, quality, original, genuine, fake, replica, authentic, brand, manufacturer, company, product, nikon product, sell nikon, buy nikon, cheap nikon, best nikon, nikon review, where to buy nikon, how to choose nikon, top nikon, nikon guide, nikon for sale, nikon deals
2025-10-25 19:23:26,938 - INFO - Generated 50 niche-clue pairs for 'nikon'.
2025-10-25 19:23:26,941 - INFO - Expanded 50 seed keywords to 218 variations
2025-10-25 19:23:26,941 - INFO - 🔧 Request Handler initialized - Success rate: 100.0%
2025-10-25 19:27:50,964 - INFO - Original clue keywords: dslr photography, camera lens
2025-10-25 19:27:50,965 - INFO - Niche-focused seeds: dslr photography nikon, nikon dslr photography, dslr photography cheap, cheap dslr photography, dslr photography best, best dslr photography, dslr photography latest, latest dslr photography, dslr photography review, review dslr photography, dslr photography price, price dslr photography, dslr photography sell, sell dslr photography, dslr photography buy, buy dslr photography, dslr photography recommendation, recommendation dslr photography, dslr photography tips, tips dslr photography, dslr photography tutorial, tutorial dslr photography, dslr photography guide, guide dslr photography, dslr photography how to, how to dslr photography, dslr photography vs, vs dslr photography, dslr photography versus, versus dslr photography, dslr photography compared to, compared to dslr photography, dslr photography comparison, comparison dslr photography, dslr photography alternatives, alternatives dslr photography, dslr photography which is better, which is better dslr photography, dslr photography expensive, expensive dslr photography, dslr photography discount, discount dslr photography, dslr photography deals, deals dslr photography, dslr photography sale, sale dslr photography, dslr photography affordable, affordable dslr photography, dslr photography cost, cost dslr photography, dslr photography online, online dslr photography, dslr photography offline, offline dslr photography, dslr photography marketplace, marketplace dslr photography, dslr photography store, store dslr photography, dslr photography shop, shop dslr photography, dslr photography retailer, retailer dslr photography, dslr photography where to buy, where to buy dslr photography, dslr photography worst, worst dslr photography, dslr photography quality, quality dslr photography, dslr photography original, original dslr photography, dslr photography genuine, genuine dslr photography, dslr photography fake, fake dslr photography, dslr photography replica, replica dslr photography, dslr photography authentic, authentic dslr photography, dslr photography brand, brand dslr photography, dslr photography manufacturer, manufacturer dslr photography, dslr photography company, company dslr photography, dslr photography product, product dslr photography, dslr photography nikon product, nikon product dslr photography, dslr photography sell nikon, sell nikon dslr photography, dslr photography buy nikon, buy nikon dslr photography, dslr photography cheap nikon, cheap nikon dslr photography, dslr photography best nikon, best nikon dslr photography, dslr photography nikon review, nikon review dslr photography, dslr photography where to buy nikon, where to buy nikon dslr photography, dslr photography how to choose nikon, how to choose nikon dslr photography, dslr photography top nikon, top nikon dslr photography, dslr photography nikon guide, nikon guide dslr photography, dslr photography nikon for sale, nikon for sale dslr photography, dslr photography nikon deals, nikon deals dslr photography, camera lens nikon, nikon camera lens, camera lens cheap, cheap camera lens, camera lens best, best camera lens, camera lens latest, latest camera lens, camera lens review, review camera lens, camera lens price, price camera lens, camera lens sell, sell camera lens, camera lens buy, buy camera lens, camera lens recommendation, recommendation camera lens, camera lens tips, tips camera lens, camera lens tutorial, tutorial camera lens, camera lens guide, guide camera lens, camera lens how to, how to camera lens, camera lens vs, vs camera lens, camera lens versus, versus camera lens, camera lens compared to, compared to camera lens, camera lens comparison, comparison camera lens, camera lens alternatives, alternatives camera lens, camera lens which is better, which is better camera lens, camera lens expensive, expensive camera lens, camera lens discount, discount camera lens, camera lens deals, deals camera lens, camera lens sale, sale camera lens, camera lens affordable, affordable camera lens, camera lens cost, cost camera lens, camera lens online, online camera lens, camera lens offline, offline camera lens, camera lens marketplace, marketplace camera lens, camera lens store, store camera lens, camera lens shop, shop camera lens, camera lens retailer, retailer camera lens, camera lens where to buy, where to buy camera lens, camera lens worst, worst camera lens, camera lens quality, quality camera lens, camera lens original, original camera lens, camera lens genuine, genuine camera lens, camera lens fake, fake camera lens, camera lens replica, replica camera lens, camera lens authentic, authentic camera lens, camera lens brand, brand camera lens, camera lens manufacturer, manufacturer camera lens, camera lens company, company camera lens, camera lens product, product camera lens, camera lens nikon product, nikon product camera lens, camera lens sell nikon, sell nikon camera lens, camera lens buy nikon, buy nikon camera lens, camera lens cheap nikon, cheap nikon camera lens, camera lens best nikon, best nikon camera lens, camera lens nikon review, nikon review camera lens, camera lens where to buy nikon, where to buy nikon camera lens, camera lens how to choose nikon, how to choose nikon camera lens, camera lens top nikon, top nikon camera lens, camera lens nikon guide, nikon guide camera lens, camera lens nikon for sale, nikon for sale camera lens, camera lens nikon deals, nikon deals camera lens
2025-10-25 19:27:50,968 - INFO - Expanded 220 seed keywords to 385 variations
2025-10-25 19:27:50,968 - INFO - Language: en
2025-10-25 19:27:50,968 - INFO - Region: us
2025-10-25 19:28:24,144 - INFO - 🎯 After all filtering for 'nikon': 120 relevant keywords
2025-10-25 19:28:24,236 - INFO - 🎯 Found 2 new keywords for niche 'nikon': nikon affordable camera lens, nikon affordable dslr photography
2025-10-25 19:28:32,030 - INFO - ✅ Niche 'nikon' process complete! 202 total keyword results.
2025-10-25 19:28:32,030 - INFO - ✅ Completed processing niche: 'nikon'
2025-10-25 19:28:32,030 - INFO - 🔧 Request Handler final stats - Success rate: 100.0%
2025-10-25 19:28:32,030 - INFO -    Total requests: 31335, Blocks: 0
2025-10-25 19:28:32,031 - INFO - 
========================================
2025-10-25 19:28:32,031 - INFO - Process Summary:
2025-10-25 19:28:32,031 - INFO - - Current niche: 'nikon'
2025-10-25 19:28:32,032 - INFO - - Next niche will be: 'huawei'
2025-10-25 19:28:32,032 - INFO - - Keywords saved in: languages/english/keywords/nikon/
2025-10-25 19:28:32,032 - INFO - ========================================
