2025-11-12 19:26:28,171 - INFO - Log file created at: /home/runner/work/potensitech.com/potensitech.com/languages/english/keywords/logs/kw_search_20251112_192628.log
2025-11-12 19:26:28,171 - INFO - ============================================================
2025-11-12 19:26:28,171 - INFO - AUTOMATIC KEYWORD RESEARCH TOOL
2025-11-12 19:26:28,171 - INFO - ============================================================
2025-11-12 19:26:28,347 - INFO - ========================================
2025-11-12 19:26:28,347 - INFO - Found 14 niches to process: xiaomi, iphone, samsung, apple, sony, asus, philips, sandisk, intel, nvidia, amd, canon, nikon, huawei
2025-11-12 19:26:28,347 - INFO - ========================================
2025-11-12 19:26:28,347 - INFO - Continuing from last processed niche: philips
2025-11-12 19:26:28,347 - INFO - ========================================
2025-11-12 19:26:28,347 - INFO - 🎯 PROCESSING NICHE 8/14: 'sandisk'
2025-11-12 19:26:28,347 - INFO - ========================================
2025-11-12 19:26:28,347 - INFO - 📁 Niche directory: /home/runner/work/potensitech.com/potensitech.com/languages/english/keywords/sandisk
2025-11-12 19:26:28,347 - INFO - Selected region: us
2025-11-12 19:26:28,347 - INFO - Selected language: en
2025-11-12 19:26:28,347 - INFO - 🎯 Current niche: sandisk
2025-11-12 19:26:31,726 - INFO - 🎯 Niche terms for filtering: sandisk, cheap, best, latest, review, price, sell, buy, recommendation, tips, tutorial, guide, how to, vs, versus, compared to, comparison, alternatives, which is better, expensive, discount, deals, sale, affordable, cost, online, offline, marketplace, store, shop, retailer, where to buy, worst, quality, original, genuine, fake, replica, authentic, brand, manufacturer, company, product, sandisk product, sell sandisk, buy sandisk, cheap sandisk, best sandisk, sandisk review, where to buy sandisk, how to choose sandisk, top sandisk, sandisk guide, sandisk for sale, sandisk deals
2025-11-12 19:26:31,726 - INFO - Generated 50 niche-clue pairs for 'sandisk'.
2025-11-12 19:26:31,729 - INFO - Expanded 50 seed keywords to 218 variations
2025-11-12 19:26:31,729 - INFO - 🔧 Request Handler initialized - Success rate: 100.0%
2025-11-12 19:30:54,522 - INFO - Original clue keywords: smartphone camera, mirrorless camera
2025-11-12 19:30:54,522 - INFO - Niche-focused seeds: smartphone camera sandisk, sandisk smartphone camera, smartphone camera cheap, cheap smartphone camera, smartphone camera best, best smartphone camera, smartphone camera latest, latest smartphone camera, smartphone camera review, review smartphone camera, smartphone camera price, price smartphone camera, smartphone camera sell, sell smartphone camera, smartphone camera buy, buy smartphone camera, smartphone camera recommendation, recommendation smartphone camera, smartphone camera tips, tips smartphone camera, smartphone camera tutorial, tutorial smartphone camera, smartphone camera guide, guide smartphone camera, smartphone camera how to, how to smartphone camera, smartphone camera vs, vs smartphone camera, smartphone camera versus, versus smartphone camera, smartphone camera compared to, compared to smartphone camera, smartphone camera comparison, comparison smartphone camera, smartphone camera alternatives, alternatives smartphone camera, smartphone camera which is better, which is better smartphone camera, smartphone camera expensive, expensive smartphone camera, smartphone camera discount, discount smartphone camera, smartphone camera deals, deals smartphone camera, smartphone camera sale, sale smartphone camera, smartphone camera affordable, affordable smartphone camera, smartphone camera cost, cost smartphone camera, smartphone camera online, online smartphone camera, smartphone camera offline, offline smartphone camera, smartphone camera marketplace, marketplace smartphone camera, smartphone camera store, store smartphone camera, smartphone camera shop, shop smartphone camera, smartphone camera retailer, retailer smartphone camera, smartphone camera where to buy, where to buy smartphone camera, smartphone camera worst, worst smartphone camera, smartphone camera quality, quality smartphone camera, smartphone camera original, original smartphone camera, smartphone camera genuine, genuine smartphone camera, smartphone camera fake, fake smartphone camera, smartphone camera replica, replica smartphone camera, smartphone camera authentic, authentic smartphone camera, smartphone camera brand, brand smartphone camera, smartphone camera manufacturer, manufacturer smartphone camera, smartphone camera company, company smartphone camera, smartphone camera product, product smartphone camera, smartphone camera sandisk product, sandisk product smartphone camera, smartphone camera sell sandisk, sell sandisk smartphone camera, smartphone camera buy sandisk, buy sandisk smartphone camera, smartphone camera cheap sandisk, cheap sandisk smartphone camera, smartphone camera best sandisk, best sandisk smartphone camera, smartphone camera sandisk review, sandisk review smartphone camera, smartphone camera where to buy sandisk, where to buy sandisk smartphone camera, smartphone camera how to choose sandisk, how to choose sandisk smartphone camera, smartphone camera top sandisk, top sandisk smartphone camera, smartphone camera sandisk guide, sandisk guide smartphone camera, smartphone camera sandisk for sale, sandisk for sale smartphone camera, smartphone camera sandisk deals, sandisk deals smartphone camera, mirrorless camera sandisk, sandisk mirrorless camera, mirrorless camera cheap, cheap mirrorless camera, mirrorless camera best, best mirrorless camera, mirrorless camera latest, latest mirrorless camera, mirrorless camera review, review mirrorless camera, mirrorless camera price, price mirrorless camera, mirrorless camera sell, sell mirrorless camera, mirrorless camera buy, buy mirrorless camera, mirrorless camera recommendation, recommendation mirrorless camera, mirrorless camera tips, tips mirrorless camera, mirrorless camera tutorial, tutorial mirrorless camera, mirrorless camera guide, guide mirrorless camera, mirrorless camera how to, how to mirrorless camera, mirrorless camera vs, vs mirrorless camera, mirrorless camera versus, versus mirrorless camera, mirrorless camera compared to, compared to mirrorless camera, mirrorless camera comparison, comparison mirrorless camera, mirrorless camera alternatives, alternatives mirrorless camera, mirrorless camera which is better, which is better mirrorless camera, mirrorless camera expensive, expensive mirrorless camera, mirrorless camera discount, discount mirrorless camera, mirrorless camera deals, deals mirrorless camera, mirrorless camera sale, sale mirrorless camera, mirrorless camera affordable, affordable mirrorless camera, mirrorless camera cost, cost mirrorless camera, mirrorless camera online, online mirrorless camera, mirrorless camera offline, offline mirrorless camera, mirrorless camera marketplace, marketplace mirrorless camera, mirrorless camera store, store mirrorless camera, mirrorless camera shop, shop mirrorless camera, mirrorless camera retailer, retailer mirrorless camera, mirrorless camera where to buy, where to buy mirrorless camera, mirrorless camera worst, worst mirrorless camera, mirrorless camera quality, quality mirrorless camera, mirrorless camera original, original mirrorless camera, mirrorless camera genuine, genuine mirrorless camera, mirrorless camera fake, fake mirrorless camera, mirrorless camera replica, replica mirrorless camera, mirrorless camera authentic, authentic mirrorless camera, mirrorless camera brand, brand mirrorless camera, mirrorless camera manufacturer, manufacturer mirrorless camera, mirrorless camera company, company mirrorless camera, mirrorless camera product, product mirrorless camera, mirrorless camera sandisk product, sandisk product mirrorless camera, mirrorless camera sell sandisk, sell sandisk mirrorless camera, mirrorless camera buy sandisk, buy sandisk mirrorless camera, mirrorless camera cheap sandisk, cheap sandisk mirrorless camera, mirrorless camera best sandisk, best sandisk mirrorless camera, mirrorless camera sandisk review, sandisk review mirrorless camera, mirrorless camera where to buy sandisk, where to buy sandisk mirrorless camera, mirrorless camera how to choose sandisk, how to choose sandisk mirrorless camera, mirrorless camera top sandisk, top sandisk mirrorless camera, mirrorless camera sandisk guide, sandisk guide mirrorless camera, mirrorless camera sandisk for sale, sandisk for sale mirrorless camera, mirrorless camera sandisk deals, sandisk deals mirrorless camera
2025-11-12 19:30:54,526 - INFO - Expanded 220 seed keywords to 385 variations
2025-11-12 19:30:54,526 - INFO - Language: en
2025-11-12 19:30:54,526 - INFO - Region: us
2025-11-12 19:35:26,702 - INFO - 🎯 After all filtering for 'sandisk': 120 relevant keywords
2025-11-12 19:35:27,109 - INFO - 🎯 Found 5 new keywords for niche 'sandisk': sandisk affordable mirrorless camera, cheap affordable smartphone camera, cheap alternatives mirrorless camera, sandisk alternatives smartphone camera, best authentic mirrorless camera
2025-11-12 19:35:38,095 - INFO - ✅ Niche 'sandisk' process complete! 210 total keyword results.
2025-11-12 19:35:38,095 - INFO - ✅ Completed processing niche: 'sandisk'
2025-11-12 19:35:38,095 - INFO - 🔧 Request Handler final stats - Success rate: 100.0%
2025-11-12 19:35:38,095 - INFO -    Total requests: 41179, Blocks: 0
2025-11-12 19:35:38,096 - INFO - 
========================================
2025-11-12 19:35:38,097 - INFO - Process Summary:
2025-11-12 19:35:38,097 - INFO - - Current niche: 'sandisk'
2025-11-12 19:35:38,097 - INFO - - Next niche will be: 'intel'
2025-11-12 19:35:38,097 - INFO - - Keywords saved in: languages/english/keywords/sandisk/
2025-11-12 19:35:38,097 - INFO - ========================================
