2025-10-13 19:23:21,380 - INFO - Log file created at: /home/runner/work/potensitech.com/potensitech.com/languages/english/keywords/logs/kw_search_20251013_192321.log
2025-10-13 19:23:21,380 - INFO - ============================================================
2025-10-13 19:23:21,380 - INFO - AUTOMATIC KEYWORD RESEARCH TOOL
2025-10-13 19:23:21,380 - INFO - ============================================================
2025-10-13 19:23:21,535 - INFO - ========================================
2025-10-13 19:23:21,535 - INFO - Found 14 niches to process: xiaomi, iphone, samsung, apple, sony, asus, philips, sandisk, intel, nvidia, amd, canon, nikon, huawei
2025-10-13 19:23:21,535 - INFO - ========================================
2025-10-13 19:23:21,535 - INFO - Continuing from last processed niche: apple
2025-10-13 19:23:21,535 - INFO - ========================================
2025-10-13 19:23:21,535 - INFO - 🎯 PROCESSING NICHE 5/14: 'sony'
2025-10-13 19:23:21,535 - INFO - ========================================
2025-10-13 19:23:21,536 - INFO - 📁 Niche directory: /home/runner/work/potensitech.com/potensitech.com/languages/english/keywords/sony
2025-10-13 19:23:21,536 - INFO - Selected region: us
2025-10-13 19:23:21,536 - INFO - Selected language: en
2025-10-13 19:23:21,536 - INFO - 🎯 Current niche: sony
2025-10-13 19:23:23,850 - INFO - 🎯 Niche terms for filtering: sony, cheap, best, latest, review, price, sell, buy, recommendation, tips, tutorial, guide, how to, vs, versus, compared to, comparison, alternatives, which is better, expensive, discount, deals, sale, affordable, cost, online, offline, marketplace, store, shop, retailer, where to buy, worst, quality, original, genuine, fake, replica, authentic, brand, manufacturer, company, product, sony product, sell sony, buy sony, cheap sony, best sony, sony review, where to buy sony, how to choose sony, top sony, sony guide, sony for sale, sony deals
2025-10-13 19:23:23,850 - INFO - Generated 50 niche-clue pairs for 'sony'.
2025-10-13 19:23:23,853 - INFO - Expanded 50 seed keywords to 218 variations
2025-10-13 19:23:23,854 - INFO - 🔧 Request Handler initialized - Success rate: 100.0%
2025-10-13 19:27:44,809 - INFO - Original clue keywords: battery life, smartphone camera
2025-10-13 19:27:44,809 - INFO - Niche-focused seeds: battery life sony, sony battery life, battery life cheap, cheap battery life, battery life best, best battery life, battery life latest, latest battery life, battery life review, review battery life, battery life price, price battery life, battery life sell, sell battery life, battery life buy, buy battery life, battery life recommendation, recommendation battery life, battery life tips, tips battery life, battery life tutorial, tutorial battery life, battery life guide, guide battery life, battery life how to, how to battery life, battery life vs, vs battery life, battery life versus, versus battery life, battery life compared to, compared to battery life, battery life comparison, comparison battery life, battery life alternatives, alternatives battery life, battery life which is better, which is better battery life, battery life expensive, expensive battery life, battery life discount, discount battery life, battery life deals, deals battery life, battery life sale, sale battery life, battery life affordable, affordable battery life, battery life cost, cost battery life, battery life online, online battery life, battery life offline, offline battery life, battery life marketplace, marketplace battery life, battery life store, store battery life, battery life shop, shop battery life, battery life retailer, retailer battery life, battery life where to buy, where to buy battery life, battery life worst, worst battery life, battery life quality, quality battery life, battery life original, original battery life, battery life genuine, genuine battery life, battery life fake, fake battery life, battery life replica, replica battery life, battery life authentic, authentic battery life, battery life brand, brand battery life, battery life manufacturer, manufacturer battery life, battery life company, company battery life, battery life product, product battery life, battery life sony product, sony product battery life, battery life sell sony, sell sony battery life, battery life buy sony, buy sony battery life, battery life cheap sony, cheap sony battery life, battery life best sony, best sony battery life, battery life sony review, sony review battery life, battery life where to buy sony, where to buy sony battery life, battery life how to choose sony, how to choose sony battery life, battery life top sony, top sony battery life, battery life sony guide, sony guide battery life, battery life sony for sale, sony for sale battery life, battery life sony deals, sony deals battery life, smartphone camera sony, sony smartphone camera, smartphone camera cheap, cheap smartphone camera, smartphone camera best, best smartphone camera, smartphone camera latest, latest smartphone camera, smartphone camera review, review smartphone camera, smartphone camera price, price smartphone camera, smartphone camera sell, sell smartphone camera, smartphone camera buy, buy smartphone camera, smartphone camera recommendation, recommendation smartphone camera, smartphone camera tips, tips smartphone camera, smartphone camera tutorial, tutorial smartphone camera, smartphone camera guide, guide smartphone camera, smartphone camera how to, how to smartphone camera, smartphone camera vs, vs smartphone camera, smartphone camera versus, versus smartphone camera, smartphone camera compared to, compared to smartphone camera, smartphone camera comparison, comparison smartphone camera, smartphone camera alternatives, alternatives smartphone camera, smartphone camera which is better, which is better smartphone camera, smartphone camera expensive, expensive smartphone camera, smartphone camera discount, discount smartphone camera, smartphone camera deals, deals smartphone camera, smartphone camera sale, sale smartphone camera, smartphone camera affordable, affordable smartphone camera, smartphone camera cost, cost smartphone camera, smartphone camera online, online smartphone camera, smartphone camera offline, offline smartphone camera, smartphone camera marketplace, marketplace smartphone camera, smartphone camera store, store smartphone camera, smartphone camera shop, shop smartphone camera, smartphone camera retailer, retailer smartphone camera, smartphone camera where to buy, where to buy smartphone camera, smartphone camera worst, worst smartphone camera, smartphone camera quality, quality smartphone camera, smartphone camera original, original smartphone camera, smartphone camera genuine, genuine smartphone camera, smartphone camera fake, fake smartphone camera, smartphone camera replica, replica smartphone camera, smartphone camera authentic, authentic smartphone camera, smartphone camera brand, brand smartphone camera, smartphone camera manufacturer, manufacturer smartphone camera, smartphone camera company, company smartphone camera, smartphone camera product, product smartphone camera, smartphone camera sony product, sony product smartphone camera, smartphone camera sell sony, sell sony smartphone camera, smartphone camera buy sony, buy sony smartphone camera, smartphone camera cheap sony, cheap sony smartphone camera, smartphone camera best sony, best sony smartphone camera, smartphone camera sony review, sony review smartphone camera, smartphone camera where to buy sony, where to buy sony smartphone camera, smartphone camera how to choose sony, how to choose sony smartphone camera, smartphone camera top sony, top sony smartphone camera, smartphone camera sony guide, sony guide smartphone camera, smartphone camera sony for sale, sony for sale smartphone camera, smartphone camera sony deals, sony deals smartphone camera
2025-10-13 19:27:44,812 - INFO - Expanded 220 seed keywords to 385 variations
2025-10-13 19:27:44,812 - INFO - Language: en
2025-10-13 19:27:44,812 - INFO - Region: us
2025-10-13 19:28:16,893 - INFO - 🎯 After all filtering for 'sony': 120 relevant keywords
2025-10-13 19:28:17,358 - INFO - 🎯 Found 2 new keywords for niche 'sony': sony affordable battery life, sony affordable smartphone camera
2025-10-13 19:28:24,496 - INFO - ✅ Niche 'sony' process complete! 129 total keyword results.
2025-10-13 19:28:24,496 - INFO - ✅ Completed processing niche: 'sony'
2025-10-13 19:28:24,496 - INFO - 🔧 Request Handler final stats - Success rate: 100.0%
2025-10-13 19:28:24,496 - INFO -    Total requests: 25140, Blocks: 0
2025-10-13 19:28:24,497 - INFO - 
========================================
2025-10-13 19:28:24,497 - INFO - Process Summary:
2025-10-13 19:28:24,497 - INFO - - Current niche: 'sony'
2025-10-13 19:28:24,497 - INFO - - Next niche will be: 'asus'
2025-10-13 19:28:24,497 - INFO - - Keywords saved in: languages/english/keywords/sony/
2025-10-13 19:28:24,498 - INFO - ========================================
