2025-09-20 16:51:25,839 - INFO - Log file created at: /home/runner/work/potensitech.com/potensitech.com/languages/english/keywords/logs/kw_search_20250920_165125.log
2025-09-20 16:51:25,839 - INFO - ============================================================
2025-09-20 16:51:25,840 - INFO - AUTOMATIC KEYWORD RESEARCH TOOL
2025-09-20 16:51:25,840 - INFO - ============================================================
2025-09-20 16:51:25,955 - INFO - ========================================
2025-09-20 16:51:25,955 - INFO - Found 14 niches to process: xiaomi, iphone, samsung, apple, sony, asus, philips, sandisk, intel, nvidia, amd, canon, nikon, huawei
2025-09-20 16:51:25,955 - INFO - ========================================
2025-09-20 16:51:25,955 - INFO - Continuing from last processed niche: amd
2025-09-20 16:51:25,955 - INFO - ========================================
2025-09-20 16:51:25,955 - INFO - 🎯 PROCESSING NICHE 12/14: 'canon'
2025-09-20 16:51:25,956 - INFO - ========================================
2025-09-20 16:51:25,956 - INFO - 📁 Niche directory: /home/runner/work/potensitech.com/potensitech.com/languages/english/keywords/canon
2025-09-20 16:51:25,956 - INFO - Selected region: us
2025-09-20 16:51:25,956 - INFO - Selected language: en
2025-09-20 16:51:25,956 - INFO - 🎯 Current niche: canon
2025-09-20 16:51:38,793 - INFO - 🎯 Niche terms for filtering: canon, cheap, best, latest, review, price, sell, buy, recommendation, tips, tutorial, guide, how to, vs, versus, compared to, comparison, alternatives, which is better, expensive, discount, deals, sale, affordable, cost, online, offline, marketplace, store, shop, retailer, where to buy, worst, quality, original, genuine, fake, replica, authentic, brand, manufacturer, company, product, canon product, sell canon, buy canon, cheap canon, best canon, canon review, where to buy canon, how to choose canon, top canon, canon guide, canon for sale, canon deals
2025-09-20 16:51:38,793 - INFO - Generated 50 niche-clue pairs for 'canon'.
2025-09-20 16:51:38,796 - INFO - Expanded 50 seed keywords to 218 variations
2025-09-20 16:51:38,796 - INFO - 🔧 Request Handler initialized - Success rate: 100.0%
2025-09-20 16:56:00,227 - INFO - Original clue keywords: camera lens
2025-09-20 16:56:00,227 - INFO - Niche-focused seeds: camera lens canon, canon camera lens, camera lens cheap, cheap camera lens, camera lens best, best camera lens, camera lens latest, latest camera lens, camera lens review, review camera lens, camera lens price, price camera lens, camera lens sell, sell camera lens, camera lens buy, buy camera lens, camera lens recommendation, recommendation camera lens, camera lens tips, tips camera lens, camera lens tutorial, tutorial camera lens, camera lens guide, guide camera lens, camera lens how to, how to camera lens, camera lens vs, vs camera lens, camera lens versus, versus camera lens, camera lens compared to, compared to camera lens, camera lens comparison, comparison camera lens, camera lens alternatives, alternatives camera lens, camera lens which is better, which is better camera lens, camera lens expensive, expensive camera lens, camera lens discount, discount camera lens, camera lens deals, deals camera lens, camera lens sale, sale camera lens, camera lens affordable, affordable camera lens, camera lens cost, cost camera lens, camera lens online, online camera lens, camera lens offline, offline camera lens, camera lens marketplace, marketplace camera lens, camera lens store, store camera lens, camera lens shop, shop camera lens, camera lens retailer, retailer camera lens, camera lens where to buy, where to buy camera lens, camera lens worst, worst camera lens, camera lens quality, quality camera lens, camera lens original, original camera lens, camera lens genuine, genuine camera lens, camera lens fake, fake camera lens, camera lens replica, replica camera lens, camera lens authentic, authentic camera lens, camera lens brand, brand camera lens, camera lens manufacturer, manufacturer camera lens, camera lens company, company camera lens, camera lens product, product camera lens, camera lens canon product, canon product camera lens, camera lens sell canon, sell canon camera lens, camera lens buy canon, buy canon camera lens, camera lens cheap canon, cheap canon camera lens, camera lens best canon, best canon camera lens, camera lens canon review, canon review camera lens, camera lens where to buy canon, where to buy canon camera lens, camera lens how to choose canon, how to choose canon camera lens, camera lens top canon, top canon camera lens, camera lens canon guide, canon guide camera lens, camera lens canon for sale, canon for sale camera lens, camera lens canon deals, canon deals camera lens
2025-09-20 16:56:00,230 - INFO - Expanded 110 seed keywords to 275 variations
2025-09-20 16:56:00,230 - INFO - Language: en
2025-09-20 16:56:00,230 - INFO - Region: us
2025-09-20 17:00:30,717 - INFO - 🎯 After all filtering for 'canon': 118 relevant keywords
2025-09-20 17:00:30,805 - INFO - 🎯 Found 4 new keywords for niche 'canon': canon affordable camera lens, cheap alternatives camera lens, best authentic camera lens, how to brand camera lens
2025-09-20 17:00:47,115 - INFO - ✅ Niche 'canon' process complete! 30 total keyword results.
2025-09-20 17:00:47,115 - INFO - ✅ Completed processing niche: 'canon'
2025-09-20 17:00:47,115 - INFO - 🔧 Request Handler final stats - Success rate: 100.0%
2025-09-20 17:00:47,115 - INFO -    Total requests: 8199, Blocks: 0
2025-09-20 17:00:47,116 - INFO - 
========================================
2025-09-20 17:00:47,116 - INFO - Process Summary:
2025-09-20 17:00:47,117 - INFO - - Current niche: 'canon'
2025-09-20 17:00:47,117 - INFO - - Next niche will be: 'nikon'
2025-09-20 17:00:47,117 - INFO - - Keywords saved in: languages/english/keywords/canon/
2025-09-20 17:00:47,117 - INFO - ========================================
