2025-10-07 09:43:30,756 - INFO - Log file created at: /home/runner/work/potensitech.com/potensitech.com/languages/english/keywords/logs/kw_search_20251007_094330.log
2025-10-07 09:43:30,756 - INFO - ============================================================
2025-10-07 09:43:30,756 - INFO - AUTOMATIC KEYWORD RESEARCH TOOL
2025-10-07 09:43:30,756 - INFO - ============================================================
2025-10-07 09:43:30,898 - INFO - ========================================
2025-10-07 09:43:30,898 - INFO - Found 14 niches to process: xiaomi, iphone, samsung, apple, sony, asus, philips, sandisk, intel, nvidia, amd, canon, nikon, huawei
2025-10-07 09:43:30,898 - INFO - ========================================
2025-10-07 09:43:30,898 - INFO - Continuing from last processed niche: nvidia
2025-10-07 09:43:30,898 - INFO - ========================================
2025-10-07 09:43:30,898 - INFO - 🎯 PROCESSING NICHE 11/14: 'amd'
2025-10-07 09:43:30,898 - INFO - ========================================
2025-10-07 09:43:30,898 - INFO - 📁 Niche directory: /home/runner/work/potensitech.com/potensitech.com/languages/english/keywords/amd
2025-10-07 09:43:30,899 - INFO - Selected region: us
2025-10-07 09:43:30,899 - INFO - Selected language: en
2025-10-07 09:43:30,899 - INFO - 🎯 Current niche: amd
2025-10-07 09:43:36,905 - INFO - 🎯 Niche terms for filtering: amd, cheap, best, latest, review, price, sell, buy, recommendation, tips, tutorial, guide, how to, vs, versus, compared to, comparison, alternatives, which is better, expensive, discount, deals, sale, affordable, cost, online, offline, marketplace, store, shop, retailer, where to buy, worst, quality, original, genuine, fake, replica, authentic, brand, manufacturer, company, product, amd product, sell amd, buy amd, cheap amd, best amd, amd review, where to buy amd, how to choose amd, top amd, amd guide, amd for sale, amd deals
2025-10-07 09:43:36,905 - INFO - Generated 50 niche-clue pairs for 'amd'.
2025-10-07 09:43:36,908 - INFO - Expanded 50 seed keywords to 218 variations
2025-10-07 09:43:36,909 - INFO - 🔧 Request Handler initialized - Success rate: 100.0%
2025-10-07 09:48:02,391 - INFO - Original clue keywords: dslr quality, storage capacity
2025-10-07 09:48:02,392 - INFO - Niche-focused seeds: dslr quality, storage capacity amd, amd storage capacity, storage capacity cheap, cheap storage capacity, storage capacity best, best storage capacity, storage capacity latest, latest storage capacity, storage capacity review, review storage capacity, storage capacity price, price storage capacity, storage capacity sell, sell storage capacity, storage capacity buy, buy storage capacity, storage capacity recommendation, recommendation storage capacity, storage capacity tips, tips storage capacity, storage capacity tutorial, tutorial storage capacity, storage capacity guide, guide storage capacity, storage capacity how to, how to storage capacity, storage capacity vs, vs storage capacity, storage capacity versus, versus storage capacity, storage capacity compared to, compared to storage capacity, storage capacity comparison, comparison storage capacity, storage capacity alternatives, alternatives storage capacity, storage capacity which is better, which is better storage capacity, storage capacity expensive, expensive storage capacity, storage capacity discount, discount storage capacity, storage capacity deals, deals storage capacity, storage capacity sale, sale storage capacity, storage capacity affordable, affordable storage capacity, storage capacity cost, cost storage capacity, storage capacity online, online storage capacity, storage capacity offline, offline storage capacity, storage capacity marketplace, marketplace storage capacity, storage capacity store, store storage capacity, storage capacity shop, shop storage capacity, storage capacity retailer, retailer storage capacity, storage capacity where to buy, where to buy storage capacity, storage capacity worst, worst storage capacity, storage capacity quality, quality storage capacity, storage capacity original, original storage capacity, storage capacity genuine, genuine storage capacity, storage capacity fake, fake storage capacity, storage capacity replica, replica storage capacity, storage capacity authentic, authentic storage capacity, storage capacity brand, brand storage capacity, storage capacity manufacturer, manufacturer storage capacity, storage capacity company, company storage capacity, storage capacity product, product storage capacity, storage capacity amd product, amd product storage capacity, storage capacity sell amd, sell amd storage capacity, storage capacity buy amd, buy amd storage capacity, storage capacity cheap amd, cheap amd storage capacity, storage capacity best amd, best amd storage capacity, storage capacity amd review, amd review storage capacity, storage capacity where to buy amd, where to buy amd storage capacity, storage capacity how to choose amd, how to choose amd storage capacity, storage capacity top amd, top amd storage capacity, storage capacity amd guide, amd guide storage capacity, storage capacity amd for sale, amd for sale storage capacity, storage capacity amd deals, amd deals storage capacity
2025-10-07 09:48:02,395 - INFO - Expanded 111 seed keywords to 276 variations
2025-10-07 09:48:02,395 - INFO - Language: en
2025-10-07 09:48:02,395 - INFO - Region: us
2025-10-07 09:52:31,742 - INFO - 🎯 After all filtering for 'amd': 120 relevant keywords
2025-10-07 09:52:31,775 - INFO - 🎯 Found 5 new keywords for niche 'amd': amd dslr quality, cheap dslr quality, best dslr quality, how to dslr quality, amd affordable storage capacity
2025-10-07 09:52:41,873 - INFO - ✅ Niche 'amd' process complete! 125 total keyword results.
2025-10-07 09:52:41,874 - INFO - ✅ Completed processing niche: 'amd'
2025-10-07 09:52:41,874 - INFO - 🔧 Request Handler final stats - Success rate: 100.0%
2025-10-07 09:52:41,874 - INFO -    Total requests: 20729, Blocks: 0
2025-10-07 09:52:41,875 - INFO - 
========================================
2025-10-07 09:52:41,875 - INFO - Process Summary:
2025-10-07 09:52:41,875 - INFO - - Current niche: 'amd'
2025-10-07 09:52:41,875 - INFO - - Next niche will be: 'canon'
2025-10-07 09:52:41,875 - INFO - - Keywords saved in: languages/english/keywords/amd/
2025-10-07 09:52:41,875 - INFO - ========================================
