2025-12-26 07:33:55,449 - INFO - Log file created at: /home/runner/work/potensitech.com/potensitech.com/languages/english/keywords/logs/kw_search_20251226_073355.log
2025-12-26 07:33:55,449 - INFO - ============================================================
2025-12-26 07:33:55,450 - INFO - AUTOMATIC KEYWORD RESEARCH TOOL
2025-12-26 07:33:55,450 - INFO - ============================================================
2025-12-26 07:33:55,641 - INFO - ========================================
2025-12-26 07:33:55,641 - INFO - Found 14 niches to process: xiaomi, iphone, samsung, apple, sony, asus, philips, sandisk, intel, nvidia, amd, canon, nikon, huawei
2025-12-26 07:33:55,641 - INFO - ========================================
2025-12-26 07:33:55,641 - INFO - Continuing from last processed niche: sandisk
2025-12-26 07:33:55,641 - INFO - ========================================
2025-12-26 07:33:55,641 - INFO - 🎯 PROCESSING NICHE 9/14: 'intel'
2025-12-26 07:33:55,641 - INFO - ========================================
2025-12-26 07:33:55,641 - INFO - 📁 Niche directory: /home/runner/work/potensitech.com/potensitech.com/languages/english/keywords/intel
2025-12-26 07:33:55,641 - INFO - Selected region: us
2025-12-26 07:33:55,641 - INFO - Selected language: en
2025-12-26 07:33:55,641 - INFO - 🎯 Current niche: intel
2025-12-26 07:33:58,150 - INFO - 🎯 Niche terms for filtering: intel, cheap, best, latest, review, price, sell, buy, recommendation, tips, tutorial, guide, how to, vs, versus, compared to, comparison, alternatives, which is better, expensive, discount, deals, sale, affordable, cost, online, offline, marketplace, store, shop, retailer, where to buy, worst, quality, original, genuine, fake, replica, authentic, brand, manufacturer, company, product, intel product, sell intel, buy intel, cheap intel, best intel, intel review, where to buy intel, how to choose intel, top intel, intel guide, intel for sale, intel deals
2025-12-26 07:33:58,150 - INFO - Generated 50 niche-clue pairs for 'intel'.
2025-12-26 07:33:58,153 - INFO - Expanded 50 seed keywords to 218 variations
2025-12-26 07:33:58,153 - INFO - 🔧 Request Handler initialized - Success rate: 100.0%
2025-12-26 07:38:21,163 - INFO - Original clue keywords: chipset compatibility, processor speed
2025-12-26 07:38:21,163 - INFO - Niche-focused seeds: chipset compatibility intel, intel chipset compatibility, chipset compatibility cheap, cheap chipset compatibility, chipset compatibility best, best chipset compatibility, chipset compatibility latest, latest chipset compatibility, chipset compatibility review, review chipset compatibility, chipset compatibility price, price chipset compatibility, chipset compatibility sell, sell chipset compatibility, chipset compatibility buy, buy chipset compatibility, chipset compatibility recommendation, recommendation chipset compatibility, chipset compatibility tips, tips chipset compatibility, chipset compatibility tutorial, tutorial chipset compatibility, chipset compatibility guide, guide chipset compatibility, chipset compatibility how to, how to chipset compatibility, chipset compatibility vs, vs chipset compatibility, chipset compatibility versus, versus chipset compatibility, chipset compatibility compared to, compared to chipset compatibility, chipset compatibility comparison, comparison chipset compatibility, chipset compatibility alternatives, alternatives chipset compatibility, chipset compatibility which is better, which is better chipset compatibility, chipset compatibility expensive, expensive chipset compatibility, chipset compatibility discount, discount chipset compatibility, chipset compatibility deals, deals chipset compatibility, chipset compatibility sale, sale chipset compatibility, chipset compatibility affordable, affordable chipset compatibility, chipset compatibility cost, cost chipset compatibility, chipset compatibility online, online chipset compatibility, chipset compatibility offline, offline chipset compatibility, chipset compatibility marketplace, marketplace chipset compatibility, chipset compatibility store, store chipset compatibility, chipset compatibility shop, shop chipset compatibility, chipset compatibility retailer, retailer chipset compatibility, chipset compatibility where to buy, where to buy chipset compatibility, chipset compatibility worst, worst chipset compatibility, chipset compatibility quality, quality chipset compatibility, chipset compatibility original, original chipset compatibility, chipset compatibility genuine, genuine chipset compatibility, chipset compatibility fake, fake chipset compatibility, chipset compatibility replica, replica chipset compatibility, chipset compatibility authentic, authentic chipset compatibility, chipset compatibility brand, brand chipset compatibility, chipset compatibility manufacturer, manufacturer chipset compatibility, chipset compatibility company, company chipset compatibility, chipset compatibility product, product chipset compatibility, chipset compatibility intel product, intel product chipset compatibility, chipset compatibility sell intel, sell intel chipset compatibility, chipset compatibility buy intel, buy intel chipset compatibility, chipset compatibility cheap intel, cheap intel chipset compatibility, chipset compatibility best intel, best intel chipset compatibility, chipset compatibility intel review, intel review chipset compatibility, chipset compatibility where to buy intel, where to buy intel chipset compatibility, chipset compatibility how to choose intel, how to choose intel chipset compatibility, chipset compatibility top intel, top intel chipset compatibility, chipset compatibility intel guide, intel guide chipset compatibility, chipset compatibility intel for sale, intel for sale chipset compatibility, chipset compatibility intel deals, intel deals chipset compatibility, processor speed intel, intel processor speed, processor speed cheap, cheap processor speed, processor speed best, best processor speed, processor speed latest, latest processor speed, processor speed review, review processor speed, processor speed price, price processor speed, processor speed sell, sell processor speed, processor speed buy, buy processor speed, processor speed recommendation, recommendation processor speed, processor speed tips, tips processor speed, processor speed tutorial, tutorial processor speed, processor speed guide, guide processor speed, processor speed how to, how to processor speed, processor speed vs, vs processor speed, processor speed versus, versus processor speed, processor speed compared to, compared to processor speed, processor speed comparison, comparison processor speed, processor speed alternatives, alternatives processor speed, processor speed which is better, which is better processor speed, processor speed expensive, expensive processor speed, processor speed discount, discount processor speed, processor speed deals, deals processor speed, processor speed sale, sale processor speed, processor speed affordable, affordable processor speed, processor speed cost, cost processor speed, processor speed online, online processor speed, processor speed offline, offline processor speed, processor speed marketplace, marketplace processor speed, processor speed store, store processor speed, processor speed shop, shop processor speed, processor speed retailer, retailer processor speed, processor speed where to buy, where to buy processor speed, processor speed worst, worst processor speed, processor speed quality, quality processor speed, processor speed original, original processor speed, processor speed genuine, genuine processor speed, processor speed fake, fake processor speed, processor speed replica, replica processor speed, processor speed authentic, authentic processor speed, processor speed brand, brand processor speed, processor speed manufacturer, manufacturer processor speed, processor speed company, company processor speed, processor speed product, product processor speed, processor speed intel product, intel product processor speed, processor speed sell intel, sell intel processor speed, processor speed buy intel, buy intel processor speed, processor speed cheap intel, cheap intel processor speed, processor speed best intel, best intel processor speed, processor speed intel review, intel review processor speed, processor speed where to buy intel, where to buy intel processor speed, processor speed how to choose intel, how to choose intel processor speed, processor speed top intel, top intel processor speed, processor speed intel guide, intel guide processor speed, processor speed intel for sale, intel for sale processor speed, processor speed intel deals, intel deals processor speed
2025-12-26 07:38:21,166 - INFO - Expanded 220 seed keywords to 385 variations
2025-12-26 07:38:21,166 - INFO - Language: en
2025-12-26 07:38:21,166 - INFO - Region: us
2025-12-26 07:38:55,899 - INFO - 🎯 After all filtering for 'intel': 120 relevant keywords
2025-12-26 07:38:55,961 - INFO - 🎯 Found 2 new keywords for niche 'intel': intel affordable chipset compatibility, intel affordable processor speed
2025-12-26 07:39:03,408 - INFO - ✅ Niche 'intel' process complete! 422 total keyword results.
2025-12-26 07:39:03,409 - INFO - ✅ Completed processing niche: 'intel'
2025-12-26 07:39:03,409 - INFO - 🔧 Request Handler final stats - Success rate: 100.0%
2025-12-26 07:39:03,409 - INFO -    Total requests: 62240, Blocks: 0
2025-12-26 07:39:03,410 - INFO - 
========================================
2025-12-26 07:39:03,410 - INFO - Process Summary:
2025-12-26 07:39:03,410 - INFO - - Current niche: 'intel'
2025-12-26 07:39:03,410 - INFO - - Next niche will be: 'nvidia'
2025-12-26 07:39:03,410 - INFO - - Keywords saved in: languages/english/keywords/intel/
2025-12-26 07:39:03,410 - INFO - ========================================
