2025-11-02 12:29:13,339 - INFO - Log file created at: /home/runner/work/potensitech.com/potensitech.com/languages/english/keywords/logs/kw_search_20251102_122913.log
2025-11-02 12:29:13,340 - INFO - ============================================================
2025-11-02 12:29:13,340 - INFO - AUTOMATIC KEYWORD RESEARCH TOOL
2025-11-02 12:29:13,340 - INFO - ============================================================
2025-11-02 12:29:13,587 - INFO - ========================================
2025-11-02 12:29:13,587 - INFO - Found 14 niches to process: xiaomi, iphone, samsung, apple, sony, asus, philips, sandisk, intel, nvidia, amd, canon, nikon, huawei
2025-11-02 12:29:13,587 - INFO - ========================================
2025-11-02 12:29:13,587 - INFO - Continuing from last processed niche: iphone
2025-11-02 12:29:13,588 - INFO - ========================================
2025-11-02 12:29:13,588 - INFO - 🎯 PROCESSING NICHE 3/14: 'samsung'
2025-11-02 12:29:13,588 - INFO - ========================================
2025-11-02 12:29:13,588 - INFO - 📁 Niche directory: /home/runner/work/potensitech.com/potensitech.com/languages/english/keywords/samsung
2025-11-02 12:29:13,588 - INFO - Selected region: us
2025-11-02 12:29:13,588 - INFO - Selected language: en
2025-11-02 12:29:13,588 - INFO - 🎯 Current niche: samsung
2025-11-02 12:29:16,632 - INFO - 🎯 Niche terms for filtering: samsung, cheap, best, latest, review, price, sell, buy, recommendation, tips, tutorial, guide, how to, vs, versus, compared to, comparison, alternatives, which is better, expensive, discount, deals, sale, affordable, cost, online, offline, marketplace, store, shop, retailer, where to buy, worst, quality, original, genuine, fake, replica, authentic, brand, manufacturer, company, product, samsung product, sell samsung, buy samsung, cheap samsung, best samsung, samsung review, where to buy samsung, how to choose samsung, top samsung, samsung guide, samsung for sale, samsung deals
2025-11-02 12:29:16,632 - INFO - Generated 50 niche-clue pairs for 'samsung'.
2025-11-02 12:29:16,635 - INFO - Expanded 50 seed keywords to 218 variations
2025-11-02 12:29:16,636 - INFO - 🔧 Request Handler initialized - Success rate: 100.0%
2025-11-02 12:33:40,413 - INFO - Original clue keywords: gpu performance, processor speed
2025-11-02 12:33:40,413 - INFO - Niche-focused seeds: gpu performance samsung, samsung gpu performance, gpu performance cheap, cheap gpu performance, gpu performance best, best gpu performance, gpu performance latest, latest gpu performance, gpu performance review, review gpu performance, gpu performance price, price gpu performance, gpu performance sell, sell gpu performance, gpu performance buy, buy gpu performance, gpu performance recommendation, recommendation gpu performance, gpu performance tips, tips gpu performance, gpu performance tutorial, tutorial gpu performance, gpu performance guide, guide gpu performance, gpu performance how to, how to gpu performance, gpu performance vs, vs gpu performance, gpu performance versus, versus gpu performance, gpu performance compared to, compared to gpu performance, gpu performance comparison, comparison gpu performance, gpu performance alternatives, alternatives gpu performance, gpu performance which is better, which is better gpu performance, gpu performance expensive, expensive gpu performance, gpu performance discount, discount gpu performance, gpu performance deals, deals gpu performance, gpu performance sale, sale gpu performance, gpu performance affordable, affordable gpu performance, gpu performance cost, cost gpu performance, gpu performance online, online gpu performance, gpu performance offline, offline gpu performance, gpu performance marketplace, marketplace gpu performance, gpu performance store, store gpu performance, gpu performance shop, shop gpu performance, gpu performance retailer, retailer gpu performance, gpu performance where to buy, where to buy gpu performance, gpu performance worst, worst gpu performance, gpu performance quality, quality gpu performance, gpu performance original, original gpu performance, gpu performance genuine, genuine gpu performance, gpu performance fake, fake gpu performance, gpu performance replica, replica gpu performance, gpu performance authentic, authentic gpu performance, gpu performance brand, brand gpu performance, gpu performance manufacturer, manufacturer gpu performance, gpu performance company, company gpu performance, gpu performance product, product gpu performance, gpu performance samsung product, samsung product gpu performance, gpu performance sell samsung, sell samsung gpu performance, gpu performance buy samsung, buy samsung gpu performance, gpu performance cheap samsung, cheap samsung gpu performance, gpu performance best samsung, best samsung gpu performance, gpu performance samsung review, samsung review gpu performance, gpu performance where to buy samsung, where to buy samsung gpu performance, gpu performance how to choose samsung, how to choose samsung gpu performance, gpu performance top samsung, top samsung gpu performance, gpu performance samsung guide, samsung guide gpu performance, gpu performance samsung for sale, samsung for sale gpu performance, gpu performance samsung deals, samsung deals gpu performance, processor speed samsung, samsung processor speed, processor speed cheap, cheap processor speed, processor speed best, best processor speed, processor speed latest, latest processor speed, processor speed review, review processor speed, processor speed price, price processor speed, processor speed sell, sell processor speed, processor speed buy, buy processor speed, processor speed recommendation, recommendation processor speed, processor speed tips, tips processor speed, processor speed tutorial, tutorial processor speed, processor speed guide, guide processor speed, processor speed how to, how to processor speed, processor speed vs, vs processor speed, processor speed versus, versus processor speed, processor speed compared to, compared to processor speed, processor speed comparison, comparison processor speed, processor speed alternatives, alternatives processor speed, processor speed which is better, which is better processor speed, processor speed expensive, expensive processor speed, processor speed discount, discount processor speed, processor speed deals, deals processor speed, processor speed sale, sale processor speed, processor speed affordable, affordable processor speed, processor speed cost, cost processor speed, processor speed online, online processor speed, processor speed offline, offline processor speed, processor speed marketplace, marketplace processor speed, processor speed store, store processor speed, processor speed shop, shop processor speed, processor speed retailer, retailer processor speed, processor speed where to buy, where to buy processor speed, processor speed worst, worst processor speed, processor speed quality, quality processor speed, processor speed original, original processor speed, processor speed genuine, genuine processor speed, processor speed fake, fake processor speed, processor speed replica, replica processor speed, processor speed authentic, authentic processor speed, processor speed brand, brand processor speed, processor speed manufacturer, manufacturer processor speed, processor speed company, company processor speed, processor speed product, product processor speed, processor speed samsung product, samsung product processor speed, processor speed sell samsung, sell samsung processor speed, processor speed buy samsung, buy samsung processor speed, processor speed cheap samsung, cheap samsung processor speed, processor speed best samsung, best samsung processor speed, processor speed samsung review, samsung review processor speed, processor speed where to buy samsung, where to buy samsung processor speed, processor speed how to choose samsung, how to choose samsung processor speed, processor speed top samsung, top samsung processor speed, processor speed samsung guide, samsung guide processor speed, processor speed samsung for sale, samsung for sale processor speed, processor speed samsung deals, samsung deals processor speed
2025-11-02 12:33:40,417 - INFO - Expanded 220 seed keywords to 385 variations
2025-11-02 12:33:40,417 - INFO - Language: en
2025-11-02 12:33:40,417 - INFO - Region: us
2025-11-02 12:34:13,548 - INFO - 🎯 After all filtering for 'samsung': 120 relevant keywords
2025-11-02 12:34:14,144 - INFO - 🎯 Found 5 new keywords for niche 'samsung': samsung affordable gpu performance, samsung affordable processor speed, cheap alternatives processor speed, best authentic processor speed, how to brand processor speed
2025-11-02 12:34:22,694 - INFO - ✅ Niche 'samsung' process complete! 171 total keyword results.
2025-11-02 12:34:22,694 - INFO - ✅ Completed processing niche: 'samsung'
2025-11-02 12:34:22,694 - INFO - 🔧 Request Handler final stats - Success rate: 100.0%
2025-11-02 12:34:22,694 - INFO -    Total requests: 35053, Blocks: 0
2025-11-02 12:34:22,695 - INFO - 
========================================
2025-11-02 12:34:22,695 - INFO - Process Summary:
2025-11-02 12:34:22,695 - INFO - - Current niche: 'samsung'
2025-11-02 12:34:22,695 - INFO - - Next niche will be: 'apple'
2025-11-02 12:34:22,695 - INFO - - Keywords saved in: languages/english/keywords/samsung/
2025-11-02 12:34:22,696 - INFO - ========================================
