2025-09-13 06:21:21,811 - INFO - Log file created at: /home/runner/work/potensitech.com/potensitech.com/languages/english/keywords/logs/kw_search_20250913_062121.log
2025-09-13 06:21:21,811 - INFO - ============================================================
2025-09-13 06:21:21,811 - INFO - AUTOMATIC KEYWORD RESEARCH TOOL
2025-09-13 06:21:21,811 - INFO - ============================================================
2025-09-13 06:21:21,930 - INFO - ========================================
2025-09-13 06:21:21,931 - INFO - Found 14 niches to process: xiaomi, iphone, samsung, apple, sony, asus, philips, sandisk, intel, nvidia, amd, canon, nikon, huawei
2025-09-13 06:21:21,931 - INFO - ========================================
2025-09-13 06:21:21,931 - INFO - Continuing from last processed niche: intel
2025-09-13 06:21:21,931 - INFO - ========================================
2025-09-13 06:21:21,931 - INFO - 🎯 PROCESSING NICHE 10/14: 'nvidia'
2025-09-13 06:21:21,931 - INFO - ========================================
2025-09-13 06:21:21,931 - INFO - 📁 Niche directory: /home/runner/work/potensitech.com/potensitech.com/languages/english/keywords/nvidia
2025-09-13 06:21:21,931 - INFO - Selected region: us
2025-09-13 06:21:21,931 - INFO - Selected language: en
2025-09-13 06:21:21,931 - INFO - 🎯 Current niche: nvidia
2025-09-13 06:21:24,714 - INFO - 🎯 Niche terms for filtering: nvidia, cheap, best, latest, review, price, sell, buy, recommendation, tips, tutorial, guide, how to, vs, versus, compared to, comparison, alternatives, which is better, expensive, discount, deals, sale, affordable, cost, online, offline, marketplace, store, shop, retailer, where to buy, worst, quality, original, genuine, fake, replica, authentic, brand, manufacturer, company, product, nvidia product, sell nvidia, buy nvidia, cheap nvidia, best nvidia, nvidia review, where to buy nvidia, how to choose nvidia, top nvidia, nvidia guide, nvidia for sale, nvidia deals
2025-09-13 06:21:24,714 - INFO - Generated 50 niche-clue pairs for 'nvidia'.
2025-09-13 06:21:24,717 - INFO - Expanded 50 seed keywords to 218 variations
2025-09-13 06:21:24,718 - INFO - 🔧 Request Handler initialized - Success rate: 100.0%
2025-09-13 06:25:56,123 - INFO - Original clue keywords: core performance, thermal efficiency
2025-09-13 06:25:56,123 - INFO - Niche-focused seeds: core performance nvidia, nvidia core performance, core performance cheap, cheap core performance, core performance best, best core performance, core performance latest, latest core performance, core performance review, review core performance, core performance price, price core performance, core performance sell, sell core performance, core performance buy, buy core performance, core performance recommendation, recommendation core performance, core performance tips, tips core performance, core performance tutorial, tutorial core performance, core performance guide, guide core performance, core performance how to, how to core performance, core performance vs, vs core performance, core performance versus, versus core performance, core performance compared to, compared to core performance, core performance comparison, comparison core performance, core performance alternatives, alternatives core performance, core performance which is better, which is better core performance, core performance expensive, expensive core performance, core performance discount, discount core performance, core performance deals, deals core performance, core performance sale, sale core performance, core performance affordable, affordable core performance, core performance cost, cost core performance, core performance online, online core performance, core performance offline, offline core performance, core performance marketplace, marketplace core performance, core performance store, store core performance, core performance shop, shop core performance, core performance retailer, retailer core performance, core performance where to buy, where to buy core performance, core performance worst, worst core performance, core performance quality, quality core performance, core performance original, original core performance, core performance genuine, genuine core performance, core performance fake, fake core performance, core performance replica, replica core performance, core performance authentic, authentic core performance, core performance brand, brand core performance, core performance manufacturer, manufacturer core performance, core performance company, company core performance, core performance product, product core performance, core performance nvidia product, nvidia product core performance, core performance sell nvidia, sell nvidia core performance, core performance buy nvidia, buy nvidia core performance, core performance cheap nvidia, cheap nvidia core performance, core performance best nvidia, best nvidia core performance, core performance nvidia review, nvidia review core performance, core performance where to buy nvidia, where to buy nvidia core performance, core performance how to choose nvidia, how to choose nvidia core performance, core performance top nvidia, top nvidia core performance, core performance nvidia guide, nvidia guide core performance, core performance nvidia for sale, nvidia for sale core performance, core performance nvidia deals, nvidia deals core performance, thermal efficiency nvidia, nvidia thermal efficiency, thermal efficiency cheap, cheap thermal efficiency, thermal efficiency best, best thermal efficiency, thermal efficiency latest, latest thermal efficiency, thermal efficiency review, review thermal efficiency, thermal efficiency price, price thermal efficiency, thermal efficiency sell, sell thermal efficiency, thermal efficiency buy, buy thermal efficiency, thermal efficiency recommendation, recommendation thermal efficiency, thermal efficiency tips, tips thermal efficiency, thermal efficiency tutorial, tutorial thermal efficiency, thermal efficiency guide, guide thermal efficiency, thermal efficiency how to, how to thermal efficiency, thermal efficiency vs, vs thermal efficiency, thermal efficiency versus, versus thermal efficiency, thermal efficiency compared to, compared to thermal efficiency, thermal efficiency comparison, comparison thermal efficiency, thermal efficiency alternatives, alternatives thermal efficiency, thermal efficiency which is better, which is better thermal efficiency, thermal efficiency expensive, expensive thermal efficiency, thermal efficiency discount, discount thermal efficiency, thermal efficiency deals, deals thermal efficiency, thermal efficiency sale, sale thermal efficiency, thermal efficiency affordable, affordable thermal efficiency, thermal efficiency cost, cost thermal efficiency, thermal efficiency online, online thermal efficiency, thermal efficiency offline, offline thermal efficiency, thermal efficiency marketplace, marketplace thermal efficiency, thermal efficiency store, store thermal efficiency, thermal efficiency shop, shop thermal efficiency, thermal efficiency retailer, retailer thermal efficiency, thermal efficiency where to buy, where to buy thermal efficiency, thermal efficiency worst, worst thermal efficiency, thermal efficiency quality, quality thermal efficiency, thermal efficiency original, original thermal efficiency, thermal efficiency genuine, genuine thermal efficiency, thermal efficiency fake, fake thermal efficiency, thermal efficiency replica, replica thermal efficiency, thermal efficiency authentic, authentic thermal efficiency, thermal efficiency brand, brand thermal efficiency, thermal efficiency manufacturer, manufacturer thermal efficiency, thermal efficiency company, company thermal efficiency, thermal efficiency product, product thermal efficiency, thermal efficiency nvidia product, nvidia product thermal efficiency, thermal efficiency sell nvidia, sell nvidia thermal efficiency, thermal efficiency buy nvidia, buy nvidia thermal efficiency, thermal efficiency cheap nvidia, cheap nvidia thermal efficiency, thermal efficiency best nvidia, best nvidia thermal efficiency, thermal efficiency nvidia review, nvidia review thermal efficiency, thermal efficiency where to buy nvidia, where to buy nvidia thermal efficiency, thermal efficiency how to choose nvidia, how to choose nvidia thermal efficiency, thermal efficiency top nvidia, top nvidia thermal efficiency, thermal efficiency nvidia guide, nvidia guide thermal efficiency, thermal efficiency nvidia for sale, nvidia for sale thermal efficiency, thermal efficiency nvidia deals, nvidia deals thermal efficiency
2025-09-13 06:25:56,126 - INFO - Expanded 220 seed keywords to 385 variations
2025-09-13 06:25:56,126 - INFO - Language: en
2025-09-13 06:25:56,126 - INFO - Region: us
2025-09-13 06:30:27,096 - INFO - 🎯 After all filtering for 'nvidia': 120 relevant keywords
2025-09-13 06:30:27,105 - INFO - 🎯 Found 5 new keywords for niche 'nvidia': nvidia affordable core performance, nvidia affordable thermal efficiency, cheap alternatives core performance, cheap alternatives thermal efficiency, best authentic core performance
2025-09-13 06:30:37,447 - INFO - ✅ Niche 'nvidia' process complete! 9 total keyword results.
2025-09-13 06:30:37,447 - INFO - ✅ Completed processing niche: 'nvidia'
2025-09-13 06:30:37,447 - INFO - 🔧 Request Handler final stats - Success rate: 100.0%
2025-09-13 06:30:37,447 - INFO -    Total requests: 3044, Blocks: 0
2025-09-13 06:30:37,448 - INFO - 
========================================
2025-09-13 06:30:37,449 - INFO - Process Summary:
2025-09-13 06:30:37,449 - INFO - - Current niche: 'nvidia'
2025-09-13 06:30:37,449 - INFO - - Next niche will be: 'amd'
2025-09-13 06:30:37,449 - INFO - - Keywords saved in: languages/english/keywords/nvidia/
2025-09-13 06:30:37,449 - INFO - ========================================
