2025-09-30 01:54:24,845 - INFO - Log file created at: /home/runner/work/potensitech.com/potensitech.com/languages/english/keywords/logs/kw_search_20250930_015424.log
2025-09-30 01:54:24,845 - INFO - ============================================================
2025-09-30 01:54:24,845 - INFO - AUTOMATIC KEYWORD RESEARCH TOOL
2025-09-30 01:54:24,845 - INFO - ============================================================
2025-09-30 01:54:24,978 - INFO - ========================================
2025-09-30 01:54:24,978 - INFO - Found 14 niches to process: xiaomi, iphone, samsung, apple, sony, asus, philips, sandisk, intel, nvidia, amd, canon, nikon, huawei
2025-09-30 01:54:24,978 - INFO - ========================================
2025-09-30 01:54:24,978 - INFO - Continuing from last processed niche: asus
2025-09-30 01:54:24,978 - INFO - ========================================
2025-09-30 01:54:24,978 - INFO - 🎯 PROCESSING NICHE 7/14: 'philips'
2025-09-30 01:54:24,978 - INFO - ========================================
2025-09-30 01:54:24,979 - INFO - 📁 Niche directory: /home/runner/work/potensitech.com/potensitech.com/languages/english/keywords/philips
2025-09-30 01:54:24,979 - INFO - Selected region: us
2025-09-30 01:54:24,979 - INFO - Selected language: en
2025-09-30 01:54:24,979 - INFO - 🎯 Current niche: philips
2025-09-30 01:54:27,335 - INFO - 🎯 Niche terms for filtering: philips, cheap, best, latest, review, price, sell, buy, recommendation, tips, tutorial, guide, how to, vs, versus, compared to, comparison, alternatives, which is better, expensive, discount, deals, sale, affordable, cost, online, offline, marketplace, store, shop, retailer, where to buy, worst, quality, original, genuine, fake, replica, authentic, brand, manufacturer, company, product, philips product, sell philips, buy philips, cheap philips, best philips, philips review, where to buy philips, how to choose philips, top philips, philips guide, philips for sale, philips deals
2025-09-30 01:54:27,336 - INFO - Generated 50 niche-clue pairs for 'philips'.
2025-09-30 01:54:27,339 - INFO - Expanded 50 seed keywords to 218 variations
2025-09-30 01:54:27,339 - INFO - 🔧 Request Handler initialized - Success rate: 100.0%
2025-09-30 01:58:54,783 - INFO - Original clue keywords: graphics performance, ssd storage
2025-09-30 01:58:54,783 - INFO - Niche-focused seeds: graphics performance philips, philips graphics performance, graphics performance cheap, cheap graphics performance, graphics performance best, best graphics performance, graphics performance latest, latest graphics performance, graphics performance review, review graphics performance, graphics performance price, price graphics performance, graphics performance sell, sell graphics performance, graphics performance buy, buy graphics performance, graphics performance recommendation, recommendation graphics performance, graphics performance tips, tips graphics performance, graphics performance tutorial, tutorial graphics performance, graphics performance guide, guide graphics performance, graphics performance how to, how to graphics performance, graphics performance vs, vs graphics performance, graphics performance versus, versus graphics performance, graphics performance compared to, compared to graphics performance, graphics performance comparison, comparison graphics performance, graphics performance alternatives, alternatives graphics performance, graphics performance which is better, which is better graphics performance, graphics performance expensive, expensive graphics performance, graphics performance discount, discount graphics performance, graphics performance deals, deals graphics performance, graphics performance sale, sale graphics performance, graphics performance affordable, affordable graphics performance, graphics performance cost, cost graphics performance, graphics performance online, online graphics performance, graphics performance offline, offline graphics performance, graphics performance marketplace, marketplace graphics performance, graphics performance store, store graphics performance, graphics performance shop, shop graphics performance, graphics performance retailer, retailer graphics performance, graphics performance where to buy, where to buy graphics performance, graphics performance worst, worst graphics performance, graphics performance quality, quality graphics performance, graphics performance original, original graphics performance, graphics performance genuine, genuine graphics performance, graphics performance fake, fake graphics performance, graphics performance replica, replica graphics performance, graphics performance authentic, authentic graphics performance, graphics performance brand, brand graphics performance, graphics performance manufacturer, manufacturer graphics performance, graphics performance company, company graphics performance, graphics performance product, product graphics performance, graphics performance philips product, philips product graphics performance, graphics performance sell philips, sell philips graphics performance, graphics performance buy philips, buy philips graphics performance, graphics performance cheap philips, cheap philips graphics performance, graphics performance best philips, best philips graphics performance, graphics performance philips review, philips review graphics performance, graphics performance where to buy philips, where to buy philips graphics performance, graphics performance how to choose philips, how to choose philips graphics performance, graphics performance top philips, top philips graphics performance, graphics performance philips guide, philips guide graphics performance, graphics performance philips for sale, philips for sale graphics performance, graphics performance philips deals, philips deals graphics performance, ssd storage philips, philips ssd storage, ssd storage cheap, cheap ssd storage, ssd storage best, best ssd storage, ssd storage latest, latest ssd storage, ssd storage review, review ssd storage, ssd storage price, price ssd storage, ssd storage sell, sell ssd storage, ssd storage buy, buy ssd storage, ssd storage recommendation, recommendation ssd storage, ssd storage tips, tips ssd storage, ssd storage tutorial, tutorial ssd storage, ssd storage guide, guide ssd storage, ssd storage how to, how to ssd storage, ssd storage vs, vs ssd storage, ssd storage versus, versus ssd storage, ssd storage compared to, compared to ssd storage, ssd storage comparison, comparison ssd storage, ssd storage alternatives, alternatives ssd storage, ssd storage which is better, which is better ssd storage, ssd storage expensive, expensive ssd storage, ssd storage discount, discount ssd storage, ssd storage deals, deals ssd storage, ssd storage sale, sale ssd storage, ssd storage affordable, affordable ssd storage, ssd storage cost, cost ssd storage, ssd storage online, online ssd storage, ssd storage offline, offline ssd storage, ssd storage marketplace, marketplace ssd storage, ssd storage store, store ssd storage, ssd storage shop, shop ssd storage, ssd storage retailer, retailer ssd storage, ssd storage where to buy, where to buy ssd storage, ssd storage worst, worst ssd storage, ssd storage quality, quality ssd storage, ssd storage original, original ssd storage, ssd storage genuine, genuine ssd storage, ssd storage fake, fake ssd storage, ssd storage replica, replica ssd storage, ssd storage authentic, authentic ssd storage, ssd storage brand, brand ssd storage, ssd storage manufacturer, manufacturer ssd storage, ssd storage company, company ssd storage, ssd storage product, product ssd storage, ssd storage philips product, philips product ssd storage, ssd storage sell philips, sell philips ssd storage, ssd storage buy philips, buy philips ssd storage, ssd storage cheap philips, cheap philips ssd storage, ssd storage best philips, best philips ssd storage, ssd storage philips review, philips review ssd storage, ssd storage where to buy philips, where to buy philips ssd storage, ssd storage how to choose philips, how to choose philips ssd storage, ssd storage top philips, top philips ssd storage, ssd storage philips guide, philips guide ssd storage, ssd storage philips for sale, philips for sale ssd storage, ssd storage philips deals, philips deals ssd storage
2025-09-30 01:58:54,786 - INFO - Expanded 220 seed keywords to 385 variations
2025-09-30 01:58:54,786 - INFO - Language: en
2025-09-30 01:58:54,786 - INFO - Region: us
2025-09-30 02:01:05,511 - INFO - 🎯 After all filtering for 'philips': 120 relevant keywords
2025-09-30 02:01:05,650 - INFO - 🎯 Found 5 new keywords for niche 'philips': philips affordable graphics performance, philips affordable ssd storage, cheap alternatives graphics performance, cheap alternatives ssd storage, best authentic graphics performance
2025-09-30 02:01:11,599 - INFO - ✅ Niche 'philips' process complete! 78 total keyword results.
2025-09-30 02:01:11,599 - INFO - ✅ Completed processing niche: 'philips'
2025-09-30 02:01:11,599 - INFO - 🔧 Request Handler final stats - Success rate: 100.0%
2025-09-30 02:01:11,599 - INFO -    Total requests: 15480, Blocks: 0
2025-09-30 02:01:11,601 - INFO - 
========================================
2025-09-30 02:01:11,601 - INFO - Process Summary:
2025-09-30 02:01:11,601 - INFO - - Current niche: 'philips'
2025-09-30 02:01:11,601 - INFO - - Next niche will be: 'sandisk'
2025-09-30 02:01:11,601 - INFO - - Keywords saved in: languages/english/keywords/philips/
2025-09-30 02:01:11,602 - INFO - ========================================
