2025-10-13 03:29:35,780 - INFO - Log file created at: /home/runner/work/potensitech.com/potensitech.com/languages/english/keywords/logs/kw_search_20251013_032935.log
2025-10-13 03:29:35,780 - INFO - ============================================================
2025-10-13 03:29:35,780 - INFO - AUTOMATIC KEYWORD RESEARCH TOOL
2025-10-13 03:29:35,780 - INFO - ============================================================
2025-10-13 03:29:35,999 - INFO - ========================================
2025-10-13 03:29:35,999 - INFO - Found 14 niches to process: xiaomi, iphone, samsung, apple, sony, asus, philips, sandisk, intel, nvidia, amd, canon, nikon, huawei
2025-10-13 03:29:35,999 - INFO - ========================================
2025-10-13 03:29:35,999 - INFO - Continuing from last processed niche: amd
2025-10-13 03:29:35,999 - INFO - ========================================
2025-10-13 03:29:35,999 - INFO - 🎯 PROCESSING NICHE 12/14: 'canon'
2025-10-13 03:29:35,999 - INFO - ========================================
2025-10-13 03:29:35,999 - INFO - 📁 Niche directory: /home/runner/work/potensitech.com/potensitech.com/languages/english/keywords/canon
2025-10-13 03:29:36,000 - INFO - Selected region: us
2025-10-13 03:29:36,000 - INFO - Selected language: en
2025-10-13 03:29:36,000 - INFO - 🎯 Current niche: canon
2025-10-13 03:29:38,967 - INFO - 🎯 Niche terms for filtering: canon, cheap, best, latest, review, price, sell, buy, recommendation, tips, tutorial, guide, how to, vs, versus, compared to, comparison, alternatives, which is better, expensive, discount, deals, sale, affordable, cost, online, offline, marketplace, store, shop, retailer, where to buy, worst, quality, original, genuine, fake, replica, authentic, brand, manufacturer, company, product, canon product, sell canon, buy canon, cheap canon, best canon, canon review, where to buy canon, how to choose canon, top canon, canon guide, canon for sale, canon deals
2025-10-13 03:29:38,967 - INFO - Generated 50 niche-clue pairs for 'canon'.
2025-10-13 03:29:38,970 - INFO - Expanded 50 seed keywords to 218 variations
2025-10-13 03:29:38,971 - INFO - 🔧 Request Handler initialized - Success rate: 100.0%
2025-10-13 03:34:03,080 - INFO - Original clue keywords: flash drive, usb stick
2025-10-13 03:34:03,080 - INFO - Niche-focused seeds: flash drive canon, canon flash drive, flash drive cheap, cheap flash drive, flash drive best, best flash drive, flash drive latest, latest flash drive, flash drive review, review flash drive, flash drive price, price flash drive, flash drive sell, sell flash drive, flash drive buy, buy flash drive, flash drive recommendation, recommendation flash drive, flash drive tips, tips flash drive, flash drive tutorial, tutorial flash drive, flash drive guide, guide flash drive, flash drive how to, how to flash drive, flash drive vs, vs flash drive, flash drive versus, versus flash drive, flash drive compared to, compared to flash drive, flash drive comparison, comparison flash drive, flash drive alternatives, alternatives flash drive, flash drive which is better, which is better flash drive, flash drive expensive, expensive flash drive, flash drive discount, discount flash drive, flash drive deals, deals flash drive, flash drive sale, sale flash drive, flash drive affordable, affordable flash drive, flash drive cost, cost flash drive, flash drive online, online flash drive, flash drive offline, offline flash drive, flash drive marketplace, marketplace flash drive, flash drive store, store flash drive, flash drive shop, shop flash drive, flash drive retailer, retailer flash drive, flash drive where to buy, where to buy flash drive, flash drive worst, worst flash drive, flash drive quality, quality flash drive, flash drive original, original flash drive, flash drive genuine, genuine flash drive, flash drive fake, fake flash drive, flash drive replica, replica flash drive, flash drive authentic, authentic flash drive, flash drive brand, brand flash drive, flash drive manufacturer, manufacturer flash drive, flash drive company, company flash drive, flash drive product, product flash drive, flash drive canon product, canon product flash drive, flash drive sell canon, sell canon flash drive, flash drive buy canon, buy canon flash drive, flash drive cheap canon, cheap canon flash drive, flash drive best canon, best canon flash drive, flash drive canon review, canon review flash drive, flash drive where to buy canon, where to buy canon flash drive, flash drive how to choose canon, how to choose canon flash drive, flash drive top canon, top canon flash drive, flash drive canon guide, canon guide flash drive, flash drive canon for sale, canon for sale flash drive, flash drive canon deals, canon deals flash drive, usb stick canon, canon usb stick, usb stick cheap, cheap usb stick, usb stick best, best usb stick, usb stick latest, latest usb stick, usb stick review, review usb stick, usb stick price, price usb stick, usb stick sell, sell usb stick, usb stick buy, buy usb stick, usb stick recommendation, recommendation usb stick, usb stick tips, tips usb stick, usb stick tutorial, tutorial usb stick, usb stick guide, guide usb stick, usb stick how to, how to usb stick, usb stick vs, vs usb stick, usb stick versus, versus usb stick, usb stick compared to, compared to usb stick, usb stick comparison, comparison usb stick, usb stick alternatives, alternatives usb stick, usb stick which is better, which is better usb stick, usb stick expensive, expensive usb stick, usb stick discount, discount usb stick, usb stick deals, deals usb stick, usb stick sale, sale usb stick, usb stick affordable, affordable usb stick, usb stick cost, cost usb stick, usb stick online, online usb stick, usb stick offline, offline usb stick, usb stick marketplace, marketplace usb stick, usb stick store, store usb stick, usb stick shop, shop usb stick, usb stick retailer, retailer usb stick, usb stick where to buy, where to buy usb stick, usb stick worst, worst usb stick, usb stick quality, quality usb stick, usb stick original, original usb stick, usb stick genuine, genuine usb stick, usb stick fake, fake usb stick, usb stick replica, replica usb stick, usb stick authentic, authentic usb stick, usb stick brand, brand usb stick, usb stick manufacturer, manufacturer usb stick, usb stick company, company usb stick, usb stick product, product usb stick, usb stick canon product, canon product usb stick, usb stick sell canon, sell canon usb stick, usb stick buy canon, buy canon usb stick, usb stick cheap canon, cheap canon usb stick, usb stick best canon, best canon usb stick, usb stick canon review, canon review usb stick, usb stick where to buy canon, where to buy canon usb stick, usb stick how to choose canon, how to choose canon usb stick, usb stick top canon, top canon usb stick, usb stick canon guide, canon guide usb stick, usb stick canon for sale, canon for sale usb stick, usb stick canon deals, canon deals usb stick
2025-10-13 03:34:03,083 - INFO - Expanded 220 seed keywords to 385 variations
2025-10-13 03:34:03,083 - INFO - Language: en
2025-10-13 03:34:03,083 - INFO - Region: us
2025-10-13 03:36:13,515 - INFO - 🎯 After all filtering for 'canon': 120 relevant keywords
2025-10-13 03:36:13,702 - INFO - 🎯 Found 5 new keywords for niche 'canon': canon affordable flash drive, canon affordable usb stick, cheap alternatives flash drive, cheap alternatives usb stick, best authentic flash drive
2025-10-13 03:36:22,288 - INFO - ✅ Niche 'canon' process complete! 114 total keyword results.
2025-10-13 03:36:22,288 - INFO - ✅ Completed processing niche: 'canon'
2025-10-13 03:36:22,288 - INFO - 🔧 Request Handler final stats - Success rate: 100.0%
2025-10-13 03:36:22,288 - INFO -    Total requests: 24865, Blocks: 0
2025-10-13 03:36:22,289 - INFO - 
========================================
2025-10-13 03:36:22,290 - INFO - Process Summary:
2025-10-13 03:36:22,290 - INFO - - Current niche: 'canon'
2025-10-13 03:36:22,290 - INFO - - Next niche will be: 'nikon'
2025-10-13 03:36:22,290 - INFO - - Keywords saved in: languages/english/keywords/canon/
2025-10-13 03:36:22,290 - INFO - ========================================
