2025-10-26 14:32:53,096 - INFO - Log file created at: /home/runner/work/potensitech.com/potensitech.com/languages/english/keywords/logs/kw_search_20251026_143253.log
2025-10-26 14:32:53,096 - INFO - ============================================================
2025-10-26 14:32:53,096 - INFO - AUTOMATIC KEYWORD RESEARCH TOOL
2025-10-26 14:32:53,096 - INFO - ============================================================
2025-10-26 14:32:53,265 - INFO - ========================================
2025-10-26 14:32:53,265 - INFO - Found 14 niches to process: xiaomi, iphone, samsung, apple, sony, asus, philips, sandisk, intel, nvidia, amd, canon, nikon, huawei
2025-10-26 14:32:53,265 - INFO - ========================================
2025-10-26 14:32:53,265 - INFO - Continuing from last processed niche: asus
2025-10-26 14:32:53,265 - INFO - ========================================
2025-10-26 14:32:53,265 - INFO - 🎯 PROCESSING NICHE 7/14: 'philips'
2025-10-26 14:32:53,265 - INFO - ========================================
2025-10-26 14:32:53,265 - INFO - 📁 Niche directory: /home/runner/work/potensitech.com/potensitech.com/languages/english/keywords/philips
2025-10-26 14:32:53,265 - INFO - Selected region: us
2025-10-26 14:32:53,265 - INFO - Selected language: en
2025-10-26 14:32:53,265 - INFO - 🎯 Current niche: philips
2025-10-26 14:32:55,961 - INFO - 🎯 Niche terms for filtering: philips, cheap, best, latest, review, price, sell, buy, recommendation, tips, tutorial, guide, how to, vs, versus, compared to, comparison, alternatives, which is better, expensive, discount, deals, sale, affordable, cost, online, offline, marketplace, store, shop, retailer, where to buy, worst, quality, original, genuine, fake, replica, authentic, brand, manufacturer, company, product, philips product, sell philips, buy philips, cheap philips, best philips, philips review, where to buy philips, how to choose philips, top philips, philips guide, philips for sale, philips deals
2025-10-26 14:32:55,961 - INFO - Generated 50 niche-clue pairs for 'philips'.
2025-10-26 14:32:55,964 - INFO - Expanded 50 seed keywords to 218 variations
2025-10-26 14:32:55,965 - INFO - 🔧 Request Handler initialized - Success rate: 100.0%
2025-10-26 14:37:20,007 - INFO - Original clue keywords: gpu performance, processor speed
2025-10-26 14:37:20,008 - INFO - Niche-focused seeds: gpu performance philips, philips gpu performance, gpu performance cheap, cheap gpu performance, gpu performance best, best gpu performance, gpu performance latest, latest gpu performance, gpu performance review, review gpu performance, gpu performance price, price gpu performance, gpu performance sell, sell gpu performance, gpu performance buy, buy gpu performance, gpu performance recommendation, recommendation gpu performance, gpu performance tips, tips gpu performance, gpu performance tutorial, tutorial gpu performance, gpu performance guide, guide gpu performance, gpu performance how to, how to gpu performance, gpu performance vs, vs gpu performance, gpu performance versus, versus gpu performance, gpu performance compared to, compared to gpu performance, gpu performance comparison, comparison gpu performance, gpu performance alternatives, alternatives gpu performance, gpu performance which is better, which is better gpu performance, gpu performance expensive, expensive gpu performance, gpu performance discount, discount gpu performance, gpu performance deals, deals gpu performance, gpu performance sale, sale gpu performance, gpu performance affordable, affordable gpu performance, gpu performance cost, cost gpu performance, gpu performance online, online gpu performance, gpu performance offline, offline gpu performance, gpu performance marketplace, marketplace gpu performance, gpu performance store, store gpu performance, gpu performance shop, shop gpu performance, gpu performance retailer, retailer gpu performance, gpu performance where to buy, where to buy gpu performance, gpu performance worst, worst gpu performance, gpu performance quality, quality gpu performance, gpu performance original, original gpu performance, gpu performance genuine, genuine gpu performance, gpu performance fake, fake gpu performance, gpu performance replica, replica gpu performance, gpu performance authentic, authentic gpu performance, gpu performance brand, brand gpu performance, gpu performance manufacturer, manufacturer gpu performance, gpu performance company, company gpu performance, gpu performance product, product gpu performance, gpu performance philips product, philips product gpu performance, gpu performance sell philips, sell philips gpu performance, gpu performance buy philips, buy philips gpu performance, gpu performance cheap philips, cheap philips gpu performance, gpu performance best philips, best philips gpu performance, gpu performance philips review, philips review gpu performance, gpu performance where to buy philips, where to buy philips gpu performance, gpu performance how to choose philips, how to choose philips gpu performance, gpu performance top philips, top philips gpu performance, gpu performance philips guide, philips guide gpu performance, gpu performance philips for sale, philips for sale gpu performance, gpu performance philips deals, philips deals gpu performance, processor speed philips, philips processor speed, processor speed cheap, cheap processor speed, processor speed best, best processor speed, processor speed latest, latest processor speed, processor speed review, review processor speed, processor speed price, price processor speed, processor speed sell, sell processor speed, processor speed buy, buy processor speed, processor speed recommendation, recommendation processor speed, processor speed tips, tips processor speed, processor speed tutorial, tutorial processor speed, processor speed guide, guide processor speed, processor speed how to, how to processor speed, processor speed vs, vs processor speed, processor speed versus, versus processor speed, processor speed compared to, compared to processor speed, processor speed comparison, comparison processor speed, processor speed alternatives, alternatives processor speed, processor speed which is better, which is better processor speed, processor speed expensive, expensive processor speed, processor speed discount, discount processor speed, processor speed deals, deals processor speed, processor speed sale, sale processor speed, processor speed affordable, affordable processor speed, processor speed cost, cost processor speed, processor speed online, online processor speed, processor speed offline, offline processor speed, processor speed marketplace, marketplace processor speed, processor speed store, store processor speed, processor speed shop, shop processor speed, processor speed retailer, retailer processor speed, processor speed where to buy, where to buy processor speed, processor speed worst, worst processor speed, processor speed quality, quality processor speed, processor speed original, original processor speed, processor speed genuine, genuine processor speed, processor speed fake, fake processor speed, processor speed replica, replica processor speed, processor speed authentic, authentic processor speed, processor speed brand, brand processor speed, processor speed manufacturer, manufacturer processor speed, processor speed company, company processor speed, processor speed product, product processor speed, processor speed philips product, philips product processor speed, processor speed sell philips, sell philips processor speed, processor speed buy philips, buy philips processor speed, processor speed cheap philips, cheap philips processor speed, processor speed best philips, best philips processor speed, processor speed philips review, philips review processor speed, processor speed where to buy philips, where to buy philips processor speed, processor speed how to choose philips, how to choose philips processor speed, processor speed top philips, top philips processor speed, processor speed philips guide, philips guide processor speed, processor speed philips for sale, philips for sale processor speed, processor speed philips deals, philips deals processor speed
2025-10-26 14:37:20,011 - INFO - Expanded 220 seed keywords to 385 variations
2025-10-26 14:37:20,011 - INFO - Language: en
2025-10-26 14:37:20,011 - INFO - Region: us
2025-10-26 14:37:52,221 - INFO - 🎯 After all filtering for 'philips': 120 relevant keywords
2025-10-26 14:37:52,543 - INFO - 🎯 Found 5 new keywords for niche 'philips': philips affordable gpu performance, philips affordable processor speed, cheap alternatives gpu performance, cheap alternatives processor speed, best authentic gpu performance
2025-10-26 14:37:58,442 - INFO - ✅ Niche 'philips' process complete! 175 total keyword results.
2025-10-26 14:37:58,442 - INFO - ✅ Completed processing niche: 'philips'
2025-10-26 14:37:58,442 - INFO - 🔧 Request Handler final stats - Success rate: 100.0%
2025-10-26 14:37:58,442 - INFO -    Total requests: 31695, Blocks: 0
2025-10-26 14:37:58,443 - INFO - 
========================================
2025-10-26 14:37:58,443 - INFO - Process Summary:
2025-10-26 14:37:58,443 - INFO - - Current niche: 'philips'
2025-10-26 14:37:58,443 - INFO - - Next niche will be: 'sandisk'
2025-10-26 14:37:58,443 - INFO - - Keywords saved in: languages/english/keywords/philips/
2025-10-26 14:37:58,444 - INFO - ========================================
