2025-09-18 04:53:26,849 - INFO - Log file created at: /home/runner/work/potensitech.com/potensitech.com/languages/english/keywords/logs/kw_search_20250918_045326.log
2025-09-18 04:53:26,849 - INFO - ============================================================
2025-09-18 04:53:26,849 - INFO - AUTOMATIC KEYWORD RESEARCH TOOL
2025-09-18 04:53:26,849 - INFO - ============================================================
2025-09-18 04:53:27,000 - INFO - ========================================
2025-09-18 04:53:27,000 - INFO - Found 14 niches to process: xiaomi, iphone, samsung, apple, sony, asus, philips, sandisk, intel, nvidia, amd, canon, nikon, huawei
2025-09-18 04:53:27,001 - INFO - ========================================
2025-09-18 04:53:27,001 - INFO - All niches completed, starting over
2025-09-18 04:53:27,001 - INFO - ========================================
2025-09-18 04:53:27,001 - INFO - 🎯 PROCESSING NICHE 1/14: 'xiaomi'
2025-09-18 04:53:27,001 - INFO - ========================================
2025-09-18 04:53:27,001 - INFO - 📁 Niche directory: /home/runner/work/potensitech.com/potensitech.com/languages/english/keywords/xiaomi
2025-09-18 04:53:27,001 - INFO - Selected region: us
2025-09-18 04:53:27,001 - INFO - Selected language: en
2025-09-18 04:53:27,001 - INFO - 🎯 Current niche: xiaomi
2025-09-18 04:54:11,363 - INFO - 🎯 Niche terms for filtering: xiaomi, cheap, best, latest, review, price, sell, buy, recommendation, tips, tutorial, guide, how to, vs, versus, compared to, comparison, alternatives, which is better, expensive, discount, deals, sale, affordable, cost, online, offline, marketplace, store, shop, retailer, where to buy, worst, quality, original, genuine, fake, replica, authentic, brand, manufacturer, company, product, xiaomi product, sell xiaomi, buy xiaomi, cheap xiaomi, best xiaomi, xiaomi review, where to buy xiaomi, how to choose xiaomi, top xiaomi, xiaomi guide, xiaomi for sale, xiaomi deals
2025-09-18 04:54:11,364 - INFO - Generated 50 niche-clue pairs for 'xiaomi'.
2025-09-18 04:54:11,366 - INFO - Expanded 50 seed keywords to 218 variations
2025-09-18 04:54:11,367 - INFO - 🔧 Request Handler initialized - Success rate: 100.0%
2025-09-18 04:58:32,523 - INFO - Original clue keywords: memory card, data transfer
2025-09-18 04:58:32,523 - INFO - Niche-focused seeds: memory card xiaomi, xiaomi memory card, memory card cheap, cheap memory card, memory card best, best memory card, memory card latest, latest memory card, memory card review, review memory card, memory card price, price memory card, memory card sell, sell memory card, memory card buy, buy memory card, memory card recommendation, recommendation memory card, memory card tips, tips memory card, memory card tutorial, tutorial memory card, memory card guide, guide memory card, memory card how to, how to memory card, memory card vs, vs memory card, memory card versus, versus memory card, memory card compared to, compared to memory card, memory card comparison, comparison memory card, memory card alternatives, alternatives memory card, memory card which is better, which is better memory card, memory card expensive, expensive memory card, memory card discount, discount memory card, memory card deals, deals memory card, memory card sale, sale memory card, memory card affordable, affordable memory card, memory card cost, cost memory card, memory card online, online memory card, memory card offline, offline memory card, memory card marketplace, marketplace memory card, memory card store, store memory card, memory card shop, shop memory card, memory card retailer, retailer memory card, memory card where to buy, where to buy memory card, memory card worst, worst memory card, memory card quality, quality memory card, memory card original, original memory card, memory card genuine, genuine memory card, memory card fake, fake memory card, memory card replica, replica memory card, memory card authentic, authentic memory card, memory card brand, brand memory card, memory card manufacturer, manufacturer memory card, memory card company, company memory card, memory card product, product memory card, memory card xiaomi product, xiaomi product memory card, memory card sell xiaomi, sell xiaomi memory card, memory card buy xiaomi, buy xiaomi memory card, memory card cheap xiaomi, cheap xiaomi memory card, memory card best xiaomi, best xiaomi memory card, memory card xiaomi review, xiaomi review memory card, memory card where to buy xiaomi, where to buy xiaomi memory card, memory card how to choose xiaomi, how to choose xiaomi memory card, memory card top xiaomi, top xiaomi memory card, memory card xiaomi guide, xiaomi guide memory card, memory card xiaomi for sale, xiaomi for sale memory card, memory card xiaomi deals, xiaomi deals memory card, data transfer xiaomi, xiaomi data transfer, data transfer cheap, cheap data transfer, data transfer best, best data transfer, data transfer latest, latest data transfer, data transfer review, review data transfer, data transfer price, price data transfer, data transfer sell, sell data transfer, data transfer buy, buy data transfer, data transfer recommendation, recommendation data transfer, data transfer tips, tips data transfer, data transfer tutorial, tutorial data transfer, data transfer guide, guide data transfer, data transfer how to, how to data transfer, data transfer vs, vs data transfer, data transfer versus, versus data transfer, data transfer compared to, compared to data transfer, data transfer comparison, comparison data transfer, data transfer alternatives, alternatives data transfer, data transfer which is better, which is better data transfer, data transfer expensive, expensive data transfer, data transfer discount, discount data transfer, data transfer deals, deals data transfer, data transfer sale, sale data transfer, data transfer affordable, affordable data transfer, data transfer cost, cost data transfer, data transfer online, online data transfer, data transfer offline, offline data transfer, data transfer marketplace, marketplace data transfer, data transfer store, store data transfer, data transfer shop, shop data transfer, data transfer retailer, retailer data transfer, data transfer where to buy, where to buy data transfer, data transfer worst, worst data transfer, data transfer quality, quality data transfer, data transfer original, original data transfer, data transfer genuine, genuine data transfer, data transfer fake, fake data transfer, data transfer replica, replica data transfer, data transfer authentic, authentic data transfer, data transfer brand, brand data transfer, data transfer manufacturer, manufacturer data transfer, data transfer company, company data transfer, data transfer product, product data transfer, data transfer xiaomi product, xiaomi product data transfer, data transfer sell xiaomi, sell xiaomi data transfer, data transfer buy xiaomi, buy xiaomi data transfer, data transfer cheap xiaomi, cheap xiaomi data transfer, data transfer best xiaomi, best xiaomi data transfer, data transfer xiaomi review, xiaomi review data transfer, data transfer where to buy xiaomi, where to buy xiaomi data transfer, data transfer how to choose xiaomi, how to choose xiaomi data transfer, data transfer top xiaomi, top xiaomi data transfer, data transfer xiaomi guide, xiaomi guide data transfer, data transfer xiaomi for sale, xiaomi for sale data transfer, data transfer xiaomi deals, xiaomi deals data transfer
2025-09-18 04:58:32,526 - INFO - Expanded 220 seed keywords to 385 variations
2025-09-18 04:58:32,526 - INFO - Language: en
2025-09-18 04:58:32,527 - INFO - Region: us
2025-09-18 05:03:01,307 - INFO - 🎯 After all filtering for 'xiaomi': 120 relevant keywords
2025-09-18 05:03:01,361 - INFO - 🎯 Found 5 new keywords for niche 'xiaomi': xiaomi affordable data transfer, xiaomi affordable memory card, cheap alternatives data transfer, cheap alternatives memory card, best authentic data transfer
2025-09-18 05:03:16,940 - INFO - ✅ Niche 'xiaomi' process complete! 33 total keyword results.
2025-09-18 05:03:16,941 - INFO - ✅ Completed processing niche: 'xiaomi'
2025-09-18 05:03:16,941 - INFO - 🔧 Request Handler final stats - Success rate: 100.0%
2025-09-18 05:03:16,941 - INFO -    Total requests: 6018, Blocks: 0
2025-09-18 05:03:16,942 - INFO - 
========================================
2025-09-18 05:03:16,942 - INFO - Process Summary:
2025-09-18 05:03:16,942 - INFO - - Current niche: 'xiaomi'
2025-09-18 05:03:16,942 - INFO - - Next niche will be: 'iphone'
2025-09-18 05:03:16,942 - INFO - - Keywords saved in: languages/english/keywords/xiaomi/
2025-09-18 05:03:16,943 - INFO - ========================================
