2025-10-14 07:29:58,322 - INFO - Log file created at: /home/runner/work/potensitech.com/potensitech.com/languages/english/keywords/logs/kw_search_20251014_072958.log
2025-10-14 07:29:58,322 - INFO - ============================================================
2025-10-14 07:29:58,322 - INFO - AUTOMATIC KEYWORD RESEARCH TOOL
2025-10-14 07:29:58,322 - INFO - ============================================================
2025-10-14 07:29:58,476 - INFO - ========================================
2025-10-14 07:29:58,476 - INFO - Found 14 niches to process: xiaomi, iphone, samsung, apple, sony, asus, philips, sandisk, intel, nvidia, amd, canon, nikon, huawei
2025-10-14 07:29:58,476 - INFO - ========================================
2025-10-14 07:29:58,476 - INFO - Continuing from last processed niche: intel
2025-10-14 07:29:58,476 - INFO - ========================================
2025-10-14 07:29:58,476 - INFO - 🎯 PROCESSING NICHE 10/14: 'nvidia'
2025-10-14 07:29:58,476 - INFO - ========================================
2025-10-14 07:29:58,476 - INFO - 📁 Niche directory: /home/runner/work/potensitech.com/potensitech.com/languages/english/keywords/nvidia
2025-10-14 07:29:58,476 - INFO - Selected region: us
2025-10-14 07:29:58,477 - INFO - Selected language: en
2025-10-14 07:29:58,477 - INFO - 🎯 Current niche: nvidia
2025-10-14 07:30:02,990 - INFO - 🎯 Niche terms for filtering: nvidia, cheap, best, latest, review, price, sell, buy, recommendation, tips, tutorial, guide, how to, vs, versus, compared to, comparison, alternatives, which is better, expensive, discount, deals, sale, affordable, cost, online, offline, marketplace, store, shop, retailer, where to buy, worst, quality, original, genuine, fake, replica, authentic, brand, manufacturer, company, product, nvidia product, sell nvidia, buy nvidia, cheap nvidia, best nvidia, nvidia review, where to buy nvidia, how to choose nvidia, top nvidia, nvidia guide, nvidia for sale, nvidia deals
2025-10-14 07:30:02,990 - INFO - Generated 50 niche-clue pairs for 'nvidia'.
2025-10-14 07:30:02,992 - INFO - Expanded 50 seed keywords to 218 variations
2025-10-14 07:30:02,993 - INFO - 🔧 Request Handler initialized - Success rate: 100.0%
2025-10-14 07:34:29,177 - INFO - Original clue keywords: portable storage, flash drive
2025-10-14 07:34:29,177 - INFO - Niche-focused seeds: portable storage nvidia, nvidia portable storage, portable storage cheap, cheap portable storage, portable storage best, best portable storage, portable storage latest, latest portable storage, portable storage review, review portable storage, portable storage price, price portable storage, portable storage sell, sell portable storage, portable storage buy, buy portable storage, portable storage recommendation, recommendation portable storage, portable storage tips, tips portable storage, portable storage tutorial, tutorial portable storage, portable storage guide, guide portable storage, portable storage how to, how to portable storage, portable storage vs, vs portable storage, portable storage versus, versus portable storage, portable storage compared to, compared to portable storage, portable storage comparison, comparison portable storage, portable storage alternatives, alternatives portable storage, portable storage which is better, which is better portable storage, portable storage expensive, expensive portable storage, portable storage discount, discount portable storage, portable storage deals, deals portable storage, portable storage sale, sale portable storage, portable storage affordable, affordable portable storage, portable storage cost, cost portable storage, portable storage online, online portable storage, portable storage offline, offline portable storage, portable storage marketplace, marketplace portable storage, portable storage store, store portable storage, portable storage shop, shop portable storage, portable storage retailer, retailer portable storage, portable storage where to buy, where to buy portable storage, portable storage worst, worst portable storage, portable storage quality, quality portable storage, portable storage original, original portable storage, portable storage genuine, genuine portable storage, portable storage fake, fake portable storage, portable storage replica, replica portable storage, portable storage authentic, authentic portable storage, portable storage brand, brand portable storage, portable storage manufacturer, manufacturer portable storage, portable storage company, company portable storage, portable storage product, product portable storage, portable storage nvidia product, nvidia product portable storage, portable storage sell nvidia, sell nvidia portable storage, portable storage buy nvidia, buy nvidia portable storage, portable storage cheap nvidia, cheap nvidia portable storage, portable storage best nvidia, best nvidia portable storage, portable storage nvidia review, nvidia review portable storage, portable storage where to buy nvidia, where to buy nvidia portable storage, portable storage how to choose nvidia, how to choose nvidia portable storage, portable storage top nvidia, top nvidia portable storage, portable storage nvidia guide, nvidia guide portable storage, portable storage nvidia for sale, nvidia for sale portable storage, portable storage nvidia deals, nvidia deals portable storage, flash drive nvidia, nvidia flash drive, flash drive cheap, cheap flash drive, flash drive best, best flash drive, flash drive latest, latest flash drive, flash drive review, review flash drive, flash drive price, price flash drive, flash drive sell, sell flash drive, flash drive buy, buy flash drive, flash drive recommendation, recommendation flash drive, flash drive tips, tips flash drive, flash drive tutorial, tutorial flash drive, flash drive guide, guide flash drive, flash drive how to, how to flash drive, flash drive vs, vs flash drive, flash drive versus, versus flash drive, flash drive compared to, compared to flash drive, flash drive comparison, comparison flash drive, flash drive alternatives, alternatives flash drive, flash drive which is better, which is better flash drive, flash drive expensive, expensive flash drive, flash drive discount, discount flash drive, flash drive deals, deals flash drive, flash drive sale, sale flash drive, flash drive affordable, affordable flash drive, flash drive cost, cost flash drive, flash drive online, online flash drive, flash drive offline, offline flash drive, flash drive marketplace, marketplace flash drive, flash drive store, store flash drive, flash drive shop, shop flash drive, flash drive retailer, retailer flash drive, flash drive where to buy, where to buy flash drive, flash drive worst, worst flash drive, flash drive quality, quality flash drive, flash drive original, original flash drive, flash drive genuine, genuine flash drive, flash drive fake, fake flash drive, flash drive replica, replica flash drive, flash drive authentic, authentic flash drive, flash drive brand, brand flash drive, flash drive manufacturer, manufacturer flash drive, flash drive company, company flash drive, flash drive product, product flash drive, flash drive nvidia product, nvidia product flash drive, flash drive sell nvidia, sell nvidia flash drive, flash drive buy nvidia, buy nvidia flash drive, flash drive cheap nvidia, cheap nvidia flash drive, flash drive best nvidia, best nvidia flash drive, flash drive nvidia review, nvidia review flash drive, flash drive where to buy nvidia, where to buy nvidia flash drive, flash drive how to choose nvidia, how to choose nvidia flash drive, flash drive top nvidia, top nvidia flash drive, flash drive nvidia guide, nvidia guide flash drive, flash drive nvidia for sale, nvidia for sale flash drive, flash drive nvidia deals, nvidia deals flash drive
2025-10-14 07:34:29,180 - INFO - Expanded 220 seed keywords to 385 variations
2025-10-14 07:34:29,180 - INFO - Language: en
2025-10-14 07:34:29,180 - INFO - Region: us
2025-10-14 07:35:03,015 - INFO - 🎯 After all filtering for 'nvidia': 120 relevant keywords
2025-10-14 07:35:03,253 - INFO - 🎯 Found 5 new keywords for niche 'nvidia': nvidia affordable flash drive, nvidia affordable portable storage, cheap alternatives flash drive, cheap alternatives portable storage, best authentic flash drive
2025-10-14 07:35:12,615 - INFO - ✅ Niche 'nvidia' process complete! 151 total keyword results.
2025-10-14 07:35:12,615 - INFO - ✅ Completed processing niche: 'nvidia'
2025-10-14 07:35:12,615 - INFO - 🔧 Request Handler final stats - Success rate: 100.0%
2025-10-14 07:35:12,615 - INFO -    Total requests: 25377, Blocks: 0
2025-10-14 07:35:12,616 - INFO - 
========================================
2025-10-14 07:35:12,616 - INFO - Process Summary:
2025-10-14 07:35:12,616 - INFO - - Current niche: 'nvidia'
2025-10-14 07:35:12,616 - INFO - - Next niche will be: 'amd'
2025-10-14 07:35:12,616 - INFO - - Keywords saved in: languages/english/keywords/nvidia/
2025-10-14 07:35:12,617 - INFO - ========================================
