2025-12-25 14:39:19,447 - INFO - Log file created at: /home/runner/work/potensitech.com/potensitech.com/languages/english/keywords/logs/kw_search_20251225_143919.log
2025-12-25 14:39:19,447 - INFO - ============================================================
2025-12-25 14:39:19,448 - INFO - AUTOMATIC KEYWORD RESEARCH TOOL
2025-12-25 14:39:19,448 - INFO - ============================================================
2025-12-25 14:39:19,725 - INFO - ========================================
2025-12-25 14:39:19,725 - INFO - Found 14 niches to process: xiaomi, iphone, samsung, apple, sony, asus, philips, sandisk, intel, nvidia, amd, canon, nikon, huawei
2025-12-25 14:39:19,726 - INFO - ========================================
2025-12-25 14:39:19,726 - INFO - Continuing from last processed niche: xiaomi
2025-12-25 14:39:19,726 - INFO - ========================================
2025-12-25 14:39:19,726 - INFO - 🎯 PROCESSING NICHE 2/14: 'iphone'
2025-12-25 14:39:19,726 - INFO - ========================================
2025-12-25 14:39:19,726 - INFO - 📁 Niche directory: /home/runner/work/potensitech.com/potensitech.com/languages/english/keywords/iphone
2025-12-25 14:39:19,726 - INFO - Selected region: us
2025-12-25 14:39:19,726 - INFO - Selected language: en
2025-12-25 14:39:19,726 - INFO - 🎯 Current niche: iphone
2025-12-25 14:39:22,498 - INFO - 🎯 Niche terms for filtering: iphone, cheap, best, latest, review, price, sell, buy, recommendation, tips, tutorial, guide, how to, vs, versus, compared to, comparison, alternatives, which is better, expensive, discount, deals, sale, affordable, cost, online, offline, marketplace, store, shop, retailer, where to buy, worst, quality, original, genuine, fake, replica, authentic, brand, manufacturer, company, product, iphone product, sell iphone, buy iphone, cheap iphone, best iphone, iphone review, where to buy iphone, how to choose iphone, top iphone, iphone guide, iphone for sale, iphone deals
2025-12-25 14:39:22,498 - INFO - Generated 50 niche-clue pairs for 'iphone'.
2025-12-25 14:39:22,501 - INFO - Expanded 50 seed keywords to 218 variations
2025-12-25 14:39:22,501 - INFO - 🔧 Request Handler initialized - Success rate: 100.0%
2025-12-25 14:43:49,186 - INFO - Original clue keywords: camera lenses, chipset compatibility
2025-12-25 14:43:49,186 - INFO - Niche-focused seeds: camera lenses iphone, iphone camera lenses, camera lenses cheap, cheap camera lenses, camera lenses best, best camera lenses, camera lenses latest, latest camera lenses, camera lenses review, review camera lenses, camera lenses price, price camera lenses, camera lenses sell, sell camera lenses, camera lenses buy, buy camera lenses, camera lenses recommendation, recommendation camera lenses, camera lenses tips, tips camera lenses, camera lenses tutorial, tutorial camera lenses, camera lenses guide, guide camera lenses, camera lenses how to, how to camera lenses, camera lenses vs, vs camera lenses, camera lenses versus, versus camera lenses, camera lenses compared to, compared to camera lenses, camera lenses comparison, comparison camera lenses, camera lenses alternatives, alternatives camera lenses, camera lenses which is better, which is better camera lenses, camera lenses expensive, expensive camera lenses, camera lenses discount, discount camera lenses, camera lenses deals, deals camera lenses, camera lenses sale, sale camera lenses, camera lenses affordable, affordable camera lenses, camera lenses cost, cost camera lenses, camera lenses online, online camera lenses, camera lenses offline, offline camera lenses, camera lenses marketplace, marketplace camera lenses, camera lenses store, store camera lenses, camera lenses shop, shop camera lenses, camera lenses retailer, retailer camera lenses, camera lenses where to buy, where to buy camera lenses, camera lenses worst, worst camera lenses, camera lenses quality, quality camera lenses, camera lenses original, original camera lenses, camera lenses genuine, genuine camera lenses, camera lenses fake, fake camera lenses, camera lenses replica, replica camera lenses, camera lenses authentic, authentic camera lenses, camera lenses brand, brand camera lenses, camera lenses manufacturer, manufacturer camera lenses, camera lenses company, company camera lenses, camera lenses product, product camera lenses, camera lenses iphone product, iphone product camera lenses, camera lenses sell iphone, sell iphone camera lenses, camera lenses buy iphone, buy iphone camera lenses, camera lenses cheap iphone, cheap iphone camera lenses, camera lenses best iphone, best iphone camera lenses, camera lenses iphone review, iphone review camera lenses, camera lenses where to buy iphone, where to buy iphone camera lenses, camera lenses how to choose iphone, how to choose iphone camera lenses, camera lenses top iphone, top iphone camera lenses, camera lenses iphone guide, iphone guide camera lenses, camera lenses iphone for sale, iphone for sale camera lenses, camera lenses iphone deals, iphone deals camera lenses, chipset compatibility iphone, iphone chipset compatibility, chipset compatibility cheap, cheap chipset compatibility, chipset compatibility best, best chipset compatibility, chipset compatibility latest, latest chipset compatibility, chipset compatibility review, review chipset compatibility, chipset compatibility price, price chipset compatibility, chipset compatibility sell, sell chipset compatibility, chipset compatibility buy, buy chipset compatibility, chipset compatibility recommendation, recommendation chipset compatibility, chipset compatibility tips, tips chipset compatibility, chipset compatibility tutorial, tutorial chipset compatibility, chipset compatibility guide, guide chipset compatibility, chipset compatibility how to, how to chipset compatibility, chipset compatibility vs, vs chipset compatibility, chipset compatibility versus, versus chipset compatibility, chipset compatibility compared to, compared to chipset compatibility, chipset compatibility comparison, comparison chipset compatibility, chipset compatibility alternatives, alternatives chipset compatibility, chipset compatibility which is better, which is better chipset compatibility, chipset compatibility expensive, expensive chipset compatibility, chipset compatibility discount, discount chipset compatibility, chipset compatibility deals, deals chipset compatibility, chipset compatibility sale, sale chipset compatibility, chipset compatibility affordable, affordable chipset compatibility, chipset compatibility cost, cost chipset compatibility, chipset compatibility online, online chipset compatibility, chipset compatibility offline, offline chipset compatibility, chipset compatibility marketplace, marketplace chipset compatibility, chipset compatibility store, store chipset compatibility, chipset compatibility shop, shop chipset compatibility, chipset compatibility retailer, retailer chipset compatibility, chipset compatibility where to buy, where to buy chipset compatibility, chipset compatibility worst, worst chipset compatibility, chipset compatibility quality, quality chipset compatibility, chipset compatibility original, original chipset compatibility, chipset compatibility genuine, genuine chipset compatibility, chipset compatibility fake, fake chipset compatibility, chipset compatibility replica, replica chipset compatibility, chipset compatibility authentic, authentic chipset compatibility, chipset compatibility brand, brand chipset compatibility, chipset compatibility manufacturer, manufacturer chipset compatibility, chipset compatibility company, company chipset compatibility, chipset compatibility product, product chipset compatibility, chipset compatibility iphone product, iphone product chipset compatibility, chipset compatibility sell iphone, sell iphone chipset compatibility, chipset compatibility buy iphone, buy iphone chipset compatibility, chipset compatibility cheap iphone, cheap iphone chipset compatibility, chipset compatibility best iphone, best iphone chipset compatibility, chipset compatibility iphone review, iphone review chipset compatibility, chipset compatibility where to buy iphone, where to buy iphone chipset compatibility, chipset compatibility how to choose iphone, how to choose iphone chipset compatibility, chipset compatibility top iphone, top iphone chipset compatibility, chipset compatibility iphone guide, iphone guide chipset compatibility, chipset compatibility iphone for sale, iphone for sale chipset compatibility, chipset compatibility iphone deals, iphone deals chipset compatibility
2025-12-25 14:43:49,189 - INFO - Expanded 220 seed keywords to 385 variations
2025-12-25 14:43:49,189 - INFO - Language: en
2025-12-25 14:43:49,189 - INFO - Region: us
2025-12-25 14:44:22,453 - INFO - 🎯 After all filtering for 'iphone': 120 relevant keywords
2025-12-25 14:44:23,633 - INFO - 🎯 Found 2 new keywords for niche 'iphone': iphone affordable camera lenses, iphone affordable chipset compatibility
2025-12-25 14:44:30,469 - INFO - ✅ Niche 'iphone' process complete! 384 total keyword results.
2025-12-25 14:44:30,469 - INFO - ✅ Completed processing niche: 'iphone'
2025-12-25 14:44:30,469 - INFO - 🔧 Request Handler final stats - Success rate: 100.0%
2025-12-25 14:44:30,469 - INFO -    Total requests: 61894, Blocks: 0
2025-12-25 14:44:30,470 - INFO - 
========================================
2025-12-25 14:44:30,470 - INFO - Process Summary:
2025-12-25 14:44:30,470 - INFO - - Current niche: 'iphone'
2025-12-25 14:44:30,470 - INFO - - Next niche will be: 'samsung'
2025-12-25 14:44:30,471 - INFO - - Keywords saved in: languages/english/keywords/iphone/
2025-12-25 14:44:30,471 - INFO - ========================================
