2025-10-25 21:43:45,845 - INFO - Log file created at: /home/runner/work/potensitech.com/potensitech.com/languages/english/keywords/logs/kw_search_20251025_214345.log
2025-10-25 21:43:45,846 - INFO - ============================================================
2025-10-25 21:43:45,846 - INFO - AUTOMATIC KEYWORD RESEARCH TOOL
2025-10-25 21:43:45,846 - INFO - ============================================================
2025-10-25 21:43:46,012 - INFO - ========================================
2025-10-25 21:43:46,012 - INFO - Found 14 niches to process: xiaomi, iphone, samsung, apple, sony, asus, philips, sandisk, intel, nvidia, amd, canon, nikon, huawei
2025-10-25 21:43:46,012 - INFO - ========================================
2025-10-25 21:43:46,012 - INFO - Continuing from last processed niche: nikon
2025-10-25 21:43:46,012 - INFO - ========================================
2025-10-25 21:43:46,012 - INFO - 🎯 PROCESSING NICHE 14/14: 'huawei'
2025-10-25 21:43:46,012 - INFO - ========================================
2025-10-25 21:43:46,012 - INFO - 📁 Niche directory: /home/runner/work/potensitech.com/potensitech.com/languages/english/keywords/huawei
2025-10-25 21:43:46,012 - INFO - Selected region: us
2025-10-25 21:43:46,012 - INFO - Selected language: en
2025-10-25 21:43:46,012 - INFO - 🎯 Current niche: huawei
2025-10-25 21:43:48,337 - INFO - 🎯 Niche terms for filtering: huawei, cheap, best, latest, review, price, sell, buy, recommendation, tips, tutorial, guide, how to, vs, versus, compared to, comparison, alternatives, which is better, expensive, discount, deals, sale, affordable, cost, online, offline, marketplace, store, shop, retailer, where to buy, worst, quality, original, genuine, fake, replica, authentic, brand, manufacturer, company, product, huawei product, sell huawei, buy huawei, cheap huawei, best huawei, huawei review, where to buy huawei, how to choose huawei, top huawei, huawei guide, huawei for sale, huawei deals
2025-10-25 21:43:48,337 - INFO - Generated 50 niche-clue pairs for 'huawei'.
2025-10-25 21:43:48,340 - INFO - Expanded 50 seed keywords to 218 variations
2025-10-25 21:43:48,341 - INFO - 🔧 Request Handler initialized - Success rate: 100.0%
2025-10-25 21:48:11,296 - INFO - Original clue keywords: dslr photography, camera lens
2025-10-25 21:48:11,296 - INFO - Niche-focused seeds: dslr photography huawei, huawei dslr photography, dslr photography cheap, cheap dslr photography, dslr photography best, best dslr photography, dslr photography latest, latest dslr photography, dslr photography review, review dslr photography, dslr photography price, price dslr photography, dslr photography sell, sell dslr photography, dslr photography buy, buy dslr photography, dslr photography recommendation, recommendation dslr photography, dslr photography tips, tips dslr photography, dslr photography tutorial, tutorial dslr photography, dslr photography guide, guide dslr photography, dslr photography how to, how to dslr photography, dslr photography vs, vs dslr photography, dslr photography versus, versus dslr photography, dslr photography compared to, compared to dslr photography, dslr photography comparison, comparison dslr photography, dslr photography alternatives, alternatives dslr photography, dslr photography which is better, which is better dslr photography, dslr photography expensive, expensive dslr photography, dslr photography discount, discount dslr photography, dslr photography deals, deals dslr photography, dslr photography sale, sale dslr photography, dslr photography affordable, affordable dslr photography, dslr photography cost, cost dslr photography, dslr photography online, online dslr photography, dslr photography offline, offline dslr photography, dslr photography marketplace, marketplace dslr photography, dslr photography store, store dslr photography, dslr photography shop, shop dslr photography, dslr photography retailer, retailer dslr photography, dslr photography where to buy, where to buy dslr photography, dslr photography worst, worst dslr photography, dslr photography quality, quality dslr photography, dslr photography original, original dslr photography, dslr photography genuine, genuine dslr photography, dslr photography fake, fake dslr photography, dslr photography replica, replica dslr photography, dslr photography authentic, authentic dslr photography, dslr photography brand, brand dslr photography, dslr photography manufacturer, manufacturer dslr photography, dslr photography company, company dslr photography, dslr photography product, product dslr photography, dslr photography huawei product, huawei product dslr photography, dslr photography sell huawei, sell huawei dslr photography, dslr photography buy huawei, buy huawei dslr photography, dslr photography cheap huawei, cheap huawei dslr photography, dslr photography best huawei, best huawei dslr photography, dslr photography huawei review, huawei review dslr photography, dslr photography where to buy huawei, where to buy huawei dslr photography, dslr photography how to choose huawei, how to choose huawei dslr photography, dslr photography top huawei, top huawei dslr photography, dslr photography huawei guide, huawei guide dslr photography, dslr photography huawei for sale, huawei for sale dslr photography, dslr photography huawei deals, huawei deals dslr photography, camera lens huawei, huawei camera lens, camera lens cheap, cheap camera lens, camera lens best, best camera lens, camera lens latest, latest camera lens, camera lens review, review camera lens, camera lens price, price camera lens, camera lens sell, sell camera lens, camera lens buy, buy camera lens, camera lens recommendation, recommendation camera lens, camera lens tips, tips camera lens, camera lens tutorial, tutorial camera lens, camera lens guide, guide camera lens, camera lens how to, how to camera lens, camera lens vs, vs camera lens, camera lens versus, versus camera lens, camera lens compared to, compared to camera lens, camera lens comparison, comparison camera lens, camera lens alternatives, alternatives camera lens, camera lens which is better, which is better camera lens, camera lens expensive, expensive camera lens, camera lens discount, discount camera lens, camera lens deals, deals camera lens, camera lens sale, sale camera lens, camera lens affordable, affordable camera lens, camera lens cost, cost camera lens, camera lens online, online camera lens, camera lens offline, offline camera lens, camera lens marketplace, marketplace camera lens, camera lens store, store camera lens, camera lens shop, shop camera lens, camera lens retailer, retailer camera lens, camera lens where to buy, where to buy camera lens, camera lens worst, worst camera lens, camera lens quality, quality camera lens, camera lens original, original camera lens, camera lens genuine, genuine camera lens, camera lens fake, fake camera lens, camera lens replica, replica camera lens, camera lens authentic, authentic camera lens, camera lens brand, brand camera lens, camera lens manufacturer, manufacturer camera lens, camera lens company, company camera lens, camera lens product, product camera lens, camera lens huawei product, huawei product camera lens, camera lens sell huawei, sell huawei camera lens, camera lens buy huawei, buy huawei camera lens, camera lens cheap huawei, cheap huawei camera lens, camera lens best huawei, best huawei camera lens, camera lens huawei review, huawei review camera lens, camera lens where to buy huawei, where to buy huawei camera lens, camera lens how to choose huawei, how to choose huawei camera lens, camera lens top huawei, top huawei camera lens, camera lens huawei guide, huawei guide camera lens, camera lens huawei for sale, huawei for sale camera lens, camera lens huawei deals, huawei deals camera lens
2025-10-25 21:48:11,300 - INFO - Expanded 220 seed keywords to 385 variations
2025-10-25 21:48:11,300 - INFO - Language: en
2025-10-25 21:48:11,300 - INFO - Region: us
2025-10-25 21:48:43,275 - INFO - 🎯 After all filtering for 'huawei': 120 relevant keywords
2025-10-25 21:48:43,885 - INFO - 🎯 Found 4 new keywords for niche 'huawei': huawei affordable camera lens, huawei affordable dslr photography, cheap alternatives dslr photography, best authentic dslr photography
2025-10-25 21:48:50,881 - INFO - ✅ Niche 'huawei' process complete! 177 total keyword results.
2025-10-25 21:48:50,882 - INFO - ✅ Completed processing niche: 'huawei'
2025-10-25 21:48:50,882 - INFO - 🔧 Request Handler final stats - Success rate: 100.0%
2025-10-25 21:48:50,882 - INFO -    Total requests: 31380, Blocks: 0
2025-10-25 21:48:50,883 - INFO - 
========================================
2025-10-25 21:48:50,883 - INFO - Process Summary:
2025-10-25 21:48:50,883 - INFO - - Current niche: 'huawei'
2025-10-25 21:48:50,883 - INFO - - Next niche will be: 'xiaomi'
2025-10-25 21:48:50,883 - INFO - - Keywords saved in: languages/english/keywords/huawei/
2025-10-25 21:48:50,883 - INFO - ========================================
