2025-11-03 03:36:19,853 - INFO - Log file created at: /home/runner/work/potensitech.com/potensitech.com/languages/english/keywords/logs/kw_search_20251103_033619.log
2025-11-03 03:36:19,853 - INFO - ============================================================
2025-11-03 03:36:19,853 - INFO - AUTOMATIC KEYWORD RESEARCH TOOL
2025-11-03 03:36:19,853 - INFO - ============================================================
2025-11-03 03:36:20,012 - INFO - ========================================
2025-11-03 03:36:20,012 - INFO - Found 14 niches to process: xiaomi, iphone, samsung, apple, sony, asus, philips, sandisk, intel, nvidia, amd, canon, nikon, huawei
2025-11-03 03:36:20,012 - INFO - ========================================
2025-11-03 03:36:20,012 - INFO - Continuing from last processed niche: sandisk
2025-11-03 03:36:20,012 - INFO - ========================================
2025-11-03 03:36:20,012 - INFO - 🎯 PROCESSING NICHE 9/14: 'intel'
2025-11-03 03:36:20,012 - INFO - ========================================
2025-11-03 03:36:20,012 - INFO - 📁 Niche directory: /home/runner/work/potensitech.com/potensitech.com/languages/english/keywords/intel
2025-11-03 03:36:20,013 - INFO - Selected region: us
2025-11-03 03:36:20,013 - INFO - Selected language: en
2025-11-03 03:36:20,013 - INFO - 🎯 Current niche: intel
2025-11-03 03:36:23,085 - INFO - 🎯 Niche terms for filtering: intel, cheap, best, latest, review, price, sell, buy, recommendation, tips, tutorial, guide, how to, vs, versus, compared to, comparison, alternatives, which is better, expensive, discount, deals, sale, affordable, cost, online, offline, marketplace, store, shop, retailer, where to buy, worst, quality, original, genuine, fake, replica, authentic, brand, manufacturer, company, product, intel product, sell intel, buy intel, cheap intel, best intel, intel review, where to buy intel, how to choose intel, top intel, intel guide, intel for sale, intel deals
2025-11-03 03:36:23,085 - INFO - Generated 50 niche-clue pairs for 'intel'.
2025-11-03 03:36:23,088 - INFO - Expanded 50 seed keywords to 218 variations
2025-11-03 03:36:23,088 - INFO - 🔧 Request Handler initialized - Success rate: 100.0%
2025-11-03 03:40:48,064 - INFO - Original clue keywords: data storage, gpu performance
2025-11-03 03:40:48,064 - INFO - Niche-focused seeds: data storage intel, intel data storage, data storage cheap, cheap data storage, data storage best, best data storage, data storage latest, latest data storage, data storage review, review data storage, data storage price, price data storage, data storage sell, sell data storage, data storage buy, buy data storage, data storage recommendation, recommendation data storage, data storage tips, tips data storage, data storage tutorial, tutorial data storage, data storage guide, guide data storage, data storage how to, how to data storage, data storage vs, vs data storage, data storage versus, versus data storage, data storage compared to, compared to data storage, data storage comparison, comparison data storage, data storage alternatives, alternatives data storage, data storage which is better, which is better data storage, data storage expensive, expensive data storage, data storage discount, discount data storage, data storage deals, deals data storage, data storage sale, sale data storage, data storage affordable, affordable data storage, data storage cost, cost data storage, data storage online, online data storage, data storage offline, offline data storage, data storage marketplace, marketplace data storage, data storage store, store data storage, data storage shop, shop data storage, data storage retailer, retailer data storage, data storage where to buy, where to buy data storage, data storage worst, worst data storage, data storage quality, quality data storage, data storage original, original data storage, data storage genuine, genuine data storage, data storage fake, fake data storage, data storage replica, replica data storage, data storage authentic, authentic data storage, data storage brand, brand data storage, data storage manufacturer, manufacturer data storage, data storage company, company data storage, data storage product, product data storage, data storage intel product, intel product data storage, data storage sell intel, sell intel data storage, data storage buy intel, buy intel data storage, data storage cheap intel, cheap intel data storage, data storage best intel, best intel data storage, data storage intel review, intel review data storage, data storage where to buy intel, where to buy intel data storage, data storage how to choose intel, how to choose intel data storage, data storage top intel, top intel data storage, data storage intel guide, intel guide data storage, data storage intel for sale, intel for sale data storage, data storage intel deals, intel deals data storage, gpu performance intel, intel gpu performance, gpu performance cheap, cheap gpu performance, gpu performance best, best gpu performance, gpu performance latest, latest gpu performance, gpu performance review, review gpu performance, gpu performance price, price gpu performance, gpu performance sell, sell gpu performance, gpu performance buy, buy gpu performance, gpu performance recommendation, recommendation gpu performance, gpu performance tips, tips gpu performance, gpu performance tutorial, tutorial gpu performance, gpu performance guide, guide gpu performance, gpu performance how to, how to gpu performance, gpu performance vs, vs gpu performance, gpu performance versus, versus gpu performance, gpu performance compared to, compared to gpu performance, gpu performance comparison, comparison gpu performance, gpu performance alternatives, alternatives gpu performance, gpu performance which is better, which is better gpu performance, gpu performance expensive, expensive gpu performance, gpu performance discount, discount gpu performance, gpu performance deals, deals gpu performance, gpu performance sale, sale gpu performance, gpu performance affordable, affordable gpu performance, gpu performance cost, cost gpu performance, gpu performance online, online gpu performance, gpu performance offline, offline gpu performance, gpu performance marketplace, marketplace gpu performance, gpu performance store, store gpu performance, gpu performance shop, shop gpu performance, gpu performance retailer, retailer gpu performance, gpu performance where to buy, where to buy gpu performance, gpu performance worst, worst gpu performance, gpu performance quality, quality gpu performance, gpu performance original, original gpu performance, gpu performance genuine, genuine gpu performance, gpu performance fake, fake gpu performance, gpu performance replica, replica gpu performance, gpu performance authentic, authentic gpu performance, gpu performance brand, brand gpu performance, gpu performance manufacturer, manufacturer gpu performance, gpu performance company, company gpu performance, gpu performance product, product gpu performance, gpu performance intel product, intel product gpu performance, gpu performance sell intel, sell intel gpu performance, gpu performance buy intel, buy intel gpu performance, gpu performance cheap intel, cheap intel gpu performance, gpu performance best intel, best intel gpu performance, gpu performance intel review, intel review gpu performance, gpu performance where to buy intel, where to buy intel gpu performance, gpu performance how to choose intel, how to choose intel gpu performance, gpu performance top intel, top intel gpu performance, gpu performance intel guide, intel guide gpu performance, gpu performance intel for sale, intel for sale gpu performance, gpu performance intel deals, intel deals gpu performance
2025-11-03 03:40:48,067 - INFO - Expanded 220 seed keywords to 385 variations
2025-11-03 03:40:48,067 - INFO - Language: en
2025-11-03 03:40:48,067 - INFO - Region: us
2025-11-03 03:41:21,095 - INFO - 🎯 After all filtering for 'intel': 120 relevant keywords
2025-11-03 03:41:21,670 - INFO - 🎯 Found 5 new keywords for niche 'intel': intel affordable data storage, intel affordable gpu performance, cheap alternatives gpu performance, best authentic gpu performance, how to brand gpu performance
2025-11-03 03:41:30,312 - INFO - ✅ Niche 'intel' process complete! 209 total keyword results.
2025-11-03 03:41:30,313 - INFO - ✅ Completed processing niche: 'intel'
2025-11-03 03:41:30,313 - INFO - 🔧 Request Handler final stats - Success rate: 100.0%
2025-11-03 03:41:30,313 - INFO -    Total requests: 35322, Blocks: 0
2025-11-03 03:41:30,314 - INFO - 
========================================
2025-11-03 03:41:30,314 - INFO - Process Summary:
2025-11-03 03:41:30,314 - INFO - - Current niche: 'intel'
2025-11-03 03:41:30,314 - INFO - - Next niche will be: 'nvidia'
2025-11-03 03:41:30,314 - INFO - - Keywords saved in: languages/english/keywords/intel/
2025-11-03 03:41:30,314 - INFO - ========================================
