2025-10-02 16:54:14,414 - INFO - Log file created at: /home/runner/work/potensitech.com/potensitech.com/languages/english/keywords/logs/kw_search_20251002_165414.log
2025-10-02 16:54:14,415 - INFO - ============================================================
2025-10-02 16:54:14,415 - INFO - AUTOMATIC KEYWORD RESEARCH TOOL
2025-10-02 16:54:14,415 - INFO - ============================================================
2025-10-02 16:54:14,599 - INFO - ========================================
2025-10-02 16:54:14,599 - INFO - Found 14 niches to process: xiaomi, iphone, samsung, apple, sony, asus, philips, sandisk, intel, nvidia, amd, canon, nikon, huawei
2025-10-02 16:54:14,599 - INFO - ========================================
2025-10-02 16:54:14,599 - INFO - Continuing from last processed niche: sony
2025-10-02 16:54:14,599 - INFO - ========================================
2025-10-02 16:54:14,599 - INFO - 🎯 PROCESSING NICHE 6/14: 'asus'
2025-10-02 16:54:14,599 - INFO - ========================================
2025-10-02 16:54:14,599 - INFO - 📁 Niche directory: /home/runner/work/potensitech.com/potensitech.com/languages/english/keywords/asus
2025-10-02 16:54:14,599 - INFO - Selected region: us
2025-10-02 16:54:14,599 - INFO - Selected language: en
2025-10-02 16:54:14,599 - INFO - 🎯 Current niche: asus
2025-10-02 16:54:17,327 - INFO - 🎯 Niche terms for filtering: asus, cheap, best, latest, review, price, sell, buy, recommendation, tips, tutorial, guide, how to, vs, versus, compared to, comparison, alternatives, which is better, expensive, discount, deals, sale, affordable, cost, online, offline, marketplace, store, shop, retailer, where to buy, worst, quality, original, genuine, fake, replica, authentic, brand, manufacturer, company, product, asus product, sell asus, buy asus, cheap asus, best asus, asus review, where to buy asus, how to choose asus, top asus, asus guide, asus for sale, asus deals
2025-10-02 16:54:17,327 - INFO - Generated 50 niche-clue pairs for 'asus'.
2025-10-02 16:54:17,330 - INFO - Expanded 50 seed keywords to 218 variations
2025-10-02 16:54:17,331 - INFO - 🔧 Request Handler initialized - Success rate: 100.0%
2025-10-02 16:58:39,508 - INFO - Original clue keywords: image quality, graphics performance
2025-10-02 16:58:39,508 - INFO - Niche-focused seeds: image quality, graphics performance asus, asus graphics performance, graphics performance cheap, cheap graphics performance, graphics performance best, best graphics performance, graphics performance latest, latest graphics performance, graphics performance review, review graphics performance, graphics performance price, price graphics performance, graphics performance sell, sell graphics performance, graphics performance buy, buy graphics performance, graphics performance recommendation, recommendation graphics performance, graphics performance tips, tips graphics performance, graphics performance tutorial, tutorial graphics performance, graphics performance guide, guide graphics performance, graphics performance how to, how to graphics performance, graphics performance vs, vs graphics performance, graphics performance versus, versus graphics performance, graphics performance compared to, compared to graphics performance, graphics performance comparison, comparison graphics performance, graphics performance alternatives, alternatives graphics performance, graphics performance which is better, which is better graphics performance, graphics performance expensive, expensive graphics performance, graphics performance discount, discount graphics performance, graphics performance deals, deals graphics performance, graphics performance sale, sale graphics performance, graphics performance affordable, affordable graphics performance, graphics performance cost, cost graphics performance, graphics performance online, online graphics performance, graphics performance offline, offline graphics performance, graphics performance marketplace, marketplace graphics performance, graphics performance store, store graphics performance, graphics performance shop, shop graphics performance, graphics performance retailer, retailer graphics performance, graphics performance where to buy, where to buy graphics performance, graphics performance worst, worst graphics performance, graphics performance quality, quality graphics performance, graphics performance original, original graphics performance, graphics performance genuine, genuine graphics performance, graphics performance fake, fake graphics performance, graphics performance replica, replica graphics performance, graphics performance authentic, authentic graphics performance, graphics performance brand, brand graphics performance, graphics performance manufacturer, manufacturer graphics performance, graphics performance company, company graphics performance, graphics performance product, product graphics performance, graphics performance asus product, asus product graphics performance, graphics performance sell asus, sell asus graphics performance, graphics performance buy asus, buy asus graphics performance, graphics performance cheap asus, cheap asus graphics performance, graphics performance best asus, best asus graphics performance, graphics performance asus review, asus review graphics performance, graphics performance where to buy asus, where to buy asus graphics performance, graphics performance how to choose asus, how to choose asus graphics performance, graphics performance top asus, top asus graphics performance, graphics performance asus guide, asus guide graphics performance, graphics performance asus for sale, asus for sale graphics performance, graphics performance asus deals, asus deals graphics performance
2025-10-02 16:58:39,512 - INFO - Expanded 111 seed keywords to 276 variations
2025-10-02 16:58:39,512 - INFO - Language: en
2025-10-02 16:58:39,512 - INFO - Region: us
2025-10-02 17:01:04,339 - INFO - 🎯 After all filtering for 'asus': 120 relevant keywords
2025-10-02 17:01:04,362 - INFO - 🎯 Found 5 new keywords for niche 'asus': asus image quality, cheap image quality, best image quality, how to image quality, asus affordable graphics performance
2025-10-02 17:01:11,896 - INFO - ✅ Niche 'asus' process complete! 87 total keyword results.
2025-10-02 17:01:11,896 - INFO - ✅ Completed processing niche: 'asus'
2025-10-02 17:01:11,896 - INFO - 🔧 Request Handler final stats - Success rate: 100.0%
2025-10-02 17:01:11,896 - INFO -    Total requests: 17045, Blocks: 0
2025-10-02 17:01:11,897 - INFO - 
========================================
2025-10-02 17:01:11,898 - INFO - Process Summary:
2025-10-02 17:01:11,898 - INFO - - Current niche: 'asus'
2025-10-02 17:01:11,898 - INFO - - Next niche will be: 'philips'
2025-10-02 17:01:11,898 - INFO - - Keywords saved in: languages/english/keywords/asus/
2025-10-02 17:01:11,898 - INFO - ========================================
