2025-11-02 16:51:56,400 - INFO - Log file created at: /home/runner/work/potensitech.com/potensitech.com/languages/english/keywords/logs/kw_search_20251102_165156.log
2025-11-02 16:51:56,400 - INFO - ============================================================
2025-11-02 16:51:56,400 - INFO - AUTOMATIC KEYWORD RESEARCH TOOL
2025-11-02 16:51:56,400 - INFO - ============================================================
2025-11-02 16:51:56,558 - INFO - ========================================
2025-11-02 16:51:56,559 - INFO - Found 14 niches to process: xiaomi, iphone, samsung, apple, sony, asus, philips, sandisk, intel, nvidia, amd, canon, nikon, huawei
2025-11-02 16:51:56,559 - INFO - ========================================
2025-11-02 16:51:56,559 - INFO - Continuing from last processed niche: apple
2025-11-02 16:51:56,559 - INFO - ========================================
2025-11-02 16:51:56,559 - INFO - 🎯 PROCESSING NICHE 5/14: 'sony'
2025-11-02 16:51:56,559 - INFO - ========================================
2025-11-02 16:51:56,559 - INFO - 📁 Niche directory: /home/runner/work/potensitech.com/potensitech.com/languages/english/keywords/sony
2025-11-02 16:51:56,559 - INFO - Selected region: us
2025-11-02 16:51:56,559 - INFO - Selected language: en
2025-11-02 16:51:56,559 - INFO - 🎯 Current niche: sony
2025-11-02 16:51:59,240 - INFO - 🎯 Niche terms for filtering: sony, cheap, best, latest, review, price, sell, buy, recommendation, tips, tutorial, guide, how to, vs, versus, compared to, comparison, alternatives, which is better, expensive, discount, deals, sale, affordable, cost, online, offline, marketplace, store, shop, retailer, where to buy, worst, quality, original, genuine, fake, replica, authentic, brand, manufacturer, company, product, sony product, sell sony, buy sony, cheap sony, best sony, sony review, where to buy sony, how to choose sony, top sony, sony guide, sony for sale, sony deals
2025-11-02 16:51:59,241 - INFO - Generated 50 niche-clue pairs for 'sony'.
2025-11-02 16:51:59,244 - INFO - Expanded 50 seed keywords to 218 variations
2025-11-02 16:51:59,244 - INFO - 🔧 Request Handler initialized - Success rate: 100.0%
2025-11-02 16:56:24,453 - INFO - Original clue keywords: gpu performance, processor speed
2025-11-02 16:56:24,453 - INFO - Niche-focused seeds: gpu performance sony, sony gpu performance, gpu performance cheap, cheap gpu performance, gpu performance best, best gpu performance, gpu performance latest, latest gpu performance, gpu performance review, review gpu performance, gpu performance price, price gpu performance, gpu performance sell, sell gpu performance, gpu performance buy, buy gpu performance, gpu performance recommendation, recommendation gpu performance, gpu performance tips, tips gpu performance, gpu performance tutorial, tutorial gpu performance, gpu performance guide, guide gpu performance, gpu performance how to, how to gpu performance, gpu performance vs, vs gpu performance, gpu performance versus, versus gpu performance, gpu performance compared to, compared to gpu performance, gpu performance comparison, comparison gpu performance, gpu performance alternatives, alternatives gpu performance, gpu performance which is better, which is better gpu performance, gpu performance expensive, expensive gpu performance, gpu performance discount, discount gpu performance, gpu performance deals, deals gpu performance, gpu performance sale, sale gpu performance, gpu performance affordable, affordable gpu performance, gpu performance cost, cost gpu performance, gpu performance online, online gpu performance, gpu performance offline, offline gpu performance, gpu performance marketplace, marketplace gpu performance, gpu performance store, store gpu performance, gpu performance shop, shop gpu performance, gpu performance retailer, retailer gpu performance, gpu performance where to buy, where to buy gpu performance, gpu performance worst, worst gpu performance, gpu performance quality, quality gpu performance, gpu performance original, original gpu performance, gpu performance genuine, genuine gpu performance, gpu performance fake, fake gpu performance, gpu performance replica, replica gpu performance, gpu performance authentic, authentic gpu performance, gpu performance brand, brand gpu performance, gpu performance manufacturer, manufacturer gpu performance, gpu performance company, company gpu performance, gpu performance product, product gpu performance, gpu performance sony product, sony product gpu performance, gpu performance sell sony, sell sony gpu performance, gpu performance buy sony, buy sony gpu performance, gpu performance cheap sony, cheap sony gpu performance, gpu performance best sony, best sony gpu performance, gpu performance sony review, sony review gpu performance, gpu performance where to buy sony, where to buy sony gpu performance, gpu performance how to choose sony, how to choose sony gpu performance, gpu performance top sony, top sony gpu performance, gpu performance sony guide, sony guide gpu performance, gpu performance sony for sale, sony for sale gpu performance, gpu performance sony deals, sony deals gpu performance, processor speed sony, sony processor speed, processor speed cheap, cheap processor speed, processor speed best, best processor speed, processor speed latest, latest processor speed, processor speed review, review processor speed, processor speed price, price processor speed, processor speed sell, sell processor speed, processor speed buy, buy processor speed, processor speed recommendation, recommendation processor speed, processor speed tips, tips processor speed, processor speed tutorial, tutorial processor speed, processor speed guide, guide processor speed, processor speed how to, how to processor speed, processor speed vs, vs processor speed, processor speed versus, versus processor speed, processor speed compared to, compared to processor speed, processor speed comparison, comparison processor speed, processor speed alternatives, alternatives processor speed, processor speed which is better, which is better processor speed, processor speed expensive, expensive processor speed, processor speed discount, discount processor speed, processor speed deals, deals processor speed, processor speed sale, sale processor speed, processor speed affordable, affordable processor speed, processor speed cost, cost processor speed, processor speed online, online processor speed, processor speed offline, offline processor speed, processor speed marketplace, marketplace processor speed, processor speed store, store processor speed, processor speed shop, shop processor speed, processor speed retailer, retailer processor speed, processor speed where to buy, where to buy processor speed, processor speed worst, worst processor speed, processor speed quality, quality processor speed, processor speed original, original processor speed, processor speed genuine, genuine processor speed, processor speed fake, fake processor speed, processor speed replica, replica processor speed, processor speed authentic, authentic processor speed, processor speed brand, brand processor speed, processor speed manufacturer, manufacturer processor speed, processor speed company, company processor speed, processor speed product, product processor speed, processor speed sony product, sony product processor speed, processor speed sell sony, sell sony processor speed, processor speed buy sony, buy sony processor speed, processor speed cheap sony, cheap sony processor speed, processor speed best sony, best sony processor speed, processor speed sony review, sony review processor speed, processor speed where to buy sony, where to buy sony processor speed, processor speed how to choose sony, how to choose sony processor speed, processor speed top sony, top sony processor speed, processor speed sony guide, sony guide processor speed, processor speed sony for sale, sony for sale processor speed, processor speed sony deals, sony deals processor speed
2025-11-02 16:56:24,457 - INFO - Expanded 220 seed keywords to 385 variations
2025-11-02 16:56:24,457 - INFO - Language: en
2025-11-02 16:56:24,457 - INFO - Region: us
2025-11-02 16:56:54,157 - INFO - 🎯 After all filtering for 'sony': 120 relevant keywords
2025-11-02 16:56:54,942 - INFO - 🎯 Found 2 new keywords for niche 'sony': sony affordable gpu performance, sony affordable processor speed
2025-11-02 16:57:02,057 - INFO - ✅ Niche 'sony' process complete! 182 total keyword results.
2025-11-02 16:57:02,058 - INFO - ✅ Completed processing niche: 'sony'
2025-11-02 16:57:02,058 - INFO - 🔧 Request Handler final stats - Success rate: 100.0%
2025-11-02 16:57:02,058 - INFO -    Total requests: 35142, Blocks: 0
2025-11-02 16:57:02,059 - INFO - 
========================================
2025-11-02 16:57:02,059 - INFO - Process Summary:
2025-11-02 16:57:02,059 - INFO - - Current niche: 'sony'
2025-11-02 16:57:02,059 - INFO - - Next niche will be: 'asus'
2025-11-02 16:57:02,059 - INFO - - Keywords saved in: languages/english/keywords/sony/
2025-11-02 16:57:02,059 - INFO - ========================================
