2025-11-08 12:29:54,925 - INFO - Log file created at: /home/runner/work/potensitech.com/potensitech.com/languages/english/keywords/logs/kw_search_20251108_122954.log
2025-11-08 12:29:54,925 - INFO - ============================================================
2025-11-08 12:29:54,926 - INFO - AUTOMATIC KEYWORD RESEARCH TOOL
2025-11-08 12:29:54,926 - INFO - ============================================================
2025-11-08 12:29:55,094 - INFO - ========================================
2025-11-08 12:29:55,094 - INFO - Found 14 niches to process: xiaomi, iphone, samsung, apple, sony, asus, philips, sandisk, intel, nvidia, amd, canon, nikon, huawei
2025-11-08 12:29:55,094 - INFO - ========================================
2025-11-08 12:29:55,094 - INFO - Continuing from last processed niche: asus
2025-11-08 12:29:55,094 - INFO - ========================================
2025-11-08 12:29:55,094 - INFO - 🎯 PROCESSING NICHE 7/14: 'philips'
2025-11-08 12:29:55,094 - INFO - ========================================
2025-11-08 12:29:55,094 - INFO - 📁 Niche directory: /home/runner/work/potensitech.com/potensitech.com/languages/english/keywords/philips
2025-11-08 12:29:55,095 - INFO - Selected region: us
2025-11-08 12:29:55,095 - INFO - Selected language: en
2025-11-08 12:29:55,095 - INFO - 🎯 Current niche: philips
2025-11-08 12:29:57,847 - INFO - 🎯 Niche terms for filtering: philips, cheap, best, latest, review, price, sell, buy, recommendation, tips, tutorial, guide, how to, vs, versus, compared to, comparison, alternatives, which is better, expensive, discount, deals, sale, affordable, cost, online, offline, marketplace, store, shop, retailer, where to buy, worst, quality, original, genuine, fake, replica, authentic, brand, manufacturer, company, product, philips product, sell philips, buy philips, cheap philips, best philips, philips review, where to buy philips, how to choose philips, top philips, philips guide, philips for sale, philips deals
2025-11-08 12:29:57,848 - INFO - Generated 50 niche-clue pairs for 'philips'.
2025-11-08 12:29:57,851 - INFO - Expanded 50 seed keywords to 218 variations
2025-11-08 12:29:57,851 - INFO - 🔧 Request Handler initialized - Success rate: 100.0%
2025-11-08 12:34:22,784 - INFO - Original clue keywords: usb drive, flash drive
2025-11-08 12:34:22,784 - INFO - Niche-focused seeds: usb drive philips, philips usb drive, usb drive cheap, cheap usb drive, usb drive best, best usb drive, usb drive latest, latest usb drive, usb drive review, review usb drive, usb drive price, price usb drive, usb drive sell, sell usb drive, usb drive buy, buy usb drive, usb drive recommendation, recommendation usb drive, usb drive tips, tips usb drive, usb drive tutorial, tutorial usb drive, usb drive guide, guide usb drive, usb drive how to, how to usb drive, usb drive vs, vs usb drive, usb drive versus, versus usb drive, usb drive compared to, compared to usb drive, usb drive comparison, comparison usb drive, usb drive alternatives, alternatives usb drive, usb drive which is better, which is better usb drive, usb drive expensive, expensive usb drive, usb drive discount, discount usb drive, usb drive deals, deals usb drive, usb drive sale, sale usb drive, usb drive affordable, affordable usb drive, usb drive cost, cost usb drive, usb drive online, online usb drive, usb drive offline, offline usb drive, usb drive marketplace, marketplace usb drive, usb drive store, store usb drive, usb drive shop, shop usb drive, usb drive retailer, retailer usb drive, usb drive where to buy, where to buy usb drive, usb drive worst, worst usb drive, usb drive quality, quality usb drive, usb drive original, original usb drive, usb drive genuine, genuine usb drive, usb drive fake, fake usb drive, usb drive replica, replica usb drive, usb drive authentic, authentic usb drive, usb drive brand, brand usb drive, usb drive manufacturer, manufacturer usb drive, usb drive company, company usb drive, usb drive product, product usb drive, usb drive philips product, philips product usb drive, usb drive sell philips, sell philips usb drive, usb drive buy philips, buy philips usb drive, usb drive cheap philips, cheap philips usb drive, usb drive best philips, best philips usb drive, usb drive philips review, philips review usb drive, usb drive where to buy philips, where to buy philips usb drive, usb drive how to choose philips, how to choose philips usb drive, usb drive top philips, top philips usb drive, usb drive philips guide, philips guide usb drive, usb drive philips for sale, philips for sale usb drive, usb drive philips deals, philips deals usb drive, flash drive philips, philips flash drive, flash drive cheap, cheap flash drive, flash drive best, best flash drive, flash drive latest, latest flash drive, flash drive review, review flash drive, flash drive price, price flash drive, flash drive sell, sell flash drive, flash drive buy, buy flash drive, flash drive recommendation, recommendation flash drive, flash drive tips, tips flash drive, flash drive tutorial, tutorial flash drive, flash drive guide, guide flash drive, flash drive how to, how to flash drive, flash drive vs, vs flash drive, flash drive versus, versus flash drive, flash drive compared to, compared to flash drive, flash drive comparison, comparison flash drive, flash drive alternatives, alternatives flash drive, flash drive which is better, which is better flash drive, flash drive expensive, expensive flash drive, flash drive discount, discount flash drive, flash drive deals, deals flash drive, flash drive sale, sale flash drive, flash drive affordable, affordable flash drive, flash drive cost, cost flash drive, flash drive online, online flash drive, flash drive offline, offline flash drive, flash drive marketplace, marketplace flash drive, flash drive store, store flash drive, flash drive shop, shop flash drive, flash drive retailer, retailer flash drive, flash drive where to buy, where to buy flash drive, flash drive worst, worst flash drive, flash drive quality, quality flash drive, flash drive original, original flash drive, flash drive genuine, genuine flash drive, flash drive fake, fake flash drive, flash drive replica, replica flash drive, flash drive authentic, authentic flash drive, flash drive brand, brand flash drive, flash drive manufacturer, manufacturer flash drive, flash drive company, company flash drive, flash drive product, product flash drive, flash drive philips product, philips product flash drive, flash drive sell philips, sell philips flash drive, flash drive buy philips, buy philips flash drive, flash drive cheap philips, cheap philips flash drive, flash drive best philips, best philips flash drive, flash drive philips review, philips review flash drive, flash drive where to buy philips, where to buy philips flash drive, flash drive how to choose philips, how to choose philips flash drive, flash drive top philips, top philips flash drive, flash drive philips guide, philips guide flash drive, flash drive philips for sale, philips for sale flash drive, flash drive philips deals, philips deals flash drive
2025-11-08 12:34:22,787 - INFO - Expanded 220 seed keywords to 385 variations
2025-11-08 12:34:22,787 - INFO - Language: en
2025-11-08 12:34:22,787 - INFO - Region: us
2025-11-08 12:34:54,241 - INFO - 🎯 After all filtering for 'philips': 120 relevant keywords
2025-11-08 12:34:55,117 - INFO - 🎯 Found 2 new keywords for niche 'philips': philips affordable flash drive, philips alternatives usb drive
2025-11-08 12:35:01,805 - INFO - ✅ Niche 'philips' process complete! 200 total keyword results.
2025-11-08 12:35:01,805 - INFO - ✅ Completed processing niche: 'philips'
2025-11-08 12:35:01,805 - INFO - 🔧 Request Handler final stats - Success rate: 100.0%
2025-11-08 12:35:01,805 - INFO -    Total requests: 38166, Blocks: 0
2025-11-08 12:35:01,806 - INFO - 
========================================
2025-11-08 12:35:01,807 - INFO - Process Summary:
2025-11-08 12:35:01,807 - INFO - - Current niche: 'philips'
2025-11-08 12:35:01,807 - INFO - - Next niche will be: 'sandisk'
2025-11-08 12:35:01,807 - INFO - - Keywords saved in: languages/english/keywords/philips/
2025-11-08 12:35:01,807 - INFO - ========================================
