2025-10-20 16:54:58,300 - INFO - Log file created at: /home/runner/work/potensitech.com/potensitech.com/languages/english/keywords/logs/kw_search_20251020_165458.log
2025-10-20 16:54:58,300 - INFO - ============================================================
2025-10-20 16:54:58,300 - INFO - AUTOMATIC KEYWORD RESEARCH TOOL
2025-10-20 16:54:58,300 - INFO - ============================================================
2025-10-20 16:54:58,470 - INFO - ========================================
2025-10-20 16:54:58,470 - INFO - Found 14 niches to process: xiaomi, iphone, samsung, apple, sony, asus, philips, sandisk, intel, nvidia, amd, canon, nikon, huawei
2025-10-20 16:54:58,470 - INFO - ========================================
2025-10-20 16:54:58,470 - INFO - Continuing from last processed niche: samsung
2025-10-20 16:54:58,470 - INFO - ========================================
2025-10-20 16:54:58,470 - INFO - 🎯 PROCESSING NICHE 4/14: 'apple'
2025-10-20 16:54:58,470 - INFO - ========================================
2025-10-20 16:54:58,470 - INFO - 📁 Niche directory: /home/runner/work/potensitech.com/potensitech.com/languages/english/keywords/apple
2025-10-20 16:54:58,470 - INFO - Selected region: us
2025-10-20 16:54:58,470 - INFO - Selected language: en
2025-10-20 16:54:58,470 - INFO - 🎯 Current niche: apple
2025-10-20 16:55:01,138 - INFO - 🎯 Niche terms for filtering: apple, cheap, best, latest, review, price, sell, buy, recommendation, tips, tutorial, guide, how to, vs, versus, compared to, comparison, alternatives, which is better, expensive, discount, deals, sale, affordable, cost, online, offline, marketplace, store, shop, retailer, where to buy, worst, quality, original, genuine, fake, replica, authentic, brand, manufacturer, company, product, apple product, sell apple, buy apple, cheap apple, best apple, apple review, where to buy apple, how to choose apple, top apple, apple guide, apple for sale, apple deals
2025-10-20 16:55:01,138 - INFO - Generated 50 niche-clue pairs for 'apple'.
2025-10-20 16:55:01,141 - INFO - Expanded 50 seed keywords to 218 variations
2025-10-20 16:55:01,142 - INFO - 🔧 Request Handler initialized - Success rate: 100.0%
2025-10-20 16:59:27,102 - INFO - Original clue keywords: dslr photography, camera lens
2025-10-20 16:59:27,102 - INFO - Niche-focused seeds: dslr photography apple, apple dslr photography, dslr photography cheap, cheap dslr photography, dslr photography best, best dslr photography, dslr photography latest, latest dslr photography, dslr photography review, review dslr photography, dslr photography price, price dslr photography, dslr photography sell, sell dslr photography, dslr photography buy, buy dslr photography, dslr photography recommendation, recommendation dslr photography, dslr photography tips, tips dslr photography, dslr photography tutorial, tutorial dslr photography, dslr photography guide, guide dslr photography, dslr photography how to, how to dslr photography, dslr photography vs, vs dslr photography, dslr photography versus, versus dslr photography, dslr photography compared to, compared to dslr photography, dslr photography comparison, comparison dslr photography, dslr photography alternatives, alternatives dslr photography, dslr photography which is better, which is better dslr photography, dslr photography expensive, expensive dslr photography, dslr photography discount, discount dslr photography, dslr photography deals, deals dslr photography, dslr photography sale, sale dslr photography, dslr photography affordable, affordable dslr photography, dslr photography cost, cost dslr photography, dslr photography online, online dslr photography, dslr photography offline, offline dslr photography, dslr photography marketplace, marketplace dslr photography, dslr photography store, store dslr photography, dslr photography shop, shop dslr photography, dslr photography retailer, retailer dslr photography, dslr photography where to buy, where to buy dslr photography, dslr photography worst, worst dslr photography, dslr photography quality, quality dslr photography, dslr photography original, original dslr photography, dslr photography genuine, genuine dslr photography, dslr photography fake, fake dslr photography, dslr photography replica, replica dslr photography, dslr photography authentic, authentic dslr photography, dslr photography brand, brand dslr photography, dslr photography manufacturer, manufacturer dslr photography, dslr photography company, company dslr photography, dslr photography product, product dslr photography, dslr photography apple product, apple product dslr photography, dslr photography sell apple, sell apple dslr photography, dslr photography buy apple, buy apple dslr photography, dslr photography cheap apple, cheap apple dslr photography, dslr photography best apple, best apple dslr photography, dslr photography apple review, apple review dslr photography, dslr photography where to buy apple, where to buy apple dslr photography, dslr photography how to choose apple, how to choose apple dslr photography, dslr photography top apple, top apple dslr photography, dslr photography apple guide, apple guide dslr photography, dslr photography apple for sale, apple for sale dslr photography, dslr photography apple deals, apple deals dslr photography, camera lens apple, apple camera lens, camera lens cheap, cheap camera lens, camera lens best, best camera lens, camera lens latest, latest camera lens, camera lens review, review camera lens, camera lens price, price camera lens, camera lens sell, sell camera lens, camera lens buy, buy camera lens, camera lens recommendation, recommendation camera lens, camera lens tips, tips camera lens, camera lens tutorial, tutorial camera lens, camera lens guide, guide camera lens, camera lens how to, how to camera lens, camera lens vs, vs camera lens, camera lens versus, versus camera lens, camera lens compared to, compared to camera lens, camera lens comparison, comparison camera lens, camera lens alternatives, alternatives camera lens, camera lens which is better, which is better camera lens, camera lens expensive, expensive camera lens, camera lens discount, discount camera lens, camera lens deals, deals camera lens, camera lens sale, sale camera lens, camera lens affordable, affordable camera lens, camera lens cost, cost camera lens, camera lens online, online camera lens, camera lens offline, offline camera lens, camera lens marketplace, marketplace camera lens, camera lens store, store camera lens, camera lens shop, shop camera lens, camera lens retailer, retailer camera lens, camera lens where to buy, where to buy camera lens, camera lens worst, worst camera lens, camera lens quality, quality camera lens, camera lens original, original camera lens, camera lens genuine, genuine camera lens, camera lens fake, fake camera lens, camera lens replica, replica camera lens, camera lens authentic, authentic camera lens, camera lens brand, brand camera lens, camera lens manufacturer, manufacturer camera lens, camera lens company, company camera lens, camera lens product, product camera lens, camera lens apple product, apple product camera lens, camera lens sell apple, sell apple camera lens, camera lens buy apple, buy apple camera lens, camera lens cheap apple, cheap apple camera lens, camera lens best apple, best apple camera lens, camera lens apple review, apple review camera lens, camera lens where to buy apple, where to buy apple camera lens, camera lens how to choose apple, how to choose apple camera lens, camera lens top apple, top apple camera lens, camera lens apple guide, apple guide camera lens, camera lens apple for sale, apple for sale camera lens, camera lens apple deals, apple deals camera lens
2025-10-20 16:59:27,105 - INFO - Expanded 220 seed keywords to 385 variations
2025-10-20 16:59:27,105 - INFO - Language: en
2025-10-20 16:59:27,105 - INFO - Region: us
2025-10-20 17:01:39,256 - INFO - 🎯 After all filtering for 'apple': 120 relevant keywords
2025-10-20 17:01:39,512 - INFO - 🎯 Found 5 new keywords for niche 'apple': apple affordable camera lens, apple affordable dslr photography, cheap alternatives dslr photography, best authentic dslr photography, how to brand dslr photography
2025-10-20 17:01:49,543 - INFO - ✅ Niche 'apple' process complete! 122 total keyword results.
2025-10-20 17:01:49,544 - INFO - ✅ Completed processing niche: 'apple'
2025-10-20 17:01:49,544 - INFO - 🔧 Request Handler final stats - Success rate: 100.0%
2025-10-20 17:01:49,544 - INFO -    Total requests: 28978, Blocks: 0
2025-10-20 17:01:49,545 - INFO - 
========================================
2025-10-20 17:01:49,545 - INFO - Process Summary:
2025-10-20 17:01:49,545 - INFO - - Current niche: 'apple'
2025-10-20 17:01:49,545 - INFO - - Next niche will be: 'sony'
2025-10-20 17:01:49,545 - INFO - - Keywords saved in: languages/english/keywords/apple/
2025-10-20 17:01:49,546 - INFO - ========================================
