2025-09-19 21:43:39,513 - INFO - Log file created at: /home/runner/work/potensitech.com/potensitech.com/languages/english/keywords/logs/kw_search_20250919_214339.log
2025-09-19 21:43:39,513 - INFO - ============================================================
2025-09-19 21:43:39,514 - INFO - AUTOMATIC KEYWORD RESEARCH TOOL
2025-09-19 21:43:39,514 - INFO - ============================================================
2025-09-19 21:43:39,638 - INFO - ========================================
2025-09-19 21:43:39,638 - INFO - Found 14 niches to process: xiaomi, iphone, samsung, apple, sony, asus, philips, sandisk, intel, nvidia, amd, canon, nikon, huawei
2025-09-19 21:43:39,638 - INFO - ========================================
2025-09-19 21:43:39,638 - INFO - Continuing from last processed niche: samsung
2025-09-19 21:43:39,638 - INFO - ========================================
2025-09-19 21:43:39,638 - INFO - 🎯 PROCESSING NICHE 4/14: 'apple'
2025-09-19 21:43:39,638 - INFO - ========================================
2025-09-19 21:43:39,638 - INFO - 📁 Niche directory: /home/runner/work/potensitech.com/potensitech.com/languages/english/keywords/apple
2025-09-19 21:43:39,638 - INFO - Selected region: us
2025-09-19 21:43:39,638 - INFO - Selected language: en
2025-09-19 21:43:39,638 - INFO - 🎯 Current niche: apple
2025-09-19 21:43:45,801 - INFO - 🎯 Niche terms for filtering: apple, cheap, best, latest, review, price, sell, buy, recommendation, tips, tutorial, guide, how to, vs, versus, compared to, comparison, alternatives, which is better, expensive, discount, deals, sale, affordable, cost, online, offline, marketplace, store, shop, retailer, where to buy, worst, quality, original, genuine, fake, replica, authentic, brand, manufacturer, company, product, apple product, sell apple, buy apple, cheap apple, best apple, apple review, where to buy apple, how to choose apple, top apple, apple guide, apple for sale, apple deals
2025-09-19 21:43:45,801 - INFO - Generated 50 niche-clue pairs for 'apple'.
2025-09-19 21:43:45,804 - INFO - Expanded 50 seed keywords to 218 variations
2025-09-19 21:43:45,805 - INFO - 🔧 Request Handler initialized - Success rate: 100.0%
2025-09-19 21:48:09,908 - INFO - Original clue keywords: camera resolution, autofocus speed
2025-09-19 21:48:09,908 - INFO - Niche-focused seeds: camera resolution apple, apple camera resolution, camera resolution cheap, cheap camera resolution, camera resolution best, best camera resolution, camera resolution latest, latest camera resolution, camera resolution review, review camera resolution, camera resolution price, price camera resolution, camera resolution sell, sell camera resolution, camera resolution buy, buy camera resolution, camera resolution recommendation, recommendation camera resolution, camera resolution tips, tips camera resolution, camera resolution tutorial, tutorial camera resolution, camera resolution guide, guide camera resolution, camera resolution how to, how to camera resolution, camera resolution vs, vs camera resolution, camera resolution versus, versus camera resolution, camera resolution compared to, compared to camera resolution, camera resolution comparison, comparison camera resolution, camera resolution alternatives, alternatives camera resolution, camera resolution which is better, which is better camera resolution, camera resolution expensive, expensive camera resolution, camera resolution discount, discount camera resolution, camera resolution deals, deals camera resolution, camera resolution sale, sale camera resolution, camera resolution affordable, affordable camera resolution, camera resolution cost, cost camera resolution, camera resolution online, online camera resolution, camera resolution offline, offline camera resolution, camera resolution marketplace, marketplace camera resolution, camera resolution store, store camera resolution, camera resolution shop, shop camera resolution, camera resolution retailer, retailer camera resolution, camera resolution where to buy, where to buy camera resolution, camera resolution worst, worst camera resolution, camera resolution quality, quality camera resolution, camera resolution original, original camera resolution, camera resolution genuine, genuine camera resolution, camera resolution fake, fake camera resolution, camera resolution replica, replica camera resolution, camera resolution authentic, authentic camera resolution, camera resolution brand, brand camera resolution, camera resolution manufacturer, manufacturer camera resolution, camera resolution company, company camera resolution, camera resolution product, product camera resolution, camera resolution apple product, apple product camera resolution, camera resolution sell apple, sell apple camera resolution, camera resolution buy apple, buy apple camera resolution, camera resolution cheap apple, cheap apple camera resolution, camera resolution best apple, best apple camera resolution, camera resolution apple review, apple review camera resolution, camera resolution where to buy apple, where to buy apple camera resolution, camera resolution how to choose apple, how to choose apple camera resolution, camera resolution top apple, top apple camera resolution, camera resolution apple guide, apple guide camera resolution, camera resolution apple for sale, apple for sale camera resolution, camera resolution apple deals, apple deals camera resolution, autofocus speed apple, apple autofocus speed, autofocus speed cheap, cheap autofocus speed, autofocus speed best, best autofocus speed, autofocus speed latest, latest autofocus speed, autofocus speed review, review autofocus speed, autofocus speed price, price autofocus speed, autofocus speed sell, sell autofocus speed, autofocus speed buy, buy autofocus speed, autofocus speed recommendation, recommendation autofocus speed, autofocus speed tips, tips autofocus speed, autofocus speed tutorial, tutorial autofocus speed, autofocus speed guide, guide autofocus speed, autofocus speed how to, how to autofocus speed, autofocus speed vs, vs autofocus speed, autofocus speed versus, versus autofocus speed, autofocus speed compared to, compared to autofocus speed, autofocus speed comparison, comparison autofocus speed, autofocus speed alternatives, alternatives autofocus speed, autofocus speed which is better, which is better autofocus speed, autofocus speed expensive, expensive autofocus speed, autofocus speed discount, discount autofocus speed, autofocus speed deals, deals autofocus speed, autofocus speed sale, sale autofocus speed, autofocus speed affordable, affordable autofocus speed, autofocus speed cost, cost autofocus speed, autofocus speed online, online autofocus speed, autofocus speed offline, offline autofocus speed, autofocus speed marketplace, marketplace autofocus speed, autofocus speed store, store autofocus speed, autofocus speed shop, shop autofocus speed, autofocus speed retailer, retailer autofocus speed, autofocus speed where to buy, where to buy autofocus speed, autofocus speed worst, worst autofocus speed, autofocus speed quality, quality autofocus speed, autofocus speed original, original autofocus speed, autofocus speed genuine, genuine autofocus speed, autofocus speed fake, fake autofocus speed, autofocus speed replica, replica autofocus speed, autofocus speed authentic, authentic autofocus speed, autofocus speed brand, brand autofocus speed, autofocus speed manufacturer, manufacturer autofocus speed, autofocus speed company, company autofocus speed, autofocus speed product, product autofocus speed, autofocus speed apple product, apple product autofocus speed, autofocus speed sell apple, sell apple autofocus speed, autofocus speed buy apple, buy apple autofocus speed, autofocus speed cheap apple, cheap apple autofocus speed, autofocus speed best apple, best apple autofocus speed, autofocus speed apple review, apple review autofocus speed, autofocus speed where to buy apple, where to buy apple autofocus speed, autofocus speed how to choose apple, how to choose apple autofocus speed, autofocus speed top apple, top apple autofocus speed, autofocus speed apple guide, apple guide autofocus speed, autofocus speed apple for sale, apple for sale autofocus speed, autofocus speed apple deals, apple deals autofocus speed
2025-09-19 21:48:09,911 - INFO - Expanded 220 seed keywords to 385 variations
2025-09-19 21:48:09,911 - INFO - Language: en
2025-09-19 21:48:09,911 - INFO - Region: us
2025-09-19 21:52:43,015 - INFO - 🎯 After all filtering for 'apple': 119 relevant keywords
2025-09-19 21:52:43,049 - INFO - 🎯 Found 5 new keywords for niche 'apple': apple affordable autofocus speed, apple affordable camera resolution, cheap alternatives autofocus speed, cheap alternatives camera resolution, best authentic autofocus speed
2025-09-19 21:53:44,764 - INFO - ✅ Niche 'apple' process complete! 22 total keyword results.
2025-09-19 21:53:44,765 - INFO - ✅ Completed processing niche: 'apple'
2025-09-19 21:53:44,765 - INFO - 🔧 Request Handler final stats - Success rate: 100.0%
2025-09-19 21:53:44,765 - INFO -    Total requests: 7494, Blocks: 0
2025-09-19 21:53:44,766 - INFO - 
========================================
2025-09-19 21:53:44,766 - INFO - Process Summary:
2025-09-19 21:53:44,766 - INFO - - Current niche: 'apple'
2025-09-19 21:53:44,766 - INFO - - Next niche will be: 'sony'
2025-09-19 21:53:44,766 - INFO - - Keywords saved in: languages/english/keywords/apple/
2025-09-19 21:53:44,766 - INFO - ========================================
