2025-11-11 07:31:40,970 - INFO - Log file created at: /home/runner/work/potensitech.com/potensitech.com/languages/english/keywords/logs/kw_search_20251111_073140.log
2025-11-11 07:31:40,971 - INFO - ============================================================
2025-11-11 07:31:40,971 - INFO - AUTOMATIC KEYWORD RESEARCH TOOL
2025-11-11 07:31:40,971 - INFO - ============================================================
2025-11-11 07:31:41,148 - INFO - ========================================
2025-11-11 07:31:41,148 - INFO - Found 14 niches to process: xiaomi, iphone, samsung, apple, sony, asus, philips, sandisk, intel, nvidia, amd, canon, nikon, huawei
2025-11-11 07:31:41,148 - INFO - ========================================
2025-11-11 07:31:41,148 - INFO - Continuing from last processed niche: asus
2025-11-11 07:31:41,148 - INFO - ========================================
2025-11-11 07:31:41,148 - INFO - 🎯 PROCESSING NICHE 7/14: 'philips'
2025-11-11 07:31:41,149 - INFO - ========================================
2025-11-11 07:31:41,149 - INFO - 📁 Niche directory: /home/runner/work/potensitech.com/potensitech.com/languages/english/keywords/philips
2025-11-11 07:31:41,149 - INFO - Selected region: us
2025-11-11 07:31:41,149 - INFO - Selected language: en
2025-11-11 07:31:41,149 - INFO - 🎯 Current niche: philips
2025-11-11 07:31:43,974 - INFO - 🎯 Niche terms for filtering: philips, cheap, best, latest, review, price, sell, buy, recommendation, tips, tutorial, guide, how to, vs, versus, compared to, comparison, alternatives, which is better, expensive, discount, deals, sale, affordable, cost, online, offline, marketplace, store, shop, retailer, where to buy, worst, quality, original, genuine, fake, replica, authentic, brand, manufacturer, company, product, philips product, sell philips, buy philips, cheap philips, best philips, philips review, where to buy philips, how to choose philips, top philips, philips guide, philips for sale, philips deals
2025-11-11 07:31:43,974 - INFO - Generated 50 niche-clue pairs for 'philips'.
2025-11-11 07:31:43,977 - INFO - Expanded 50 seed keywords to 218 variations
2025-11-11 07:31:43,978 - INFO - 🔧 Request Handler initialized - Success rate: 100.0%
2025-11-11 07:36:07,023 - INFO - Original clue keywords: processor performance, core efficiency
2025-11-11 07:36:07,023 - INFO - Niche-focused seeds: processor performance philips, philips processor performance, processor performance cheap, cheap processor performance, processor performance best, best processor performance, processor performance latest, latest processor performance, processor performance review, review processor performance, processor performance price, price processor performance, processor performance sell, sell processor performance, processor performance buy, buy processor performance, processor performance recommendation, recommendation processor performance, processor performance tips, tips processor performance, processor performance tutorial, tutorial processor performance, processor performance guide, guide processor performance, processor performance how to, how to processor performance, processor performance vs, vs processor performance, processor performance versus, versus processor performance, processor performance compared to, compared to processor performance, processor performance comparison, comparison processor performance, processor performance alternatives, alternatives processor performance, processor performance which is better, which is better processor performance, processor performance expensive, expensive processor performance, processor performance discount, discount processor performance, processor performance deals, deals processor performance, processor performance sale, sale processor performance, processor performance affordable, affordable processor performance, processor performance cost, cost processor performance, processor performance online, online processor performance, processor performance offline, offline processor performance, processor performance marketplace, marketplace processor performance, processor performance store, store processor performance, processor performance shop, shop processor performance, processor performance retailer, retailer processor performance, processor performance where to buy, where to buy processor performance, processor performance worst, worst processor performance, processor performance quality, quality processor performance, processor performance original, original processor performance, processor performance genuine, genuine processor performance, processor performance fake, fake processor performance, processor performance replica, replica processor performance, processor performance authentic, authentic processor performance, processor performance brand, brand processor performance, processor performance manufacturer, manufacturer processor performance, processor performance company, company processor performance, processor performance product, product processor performance, processor performance philips product, philips product processor performance, processor performance sell philips, sell philips processor performance, processor performance buy philips, buy philips processor performance, processor performance cheap philips, cheap philips processor performance, processor performance best philips, best philips processor performance, processor performance philips review, philips review processor performance, processor performance where to buy philips, where to buy philips processor performance, processor performance how to choose philips, how to choose philips processor performance, processor performance top philips, top philips processor performance, processor performance philips guide, philips guide processor performance, processor performance philips for sale, philips for sale processor performance, processor performance philips deals, philips deals processor performance, core efficiency philips, philips core efficiency, core efficiency cheap, cheap core efficiency, core efficiency best, best core efficiency, core efficiency latest, latest core efficiency, core efficiency review, review core efficiency, core efficiency price, price core efficiency, core efficiency sell, sell core efficiency, core efficiency buy, buy core efficiency, core efficiency recommendation, recommendation core efficiency, core efficiency tips, tips core efficiency, core efficiency tutorial, tutorial core efficiency, core efficiency guide, guide core efficiency, core efficiency how to, how to core efficiency, core efficiency vs, vs core efficiency, core efficiency versus, versus core efficiency, core efficiency compared to, compared to core efficiency, core efficiency comparison, comparison core efficiency, core efficiency alternatives, alternatives core efficiency, core efficiency which is better, which is better core efficiency, core efficiency expensive, expensive core efficiency, core efficiency discount, discount core efficiency, core efficiency deals, deals core efficiency, core efficiency sale, sale core efficiency, core efficiency affordable, affordable core efficiency, core efficiency cost, cost core efficiency, core efficiency online, online core efficiency, core efficiency offline, offline core efficiency, core efficiency marketplace, marketplace core efficiency, core efficiency store, store core efficiency, core efficiency shop, shop core efficiency, core efficiency retailer, retailer core efficiency, core efficiency where to buy, where to buy core efficiency, core efficiency worst, worst core efficiency, core efficiency quality, quality core efficiency, core efficiency original, original core efficiency, core efficiency genuine, genuine core efficiency, core efficiency fake, fake core efficiency, core efficiency replica, replica core efficiency, core efficiency authentic, authentic core efficiency, core efficiency brand, brand core efficiency, core efficiency manufacturer, manufacturer core efficiency, core efficiency company, company core efficiency, core efficiency product, product core efficiency, core efficiency philips product, philips product core efficiency, core efficiency sell philips, sell philips core efficiency, core efficiency buy philips, buy philips core efficiency, core efficiency cheap philips, cheap philips core efficiency, core efficiency best philips, best philips core efficiency, core efficiency philips review, philips review core efficiency, core efficiency where to buy philips, where to buy philips core efficiency, core efficiency how to choose philips, how to choose philips core efficiency, core efficiency top philips, top philips core efficiency, core efficiency philips guide, philips guide core efficiency, core efficiency philips for sale, philips for sale core efficiency, core efficiency philips deals, philips deals core efficiency
2025-11-11 07:36:07,026 - INFO - Expanded 220 seed keywords to 385 variations
2025-11-11 07:36:07,026 - INFO - Language: en
2025-11-11 07:36:07,026 - INFO - Region: us
2025-11-11 07:40:38,885 - INFO - 🎯 After all filtering for 'philips': 120 relevant keywords
2025-11-11 07:40:39,295 - INFO - 🎯 Found 5 new keywords for niche 'philips': philips affordable core efficiency, philips affordable processor performance, cheap alternatives core efficiency, cheap alternatives processor performance, best authentic core efficiency
2025-11-11 07:40:49,235 - INFO - ✅ Niche 'philips' process complete! 208 total keyword results.
2025-11-11 07:40:49,236 - INFO - ✅ Completed processing niche: 'philips'
2025-11-11 07:40:49,236 - INFO - 🔧 Request Handler final stats - Success rate: 100.0%
2025-11-11 07:40:49,236 - INFO -    Total requests: 40356, Blocks: 0
2025-11-11 07:40:49,237 - INFO - 
========================================
2025-11-11 07:40:49,237 - INFO - Process Summary:
2025-11-11 07:40:49,237 - INFO - - Current niche: 'philips'
2025-11-11 07:40:49,237 - INFO - - Next niche will be: 'sandisk'
2025-11-11 07:40:49,237 - INFO - - Keywords saved in: languages/english/keywords/philips/
2025-11-11 07:40:49,237 - INFO - ========================================
