2025-10-04 01:50:04,214 - INFO - Log file created at: /home/runner/work/potensitech.com/potensitech.com/languages/english/keywords/logs/kw_search_20251004_015004.log
2025-10-04 01:50:04,214 - INFO - ============================================================
2025-10-04 01:50:04,214 - INFO - AUTOMATIC KEYWORD RESEARCH TOOL
2025-10-04 01:50:04,214 - INFO - ============================================================
2025-10-04 01:50:04,354 - INFO - ========================================
2025-10-04 01:50:04,354 - INFO - Found 14 niches to process: xiaomi, iphone, samsung, apple, sony, asus, philips, sandisk, intel, nvidia, amd, canon, nikon, huawei
2025-10-04 01:50:04,354 - INFO - ========================================
2025-10-04 01:50:04,354 - INFO - Continuing from last processed niche: apple
2025-10-04 01:50:04,354 - INFO - ========================================
2025-10-04 01:50:04,354 - INFO - 🎯 PROCESSING NICHE 5/14: 'sony'
2025-10-04 01:50:04,354 - INFO - ========================================
2025-10-04 01:50:04,354 - INFO - 📁 Niche directory: /home/runner/work/potensitech.com/potensitech.com/languages/english/keywords/sony
2025-10-04 01:50:04,354 - INFO - Selected region: us
2025-10-04 01:50:04,355 - INFO - Selected language: en
2025-10-04 01:50:04,355 - INFO - 🎯 Current niche: sony
2025-10-04 01:50:06,706 - INFO - 🎯 Niche terms for filtering: sony, cheap, best, latest, review, price, sell, buy, recommendation, tips, tutorial, guide, how to, vs, versus, compared to, comparison, alternatives, which is better, expensive, discount, deals, sale, affordable, cost, online, offline, marketplace, store, shop, retailer, where to buy, worst, quality, original, genuine, fake, replica, authentic, brand, manufacturer, company, product, sony product, sell sony, buy sony, cheap sony, best sony, sony review, where to buy sony, how to choose sony, top sony, sony guide, sony for sale, sony deals
2025-10-04 01:50:06,706 - INFO - Generated 50 niche-clue pairs for 'sony'.
2025-10-04 01:50:06,709 - INFO - Expanded 50 seed keywords to 218 variations
2025-10-04 01:50:06,710 - INFO - 🔧 Request Handler initialized - Success rate: 100.0%
2025-10-04 01:54:28,482 - INFO - Original clue keywords: dslr quality, image quality
2025-10-04 01:54:28,482 - INFO - Niche-focused seeds: dslr quality, image quality
2025-10-04 01:54:28,484 - INFO - Expanded 2 seed keywords to 32 variations
2025-10-04 01:54:28,485 - INFO - Language: en
2025-10-04 01:54:28,485 - INFO - Region: us
2025-10-04 01:58:25,301 - INFO - 🎯 After all filtering for 'sony': 120 relevant keywords
2025-10-04 01:58:25,325 - INFO - 🎯 Found 5 new keywords for niche 'sony': sony dslr quality, cheap dslr quality, best dslr quality, how to dslr quality, sony image quality
2025-10-04 01:58:31,461 - INFO - ✅ Niche 'sony' process complete! 98 total keyword results.
2025-10-04 01:58:31,461 - INFO - ✅ Completed processing niche: 'sony'
2025-10-04 01:58:31,461 - INFO - 🔧 Request Handler final stats - Success rate: 100.0%
2025-10-04 01:58:31,461 - INFO -    Total requests: 18136, Blocks: 0
2025-10-04 01:58:31,462 - INFO - 
========================================
2025-10-04 01:58:31,462 - INFO - Process Summary:
2025-10-04 01:58:31,462 - INFO - - Current niche: 'sony'
2025-10-04 01:58:31,463 - INFO - - Next niche will be: 'asus'
2025-10-04 01:58:31,463 - INFO - - Keywords saved in: languages/english/keywords/sony/
2025-10-04 01:58:31,463 - INFO - ========================================
