2025-10-12 12:28:57,543 - INFO - Log file created at: /home/runner/work/potensitech.com/potensitech.com/languages/english/keywords/logs/kw_search_20251012_122857.log
2025-10-12 12:28:57,543 - INFO - ============================================================
2025-10-12 12:28:57,543 - INFO - AUTOMATIC KEYWORD RESEARCH TOOL
2025-10-12 12:28:57,543 - INFO - ============================================================
2025-10-12 12:28:57,703 - INFO - ========================================
2025-10-12 12:28:57,703 - INFO - Found 14 niches to process: xiaomi, iphone, samsung, apple, sony, asus, philips, sandisk, intel, nvidia, amd, canon, nikon, huawei
2025-10-12 12:28:57,703 - INFO - ========================================
2025-10-12 12:28:57,703 - INFO - Continuing from last processed niche: sony
2025-10-12 12:28:57,703 - INFO - ========================================
2025-10-12 12:28:57,703 - INFO - 🎯 PROCESSING NICHE 6/14: 'asus'
2025-10-12 12:28:57,703 - INFO - ========================================
2025-10-12 12:28:57,704 - INFO - 📁 Niche directory: /home/runner/work/potensitech.com/potensitech.com/languages/english/keywords/asus
2025-10-12 12:28:57,704 - INFO - Selected region: us
2025-10-12 12:28:57,704 - INFO - Selected language: en
2025-10-12 12:28:57,704 - INFO - 🎯 Current niche: asus
2025-10-12 12:29:00,089 - INFO - 🎯 Niche terms for filtering: asus, cheap, best, latest, review, price, sell, buy, recommendation, tips, tutorial, guide, how to, vs, versus, compared to, comparison, alternatives, which is better, expensive, discount, deals, sale, affordable, cost, online, offline, marketplace, store, shop, retailer, where to buy, worst, quality, original, genuine, fake, replica, authentic, brand, manufacturer, company, product, asus product, sell asus, buy asus, cheap asus, best asus, asus review, where to buy asus, how to choose asus, top asus, asus guide, asus for sale, asus deals
2025-10-12 12:29:00,089 - INFO - Generated 50 niche-clue pairs for 'asus'.
2025-10-12 12:29:00,092 - INFO - Expanded 50 seed keywords to 218 variations
2025-10-12 12:29:00,093 - INFO - 🔧 Request Handler initialized - Success rate: 100.0%
2025-10-12 12:33:25,736 - INFO - Original clue keywords: smartphone camera, battery life
2025-10-12 12:33:25,736 - INFO - Niche-focused seeds: smartphone camera asus, asus smartphone camera, smartphone camera cheap, cheap smartphone camera, smartphone camera best, best smartphone camera, smartphone camera latest, latest smartphone camera, smartphone camera review, review smartphone camera, smartphone camera price, price smartphone camera, smartphone camera sell, sell smartphone camera, smartphone camera buy, buy smartphone camera, smartphone camera recommendation, recommendation smartphone camera, smartphone camera tips, tips smartphone camera, smartphone camera tutorial, tutorial smartphone camera, smartphone camera guide, guide smartphone camera, smartphone camera how to, how to smartphone camera, smartphone camera vs, vs smartphone camera, smartphone camera versus, versus smartphone camera, smartphone camera compared to, compared to smartphone camera, smartphone camera comparison, comparison smartphone camera, smartphone camera alternatives, alternatives smartphone camera, smartphone camera which is better, which is better smartphone camera, smartphone camera expensive, expensive smartphone camera, smartphone camera discount, discount smartphone camera, smartphone camera deals, deals smartphone camera, smartphone camera sale, sale smartphone camera, smartphone camera affordable, affordable smartphone camera, smartphone camera cost, cost smartphone camera, smartphone camera online, online smartphone camera, smartphone camera offline, offline smartphone camera, smartphone camera marketplace, marketplace smartphone camera, smartphone camera store, store smartphone camera, smartphone camera shop, shop smartphone camera, smartphone camera retailer, retailer smartphone camera, smartphone camera where to buy, where to buy smartphone camera, smartphone camera worst, worst smartphone camera, smartphone camera quality, quality smartphone camera, smartphone camera original, original smartphone camera, smartphone camera genuine, genuine smartphone camera, smartphone camera fake, fake smartphone camera, smartphone camera replica, replica smartphone camera, smartphone camera authentic, authentic smartphone camera, smartphone camera brand, brand smartphone camera, smartphone camera manufacturer, manufacturer smartphone camera, smartphone camera company, company smartphone camera, smartphone camera product, product smartphone camera, smartphone camera asus product, asus product smartphone camera, smartphone camera sell asus, sell asus smartphone camera, smartphone camera buy asus, buy asus smartphone camera, smartphone camera cheap asus, cheap asus smartphone camera, smartphone camera best asus, best asus smartphone camera, smartphone camera asus review, asus review smartphone camera, smartphone camera where to buy asus, where to buy asus smartphone camera, smartphone camera how to choose asus, how to choose asus smartphone camera, smartphone camera top asus, top asus smartphone camera, smartphone camera asus guide, asus guide smartphone camera, smartphone camera asus for sale, asus for sale smartphone camera, smartphone camera asus deals, asus deals smartphone camera, battery life asus, asus battery life, battery life cheap, cheap battery life, battery life best, best battery life, battery life latest, latest battery life, battery life review, review battery life, battery life price, price battery life, battery life sell, sell battery life, battery life buy, buy battery life, battery life recommendation, recommendation battery life, battery life tips, tips battery life, battery life tutorial, tutorial battery life, battery life guide, guide battery life, battery life how to, how to battery life, battery life vs, vs battery life, battery life versus, versus battery life, battery life compared to, compared to battery life, battery life comparison, comparison battery life, battery life alternatives, alternatives battery life, battery life which is better, which is better battery life, battery life expensive, expensive battery life, battery life discount, discount battery life, battery life deals, deals battery life, battery life sale, sale battery life, battery life affordable, affordable battery life, battery life cost, cost battery life, battery life online, online battery life, battery life offline, offline battery life, battery life marketplace, marketplace battery life, battery life store, store battery life, battery life shop, shop battery life, battery life retailer, retailer battery life, battery life where to buy, where to buy battery life, battery life worst, worst battery life, battery life quality, quality battery life, battery life original, original battery life, battery life genuine, genuine battery life, battery life fake, fake battery life, battery life replica, replica battery life, battery life authentic, authentic battery life, battery life brand, brand battery life, battery life manufacturer, manufacturer battery life, battery life company, company battery life, battery life product, product battery life, battery life asus product, asus product battery life, battery life sell asus, sell asus battery life, battery life buy asus, buy asus battery life, battery life cheap asus, cheap asus battery life, battery life best asus, best asus battery life, battery life asus review, asus review battery life, battery life where to buy asus, where to buy asus battery life, battery life how to choose asus, how to choose asus battery life, battery life top asus, top asus battery life, battery life asus guide, asus guide battery life, battery life asus for sale, asus for sale battery life, battery life asus deals, asus deals battery life
2025-10-12 12:33:25,739 - INFO - Expanded 220 seed keywords to 385 variations
2025-10-12 12:33:25,739 - INFO - Language: en
2025-10-12 12:33:25,739 - INFO - Region: us
2025-10-12 12:33:59,903 - INFO - 🎯 After all filtering for 'asus': 119 relevant keywords
2025-10-12 12:33:59,962 - INFO - 🎯 Found 2 new keywords for niche 'asus': asus affordable battery life, asus affordable smartphone camera
2025-10-12 12:34:07,510 - INFO - ✅ Niche 'asus' process complete! 127 total keyword results.
2025-10-12 12:34:07,510 - INFO - ✅ Completed processing niche: 'asus'
2025-10-12 12:34:07,510 - INFO - 🔧 Request Handler final stats - Success rate: 100.0%
2025-10-12 12:34:07,510 - INFO -    Total requests: 24507, Blocks: 0
2025-10-12 12:34:07,511 - INFO - 
========================================
2025-10-12 12:34:07,511 - INFO - Process Summary:
2025-10-12 12:34:07,511 - INFO - - Current niche: 'asus'
2025-10-12 12:34:07,511 - INFO - - Next niche will be: 'philips'
2025-10-12 12:34:07,511 - INFO - - Keywords saved in: languages/english/keywords/asus/
2025-10-12 12:34:07,512 - INFO - ========================================
