2025-10-29 09:44:11,602 - INFO - Log file created at: /home/runner/work/potensitech.com/potensitech.com/languages/english/keywords/logs/kw_search_20251029_094411.log
2025-10-29 09:44:11,602 - INFO - ============================================================
2025-10-29 09:44:11,602 - INFO - AUTOMATIC KEYWORD RESEARCH TOOL
2025-10-29 09:44:11,602 - INFO - ============================================================
2025-10-29 09:44:11,766 - INFO - ========================================
2025-10-29 09:44:11,766 - INFO - Found 14 niches to process: xiaomi, iphone, samsung, apple, sony, asus, philips, sandisk, intel, nvidia, amd, canon, nikon, huawei
2025-10-29 09:44:11,766 - INFO - ========================================
2025-10-29 09:44:11,766 - INFO - Continuing from last processed niche: samsung
2025-10-29 09:44:11,766 - INFO - ========================================
2025-10-29 09:44:11,766 - INFO - 🎯 PROCESSING NICHE 4/14: 'apple'
2025-10-29 09:44:11,766 - INFO - ========================================
2025-10-29 09:44:11,766 - INFO - 📁 Niche directory: /home/runner/work/potensitech.com/potensitech.com/languages/english/keywords/apple
2025-10-29 09:44:11,766 - INFO - Selected region: us
2025-10-29 09:44:11,766 - INFO - Selected language: en
2025-10-29 09:44:11,766 - INFO - 🎯 Current niche: apple
2025-10-29 09:44:29,585 - INFO - 🎯 Niche terms for filtering: apple, cheap, best, latest, review, price, sell, buy, recommendation, tips, tutorial, guide, how to, vs, versus, compared to, comparison, alternatives, which is better, expensive, discount, deals, sale, affordable, cost, online, offline, marketplace, store, shop, retailer, where to buy, worst, quality, original, genuine, fake, replica, authentic, brand, manufacturer, company, product, apple product, sell apple, buy apple, cheap apple, best apple, apple review, where to buy apple, how to choose apple, top apple, apple guide, apple for sale, apple deals
2025-10-29 09:44:29,585 - INFO - Generated 50 niche-clue pairs for 'apple'.
2025-10-29 09:44:29,588 - INFO - Expanded 50 seed keywords to 218 variations
2025-10-29 09:44:29,589 - INFO - 🔧 Request Handler initialized - Success rate: 100.0%
2025-10-29 09:48:55,316 - INFO - Original clue keywords: dslr photography, mirrorless technology
2025-10-29 09:48:55,317 - INFO - Niche-focused seeds: dslr photography apple, apple dslr photography, dslr photography cheap, cheap dslr photography, dslr photography best, best dslr photography, dslr photography latest, latest dslr photography, dslr photography review, review dslr photography, dslr photography price, price dslr photography, dslr photography sell, sell dslr photography, dslr photography buy, buy dslr photography, dslr photography recommendation, recommendation dslr photography, dslr photography tips, tips dslr photography, dslr photography tutorial, tutorial dslr photography, dslr photography guide, guide dslr photography, dslr photography how to, how to dslr photography, dslr photography vs, vs dslr photography, dslr photography versus, versus dslr photography, dslr photography compared to, compared to dslr photography, dslr photography comparison, comparison dslr photography, dslr photography alternatives, alternatives dslr photography, dslr photography which is better, which is better dslr photography, dslr photography expensive, expensive dslr photography, dslr photography discount, discount dslr photography, dslr photography deals, deals dslr photography, dslr photography sale, sale dslr photography, dslr photography affordable, affordable dslr photography, dslr photography cost, cost dslr photography, dslr photography online, online dslr photography, dslr photography offline, offline dslr photography, dslr photography marketplace, marketplace dslr photography, dslr photography store, store dslr photography, dslr photography shop, shop dslr photography, dslr photography retailer, retailer dslr photography, dslr photography where to buy, where to buy dslr photography, dslr photography worst, worst dslr photography, dslr photography quality, quality dslr photography, dslr photography original, original dslr photography, dslr photography genuine, genuine dslr photography, dslr photography fake, fake dslr photography, dslr photography replica, replica dslr photography, dslr photography authentic, authentic dslr photography, dslr photography brand, brand dslr photography, dslr photography manufacturer, manufacturer dslr photography, dslr photography company, company dslr photography, dslr photography product, product dslr photography, dslr photography apple product, apple product dslr photography, dslr photography sell apple, sell apple dslr photography, dslr photography buy apple, buy apple dslr photography, dslr photography cheap apple, cheap apple dslr photography, dslr photography best apple, best apple dslr photography, dslr photography apple review, apple review dslr photography, dslr photography where to buy apple, where to buy apple dslr photography, dslr photography how to choose apple, how to choose apple dslr photography, dslr photography top apple, top apple dslr photography, dslr photography apple guide, apple guide dslr photography, dslr photography apple for sale, apple for sale dslr photography, dslr photography apple deals, apple deals dslr photography, mirrorless technology apple, apple mirrorless technology, mirrorless technology cheap, cheap mirrorless technology, mirrorless technology best, best mirrorless technology, mirrorless technology latest, latest mirrorless technology, mirrorless technology review, review mirrorless technology, mirrorless technology price, price mirrorless technology, mirrorless technology sell, sell mirrorless technology, mirrorless technology buy, buy mirrorless technology, mirrorless technology recommendation, recommendation mirrorless technology, mirrorless technology tips, tips mirrorless technology, mirrorless technology tutorial, tutorial mirrorless technology, mirrorless technology guide, guide mirrorless technology, mirrorless technology how to, how to mirrorless technology, mirrorless technology vs, vs mirrorless technology, mirrorless technology versus, versus mirrorless technology, mirrorless technology compared to, compared to mirrorless technology, mirrorless technology comparison, comparison mirrorless technology, mirrorless technology alternatives, alternatives mirrorless technology, mirrorless technology which is better, which is better mirrorless technology, mirrorless technology expensive, expensive mirrorless technology, mirrorless technology discount, discount mirrorless technology, mirrorless technology deals, deals mirrorless technology, mirrorless technology sale, sale mirrorless technology, mirrorless technology affordable, affordable mirrorless technology, mirrorless technology cost, cost mirrorless technology, mirrorless technology online, online mirrorless technology, mirrorless technology offline, offline mirrorless technology, mirrorless technology marketplace, marketplace mirrorless technology, mirrorless technology store, store mirrorless technology, mirrorless technology shop, shop mirrorless technology, mirrorless technology retailer, retailer mirrorless technology, mirrorless technology where to buy, where to buy mirrorless technology, mirrorless technology worst, worst mirrorless technology, mirrorless technology quality, quality mirrorless technology, mirrorless technology original, original mirrorless technology, mirrorless technology genuine, genuine mirrorless technology, mirrorless technology fake, fake mirrorless technology, mirrorless technology replica, replica mirrorless technology, mirrorless technology authentic, authentic mirrorless technology, mirrorless technology brand, brand mirrorless technology, mirrorless technology manufacturer, manufacturer mirrorless technology, mirrorless technology company, company mirrorless technology, mirrorless technology product, product mirrorless technology, mirrorless technology apple product, apple product mirrorless technology, mirrorless technology sell apple, sell apple mirrorless technology, mirrorless technology buy apple, buy apple mirrorless technology, mirrorless technology cheap apple, cheap apple mirrorless technology, mirrorless technology best apple, best apple mirrorless technology, mirrorless technology apple review, apple review mirrorless technology, mirrorless technology where to buy apple, where to buy apple mirrorless technology, mirrorless technology how to choose apple, how to choose apple mirrorless technology, mirrorless technology top apple, top apple mirrorless technology, mirrorless technology apple guide, apple guide mirrorless technology, mirrorless technology apple for sale, apple for sale mirrorless technology, mirrorless technology apple deals, apple deals mirrorless technology
2025-10-29 09:48:55,320 - INFO - Expanded 220 seed keywords to 385 variations
2025-10-29 09:48:55,320 - INFO - Language: en
2025-10-29 09:48:55,320 - INFO - Region: us
2025-10-29 09:51:17,680 - INFO - 🎯 After all filtering for 'apple': 120 relevant keywords
2025-10-29 09:51:17,935 - INFO - 🎯 Found 5 new keywords for niche 'apple': apple affordable dslr photography, apple affordable mirrorless technology, cheap alternatives dslr photography, cheap alternatives mirrorless technology, best authentic dslr photography
2025-10-29 09:51:29,418 - INFO - ✅ Niche 'apple' process complete! 133 total keyword results.
2025-10-29 09:51:29,418 - INFO - ✅ Completed processing niche: 'apple'
2025-10-29 09:51:29,418 - INFO - 🔧 Request Handler final stats - Success rate: 100.0%
2025-10-29 09:51:29,418 - INFO -    Total requests: 32861, Blocks: 0
2025-10-29 09:51:29,419 - INFO - 
========================================
2025-10-29 09:51:29,420 - INFO - Process Summary:
2025-10-29 09:51:29,420 - INFO - - Current niche: 'apple'
2025-10-29 09:51:29,420 - INFO - - Next niche will be: 'sony'
2025-10-29 09:51:29,420 - INFO - - Keywords saved in: languages/english/keywords/apple/
2025-10-29 09:51:29,420 - INFO - ========================================
