2025-09-16 04:53:14,379 - INFO - Log file created at: /home/runner/work/potensitech.com/potensitech.com/languages/english/keywords/logs/kw_search_20250916_045314.log
2025-09-16 04:53:14,379 - INFO - ============================================================
2025-09-16 04:53:14,379 - INFO - AUTOMATIC KEYWORD RESEARCH TOOL
2025-09-16 04:53:14,379 - INFO - ============================================================
2025-09-16 04:53:14,472 - INFO - ========================================
2025-09-16 04:53:14,472 - INFO - Found 14 niches to process: xiaomi, iphone, samsung, apple, sony, asus, philips, sandisk, intel, nvidia, amd, canon, nikon, huawei
2025-09-16 04:53:14,472 - INFO - ========================================
2025-09-16 04:53:14,472 - INFO - Continuing from last processed niche: sandisk
2025-09-16 04:53:14,472 - INFO - ========================================
2025-09-16 04:53:14,472 - INFO - 🎯 PROCESSING NICHE 9/14: 'intel'
2025-09-16 04:53:14,472 - INFO - ========================================
2025-09-16 04:53:14,472 - INFO - 📁 Niche directory: /home/runner/work/potensitech.com/potensitech.com/languages/english/keywords/intel
2025-09-16 04:53:14,472 - INFO - Selected region: us
2025-09-16 04:53:14,473 - INFO - Selected language: en
2025-09-16 04:53:14,473 - INFO - 🎯 Current niche: intel
2025-09-16 04:53:42,760 - INFO - 🎯 Niche terms for filtering: intel, cheap, best, latest, review, price, sell, buy, recommendation, tips, tutorial, guide, how to, vs, versus, compared to, comparison, alternatives, which is better, expensive, discount, deals, sale, affordable, cost, online, offline, marketplace, store, shop, retailer, where to buy, worst, quality, original, genuine, fake, replica, authentic, brand, manufacturer, company, product, intel product, sell intel, buy intel, cheap intel, best intel, intel review, where to buy intel, how to choose intel, top intel, intel guide, intel for sale, intel deals
2025-09-16 04:53:42,760 - INFO - Generated 50 niche-clue pairs for 'intel'.
2025-09-16 04:53:42,763 - INFO - Expanded 50 seed keywords to 218 variations
2025-09-16 04:53:42,763 - INFO - 🔧 Request Handler initialized - Success rate: 100.0%
2025-09-16 04:58:05,948 - INFO - Original clue keywords: long battery, fast charging
2025-09-16 04:58:05,948 - INFO - Niche-focused seeds: long battery intel, intel long battery, long battery cheap, cheap long battery, long battery best, best long battery, long battery latest, latest long battery, long battery review, review long battery, long battery price, price long battery, long battery sell, sell long battery, long battery buy, buy long battery, long battery recommendation, recommendation long battery, long battery tips, tips long battery, long battery tutorial, tutorial long battery, long battery guide, guide long battery, long battery how to, how to long battery, long battery vs, vs long battery, long battery versus, versus long battery, long battery compared to, compared to long battery, long battery comparison, comparison long battery, long battery alternatives, alternatives long battery, long battery which is better, which is better long battery, long battery expensive, expensive long battery, long battery discount, discount long battery, long battery deals, deals long battery, long battery sale, sale long battery, long battery affordable, affordable long battery, long battery cost, cost long battery, long battery online, online long battery, long battery offline, offline long battery, long battery marketplace, marketplace long battery, long battery store, store long battery, long battery shop, shop long battery, long battery retailer, retailer long battery, long battery where to buy, where to buy long battery, long battery worst, worst long battery, long battery quality, quality long battery, long battery original, original long battery, long battery genuine, genuine long battery, long battery fake, fake long battery, long battery replica, replica long battery, long battery authentic, authentic long battery, long battery brand, brand long battery, long battery manufacturer, manufacturer long battery, long battery company, company long battery, long battery product, product long battery, long battery intel product, intel product long battery, long battery sell intel, sell intel long battery, long battery buy intel, buy intel long battery, long battery cheap intel, cheap intel long battery, long battery best intel, best intel long battery, long battery intel review, intel review long battery, long battery where to buy intel, where to buy intel long battery, long battery how to choose intel, how to choose intel long battery, long battery top intel, top intel long battery, long battery intel guide, intel guide long battery, long battery intel for sale, intel for sale long battery, long battery intel deals, intel deals long battery, fast charging intel, intel fast charging, fast charging cheap, cheap fast charging, fast charging best, best fast charging, fast charging latest, latest fast charging, fast charging review, review fast charging, fast charging price, price fast charging, fast charging sell, sell fast charging, fast charging buy, buy fast charging, fast charging recommendation, recommendation fast charging, fast charging tips, tips fast charging, fast charging tutorial, tutorial fast charging, fast charging guide, guide fast charging, fast charging how to, how to fast charging, fast charging vs, vs fast charging, fast charging versus, versus fast charging, fast charging compared to, compared to fast charging, fast charging comparison, comparison fast charging, fast charging alternatives, alternatives fast charging, fast charging which is better, which is better fast charging, fast charging expensive, expensive fast charging, fast charging discount, discount fast charging, fast charging deals, deals fast charging, fast charging sale, sale fast charging, fast charging affordable, affordable fast charging, fast charging cost, cost fast charging, fast charging online, online fast charging, fast charging offline, offline fast charging, fast charging marketplace, marketplace fast charging, fast charging store, store fast charging, fast charging shop, shop fast charging, fast charging retailer, retailer fast charging, fast charging where to buy, where to buy fast charging, fast charging worst, worst fast charging, fast charging quality, quality fast charging, fast charging original, original fast charging, fast charging genuine, genuine fast charging, fast charging fake, fake fast charging, fast charging replica, replica fast charging, fast charging authentic, authentic fast charging, fast charging brand, brand fast charging, fast charging manufacturer, manufacturer fast charging, fast charging company, company fast charging, fast charging product, product fast charging, fast charging intel product, intel product fast charging, fast charging sell intel, sell intel fast charging, fast charging buy intel, buy intel fast charging, fast charging cheap intel, cheap intel fast charging, fast charging best intel, best intel fast charging, fast charging intel review, intel review fast charging, fast charging where to buy intel, where to buy intel fast charging, fast charging how to choose intel, how to choose intel fast charging, fast charging top intel, top intel fast charging, fast charging intel guide, intel guide fast charging, fast charging intel for sale, intel for sale fast charging, fast charging intel deals, intel deals fast charging
2025-09-16 04:58:05,952 - INFO - Expanded 220 seed keywords to 385 variations
2025-09-16 04:58:05,952 - INFO - Language: en
2025-09-16 04:58:05,952 - INFO - Region: us
2025-09-16 05:02:36,556 - INFO - 🎯 After all filtering for 'intel': 120 relevant keywords
2025-09-16 05:02:36,583 - INFO - 🎯 Found 5 new keywords for niche 'intel': intel affordable fast charging, intel affordable long battery, cheap alternatives fast charging, cheap alternatives long battery, best authentic fast charging
2025-09-16 05:07:32,500 - INFO - ✅ Niche 'intel' process complete! 19 total keyword results.
2025-09-16 05:07:32,500 - INFO - ✅ Completed processing niche: 'intel'
2025-09-16 05:07:32,500 - INFO - 🔧 Request Handler final stats - Success rate: 100.0%
2025-09-16 05:07:32,501 - INFO -    Total requests: 4224, Blocks: 0
2025-09-16 05:07:32,502 - INFO - 
========================================
2025-09-16 05:07:32,502 - INFO - Process Summary:
2025-09-16 05:07:32,502 - INFO - - Current niche: 'intel'
2025-09-16 05:07:32,502 - INFO - - Next niche will be: 'nvidia'
2025-09-16 05:07:32,502 - INFO - - Keywords saved in: languages/english/keywords/intel/
2025-09-16 05:07:32,502 - INFO - ========================================
