2025-10-09 19:24:41,873 - INFO - Log file created at: /home/runner/work/potensitech.com/potensitech.com/languages/english/keywords/logs/kw_search_20251009_192441.log
2025-10-09 19:24:41,873 - INFO - ============================================================
2025-10-09 19:24:41,873 - INFO - AUTOMATIC KEYWORD RESEARCH TOOL
2025-10-09 19:24:41,873 - INFO - ============================================================
2025-10-09 19:24:42,107 - INFO - ========================================
2025-10-09 19:24:42,107 - INFO - Found 14 niches to process: xiaomi, iphone, samsung, apple, sony, asus, philips, sandisk, intel, nvidia, amd, canon, nikon, huawei
2025-10-09 19:24:42,107 - INFO - ========================================
2025-10-09 19:24:42,107 - INFO - Continuing from last processed niche: asus
2025-10-09 19:24:42,108 - INFO - ========================================
2025-10-09 19:24:42,108 - INFO - 🎯 PROCESSING NICHE 7/14: 'philips'
2025-10-09 19:24:42,108 - INFO - ========================================
2025-10-09 19:24:42,108 - INFO - 📁 Niche directory: /home/runner/work/potensitech.com/potensitech.com/languages/english/keywords/philips
2025-10-09 19:24:42,108 - INFO - Selected region: us
2025-10-09 19:24:42,108 - INFO - Selected language: en
2025-10-09 19:24:42,108 - INFO - 🎯 Current niche: philips
2025-10-09 19:24:44,643 - INFO - 🎯 Niche terms for filtering: philips, cheap, best, latest, review, price, sell, buy, recommendation, tips, tutorial, guide, how to, vs, versus, compared to, comparison, alternatives, which is better, expensive, discount, deals, sale, affordable, cost, online, offline, marketplace, store, shop, retailer, where to buy, worst, quality, original, genuine, fake, replica, authentic, brand, manufacturer, company, product, philips product, sell philips, buy philips, cheap philips, best philips, philips review, where to buy philips, how to choose philips, top philips, philips guide, philips for sale, philips deals
2025-10-09 19:24:44,643 - INFO - Generated 50 niche-clue pairs for 'philips'.
2025-10-09 19:24:44,646 - INFO - Expanded 50 seed keywords to 218 variations
2025-10-09 19:24:44,647 - INFO - 🔧 Request Handler initialized - Success rate: 100.0%
2025-10-09 19:29:08,945 - INFO - Original clue keywords: performance boost, storage capacity
2025-10-09 19:29:08,945 - INFO - Niche-focused seeds: performance boost philips, philips performance boost, performance boost cheap, cheap performance boost, performance boost best, best performance boost, performance boost latest, latest performance boost, performance boost review, review performance boost, performance boost price, price performance boost, performance boost sell, sell performance boost, performance boost buy, buy performance boost, performance boost recommendation, recommendation performance boost, performance boost tips, tips performance boost, performance boost tutorial, tutorial performance boost, performance boost guide, guide performance boost, performance boost how to, how to performance boost, performance boost vs, vs performance boost, performance boost versus, versus performance boost, performance boost compared to, compared to performance boost, performance boost comparison, comparison performance boost, performance boost alternatives, alternatives performance boost, performance boost which is better, which is better performance boost, performance boost expensive, expensive performance boost, performance boost discount, discount performance boost, performance boost deals, deals performance boost, performance boost sale, sale performance boost, performance boost affordable, affordable performance boost, performance boost cost, cost performance boost, performance boost online, online performance boost, performance boost offline, offline performance boost, performance boost marketplace, marketplace performance boost, performance boost store, store performance boost, performance boost shop, shop performance boost, performance boost retailer, retailer performance boost, performance boost where to buy, where to buy performance boost, performance boost worst, worst performance boost, performance boost quality, quality performance boost, performance boost original, original performance boost, performance boost genuine, genuine performance boost, performance boost fake, fake performance boost, performance boost replica, replica performance boost, performance boost authentic, authentic performance boost, performance boost brand, brand performance boost, performance boost manufacturer, manufacturer performance boost, performance boost company, company performance boost, performance boost product, product performance boost, performance boost philips product, philips product performance boost, performance boost sell philips, sell philips performance boost, performance boost buy philips, buy philips performance boost, performance boost cheap philips, cheap philips performance boost, performance boost best philips, best philips performance boost, performance boost philips review, philips review performance boost, performance boost where to buy philips, where to buy philips performance boost, performance boost how to choose philips, how to choose philips performance boost, performance boost top philips, top philips performance boost, performance boost philips guide, philips guide performance boost, performance boost philips for sale, philips for sale performance boost, performance boost philips deals, philips deals performance boost, storage capacity philips, philips storage capacity, storage capacity cheap, cheap storage capacity, storage capacity best, best storage capacity, storage capacity latest, latest storage capacity, storage capacity review, review storage capacity, storage capacity price, price storage capacity, storage capacity sell, sell storage capacity, storage capacity buy, buy storage capacity, storage capacity recommendation, recommendation storage capacity, storage capacity tips, tips storage capacity, storage capacity tutorial, tutorial storage capacity, storage capacity guide, guide storage capacity, storage capacity how to, how to storage capacity, storage capacity vs, vs storage capacity, storage capacity versus, versus storage capacity, storage capacity compared to, compared to storage capacity, storage capacity comparison, comparison storage capacity, storage capacity alternatives, alternatives storage capacity, storage capacity which is better, which is better storage capacity, storage capacity expensive, expensive storage capacity, storage capacity discount, discount storage capacity, storage capacity deals, deals storage capacity, storage capacity sale, sale storage capacity, storage capacity affordable, affordable storage capacity, storage capacity cost, cost storage capacity, storage capacity online, online storage capacity, storage capacity offline, offline storage capacity, storage capacity marketplace, marketplace storage capacity, storage capacity store, store storage capacity, storage capacity shop, shop storage capacity, storage capacity retailer, retailer storage capacity, storage capacity where to buy, where to buy storage capacity, storage capacity worst, worst storage capacity, storage capacity quality, quality storage capacity, storage capacity original, original storage capacity, storage capacity genuine, genuine storage capacity, storage capacity fake, fake storage capacity, storage capacity replica, replica storage capacity, storage capacity authentic, authentic storage capacity, storage capacity brand, brand storage capacity, storage capacity manufacturer, manufacturer storage capacity, storage capacity company, company storage capacity, storage capacity product, product storage capacity, storage capacity philips product, philips product storage capacity, storage capacity sell philips, sell philips storage capacity, storage capacity buy philips, buy philips storage capacity, storage capacity cheap philips, cheap philips storage capacity, storage capacity best philips, best philips storage capacity, storage capacity philips review, philips review storage capacity, storage capacity where to buy philips, where to buy philips storage capacity, storage capacity how to choose philips, how to choose philips storage capacity, storage capacity top philips, top philips storage capacity, storage capacity philips guide, philips guide storage capacity, storage capacity philips for sale, philips for sale storage capacity, storage capacity philips deals, philips deals storage capacity
2025-10-09 19:29:08,949 - INFO - Expanded 220 seed keywords to 385 variations
2025-10-09 19:29:08,949 - INFO - Language: en
2025-10-09 19:29:08,949 - INFO - Region: us
2025-10-09 19:33:41,381 - INFO - 🎯 After all filtering for 'philips': 120 relevant keywords
2025-10-09 19:33:41,599 - INFO - 🎯 Found 5 new keywords for niche 'philips': philips affordable performance boost, philips affordable storage capacity, cheap alternatives performance boost, cheap alternatives storage capacity, best authentic performance boost
2025-10-09 19:33:50,487 - INFO - ✅ Niche 'philips' process complete! 117 total keyword results.
2025-10-09 19:33:50,488 - INFO - ✅ Completed processing niche: 'philips'
2025-10-09 19:33:50,488 - INFO - 🔧 Request Handler final stats - Success rate: 100.0%
2025-10-09 19:33:50,488 - INFO -    Total requests: 22597, Blocks: 0
2025-10-09 19:33:50,489 - INFO - 
========================================
2025-10-09 19:33:50,489 - INFO - Process Summary:
2025-10-09 19:33:50,489 - INFO - - Current niche: 'philips'
2025-10-09 19:33:50,489 - INFO - - Next niche will be: 'sandisk'
2025-10-09 19:33:50,489 - INFO - - Keywords saved in: languages/english/keywords/philips/
2025-10-09 19:33:50,489 - INFO - ========================================
