2025-10-03 21:43:00,529 - INFO - Log file created at: /home/runner/work/potensitech.com/potensitech.com/languages/english/keywords/logs/kw_search_20251003_214300.log
2025-10-03 21:43:00,529 - INFO - ============================================================
2025-10-03 21:43:00,529 - INFO - AUTOMATIC KEYWORD RESEARCH TOOL
2025-10-03 21:43:00,529 - INFO - ============================================================
2025-10-03 21:43:00,666 - INFO - ========================================
2025-10-03 21:43:00,666 - INFO - Found 14 niches to process: xiaomi, iphone, samsung, apple, sony, asus, philips, sandisk, intel, nvidia, amd, canon, nikon, huawei
2025-10-03 21:43:00,666 - INFO - ========================================
2025-10-03 21:43:00,666 - INFO - Continuing from last processed niche: samsung
2025-10-03 21:43:00,666 - INFO - ========================================
2025-10-03 21:43:00,666 - INFO - 🎯 PROCESSING NICHE 4/14: 'apple'
2025-10-03 21:43:00,667 - INFO - ========================================
2025-10-03 21:43:00,667 - INFO - 📁 Niche directory: /home/runner/work/potensitech.com/potensitech.com/languages/english/keywords/apple
2025-10-03 21:43:00,667 - INFO - Selected region: us
2025-10-03 21:43:00,667 - INFO - Selected language: en
2025-10-03 21:43:00,667 - INFO - 🎯 Current niche: apple
2025-10-03 21:43:02,692 - INFO - 🎯 Niche terms for filtering: apple, cheap, best, latest, review, price, sell, buy, recommendation, tips, tutorial, guide, how to, vs, versus, compared to, comparison, alternatives, which is better, expensive, discount, deals, sale, affordable, cost, online, offline, marketplace, store, shop, retailer, where to buy, worst, quality, original, genuine, fake, replica, authentic, brand, manufacturer, company, product, apple product, sell apple, buy apple, cheap apple, best apple, apple review, where to buy apple, how to choose apple, top apple, apple guide, apple for sale, apple deals
2025-10-03 21:43:02,693 - INFO - Generated 50 niche-clue pairs for 'apple'.
2025-10-03 21:43:02,695 - INFO - Expanded 50 seed keywords to 218 variations
2025-10-03 21:43:02,696 - INFO - 🔧 Request Handler initialized - Success rate: 100.0%
2025-10-03 21:47:33,535 - INFO - Original clue keywords: dslr quality, image quality
2025-10-03 21:47:33,535 - INFO - Niche-focused seeds: dslr quality, image quality
2025-10-03 21:47:33,538 - INFO - Expanded 2 seed keywords to 32 variations
2025-10-03 21:47:33,538 - INFO - Language: en
2025-10-03 21:47:33,538 - INFO - Region: us
2025-10-03 21:51:26,581 - INFO - 🎯 After all filtering for 'apple': 120 relevant keywords
2025-10-03 21:51:26,600 - INFO - 🎯 Found 5 new keywords for niche 'apple': apple dslr quality, cheap dslr quality, best dslr quality, how to dslr quality, apple image quality
2025-10-03 21:51:33,847 - INFO - ✅ Niche 'apple' process complete! 74 total keyword results.
2025-10-03 21:51:33,847 - INFO - ✅ Completed processing niche: 'apple'
2025-10-03 21:51:33,847 - INFO - 🔧 Request Handler final stats - Success rate: 100.0%
2025-10-03 21:51:33,847 - INFO -    Total requests: 18053, Blocks: 0
2025-10-03 21:51:33,848 - INFO - 
========================================
2025-10-03 21:51:33,849 - INFO - Process Summary:
2025-10-03 21:51:33,849 - INFO - - Current niche: 'apple'
2025-10-03 21:51:33,849 - INFO - - Next niche will be: 'sony'
2025-10-03 21:51:33,849 - INFO - - Keywords saved in: languages/english/keywords/apple/
2025-10-03 21:51:33,849 - INFO - ========================================
