2026-01-20 03:55:05,187 - INFO - Log file created at: /home/runner/work/potensitech.com/potensitech.com/languages/english/keywords/logs/kw_search_20260120_035505.log
2026-01-20 03:55:05,188 - INFO - ============================================================
2026-01-20 03:55:05,188 - INFO - AUTOMATIC KEYWORD RESEARCH TOOL
2026-01-20 03:55:05,188 - INFO - ============================================================
2026-01-20 03:55:05,467 - INFO - ========================================
2026-01-20 03:55:05,467 - INFO - Found 14 niches to process: xiaomi, iphone, samsung, apple, sony, asus, philips, sandisk, intel, nvidia, amd, canon, nikon, huawei
2026-01-20 03:55:05,467 - INFO - ========================================
2026-01-20 03:55:05,468 - INFO - Continuing from last processed niche: apple
2026-01-20 03:55:05,468 - INFO - ========================================
2026-01-20 03:55:05,468 - INFO - 🎯 PROCESSING NICHE 5/14: 'sony'
2026-01-20 03:55:05,468 - INFO - ========================================
2026-01-20 03:55:05,468 - INFO - 📁 Niche directory: /home/runner/work/potensitech.com/potensitech.com/languages/english/keywords/sony
2026-01-20 03:55:05,468 - INFO - Selected region: us
2026-01-20 03:55:05,468 - INFO - Selected language: en
2026-01-20 03:55:05,468 - INFO - 🎯 Current niche: sony
2026-01-20 03:55:08,935 - INFO - 🎯 Niche terms for filtering: sony, cheap, best, latest, review, price, sell, buy, recommendation, tips, tutorial, guide, how to, vs, versus, compared to, comparison, alternatives, which is better, expensive, discount, deals, sale, affordable, cost, online, offline, marketplace, store, shop, retailer, where to buy, worst, quality, original, genuine, fake, replica, authentic, brand, manufacturer, company, product, sony product, sell sony, buy sony, cheap sony, best sony, sony review, where to buy sony, how to choose sony, top sony, sony guide, sony for sale, sony deals
2026-01-20 03:55:08,936 - INFO - Generated 50 niche-clue pairs for 'sony'.
2026-01-20 03:55:08,939 - INFO - Expanded 50 seed keywords to 218 variations
2026-01-20 03:55:08,939 - INFO - 🔧 Request Handler initialized - Success rate: 100.0%
2026-01-20 03:59:33,509 - INFO - Original clue keywords: chipset compatibility, processor speed
2026-01-20 03:59:33,509 - INFO - Niche-focused seeds: chipset compatibility sony, sony chipset compatibility, chipset compatibility cheap, cheap chipset compatibility, chipset compatibility best, best chipset compatibility, chipset compatibility latest, latest chipset compatibility, chipset compatibility review, review chipset compatibility, chipset compatibility price, price chipset compatibility, chipset compatibility sell, sell chipset compatibility, chipset compatibility buy, buy chipset compatibility, chipset compatibility recommendation, recommendation chipset compatibility, chipset compatibility tips, tips chipset compatibility, chipset compatibility tutorial, tutorial chipset compatibility, chipset compatibility guide, guide chipset compatibility, chipset compatibility how to, how to chipset compatibility, chipset compatibility vs, vs chipset compatibility, chipset compatibility versus, versus chipset compatibility, chipset compatibility compared to, compared to chipset compatibility, chipset compatibility comparison, comparison chipset compatibility, chipset compatibility alternatives, alternatives chipset compatibility, chipset compatibility which is better, which is better chipset compatibility, chipset compatibility expensive, expensive chipset compatibility, chipset compatibility discount, discount chipset compatibility, chipset compatibility deals, deals chipset compatibility, chipset compatibility sale, sale chipset compatibility, chipset compatibility affordable, affordable chipset compatibility, chipset compatibility cost, cost chipset compatibility, chipset compatibility online, online chipset compatibility, chipset compatibility offline, offline chipset compatibility, chipset compatibility marketplace, marketplace chipset compatibility, chipset compatibility store, store chipset compatibility, chipset compatibility shop, shop chipset compatibility, chipset compatibility retailer, retailer chipset compatibility, chipset compatibility where to buy, where to buy chipset compatibility, chipset compatibility worst, worst chipset compatibility, chipset compatibility quality, quality chipset compatibility, chipset compatibility original, original chipset compatibility, chipset compatibility genuine, genuine chipset compatibility, chipset compatibility fake, fake chipset compatibility, chipset compatibility replica, replica chipset compatibility, chipset compatibility authentic, authentic chipset compatibility, chipset compatibility brand, brand chipset compatibility, chipset compatibility manufacturer, manufacturer chipset compatibility, chipset compatibility company, company chipset compatibility, chipset compatibility product, product chipset compatibility, chipset compatibility sony product, sony product chipset compatibility, chipset compatibility sell sony, sell sony chipset compatibility, chipset compatibility buy sony, buy sony chipset compatibility, chipset compatibility cheap sony, cheap sony chipset compatibility, chipset compatibility best sony, best sony chipset compatibility, chipset compatibility sony review, sony review chipset compatibility, chipset compatibility where to buy sony, where to buy sony chipset compatibility, chipset compatibility how to choose sony, how to choose sony chipset compatibility, chipset compatibility top sony, top sony chipset compatibility, chipset compatibility sony guide, sony guide chipset compatibility, chipset compatibility sony for sale, sony for sale chipset compatibility, chipset compatibility sony deals, sony deals chipset compatibility, processor speed sony, sony processor speed, processor speed cheap, cheap processor speed, processor speed best, best processor speed, processor speed latest, latest processor speed, processor speed review, review processor speed, processor speed price, price processor speed, processor speed sell, sell processor speed, processor speed buy, buy processor speed, processor speed recommendation, recommendation processor speed, processor speed tips, tips processor speed, processor speed tutorial, tutorial processor speed, processor speed guide, guide processor speed, processor speed how to, how to processor speed, processor speed vs, vs processor speed, processor speed versus, versus processor speed, processor speed compared to, compared to processor speed, processor speed comparison, comparison processor speed, processor speed alternatives, alternatives processor speed, processor speed which is better, which is better processor speed, processor speed expensive, expensive processor speed, processor speed discount, discount processor speed, processor speed deals, deals processor speed, processor speed sale, sale processor speed, processor speed affordable, affordable processor speed, processor speed cost, cost processor speed, processor speed online, online processor speed, processor speed offline, offline processor speed, processor speed marketplace, marketplace processor speed, processor speed store, store processor speed, processor speed shop, shop processor speed, processor speed retailer, retailer processor speed, processor speed where to buy, where to buy processor speed, processor speed worst, worst processor speed, processor speed quality, quality processor speed, processor speed original, original processor speed, processor speed genuine, genuine processor speed, processor speed fake, fake processor speed, processor speed replica, replica processor speed, processor speed authentic, authentic processor speed, processor speed brand, brand processor speed, processor speed manufacturer, manufacturer processor speed, processor speed company, company processor speed, processor speed product, product processor speed, processor speed sony product, sony product processor speed, processor speed sell sony, sell sony processor speed, processor speed buy sony, buy sony processor speed, processor speed cheap sony, cheap sony processor speed, processor speed best sony, best sony processor speed, processor speed sony review, sony review processor speed, processor speed where to buy sony, where to buy sony processor speed, processor speed how to choose sony, how to choose sony processor speed, processor speed top sony, top sony processor speed, processor speed sony guide, sony guide processor speed, processor speed sony for sale, sony for sale processor speed, processor speed sony deals, sony deals processor speed
2026-01-20 03:59:33,512 - INFO - Expanded 220 seed keywords to 385 variations
2026-01-20 03:59:33,512 - INFO - Language: en
2026-01-20 03:59:33,512 - INFO - Region: us
2026-01-20 04:00:07,111 - INFO - 🎯 After all filtering for 'sony': 120 relevant keywords
2026-01-20 04:00:08,120 - INFO - 🎯 Found 2 new keywords for niche 'sony': sony affordable chipset compatibility, sony affordable processor speed
2026-01-20 04:00:15,873 - INFO - ✅ Niche 'sony' process complete! 360 total keyword results.
2026-01-20 04:00:15,873 - INFO - ✅ Completed processing niche: 'sony'
2026-01-20 04:00:15,873 - INFO - 🔧 Request Handler final stats - Success rate: 100.0%
2026-01-20 04:00:15,873 - INFO -    Total requests: 73690, Blocks: 0
2026-01-20 04:00:15,874 - INFO - 
========================================
2026-01-20 04:00:15,874 - INFO - Process Summary:
2026-01-20 04:00:15,874 - INFO - - Current niche: 'sony'
2026-01-20 04:00:15,874 - INFO - - Next niche will be: 'asus'
2026-01-20 04:00:15,874 - INFO - - Keywords saved in: languages/english/keywords/sony/
2026-01-20 04:00:15,874 - INFO - ========================================
