2025-10-02 21:43:35,208 - INFO - Log file created at: /home/runner/work/potensitech.com/potensitech.com/languages/english/keywords/logs/kw_search_20251002_214335.log
2025-10-02 21:43:35,208 - INFO - ============================================================
2025-10-02 21:43:35,208 - INFO - AUTOMATIC KEYWORD RESEARCH TOOL
2025-10-02 21:43:35,208 - INFO - ============================================================
2025-10-02 21:43:35,356 - INFO - ========================================
2025-10-02 21:43:35,357 - INFO - Found 14 niches to process: xiaomi, iphone, samsung, apple, sony, asus, philips, sandisk, intel, nvidia, amd, canon, nikon, huawei
2025-10-02 21:43:35,357 - INFO - ========================================
2025-10-02 21:43:35,357 - INFO - Continuing from last processed niche: philips
2025-10-02 21:43:35,357 - INFO - ========================================
2025-10-02 21:43:35,357 - INFO - 🎯 PROCESSING NICHE 8/14: 'sandisk'
2025-10-02 21:43:35,357 - INFO - ========================================
2025-10-02 21:43:35,357 - INFO - 📁 Niche directory: /home/runner/work/potensitech.com/potensitech.com/languages/english/keywords/sandisk
2025-10-02 21:43:35,357 - INFO - Selected region: us
2025-10-02 21:43:35,357 - INFO - Selected language: en
2025-10-02 21:43:35,357 - INFO - 🎯 Current niche: sandisk
2025-10-02 21:43:38,698 - INFO - 🎯 Niche terms for filtering: sandisk, cheap, best, latest, review, price, sell, buy, recommendation, tips, tutorial, guide, how to, vs, versus, compared to, comparison, alternatives, which is better, expensive, discount, deals, sale, affordable, cost, online, offline, marketplace, store, shop, retailer, where to buy, worst, quality, original, genuine, fake, replica, authentic, brand, manufacturer, company, product, sandisk product, sell sandisk, buy sandisk, cheap sandisk, best sandisk, sandisk review, where to buy sandisk, how to choose sandisk, top sandisk, sandisk guide, sandisk for sale, sandisk deals
2025-10-02 21:43:38,698 - INFO - Generated 50 niche-clue pairs for 'sandisk'.
2025-10-02 21:43:38,701 - INFO - Expanded 50 seed keywords to 218 variations
2025-10-02 21:43:38,701 - INFO - 🔧 Request Handler initialized - Success rate: 100.0%
2025-10-02 21:48:05,344 - INFO - Original clue keywords: portable storage
2025-10-02 21:48:05,344 - INFO - Niche-focused seeds: portable storage sandisk, sandisk portable storage, portable storage cheap, cheap portable storage, portable storage best, best portable storage, portable storage latest, latest portable storage, portable storage review, review portable storage, portable storage price, price portable storage, portable storage sell, sell portable storage, portable storage buy, buy portable storage, portable storage recommendation, recommendation portable storage, portable storage tips, tips portable storage, portable storage tutorial, tutorial portable storage, portable storage guide, guide portable storage, portable storage how to, how to portable storage, portable storage vs, vs portable storage, portable storage versus, versus portable storage, portable storage compared to, compared to portable storage, portable storage comparison, comparison portable storage, portable storage alternatives, alternatives portable storage, portable storage which is better, which is better portable storage, portable storage expensive, expensive portable storage, portable storage discount, discount portable storage, portable storage deals, deals portable storage, portable storage sale, sale portable storage, portable storage affordable, affordable portable storage, portable storage cost, cost portable storage, portable storage online, online portable storage, portable storage offline, offline portable storage, portable storage marketplace, marketplace portable storage, portable storage store, store portable storage, portable storage shop, shop portable storage, portable storage retailer, retailer portable storage, portable storage where to buy, where to buy portable storage, portable storage worst, worst portable storage, portable storage quality, quality portable storage, portable storage original, original portable storage, portable storage genuine, genuine portable storage, portable storage fake, fake portable storage, portable storage replica, replica portable storage, portable storage authentic, authentic portable storage, portable storage brand, brand portable storage, portable storage manufacturer, manufacturer portable storage, portable storage company, company portable storage, portable storage product, product portable storage, portable storage sandisk product, sandisk product portable storage, portable storage sell sandisk, sell sandisk portable storage, portable storage buy sandisk, buy sandisk portable storage, portable storage cheap sandisk, cheap sandisk portable storage, portable storage best sandisk, best sandisk portable storage, portable storage sandisk review, sandisk review portable storage, portable storage where to buy sandisk, where to buy sandisk portable storage, portable storage how to choose sandisk, how to choose sandisk portable storage, portable storage top sandisk, top sandisk portable storage, portable storage sandisk guide, sandisk guide portable storage, portable storage sandisk for sale, sandisk for sale portable storage, portable storage sandisk deals, sandisk deals portable storage
2025-10-02 21:48:05,347 - INFO - Expanded 110 seed keywords to 275 variations
2025-10-02 21:48:05,347 - INFO - Language: en
2025-10-02 21:48:05,347 - INFO - Region: us
2025-10-02 21:52:36,267 - INFO - 🎯 After all filtering for 'sandisk': 120 relevant keywords
2025-10-02 21:52:36,468 - INFO - 🎯 Found 1 new keywords for niche 'sandisk': sandisk affordable portable storage
2025-10-02 21:52:46,690 - INFO - ✅ Niche 'sandisk' process complete! 76 total keyword results.
2025-10-02 21:52:46,691 - INFO - ✅ Completed processing niche: 'sandisk'
2025-10-02 21:52:46,691 - INFO - 🔧 Request Handler final stats - Success rate: 100.0%
2025-10-02 21:52:46,691 - INFO -    Total requests: 17227, Blocks: 0
2025-10-02 21:52:46,692 - INFO - 
========================================
2025-10-02 21:52:46,692 - INFO - Process Summary:
2025-10-02 21:52:46,692 - INFO - - Current niche: 'sandisk'
2025-10-02 21:52:46,692 - INFO - - Next niche will be: 'intel'
2025-10-02 21:52:46,692 - INFO - - Keywords saved in: languages/english/keywords/sandisk/
2025-10-02 21:52:46,692 - INFO - ========================================
