2025-11-13 12:36:33,380 - INFO - Log file created at: /home/runner/work/potensitech.com/potensitech.com/languages/english/keywords/logs/kw_search_20251113_123633.log
2025-11-13 12:36:33,380 - INFO - ============================================================
2025-11-13 12:36:33,380 - INFO - AUTOMATIC KEYWORD RESEARCH TOOL
2025-11-13 12:36:33,380 - INFO - ============================================================
2025-11-13 12:36:33,570 - INFO - ========================================
2025-11-13 12:36:33,570 - INFO - Found 14 niches to process: xiaomi, iphone, samsung, apple, sony, asus, philips, sandisk, intel, nvidia, amd, canon, nikon, huawei
2025-11-13 12:36:33,570 - INFO - ========================================
2025-11-13 12:36:33,570 - INFO - All niches completed, starting over
2025-11-13 12:36:33,570 - INFO - ========================================
2025-11-13 12:36:33,570 - INFO - 🎯 PROCESSING NICHE 1/14: 'xiaomi'
2025-11-13 12:36:33,570 - INFO - ========================================
2025-11-13 12:36:33,570 - INFO - 📁 Niche directory: /home/runner/work/potensitech.com/potensitech.com/languages/english/keywords/xiaomi
2025-11-13 12:36:33,570 - INFO - Selected region: us
2025-11-13 12:36:33,570 - INFO - Selected language: en
2025-11-13 12:36:33,570 - INFO - 🎯 Current niche: xiaomi
2025-11-13 12:36:37,758 - INFO - 🎯 Niche terms for filtering: xiaomi, cheap, best, latest, review, price, sell, buy, recommendation, tips, tutorial, guide, how to, vs, versus, compared to, comparison, alternatives, which is better, expensive, discount, deals, sale, affordable, cost, online, offline, marketplace, store, shop, retailer, where to buy, worst, quality, original, genuine, fake, replica, authentic, brand, manufacturer, company, product, xiaomi product, sell xiaomi, buy xiaomi, cheap xiaomi, best xiaomi, xiaomi review, where to buy xiaomi, how to choose xiaomi, top xiaomi, xiaomi guide, xiaomi for sale, xiaomi deals
2025-11-13 12:36:37,758 - INFO - Generated 50 niche-clue pairs for 'xiaomi'.
2025-11-13 12:36:37,761 - INFO - Expanded 50 seed keywords to 218 variations
2025-11-13 12:36:37,761 - INFO - 🔧 Request Handler initialized - Success rate: 100.0%
2025-11-13 12:41:03,471 - INFO - Original clue keywords: camera resolution, autofocus technology
2025-11-13 12:41:03,471 - INFO - Niche-focused seeds: camera resolution xiaomi, xiaomi camera resolution, camera resolution cheap, cheap camera resolution, camera resolution best, best camera resolution, camera resolution latest, latest camera resolution, camera resolution review, review camera resolution, camera resolution price, price camera resolution, camera resolution sell, sell camera resolution, camera resolution buy, buy camera resolution, camera resolution recommendation, recommendation camera resolution, camera resolution tips, tips camera resolution, camera resolution tutorial, tutorial camera resolution, camera resolution guide, guide camera resolution, camera resolution how to, how to camera resolution, camera resolution vs, vs camera resolution, camera resolution versus, versus camera resolution, camera resolution compared to, compared to camera resolution, camera resolution comparison, comparison camera resolution, camera resolution alternatives, alternatives camera resolution, camera resolution which is better, which is better camera resolution, camera resolution expensive, expensive camera resolution, camera resolution discount, discount camera resolution, camera resolution deals, deals camera resolution, camera resolution sale, sale camera resolution, camera resolution affordable, affordable camera resolution, camera resolution cost, cost camera resolution, camera resolution online, online camera resolution, camera resolution offline, offline camera resolution, camera resolution marketplace, marketplace camera resolution, camera resolution store, store camera resolution, camera resolution shop, shop camera resolution, camera resolution retailer, retailer camera resolution, camera resolution where to buy, where to buy camera resolution, camera resolution worst, worst camera resolution, camera resolution quality, quality camera resolution, camera resolution original, original camera resolution, camera resolution genuine, genuine camera resolution, camera resolution fake, fake camera resolution, camera resolution replica, replica camera resolution, camera resolution authentic, authentic camera resolution, camera resolution brand, brand camera resolution, camera resolution manufacturer, manufacturer camera resolution, camera resolution company, company camera resolution, camera resolution product, product camera resolution, camera resolution xiaomi product, xiaomi product camera resolution, camera resolution sell xiaomi, sell xiaomi camera resolution, camera resolution buy xiaomi, buy xiaomi camera resolution, camera resolution cheap xiaomi, cheap xiaomi camera resolution, camera resolution best xiaomi, best xiaomi camera resolution, camera resolution xiaomi review, xiaomi review camera resolution, camera resolution where to buy xiaomi, where to buy xiaomi camera resolution, camera resolution how to choose xiaomi, how to choose xiaomi camera resolution, camera resolution top xiaomi, top xiaomi camera resolution, camera resolution xiaomi guide, xiaomi guide camera resolution, camera resolution xiaomi for sale, xiaomi for sale camera resolution, camera resolution xiaomi deals, xiaomi deals camera resolution, autofocus technology xiaomi, xiaomi autofocus technology, autofocus technology cheap, cheap autofocus technology, autofocus technology best, best autofocus technology, autofocus technology latest, latest autofocus technology, autofocus technology review, review autofocus technology, autofocus technology price, price autofocus technology, autofocus technology sell, sell autofocus technology, autofocus technology buy, buy autofocus technology, autofocus technology recommendation, recommendation autofocus technology, autofocus technology tips, tips autofocus technology, autofocus technology tutorial, tutorial autofocus technology, autofocus technology guide, guide autofocus technology, autofocus technology how to, how to autofocus technology, autofocus technology vs, vs autofocus technology, autofocus technology versus, versus autofocus technology, autofocus technology compared to, compared to autofocus technology, autofocus technology comparison, comparison autofocus technology, autofocus technology alternatives, alternatives autofocus technology, autofocus technology which is better, which is better autofocus technology, autofocus technology expensive, expensive autofocus technology, autofocus technology discount, discount autofocus technology, autofocus technology deals, deals autofocus technology, autofocus technology sale, sale autofocus technology, autofocus technology affordable, affordable autofocus technology, autofocus technology cost, cost autofocus technology, autofocus technology online, online autofocus technology, autofocus technology offline, offline autofocus technology, autofocus technology marketplace, marketplace autofocus technology, autofocus technology store, store autofocus technology, autofocus technology shop, shop autofocus technology, autofocus technology retailer, retailer autofocus technology, autofocus technology where to buy, where to buy autofocus technology, autofocus technology worst, worst autofocus technology, autofocus technology quality, quality autofocus technology, autofocus technology original, original autofocus technology, autofocus technology genuine, genuine autofocus technology, autofocus technology fake, fake autofocus technology, autofocus technology replica, replica autofocus technology, autofocus technology authentic, authentic autofocus technology, autofocus technology brand, brand autofocus technology, autofocus technology manufacturer, manufacturer autofocus technology, autofocus technology company, company autofocus technology, autofocus technology product, product autofocus technology, autofocus technology xiaomi product, xiaomi product autofocus technology, autofocus technology sell xiaomi, sell xiaomi autofocus technology, autofocus technology buy xiaomi, buy xiaomi autofocus technology, autofocus technology cheap xiaomi, cheap xiaomi autofocus technology, autofocus technology best xiaomi, best xiaomi autofocus technology, autofocus technology xiaomi review, xiaomi review autofocus technology, autofocus technology where to buy xiaomi, where to buy xiaomi autofocus technology, autofocus technology how to choose xiaomi, how to choose xiaomi autofocus technology, autofocus technology top xiaomi, top xiaomi autofocus technology, autofocus technology xiaomi guide, xiaomi guide autofocus technology, autofocus technology xiaomi for sale, xiaomi for sale autofocus technology, autofocus technology xiaomi deals, xiaomi deals autofocus technology
2025-11-13 12:41:03,474 - INFO - Expanded 220 seed keywords to 385 variations
2025-11-13 12:41:03,474 - INFO - Language: en
2025-11-13 12:41:03,474 - INFO - Region: us
2025-11-13 12:44:41,560 - INFO - 🎯 After all filtering for 'xiaomi': 120 relevant keywords
2025-11-13 12:44:42,337 - INFO - 🎯 Found 5 new keywords for niche 'xiaomi': xiaomi affordable autofocus technology, xiaomi affordable camera resolution, cheap alternatives autofocus technology, best authentic autofocus technology, how to autofocus technology brand
2025-11-13 12:44:55,765 - INFO - ✅ Niche 'xiaomi' process complete! 211 total keyword results.
2025-11-13 12:44:55,765 - INFO - ✅ Completed processing niche: 'xiaomi'
2025-11-13 12:44:55,765 - INFO - 🔧 Request Handler final stats - Success rate: 100.0%
2025-11-13 12:44:55,765 - INFO -    Total requests: 41760, Blocks: 0
2025-11-13 12:44:55,767 - INFO - 
========================================
2025-11-13 12:44:55,767 - INFO - Process Summary:
2025-11-13 12:44:55,767 - INFO - - Current niche: 'xiaomi'
2025-11-13 12:44:55,767 - INFO - - Next niche will be: 'iphone'
2025-11-13 12:44:55,767 - INFO - - Keywords saved in: languages/english/keywords/xiaomi/
2025-11-13 12:44:55,767 - INFO - ========================================
