2025-11-12 07:32:52,447 - INFO - Log file created at: /home/runner/work/potensitech.com/potensitech.com/languages/english/keywords/logs/kw_search_20251112_073252.log
2025-11-12 07:32:52,447 - INFO - ============================================================
2025-11-12 07:32:52,448 - INFO - AUTOMATIC KEYWORD RESEARCH TOOL
2025-11-12 07:32:52,448 - INFO - ============================================================
2025-11-12 07:32:52,628 - INFO - ========================================
2025-11-12 07:32:52,629 - INFO - Found 14 niches to process: xiaomi, iphone, samsung, apple, sony, asus, philips, sandisk, intel, nvidia, amd, canon, nikon, huawei
2025-11-12 07:32:52,629 - INFO - ========================================
2025-11-12 07:32:52,629 - INFO - Continuing from last processed niche: iphone
2025-11-12 07:32:52,629 - INFO - ========================================
2025-11-12 07:32:52,629 - INFO - 🎯 PROCESSING NICHE 3/14: 'samsung'
2025-11-12 07:32:52,629 - INFO - ========================================
2025-11-12 07:32:52,629 - INFO - 📁 Niche directory: /home/runner/work/potensitech.com/potensitech.com/languages/english/keywords/samsung
2025-11-12 07:32:52,629 - INFO - Selected region: us
2025-11-12 07:32:52,629 - INFO - Selected language: en
2025-11-12 07:32:52,629 - INFO - 🎯 Current niche: samsung
2025-11-12 07:32:55,679 - INFO - 🎯 Niche terms for filtering: samsung, cheap, best, latest, review, price, sell, buy, recommendation, tips, tutorial, guide, how to, vs, versus, compared to, comparison, alternatives, which is better, expensive, discount, deals, sale, affordable, cost, online, offline, marketplace, store, shop, retailer, where to buy, worst, quality, original, genuine, fake, replica, authentic, brand, manufacturer, company, product, samsung product, sell samsung, buy samsung, cheap samsung, best samsung, samsung review, where to buy samsung, how to choose samsung, top samsung, samsung guide, samsung for sale, samsung deals
2025-11-12 07:32:55,679 - INFO - Generated 50 niche-clue pairs for 'samsung'.
2025-11-12 07:32:55,682 - INFO - Expanded 50 seed keywords to 218 variations
2025-11-12 07:32:55,682 - INFO - 🔧 Request Handler initialized - Success rate: 100.0%
2025-11-12 07:37:21,472 - INFO - Original clue keywords: smartphone camera, battery life
2025-11-12 07:37:21,472 - INFO - Niche-focused seeds: smartphone camera samsung, samsung smartphone camera, smartphone camera cheap, cheap smartphone camera, smartphone camera best, best smartphone camera, smartphone camera latest, latest smartphone camera, smartphone camera review, review smartphone camera, smartphone camera price, price smartphone camera, smartphone camera sell, sell smartphone camera, smartphone camera buy, buy smartphone camera, smartphone camera recommendation, recommendation smartphone camera, smartphone camera tips, tips smartphone camera, smartphone camera tutorial, tutorial smartphone camera, smartphone camera guide, guide smartphone camera, smartphone camera how to, how to smartphone camera, smartphone camera vs, vs smartphone camera, smartphone camera versus, versus smartphone camera, smartphone camera compared to, compared to smartphone camera, smartphone camera comparison, comparison smartphone camera, smartphone camera alternatives, alternatives smartphone camera, smartphone camera which is better, which is better smartphone camera, smartphone camera expensive, expensive smartphone camera, smartphone camera discount, discount smartphone camera, smartphone camera deals, deals smartphone camera, smartphone camera sale, sale smartphone camera, smartphone camera affordable, affordable smartphone camera, smartphone camera cost, cost smartphone camera, smartphone camera online, online smartphone camera, smartphone camera offline, offline smartphone camera, smartphone camera marketplace, marketplace smartphone camera, smartphone camera store, store smartphone camera, smartphone camera shop, shop smartphone camera, smartphone camera retailer, retailer smartphone camera, smartphone camera where to buy, where to buy smartphone camera, smartphone camera worst, worst smartphone camera, smartphone camera quality, quality smartphone camera, smartphone camera original, original smartphone camera, smartphone camera genuine, genuine smartphone camera, smartphone camera fake, fake smartphone camera, smartphone camera replica, replica smartphone camera, smartphone camera authentic, authentic smartphone camera, smartphone camera brand, brand smartphone camera, smartphone camera manufacturer, manufacturer smartphone camera, smartphone camera company, company smartphone camera, smartphone camera product, product smartphone camera, smartphone camera samsung product, samsung product smartphone camera, smartphone camera sell samsung, sell samsung smartphone camera, smartphone camera buy samsung, buy samsung smartphone camera, smartphone camera cheap samsung, cheap samsung smartphone camera, smartphone camera best samsung, best samsung smartphone camera, smartphone camera samsung review, samsung review smartphone camera, smartphone camera where to buy samsung, where to buy samsung smartphone camera, smartphone camera how to choose samsung, how to choose samsung smartphone camera, smartphone camera top samsung, top samsung smartphone camera, smartphone camera samsung guide, samsung guide smartphone camera, smartphone camera samsung for sale, samsung for sale smartphone camera, smartphone camera samsung deals, samsung deals smartphone camera, battery life samsung, samsung battery life, battery life cheap, cheap battery life, battery life best, best battery life, battery life latest, latest battery life, battery life review, review battery life, battery life price, price battery life, battery life sell, sell battery life, battery life buy, buy battery life, battery life recommendation, recommendation battery life, battery life tips, tips battery life, battery life tutorial, tutorial battery life, battery life guide, guide battery life, battery life how to, how to battery life, battery life vs, vs battery life, battery life versus, versus battery life, battery life compared to, compared to battery life, battery life comparison, comparison battery life, battery life alternatives, alternatives battery life, battery life which is better, which is better battery life, battery life expensive, expensive battery life, battery life discount, discount battery life, battery life deals, deals battery life, battery life sale, sale battery life, battery life affordable, affordable battery life, battery life cost, cost battery life, battery life online, online battery life, battery life offline, offline battery life, battery life marketplace, marketplace battery life, battery life store, store battery life, battery life shop, shop battery life, battery life retailer, retailer battery life, battery life where to buy, where to buy battery life, battery life worst, worst battery life, battery life quality, quality battery life, battery life original, original battery life, battery life genuine, genuine battery life, battery life fake, fake battery life, battery life replica, replica battery life, battery life authentic, authentic battery life, battery life brand, brand battery life, battery life manufacturer, manufacturer battery life, battery life company, company battery life, battery life product, product battery life, battery life samsung product, samsung product battery life, battery life sell samsung, sell samsung battery life, battery life buy samsung, buy samsung battery life, battery life cheap samsung, cheap samsung battery life, battery life best samsung, best samsung battery life, battery life samsung review, samsung review battery life, battery life where to buy samsung, where to buy samsung battery life, battery life how to choose samsung, how to choose samsung battery life, battery life top samsung, top samsung battery life, battery life samsung guide, samsung guide battery life, battery life samsung for sale, samsung for sale battery life, battery life samsung deals, samsung deals battery life
2025-11-12 07:37:21,475 - INFO - Expanded 220 seed keywords to 385 variations
2025-11-12 07:37:21,475 - INFO - Language: en
2025-11-12 07:37:21,475 - INFO - Region: us
2025-11-12 07:37:54,924 - INFO - 🎯 After all filtering for 'samsung': 120 relevant keywords
2025-11-12 07:37:55,496 - INFO - 🎯 Found 5 new keywords for niche 'samsung': samsung affordable battery life, samsung affordable smartphone camera, cheap alternatives battery life, best authentic battery life, how to battery life brand
2025-11-12 07:38:07,643 - INFO - ✅ Niche 'samsung' process complete! 194 total keyword results.
2025-11-12 07:38:07,643 - INFO - ✅ Completed processing niche: 'samsung'
2025-11-12 07:38:07,643 - INFO - 🔧 Request Handler final stats - Success rate: 100.0%
2025-11-12 07:38:07,643 - INFO -    Total requests: 40902, Blocks: 0
2025-11-12 07:38:07,644 - INFO - 
========================================
2025-11-12 07:38:07,645 - INFO - Process Summary:
2025-11-12 07:38:07,645 - INFO - - Current niche: 'samsung'
2025-11-12 07:38:07,645 - INFO - - Next niche will be: 'apple'
2025-11-12 07:38:07,645 - INFO - - Keywords saved in: languages/english/keywords/samsung/
2025-11-12 07:38:07,645 - INFO - ========================================
