2025-12-03 21:44:38,830 - INFO - Log file created at: /home/runner/work/potensitech.com/potensitech.com/languages/english/keywords/logs/kw_search_20251203_214438.log
2025-12-03 21:44:38,830 - INFO - ============================================================
2025-12-03 21:44:38,830 - INFO - AUTOMATIC KEYWORD RESEARCH TOOL
2025-12-03 21:44:38,830 - INFO - ============================================================
2025-12-03 21:44:39,019 - INFO - ========================================
2025-12-03 21:44:39,019 - INFO - Found 14 niches to process: xiaomi, iphone, samsung, apple, sony, asus, philips, sandisk, intel, nvidia, amd, canon, nikon, huawei
2025-12-03 21:44:39,019 - INFO - ========================================
2025-12-03 21:44:39,020 - INFO - Continuing from last processed niche: sandisk
2025-12-03 21:44:39,020 - INFO - ========================================
2025-12-03 21:44:39,020 - INFO - 🎯 PROCESSING NICHE 9/14: 'intel'
2025-12-03 21:44:39,020 - INFO - ========================================
2025-12-03 21:44:39,020 - INFO - 📁 Niche directory: /home/runner/work/potensitech.com/potensitech.com/languages/english/keywords/intel
2025-12-03 21:44:39,020 - INFO - Selected region: us
2025-12-03 21:44:39,020 - INFO - Selected language: en
2025-12-03 21:44:39,020 - INFO - 🎯 Current niche: intel
2025-12-03 21:44:43,392 - INFO - 🎯 Niche terms for filtering: intel, cheap, best, latest, review, price, sell, buy, recommendation, tips, tutorial, guide, how to, vs, versus, compared to, comparison, alternatives, which is better, expensive, discount, deals, sale, affordable, cost, online, offline, marketplace, store, shop, retailer, where to buy, worst, quality, original, genuine, fake, replica, authentic, brand, manufacturer, company, product, intel product, sell intel, buy intel, cheap intel, best intel, intel review, where to buy intel, how to choose intel, top intel, intel guide, intel for sale, intel deals
2025-12-03 21:44:43,392 - INFO - Generated 50 niche-clue pairs for 'intel'.
2025-12-03 21:44:43,395 - INFO - Expanded 50 seed keywords to 218 variations
2025-12-03 21:44:43,395 - INFO - 🔧 Request Handler initialized - Success rate: 100.0%
2025-12-03 21:49:09,330 - INFO - Original clue keywords: solid state, processor speed
2025-12-03 21:49:09,330 - INFO - Niche-focused seeds: solid state intel, intel solid state, solid state cheap, cheap solid state, solid state best, best solid state, solid state latest, latest solid state, solid state review, review solid state, solid state price, price solid state, solid state sell, sell solid state, solid state buy, buy solid state, solid state recommendation, recommendation solid state, solid state tips, tips solid state, solid state tutorial, tutorial solid state, solid state guide, guide solid state, solid state how to, how to solid state, solid state vs, vs solid state, solid state versus, versus solid state, solid state compared to, compared to solid state, solid state comparison, comparison solid state, solid state alternatives, alternatives solid state, solid state which is better, which is better solid state, solid state expensive, expensive solid state, solid state discount, discount solid state, solid state deals, deals solid state, solid state sale, sale solid state, solid state affordable, affordable solid state, solid state cost, cost solid state, solid state online, online solid state, solid state offline, offline solid state, solid state marketplace, marketplace solid state, solid state store, store solid state, solid state shop, shop solid state, solid state retailer, retailer solid state, solid state where to buy, where to buy solid state, solid state worst, worst solid state, solid state quality, quality solid state, solid state original, original solid state, solid state genuine, genuine solid state, solid state fake, fake solid state, solid state replica, replica solid state, solid state authentic, authentic solid state, solid state brand, brand solid state, solid state manufacturer, manufacturer solid state, solid state company, company solid state, solid state product, product solid state, solid state intel product, intel product solid state, solid state sell intel, sell intel solid state, solid state buy intel, buy intel solid state, solid state cheap intel, cheap intel solid state, solid state best intel, best intel solid state, solid state intel review, intel review solid state, solid state where to buy intel, where to buy intel solid state, solid state how to choose intel, how to choose intel solid state, solid state top intel, top intel solid state, solid state intel guide, intel guide solid state, solid state intel for sale, intel for sale solid state, solid state intel deals, intel deals solid state, processor speed intel, intel processor speed, processor speed cheap, cheap processor speed, processor speed best, best processor speed, processor speed latest, latest processor speed, processor speed review, review processor speed, processor speed price, price processor speed, processor speed sell, sell processor speed, processor speed buy, buy processor speed, processor speed recommendation, recommendation processor speed, processor speed tips, tips processor speed, processor speed tutorial, tutorial processor speed, processor speed guide, guide processor speed, processor speed how to, how to processor speed, processor speed vs, vs processor speed, processor speed versus, versus processor speed, processor speed compared to, compared to processor speed, processor speed comparison, comparison processor speed, processor speed alternatives, alternatives processor speed, processor speed which is better, which is better processor speed, processor speed expensive, expensive processor speed, processor speed discount, discount processor speed, processor speed deals, deals processor speed, processor speed sale, sale processor speed, processor speed affordable, affordable processor speed, processor speed cost, cost processor speed, processor speed online, online processor speed, processor speed offline, offline processor speed, processor speed marketplace, marketplace processor speed, processor speed store, store processor speed, processor speed shop, shop processor speed, processor speed retailer, retailer processor speed, processor speed where to buy, where to buy processor speed, processor speed worst, worst processor speed, processor speed quality, quality processor speed, processor speed original, original processor speed, processor speed genuine, genuine processor speed, processor speed fake, fake processor speed, processor speed replica, replica processor speed, processor speed authentic, authentic processor speed, processor speed brand, brand processor speed, processor speed manufacturer, manufacturer processor speed, processor speed company, company processor speed, processor speed product, product processor speed, processor speed intel product, intel product processor speed, processor speed sell intel, sell intel processor speed, processor speed buy intel, buy intel processor speed, processor speed cheap intel, cheap intel processor speed, processor speed best intel, best intel processor speed, processor speed intel review, intel review processor speed, processor speed where to buy intel, where to buy intel processor speed, processor speed how to choose intel, how to choose intel processor speed, processor speed top intel, top intel processor speed, processor speed intel guide, intel guide processor speed, processor speed intel for sale, intel for sale processor speed, processor speed intel deals, intel deals processor speed
2025-12-03 21:49:09,333 - INFO - Expanded 220 seed keywords to 385 variations
2025-12-03 21:49:09,333 - INFO - Language: en
2025-12-03 21:49:09,333 - INFO - Region: us
2025-12-03 21:49:41,374 - INFO - 🎯 After all filtering for 'intel': 120 relevant keywords
2025-12-03 21:49:42,042 - INFO - 🎯 Found 2 new keywords for niche 'intel': intel affordable processor speed, intel affordable solid state
2025-12-03 21:49:51,460 - INFO - ✅ Niche 'intel' process complete! 346 total keyword results.
2025-12-03 21:49:51,460 - INFO - ✅ Completed processing niche: 'intel'
2025-12-03 21:49:51,460 - INFO - 🔧 Request Handler final stats - Success rate: 100.0%
2025-12-03 21:49:51,460 - INFO -    Total requests: 51988, Blocks: 0
2025-12-03 21:49:51,461 - INFO - 
========================================
2025-12-03 21:49:51,462 - INFO - Process Summary:
2025-12-03 21:49:51,462 - INFO - - Current niche: 'intel'
2025-12-03 21:49:51,462 - INFO - - Next niche will be: 'nvidia'
2025-12-03 21:49:51,462 - INFO - - Keywords saved in: languages/english/keywords/intel/
2025-12-03 21:49:51,462 - INFO - ========================================
