2025-09-17 21:43:24,902 - INFO - Log file created at: /home/runner/work/potensitech.com/potensitech.com/languages/english/keywords/logs/kw_search_20250917_214324.log
2025-09-17 21:43:24,902 - INFO - ============================================================
2025-09-17 21:43:24,902 - INFO - AUTOMATIC KEYWORD RESEARCH TOOL
2025-09-17 21:43:24,902 - INFO - ============================================================
2025-09-17 21:43:25,061 - INFO - ========================================
2025-09-17 21:43:25,061 - INFO - Found 14 niches to process: xiaomi, iphone, samsung, apple, sony, asus, philips, sandisk, intel, nvidia, amd, canon, nikon, huawei
2025-09-17 21:43:25,061 - INFO - ========================================
2025-09-17 21:43:25,061 - INFO - Continuing from last processed niche: amd
2025-09-17 21:43:25,061 - INFO - ========================================
2025-09-17 21:43:25,061 - INFO - 🎯 PROCESSING NICHE 12/14: 'canon'
2025-09-17 21:43:25,061 - INFO - ========================================
2025-09-17 21:43:25,061 - INFO - 📁 Niche directory: /home/runner/work/potensitech.com/potensitech.com/languages/english/keywords/canon
2025-09-17 21:43:25,062 - INFO - Selected region: us
2025-09-17 21:43:25,062 - INFO - Selected language: en
2025-09-17 21:43:25,062 - INFO - 🎯 Current niche: canon
2025-09-17 21:43:31,362 - INFO - 🎯 Niche terms for filtering: canon, cheap, best, latest, review, price, sell, buy, recommendation, tips, tutorial, guide, how to, vs, versus, compared to, comparison, alternatives, which is better, expensive, discount, deals, sale, affordable, cost, online, offline, marketplace, store, shop, retailer, where to buy, worst, quality, original, genuine, fake, replica, authentic, brand, manufacturer, company, product, canon product, sell canon, buy canon, cheap canon, best canon, canon review, where to buy canon, how to choose canon, top canon, canon guide, canon for sale, canon deals
2025-09-17 21:43:31,363 - INFO - Generated 50 niche-clue pairs for 'canon'.
2025-09-17 21:43:31,366 - INFO - Expanded 50 seed keywords to 218 variations
2025-09-17 21:43:31,366 - INFO - 🔧 Request Handler initialized - Success rate: 100.0%
2025-09-17 21:47:53,859 - INFO - Original clue keywords: memory card, data transfer
2025-09-17 21:47:53,859 - INFO - Niche-focused seeds: memory card canon, canon memory card, memory card cheap, cheap memory card, memory card best, best memory card, memory card latest, latest memory card, memory card review, review memory card, memory card price, price memory card, memory card sell, sell memory card, memory card buy, buy memory card, memory card recommendation, recommendation memory card, memory card tips, tips memory card, memory card tutorial, tutorial memory card, memory card guide, guide memory card, memory card how to, how to memory card, memory card vs, vs memory card, memory card versus, versus memory card, memory card compared to, compared to memory card, memory card comparison, comparison memory card, memory card alternatives, alternatives memory card, memory card which is better, which is better memory card, memory card expensive, expensive memory card, memory card discount, discount memory card, memory card deals, deals memory card, memory card sale, sale memory card, memory card affordable, affordable memory card, memory card cost, cost memory card, memory card online, online memory card, memory card offline, offline memory card, memory card marketplace, marketplace memory card, memory card store, store memory card, memory card shop, shop memory card, memory card retailer, retailer memory card, memory card where to buy, where to buy memory card, memory card worst, worst memory card, memory card quality, quality memory card, memory card original, original memory card, memory card genuine, genuine memory card, memory card fake, fake memory card, memory card replica, replica memory card, memory card authentic, authentic memory card, memory card brand, brand memory card, memory card manufacturer, manufacturer memory card, memory card company, company memory card, memory card product, product memory card, memory card canon product, canon product memory card, memory card sell canon, sell canon memory card, memory card buy canon, buy canon memory card, memory card cheap canon, cheap canon memory card, memory card best canon, best canon memory card, memory card canon review, canon review memory card, memory card where to buy canon, where to buy canon memory card, memory card how to choose canon, how to choose canon memory card, memory card top canon, top canon memory card, memory card canon guide, canon guide memory card, memory card canon for sale, canon for sale memory card, memory card canon deals, canon deals memory card, data transfer canon, canon data transfer, data transfer cheap, cheap data transfer, data transfer best, best data transfer, data transfer latest, latest data transfer, data transfer review, review data transfer, data transfer price, price data transfer, data transfer sell, sell data transfer, data transfer buy, buy data transfer, data transfer recommendation, recommendation data transfer, data transfer tips, tips data transfer, data transfer tutorial, tutorial data transfer, data transfer guide, guide data transfer, data transfer how to, how to data transfer, data transfer vs, vs data transfer, data transfer versus, versus data transfer, data transfer compared to, compared to data transfer, data transfer comparison, comparison data transfer, data transfer alternatives, alternatives data transfer, data transfer which is better, which is better data transfer, data transfer expensive, expensive data transfer, data transfer discount, discount data transfer, data transfer deals, deals data transfer, data transfer sale, sale data transfer, data transfer affordable, affordable data transfer, data transfer cost, cost data transfer, data transfer online, online data transfer, data transfer offline, offline data transfer, data transfer marketplace, marketplace data transfer, data transfer store, store data transfer, data transfer shop, shop data transfer, data transfer retailer, retailer data transfer, data transfer where to buy, where to buy data transfer, data transfer worst, worst data transfer, data transfer quality, quality data transfer, data transfer original, original data transfer, data transfer genuine, genuine data transfer, data transfer fake, fake data transfer, data transfer replica, replica data transfer, data transfer authentic, authentic data transfer, data transfer brand, brand data transfer, data transfer manufacturer, manufacturer data transfer, data transfer company, company data transfer, data transfer product, product data transfer, data transfer canon product, canon product data transfer, data transfer sell canon, sell canon data transfer, data transfer buy canon, buy canon data transfer, data transfer cheap canon, cheap canon data transfer, data transfer best canon, best canon data transfer, data transfer canon review, canon review data transfer, data transfer where to buy canon, where to buy canon data transfer, data transfer how to choose canon, how to choose canon data transfer, data transfer top canon, top canon data transfer, data transfer canon guide, canon guide data transfer, data transfer canon for sale, canon for sale data transfer, data transfer canon deals, canon deals data transfer
2025-09-17 21:47:53,862 - INFO - Expanded 220 seed keywords to 385 variations
2025-09-17 21:47:53,862 - INFO - Language: en
2025-09-17 21:47:53,863 - INFO - Region: us
2025-09-17 21:52:23,555 - INFO - 🎯 After all filtering for 'canon': 120 relevant keywords
2025-09-17 21:52:23,578 - INFO - 🎯 Found 5 new keywords for niche 'canon': canon affordable data transfer, canon affordable memory card, cheap alternatives data transfer, cheap alternatives memory card, best authentic data transfer
2025-09-17 21:52:40,517 - INFO - ✅ Niche 'canon' process complete! 17 total keyword results.
2025-09-17 21:52:40,517 - INFO - ✅ Completed processing niche: 'canon'
2025-09-17 21:52:40,517 - INFO - 🔧 Request Handler final stats - Success rate: 100.0%
2025-09-17 21:52:40,517 - INFO -    Total requests: 5746, Blocks: 0
2025-09-17 21:52:40,518 - INFO - 
========================================
2025-09-17 21:52:40,519 - INFO - Process Summary:
2025-09-17 21:52:40,519 - INFO - - Current niche: 'canon'
2025-09-17 21:52:40,519 - INFO - - Next niche will be: 'nikon'
2025-09-17 21:52:40,519 - INFO - - Keywords saved in: languages/english/keywords/canon/
2025-09-17 21:52:40,519 - INFO - ========================================
