2025-11-04 02:03:46,330 - INFO - Log file created at: /home/runner/work/potensitech.com/potensitech.com/languages/english/keywords/logs/kw_search_20251104_020346.log
2025-11-04 02:03:46,330 - INFO - ============================================================
2025-11-04 02:03:46,330 - INFO - AUTOMATIC KEYWORD RESEARCH TOOL
2025-11-04 02:03:46,330 - INFO - ============================================================
2025-11-04 02:03:46,523 - INFO - ========================================
2025-11-04 02:03:46,523 - INFO - Found 14 niches to process: xiaomi, iphone, samsung, apple, sony, asus, philips, sandisk, intel, nvidia, amd, canon, nikon, huawei
2025-11-04 02:03:46,523 - INFO - ========================================
2025-11-04 02:03:46,523 - INFO - Continuing from last processed niche: samsung
2025-11-04 02:03:46,523 - INFO - ========================================
2025-11-04 02:03:46,523 - INFO - 🎯 PROCESSING NICHE 4/14: 'apple'
2025-11-04 02:03:46,523 - INFO - ========================================
2025-11-04 02:03:46,524 - INFO - 📁 Niche directory: /home/runner/work/potensitech.com/potensitech.com/languages/english/keywords/apple
2025-11-04 02:03:46,524 - INFO - Selected region: us
2025-11-04 02:03:46,524 - INFO - Selected language: en
2025-11-04 02:03:46,524 - INFO - 🎯 Current niche: apple
2025-11-04 02:03:49,822 - INFO - 🎯 Niche terms for filtering: apple, cheap, best, latest, review, price, sell, buy, recommendation, tips, tutorial, guide, how to, vs, versus, compared to, comparison, alternatives, which is better, expensive, discount, deals, sale, affordable, cost, online, offline, marketplace, store, shop, retailer, where to buy, worst, quality, original, genuine, fake, replica, authentic, brand, manufacturer, company, product, apple product, sell apple, buy apple, cheap apple, best apple, apple review, where to buy apple, how to choose apple, top apple, apple guide, apple for sale, apple deals
2025-11-04 02:03:49,822 - INFO - Generated 50 niche-clue pairs for 'apple'.
2025-11-04 02:03:49,825 - INFO - Expanded 50 seed keywords to 218 variations
2025-11-04 02:03:49,826 - INFO - 🔧 Request Handler initialized - Success rate: 100.0%
2025-11-04 02:08:13,277 - INFO - Original clue keywords: gpu performance, processor speed
2025-11-04 02:08:13,277 - INFO - Niche-focused seeds: gpu performance apple, apple gpu performance, gpu performance cheap, cheap gpu performance, gpu performance best, best gpu performance, gpu performance latest, latest gpu performance, gpu performance review, review gpu performance, gpu performance price, price gpu performance, gpu performance sell, sell gpu performance, gpu performance buy, buy gpu performance, gpu performance recommendation, recommendation gpu performance, gpu performance tips, tips gpu performance, gpu performance tutorial, tutorial gpu performance, gpu performance guide, guide gpu performance, gpu performance how to, how to gpu performance, gpu performance vs, vs gpu performance, gpu performance versus, versus gpu performance, gpu performance compared to, compared to gpu performance, gpu performance comparison, comparison gpu performance, gpu performance alternatives, alternatives gpu performance, gpu performance which is better, which is better gpu performance, gpu performance expensive, expensive gpu performance, gpu performance discount, discount gpu performance, gpu performance deals, deals gpu performance, gpu performance sale, sale gpu performance, gpu performance affordable, affordable gpu performance, gpu performance cost, cost gpu performance, gpu performance online, online gpu performance, gpu performance offline, offline gpu performance, gpu performance marketplace, marketplace gpu performance, gpu performance store, store gpu performance, gpu performance shop, shop gpu performance, gpu performance retailer, retailer gpu performance, gpu performance where to buy, where to buy gpu performance, gpu performance worst, worst gpu performance, gpu performance quality, quality gpu performance, gpu performance original, original gpu performance, gpu performance genuine, genuine gpu performance, gpu performance fake, fake gpu performance, gpu performance replica, replica gpu performance, gpu performance authentic, authentic gpu performance, gpu performance brand, brand gpu performance, gpu performance manufacturer, manufacturer gpu performance, gpu performance company, company gpu performance, gpu performance product, product gpu performance, gpu performance apple product, apple product gpu performance, gpu performance sell apple, sell apple gpu performance, gpu performance buy apple, buy apple gpu performance, gpu performance cheap apple, cheap apple gpu performance, gpu performance best apple, best apple gpu performance, gpu performance apple review, apple review gpu performance, gpu performance where to buy apple, where to buy apple gpu performance, gpu performance how to choose apple, how to choose apple gpu performance, gpu performance top apple, top apple gpu performance, gpu performance apple guide, apple guide gpu performance, gpu performance apple for sale, apple for sale gpu performance, gpu performance apple deals, apple deals gpu performance, processor speed apple, apple processor speed, processor speed cheap, cheap processor speed, processor speed best, best processor speed, processor speed latest, latest processor speed, processor speed review, review processor speed, processor speed price, price processor speed, processor speed sell, sell processor speed, processor speed buy, buy processor speed, processor speed recommendation, recommendation processor speed, processor speed tips, tips processor speed, processor speed tutorial, tutorial processor speed, processor speed guide, guide processor speed, processor speed how to, how to processor speed, processor speed vs, vs processor speed, processor speed versus, versus processor speed, processor speed compared to, compared to processor speed, processor speed comparison, comparison processor speed, processor speed alternatives, alternatives processor speed, processor speed which is better, which is better processor speed, processor speed expensive, expensive processor speed, processor speed discount, discount processor speed, processor speed deals, deals processor speed, processor speed sale, sale processor speed, processor speed affordable, affordable processor speed, processor speed cost, cost processor speed, processor speed online, online processor speed, processor speed offline, offline processor speed, processor speed marketplace, marketplace processor speed, processor speed store, store processor speed, processor speed shop, shop processor speed, processor speed retailer, retailer processor speed, processor speed where to buy, where to buy processor speed, processor speed worst, worst processor speed, processor speed quality, quality processor speed, processor speed original, original processor speed, processor speed genuine, genuine processor speed, processor speed fake, fake processor speed, processor speed replica, replica processor speed, processor speed authentic, authentic processor speed, processor speed brand, brand processor speed, processor speed manufacturer, manufacturer processor speed, processor speed company, company processor speed, processor speed product, product processor speed, processor speed apple product, apple product processor speed, processor speed sell apple, sell apple processor speed, processor speed buy apple, buy apple processor speed, processor speed cheap apple, cheap apple processor speed, processor speed best apple, best apple processor speed, processor speed apple review, apple review processor speed, processor speed where to buy apple, where to buy apple processor speed, processor speed how to choose apple, how to choose apple processor speed, processor speed top apple, top apple processor speed, processor speed apple guide, apple guide processor speed, processor speed apple for sale, apple for sale processor speed, processor speed apple deals, apple deals processor speed
2025-11-04 02:08:13,280 - INFO - Expanded 220 seed keywords to 385 variations
2025-11-04 02:08:13,280 - INFO - Language: en
2025-11-04 02:08:13,280 - INFO - Region: us
2025-11-04 02:08:44,338 - INFO - 🎯 After all filtering for 'apple': 120 relevant keywords
2025-11-04 02:08:44,831 - INFO - 🎯 Found 2 new keywords for niche 'apple': apple affordable gpu performance, apple affordable processor speed
2025-11-04 02:08:49,105 - INFO - ✅ Niche 'apple' process complete! 148 total keyword results.
2025-11-04 02:08:49,106 - INFO - ✅ Completed processing niche: 'apple'
2025-11-04 02:08:49,106 - INFO - 🔧 Request Handler final stats - Success rate: 100.0%
2025-11-04 02:08:49,106 - INFO -    Total requests: 35734, Blocks: 0
2025-11-04 02:08:49,107 - INFO - 
========================================
2025-11-04 02:08:49,107 - INFO - Process Summary:
2025-11-04 02:08:49,107 - INFO - - Current niche: 'apple'
2025-11-04 02:08:49,107 - INFO - - Next niche will be: 'sony'
2025-11-04 02:08:49,107 - INFO - - Keywords saved in: languages/english/keywords/apple/
2025-11-04 02:08:49,107 - INFO - ========================================
