2025-11-16 12:30:18,603 - INFO - Log file created at: /home/runner/work/potensitech.com/potensitech.com/languages/english/keywords/logs/kw_search_20251116_123018.log
2025-11-16 12:30:18,603 - INFO - ============================================================
2025-11-16 12:30:18,604 - INFO - AUTOMATIC KEYWORD RESEARCH TOOL
2025-11-16 12:30:18,604 - INFO - ============================================================
2025-11-16 12:30:18,871 - INFO - ========================================
2025-11-16 12:30:18,871 - INFO - Found 14 niches to process: xiaomi, iphone, samsung, apple, sony, asus, philips, sandisk, intel, nvidia, amd, canon, nikon, huawei
2025-11-16 12:30:18,871 - INFO - ========================================
2025-11-16 12:30:18,871 - INFO - Continuing from last processed niche: iphone
2025-11-16 12:30:18,871 - INFO - ========================================
2025-11-16 12:30:18,871 - INFO - 🎯 PROCESSING NICHE 3/14: 'samsung'
2025-11-16 12:30:18,871 - INFO - ========================================
2025-11-16 12:30:18,872 - INFO - 📁 Niche directory: /home/runner/work/potensitech.com/potensitech.com/languages/english/keywords/samsung
2025-11-16 12:30:18,872 - INFO - Selected region: us
2025-11-16 12:30:18,872 - INFO - Selected language: en
2025-11-16 12:30:18,872 - INFO - 🎯 Current niche: samsung
2025-11-16 12:30:21,973 - INFO - 🎯 Niche terms for filtering: samsung, cheap, best, latest, review, price, sell, buy, recommendation, tips, tutorial, guide, how to, vs, versus, compared to, comparison, alternatives, which is better, expensive, discount, deals, sale, affordable, cost, online, offline, marketplace, store, shop, retailer, where to buy, worst, quality, original, genuine, fake, replica, authentic, brand, manufacturer, company, product, samsung product, sell samsung, buy samsung, cheap samsung, best samsung, samsung review, where to buy samsung, how to choose samsung, top samsung, samsung guide, samsung for sale, samsung deals
2025-11-16 12:30:21,973 - INFO - Generated 50 niche-clue pairs for 'samsung'.
2025-11-16 12:30:21,976 - INFO - Expanded 50 seed keywords to 218 variations
2025-11-16 12:30:21,977 - INFO - 🔧 Request Handler initialized - Success rate: 100.0%
2025-11-16 12:34:46,062 - INFO - Original clue keywords: camera lenses, processor speed
2025-11-16 12:34:46,062 - INFO - Niche-focused seeds: camera lenses samsung, samsung camera lenses, camera lenses cheap, cheap camera lenses, camera lenses best, best camera lenses, camera lenses latest, latest camera lenses, camera lenses review, review camera lenses, camera lenses price, price camera lenses, camera lenses sell, sell camera lenses, camera lenses buy, buy camera lenses, camera lenses recommendation, recommendation camera lenses, camera lenses tips, tips camera lenses, camera lenses tutorial, tutorial camera lenses, camera lenses guide, guide camera lenses, camera lenses how to, how to camera lenses, camera lenses vs, vs camera lenses, camera lenses versus, versus camera lenses, camera lenses compared to, compared to camera lenses, camera lenses comparison, comparison camera lenses, camera lenses alternatives, alternatives camera lenses, camera lenses which is better, which is better camera lenses, camera lenses expensive, expensive camera lenses, camera lenses discount, discount camera lenses, camera lenses deals, deals camera lenses, camera lenses sale, sale camera lenses, camera lenses affordable, affordable camera lenses, camera lenses cost, cost camera lenses, camera lenses online, online camera lenses, camera lenses offline, offline camera lenses, camera lenses marketplace, marketplace camera lenses, camera lenses store, store camera lenses, camera lenses shop, shop camera lenses, camera lenses retailer, retailer camera lenses, camera lenses where to buy, where to buy camera lenses, camera lenses worst, worst camera lenses, camera lenses quality, quality camera lenses, camera lenses original, original camera lenses, camera lenses genuine, genuine camera lenses, camera lenses fake, fake camera lenses, camera lenses replica, replica camera lenses, camera lenses authentic, authentic camera lenses, camera lenses brand, brand camera lenses, camera lenses manufacturer, manufacturer camera lenses, camera lenses company, company camera lenses, camera lenses product, product camera lenses, camera lenses samsung product, samsung product camera lenses, camera lenses sell samsung, sell samsung camera lenses, camera lenses buy samsung, buy samsung camera lenses, camera lenses cheap samsung, cheap samsung camera lenses, camera lenses best samsung, best samsung camera lenses, camera lenses samsung review, samsung review camera lenses, camera lenses where to buy samsung, where to buy samsung camera lenses, camera lenses how to choose samsung, how to choose samsung camera lenses, camera lenses top samsung, top samsung camera lenses, camera lenses samsung guide, samsung guide camera lenses, camera lenses samsung for sale, samsung for sale camera lenses, camera lenses samsung deals, samsung deals camera lenses, processor speed samsung, samsung processor speed, processor speed cheap, cheap processor speed, processor speed best, best processor speed, processor speed latest, latest processor speed, processor speed review, review processor speed, processor speed price, price processor speed, processor speed sell, sell processor speed, processor speed buy, buy processor speed, processor speed recommendation, recommendation processor speed, processor speed tips, tips processor speed, processor speed tutorial, tutorial processor speed, processor speed guide, guide processor speed, processor speed how to, how to processor speed, processor speed vs, vs processor speed, processor speed versus, versus processor speed, processor speed compared to, compared to processor speed, processor speed comparison, comparison processor speed, processor speed alternatives, alternatives processor speed, processor speed which is better, which is better processor speed, processor speed expensive, expensive processor speed, processor speed discount, discount processor speed, processor speed deals, deals processor speed, processor speed sale, sale processor speed, processor speed affordable, affordable processor speed, processor speed cost, cost processor speed, processor speed online, online processor speed, processor speed offline, offline processor speed, processor speed marketplace, marketplace processor speed, processor speed store, store processor speed, processor speed shop, shop processor speed, processor speed retailer, retailer processor speed, processor speed where to buy, where to buy processor speed, processor speed worst, worst processor speed, processor speed quality, quality processor speed, processor speed original, original processor speed, processor speed genuine, genuine processor speed, processor speed fake, fake processor speed, processor speed replica, replica processor speed, processor speed authentic, authentic processor speed, processor speed brand, brand processor speed, processor speed manufacturer, manufacturer processor speed, processor speed company, company processor speed, processor speed product, product processor speed, processor speed samsung product, samsung product processor speed, processor speed sell samsung, sell samsung processor speed, processor speed buy samsung, buy samsung processor speed, processor speed cheap samsung, cheap samsung processor speed, processor speed best samsung, best samsung processor speed, processor speed samsung review, samsung review processor speed, processor speed where to buy samsung, where to buy samsung processor speed, processor speed how to choose samsung, how to choose samsung processor speed, processor speed top samsung, top samsung processor speed, processor speed samsung guide, samsung guide processor speed, processor speed samsung for sale, samsung for sale processor speed, processor speed samsung deals, samsung deals processor speed
2025-11-16 12:34:46,065 - INFO - Expanded 220 seed keywords to 385 variations
2025-11-16 12:34:46,065 - INFO - Language: en
2025-11-16 12:34:46,065 - INFO - Region: us
2025-11-16 12:35:17,547 - INFO - 🎯 After all filtering for 'samsung': 120 relevant keywords
2025-11-16 12:35:18,529 - INFO - 🎯 Found 2 new keywords for niche 'samsung': samsung affordable camera lenses, samsung affordable processor speed
2025-11-16 12:35:25,946 - INFO - ✅ Niche 'samsung' process complete! 205 total keyword results.
2025-11-16 12:35:25,946 - INFO - ✅ Completed processing niche: 'samsung'
2025-11-16 12:35:25,946 - INFO - 🔧 Request Handler final stats - Success rate: 100.0%
2025-11-16 12:35:25,946 - INFO -    Total requests: 43787, Blocks: 0
2025-11-16 12:35:25,947 - INFO - 
========================================
2025-11-16 12:35:25,947 - INFO - Process Summary:
2025-11-16 12:35:25,947 - INFO - - Current niche: 'samsung'
2025-11-16 12:35:25,947 - INFO - - Next niche will be: 'apple'
2025-11-16 12:35:25,948 - INFO - - Keywords saved in: languages/english/keywords/samsung/
2025-11-16 12:35:25,948 - INFO - ========================================
