2025-10-05 16:51:37,950 - INFO - Log file created at: /home/runner/work/potensitech.com/potensitech.com/languages/english/keywords/logs/kw_search_20251005_165137.log
2025-10-05 16:51:37,950 - INFO - ============================================================
2025-10-05 16:51:37,950 - INFO - AUTOMATIC KEYWORD RESEARCH TOOL
2025-10-05 16:51:37,950 - INFO - ============================================================
2025-10-05 16:51:38,097 - INFO - ========================================
2025-10-05 16:51:38,097 - INFO - Found 14 niches to process: xiaomi, iphone, samsung, apple, sony, asus, philips, sandisk, intel, nvidia, amd, canon, nikon, huawei
2025-10-05 16:51:38,097 - INFO - ========================================
2025-10-05 16:51:38,097 - INFO - Continuing from last processed niche: philips
2025-10-05 16:51:38,098 - INFO - ========================================
2025-10-05 16:51:38,098 - INFO - 🎯 PROCESSING NICHE 8/14: 'sandisk'
2025-10-05 16:51:38,098 - INFO - ========================================
2025-10-05 16:51:38,098 - INFO - 📁 Niche directory: /home/runner/work/potensitech.com/potensitech.com/languages/english/keywords/sandisk
2025-10-05 16:51:38,098 - INFO - Selected region: us
2025-10-05 16:51:38,098 - INFO - Selected language: en
2025-10-05 16:51:38,098 - INFO - 🎯 Current niche: sandisk
2025-10-05 16:51:44,511 - INFO - 🎯 Niche terms for filtering: sandisk, cheap, best, latest, review, price, sell, buy, recommendation, tips, tutorial, guide, how to, vs, versus, compared to, comparison, alternatives, which is better, expensive, discount, deals, sale, affordable, cost, online, offline, marketplace, store, shop, retailer, where to buy, worst, quality, original, genuine, fake, replica, authentic, brand, manufacturer, company, product, sandisk product, sell sandisk, buy sandisk, cheap sandisk, best sandisk, sandisk review, where to buy sandisk, how to choose sandisk, top sandisk, sandisk guide, sandisk for sale, sandisk deals
2025-10-05 16:51:44,512 - INFO - Generated 50 niche-clue pairs for 'sandisk'.
2025-10-05 16:51:44,515 - INFO - Expanded 50 seed keywords to 218 variations
2025-10-05 16:51:44,515 - INFO - 🔧 Request Handler initialized - Success rate: 100.0%
2025-10-05 16:56:08,072 - INFO - Original clue keywords: data storage, usb performance
2025-10-05 16:56:08,072 - INFO - Niche-focused seeds: data storage sandisk, sandisk data storage, data storage cheap, cheap data storage, data storage best, best data storage, data storage latest, latest data storage, data storage review, review data storage, data storage price, price data storage, data storage sell, sell data storage, data storage buy, buy data storage, data storage recommendation, recommendation data storage, data storage tips, tips data storage, data storage tutorial, tutorial data storage, data storage guide, guide data storage, data storage how to, how to data storage, data storage vs, vs data storage, data storage versus, versus data storage, data storage compared to, compared to data storage, data storage comparison, comparison data storage, data storage alternatives, alternatives data storage, data storage which is better, which is better data storage, data storage expensive, expensive data storage, data storage discount, discount data storage, data storage deals, deals data storage, data storage sale, sale data storage, data storage affordable, affordable data storage, data storage cost, cost data storage, data storage online, online data storage, data storage offline, offline data storage, data storage marketplace, marketplace data storage, data storage store, store data storage, data storage shop, shop data storage, data storage retailer, retailer data storage, data storage where to buy, where to buy data storage, data storage worst, worst data storage, data storage quality, quality data storage, data storage original, original data storage, data storage genuine, genuine data storage, data storage fake, fake data storage, data storage replica, replica data storage, data storage authentic, authentic data storage, data storage brand, brand data storage, data storage manufacturer, manufacturer data storage, data storage company, company data storage, data storage product, product data storage, data storage sandisk product, sandisk product data storage, data storage sell sandisk, sell sandisk data storage, data storage buy sandisk, buy sandisk data storage, data storage cheap sandisk, cheap sandisk data storage, data storage best sandisk, best sandisk data storage, data storage sandisk review, sandisk review data storage, data storage where to buy sandisk, where to buy sandisk data storage, data storage how to choose sandisk, how to choose sandisk data storage, data storage top sandisk, top sandisk data storage, data storage sandisk guide, sandisk guide data storage, data storage sandisk for sale, sandisk for sale data storage, data storage sandisk deals, sandisk deals data storage, usb performance sandisk, sandisk usb performance, usb performance cheap, cheap usb performance, usb performance best, best usb performance, usb performance latest, latest usb performance, usb performance review, review usb performance, usb performance price, price usb performance, usb performance sell, sell usb performance, usb performance buy, buy usb performance, usb performance recommendation, recommendation usb performance, usb performance tips, tips usb performance, usb performance tutorial, tutorial usb performance, usb performance guide, guide usb performance, usb performance how to, how to usb performance, usb performance vs, vs usb performance, usb performance versus, versus usb performance, usb performance compared to, compared to usb performance, usb performance comparison, comparison usb performance, usb performance alternatives, alternatives usb performance, usb performance which is better, which is better usb performance, usb performance expensive, expensive usb performance, usb performance discount, discount usb performance, usb performance deals, deals usb performance, usb performance sale, sale usb performance, usb performance affordable, affordable usb performance, usb performance cost, cost usb performance, usb performance online, online usb performance, usb performance offline, offline usb performance, usb performance marketplace, marketplace usb performance, usb performance store, store usb performance, usb performance shop, shop usb performance, usb performance retailer, retailer usb performance, usb performance where to buy, where to buy usb performance, usb performance worst, worst usb performance, usb performance quality, quality usb performance, usb performance original, original usb performance, usb performance genuine, genuine usb performance, usb performance fake, fake usb performance, usb performance replica, replica usb performance, usb performance authentic, authentic usb performance, usb performance brand, brand usb performance, usb performance manufacturer, manufacturer usb performance, usb performance company, company usb performance, usb performance product, product usb performance, usb performance sandisk product, sandisk product usb performance, usb performance sell sandisk, sell sandisk usb performance, usb performance buy sandisk, buy sandisk usb performance, usb performance cheap sandisk, cheap sandisk usb performance, usb performance best sandisk, best sandisk usb performance, usb performance sandisk review, sandisk review usb performance, usb performance where to buy sandisk, where to buy sandisk usb performance, usb performance how to choose sandisk, how to choose sandisk usb performance, usb performance top sandisk, top sandisk usb performance, usb performance sandisk guide, sandisk guide usb performance, usb performance sandisk for sale, sandisk for sale usb performance, usb performance sandisk deals, sandisk deals usb performance
2025-10-05 16:56:08,075 - INFO - Expanded 220 seed keywords to 385 variations
2025-10-05 16:56:08,075 - INFO - Language: en
2025-10-05 16:56:08,075 - INFO - Region: us
2025-10-05 17:00:35,798 - INFO - 🎯 After all filtering for 'sandisk': 120 relevant keywords
2025-10-05 17:00:36,021 - INFO - 🎯 Found 5 new keywords for niche 'sandisk': sandisk affordable data storage, sandisk affordable usb performance, cheap alternatives usb performance, best authentic usb performance, how to brand usb performance
2025-10-05 17:00:48,936 - INFO - ✅ Niche 'sandisk' process complete! 85 total keyword results.
2025-10-05 17:00:48,936 - INFO - ✅ Completed processing niche: 'sandisk'
2025-10-05 17:00:48,936 - INFO - 🔧 Request Handler final stats - Success rate: 100.0%
2025-10-05 17:00:48,936 - INFO -    Total requests: 19559, Blocks: 0
2025-10-05 17:00:48,937 - INFO - 
========================================
2025-10-05 17:00:48,937 - INFO - Process Summary:
2025-10-05 17:00:48,937 - INFO - - Current niche: 'sandisk'
2025-10-05 17:00:48,937 - INFO - - Next niche will be: 'intel'
2025-10-05 17:00:48,937 - INFO - - Keywords saved in: languages/english/keywords/sandisk/
2025-10-05 17:00:48,937 - INFO - ========================================
