2025-10-08 09:43:48,890 - INFO - Log file created at: /home/runner/work/potensitech.com/potensitech.com/languages/english/keywords/logs/kw_search_20251008_094348.log
2025-10-08 09:43:48,890 - INFO - ============================================================
2025-10-08 09:43:48,890 - INFO - AUTOMATIC KEYWORD RESEARCH TOOL
2025-10-08 09:43:48,890 - INFO - ============================================================
2025-10-08 09:43:49,038 - INFO - ========================================
2025-10-08 09:43:49,038 - INFO - Found 14 niches to process: xiaomi, iphone, samsung, apple, sony, asus, philips, sandisk, intel, nvidia, amd, canon, nikon, huawei
2025-10-08 09:43:49,038 - INFO - ========================================
2025-10-08 09:43:49,038 - INFO - Continuing from last processed niche: asus
2025-10-08 09:43:49,038 - INFO - ========================================
2025-10-08 09:43:49,038 - INFO - 🎯 PROCESSING NICHE 7/14: 'philips'
2025-10-08 09:43:49,038 - INFO - ========================================
2025-10-08 09:43:49,038 - INFO - 📁 Niche directory: /home/runner/work/potensitech.com/potensitech.com/languages/english/keywords/philips
2025-10-08 09:43:49,038 - INFO - Selected region: us
2025-10-08 09:43:49,038 - INFO - Selected language: en
2025-10-08 09:43:49,038 - INFO - 🎯 Current niche: philips
2025-10-08 09:43:53,340 - INFO - 🎯 Niche terms for filtering: philips, cheap, best, latest, review, price, sell, buy, recommendation, tips, tutorial, guide, how to, vs, versus, compared to, comparison, alternatives, which is better, expensive, discount, deals, sale, affordable, cost, online, offline, marketplace, store, shop, retailer, where to buy, worst, quality, original, genuine, fake, replica, authentic, brand, manufacturer, company, product, philips product, sell philips, buy philips, cheap philips, best philips, philips review, where to buy philips, how to choose philips, top philips, philips guide, philips for sale, philips deals
2025-10-08 09:43:53,340 - INFO - Generated 50 niche-clue pairs for 'philips'.
2025-10-08 09:43:53,343 - INFO - Expanded 50 seed keywords to 218 variations
2025-10-08 09:43:53,344 - INFO - 🔧 Request Handler initialized - Success rate: 100.0%
2025-10-08 09:48:19,012 - INFO - Original clue keywords: smart-lighting, air-purifier
2025-10-08 09:48:19,012 - INFO - Niche-focused seeds: smart-lighting philips, philips smart-lighting, smart-lighting cheap, cheap smart-lighting, smart-lighting best, best smart-lighting, smart-lighting latest, latest smart-lighting, smart-lighting review, review smart-lighting, smart-lighting price, price smart-lighting, smart-lighting sell, sell smart-lighting, smart-lighting buy, buy smart-lighting, smart-lighting recommendation, recommendation smart-lighting, smart-lighting tips, tips smart-lighting, smart-lighting tutorial, tutorial smart-lighting, smart-lighting guide, guide smart-lighting, smart-lighting how to, how to smart-lighting, smart-lighting vs, vs smart-lighting, smart-lighting versus, versus smart-lighting, smart-lighting compared to, compared to smart-lighting, smart-lighting comparison, comparison smart-lighting, smart-lighting alternatives, alternatives smart-lighting, smart-lighting which is better, which is better smart-lighting, smart-lighting expensive, expensive smart-lighting, smart-lighting discount, discount smart-lighting, smart-lighting deals, deals smart-lighting, smart-lighting sale, sale smart-lighting, smart-lighting affordable, affordable smart-lighting, smart-lighting cost, cost smart-lighting, smart-lighting online, online smart-lighting, smart-lighting offline, offline smart-lighting, smart-lighting marketplace, marketplace smart-lighting, smart-lighting store, store smart-lighting, smart-lighting shop, shop smart-lighting, smart-lighting retailer, retailer smart-lighting, smart-lighting where to buy, where to buy smart-lighting, smart-lighting worst, worst smart-lighting, smart-lighting quality, quality smart-lighting, smart-lighting original, original smart-lighting, smart-lighting genuine, genuine smart-lighting, smart-lighting fake, fake smart-lighting, smart-lighting replica, replica smart-lighting, smart-lighting authentic, authentic smart-lighting, smart-lighting brand, brand smart-lighting, smart-lighting manufacturer, manufacturer smart-lighting, smart-lighting company, company smart-lighting, smart-lighting product, product smart-lighting, smart-lighting philips product, philips product smart-lighting, smart-lighting sell philips, sell philips smart-lighting, smart-lighting buy philips, buy philips smart-lighting, smart-lighting cheap philips, cheap philips smart-lighting, smart-lighting best philips, best philips smart-lighting, smart-lighting philips review, philips review smart-lighting, smart-lighting where to buy philips, where to buy philips smart-lighting, smart-lighting how to choose philips, how to choose philips smart-lighting, smart-lighting top philips, top philips smart-lighting, smart-lighting philips guide, philips guide smart-lighting, smart-lighting philips for sale, philips for sale smart-lighting, smart-lighting philips deals, philips deals smart-lighting, air-purifier philips, philips air-purifier, air-purifier cheap, cheap air-purifier, air-purifier best, best air-purifier, air-purifier latest, latest air-purifier, air-purifier review, review air-purifier, air-purifier price, price air-purifier, air-purifier sell, sell air-purifier, air-purifier buy, buy air-purifier, air-purifier recommendation, recommendation air-purifier, air-purifier tips, tips air-purifier, air-purifier tutorial, tutorial air-purifier, air-purifier guide, guide air-purifier, air-purifier how to, how to air-purifier, air-purifier vs, vs air-purifier, air-purifier versus, versus air-purifier, air-purifier compared to, compared to air-purifier, air-purifier comparison, comparison air-purifier, air-purifier alternatives, alternatives air-purifier, air-purifier which is better, which is better air-purifier, air-purifier expensive, expensive air-purifier, air-purifier discount, discount air-purifier, air-purifier deals, deals air-purifier, air-purifier sale, sale air-purifier, air-purifier affordable, affordable air-purifier, air-purifier cost, cost air-purifier, air-purifier online, online air-purifier, air-purifier offline, offline air-purifier, air-purifier marketplace, marketplace air-purifier, air-purifier store, store air-purifier, air-purifier shop, shop air-purifier, air-purifier retailer, retailer air-purifier, air-purifier where to buy, where to buy air-purifier, air-purifier worst, worst air-purifier, air-purifier quality, quality air-purifier, air-purifier original, original air-purifier, air-purifier genuine, genuine air-purifier, air-purifier fake, fake air-purifier, air-purifier replica, replica air-purifier, air-purifier authentic, authentic air-purifier, air-purifier brand, brand air-purifier, air-purifier manufacturer, manufacturer air-purifier, air-purifier company, company air-purifier, air-purifier product, product air-purifier, air-purifier philips product, philips product air-purifier, air-purifier sell philips, sell philips air-purifier, air-purifier buy philips, buy philips air-purifier, air-purifier cheap philips, cheap philips air-purifier, air-purifier best philips, best philips air-purifier, air-purifier philips review, philips review air-purifier, air-purifier where to buy philips, where to buy philips air-purifier, air-purifier how to choose philips, how to choose philips air-purifier, air-purifier top philips, top philips air-purifier, air-purifier philips guide, philips guide air-purifier, air-purifier philips for sale, philips for sale air-purifier, air-purifier philips deals, philips deals air-purifier
2025-10-08 09:48:19,015 - INFO - Expanded 220 seed keywords to 385 variations
2025-10-08 09:48:19,016 - INFO - Language: en
2025-10-08 09:48:19,016 - INFO - Region: us
2025-10-08 09:52:29,220 - INFO - 🎯 After all filtering for 'philips': 120 relevant keywords
2025-10-08 09:52:29,259 - INFO - 🎯 Found 5 new keywords for niche 'philips': philips affordable air-purifier, cheap affordable air-purifier, best affordable air-purifier, how to affordable air-purifier, philips affordable smart-lighting
2025-10-08 09:52:38,093 - INFO - ✅ Niche 'philips' process complete! 111 total keyword results.
2025-10-08 09:52:38,093 - INFO - ✅ Completed processing niche: 'philips'
2025-10-08 09:52:38,093 - INFO - 🔧 Request Handler final stats - Success rate: 100.0%
2025-10-08 09:52:38,094 - INFO -    Total requests: 21607, Blocks: 0
2025-10-08 09:52:38,094 - INFO - 
========================================
2025-10-08 09:52:38,095 - INFO - Process Summary:
2025-10-08 09:52:38,095 - INFO - - Current niche: 'philips'
2025-10-08 09:52:38,095 - INFO - - Next niche will be: 'sandisk'
2025-10-08 09:52:38,095 - INFO - - Keywords saved in: languages/english/keywords/philips/
2025-10-08 09:52:38,095 - INFO - ========================================
