2025-10-26 07:27:14,790 - INFO - Log file created at: /home/runner/work/potensitech.com/potensitech.com/languages/english/keywords/logs/kw_search_20251026_072714.log
2025-10-26 07:27:14,790 - INFO - ============================================================
2025-10-26 07:27:14,790 - INFO - AUTOMATIC KEYWORD RESEARCH TOOL
2025-10-26 07:27:14,790 - INFO - ============================================================
2025-10-26 07:27:14,950 - INFO - ========================================
2025-10-26 07:27:14,950 - INFO - Found 14 niches to process: xiaomi, iphone, samsung, apple, sony, asus, philips, sandisk, intel, nvidia, amd, canon, nikon, huawei
2025-10-26 07:27:14,950 - INFO - ========================================
2025-10-26 07:27:14,950 - INFO - Continuing from last processed niche: samsung
2025-10-26 07:27:14,950 - INFO - ========================================
2025-10-26 07:27:14,951 - INFO - 🎯 PROCESSING NICHE 4/14: 'apple'
2025-10-26 07:27:14,951 - INFO - ========================================
2025-10-26 07:27:14,951 - INFO - 📁 Niche directory: /home/runner/work/potensitech.com/potensitech.com/languages/english/keywords/apple
2025-10-26 07:27:14,951 - INFO - Selected region: us
2025-10-26 07:27:14,951 - INFO - Selected language: en
2025-10-26 07:27:14,951 - INFO - 🎯 Current niche: apple
2025-10-26 07:27:19,537 - INFO - 🎯 Niche terms for filtering: apple, cheap, best, latest, review, price, sell, buy, recommendation, tips, tutorial, guide, how to, vs, versus, compared to, comparison, alternatives, which is better, expensive, discount, deals, sale, affordable, cost, online, offline, marketplace, store, shop, retailer, where to buy, worst, quality, original, genuine, fake, replica, authentic, brand, manufacturer, company, product, apple product, sell apple, buy apple, cheap apple, best apple, apple review, where to buy apple, how to choose apple, top apple, apple guide, apple for sale, apple deals
2025-10-26 07:27:19,537 - INFO - Generated 50 niche-clue pairs for 'apple'.
2025-10-26 07:27:19,539 - INFO - Expanded 50 seed keywords to 218 variations
2025-10-26 07:27:19,540 - INFO - 🔧 Request Handler initialized - Success rate: 100.0%
2025-10-26 07:31:42,905 - INFO - Original clue keywords: camera lens, gpu performance
2025-10-26 07:31:42,905 - INFO - Niche-focused seeds: camera lens apple, apple camera lens, camera lens cheap, cheap camera lens, camera lens best, best camera lens, camera lens latest, latest camera lens, camera lens review, review camera lens, camera lens price, price camera lens, camera lens sell, sell camera lens, camera lens buy, buy camera lens, camera lens recommendation, recommendation camera lens, camera lens tips, tips camera lens, camera lens tutorial, tutorial camera lens, camera lens guide, guide camera lens, camera lens how to, how to camera lens, camera lens vs, vs camera lens, camera lens versus, versus camera lens, camera lens compared to, compared to camera lens, camera lens comparison, comparison camera lens, camera lens alternatives, alternatives camera lens, camera lens which is better, which is better camera lens, camera lens expensive, expensive camera lens, camera lens discount, discount camera lens, camera lens deals, deals camera lens, camera lens sale, sale camera lens, camera lens affordable, affordable camera lens, camera lens cost, cost camera lens, camera lens online, online camera lens, camera lens offline, offline camera lens, camera lens marketplace, marketplace camera lens, camera lens store, store camera lens, camera lens shop, shop camera lens, camera lens retailer, retailer camera lens, camera lens where to buy, where to buy camera lens, camera lens worst, worst camera lens, camera lens quality, quality camera lens, camera lens original, original camera lens, camera lens genuine, genuine camera lens, camera lens fake, fake camera lens, camera lens replica, replica camera lens, camera lens authentic, authentic camera lens, camera lens brand, brand camera lens, camera lens manufacturer, manufacturer camera lens, camera lens company, company camera lens, camera lens product, product camera lens, camera lens apple product, apple product camera lens, camera lens sell apple, sell apple camera lens, camera lens buy apple, buy apple camera lens, camera lens cheap apple, cheap apple camera lens, camera lens best apple, best apple camera lens, camera lens apple review, apple review camera lens, camera lens where to buy apple, where to buy apple camera lens, camera lens how to choose apple, how to choose apple camera lens, camera lens top apple, top apple camera lens, camera lens apple guide, apple guide camera lens, camera lens apple for sale, apple for sale camera lens, camera lens apple deals, apple deals camera lens, gpu performance apple, apple gpu performance, gpu performance cheap, cheap gpu performance, gpu performance best, best gpu performance, gpu performance latest, latest gpu performance, gpu performance review, review gpu performance, gpu performance price, price gpu performance, gpu performance sell, sell gpu performance, gpu performance buy, buy gpu performance, gpu performance recommendation, recommendation gpu performance, gpu performance tips, tips gpu performance, gpu performance tutorial, tutorial gpu performance, gpu performance guide, guide gpu performance, gpu performance how to, how to gpu performance, gpu performance vs, vs gpu performance, gpu performance versus, versus gpu performance, gpu performance compared to, compared to gpu performance, gpu performance comparison, comparison gpu performance, gpu performance alternatives, alternatives gpu performance, gpu performance which is better, which is better gpu performance, gpu performance expensive, expensive gpu performance, gpu performance discount, discount gpu performance, gpu performance deals, deals gpu performance, gpu performance sale, sale gpu performance, gpu performance affordable, affordable gpu performance, gpu performance cost, cost gpu performance, gpu performance online, online gpu performance, gpu performance offline, offline gpu performance, gpu performance marketplace, marketplace gpu performance, gpu performance store, store gpu performance, gpu performance shop, shop gpu performance, gpu performance retailer, retailer gpu performance, gpu performance where to buy, where to buy gpu performance, gpu performance worst, worst gpu performance, gpu performance quality, quality gpu performance, gpu performance original, original gpu performance, gpu performance genuine, genuine gpu performance, gpu performance fake, fake gpu performance, gpu performance replica, replica gpu performance, gpu performance authentic, authentic gpu performance, gpu performance brand, brand gpu performance, gpu performance manufacturer, manufacturer gpu performance, gpu performance company, company gpu performance, gpu performance product, product gpu performance, gpu performance apple product, apple product gpu performance, gpu performance sell apple, sell apple gpu performance, gpu performance buy apple, buy apple gpu performance, gpu performance cheap apple, cheap apple gpu performance, gpu performance best apple, best apple gpu performance, gpu performance apple review, apple review gpu performance, gpu performance where to buy apple, where to buy apple gpu performance, gpu performance how to choose apple, how to choose apple gpu performance, gpu performance top apple, top apple gpu performance, gpu performance apple guide, apple guide gpu performance, gpu performance apple for sale, apple for sale gpu performance, gpu performance apple deals, apple deals gpu performance
2025-10-26 07:31:42,908 - INFO - Expanded 220 seed keywords to 385 variations
2025-10-26 07:31:42,908 - INFO - Language: en
2025-10-26 07:31:42,908 - INFO - Region: us
2025-10-26 07:32:17,319 - INFO - 🎯 After all filtering for 'apple': 120 relevant keywords
2025-10-26 07:32:17,562 - INFO - 🎯 Found 2 new keywords for niche 'apple': apple affordable camera lens, apple affordable gpu performance
2025-10-26 07:32:21,233 - INFO - ✅ Niche 'apple' process complete! 128 total keyword results.
2025-10-26 07:32:21,233 - INFO - ✅ Completed processing niche: 'apple'
2025-10-26 07:32:21,233 - INFO - 🔧 Request Handler final stats - Success rate: 100.0%
2025-10-26 07:32:21,233 - INFO -    Total requests: 31559, Blocks: 0
2025-10-26 07:32:21,234 - INFO - 
========================================
2025-10-26 07:32:21,234 - INFO - Process Summary:
2025-10-26 07:32:21,234 - INFO - - Current niche: 'apple'
2025-10-26 07:32:21,234 - INFO - - Next niche will be: 'sony'
2025-10-26 07:32:21,234 - INFO - - Keywords saved in: languages/english/keywords/apple/
2025-10-26 07:32:21,235 - INFO - ========================================
