2025-10-07 04:53:38,184 - INFO - Log file created at: /home/runner/work/potensitech.com/potensitech.com/languages/english/keywords/logs/kw_search_20251007_045338.log
2025-10-07 04:53:38,184 - INFO - ============================================================
2025-10-07 04:53:38,184 - INFO - AUTOMATIC KEYWORD RESEARCH TOOL
2025-10-07 04:53:38,184 - INFO - ============================================================
2025-10-07 04:53:38,353 - INFO - ========================================
2025-10-07 04:53:38,353 - INFO - Found 14 niches to process: xiaomi, iphone, samsung, apple, sony, asus, philips, sandisk, intel, nvidia, amd, canon, nikon, huawei
2025-10-07 04:53:38,353 - INFO - ========================================
2025-10-07 04:53:38,353 - INFO - Continuing from last processed niche: sandisk
2025-10-07 04:53:38,353 - INFO - ========================================
2025-10-07 04:53:38,353 - INFO - 🎯 PROCESSING NICHE 9/14: 'intel'
2025-10-07 04:53:38,353 - INFO - ========================================
2025-10-07 04:53:38,353 - INFO - 📁 Niche directory: /home/runner/work/potensitech.com/potensitech.com/languages/english/keywords/intel
2025-10-07 04:53:38,354 - INFO - Selected region: us
2025-10-07 04:53:38,354 - INFO - Selected language: en
2025-10-07 04:53:38,354 - INFO - 🎯 Current niche: intel
2025-10-07 04:53:40,543 - INFO - 🎯 Niche terms for filtering: intel, cheap, best, latest, review, price, sell, buy, recommendation, tips, tutorial, guide, how to, vs, versus, compared to, comparison, alternatives, which is better, expensive, discount, deals, sale, affordable, cost, online, offline, marketplace, store, shop, retailer, where to buy, worst, quality, original, genuine, fake, replica, authentic, brand, manufacturer, company, product, intel product, sell intel, buy intel, cheap intel, best intel, intel review, where to buy intel, how to choose intel, top intel, intel guide, intel for sale, intel deals
2025-10-07 04:53:40,543 - INFO - Generated 50 niche-clue pairs for 'intel'.
2025-10-07 04:53:40,546 - INFO - Expanded 50 seed keywords to 218 variations
2025-10-07 04:53:40,547 - INFO - 🔧 Request Handler initialized - Success rate: 100.0%
2025-10-07 04:58:04,059 - INFO - Original clue keywords: dslr quality, storage capacity
2025-10-07 04:58:04,059 - INFO - Niche-focused seeds: dslr quality, storage capacity intel, intel storage capacity, storage capacity cheap, cheap storage capacity, storage capacity best, best storage capacity, storage capacity latest, latest storage capacity, storage capacity review, review storage capacity, storage capacity price, price storage capacity, storage capacity sell, sell storage capacity, storage capacity buy, buy storage capacity, storage capacity recommendation, recommendation storage capacity, storage capacity tips, tips storage capacity, storage capacity tutorial, tutorial storage capacity, storage capacity guide, guide storage capacity, storage capacity how to, how to storage capacity, storage capacity vs, vs storage capacity, storage capacity versus, versus storage capacity, storage capacity compared to, compared to storage capacity, storage capacity comparison, comparison storage capacity, storage capacity alternatives, alternatives storage capacity, storage capacity which is better, which is better storage capacity, storage capacity expensive, expensive storage capacity, storage capacity discount, discount storage capacity, storage capacity deals, deals storage capacity, storage capacity sale, sale storage capacity, storage capacity affordable, affordable storage capacity, storage capacity cost, cost storage capacity, storage capacity online, online storage capacity, storage capacity offline, offline storage capacity, storage capacity marketplace, marketplace storage capacity, storage capacity store, store storage capacity, storage capacity shop, shop storage capacity, storage capacity retailer, retailer storage capacity, storage capacity where to buy, where to buy storage capacity, storage capacity worst, worst storage capacity, storage capacity quality, quality storage capacity, storage capacity original, original storage capacity, storage capacity genuine, genuine storage capacity, storage capacity fake, fake storage capacity, storage capacity replica, replica storage capacity, storage capacity authentic, authentic storage capacity, storage capacity brand, brand storage capacity, storage capacity manufacturer, manufacturer storage capacity, storage capacity company, company storage capacity, storage capacity product, product storage capacity, storage capacity intel product, intel product storage capacity, storage capacity sell intel, sell intel storage capacity, storage capacity buy intel, buy intel storage capacity, storage capacity cheap intel, cheap intel storage capacity, storage capacity best intel, best intel storage capacity, storage capacity intel review, intel review storage capacity, storage capacity where to buy intel, where to buy intel storage capacity, storage capacity how to choose intel, how to choose intel storage capacity, storage capacity top intel, top intel storage capacity, storage capacity intel guide, intel guide storage capacity, storage capacity intel for sale, intel for sale storage capacity, storage capacity intel deals, intel deals storage capacity
2025-10-07 04:58:04,062 - INFO - Expanded 111 seed keywords to 276 variations
2025-10-07 04:58:04,062 - INFO - Language: en
2025-10-07 04:58:04,062 - INFO - Region: us
2025-10-07 05:02:37,520 - INFO - 🎯 After all filtering for 'intel': 120 relevant keywords
2025-10-07 05:02:37,549 - INFO - 🎯 Found 5 new keywords for niche 'intel': intel dslr quality, cheap dslr quality, best dslr quality, how to dslr quality, intel affordable storage capacity
2025-10-07 05:02:45,827 - INFO - ✅ Niche 'intel' process complete! 108 total keyword results.
2025-10-07 05:02:45,827 - INFO - ✅ Completed processing niche: 'intel'
2025-10-07 05:02:45,827 - INFO - 🔧 Request Handler final stats - Success rate: 100.0%
2025-10-07 05:02:45,827 - INFO -    Total requests: 20549, Blocks: 0
2025-10-07 05:02:45,828 - INFO - 
========================================
2025-10-07 05:02:45,828 - INFO - Process Summary:
2025-10-07 05:02:45,828 - INFO - - Current niche: 'intel'
2025-10-07 05:02:45,828 - INFO - - Next niche will be: 'nvidia'
2025-10-07 05:02:45,828 - INFO - - Keywords saved in: languages/english/keywords/intel/
2025-10-07 05:02:45,829 - INFO - ========================================
