2025-08-26 07:16:14,932 - INFO - Log file created at: C:\Hugo\GOHugo\languages\english\keywords\logs\kw_search_20250826_071614.log
2025-08-26 07:16:14,932 - INFO - ============================================================
2025-08-26 07:16:14,932 - INFO - AUTOMATIC KEYWORD RESEARCH TOOL
2025-08-26 07:16:14,932 - INFO - ============================================================
2025-08-26 07:16:19,390 - INFO - ========================================
2025-08-26 07:16:19,405 - INFO - Found 14 niches to process: xiaomi, iphone, samsung, apple, sony, asus, philips, sandisk, intel, nvidia, amd, canon, nikon, huawei
2025-08-26 07:16:19,405 - INFO - ========================================
2025-08-26 07:16:19,405 - INFO - Continuing from last processed niche: nvidia
2025-08-26 07:16:19,405 - INFO - ========================================
2025-08-26 07:16:19,405 - INFO - 🎯 PROCESSING NICHE 11/14: 'amd'
2025-08-26 07:16:19,405 - INFO - ========================================
2025-08-26 07:16:19,405 - INFO - 📁 Niche directory: C:\Hugo\GOHugo\languages\english\keywords\amd
2025-08-26 07:16:19,427 - INFO - Selected region: us
2025-08-26 07:16:19,427 - INFO - Selected language: en
2025-08-26 07:16:19,427 - INFO - 🎯 Current niche: amd
2025-08-26 07:16:36,469 - INFO - 🎯 Niche terms for filtering: amd, cheap, best, latest, review, price, sell, buy, recommendation, tips, tutorial, guide, how to, vs, versus, compared to, comparison, alternatives, which is better, expensive, discount, deals, sale, affordable, cost, online, offline, marketplace, store, shop, retailer, where to buy, worst, quality, original, genuine, fake, replica, authentic, brand, manufacturer, company, product, amd product, sell amd, buy amd, cheap amd, best amd, amd review, where to buy amd, how to choose amd, top amd, amd guide, amd for sale, amd deals
2025-08-26 07:16:36,469 - INFO - Generated 50 niche-clue pairs for 'amd'.
2025-08-26 07:16:36,485 - INFO - Expanded 50 seed keywords to 218 variations
2025-08-26 07:16:36,485 - INFO - 🔧 Request Handler initialized - Success rate: 100.0%
2025-08-26 07:24:03,339 - INFO - Original clue keywords: flagship, features
2025-08-26 07:24:03,339 - INFO - Niche-focused seeds: flagship amd, amd flagship, flagship cheap, cheap flagship, flagship best, best flagship, flagship latest, latest flagship, flagship review, review flagship, flagship price, price flagship, flagship sell, sell flagship, flagship buy, buy flagship, flagship recommendation, recommendation flagship, flagship tips, tips flagship, flagship tutorial, tutorial flagship, flagship guide, guide flagship, flagship how to, how to flagship, flagship vs, vs flagship, flagship versus, versus flagship, flagship compared to, compared to flagship, flagship comparison, comparison flagship, flagship alternatives, alternatives flagship, flagship which is better, which is better flagship, flagship expensive, expensive flagship, flagship discount, discount flagship, flagship deals, deals flagship, flagship sale, sale flagship, flagship affordable, affordable flagship, flagship cost, cost flagship, flagship online, online flagship, flagship offline, offline flagship, flagship marketplace, marketplace flagship, flagship store, store flagship, flagship shop, shop flagship, flagship retailer, retailer flagship, flagship where to buy, where to buy flagship, flagship worst, worst flagship, flagship quality, quality flagship, flagship original, original flagship, flagship genuine, genuine flagship, flagship fake, fake flagship, flagship replica, replica flagship, flagship authentic, authentic flagship, flagship brand, brand flagship, flagship manufacturer, manufacturer flagship, flagship company, company flagship, flagship product, product flagship, flagship amd product, amd product flagship, flagship sell amd, sell amd flagship, flagship buy amd, buy amd flagship, flagship cheap amd, cheap amd flagship, flagship best amd, best amd flagship, flagship amd review, amd review flagship, flagship where to buy amd, where to buy amd flagship, flagship how to choose amd, how to choose amd flagship, flagship top amd, top amd flagship, flagship amd guide, amd guide flagship, flagship amd for sale, amd for sale flagship, flagship amd deals, amd deals flagship, features amd, amd features, features cheap, cheap features, features best, best features, features latest, latest features, features review, review features, features price, price features, features sell, sell features, features buy, buy features, features recommendation, recommendation features, features tips, tips features, features tutorial, tutorial features, features guide, guide features, features how to, how to features, features vs, vs features, features versus, versus features, features compared to, compared to features, features comparison, comparison features, features alternatives, alternatives features, features which is better, which is better features, features expensive, expensive features, features discount, discount features, features deals, deals features, features sale, sale features, features affordable, affordable features, features cost, cost features, features online, online features, features offline, offline features, features marketplace, marketplace features, features store, store features, features shop, shop features, features retailer, retailer features, features where to buy, where to buy features, features worst, worst features, features quality, quality features, features original, original features, features genuine, genuine features, features fake, fake features, features replica, replica features, features authentic, authentic features, features brand, brand features, features manufacturer, manufacturer features, features company, company features, features product, product features, features amd product, amd product features, features sell amd, sell amd features, features buy amd, buy amd features, features cheap amd, cheap amd features, features best amd, best amd features, features amd review, amd review features, features where to buy amd, where to buy amd features, features how to choose amd, how to choose amd features, features top amd, top amd features, features amd guide, amd guide features, features amd for sale, amd for sale features, features amd deals, amd deals features
2025-08-26 07:24:03,371 - INFO - Expanded 220 seed keywords to 385 variations
2025-08-26 07:24:03,371 - INFO - Language: en
2025-08-26 07:24:03,371 - INFO - Region: us
2025-08-26 07:28:36,109 - INFO - 🎯 After all filtering for 'amd': 120 relevant keywords
2025-08-26 07:28:36,109 - INFO - 🎯 Found 5 new keywords for niche 'amd': amd affordable features, cheap affordable features, best affordable features, how to affordable features, amd affordable flagship
2025-08-26 07:29:04,512 - INFO - ✅ Niche 'amd' process complete! 7 total keyword results.
2025-08-26 07:29:04,512 - INFO - ✅ Completed processing niche: 'amd'
2025-08-26 07:29:04,512 - INFO - 🔧 Request Handler final stats - Success rate: 100.0%
2025-08-26 07:29:04,520 - INFO -    Total requests: 1902, Blocks: 0
2025-08-26 07:29:04,520 - INFO - 
========================================
2025-08-26 07:29:04,520 - INFO - Process Summary:
2025-08-26 07:29:04,520 - INFO - - Current niche: 'amd'
2025-08-26 07:29:04,520 - INFO - - Next niche will be: 'canon'
2025-08-26 07:29:04,520 - INFO - - Keywords saved in: languages/english/keywords/amd/
2025-08-26 07:29:04,520 - INFO - ========================================
