2025-09-24 09:43:39,577 - INFO - Log file created at: /home/runner/work/potensitech.com/potensitech.com/languages/english/keywords/logs/kw_search_20250924_094339.log
2025-09-24 09:43:39,577 - INFO - ============================================================
2025-09-24 09:43:39,577 - INFO - AUTOMATIC KEYWORD RESEARCH TOOL
2025-09-24 09:43:39,577 - INFO - ============================================================
2025-09-24 09:43:39,706 - INFO - ========================================
2025-09-24 09:43:39,706 - INFO - Found 14 niches to process: xiaomi, iphone, samsung, apple, sony, asus, philips, sandisk, intel, nvidia, amd, canon, nikon, huawei
2025-09-24 09:43:39,706 - INFO - ========================================
2025-09-24 09:43:39,706 - INFO - Continuing from last processed niche: asus
2025-09-24 09:43:39,706 - INFO - ========================================
2025-09-24 09:43:39,706 - INFO - 🎯 PROCESSING NICHE 7/14: 'philips'
2025-09-24 09:43:39,706 - INFO - ========================================
2025-09-24 09:43:39,707 - INFO - 📁 Niche directory: /home/runner/work/potensitech.com/potensitech.com/languages/english/keywords/philips
2025-09-24 09:43:39,707 - INFO - Selected region: us
2025-09-24 09:43:39,707 - INFO - Selected language: en
2025-09-24 09:43:39,707 - INFO - 🎯 Current niche: philips
2025-09-24 09:43:43,296 - INFO - 🎯 Niche terms for filtering: philips, cheap, best, latest, review, price, sell, buy, recommendation, tips, tutorial, guide, how to, vs, versus, compared to, comparison, alternatives, which is better, expensive, discount, deals, sale, affordable, cost, online, offline, marketplace, store, shop, retailer, where to buy, worst, quality, original, genuine, fake, replica, authentic, brand, manufacturer, company, product, philips product, sell philips, buy philips, cheap philips, best philips, philips review, where to buy philips, how to choose philips, top philips, philips guide, philips for sale, philips deals
2025-09-24 09:43:43,296 - INFO - Generated 50 niche-clue pairs for 'philips'.
2025-09-24 09:43:43,299 - INFO - Expanded 50 seed keywords to 218 variations
2025-09-24 09:43:43,299 - INFO - 🔧 Request Handler initialized - Success rate: 100.0%
2025-09-24 09:48:06,310 - INFO - Original clue keywords: camera quality, smartphone features
2025-09-24 09:48:06,310 - INFO - Niche-focused seeds: camera quality, smartphone features philips, philips smartphone features, smartphone features cheap, cheap smartphone features, smartphone features best, best smartphone features, smartphone features latest, latest smartphone features, smartphone features review, review smartphone features, smartphone features price, price smartphone features, smartphone features sell, sell smartphone features, smartphone features buy, buy smartphone features, smartphone features recommendation, recommendation smartphone features, smartphone features tips, tips smartphone features, smartphone features tutorial, tutorial smartphone features, smartphone features guide, guide smartphone features, smartphone features how to, how to smartphone features, smartphone features vs, vs smartphone features, smartphone features versus, versus smartphone features, smartphone features compared to, compared to smartphone features, smartphone features comparison, comparison smartphone features, smartphone features alternatives, alternatives smartphone features, smartphone features which is better, which is better smartphone features, smartphone features expensive, expensive smartphone features, smartphone features discount, discount smartphone features, smartphone features deals, deals smartphone features, smartphone features sale, sale smartphone features, smartphone features affordable, affordable smartphone features, smartphone features cost, cost smartphone features, smartphone features online, online smartphone features, smartphone features offline, offline smartphone features, smartphone features marketplace, marketplace smartphone features, smartphone features store, store smartphone features, smartphone features shop, shop smartphone features, smartphone features retailer, retailer smartphone features, smartphone features where to buy, where to buy smartphone features, smartphone features worst, worst smartphone features, smartphone features quality, quality smartphone features, smartphone features original, original smartphone features, smartphone features genuine, genuine smartphone features, smartphone features fake, fake smartphone features, smartphone features replica, replica smartphone features, smartphone features authentic, authentic smartphone features, smartphone features brand, brand smartphone features, smartphone features manufacturer, manufacturer smartphone features, smartphone features company, company smartphone features, smartphone features product, product smartphone features, smartphone features philips product, philips product smartphone features, smartphone features sell philips, sell philips smartphone features, smartphone features buy philips, buy philips smartphone features, smartphone features cheap philips, cheap philips smartphone features, smartphone features best philips, best philips smartphone features, smartphone features philips review, philips review smartphone features, smartphone features where to buy philips, where to buy philips smartphone features, smartphone features how to choose philips, how to choose philips smartphone features, smartphone features top philips, top philips smartphone features, smartphone features philips guide, philips guide smartphone features, smartphone features philips for sale, philips for sale smartphone features, smartphone features philips deals, philips deals smartphone features
2025-09-24 09:48:06,313 - INFO - Expanded 111 seed keywords to 276 variations
2025-09-24 09:48:06,313 - INFO - Language: en
2025-09-24 09:48:06,313 - INFO - Region: us
2025-09-24 09:52:37,087 - INFO - 🎯 After all filtering for 'philips': 120 relevant keywords
2025-09-24 09:52:37,100 - INFO - 🎯 Found 5 new keywords for niche 'philips': philips camera quality, cheap camera quality, best camera quality, how to camera quality, philips affordable smartphone features
2025-09-24 09:52:49,228 - INFO - ✅ Niche 'philips' process complete! 51 total keyword results.
2025-09-24 09:52:49,228 - INFO - ✅ Completed processing niche: 'philips'
2025-09-24 09:52:49,229 - INFO - 🔧 Request Handler final stats - Success rate: 100.0%
2025-09-24 09:52:49,229 - INFO -    Total requests: 11288, Blocks: 0
2025-09-24 09:52:49,230 - INFO - 
========================================
2025-09-24 09:52:49,230 - INFO - Process Summary:
2025-09-24 09:52:49,230 - INFO - - Current niche: 'philips'
2025-09-24 09:52:49,230 - INFO - - Next niche will be: 'sandisk'
2025-09-24 09:52:49,230 - INFO - - Keywords saved in: languages/english/keywords/philips/
2025-09-24 09:52:49,230 - INFO - ========================================
