2025-09-27 07:25:06,102 - INFO - Log file created at: /home/runner/work/potensitech.com/potensitech.com/languages/english/keywords/logs/kw_search_20250927_072506.log
2025-09-27 07:25:06,102 - INFO - ============================================================
2025-09-27 07:25:06,102 - INFO - AUTOMATIC KEYWORD RESEARCH TOOL
2025-09-27 07:25:06,102 - INFO - ============================================================
2025-09-27 07:25:06,265 - INFO - ========================================
2025-09-27 07:25:06,266 - INFO - Found 14 niches to process: xiaomi, iphone, samsung, apple, sony, asus, philips, sandisk, intel, nvidia, amd, canon, nikon, huawei
2025-09-27 07:25:06,266 - INFO - ========================================
2025-09-27 07:25:06,266 - INFO - Continuing from last processed niche: philips
2025-09-27 07:25:06,266 - INFO - ========================================
2025-09-27 07:25:06,266 - INFO - 🎯 PROCESSING NICHE 8/14: 'sandisk'
2025-09-27 07:25:06,266 - INFO - ========================================
2025-09-27 07:25:06,266 - INFO - 📁 Niche directory: /home/runner/work/potensitech.com/potensitech.com/languages/english/keywords/sandisk
2025-09-27 07:25:06,266 - INFO - Selected region: us
2025-09-27 07:25:06,266 - INFO - Selected language: en
2025-09-27 07:25:06,266 - INFO - 🎯 Current niche: sandisk
2025-09-27 07:25:09,142 - INFO - 🎯 Niche terms for filtering: sandisk, cheap, best, latest, review, price, sell, buy, recommendation, tips, tutorial, guide, how to, vs, versus, compared to, comparison, alternatives, which is better, expensive, discount, deals, sale, affordable, cost, online, offline, marketplace, store, shop, retailer, where to buy, worst, quality, original, genuine, fake, replica, authentic, brand, manufacturer, company, product, sandisk product, sell sandisk, buy sandisk, cheap sandisk, best sandisk, sandisk review, where to buy sandisk, how to choose sandisk, top sandisk, sandisk guide, sandisk for sale, sandisk deals
2025-09-27 07:25:09,142 - INFO - Generated 50 niche-clue pairs for 'sandisk'.
2025-09-27 07:25:09,145 - INFO - Expanded 50 seed keywords to 218 variations
2025-09-27 07:25:09,146 - INFO - 🔧 Request Handler initialized - Success rate: 100.0%
2025-09-27 07:29:34,043 - INFO - Original clue keywords: camera quality, image stabilization
2025-09-27 07:29:34,043 - INFO - Niche-focused seeds: camera quality, image stabilization sandisk, sandisk image stabilization, image stabilization cheap, cheap image stabilization, image stabilization best, best image stabilization, image stabilization latest, latest image stabilization, image stabilization review, review image stabilization, image stabilization price, price image stabilization, image stabilization sell, sell image stabilization, image stabilization buy, buy image stabilization, image stabilization recommendation, recommendation image stabilization, image stabilization tips, tips image stabilization, image stabilization tutorial, tutorial image stabilization, image stabilization guide, guide image stabilization, image stabilization how to, how to image stabilization, image stabilization vs, vs image stabilization, image stabilization versus, versus image stabilization, image stabilization compared to, compared to image stabilization, image stabilization comparison, comparison image stabilization, image stabilization alternatives, alternatives image stabilization, image stabilization which is better, which is better image stabilization, image stabilization expensive, expensive image stabilization, image stabilization discount, discount image stabilization, image stabilization deals, deals image stabilization, image stabilization sale, sale image stabilization, image stabilization affordable, affordable image stabilization, image stabilization cost, cost image stabilization, image stabilization online, online image stabilization, image stabilization offline, offline image stabilization, image stabilization marketplace, marketplace image stabilization, image stabilization store, store image stabilization, image stabilization shop, shop image stabilization, image stabilization retailer, retailer image stabilization, image stabilization where to buy, where to buy image stabilization, image stabilization worst, worst image stabilization, image stabilization quality, quality image stabilization, image stabilization original, original image stabilization, image stabilization genuine, genuine image stabilization, image stabilization fake, fake image stabilization, image stabilization replica, replica image stabilization, image stabilization authentic, authentic image stabilization, image stabilization brand, brand image stabilization, image stabilization manufacturer, manufacturer image stabilization, image stabilization company, company image stabilization, image stabilization product, product image stabilization, image stabilization sandisk product, sandisk product image stabilization, image stabilization sell sandisk, sell sandisk image stabilization, image stabilization buy sandisk, buy sandisk image stabilization, image stabilization cheap sandisk, cheap sandisk image stabilization, image stabilization best sandisk, best sandisk image stabilization, image stabilization sandisk review, sandisk review image stabilization, image stabilization where to buy sandisk, where to buy sandisk image stabilization, image stabilization how to choose sandisk, how to choose sandisk image stabilization, image stabilization top sandisk, top sandisk image stabilization, image stabilization sandisk guide, sandisk guide image stabilization, image stabilization sandisk for sale, sandisk for sale image stabilization, image stabilization sandisk deals, sandisk deals image stabilization
2025-09-27 07:29:34,046 - INFO - Expanded 111 seed keywords to 276 variations
2025-09-27 07:29:34,046 - INFO - Language: en
2025-09-27 07:29:34,046 - INFO - Region: us
2025-09-27 07:31:51,878 - INFO - 🎯 After all filtering for 'sandisk': 120 relevant keywords
2025-09-27 07:31:51,894 - INFO - 🎯 Found 5 new keywords for niche 'sandisk': sandisk camera quality, cheap camera quality, best camera quality, how to camera quality, sandisk affordable image stabilization
2025-09-27 07:32:01,741 - INFO - ✅ Niche 'sandisk' process complete! 56 total keyword results.
2025-09-27 07:32:01,741 - INFO - ✅ Completed processing niche: 'sandisk'
2025-09-27 07:32:01,741 - INFO - 🔧 Request Handler final stats - Success rate: 100.0%
2025-09-27 07:32:01,742 - INFO -    Total requests: 13442, Blocks: 0
2025-09-27 07:32:01,743 - INFO - 
========================================
2025-09-27 07:32:01,743 - INFO - Process Summary:
2025-09-27 07:32:01,743 - INFO - - Current niche: 'sandisk'
2025-09-27 07:32:01,743 - INFO - - Next niche will be: 'intel'
2025-09-27 07:32:01,743 - INFO - - Keywords saved in: languages/english/keywords/sandisk/
2025-09-27 07:32:01,743 - INFO - ========================================
