2025-10-10 07:29:04,225 - INFO - Log file created at: /home/runner/work/potensitech.com/potensitech.com/languages/english/keywords/logs/kw_search_20251010_072904.log
2025-10-10 07:29:04,225 - INFO - ============================================================
2025-10-10 07:29:04,225 - INFO - AUTOMATIC KEYWORD RESEARCH TOOL
2025-10-10 07:29:04,225 - INFO - ============================================================
2025-10-10 07:29:04,380 - INFO - ========================================
2025-10-10 07:29:04,380 - INFO - Found 14 niches to process: xiaomi, iphone, samsung, apple, sony, asus, philips, sandisk, intel, nvidia, amd, canon, nikon, huawei
2025-10-10 07:29:04,380 - INFO - ========================================
2025-10-10 07:29:04,381 - INFO - Continuing from last processed niche: amd
2025-10-10 07:29:04,381 - INFO - ========================================
2025-10-10 07:29:04,381 - INFO - 🎯 PROCESSING NICHE 12/14: 'canon'
2025-10-10 07:29:04,381 - INFO - ========================================
2025-10-10 07:29:04,381 - INFO - 📁 Niche directory: /home/runner/work/potensitech.com/potensitech.com/languages/english/keywords/canon
2025-10-10 07:29:04,381 - INFO - Selected region: us
2025-10-10 07:29:04,381 - INFO - Selected language: en
2025-10-10 07:29:04,381 - INFO - 🎯 Current niche: canon
2025-10-10 07:29:07,289 - INFO - 🎯 Niche terms for filtering: canon, cheap, best, latest, review, price, sell, buy, recommendation, tips, tutorial, guide, how to, vs, versus, compared to, comparison, alternatives, which is better, expensive, discount, deals, sale, affordable, cost, online, offline, marketplace, store, shop, retailer, where to buy, worst, quality, original, genuine, fake, replica, authentic, brand, manufacturer, company, product, canon product, sell canon, buy canon, cheap canon, best canon, canon review, where to buy canon, how to choose canon, top canon, canon guide, canon for sale, canon deals
2025-10-10 07:29:07,289 - INFO - Generated 50 niche-clue pairs for 'canon'.
2025-10-10 07:29:07,292 - INFO - Expanded 50 seed keywords to 218 variations
2025-10-10 07:29:07,292 - INFO - 🔧 Request Handler initialized - Success rate: 100.0%
2025-10-10 07:33:32,448 - INFO - Original clue keywords: performance boost, graphics card
2025-10-10 07:33:32,449 - INFO - Niche-focused seeds: performance boost canon, canon performance boost, performance boost cheap, cheap performance boost, performance boost best, best performance boost, performance boost latest, latest performance boost, performance boost review, review performance boost, performance boost price, price performance boost, performance boost sell, sell performance boost, performance boost buy, buy performance boost, performance boost recommendation, recommendation performance boost, performance boost tips, tips performance boost, performance boost tutorial, tutorial performance boost, performance boost guide, guide performance boost, performance boost how to, how to performance boost, performance boost vs, vs performance boost, performance boost versus, versus performance boost, performance boost compared to, compared to performance boost, performance boost comparison, comparison performance boost, performance boost alternatives, alternatives performance boost, performance boost which is better, which is better performance boost, performance boost expensive, expensive performance boost, performance boost discount, discount performance boost, performance boost deals, deals performance boost, performance boost sale, sale performance boost, performance boost affordable, affordable performance boost, performance boost cost, cost performance boost, performance boost online, online performance boost, performance boost offline, offline performance boost, performance boost marketplace, marketplace performance boost, performance boost store, store performance boost, performance boost shop, shop performance boost, performance boost retailer, retailer performance boost, performance boost where to buy, where to buy performance boost, performance boost worst, worst performance boost, performance boost quality, quality performance boost, performance boost original, original performance boost, performance boost genuine, genuine performance boost, performance boost fake, fake performance boost, performance boost replica, replica performance boost, performance boost authentic, authentic performance boost, performance boost brand, brand performance boost, performance boost manufacturer, manufacturer performance boost, performance boost company, company performance boost, performance boost product, product performance boost, performance boost canon product, canon product performance boost, performance boost sell canon, sell canon performance boost, performance boost buy canon, buy canon performance boost, performance boost cheap canon, cheap canon performance boost, performance boost best canon, best canon performance boost, performance boost canon review, canon review performance boost, performance boost where to buy canon, where to buy canon performance boost, performance boost how to choose canon, how to choose canon performance boost, performance boost top canon, top canon performance boost, performance boost canon guide, canon guide performance boost, performance boost canon for sale, canon for sale performance boost, performance boost canon deals, canon deals performance boost, graphics card canon, canon graphics card, graphics card cheap, cheap graphics card, graphics card best, best graphics card, graphics card latest, latest graphics card, graphics card review, review graphics card, graphics card price, price graphics card, graphics card sell, sell graphics card, graphics card buy, buy graphics card, graphics card recommendation, recommendation graphics card, graphics card tips, tips graphics card, graphics card tutorial, tutorial graphics card, graphics card guide, guide graphics card, graphics card how to, how to graphics card, graphics card vs, vs graphics card, graphics card versus, versus graphics card, graphics card compared to, compared to graphics card, graphics card comparison, comparison graphics card, graphics card alternatives, alternatives graphics card, graphics card which is better, which is better graphics card, graphics card expensive, expensive graphics card, graphics card discount, discount graphics card, graphics card deals, deals graphics card, graphics card sale, sale graphics card, graphics card affordable, affordable graphics card, graphics card cost, cost graphics card, graphics card online, online graphics card, graphics card offline, offline graphics card, graphics card marketplace, marketplace graphics card, graphics card store, store graphics card, graphics card shop, shop graphics card, graphics card retailer, retailer graphics card, graphics card where to buy, where to buy graphics card, graphics card worst, worst graphics card, graphics card quality, quality graphics card, graphics card original, original graphics card, graphics card genuine, genuine graphics card, graphics card fake, fake graphics card, graphics card replica, replica graphics card, graphics card authentic, authentic graphics card, graphics card brand, brand graphics card, graphics card manufacturer, manufacturer graphics card, graphics card company, company graphics card, graphics card product, product graphics card, graphics card canon product, canon product graphics card, graphics card sell canon, sell canon graphics card, graphics card buy canon, buy canon graphics card, graphics card cheap canon, cheap canon graphics card, graphics card best canon, best canon graphics card, graphics card canon review, canon review graphics card, graphics card where to buy canon, where to buy canon graphics card, graphics card how to choose canon, how to choose canon graphics card, graphics card top canon, top canon graphics card, graphics card canon guide, canon guide graphics card, graphics card canon for sale, canon for sale graphics card, graphics card canon deals, canon deals graphics card
2025-10-10 07:33:32,452 - INFO - Expanded 220 seed keywords to 385 variations
2025-10-10 07:33:32,452 - INFO - Language: en
2025-10-10 07:33:32,452 - INFO - Region: us
2025-10-10 07:35:42,751 - INFO - 🎯 After all filtering for 'canon': 120 relevant keywords
2025-10-10 07:35:42,932 - INFO - 🎯 Found 5 new keywords for niche 'canon': canon affordable graphics card, canon affordable performance boost, cheap alternatives graphics card, cheap alternatives performance boost, best authentic graphics card
2025-10-10 07:35:53,584 - INFO - ✅ Niche 'canon' process complete! 106 total keyword results.
2025-10-10 07:35:53,584 - INFO - ✅ Completed processing niche: 'canon'
2025-10-10 07:35:53,584 - INFO - 🔧 Request Handler final stats - Success rate: 100.0%
2025-10-10 07:35:53,584 - INFO -    Total requests: 22914, Blocks: 0
2025-10-10 07:35:53,585 - INFO - 
========================================
2025-10-10 07:35:53,586 - INFO - Process Summary:
2025-10-10 07:35:53,586 - INFO - - Current niche: 'canon'
2025-10-10 07:35:53,586 - INFO - - Next niche will be: 'nikon'
2025-10-10 07:35:53,586 - INFO - - Keywords saved in: languages/english/keywords/canon/
2025-10-10 07:35:53,586 - INFO - ========================================
