2025-10-09 12:32:59,621 - INFO - Log file created at: /home/runner/work/potensitech.com/potensitech.com/languages/english/keywords/logs/kw_search_20251009_123259.log
2025-10-09 12:32:59,621 - INFO - ============================================================
2025-10-09 12:32:59,622 - INFO - AUTOMATIC KEYWORD RESEARCH TOOL
2025-10-09 12:32:59,622 - INFO - ============================================================
2025-10-09 12:32:59,779 - INFO - ========================================
2025-10-09 12:32:59,779 - INFO - Found 14 niches to process: xiaomi, iphone, samsung, apple, sony, asus, philips, sandisk, intel, nvidia, amd, canon, nikon, huawei
2025-10-09 12:32:59,779 - INFO - ========================================
2025-10-09 12:32:59,779 - INFO - Continuing from last processed niche: samsung
2025-10-09 12:32:59,779 - INFO - ========================================
2025-10-09 12:32:59,780 - INFO - 🎯 PROCESSING NICHE 4/14: 'apple'
2025-10-09 12:32:59,780 - INFO - ========================================
2025-10-09 12:32:59,780 - INFO - 📁 Niche directory: /home/runner/work/potensitech.com/potensitech.com/languages/english/keywords/apple
2025-10-09 12:32:59,780 - INFO - Selected region: us
2025-10-09 12:32:59,780 - INFO - Selected language: en
2025-10-09 12:32:59,780 - INFO - 🎯 Current niche: apple
2025-10-09 12:33:02,709 - INFO - 🎯 Niche terms for filtering: apple, cheap, best, latest, review, price, sell, buy, recommendation, tips, tutorial, guide, how to, vs, versus, compared to, comparison, alternatives, which is better, expensive, discount, deals, sale, affordable, cost, online, offline, marketplace, store, shop, retailer, where to buy, worst, quality, original, genuine, fake, replica, authentic, brand, manufacturer, company, product, apple product, sell apple, buy apple, cheap apple, best apple, apple review, where to buy apple, how to choose apple, top apple, apple guide, apple for sale, apple deals
2025-10-09 12:33:02,710 - INFO - Generated 50 niche-clue pairs for 'apple'.
2025-10-09 12:33:02,713 - INFO - Expanded 50 seed keywords to 218 variations
2025-10-09 12:33:02,713 - INFO - 🔧 Request Handler initialized - Success rate: 100.0%
2025-10-09 12:37:28,307 - INFO - Original clue keywords: performance boost, storage capacity
2025-10-09 12:37:28,307 - INFO - Niche-focused seeds: performance boost apple, apple performance boost, performance boost cheap, cheap performance boost, performance boost best, best performance boost, performance boost latest, latest performance boost, performance boost review, review performance boost, performance boost price, price performance boost, performance boost sell, sell performance boost, performance boost buy, buy performance boost, performance boost recommendation, recommendation performance boost, performance boost tips, tips performance boost, performance boost tutorial, tutorial performance boost, performance boost guide, guide performance boost, performance boost how to, how to performance boost, performance boost vs, vs performance boost, performance boost versus, versus performance boost, performance boost compared to, compared to performance boost, performance boost comparison, comparison performance boost, performance boost alternatives, alternatives performance boost, performance boost which is better, which is better performance boost, performance boost expensive, expensive performance boost, performance boost discount, discount performance boost, performance boost deals, deals performance boost, performance boost sale, sale performance boost, performance boost affordable, affordable performance boost, performance boost cost, cost performance boost, performance boost online, online performance boost, performance boost offline, offline performance boost, performance boost marketplace, marketplace performance boost, performance boost store, store performance boost, performance boost shop, shop performance boost, performance boost retailer, retailer performance boost, performance boost where to buy, where to buy performance boost, performance boost worst, worst performance boost, performance boost quality, quality performance boost, performance boost original, original performance boost, performance boost genuine, genuine performance boost, performance boost fake, fake performance boost, performance boost replica, replica performance boost, performance boost authentic, authentic performance boost, performance boost brand, brand performance boost, performance boost manufacturer, manufacturer performance boost, performance boost company, company performance boost, performance boost product, product performance boost, performance boost apple product, apple product performance boost, performance boost sell apple, sell apple performance boost, performance boost buy apple, buy apple performance boost, performance boost cheap apple, cheap apple performance boost, performance boost best apple, best apple performance boost, performance boost apple review, apple review performance boost, performance boost where to buy apple, where to buy apple performance boost, performance boost how to choose apple, how to choose apple performance boost, performance boost top apple, top apple performance boost, performance boost apple guide, apple guide performance boost, performance boost apple for sale, apple for sale performance boost, performance boost apple deals, apple deals performance boost, storage capacity apple, apple storage capacity, storage capacity cheap, cheap storage capacity, storage capacity best, best storage capacity, storage capacity latest, latest storage capacity, storage capacity review, review storage capacity, storage capacity price, price storage capacity, storage capacity sell, sell storage capacity, storage capacity buy, buy storage capacity, storage capacity recommendation, recommendation storage capacity, storage capacity tips, tips storage capacity, storage capacity tutorial, tutorial storage capacity, storage capacity guide, guide storage capacity, storage capacity how to, how to storage capacity, storage capacity vs, vs storage capacity, storage capacity versus, versus storage capacity, storage capacity compared to, compared to storage capacity, storage capacity comparison, comparison storage capacity, storage capacity alternatives, alternatives storage capacity, storage capacity which is better, which is better storage capacity, storage capacity expensive, expensive storage capacity, storage capacity discount, discount storage capacity, storage capacity deals, deals storage capacity, storage capacity sale, sale storage capacity, storage capacity affordable, affordable storage capacity, storage capacity cost, cost storage capacity, storage capacity online, online storage capacity, storage capacity offline, offline storage capacity, storage capacity marketplace, marketplace storage capacity, storage capacity store, store storage capacity, storage capacity shop, shop storage capacity, storage capacity retailer, retailer storage capacity, storage capacity where to buy, where to buy storage capacity, storage capacity worst, worst storage capacity, storage capacity quality, quality storage capacity, storage capacity original, original storage capacity, storage capacity genuine, genuine storage capacity, storage capacity fake, fake storage capacity, storage capacity replica, replica storage capacity, storage capacity authentic, authentic storage capacity, storage capacity brand, brand storage capacity, storage capacity manufacturer, manufacturer storage capacity, storage capacity company, company storage capacity, storage capacity product, product storage capacity, storage capacity apple product, apple product storage capacity, storage capacity sell apple, sell apple storage capacity, storage capacity buy apple, buy apple storage capacity, storage capacity cheap apple, cheap apple storage capacity, storage capacity best apple, best apple storage capacity, storage capacity apple review, apple review storage capacity, storage capacity where to buy apple, where to buy apple storage capacity, storage capacity how to choose apple, how to choose apple storage capacity, storage capacity top apple, top apple storage capacity, storage capacity apple guide, apple guide storage capacity, storage capacity apple for sale, apple for sale storage capacity, storage capacity apple deals, apple deals storage capacity
2025-10-09 12:37:28,311 - INFO - Expanded 220 seed keywords to 385 variations
2025-10-09 12:37:28,311 - INFO - Language: en
2025-10-09 12:37:28,311 - INFO - Region: us
2025-10-09 12:41:56,060 - INFO - 🎯 After all filtering for 'apple': 120 relevant keywords
2025-10-09 12:41:56,238 - INFO - 🎯 Found 5 new keywords for niche 'apple': apple affordable performance boost, apple affordable storage capacity, cheap alternatives performance boost, cheap alternatives storage capacity, best authentic performance boost
2025-10-09 12:42:10,904 - INFO - ✅ Niche 'apple' process complete! 94 total keyword results.
2025-10-09 12:42:10,904 - INFO - ✅ Completed processing niche: 'apple'
2025-10-09 12:42:10,904 - INFO - 🔧 Request Handler final stats - Success rate: 100.0%
2025-10-09 12:42:10,904 - INFO -    Total requests: 22323, Blocks: 0
2025-10-09 12:42:10,905 - INFO - 
========================================
2025-10-09 12:42:10,906 - INFO - Process Summary:
2025-10-09 12:42:10,906 - INFO - - Current niche: 'apple'
2025-10-09 12:42:10,906 - INFO - - Next niche will be: 'sony'
2025-10-09 12:42:10,906 - INFO - - Keywords saved in: languages/english/keywords/apple/
2025-10-09 12:42:10,906 - INFO - ========================================
