2025-09-22 03:26:18,302 - INFO - Log file created at: /home/runner/work/potensitech.com/potensitech.com/languages/english/keywords/logs/kw_search_20250922_032618.log
2025-09-22 03:26:18,302 - INFO - ============================================================
2025-09-22 03:26:18,302 - INFO - AUTOMATIC KEYWORD RESEARCH TOOL
2025-09-22 03:26:18,302 - INFO - ============================================================
2025-09-22 03:26:18,438 - INFO - ========================================
2025-09-22 03:26:18,438 - INFO - Found 14 niches to process: xiaomi, iphone, samsung, apple, sony, asus, philips, sandisk, intel, nvidia, amd, canon, nikon, huawei
2025-09-22 03:26:18,438 - INFO - ========================================
2025-09-22 03:26:18,438 - INFO - Continuing from last processed niche: amd
2025-09-22 03:26:18,439 - INFO - ========================================
2025-09-22 03:26:18,439 - INFO - 🎯 PROCESSING NICHE 12/14: 'canon'
2025-09-22 03:26:18,439 - INFO - ========================================
2025-09-22 03:26:18,439 - INFO - 📁 Niche directory: /home/runner/work/potensitech.com/potensitech.com/languages/english/keywords/canon
2025-09-22 03:26:18,439 - INFO - Selected region: us
2025-09-22 03:26:18,439 - INFO - Selected language: en
2025-09-22 03:26:18,439 - INFO - 🎯 Current niche: canon
2025-09-22 03:26:32,021 - INFO - 🎯 Niche terms for filtering: canon, cheap, best, latest, review, price, sell, buy, recommendation, tips, tutorial, guide, how to, vs, versus, compared to, comparison, alternatives, which is better, expensive, discount, deals, sale, affordable, cost, online, offline, marketplace, store, shop, retailer, where to buy, worst, quality, original, genuine, fake, replica, authentic, brand, manufacturer, company, product, canon product, sell canon, buy canon, cheap canon, best canon, canon review, where to buy canon, how to choose canon, top canon, canon guide, canon for sale, canon deals
2025-09-22 03:26:32,021 - INFO - Generated 50 niche-clue pairs for 'canon'.
2025-09-22 03:26:32,024 - INFO - Expanded 50 seed keywords to 218 variations
2025-09-22 03:26:32,025 - INFO - 🔧 Request Handler initialized - Success rate: 100.0%
2025-09-22 03:30:54,992 - INFO - Original clue keywords: graphics card, ray tracing
2025-09-22 03:30:54,992 - INFO - Niche-focused seeds: graphics card canon, canon graphics card, graphics card cheap, cheap graphics card, graphics card best, best graphics card, graphics card latest, latest graphics card, graphics card review, review graphics card, graphics card price, price graphics card, graphics card sell, sell graphics card, graphics card buy, buy graphics card, graphics card recommendation, recommendation graphics card, graphics card tips, tips graphics card, graphics card tutorial, tutorial graphics card, graphics card guide, guide graphics card, graphics card how to, how to graphics card, graphics card vs, vs graphics card, graphics card versus, versus graphics card, graphics card compared to, compared to graphics card, graphics card comparison, comparison graphics card, graphics card alternatives, alternatives graphics card, graphics card which is better, which is better graphics card, graphics card expensive, expensive graphics card, graphics card discount, discount graphics card, graphics card deals, deals graphics card, graphics card sale, sale graphics card, graphics card affordable, affordable graphics card, graphics card cost, cost graphics card, graphics card online, online graphics card, graphics card offline, offline graphics card, graphics card marketplace, marketplace graphics card, graphics card store, store graphics card, graphics card shop, shop graphics card, graphics card retailer, retailer graphics card, graphics card where to buy, where to buy graphics card, graphics card worst, worst graphics card, graphics card quality, quality graphics card, graphics card original, original graphics card, graphics card genuine, genuine graphics card, graphics card fake, fake graphics card, graphics card replica, replica graphics card, graphics card authentic, authentic graphics card, graphics card brand, brand graphics card, graphics card manufacturer, manufacturer graphics card, graphics card company, company graphics card, graphics card product, product graphics card, graphics card canon product, canon product graphics card, graphics card sell canon, sell canon graphics card, graphics card buy canon, buy canon graphics card, graphics card cheap canon, cheap canon graphics card, graphics card best canon, best canon graphics card, graphics card canon review, canon review graphics card, graphics card where to buy canon, where to buy canon graphics card, graphics card how to choose canon, how to choose canon graphics card, graphics card top canon, top canon graphics card, graphics card canon guide, canon guide graphics card, graphics card canon for sale, canon for sale graphics card, graphics card canon deals, canon deals graphics card, ray tracing canon, canon ray tracing, ray tracing cheap, cheap ray tracing, ray tracing best, best ray tracing, ray tracing latest, latest ray tracing, ray tracing review, review ray tracing, ray tracing price, price ray tracing, ray tracing sell, sell ray tracing, ray tracing buy, buy ray tracing, ray tracing recommendation, recommendation ray tracing, ray tracing tips, tips ray tracing, ray tracing tutorial, tutorial ray tracing, ray tracing guide, guide ray tracing, ray tracing how to, how to ray tracing, ray tracing vs, vs ray tracing, ray tracing versus, versus ray tracing, ray tracing compared to, compared to ray tracing, ray tracing comparison, comparison ray tracing, ray tracing alternatives, alternatives ray tracing, ray tracing which is better, which is better ray tracing, ray tracing expensive, expensive ray tracing, ray tracing discount, discount ray tracing, ray tracing deals, deals ray tracing, ray tracing sale, sale ray tracing, ray tracing affordable, affordable ray tracing, ray tracing cost, cost ray tracing, ray tracing online, online ray tracing, ray tracing offline, offline ray tracing, ray tracing marketplace, marketplace ray tracing, ray tracing store, store ray tracing, ray tracing shop, shop ray tracing, ray tracing retailer, retailer ray tracing, ray tracing where to buy, where to buy ray tracing, ray tracing worst, worst ray tracing, ray tracing quality, quality ray tracing, ray tracing original, original ray tracing, ray tracing genuine, genuine ray tracing, ray tracing fake, fake ray tracing, ray tracing replica, replica ray tracing, ray tracing authentic, authentic ray tracing, ray tracing brand, brand ray tracing, ray tracing manufacturer, manufacturer ray tracing, ray tracing company, company ray tracing, ray tracing product, product ray tracing, ray tracing canon product, canon product ray tracing, ray tracing sell canon, sell canon ray tracing, ray tracing buy canon, buy canon ray tracing, ray tracing cheap canon, cheap canon ray tracing, ray tracing best canon, best canon ray tracing, ray tracing canon review, canon review ray tracing, ray tracing where to buy canon, where to buy canon ray tracing, ray tracing how to choose canon, how to choose canon ray tracing, ray tracing top canon, top canon ray tracing, ray tracing canon guide, canon guide ray tracing, ray tracing canon for sale, canon for sale ray tracing, ray tracing canon deals, canon deals ray tracing
2025-09-22 03:30:54,995 - INFO - Expanded 220 seed keywords to 385 variations
2025-09-22 03:30:54,996 - INFO - Language: en
2025-09-22 03:30:54,996 - INFO - Region: us
2025-09-22 03:31:25,277 - INFO - 🎯 After all filtering for 'canon': 120 relevant keywords
2025-09-22 03:31:25,329 - INFO - 🎯 Found 5 new keywords for niche 'canon': canon affordable graphics card, canon affordable ray tracing, cheap alternatives graphics card, cheap alternatives ray tracing, best authentic graphics card
2025-09-22 03:31:48,527 - INFO - ✅ Niche 'canon' process complete! 34 total keyword results.
2025-09-22 03:31:48,527 - INFO - ✅ Completed processing niche: 'canon'
2025-09-22 03:31:48,527 - INFO - 🔧 Request Handler final stats - Success rate: 100.0%
2025-09-22 03:31:48,527 - INFO -    Total requests: 9382, Blocks: 0
2025-09-22 03:31:48,528 - INFO - 
========================================
2025-09-22 03:31:48,529 - INFO - Process Summary:
2025-09-22 03:31:48,529 - INFO - - Current niche: 'canon'
2025-09-22 03:31:48,529 - INFO - - Next niche will be: 'nikon'
2025-09-22 03:31:48,529 - INFO - - Keywords saved in: languages/english/keywords/canon/
2025-09-22 03:31:48,529 - INFO - ========================================
