2025-11-16 04:54:40,797 - INFO - Log file created at: /home/runner/work/potensitech.com/potensitech.com/languages/english/keywords/logs/kw_search_20251116_045440.log
2025-11-16 04:54:40,797 - INFO - ============================================================
2025-11-16 04:54:40,797 - INFO - AUTOMATIC KEYWORD RESEARCH TOOL
2025-11-16 04:54:40,797 - INFO - ============================================================
2025-11-16 04:54:40,985 - INFO - ========================================
2025-11-16 04:54:40,985 - INFO - Found 14 niches to process: xiaomi, iphone, samsung, apple, sony, asus, philips, sandisk, intel, nvidia, amd, canon, nikon, huawei
2025-11-16 04:54:40,985 - INFO - ========================================
2025-11-16 04:54:40,985 - INFO - Continuing from last processed niche: nikon
2025-11-16 04:54:40,985 - INFO - ========================================
2025-11-16 04:54:40,985 - INFO - 🎯 PROCESSING NICHE 14/14: 'huawei'
2025-11-16 04:54:40,985 - INFO - ========================================
2025-11-16 04:54:40,986 - INFO - 📁 Niche directory: /home/runner/work/potensitech.com/potensitech.com/languages/english/keywords/huawei
2025-11-16 04:54:40,986 - INFO - Selected region: us
2025-11-16 04:54:40,986 - INFO - Selected language: en
2025-11-16 04:54:40,986 - INFO - 🎯 Current niche: huawei
2025-11-16 04:54:43,323 - INFO - 🎯 Niche terms for filtering: huawei, cheap, best, latest, review, price, sell, buy, recommendation, tips, tutorial, guide, how to, vs, versus, compared to, comparison, alternatives, which is better, expensive, discount, deals, sale, affordable, cost, online, offline, marketplace, store, shop, retailer, where to buy, worst, quality, original, genuine, fake, replica, authentic, brand, manufacturer, company, product, huawei product, sell huawei, buy huawei, cheap huawei, best huawei, huawei review, where to buy huawei, how to choose huawei, top huawei, huawei guide, huawei for sale, huawei deals
2025-11-16 04:54:43,323 - INFO - Generated 50 niche-clue pairs for 'huawei'.
2025-11-16 04:54:43,326 - INFO - Expanded 50 seed keywords to 218 variations
2025-11-16 04:54:43,327 - INFO - 🔧 Request Handler initialized - Success rate: 100.0%
2025-11-16 04:59:08,460 - INFO - Original clue keywords: dslr photography, mirrorless options
2025-11-16 04:59:08,460 - INFO - Niche-focused seeds: dslr photography huawei, huawei dslr photography, dslr photography cheap, cheap dslr photography, dslr photography best, best dslr photography, dslr photography latest, latest dslr photography, dslr photography review, review dslr photography, dslr photography price, price dslr photography, dslr photography sell, sell dslr photography, dslr photography buy, buy dslr photography, dslr photography recommendation, recommendation dslr photography, dslr photography tips, tips dslr photography, dslr photography tutorial, tutorial dslr photography, dslr photography guide, guide dslr photography, dslr photography how to, how to dslr photography, dslr photography vs, vs dslr photography, dslr photography versus, versus dslr photography, dslr photography compared to, compared to dslr photography, dslr photography comparison, comparison dslr photography, dslr photography alternatives, alternatives dslr photography, dslr photography which is better, which is better dslr photography, dslr photography expensive, expensive dslr photography, dslr photography discount, discount dslr photography, dslr photography deals, deals dslr photography, dslr photography sale, sale dslr photography, dslr photography affordable, affordable dslr photography, dslr photography cost, cost dslr photography, dslr photography online, online dslr photography, dslr photography offline, offline dslr photography, dslr photography marketplace, marketplace dslr photography, dslr photography store, store dslr photography, dslr photography shop, shop dslr photography, dslr photography retailer, retailer dslr photography, dslr photography where to buy, where to buy dslr photography, dslr photography worst, worst dslr photography, dslr photography quality, quality dslr photography, dslr photography original, original dslr photography, dslr photography genuine, genuine dslr photography, dslr photography fake, fake dslr photography, dslr photography replica, replica dslr photography, dslr photography authentic, authentic dslr photography, dslr photography brand, brand dslr photography, dslr photography manufacturer, manufacturer dslr photography, dslr photography company, company dslr photography, dslr photography product, product dslr photography, dslr photography huawei product, huawei product dslr photography, dslr photography sell huawei, sell huawei dslr photography, dslr photography buy huawei, buy huawei dslr photography, dslr photography cheap huawei, cheap huawei dslr photography, dslr photography best huawei, best huawei dslr photography, dslr photography huawei review, huawei review dslr photography, dslr photography where to buy huawei, where to buy huawei dslr photography, dslr photography how to choose huawei, how to choose huawei dslr photography, dslr photography top huawei, top huawei dslr photography, dslr photography huawei guide, huawei guide dslr photography, dslr photography huawei for sale, huawei for sale dslr photography, dslr photography huawei deals, huawei deals dslr photography, mirrorless options huawei, huawei mirrorless options, mirrorless options cheap, cheap mirrorless options, mirrorless options best, best mirrorless options, mirrorless options latest, latest mirrorless options, mirrorless options review, review mirrorless options, mirrorless options price, price mirrorless options, mirrorless options sell, sell mirrorless options, mirrorless options buy, buy mirrorless options, mirrorless options recommendation, recommendation mirrorless options, mirrorless options tips, tips mirrorless options, mirrorless options tutorial, tutorial mirrorless options, mirrorless options guide, guide mirrorless options, mirrorless options how to, how to mirrorless options, mirrorless options vs, vs mirrorless options, mirrorless options versus, versus mirrorless options, mirrorless options compared to, compared to mirrorless options, mirrorless options comparison, comparison mirrorless options, mirrorless options alternatives, alternatives mirrorless options, mirrorless options which is better, which is better mirrorless options, mirrorless options expensive, expensive mirrorless options, mirrorless options discount, discount mirrorless options, mirrorless options deals, deals mirrorless options, mirrorless options sale, sale mirrorless options, mirrorless options affordable, affordable mirrorless options, mirrorless options cost, cost mirrorless options, mirrorless options online, online mirrorless options, mirrorless options offline, offline mirrorless options, mirrorless options marketplace, marketplace mirrorless options, mirrorless options store, store mirrorless options, mirrorless options shop, shop mirrorless options, mirrorless options retailer, retailer mirrorless options, mirrorless options where to buy, where to buy mirrorless options, mirrorless options worst, worst mirrorless options, mirrorless options quality, quality mirrorless options, mirrorless options original, original mirrorless options, mirrorless options genuine, genuine mirrorless options, mirrorless options fake, fake mirrorless options, mirrorless options replica, replica mirrorless options, mirrorless options authentic, authentic mirrorless options, mirrorless options brand, brand mirrorless options, mirrorless options manufacturer, manufacturer mirrorless options, mirrorless options company, company mirrorless options, mirrorless options product, product mirrorless options, mirrorless options huawei product, huawei product mirrorless options, mirrorless options sell huawei, sell huawei mirrorless options, mirrorless options buy huawei, buy huawei mirrorless options, mirrorless options cheap huawei, cheap huawei mirrorless options, mirrorless options best huawei, best huawei mirrorless options, mirrorless options huawei review, huawei review mirrorless options, mirrorless options where to buy huawei, where to buy huawei mirrorless options, mirrorless options how to choose huawei, how to choose huawei mirrorless options, mirrorless options top huawei, top huawei mirrorless options, mirrorless options huawei guide, huawei guide mirrorless options, mirrorless options huawei for sale, huawei for sale mirrorless options, mirrorless options huawei deals, huawei deals mirrorless options
2025-11-16 04:59:08,463 - INFO - Expanded 220 seed keywords to 385 variations
2025-11-16 04:59:08,463 - INFO - Language: en
2025-11-16 04:59:08,463 - INFO - Region: us
2025-11-16 05:01:17,794 - INFO - 🎯 After all filtering for 'huawei': 120 relevant keywords
2025-11-16 05:01:18,278 - INFO - 🎯 Found 5 new keywords for niche 'huawei': huawei affordable dslr photography, huawei affordable mirrorless options, cheap alternatives dslr photography, cheap alternatives mirrorless options, best authentic dslr photography
2025-11-16 05:01:26,910 - INFO - ✅ Niche 'huawei' process complete! 245 total keyword results.
2025-11-16 05:01:26,910 - INFO - ✅ Completed processing niche: 'huawei'
2025-11-16 05:01:26,910 - INFO - 🔧 Request Handler final stats - Success rate: 100.0%
2025-11-16 05:01:26,910 - INFO -    Total requests: 43631, Blocks: 0
2025-11-16 05:01:26,911 - INFO - 
========================================
2025-11-16 05:01:26,911 - INFO - Process Summary:
2025-11-16 05:01:26,912 - INFO - - Current niche: 'huawei'
2025-11-16 05:01:26,912 - INFO - - Next niche will be: 'xiaomi'
2025-11-16 05:01:26,912 - INFO - - Keywords saved in: languages/english/keywords/huawei/
2025-11-16 05:01:26,912 - INFO - ========================================
