2025-09-24 16:55:18,096 - INFO - Log file created at: /home/runner/work/potensitech.com/potensitech.com/languages/english/keywords/logs/kw_search_20250924_165518.log
2025-09-24 16:55:18,096 - INFO - ============================================================
2025-09-24 16:55:18,096 - INFO - AUTOMATIC KEYWORD RESEARCH TOOL
2025-09-24 16:55:18,096 - INFO - ============================================================
2025-09-24 16:55:18,219 - INFO - ========================================
2025-09-24 16:55:18,219 - INFO - Found 14 niches to process: xiaomi, iphone, samsung, apple, sony, asus, philips, sandisk, intel, nvidia, amd, canon, nikon, huawei
2025-09-24 16:55:18,219 - INFO - ========================================
2025-09-24 16:55:18,219 - INFO - Continuing from last processed niche: intel
2025-09-24 16:55:18,219 - INFO - ========================================
2025-09-24 16:55:18,219 - INFO - 🎯 PROCESSING NICHE 10/14: 'nvidia'
2025-09-24 16:55:18,219 - INFO - ========================================
2025-09-24 16:55:18,219 - INFO - 📁 Niche directory: /home/runner/work/potensitech.com/potensitech.com/languages/english/keywords/nvidia
2025-09-24 16:55:18,219 - INFO - Selected region: us
2025-09-24 16:55:18,219 - INFO - Selected language: en
2025-09-24 16:55:18,219 - INFO - 🎯 Current niche: nvidia
2025-09-24 16:55:24,518 - INFO - 🎯 Niche terms for filtering: nvidia, cheap, best, latest, review, price, sell, buy, recommendation, tips, tutorial, guide, how to, vs, versus, compared to, comparison, alternatives, which is better, expensive, discount, deals, sale, affordable, cost, online, offline, marketplace, store, shop, retailer, where to buy, worst, quality, original, genuine, fake, replica, authentic, brand, manufacturer, company, product, nvidia product, sell nvidia, buy nvidia, cheap nvidia, best nvidia, nvidia review, where to buy nvidia, how to choose nvidia, top nvidia, nvidia guide, nvidia for sale, nvidia deals
2025-09-24 16:55:24,519 - INFO - Generated 50 niche-clue pairs for 'nvidia'.
2025-09-24 16:55:24,522 - INFO - Expanded 50 seed keywords to 218 variations
2025-09-24 16:55:24,522 - INFO - 🔧 Request Handler initialized - Success rate: 100.0%
2025-09-24 16:59:49,994 - INFO - Original clue keywords: chip architecture
2025-09-24 16:59:49,995 - INFO - Niche-focused seeds: chip architecture nvidia, nvidia chip architecture, chip architecture cheap, cheap chip architecture, chip architecture best, best chip architecture, chip architecture latest, latest chip architecture, chip architecture review, review chip architecture, chip architecture price, price chip architecture, chip architecture sell, sell chip architecture, chip architecture buy, buy chip architecture, chip architecture recommendation, recommendation chip architecture, chip architecture tips, tips chip architecture, chip architecture tutorial, tutorial chip architecture, chip architecture guide, guide chip architecture, chip architecture how to, how to chip architecture, chip architecture vs, vs chip architecture, chip architecture versus, versus chip architecture, chip architecture compared to, compared to chip architecture, chip architecture comparison, comparison chip architecture, chip architecture alternatives, alternatives chip architecture, chip architecture which is better, which is better chip architecture, chip architecture expensive, expensive chip architecture, chip architecture discount, discount chip architecture, chip architecture deals, deals chip architecture, chip architecture sale, sale chip architecture, chip architecture affordable, affordable chip architecture, chip architecture cost, cost chip architecture, chip architecture online, online chip architecture, chip architecture offline, offline chip architecture, chip architecture marketplace, marketplace chip architecture, chip architecture store, store chip architecture, chip architecture shop, shop chip architecture, chip architecture retailer, retailer chip architecture, chip architecture where to buy, where to buy chip architecture, chip architecture worst, worst chip architecture, chip architecture quality, quality chip architecture, chip architecture original, original chip architecture, chip architecture genuine, genuine chip architecture, chip architecture fake, fake chip architecture, chip architecture replica, replica chip architecture, chip architecture authentic, authentic chip architecture, chip architecture brand, brand chip architecture, chip architecture manufacturer, manufacturer chip architecture, chip architecture company, company chip architecture, chip architecture product, product chip architecture, chip architecture nvidia product, nvidia product chip architecture, chip architecture sell nvidia, sell nvidia chip architecture, chip architecture buy nvidia, buy nvidia chip architecture, chip architecture cheap nvidia, cheap nvidia chip architecture, chip architecture best nvidia, best nvidia chip architecture, chip architecture nvidia review, nvidia review chip architecture, chip architecture where to buy nvidia, where to buy nvidia chip architecture, chip architecture how to choose nvidia, how to choose nvidia chip architecture, chip architecture top nvidia, top nvidia chip architecture, chip architecture nvidia guide, nvidia guide chip architecture, chip architecture nvidia for sale, nvidia for sale chip architecture, chip architecture nvidia deals, nvidia deals chip architecture
2025-09-24 16:59:49,998 - INFO - Expanded 110 seed keywords to 275 variations
2025-09-24 16:59:49,998 - INFO - Language: en
2025-09-24 16:59:49,998 - INFO - Region: us
2025-09-24 17:04:23,466 - INFO - 🎯 After all filtering for 'nvidia': 118 relevant keywords
2025-09-24 17:04:23,714 - INFO - 🎯 Found 4 new keywords for niche 'nvidia': nvidia affordable chip architecture, cheap alternatives chip architecture, best authentic chip architecture, how to brand chip architecture
2025-09-24 17:04:37,989 - INFO - ✅ Niche 'nvidia' process complete! 57 total keyword results.
2025-09-24 17:04:37,989 - INFO - ✅ Completed processing niche: 'nvidia'
2025-09-24 17:04:37,989 - INFO - 🔧 Request Handler final stats - Success rate: 100.0%
2025-09-24 17:04:37,989 - INFO -    Total requests: 11562, Blocks: 0
2025-09-24 17:04:37,990 - INFO - 
========================================
2025-09-24 17:04:37,990 - INFO - Process Summary:
2025-09-24 17:04:37,990 - INFO - - Current niche: 'nvidia'
2025-09-24 17:04:37,990 - INFO - - Next niche will be: 'amd'
2025-09-24 17:04:37,990 - INFO - - Keywords saved in: languages/english/keywords/nvidia/
2025-09-24 17:04:37,991 - INFO - ========================================
