2025-10-07 03:09:45,387 - INFO - Log file created at: /home/runner/work/potensitech.com/potensitech.com/languages/english/keywords/logs/kw_search_20251007_030945.log
2025-10-07 03:09:45,387 - INFO - ============================================================
2025-10-07 03:09:45,388 - INFO - AUTOMATIC KEYWORD RESEARCH TOOL
2025-10-07 03:09:45,388 - INFO - ============================================================
2025-10-07 03:09:45,534 - INFO - ========================================
2025-10-07 03:09:45,534 - INFO - Found 14 niches to process: xiaomi, iphone, samsung, apple, sony, asus, philips, sandisk, intel, nvidia, amd, canon, nikon, huawei
2025-10-07 03:09:45,534 - INFO - ========================================
2025-10-07 03:09:45,534 - INFO - Continuing from last processed niche: philips
2025-10-07 03:09:45,535 - INFO - ========================================
2025-10-07 03:09:45,535 - INFO - 🎯 PROCESSING NICHE 8/14: 'sandisk'
2025-10-07 03:09:45,535 - INFO - ========================================
2025-10-07 03:09:45,535 - INFO - 📁 Niche directory: /home/runner/work/potensitech.com/potensitech.com/languages/english/keywords/sandisk
2025-10-07 03:09:45,535 - INFO - Selected region: us
2025-10-07 03:09:45,535 - INFO - Selected language: en
2025-10-07 03:09:45,535 - INFO - 🎯 Current niche: sandisk
2025-10-07 03:09:49,115 - INFO - 🎯 Niche terms for filtering: sandisk, cheap, best, latest, review, price, sell, buy, recommendation, tips, tutorial, guide, how to, vs, versus, compared to, comparison, alternatives, which is better, expensive, discount, deals, sale, affordable, cost, online, offline, marketplace, store, shop, retailer, where to buy, worst, quality, original, genuine, fake, replica, authentic, brand, manufacturer, company, product, sandisk product, sell sandisk, buy sandisk, cheap sandisk, best sandisk, sandisk review, where to buy sandisk, how to choose sandisk, top sandisk, sandisk guide, sandisk for sale, sandisk deals
2025-10-07 03:09:49,116 - INFO - Generated 50 niche-clue pairs for 'sandisk'.
2025-10-07 03:09:49,119 - INFO - Expanded 50 seed keywords to 218 variations
2025-10-07 03:09:49,119 - INFO - 🔧 Request Handler initialized - Success rate: 100.0%
2025-10-07 03:14:12,749 - INFO - Original clue keywords: storage capacity
2025-10-07 03:14:12,749 - INFO - Niche-focused seeds: storage capacity sandisk, sandisk storage capacity, storage capacity cheap, cheap storage capacity, storage capacity best, best storage capacity, storage capacity latest, latest storage capacity, storage capacity review, review storage capacity, storage capacity price, price storage capacity, storage capacity sell, sell storage capacity, storage capacity buy, buy storage capacity, storage capacity recommendation, recommendation storage capacity, storage capacity tips, tips storage capacity, storage capacity tutorial, tutorial storage capacity, storage capacity guide, guide storage capacity, storage capacity how to, how to storage capacity, storage capacity vs, vs storage capacity, storage capacity versus, versus storage capacity, storage capacity compared to, compared to storage capacity, storage capacity comparison, comparison storage capacity, storage capacity alternatives, alternatives storage capacity, storage capacity which is better, which is better storage capacity, storage capacity expensive, expensive storage capacity, storage capacity discount, discount storage capacity, storage capacity deals, deals storage capacity, storage capacity sale, sale storage capacity, storage capacity affordable, affordable storage capacity, storage capacity cost, cost storage capacity, storage capacity online, online storage capacity, storage capacity offline, offline storage capacity, storage capacity marketplace, marketplace storage capacity, storage capacity store, store storage capacity, storage capacity shop, shop storage capacity, storage capacity retailer, retailer storage capacity, storage capacity where to buy, where to buy storage capacity, storage capacity worst, worst storage capacity, storage capacity quality, quality storage capacity, storage capacity original, original storage capacity, storage capacity genuine, genuine storage capacity, storage capacity fake, fake storage capacity, storage capacity replica, replica storage capacity, storage capacity authentic, authentic storage capacity, storage capacity brand, brand storage capacity, storage capacity manufacturer, manufacturer storage capacity, storage capacity company, company storage capacity, storage capacity product, product storage capacity, storage capacity sandisk product, sandisk product storage capacity, storage capacity sell sandisk, sell sandisk storage capacity, storage capacity buy sandisk, buy sandisk storage capacity, storage capacity cheap sandisk, cheap sandisk storage capacity, storage capacity best sandisk, best sandisk storage capacity, storage capacity sandisk review, sandisk review storage capacity, storage capacity where to buy sandisk, where to buy sandisk storage capacity, storage capacity how to choose sandisk, how to choose sandisk storage capacity, storage capacity top sandisk, top sandisk storage capacity, storage capacity sandisk guide, sandisk guide storage capacity, storage capacity sandisk for sale, sandisk for sale storage capacity, storage capacity sandisk deals, sandisk deals storage capacity
2025-10-07 03:14:12,752 - INFO - Expanded 110 seed keywords to 275 variations
2025-10-07 03:14:12,752 - INFO - Language: en
2025-10-07 03:14:12,753 - INFO - Region: us
2025-10-07 03:18:42,810 - INFO - 🎯 After all filtering for 'sandisk': 120 relevant keywords
2025-10-07 03:18:43,242 - INFO - 🎯 Found 4 new keywords for niche 'sandisk': sandisk affordable storage capacity, cheap alternatives storage capacity, best authentic storage capacity, how to brand storage capacity
2025-10-07 03:18:51,266 - INFO - ✅ Niche 'sandisk' process complete! 86 total keyword results.
2025-10-07 03:18:51,267 - INFO - ✅ Completed processing niche: 'sandisk'
2025-10-07 03:18:51,267 - INFO - 🔧 Request Handler final stats - Success rate: 100.0%
2025-10-07 03:18:51,267 - INFO -    Total requests: 20457, Blocks: 0
2025-10-07 03:18:51,268 - INFO - 
========================================
2025-10-07 03:18:51,268 - INFO - Process Summary:
2025-10-07 03:18:51,268 - INFO - - Current niche: 'sandisk'
2025-10-07 03:18:51,268 - INFO - - Next niche will be: 'intel'
2025-10-07 03:18:51,268 - INFO - - Keywords saved in: languages/english/keywords/sandisk/
2025-10-07 03:18:51,269 - INFO - ========================================
