2025-10-31 19:23:26,491 - INFO - Log file created at: /home/runner/work/potensitech.com/potensitech.com/languages/english/keywords/logs/kw_search_20251031_192326.log
2025-10-31 19:23:26,491 - INFO - ============================================================
2025-10-31 19:23:26,491 - INFO - AUTOMATIC KEYWORD RESEARCH TOOL
2025-10-31 19:23:26,492 - INFO - ============================================================
2025-10-31 19:23:26,654 - INFO - ========================================
2025-10-31 19:23:26,654 - INFO - Found 14 niches to process: xiaomi, iphone, samsung, apple, sony, asus, philips, sandisk, intel, nvidia, amd, canon, nikon, huawei
2025-10-31 19:23:26,654 - INFO - ========================================
2025-10-31 19:23:26,654 - INFO - Continuing from last processed niche: nikon
2025-10-31 19:23:26,654 - INFO - ========================================
2025-10-31 19:23:26,654 - INFO - 🎯 PROCESSING NICHE 14/14: 'huawei'
2025-10-31 19:23:26,654 - INFO - ========================================
2025-10-31 19:23:26,654 - INFO - 📁 Niche directory: /home/runner/work/potensitech.com/potensitech.com/languages/english/keywords/huawei
2025-10-31 19:23:26,654 - INFO - Selected region: us
2025-10-31 19:23:26,655 - INFO - Selected language: en
2025-10-31 19:23:26,655 - INFO - 🎯 Current niche: huawei
2025-10-31 19:23:30,909 - INFO - 🎯 Niche terms for filtering: huawei, cheap, best, latest, review, price, sell, buy, recommendation, tips, tutorial, guide, how to, vs, versus, compared to, comparison, alternatives, which is better, expensive, discount, deals, sale, affordable, cost, online, offline, marketplace, store, shop, retailer, where to buy, worst, quality, original, genuine, fake, replica, authentic, brand, manufacturer, company, product, huawei product, sell huawei, buy huawei, cheap huawei, best huawei, huawei review, where to buy huawei, how to choose huawei, top huawei, huawei guide, huawei for sale, huawei deals
2025-10-31 19:23:30,910 - INFO - Generated 50 niche-clue pairs for 'huawei'.
2025-10-31 19:23:30,912 - INFO - Expanded 50 seed keywords to 218 variations
2025-10-31 19:23:30,912 - INFO - 🔧 Request Handler initialized - Success rate: 100.0%
2025-10-31 19:27:56,366 - INFO - Original clue keywords: gpu performance, processor speed
2025-10-31 19:27:56,366 - INFO - Niche-focused seeds: gpu performance huawei, huawei gpu performance, gpu performance cheap, cheap gpu performance, gpu performance best, best gpu performance, gpu performance latest, latest gpu performance, gpu performance review, review gpu performance, gpu performance price, price gpu performance, gpu performance sell, sell gpu performance, gpu performance buy, buy gpu performance, gpu performance recommendation, recommendation gpu performance, gpu performance tips, tips gpu performance, gpu performance tutorial, tutorial gpu performance, gpu performance guide, guide gpu performance, gpu performance how to, how to gpu performance, gpu performance vs, vs gpu performance, gpu performance versus, versus gpu performance, gpu performance compared to, compared to gpu performance, gpu performance comparison, comparison gpu performance, gpu performance alternatives, alternatives gpu performance, gpu performance which is better, which is better gpu performance, gpu performance expensive, expensive gpu performance, gpu performance discount, discount gpu performance, gpu performance deals, deals gpu performance, gpu performance sale, sale gpu performance, gpu performance affordable, affordable gpu performance, gpu performance cost, cost gpu performance, gpu performance online, online gpu performance, gpu performance offline, offline gpu performance, gpu performance marketplace, marketplace gpu performance, gpu performance store, store gpu performance, gpu performance shop, shop gpu performance, gpu performance retailer, retailer gpu performance, gpu performance where to buy, where to buy gpu performance, gpu performance worst, worst gpu performance, gpu performance quality, quality gpu performance, gpu performance original, original gpu performance, gpu performance genuine, genuine gpu performance, gpu performance fake, fake gpu performance, gpu performance replica, replica gpu performance, gpu performance authentic, authentic gpu performance, gpu performance brand, brand gpu performance, gpu performance manufacturer, manufacturer gpu performance, gpu performance company, company gpu performance, gpu performance product, product gpu performance, gpu performance huawei product, huawei product gpu performance, gpu performance sell huawei, sell huawei gpu performance, gpu performance buy huawei, buy huawei gpu performance, gpu performance cheap huawei, cheap huawei gpu performance, gpu performance best huawei, best huawei gpu performance, gpu performance huawei review, huawei review gpu performance, gpu performance where to buy huawei, where to buy huawei gpu performance, gpu performance how to choose huawei, how to choose huawei gpu performance, gpu performance top huawei, top huawei gpu performance, gpu performance huawei guide, huawei guide gpu performance, gpu performance huawei for sale, huawei for sale gpu performance, gpu performance huawei deals, huawei deals gpu performance, processor speed huawei, huawei processor speed, processor speed cheap, cheap processor speed, processor speed best, best processor speed, processor speed latest, latest processor speed, processor speed review, review processor speed, processor speed price, price processor speed, processor speed sell, sell processor speed, processor speed buy, buy processor speed, processor speed recommendation, recommendation processor speed, processor speed tips, tips processor speed, processor speed tutorial, tutorial processor speed, processor speed guide, guide processor speed, processor speed how to, how to processor speed, processor speed vs, vs processor speed, processor speed versus, versus processor speed, processor speed compared to, compared to processor speed, processor speed comparison, comparison processor speed, processor speed alternatives, alternatives processor speed, processor speed which is better, which is better processor speed, processor speed expensive, expensive processor speed, processor speed discount, discount processor speed, processor speed deals, deals processor speed, processor speed sale, sale processor speed, processor speed affordable, affordable processor speed, processor speed cost, cost processor speed, processor speed online, online processor speed, processor speed offline, offline processor speed, processor speed marketplace, marketplace processor speed, processor speed store, store processor speed, processor speed shop, shop processor speed, processor speed retailer, retailer processor speed, processor speed where to buy, where to buy processor speed, processor speed worst, worst processor speed, processor speed quality, quality processor speed, processor speed original, original processor speed, processor speed genuine, genuine processor speed, processor speed fake, fake processor speed, processor speed replica, replica processor speed, processor speed authentic, authentic processor speed, processor speed brand, brand processor speed, processor speed manufacturer, manufacturer processor speed, processor speed company, company processor speed, processor speed product, product processor speed, processor speed huawei product, huawei product processor speed, processor speed sell huawei, sell huawei processor speed, processor speed buy huawei, buy huawei processor speed, processor speed cheap huawei, cheap huawei processor speed, processor speed best huawei, best huawei processor speed, processor speed huawei review, huawei review processor speed, processor speed where to buy huawei, where to buy huawei processor speed, processor speed how to choose huawei, how to choose huawei processor speed, processor speed top huawei, top huawei processor speed, processor speed huawei guide, huawei guide processor speed, processor speed huawei for sale, huawei for sale processor speed, processor speed huawei deals, huawei deals processor speed
2025-10-31 19:27:56,368 - INFO - Expanded 220 seed keywords to 385 variations
2025-10-31 19:27:56,368 - INFO - Language: en
2025-10-31 19:27:56,368 - INFO - Region: us
2025-10-31 19:30:39,748 - INFO - 🎯 After all filtering for 'huawei': 120 relevant keywords
2025-10-31 19:30:40,324 - INFO - 🎯 Found 5 new keywords for niche 'huawei': huawei affordable gpu performance, huawei affordable processor speed, cheap alternatives processor speed, best authentic processor speed, how to brand processor speed
2025-10-31 19:30:48,400 - INFO - ✅ Niche 'huawei' process complete! 193 total keyword results.
2025-10-31 19:30:48,400 - INFO - ✅ Completed processing niche: 'huawei'
2025-10-31 19:30:48,400 - INFO - 🔧 Request Handler final stats - Success rate: 100.0%
2025-10-31 19:30:48,400 - INFO -    Total requests: 34158, Blocks: 0
2025-10-31 19:30:48,401 - INFO - 
========================================
2025-10-31 19:30:48,401 - INFO - Process Summary:
2025-10-31 19:30:48,401 - INFO - - Current niche: 'huawei'
2025-10-31 19:30:48,401 - INFO - - Next niche will be: 'xiaomi'
2025-10-31 19:30:48,401 - INFO - - Keywords saved in: languages/english/keywords/huawei/
2025-10-31 19:30:48,402 - INFO - ========================================
