2025-10-08 03:09:19,682 - INFO - Log file created at: /home/runner/work/potensitech.com/potensitech.com/languages/english/keywords/logs/kw_search_20251008_030919.log
2025-10-08 03:09:19,682 - INFO - ============================================================
2025-10-08 03:09:19,682 - INFO - AUTOMATIC KEYWORD RESEARCH TOOL
2025-10-08 03:09:19,683 - INFO - ============================================================
2025-10-08 03:09:19,832 - INFO - ========================================
2025-10-08 03:09:19,832 - INFO - Found 14 niches to process: xiaomi, iphone, samsung, apple, sony, asus, philips, sandisk, intel, nvidia, amd, canon, nikon, huawei
2025-10-08 03:09:19,832 - INFO - ========================================
2025-10-08 03:09:19,832 - INFO - Continuing from last processed niche: samsung
2025-10-08 03:09:19,832 - INFO - ========================================
2025-10-08 03:09:19,832 - INFO - 🎯 PROCESSING NICHE 4/14: 'apple'
2025-10-08 03:09:19,832 - INFO - ========================================
2025-10-08 03:09:19,832 - INFO - 📁 Niche directory: /home/runner/work/potensitech.com/potensitech.com/languages/english/keywords/apple
2025-10-08 03:09:19,832 - INFO - Selected region: us
2025-10-08 03:09:19,832 - INFO - Selected language: en
2025-10-08 03:09:19,832 - INFO - 🎯 Current niche: apple
2025-10-08 03:09:48,097 - INFO - 🎯 Niche terms for filtering: apple, cheap, best, latest, review, price, sell, buy, recommendation, tips, tutorial, guide, how to, vs, versus, compared to, comparison, alternatives, which is better, expensive, discount, deals, sale, affordable, cost, online, offline, marketplace, store, shop, retailer, where to buy, worst, quality, original, genuine, fake, replica, authentic, brand, manufacturer, company, product, apple product, sell apple, buy apple, cheap apple, best apple, apple review, where to buy apple, how to choose apple, top apple, apple guide, apple for sale, apple deals
2025-10-08 03:09:48,097 - INFO - Generated 50 niche-clue pairs for 'apple'.
2025-10-08 03:09:48,100 - INFO - Expanded 50 seed keywords to 218 variations
2025-10-08 03:09:48,100 - INFO - 🔧 Request Handler initialized - Success rate: 100.0%
2025-10-08 03:14:12,096 - INFO - Original clue keywords: dslr quality, smart-lighting
2025-10-08 03:14:12,096 - INFO - Niche-focused seeds: dslr quality, smart-lighting apple, apple smart-lighting, smart-lighting cheap, cheap smart-lighting, smart-lighting best, best smart-lighting, smart-lighting latest, latest smart-lighting, smart-lighting review, review smart-lighting, smart-lighting price, price smart-lighting, smart-lighting sell, sell smart-lighting, smart-lighting buy, buy smart-lighting, smart-lighting recommendation, recommendation smart-lighting, smart-lighting tips, tips smart-lighting, smart-lighting tutorial, tutorial smart-lighting, smart-lighting guide, guide smart-lighting, smart-lighting how to, how to smart-lighting, smart-lighting vs, vs smart-lighting, smart-lighting versus, versus smart-lighting, smart-lighting compared to, compared to smart-lighting, smart-lighting comparison, comparison smart-lighting, smart-lighting alternatives, alternatives smart-lighting, smart-lighting which is better, which is better smart-lighting, smart-lighting expensive, expensive smart-lighting, smart-lighting discount, discount smart-lighting, smart-lighting deals, deals smart-lighting, smart-lighting sale, sale smart-lighting, smart-lighting affordable, affordable smart-lighting, smart-lighting cost, cost smart-lighting, smart-lighting online, online smart-lighting, smart-lighting offline, offline smart-lighting, smart-lighting marketplace, marketplace smart-lighting, smart-lighting store, store smart-lighting, smart-lighting shop, shop smart-lighting, smart-lighting retailer, retailer smart-lighting, smart-lighting where to buy, where to buy smart-lighting, smart-lighting worst, worst smart-lighting, smart-lighting quality, quality smart-lighting, smart-lighting original, original smart-lighting, smart-lighting genuine, genuine smart-lighting, smart-lighting fake, fake smart-lighting, smart-lighting replica, replica smart-lighting, smart-lighting authentic, authentic smart-lighting, smart-lighting brand, brand smart-lighting, smart-lighting manufacturer, manufacturer smart-lighting, smart-lighting company, company smart-lighting, smart-lighting product, product smart-lighting, smart-lighting apple product, apple product smart-lighting, smart-lighting sell apple, sell apple smart-lighting, smart-lighting buy apple, buy apple smart-lighting, smart-lighting cheap apple, cheap apple smart-lighting, smart-lighting best apple, best apple smart-lighting, smart-lighting apple review, apple review smart-lighting, smart-lighting where to buy apple, where to buy apple smart-lighting, smart-lighting how to choose apple, how to choose apple smart-lighting, smart-lighting top apple, top apple smart-lighting, smart-lighting apple guide, apple guide smart-lighting, smart-lighting apple for sale, apple for sale smart-lighting, smart-lighting apple deals, apple deals smart-lighting
2025-10-08 03:14:12,099 - INFO - Expanded 111 seed keywords to 276 variations
2025-10-08 03:14:12,099 - INFO - Language: en
2025-10-08 03:14:12,099 - INFO - Region: us
2025-10-08 03:18:27,481 - INFO - 🎯 After all filtering for 'apple': 120 relevant keywords
2025-10-08 03:18:27,511 - INFO - 🎯 Found 5 new keywords for niche 'apple': apple affordable smart-lighting, cheap affordable smart-lighting, best affordable smart-lighting, how to affordable smart-lighting, apple alternatives smart-lighting
2025-10-08 03:18:35,024 - INFO - ✅ Niche 'apple' process complete! 91 total keyword results.
2025-10-08 03:18:35,024 - INFO - ✅ Completed processing niche: 'apple'
2025-10-08 03:18:35,024 - INFO - 🔧 Request Handler final stats - Success rate: 100.0%
2025-10-08 03:18:35,024 - INFO -    Total requests: 21341, Blocks: 0
2025-10-08 03:18:35,025 - INFO - 
========================================
2025-10-08 03:18:35,025 - INFO - Process Summary:
2025-10-08 03:18:35,025 - INFO - - Current niche: 'apple'
2025-10-08 03:18:35,025 - INFO - - Next niche will be: 'sony'
2025-10-08 03:18:35,026 - INFO - - Keywords saved in: languages/english/keywords/apple/
2025-10-08 03:18:35,026 - INFO - ========================================
