2025-10-09 04:53:34,912 - INFO - Log file created at: /home/runner/work/potensitech.com/potensitech.com/languages/english/keywords/logs/kw_search_20251009_045334.log
2025-10-09 04:53:34,912 - INFO - ============================================================
2025-10-09 04:53:34,912 - INFO - AUTOMATIC KEYWORD RESEARCH TOOL
2025-10-09 04:53:34,912 - INFO - ============================================================
2025-10-09 04:53:35,080 - INFO - ========================================
2025-10-09 04:53:35,080 - INFO - Found 14 niches to process: xiaomi, iphone, samsung, apple, sony, asus, philips, sandisk, intel, nvidia, amd, canon, nikon, huawei
2025-10-09 04:53:35,080 - INFO - ========================================
2025-10-09 04:53:35,080 - INFO - All niches completed, starting over
2025-10-09 04:53:35,080 - INFO - ========================================
2025-10-09 04:53:35,080 - INFO - 🎯 PROCESSING NICHE 1/14: 'xiaomi'
2025-10-09 04:53:35,080 - INFO - ========================================
2025-10-09 04:53:35,080 - INFO - 📁 Niche directory: /home/runner/work/potensitech.com/potensitech.com/languages/english/keywords/xiaomi
2025-10-09 04:53:35,080 - INFO - Selected region: us
2025-10-09 04:53:35,080 - INFO - Selected language: en
2025-10-09 04:53:35,081 - INFO - 🎯 Current niche: xiaomi
2025-10-09 04:53:38,117 - INFO - 🎯 Niche terms for filtering: xiaomi, cheap, best, latest, review, price, sell, buy, recommendation, tips, tutorial, guide, how to, vs, versus, compared to, comparison, alternatives, which is better, expensive, discount, deals, sale, affordable, cost, online, offline, marketplace, store, shop, retailer, where to buy, worst, quality, original, genuine, fake, replica, authentic, brand, manufacturer, company, product, xiaomi product, sell xiaomi, buy xiaomi, cheap xiaomi, best xiaomi, xiaomi review, where to buy xiaomi, how to choose xiaomi, top xiaomi, xiaomi guide, xiaomi for sale, xiaomi deals
2025-10-09 04:53:38,117 - INFO - Generated 50 niche-clue pairs for 'xiaomi'.
2025-10-09 04:53:38,120 - INFO - Expanded 50 seed keywords to 218 variations
2025-10-09 04:53:38,121 - INFO - 🔧 Request Handler initialized - Success rate: 100.0%
2025-10-09 04:58:01,754 - INFO - Original clue keywords: ai rendering, performance boost
2025-10-09 04:58:01,754 - INFO - Niche-focused seeds: ai rendering xiaomi, xiaomi ai rendering, ai rendering cheap, cheap ai rendering, ai rendering best, best ai rendering, ai rendering latest, latest ai rendering, ai rendering review, review ai rendering, ai rendering price, price ai rendering, ai rendering sell, sell ai rendering, ai rendering buy, buy ai rendering, ai rendering recommendation, recommendation ai rendering, ai rendering tips, tips ai rendering, ai rendering tutorial, tutorial ai rendering, ai rendering guide, guide ai rendering, ai rendering how to, how to ai rendering, ai rendering vs, vs ai rendering, ai rendering versus, versus ai rendering, ai rendering compared to, compared to ai rendering, ai rendering comparison, comparison ai rendering, ai rendering alternatives, alternatives ai rendering, ai rendering which is better, which is better ai rendering, ai rendering expensive, expensive ai rendering, ai rendering discount, discount ai rendering, ai rendering deals, deals ai rendering, ai rendering sale, sale ai rendering, ai rendering affordable, affordable ai rendering, ai rendering cost, cost ai rendering, ai rendering online, online ai rendering, ai rendering offline, offline ai rendering, ai rendering marketplace, marketplace ai rendering, ai rendering store, store ai rendering, ai rendering shop, shop ai rendering, ai rendering retailer, retailer ai rendering, ai rendering where to buy, where to buy ai rendering, ai rendering worst, worst ai rendering, ai rendering quality, quality ai rendering, ai rendering original, original ai rendering, ai rendering genuine, genuine ai rendering, ai rendering fake, fake ai rendering, ai rendering replica, replica ai rendering, ai rendering authentic, authentic ai rendering, ai rendering brand, brand ai rendering, ai rendering manufacturer, manufacturer ai rendering, ai rendering company, company ai rendering, ai rendering product, product ai rendering, ai rendering xiaomi product, xiaomi product ai rendering, ai rendering sell xiaomi, sell xiaomi ai rendering, ai rendering buy xiaomi, buy xiaomi ai rendering, ai rendering cheap xiaomi, cheap xiaomi ai rendering, ai rendering best xiaomi, best xiaomi ai rendering, ai rendering xiaomi review, xiaomi review ai rendering, ai rendering where to buy xiaomi, where to buy xiaomi ai rendering, ai rendering how to choose xiaomi, how to choose xiaomi ai rendering, ai rendering top xiaomi, top xiaomi ai rendering, ai rendering xiaomi guide, xiaomi guide ai rendering, ai rendering xiaomi for sale, xiaomi for sale ai rendering, ai rendering xiaomi deals, xiaomi deals ai rendering, performance boost xiaomi, xiaomi performance boost, performance boost cheap, cheap performance boost, performance boost best, best performance boost, performance boost latest, latest performance boost, performance boost review, review performance boost, performance boost price, price performance boost, performance boost sell, sell performance boost, performance boost buy, buy performance boost, performance boost recommendation, recommendation performance boost, performance boost tips, tips performance boost, performance boost tutorial, tutorial performance boost, performance boost guide, guide performance boost, performance boost how to, how to performance boost, performance boost vs, vs performance boost, performance boost versus, versus performance boost, performance boost compared to, compared to performance boost, performance boost comparison, comparison performance boost, performance boost alternatives, alternatives performance boost, performance boost which is better, which is better performance boost, performance boost expensive, expensive performance boost, performance boost discount, discount performance boost, performance boost deals, deals performance boost, performance boost sale, sale performance boost, performance boost affordable, affordable performance boost, performance boost cost, cost performance boost, performance boost online, online performance boost, performance boost offline, offline performance boost, performance boost marketplace, marketplace performance boost, performance boost store, store performance boost, performance boost shop, shop performance boost, performance boost retailer, retailer performance boost, performance boost where to buy, where to buy performance boost, performance boost worst, worst performance boost, performance boost quality, quality performance boost, performance boost original, original performance boost, performance boost genuine, genuine performance boost, performance boost fake, fake performance boost, performance boost replica, replica performance boost, performance boost authentic, authentic performance boost, performance boost brand, brand performance boost, performance boost manufacturer, manufacturer performance boost, performance boost company, company performance boost, performance boost product, product performance boost, performance boost xiaomi product, xiaomi product performance boost, performance boost sell xiaomi, sell xiaomi performance boost, performance boost buy xiaomi, buy xiaomi performance boost, performance boost cheap xiaomi, cheap xiaomi performance boost, performance boost best xiaomi, best xiaomi performance boost, performance boost xiaomi review, xiaomi review performance boost, performance boost where to buy xiaomi, where to buy xiaomi performance boost, performance boost how to choose xiaomi, how to choose xiaomi performance boost, performance boost top xiaomi, top xiaomi performance boost, performance boost xiaomi guide, xiaomi guide performance boost, performance boost xiaomi for sale, xiaomi for sale performance boost, performance boost xiaomi deals, xiaomi deals performance boost
2025-10-09 04:58:01,757 - INFO - Expanded 220 seed keywords to 385 variations
2025-10-09 04:58:01,757 - INFO - Language: en
2025-10-09 04:58:01,757 - INFO - Region: us
2025-10-09 04:58:50,362 - INFO - 🎯 After all filtering for 'xiaomi': 120 relevant keywords
2025-10-09 04:58:50,621 - INFO - 🎯 Found 5 new keywords for niche 'xiaomi': xiaomi affordable ai rendering, xiaomi affordable performance boost, cheap ai rendering alternatives, best ai rendering authentic, how to ai rendering brand
2025-10-09 04:59:00,257 - INFO - ✅ Niche 'xiaomi' process complete! 107 total keyword results.
2025-10-09 04:59:00,257 - INFO - ✅ Completed processing niche: 'xiaomi'
2025-10-09 04:59:00,257 - INFO - 🔧 Request Handler final stats - Success rate: 100.0%
2025-10-09 04:59:00,257 - INFO -    Total requests: 22049, Blocks: 0
2025-10-09 04:59:00,258 - INFO - 
========================================
2025-10-09 04:59:00,259 - INFO - Process Summary:
2025-10-09 04:59:00,259 - INFO - - Current niche: 'xiaomi'
2025-10-09 04:59:00,259 - INFO - - Next niche will be: 'iphone'
2025-10-09 04:59:00,259 - INFO - - Keywords saved in: languages/english/keywords/xiaomi/
2025-10-09 04:59:00,259 - INFO - ========================================
