2025-10-12 16:52:01,461 - INFO - Log file created at: /home/runner/work/potensitech.com/potensitech.com/languages/english/keywords/logs/kw_search_20251012_165201.log
2025-10-12 16:52:01,461 - INFO - ============================================================
2025-10-12 16:52:01,462 - INFO - AUTOMATIC KEYWORD RESEARCH TOOL
2025-10-12 16:52:01,462 - INFO - ============================================================
2025-10-12 16:52:01,641 - INFO - ========================================
2025-10-12 16:52:01,641 - INFO - Found 14 niches to process: xiaomi, iphone, samsung, apple, sony, asus, philips, sandisk, intel, nvidia, amd, canon, nikon, huawei
2025-10-12 16:52:01,641 - INFO - ========================================
2025-10-12 16:52:01,641 - INFO - Continuing from last processed niche: philips
2025-10-12 16:52:01,641 - INFO - ========================================
2025-10-12 16:52:01,641 - INFO - 🎯 PROCESSING NICHE 8/14: 'sandisk'
2025-10-12 16:52:01,641 - INFO - ========================================
2025-10-12 16:52:01,641 - INFO - 📁 Niche directory: /home/runner/work/potensitech.com/potensitech.com/languages/english/keywords/sandisk
2025-10-12 16:52:01,641 - INFO - Selected region: us
2025-10-12 16:52:01,642 - INFO - Selected language: en
2025-10-12 16:52:01,642 - INFO - 🎯 Current niche: sandisk
2025-10-12 16:52:05,090 - INFO - 🎯 Niche terms for filtering: sandisk, cheap, best, latest, review, price, sell, buy, recommendation, tips, tutorial, guide, how to, vs, versus, compared to, comparison, alternatives, which is better, expensive, discount, deals, sale, affordable, cost, online, offline, marketplace, store, shop, retailer, where to buy, worst, quality, original, genuine, fake, replica, authentic, brand, manufacturer, company, product, sandisk product, sell sandisk, buy sandisk, cheap sandisk, best sandisk, sandisk review, where to buy sandisk, how to choose sandisk, top sandisk, sandisk guide, sandisk for sale, sandisk deals
2025-10-12 16:52:05,090 - INFO - Generated 50 niche-clue pairs for 'sandisk'.
2025-10-12 16:52:05,093 - INFO - Expanded 50 seed keywords to 218 variations
2025-10-12 16:52:05,094 - INFO - 🔧 Request Handler initialized - Success rate: 100.0%
2025-10-12 16:56:30,726 - INFO - Original clue keywords: flash drive, usb stick
2025-10-12 16:56:30,726 - INFO - Niche-focused seeds: flash drive sandisk, sandisk flash drive, flash drive cheap, cheap flash drive, flash drive best, best flash drive, flash drive latest, latest flash drive, flash drive review, review flash drive, flash drive price, price flash drive, flash drive sell, sell flash drive, flash drive buy, buy flash drive, flash drive recommendation, recommendation flash drive, flash drive tips, tips flash drive, flash drive tutorial, tutorial flash drive, flash drive guide, guide flash drive, flash drive how to, how to flash drive, flash drive vs, vs flash drive, flash drive versus, versus flash drive, flash drive compared to, compared to flash drive, flash drive comparison, comparison flash drive, flash drive alternatives, alternatives flash drive, flash drive which is better, which is better flash drive, flash drive expensive, expensive flash drive, flash drive discount, discount flash drive, flash drive deals, deals flash drive, flash drive sale, sale flash drive, flash drive affordable, affordable flash drive, flash drive cost, cost flash drive, flash drive online, online flash drive, flash drive offline, offline flash drive, flash drive marketplace, marketplace flash drive, flash drive store, store flash drive, flash drive shop, shop flash drive, flash drive retailer, retailer flash drive, flash drive where to buy, where to buy flash drive, flash drive worst, worst flash drive, flash drive quality, quality flash drive, flash drive original, original flash drive, flash drive genuine, genuine flash drive, flash drive fake, fake flash drive, flash drive replica, replica flash drive, flash drive authentic, authentic flash drive, flash drive brand, brand flash drive, flash drive manufacturer, manufacturer flash drive, flash drive company, company flash drive, flash drive product, product flash drive, flash drive sandisk product, sandisk product flash drive, flash drive sell sandisk, sell sandisk flash drive, flash drive buy sandisk, buy sandisk flash drive, flash drive cheap sandisk, cheap sandisk flash drive, flash drive best sandisk, best sandisk flash drive, flash drive sandisk review, sandisk review flash drive, flash drive where to buy sandisk, where to buy sandisk flash drive, flash drive how to choose sandisk, how to choose sandisk flash drive, flash drive top sandisk, top sandisk flash drive, flash drive sandisk guide, sandisk guide flash drive, flash drive sandisk for sale, sandisk for sale flash drive, flash drive sandisk deals, sandisk deals flash drive, usb stick sandisk, sandisk usb stick, usb stick cheap, cheap usb stick, usb stick best, best usb stick, usb stick latest, latest usb stick, usb stick review, review usb stick, usb stick price, price usb stick, usb stick sell, sell usb stick, usb stick buy, buy usb stick, usb stick recommendation, recommendation usb stick, usb stick tips, tips usb stick, usb stick tutorial, tutorial usb stick, usb stick guide, guide usb stick, usb stick how to, how to usb stick, usb stick vs, vs usb stick, usb stick versus, versus usb stick, usb stick compared to, compared to usb stick, usb stick comparison, comparison usb stick, usb stick alternatives, alternatives usb stick, usb stick which is better, which is better usb stick, usb stick expensive, expensive usb stick, usb stick discount, discount usb stick, usb stick deals, deals usb stick, usb stick sale, sale usb stick, usb stick affordable, affordable usb stick, usb stick cost, cost usb stick, usb stick online, online usb stick, usb stick offline, offline usb stick, usb stick marketplace, marketplace usb stick, usb stick store, store usb stick, usb stick shop, shop usb stick, usb stick retailer, retailer usb stick, usb stick where to buy, where to buy usb stick, usb stick worst, worst usb stick, usb stick quality, quality usb stick, usb stick original, original usb stick, usb stick genuine, genuine usb stick, usb stick fake, fake usb stick, usb stick replica, replica usb stick, usb stick authentic, authentic usb stick, usb stick brand, brand usb stick, usb stick manufacturer, manufacturer usb stick, usb stick company, company usb stick, usb stick product, product usb stick, usb stick sandisk product, sandisk product usb stick, usb stick sell sandisk, sell sandisk usb stick, usb stick buy sandisk, buy sandisk usb stick, usb stick cheap sandisk, cheap sandisk usb stick, usb stick best sandisk, best sandisk usb stick, usb stick sandisk review, sandisk review usb stick, usb stick where to buy sandisk, where to buy sandisk usb stick, usb stick how to choose sandisk, how to choose sandisk usb stick, usb stick top sandisk, top sandisk usb stick, usb stick sandisk guide, sandisk guide usb stick, usb stick sandisk for sale, sandisk for sale usb stick, usb stick sandisk deals, sandisk deals usb stick
2025-10-12 16:56:30,730 - INFO - Expanded 220 seed keywords to 385 variations
2025-10-12 16:56:30,730 - INFO - Language: en
2025-10-12 16:56:30,730 - INFO - Region: us
2025-10-12 16:57:04,281 - INFO - 🎯 After all filtering for 'sandisk': 120 relevant keywords
2025-10-12 16:57:04,543 - INFO - 🎯 Found 2 new keywords for niche 'sandisk': sandisk affordable flash drive, sandisk affordable usb stick
2025-10-12 16:57:11,589 - INFO - ✅ Niche 'sandisk' process complete! 101 total keyword results.
2025-10-12 16:57:11,589 - INFO - ✅ Completed processing niche: 'sandisk'
2025-10-12 16:57:11,590 - INFO - 🔧 Request Handler final stats - Success rate: 100.0%
2025-10-12 16:57:11,590 - INFO -    Total requests: 24598, Blocks: 0
2025-10-12 16:57:11,590 - INFO - 
========================================
2025-10-12 16:57:11,591 - INFO - Process Summary:
2025-10-12 16:57:11,591 - INFO - - Current niche: 'sandisk'
2025-10-12 16:57:11,591 - INFO - - Next niche will be: 'intel'
2025-10-12 16:57:11,591 - INFO - - Keywords saved in: languages/english/keywords/sandisk/
2025-10-12 16:57:11,591 - INFO - ========================================
