2025-09-29 07:30:54,922 - INFO - Log file created at: /home/runner/work/potensitech.com/potensitech.com/languages/english/keywords/logs/kw_search_20250929_073054.log
2025-09-29 07:30:54,922 - INFO - ============================================================
2025-09-29 07:30:54,922 - INFO - AUTOMATIC KEYWORD RESEARCH TOOL
2025-09-29 07:30:54,922 - INFO - ============================================================
2025-09-29 07:30:55,102 - INFO - ========================================
2025-09-29 07:30:55,103 - INFO - Found 14 niches to process: xiaomi, iphone, samsung, apple, sony, asus, philips, sandisk, intel, nvidia, amd, canon, nikon, huawei
2025-09-29 07:30:55,103 - INFO - ========================================
2025-09-29 07:30:55,103 - INFO - Continuing from last processed niche: nikon
2025-09-29 07:30:55,103 - INFO - ========================================
2025-09-29 07:30:55,103 - INFO - 🎯 PROCESSING NICHE 14/14: 'huawei'
2025-09-29 07:30:55,103 - INFO - ========================================
2025-09-29 07:30:55,103 - INFO - 📁 Niche directory: /home/runner/work/potensitech.com/potensitech.com/languages/english/keywords/huawei
2025-09-29 07:30:55,103 - INFO - Selected region: us
2025-09-29 07:30:55,103 - INFO - Selected language: en
2025-09-29 07:30:55,103 - INFO - 🎯 Current niche: huawei
2025-09-29 07:30:57,863 - INFO - 🎯 Niche terms for filtering: huawei, cheap, best, latest, review, price, sell, buy, recommendation, tips, tutorial, guide, how to, vs, versus, compared to, comparison, alternatives, which is better, expensive, discount, deals, sale, affordable, cost, online, offline, marketplace, store, shop, retailer, where to buy, worst, quality, original, genuine, fake, replica, authentic, brand, manufacturer, company, product, huawei product, sell huawei, buy huawei, cheap huawei, best huawei, huawei review, where to buy huawei, how to choose huawei, top huawei, huawei guide, huawei for sale, huawei deals
2025-09-29 07:30:57,863 - INFO - Generated 50 niche-clue pairs for 'huawei'.
2025-09-29 07:30:57,866 - INFO - Expanded 50 seed keywords to 218 variations
2025-09-29 07:30:57,866 - INFO - 🔧 Request Handler initialized - Success rate: 100.0%
2025-09-29 07:35:22,435 - INFO - Original clue keywords: graphics performance, portable ssd
2025-09-29 07:35:22,436 - INFO - Niche-focused seeds: graphics performance huawei, huawei graphics performance, graphics performance cheap, cheap graphics performance, graphics performance best, best graphics performance, graphics performance latest, latest graphics performance, graphics performance review, review graphics performance, graphics performance price, price graphics performance, graphics performance sell, sell graphics performance, graphics performance buy, buy graphics performance, graphics performance recommendation, recommendation graphics performance, graphics performance tips, tips graphics performance, graphics performance tutorial, tutorial graphics performance, graphics performance guide, guide graphics performance, graphics performance how to, how to graphics performance, graphics performance vs, vs graphics performance, graphics performance versus, versus graphics performance, graphics performance compared to, compared to graphics performance, graphics performance comparison, comparison graphics performance, graphics performance alternatives, alternatives graphics performance, graphics performance which is better, which is better graphics performance, graphics performance expensive, expensive graphics performance, graphics performance discount, discount graphics performance, graphics performance deals, deals graphics performance, graphics performance sale, sale graphics performance, graphics performance affordable, affordable graphics performance, graphics performance cost, cost graphics performance, graphics performance online, online graphics performance, graphics performance offline, offline graphics performance, graphics performance marketplace, marketplace graphics performance, graphics performance store, store graphics performance, graphics performance shop, shop graphics performance, graphics performance retailer, retailer graphics performance, graphics performance where to buy, where to buy graphics performance, graphics performance worst, worst graphics performance, graphics performance quality, quality graphics performance, graphics performance original, original graphics performance, graphics performance genuine, genuine graphics performance, graphics performance fake, fake graphics performance, graphics performance replica, replica graphics performance, graphics performance authentic, authentic graphics performance, graphics performance brand, brand graphics performance, graphics performance manufacturer, manufacturer graphics performance, graphics performance company, company graphics performance, graphics performance product, product graphics performance, graphics performance huawei product, huawei product graphics performance, graphics performance sell huawei, sell huawei graphics performance, graphics performance buy huawei, buy huawei graphics performance, graphics performance cheap huawei, cheap huawei graphics performance, graphics performance best huawei, best huawei graphics performance, graphics performance huawei review, huawei review graphics performance, graphics performance where to buy huawei, where to buy huawei graphics performance, graphics performance how to choose huawei, how to choose huawei graphics performance, graphics performance top huawei, top huawei graphics performance, graphics performance huawei guide, huawei guide graphics performance, graphics performance huawei for sale, huawei for sale graphics performance, graphics performance huawei deals, huawei deals graphics performance, portable ssd huawei, huawei portable ssd, portable ssd cheap, cheap portable ssd, portable ssd best, best portable ssd, portable ssd latest, latest portable ssd, portable ssd review, review portable ssd, portable ssd price, price portable ssd, portable ssd sell, sell portable ssd, portable ssd buy, buy portable ssd, portable ssd recommendation, recommendation portable ssd, portable ssd tips, tips portable ssd, portable ssd tutorial, tutorial portable ssd, portable ssd guide, guide portable ssd, portable ssd how to, how to portable ssd, portable ssd vs, vs portable ssd, portable ssd versus, versus portable ssd, portable ssd compared to, compared to portable ssd, portable ssd comparison, comparison portable ssd, portable ssd alternatives, alternatives portable ssd, portable ssd which is better, which is better portable ssd, portable ssd expensive, expensive portable ssd, portable ssd discount, discount portable ssd, portable ssd deals, deals portable ssd, portable ssd sale, sale portable ssd, portable ssd affordable, affordable portable ssd, portable ssd cost, cost portable ssd, portable ssd online, online portable ssd, portable ssd offline, offline portable ssd, portable ssd marketplace, marketplace portable ssd, portable ssd store, store portable ssd, portable ssd shop, shop portable ssd, portable ssd retailer, retailer portable ssd, portable ssd where to buy, where to buy portable ssd, portable ssd worst, worst portable ssd, portable ssd quality, quality portable ssd, portable ssd original, original portable ssd, portable ssd genuine, genuine portable ssd, portable ssd fake, fake portable ssd, portable ssd replica, replica portable ssd, portable ssd authentic, authentic portable ssd, portable ssd brand, brand portable ssd, portable ssd manufacturer, manufacturer portable ssd, portable ssd company, company portable ssd, portable ssd product, product portable ssd, portable ssd huawei product, huawei product portable ssd, portable ssd sell huawei, sell huawei portable ssd, portable ssd buy huawei, buy huawei portable ssd, portable ssd cheap huawei, cheap huawei portable ssd, portable ssd best huawei, best huawei portable ssd, portable ssd huawei review, huawei review portable ssd, portable ssd where to buy huawei, where to buy huawei portable ssd, portable ssd how to choose huawei, how to choose huawei portable ssd, portable ssd top huawei, top huawei portable ssd, portable ssd huawei guide, huawei guide portable ssd, portable ssd huawei for sale, huawei for sale portable ssd, portable ssd huawei deals, huawei deals portable ssd
2025-09-29 07:35:22,439 - INFO - Expanded 220 seed keywords to 385 variations
2025-09-29 07:35:22,439 - INFO - Language: en
2025-09-29 07:35:22,439 - INFO - Region: us
2025-09-29 07:39:54,157 - INFO - 🎯 After all filtering for 'huawei': 120 relevant keywords
2025-09-29 07:39:54,268 - INFO - 🎯 Found 5 new keywords for niche 'huawei': huawei affordable graphics performance, huawei affordable portable ssd, cheap alternatives graphics performance, cheap alternatives portable ssd, best authentic graphics performance
2025-09-29 07:40:05,890 - INFO - ✅ Niche 'huawei' process complete! 58 total keyword results.
2025-09-29 07:40:05,890 - INFO - ✅ Completed processing niche: 'huawei'
2025-09-29 07:40:05,890 - INFO - 🔧 Request Handler final stats - Success rate: 100.0%
2025-09-29 07:40:05,890 - INFO -    Total requests: 14939, Blocks: 0
2025-09-29 07:40:05,891 - INFO - 
========================================
2025-09-29 07:40:05,892 - INFO - Process Summary:
2025-09-29 07:40:05,892 - INFO - - Current niche: 'huawei'
2025-09-29 07:40:05,892 - INFO - - Next niche will be: 'xiaomi'
2025-09-29 07:40:05,892 - INFO - - Keywords saved in: languages/english/keywords/huawei/
2025-09-29 07:40:05,892 - INFO - ========================================
