2025-10-14 21:43:27,200 - INFO - Log file created at: /home/runner/work/potensitech.com/potensitech.com/languages/english/keywords/logs/kw_search_20251014_214327.log
2025-10-14 21:43:27,201 - INFO - ============================================================
2025-10-14 21:43:27,201 - INFO - AUTOMATIC KEYWORD RESEARCH TOOL
2025-10-14 21:43:27,201 - INFO - ============================================================
2025-10-14 21:43:27,362 - INFO - ========================================
2025-10-14 21:43:27,362 - INFO - Found 14 niches to process: xiaomi, iphone, samsung, apple, sony, asus, philips, sandisk, intel, nvidia, amd, canon, nikon, huawei
2025-10-14 21:43:27,362 - INFO - ========================================
2025-10-14 21:43:27,362 - INFO - Continuing from last processed niche: xiaomi
2025-10-14 21:43:27,362 - INFO - ========================================
2025-10-14 21:43:27,363 - INFO - 🎯 PROCESSING NICHE 2/14: 'iphone'
2025-10-14 21:43:27,363 - INFO - ========================================
2025-10-14 21:43:27,363 - INFO - 📁 Niche directory: /home/runner/work/potensitech.com/potensitech.com/languages/english/keywords/iphone
2025-10-14 21:43:27,363 - INFO - Selected region: us
2025-10-14 21:43:27,363 - INFO - Selected language: en
2025-10-14 21:43:27,363 - INFO - 🎯 Current niche: iphone
2025-10-14 21:43:29,865 - INFO - 🎯 Niche terms for filtering: iphone, cheap, best, latest, review, price, sell, buy, recommendation, tips, tutorial, guide, how to, vs, versus, compared to, comparison, alternatives, which is better, expensive, discount, deals, sale, affordable, cost, online, offline, marketplace, store, shop, retailer, where to buy, worst, quality, original, genuine, fake, replica, authentic, brand, manufacturer, company, product, iphone product, sell iphone, buy iphone, cheap iphone, best iphone, iphone review, where to buy iphone, how to choose iphone, top iphone, iphone guide, iphone for sale, iphone deals
2025-10-14 21:43:29,866 - INFO - Generated 50 niche-clue pairs for 'iphone'.
2025-10-14 21:43:29,868 - INFO - Expanded 50 seed keywords to 218 variations
2025-10-14 21:43:29,869 - INFO - 🔧 Request Handler initialized - Success rate: 100.0%
2025-10-14 21:47:54,647 - INFO - Original clue keywords: camera lens, gpu performance
2025-10-14 21:47:54,647 - INFO - Niche-focused seeds: camera lens iphone, iphone camera lens, camera lens cheap, cheap camera lens, camera lens best, best camera lens, camera lens latest, latest camera lens, camera lens review, review camera lens, camera lens price, price camera lens, camera lens sell, sell camera lens, camera lens buy, buy camera lens, camera lens recommendation, recommendation camera lens, camera lens tips, tips camera lens, camera lens tutorial, tutorial camera lens, camera lens guide, guide camera lens, camera lens how to, how to camera lens, camera lens vs, vs camera lens, camera lens versus, versus camera lens, camera lens compared to, compared to camera lens, camera lens comparison, comparison camera lens, camera lens alternatives, alternatives camera lens, camera lens which is better, which is better camera lens, camera lens expensive, expensive camera lens, camera lens discount, discount camera lens, camera lens deals, deals camera lens, camera lens sale, sale camera lens, camera lens affordable, affordable camera lens, camera lens cost, cost camera lens, camera lens online, online camera lens, camera lens offline, offline camera lens, camera lens marketplace, marketplace camera lens, camera lens store, store camera lens, camera lens shop, shop camera lens, camera lens retailer, retailer camera lens, camera lens where to buy, where to buy camera lens, camera lens worst, worst camera lens, camera lens quality, quality camera lens, camera lens original, original camera lens, camera lens genuine, genuine camera lens, camera lens fake, fake camera lens, camera lens replica, replica camera lens, camera lens authentic, authentic camera lens, camera lens brand, brand camera lens, camera lens manufacturer, manufacturer camera lens, camera lens company, company camera lens, camera lens product, product camera lens, camera lens iphone product, iphone product camera lens, camera lens sell iphone, sell iphone camera lens, camera lens buy iphone, buy iphone camera lens, camera lens cheap iphone, cheap iphone camera lens, camera lens best iphone, best iphone camera lens, camera lens iphone review, iphone review camera lens, camera lens where to buy iphone, where to buy iphone camera lens, camera lens how to choose iphone, how to choose iphone camera lens, camera lens top iphone, top iphone camera lens, camera lens iphone guide, iphone guide camera lens, camera lens iphone for sale, iphone for sale camera lens, camera lens iphone deals, iphone deals camera lens, gpu performance iphone, iphone gpu performance, gpu performance cheap, cheap gpu performance, gpu performance best, best gpu performance, gpu performance latest, latest gpu performance, gpu performance review, review gpu performance, gpu performance price, price gpu performance, gpu performance sell, sell gpu performance, gpu performance buy, buy gpu performance, gpu performance recommendation, recommendation gpu performance, gpu performance tips, tips gpu performance, gpu performance tutorial, tutorial gpu performance, gpu performance guide, guide gpu performance, gpu performance how to, how to gpu performance, gpu performance vs, vs gpu performance, gpu performance versus, versus gpu performance, gpu performance compared to, compared to gpu performance, gpu performance comparison, comparison gpu performance, gpu performance alternatives, alternatives gpu performance, gpu performance which is better, which is better gpu performance, gpu performance expensive, expensive gpu performance, gpu performance discount, discount gpu performance, gpu performance deals, deals gpu performance, gpu performance sale, sale gpu performance, gpu performance affordable, affordable gpu performance, gpu performance cost, cost gpu performance, gpu performance online, online gpu performance, gpu performance offline, offline gpu performance, gpu performance marketplace, marketplace gpu performance, gpu performance store, store gpu performance, gpu performance shop, shop gpu performance, gpu performance retailer, retailer gpu performance, gpu performance where to buy, where to buy gpu performance, gpu performance worst, worst gpu performance, gpu performance quality, quality gpu performance, gpu performance original, original gpu performance, gpu performance genuine, genuine gpu performance, gpu performance fake, fake gpu performance, gpu performance replica, replica gpu performance, gpu performance authentic, authentic gpu performance, gpu performance brand, brand gpu performance, gpu performance manufacturer, manufacturer gpu performance, gpu performance company, company gpu performance, gpu performance product, product gpu performance, gpu performance iphone product, iphone product gpu performance, gpu performance sell iphone, sell iphone gpu performance, gpu performance buy iphone, buy iphone gpu performance, gpu performance cheap iphone, cheap iphone gpu performance, gpu performance best iphone, best iphone gpu performance, gpu performance iphone review, iphone review gpu performance, gpu performance where to buy iphone, where to buy iphone gpu performance, gpu performance how to choose iphone, how to choose iphone gpu performance, gpu performance top iphone, top iphone gpu performance, gpu performance iphone guide, iphone guide gpu performance, gpu performance iphone for sale, iphone for sale gpu performance, gpu performance iphone deals, iphone deals gpu performance
2025-10-14 21:47:54,650 - INFO - Expanded 220 seed keywords to 385 variations
2025-10-14 21:47:54,650 - INFO - Language: en
2025-10-14 21:47:54,650 - INFO - Region: us
2025-10-14 21:49:51,495 - INFO - 🎯 After all filtering for 'iphone': 120 relevant keywords
2025-10-14 21:49:51,958 - INFO - 🎯 Found 4 new keywords for niche 'iphone': iphone affordable camera lens, iphone affordable gpu performance, cheap alternatives gpu performance, best authentic gpu performance
2025-10-14 21:49:59,208 - INFO - ✅ Niche 'iphone' process complete! 169 total keyword results.
2025-10-14 21:49:59,208 - INFO - ✅ Completed processing niche: 'iphone'
2025-10-14 21:49:59,208 - INFO - 🔧 Request Handler final stats - Success rate: 100.0%
2025-10-14 21:49:59,209 - INFO -    Total requests: 25783, Blocks: 0
2025-10-14 21:49:59,210 - INFO - 
========================================
2025-10-14 21:49:59,210 - INFO - Process Summary:
2025-10-14 21:49:59,210 - INFO - - Current niche: 'iphone'
2025-10-14 21:49:59,210 - INFO - - Next niche will be: 'samsung'
2025-10-14 21:49:59,210 - INFO - - Keywords saved in: languages/english/keywords/iphone/
2025-10-14 21:49:59,210 - INFO - ========================================
