2025-12-10 07:35:13,474 - INFO - Log file created at: /home/runner/work/potensitech.com/potensitech.com/languages/english/keywords/logs/kw_search_20251210_073513.log
2025-12-10 07:35:13,474 - INFO - ============================================================
2025-12-10 07:35:13,474 - INFO - AUTOMATIC KEYWORD RESEARCH TOOL
2025-12-10 07:35:13,474 - INFO - ============================================================
2025-12-10 07:35:13,684 - INFO - ========================================
2025-12-10 07:35:13,684 - INFO - Found 14 niches to process: xiaomi, iphone, samsung, apple, sony, asus, philips, sandisk, intel, nvidia, amd, canon, nikon, huawei
2025-12-10 07:35:13,684 - INFO - ========================================
2025-12-10 07:35:13,684 - INFO - Continuing from last processed niche: iphone
2025-12-10 07:35:13,684 - INFO - ========================================
2025-12-10 07:35:13,684 - INFO - 🎯 PROCESSING NICHE 3/14: 'samsung'
2025-12-10 07:35:13,684 - INFO - ========================================
2025-12-10 07:35:13,684 - INFO - 📁 Niche directory: /home/runner/work/potensitech.com/potensitech.com/languages/english/keywords/samsung
2025-12-10 07:35:13,685 - INFO - Selected region: us
2025-12-10 07:35:13,685 - INFO - Selected language: en
2025-12-10 07:35:13,685 - INFO - 🎯 Current niche: samsung
2025-12-10 07:35:17,079 - INFO - 🎯 Niche terms for filtering: samsung, cheap, best, latest, review, price, sell, buy, recommendation, tips, tutorial, guide, how to, vs, versus, compared to, comparison, alternatives, which is better, expensive, discount, deals, sale, affordable, cost, online, offline, marketplace, store, shop, retailer, where to buy, worst, quality, original, genuine, fake, replica, authentic, brand, manufacturer, company, product, samsung product, sell samsung, buy samsung, cheap samsung, best samsung, samsung review, where to buy samsung, how to choose samsung, top samsung, samsung guide, samsung for sale, samsung deals
2025-12-10 07:35:17,080 - INFO - Generated 50 niche-clue pairs for 'samsung'.
2025-12-10 07:35:17,083 - INFO - Expanded 50 seed keywords to 218 variations
2025-12-10 07:35:17,083 - INFO - 🔧 Request Handler initialized - Success rate: 100.0%
2025-12-10 07:39:42,330 - INFO - Original clue keywords: dslr photography, camera lenses
2025-12-10 07:39:42,330 - INFO - Niche-focused seeds: dslr photography samsung, samsung dslr photography, dslr photography cheap, cheap dslr photography, dslr photography best, best dslr photography, dslr photography latest, latest dslr photography, dslr photography review, review dslr photography, dslr photography price, price dslr photography, dslr photography sell, sell dslr photography, dslr photography buy, buy dslr photography, dslr photography recommendation, recommendation dslr photography, dslr photography tips, tips dslr photography, dslr photography tutorial, tutorial dslr photography, dslr photography guide, guide dslr photography, dslr photography how to, how to dslr photography, dslr photography vs, vs dslr photography, dslr photography versus, versus dslr photography, dslr photography compared to, compared to dslr photography, dslr photography comparison, comparison dslr photography, dslr photography alternatives, alternatives dslr photography, dslr photography which is better, which is better dslr photography, dslr photography expensive, expensive dslr photography, dslr photography discount, discount dslr photography, dslr photography deals, deals dslr photography, dslr photography sale, sale dslr photography, dslr photography affordable, affordable dslr photography, dslr photography cost, cost dslr photography, dslr photography online, online dslr photography, dslr photography offline, offline dslr photography, dslr photography marketplace, marketplace dslr photography, dslr photography store, store dslr photography, dslr photography shop, shop dslr photography, dslr photography retailer, retailer dslr photography, dslr photography where to buy, where to buy dslr photography, dslr photography worst, worst dslr photography, dslr photography quality, quality dslr photography, dslr photography original, original dslr photography, dslr photography genuine, genuine dslr photography, dslr photography fake, fake dslr photography, dslr photography replica, replica dslr photography, dslr photography authentic, authentic dslr photography, dslr photography brand, brand dslr photography, dslr photography manufacturer, manufacturer dslr photography, dslr photography company, company dslr photography, dslr photography product, product dslr photography, dslr photography samsung product, samsung product dslr photography, dslr photography sell samsung, sell samsung dslr photography, dslr photography buy samsung, buy samsung dslr photography, dslr photography cheap samsung, cheap samsung dslr photography, dslr photography best samsung, best samsung dslr photography, dslr photography samsung review, samsung review dslr photography, dslr photography where to buy samsung, where to buy samsung dslr photography, dslr photography how to choose samsung, how to choose samsung dslr photography, dslr photography top samsung, top samsung dslr photography, dslr photography samsung guide, samsung guide dslr photography, dslr photography samsung for sale, samsung for sale dslr photography, dslr photography samsung deals, samsung deals dslr photography, camera lenses samsung, samsung camera lenses, camera lenses cheap, cheap camera lenses, camera lenses best, best camera lenses, camera lenses latest, latest camera lenses, camera lenses review, review camera lenses, camera lenses price, price camera lenses, camera lenses sell, sell camera lenses, camera lenses buy, buy camera lenses, camera lenses recommendation, recommendation camera lenses, camera lenses tips, tips camera lenses, camera lenses tutorial, tutorial camera lenses, camera lenses guide, guide camera lenses, camera lenses how to, how to camera lenses, camera lenses vs, vs camera lenses, camera lenses versus, versus camera lenses, camera lenses compared to, compared to camera lenses, camera lenses comparison, comparison camera lenses, camera lenses alternatives, alternatives camera lenses, camera lenses which is better, which is better camera lenses, camera lenses expensive, expensive camera lenses, camera lenses discount, discount camera lenses, camera lenses deals, deals camera lenses, camera lenses sale, sale camera lenses, camera lenses affordable, affordable camera lenses, camera lenses cost, cost camera lenses, camera lenses online, online camera lenses, camera lenses offline, offline camera lenses, camera lenses marketplace, marketplace camera lenses, camera lenses store, store camera lenses, camera lenses shop, shop camera lenses, camera lenses retailer, retailer camera lenses, camera lenses where to buy, where to buy camera lenses, camera lenses worst, worst camera lenses, camera lenses quality, quality camera lenses, camera lenses original, original camera lenses, camera lenses genuine, genuine camera lenses, camera lenses fake, fake camera lenses, camera lenses replica, replica camera lenses, camera lenses authentic, authentic camera lenses, camera lenses brand, brand camera lenses, camera lenses manufacturer, manufacturer camera lenses, camera lenses company, company camera lenses, camera lenses product, product camera lenses, camera lenses samsung product, samsung product camera lenses, camera lenses sell samsung, sell samsung camera lenses, camera lenses buy samsung, buy samsung camera lenses, camera lenses cheap samsung, cheap samsung camera lenses, camera lenses best samsung, best samsung camera lenses, camera lenses samsung review, samsung review camera lenses, camera lenses where to buy samsung, where to buy samsung camera lenses, camera lenses how to choose samsung, how to choose samsung camera lenses, camera lenses top samsung, top samsung camera lenses, camera lenses samsung guide, samsung guide camera lenses, camera lenses samsung for sale, samsung for sale camera lenses, camera lenses samsung deals, samsung deals camera lenses
2025-12-10 07:39:42,333 - INFO - Expanded 220 seed keywords to 385 variations
2025-12-10 07:39:42,333 - INFO - Language: en
2025-12-10 07:39:42,333 - INFO - Region: us
2025-12-10 07:40:14,247 - INFO - 🎯 After all filtering for 'samsung': 120 relevant keywords
2025-12-10 07:40:15,091 - INFO - 🎯 Found 5 new keywords for niche 'samsung': samsung affordable camera lenses, samsung affordable dslr photography, cheap alternatives dslr photography, best authentic dslr photography, how to brand dslr photography
2025-12-10 07:40:24,336 - INFO - ✅ Niche 'samsung' process complete! 263 total keyword results.
2025-12-10 07:40:24,337 - INFO - ✅ Completed processing niche: 'samsung'
2025-12-10 07:40:24,337 - INFO - 🔧 Request Handler final stats - Success rate: 100.0%
2025-12-10 07:40:24,337 - INFO -    Total requests: 54923, Blocks: 0
2025-12-10 07:40:24,338 - INFO - 
========================================
2025-12-10 07:40:24,338 - INFO - Process Summary:
2025-12-10 07:40:24,338 - INFO - - Current niche: 'samsung'
2025-12-10 07:40:24,338 - INFO - - Next niche will be: 'apple'
2025-12-10 07:40:24,338 - INFO - - Keywords saved in: languages/english/keywords/samsung/
2025-12-10 07:40:24,339 - INFO - ========================================
