2025-11-12 02:05:09,635 - INFO - Log file created at: /home/runner/work/potensitech.com/potensitech.com/languages/english/keywords/logs/kw_search_20251112_020509.log
2025-11-12 02:05:09,635 - INFO - ============================================================
2025-11-12 02:05:09,635 - INFO - AUTOMATIC KEYWORD RESEARCH TOOL
2025-11-12 02:05:09,635 - INFO - ============================================================
2025-11-12 02:05:09,841 - INFO - ========================================
2025-11-12 02:05:09,841 - INFO - Found 14 niches to process: xiaomi, iphone, samsung, apple, sony, asus, philips, sandisk, intel, nvidia, amd, canon, nikon, huawei
2025-11-12 02:05:09,841 - INFO - ========================================
2025-11-12 02:05:09,841 - INFO - Continuing from last processed niche: nikon
2025-11-12 02:05:09,841 - INFO - ========================================
2025-11-12 02:05:09,842 - INFO - 🎯 PROCESSING NICHE 14/14: 'huawei'
2025-11-12 02:05:09,842 - INFO - ========================================
2025-11-12 02:05:09,842 - INFO - 📁 Niche directory: /home/runner/work/potensitech.com/potensitech.com/languages/english/keywords/huawei
2025-11-12 02:05:09,842 - INFO - Selected region: us
2025-11-12 02:05:09,842 - INFO - Selected language: en
2025-11-12 02:05:09,842 - INFO - 🎯 Current niche: huawei
2025-11-12 02:05:14,246 - INFO - 🎯 Niche terms for filtering: huawei, cheap, best, latest, review, price, sell, buy, recommendation, tips, tutorial, guide, how to, vs, versus, compared to, comparison, alternatives, which is better, expensive, discount, deals, sale, affordable, cost, online, offline, marketplace, store, shop, retailer, where to buy, worst, quality, original, genuine, fake, replica, authentic, brand, manufacturer, company, product, huawei product, sell huawei, buy huawei, cheap huawei, best huawei, huawei review, where to buy huawei, how to choose huawei, top huawei, huawei guide, huawei for sale, huawei deals
2025-11-12 02:05:14,247 - INFO - Generated 50 niche-clue pairs for 'huawei'.
2025-11-12 02:05:14,250 - INFO - Expanded 50 seed keywords to 218 variations
2025-11-12 02:05:14,250 - INFO - 🔧 Request Handler initialized - Success rate: 100.0%
2025-11-12 02:09:38,919 - INFO - Original clue keywords: mobile display
2025-11-12 02:09:38,919 - INFO - Niche-focused seeds: mobile display huawei, huawei mobile display, mobile display cheap, cheap mobile display, mobile display best, best mobile display, mobile display latest, latest mobile display, mobile display review, review mobile display, mobile display price, price mobile display, mobile display sell, sell mobile display, mobile display buy, buy mobile display, mobile display recommendation, recommendation mobile display, mobile display tips, tips mobile display, mobile display tutorial, tutorial mobile display, mobile display guide, guide mobile display, mobile display how to, how to mobile display, mobile display vs, vs mobile display, mobile display versus, versus mobile display, mobile display compared to, compared to mobile display, mobile display comparison, comparison mobile display, mobile display alternatives, alternatives mobile display, mobile display which is better, which is better mobile display, mobile display expensive, expensive mobile display, mobile display discount, discount mobile display, mobile display deals, deals mobile display, mobile display sale, sale mobile display, mobile display affordable, affordable mobile display, mobile display cost, cost mobile display, mobile display online, online mobile display, mobile display offline, offline mobile display, mobile display marketplace, marketplace mobile display, mobile display store, store mobile display, mobile display shop, shop mobile display, mobile display retailer, retailer mobile display, mobile display where to buy, where to buy mobile display, mobile display worst, worst mobile display, mobile display quality, quality mobile display, mobile display original, original mobile display, mobile display genuine, genuine mobile display, mobile display fake, fake mobile display, mobile display replica, replica mobile display, mobile display authentic, authentic mobile display, mobile display brand, brand mobile display, mobile display manufacturer, manufacturer mobile display, mobile display company, company mobile display, mobile display product, product mobile display, mobile display huawei product, huawei product mobile display, mobile display sell huawei, sell huawei mobile display, mobile display buy huawei, buy huawei mobile display, mobile display cheap huawei, cheap huawei mobile display, mobile display best huawei, best huawei mobile display, mobile display huawei review, huawei review mobile display, mobile display where to buy huawei, where to buy huawei mobile display, mobile display how to choose huawei, how to choose huawei mobile display, mobile display top huawei, top huawei mobile display, mobile display huawei guide, huawei guide mobile display, mobile display huawei for sale, huawei for sale mobile display, mobile display huawei deals, huawei deals mobile display
2025-11-12 02:09:38,923 - INFO - Expanded 110 seed keywords to 275 variations
2025-11-12 02:09:38,923 - INFO - Language: en
2025-11-12 02:09:38,923 - INFO - Region: us
2025-11-12 02:14:13,235 - INFO - 🎯 After all filtering for 'huawei': 120 relevant keywords
2025-11-12 02:14:14,480 - INFO - 🎯 Found 4 new keywords for niche 'huawei': huawei affordable mobile display, cheap alternatives mobile display, best authentic mobile display, how to brand mobile display
2025-11-12 02:14:23,607 - INFO - ✅ Niche 'huawei' process complete! 235 total keyword results.
2025-11-12 02:14:23,608 - INFO - ✅ Completed processing niche: 'huawei'
2025-11-12 02:14:23,608 - INFO - 🔧 Request Handler final stats - Success rate: 100.0%
2025-11-12 02:14:23,608 - INFO -    Total requests: 40766, Blocks: 0
2025-11-12 02:14:23,609 - INFO - 
========================================
2025-11-12 02:14:23,609 - INFO - Process Summary:
2025-11-12 02:14:23,609 - INFO - - Current niche: 'huawei'
2025-11-12 02:14:23,609 - INFO - - Next niche will be: 'xiaomi'
2025-11-12 02:14:23,609 - INFO - - Keywords saved in: languages/english/keywords/huawei/
2025-11-12 02:14:23,610 - INFO - ========================================
