2025-10-10 09:43:02,450 - INFO - Log file created at: /home/runner/work/potensitech.com/potensitech.com/languages/english/keywords/logs/kw_search_20251010_094302.log
2025-10-10 09:43:02,450 - INFO - ============================================================
2025-10-10 09:43:02,450 - INFO - AUTOMATIC KEYWORD RESEARCH TOOL
2025-10-10 09:43:02,450 - INFO - ============================================================
2025-10-10 09:43:02,602 - INFO - ========================================
2025-10-10 09:43:02,602 - INFO - Found 14 niches to process: xiaomi, iphone, samsung, apple, sony, asus, philips, sandisk, intel, nvidia, amd, canon, nikon, huawei
2025-10-10 09:43:02,602 - INFO - ========================================
2025-10-10 09:43:02,602 - INFO - Continuing from last processed niche: canon
2025-10-10 09:43:02,602 - INFO - ========================================
2025-10-10 09:43:02,603 - INFO - 🎯 PROCESSING NICHE 13/14: 'nikon'
2025-10-10 09:43:02,603 - INFO - ========================================
2025-10-10 09:43:02,603 - INFO - 📁 Niche directory: /home/runner/work/potensitech.com/potensitech.com/languages/english/keywords/nikon
2025-10-10 09:43:02,603 - INFO - Selected region: us
2025-10-10 09:43:02,603 - INFO - Selected language: en
2025-10-10 09:43:02,603 - INFO - 🎯 Current niche: nikon
2025-10-10 09:43:05,608 - INFO - 🎯 Niche terms for filtering: nikon, cheap, best, latest, review, price, sell, buy, recommendation, tips, tutorial, guide, how to, vs, versus, compared to, comparison, alternatives, which is better, expensive, discount, deals, sale, affordable, cost, online, offline, marketplace, store, shop, retailer, where to buy, worst, quality, original, genuine, fake, replica, authentic, brand, manufacturer, company, product, nikon product, sell nikon, buy nikon, cheap nikon, best nikon, nikon review, where to buy nikon, how to choose nikon, top nikon, nikon guide, nikon for sale, nikon deals
2025-10-10 09:43:05,608 - INFO - Generated 50 niche-clue pairs for 'nikon'.
2025-10-10 09:43:05,611 - INFO - Expanded 50 seed keywords to 218 variations
2025-10-10 09:43:05,611 - INFO - 🔧 Request Handler initialized - Success rate: 100.0%
2025-10-10 09:47:25,723 - INFO - Original clue keywords: performance boost, graphics card
2025-10-10 09:47:25,723 - INFO - Niche-focused seeds: performance boost nikon, nikon performance boost, performance boost cheap, cheap performance boost, performance boost best, best performance boost, performance boost latest, latest performance boost, performance boost review, review performance boost, performance boost price, price performance boost, performance boost sell, sell performance boost, performance boost buy, buy performance boost, performance boost recommendation, recommendation performance boost, performance boost tips, tips performance boost, performance boost tutorial, tutorial performance boost, performance boost guide, guide performance boost, performance boost how to, how to performance boost, performance boost vs, vs performance boost, performance boost versus, versus performance boost, performance boost compared to, compared to performance boost, performance boost comparison, comparison performance boost, performance boost alternatives, alternatives performance boost, performance boost which is better, which is better performance boost, performance boost expensive, expensive performance boost, performance boost discount, discount performance boost, performance boost deals, deals performance boost, performance boost sale, sale performance boost, performance boost affordable, affordable performance boost, performance boost cost, cost performance boost, performance boost online, online performance boost, performance boost offline, offline performance boost, performance boost marketplace, marketplace performance boost, performance boost store, store performance boost, performance boost shop, shop performance boost, performance boost retailer, retailer performance boost, performance boost where to buy, where to buy performance boost, performance boost worst, worst performance boost, performance boost quality, quality performance boost, performance boost original, original performance boost, performance boost genuine, genuine performance boost, performance boost fake, fake performance boost, performance boost replica, replica performance boost, performance boost authentic, authentic performance boost, performance boost brand, brand performance boost, performance boost manufacturer, manufacturer performance boost, performance boost company, company performance boost, performance boost product, product performance boost, performance boost nikon product, nikon product performance boost, performance boost sell nikon, sell nikon performance boost, performance boost buy nikon, buy nikon performance boost, performance boost cheap nikon, cheap nikon performance boost, performance boost best nikon, best nikon performance boost, performance boost nikon review, nikon review performance boost, performance boost where to buy nikon, where to buy nikon performance boost, performance boost how to choose nikon, how to choose nikon performance boost, performance boost top nikon, top nikon performance boost, performance boost nikon guide, nikon guide performance boost, performance boost nikon for sale, nikon for sale performance boost, performance boost nikon deals, nikon deals performance boost, graphics card nikon, nikon graphics card, graphics card cheap, cheap graphics card, graphics card best, best graphics card, graphics card latest, latest graphics card, graphics card review, review graphics card, graphics card price, price graphics card, graphics card sell, sell graphics card, graphics card buy, buy graphics card, graphics card recommendation, recommendation graphics card, graphics card tips, tips graphics card, graphics card tutorial, tutorial graphics card, graphics card guide, guide graphics card, graphics card how to, how to graphics card, graphics card vs, vs graphics card, graphics card versus, versus graphics card, graphics card compared to, compared to graphics card, graphics card comparison, comparison graphics card, graphics card alternatives, alternatives graphics card, graphics card which is better, which is better graphics card, graphics card expensive, expensive graphics card, graphics card discount, discount graphics card, graphics card deals, deals graphics card, graphics card sale, sale graphics card, graphics card affordable, affordable graphics card, graphics card cost, cost graphics card, graphics card online, online graphics card, graphics card offline, offline graphics card, graphics card marketplace, marketplace graphics card, graphics card store, store graphics card, graphics card shop, shop graphics card, graphics card retailer, retailer graphics card, graphics card where to buy, where to buy graphics card, graphics card worst, worst graphics card, graphics card quality, quality graphics card, graphics card original, original graphics card, graphics card genuine, genuine graphics card, graphics card fake, fake graphics card, graphics card replica, replica graphics card, graphics card authentic, authentic graphics card, graphics card brand, brand graphics card, graphics card manufacturer, manufacturer graphics card, graphics card company, company graphics card, graphics card product, product graphics card, graphics card nikon product, nikon product graphics card, graphics card sell nikon, sell nikon graphics card, graphics card buy nikon, buy nikon graphics card, graphics card cheap nikon, cheap nikon graphics card, graphics card best nikon, best nikon graphics card, graphics card nikon review, nikon review graphics card, graphics card where to buy nikon, where to buy nikon graphics card, graphics card how to choose nikon, how to choose nikon graphics card, graphics card top nikon, top nikon graphics card, graphics card nikon guide, nikon guide graphics card, graphics card nikon for sale, nikon for sale graphics card, graphics card nikon deals, nikon deals graphics card
2025-10-10 09:47:25,726 - INFO - Expanded 220 seed keywords to 385 variations
2025-10-10 09:47:25,726 - INFO - Language: en
2025-10-10 09:47:25,726 - INFO - Region: us
2025-10-10 09:49:37,133 - INFO - 🎯 After all filtering for 'nikon': 120 relevant keywords
2025-10-10 09:49:37,368 - INFO - 🎯 Found 5 new keywords for niche 'nikon': nikon affordable graphics card, nikon affordable performance boost, cheap alternatives graphics card, cheap alternatives performance boost, best authentic graphics card
2025-10-10 09:49:48,259 - INFO - ✅ Niche 'nikon' process complete! 140 total keyword results.
2025-10-10 09:49:48,260 - INFO - ✅ Completed processing niche: 'nikon'
2025-10-10 09:49:48,260 - INFO - 🔧 Request Handler final stats - Success rate: 100.0%
2025-10-10 09:49:48,260 - INFO -    Total requests: 22982, Blocks: 0
2025-10-10 09:49:48,261 - INFO - 
========================================
2025-10-10 09:49:48,261 - INFO - Process Summary:
2025-10-10 09:49:48,261 - INFO - - Current niche: 'nikon'
2025-10-10 09:49:48,261 - INFO - - Next niche will be: 'huawei'
2025-10-10 09:49:48,261 - INFO - - Keywords saved in: languages/english/keywords/nikon/
2025-10-10 09:49:48,261 - INFO - ========================================
