2025-09-21 12:28:50,406 - INFO - Log file created at: /home/runner/work/potensitech.com/potensitech.com/languages/english/keywords/logs/kw_search_20250921_122850.log
2025-09-21 12:28:50,406 - INFO - ============================================================
2025-09-21 12:28:50,406 - INFO - AUTOMATIC KEYWORD RESEARCH TOOL
2025-09-21 12:28:50,407 - INFO - ============================================================
2025-09-21 12:28:50,523 - INFO - ========================================
2025-09-21 12:28:50,523 - INFO - Found 14 niches to process: xiaomi, iphone, samsung, apple, sony, asus, philips, sandisk, intel, nvidia, amd, canon, nikon, huawei
2025-09-21 12:28:50,523 - INFO - ========================================
2025-09-21 12:28:50,523 - INFO - Continuing from last processed niche: sony
2025-09-21 12:28:50,523 - INFO - ========================================
2025-09-21 12:28:50,523 - INFO - 🎯 PROCESSING NICHE 6/14: 'asus'
2025-09-21 12:28:50,523 - INFO - ========================================
2025-09-21 12:28:50,523 - INFO - 📁 Niche directory: /home/runner/work/potensitech.com/potensitech.com/languages/english/keywords/asus
2025-09-21 12:28:50,523 - INFO - Selected region: us
2025-09-21 12:28:50,524 - INFO - Selected language: en
2025-09-21 12:28:50,524 - INFO - 🎯 Current niche: asus
2025-09-21 12:28:55,351 - INFO - 🎯 Niche terms for filtering: asus, cheap, best, latest, review, price, sell, buy, recommendation, tips, tutorial, guide, how to, vs, versus, compared to, comparison, alternatives, which is better, expensive, discount, deals, sale, affordable, cost, online, offline, marketplace, store, shop, retailer, where to buy, worst, quality, original, genuine, fake, replica, authentic, brand, manufacturer, company, product, asus product, sell asus, buy asus, cheap asus, best asus, asus review, where to buy asus, how to choose asus, top asus, asus guide, asus for sale, asus deals
2025-09-21 12:28:55,351 - INFO - Generated 50 niche-clue pairs for 'asus'.
2025-09-21 12:28:55,354 - INFO - Expanded 50 seed keywords to 218 variations
2025-09-21 12:28:55,354 - INFO - 🔧 Request Handler initialized - Success rate: 100.0%
2025-09-21 12:33:18,004 - INFO - Original clue keywords: mobile performance, sleek design
2025-09-21 12:33:18,004 - INFO - Niche-focused seeds: mobile performance asus, asus mobile performance, mobile performance cheap, cheap mobile performance, mobile performance best, best mobile performance, mobile performance latest, latest mobile performance, mobile performance review, review mobile performance, mobile performance price, price mobile performance, mobile performance sell, sell mobile performance, mobile performance buy, buy mobile performance, mobile performance recommendation, recommendation mobile performance, mobile performance tips, tips mobile performance, mobile performance tutorial, tutorial mobile performance, mobile performance guide, guide mobile performance, mobile performance how to, how to mobile performance, mobile performance vs, vs mobile performance, mobile performance versus, versus mobile performance, mobile performance compared to, compared to mobile performance, mobile performance comparison, comparison mobile performance, mobile performance alternatives, alternatives mobile performance, mobile performance which is better, which is better mobile performance, mobile performance expensive, expensive mobile performance, mobile performance discount, discount mobile performance, mobile performance deals, deals mobile performance, mobile performance sale, sale mobile performance, mobile performance affordable, affordable mobile performance, mobile performance cost, cost mobile performance, mobile performance online, online mobile performance, mobile performance offline, offline mobile performance, mobile performance marketplace, marketplace mobile performance, mobile performance store, store mobile performance, mobile performance shop, shop mobile performance, mobile performance retailer, retailer mobile performance, mobile performance where to buy, where to buy mobile performance, mobile performance worst, worst mobile performance, mobile performance quality, quality mobile performance, mobile performance original, original mobile performance, mobile performance genuine, genuine mobile performance, mobile performance fake, fake mobile performance, mobile performance replica, replica mobile performance, mobile performance authentic, authentic mobile performance, mobile performance brand, brand mobile performance, mobile performance manufacturer, manufacturer mobile performance, mobile performance company, company mobile performance, mobile performance product, product mobile performance, mobile performance asus product, asus product mobile performance, mobile performance sell asus, sell asus mobile performance, mobile performance buy asus, buy asus mobile performance, mobile performance cheap asus, cheap asus mobile performance, mobile performance best asus, best asus mobile performance, mobile performance asus review, asus review mobile performance, mobile performance where to buy asus, where to buy asus mobile performance, mobile performance how to choose asus, how to choose asus mobile performance, mobile performance top asus, top asus mobile performance, mobile performance asus guide, asus guide mobile performance, mobile performance asus for sale, asus for sale mobile performance, mobile performance asus deals, asus deals mobile performance, sleek design asus, asus sleek design, sleek design cheap, cheap sleek design, sleek design best, best sleek design, sleek design latest, latest sleek design, sleek design review, review sleek design, sleek design price, price sleek design, sleek design sell, sell sleek design, sleek design buy, buy sleek design, sleek design recommendation, recommendation sleek design, sleek design tips, tips sleek design, sleek design tutorial, tutorial sleek design, sleek design guide, guide sleek design, sleek design how to, how to sleek design, sleek design vs, vs sleek design, sleek design versus, versus sleek design, sleek design compared to, compared to sleek design, sleek design comparison, comparison sleek design, sleek design alternatives, alternatives sleek design, sleek design which is better, which is better sleek design, sleek design expensive, expensive sleek design, sleek design discount, discount sleek design, sleek design deals, deals sleek design, sleek design sale, sale sleek design, sleek design affordable, affordable sleek design, sleek design cost, cost sleek design, sleek design online, online sleek design, sleek design offline, offline sleek design, sleek design marketplace, marketplace sleek design, sleek design store, store sleek design, sleek design shop, shop sleek design, sleek design retailer, retailer sleek design, sleek design where to buy, where to buy sleek design, sleek design worst, worst sleek design, sleek design quality, quality sleek design, sleek design original, original sleek design, sleek design genuine, genuine sleek design, sleek design fake, fake sleek design, sleek design replica, replica sleek design, sleek design authentic, authentic sleek design, sleek design brand, brand sleek design, sleek design manufacturer, manufacturer sleek design, sleek design company, company sleek design, sleek design product, product sleek design, sleek design asus product, asus product sleek design, sleek design sell asus, sell asus sleek design, sleek design buy asus, buy asus sleek design, sleek design cheap asus, cheap asus sleek design, sleek design best asus, best asus sleek design, sleek design asus review, asus review sleek design, sleek design where to buy asus, where to buy asus sleek design, sleek design how to choose asus, how to choose asus sleek design, sleek design top asus, top asus sleek design, sleek design asus guide, asus guide sleek design, sleek design asus for sale, asus for sale sleek design, sleek design asus deals, asus deals sleek design
2025-09-21 12:33:18,007 - INFO - Expanded 220 seed keywords to 385 variations
2025-09-21 12:33:18,007 - INFO - Language: en
2025-09-21 12:33:18,007 - INFO - Region: us
2025-09-21 12:37:47,115 - INFO - 🎯 After all filtering for 'asus': 120 relevant keywords
2025-09-21 12:37:47,175 - INFO - 🎯 Found 5 new keywords for niche 'asus': asus affordable mobile performance, asus affordable sleek design, cheap alternatives mobile performance, cheap alternatives sleek design, best authentic mobile performance
2025-09-21 12:37:55,138 - INFO - ✅ Niche 'asus' process complete! 39 total keyword results.
2025-09-21 12:37:55,138 - INFO - ✅ Completed processing niche: 'asus'
2025-09-21 12:37:55,138 - INFO - 🔧 Request Handler final stats - Success rate: 100.0%
2025-09-21 12:37:55,138 - INFO -    Total requests: 8924, Blocks: 0
2025-09-21 12:37:55,139 - INFO - 
========================================
2025-09-21 12:37:55,140 - INFO - Process Summary:
2025-09-21 12:37:55,140 - INFO - - Current niche: 'asus'
2025-09-21 12:37:55,140 - INFO - - Next niche will be: 'philips'
2025-09-21 12:37:55,140 - INFO - - Keywords saved in: languages/english/keywords/asus/
2025-09-21 12:37:55,140 - INFO - ========================================
