2025-10-03 01:54:22,087 - INFO - Log file created at: /home/runner/work/potensitech.com/potensitech.com/languages/english/keywords/logs/kw_search_20251003_015422.log
2025-10-03 01:54:22,087 - INFO - ============================================================
2025-10-03 01:54:22,087 - INFO - AUTOMATIC KEYWORD RESEARCH TOOL
2025-10-03 01:54:22,087 - INFO - ============================================================
2025-10-03 01:54:22,338 - INFO - ========================================
2025-10-03 01:54:22,338 - INFO - Found 14 niches to process: xiaomi, iphone, samsung, apple, sony, asus, philips, sandisk, intel, nvidia, amd, canon, nikon, huawei
2025-10-03 01:54:22,338 - INFO - ========================================
2025-10-03 01:54:22,338 - INFO - Continuing from last processed niche: sandisk
2025-10-03 01:54:22,338 - INFO - ========================================
2025-10-03 01:54:22,338 - INFO - 🎯 PROCESSING NICHE 9/14: 'intel'
2025-10-03 01:54:22,338 - INFO - ========================================
2025-10-03 01:54:22,338 - INFO - 📁 Niche directory: /home/runner/work/potensitech.com/potensitech.com/languages/english/keywords/intel
2025-10-03 01:54:22,338 - INFO - Selected region: us
2025-10-03 01:54:22,338 - INFO - Selected language: en
2025-10-03 01:54:22,338 - INFO - 🎯 Current niche: intel
2025-10-03 01:54:25,981 - INFO - 🎯 Niche terms for filtering: intel, cheap, best, latest, review, price, sell, buy, recommendation, tips, tutorial, guide, how to, vs, versus, compared to, comparison, alternatives, which is better, expensive, discount, deals, sale, affordable, cost, online, offline, marketplace, store, shop, retailer, where to buy, worst, quality, original, genuine, fake, replica, authentic, brand, manufacturer, company, product, intel product, sell intel, buy intel, cheap intel, best intel, intel review, where to buy intel, how to choose intel, top intel, intel guide, intel for sale, intel deals
2025-10-03 01:54:25,981 - INFO - Generated 50 niche-clue pairs for 'intel'.
2025-10-03 01:54:25,984 - INFO - Expanded 50 seed keywords to 218 variations
2025-10-03 01:54:25,985 - INFO - 🔧 Request Handler initialized - Success rate: 100.0%
2025-10-03 01:58:49,993 - INFO - Original clue keywords: image quality, flash drive
2025-10-03 01:58:49,993 - INFO - Niche-focused seeds: image quality, flash drive intel, intel flash drive, flash drive cheap, cheap flash drive, flash drive best, best flash drive, flash drive latest, latest flash drive, flash drive review, review flash drive, flash drive price, price flash drive, flash drive sell, sell flash drive, flash drive buy, buy flash drive, flash drive recommendation, recommendation flash drive, flash drive tips, tips flash drive, flash drive tutorial, tutorial flash drive, flash drive guide, guide flash drive, flash drive how to, how to flash drive, flash drive vs, vs flash drive, flash drive versus, versus flash drive, flash drive compared to, compared to flash drive, flash drive comparison, comparison flash drive, flash drive alternatives, alternatives flash drive, flash drive which is better, which is better flash drive, flash drive expensive, expensive flash drive, flash drive discount, discount flash drive, flash drive deals, deals flash drive, flash drive sale, sale flash drive, flash drive affordable, affordable flash drive, flash drive cost, cost flash drive, flash drive online, online flash drive, flash drive offline, offline flash drive, flash drive marketplace, marketplace flash drive, flash drive store, store flash drive, flash drive shop, shop flash drive, flash drive retailer, retailer flash drive, flash drive where to buy, where to buy flash drive, flash drive worst, worst flash drive, flash drive quality, quality flash drive, flash drive original, original flash drive, flash drive genuine, genuine flash drive, flash drive fake, fake flash drive, flash drive replica, replica flash drive, flash drive authentic, authentic flash drive, flash drive brand, brand flash drive, flash drive manufacturer, manufacturer flash drive, flash drive company, company flash drive, flash drive product, product flash drive, flash drive intel product, intel product flash drive, flash drive sell intel, sell intel flash drive, flash drive buy intel, buy intel flash drive, flash drive cheap intel, cheap intel flash drive, flash drive best intel, best intel flash drive, flash drive intel review, intel review flash drive, flash drive where to buy intel, where to buy intel flash drive, flash drive how to choose intel, how to choose intel flash drive, flash drive top intel, top intel flash drive, flash drive intel guide, intel guide flash drive, flash drive intel for sale, intel for sale flash drive, flash drive intel deals, intel deals flash drive
2025-10-03 01:58:49,996 - INFO - Expanded 111 seed keywords to 276 variations
2025-10-03 01:58:49,996 - INFO - Language: en
2025-10-03 01:58:49,996 - INFO - Region: us
2025-10-03 02:01:12,349 - INFO - 🎯 After all filtering for 'intel': 120 relevant keywords
2025-10-03 02:01:12,373 - INFO - 🎯 Found 5 new keywords for niche 'intel': intel image quality, cheap image quality, best image quality, how to image quality, intel affordable flash drive
2025-10-03 02:01:19,064 - INFO - ✅ Niche 'intel' process complete! 95 total keyword results.
2025-10-03 02:01:19,064 - INFO - ✅ Completed processing niche: 'intel'
2025-10-03 02:01:19,064 - INFO - 🔧 Request Handler final stats - Success rate: 100.0%
2025-10-03 02:01:19,064 - INFO -    Total requests: 17294, Blocks: 0
2025-10-03 02:01:19,065 - INFO - 
========================================
2025-10-03 02:01:19,066 - INFO - Process Summary:
2025-10-03 02:01:19,066 - INFO - - Current niche: 'intel'
2025-10-03 02:01:19,066 - INFO - - Next niche will be: 'nvidia'
2025-10-03 02:01:19,066 - INFO - - Keywords saved in: languages/english/keywords/intel/
2025-10-03 02:01:19,066 - INFO - ========================================
