2025-10-08 12:33:49,488 - INFO - Log file created at: /home/runner/work/potensitech.com/potensitech.com/languages/english/keywords/logs/kw_search_20251008_123349.log
2025-10-08 12:33:49,488 - INFO - ============================================================
2025-10-08 12:33:49,488 - INFO - AUTOMATIC KEYWORD RESEARCH TOOL
2025-10-08 12:33:49,488 - INFO - ============================================================
2025-10-08 12:33:49,650 - INFO - ========================================
2025-10-08 12:33:49,650 - INFO - Found 14 niches to process: xiaomi, iphone, samsung, apple, sony, asus, philips, sandisk, intel, nvidia, amd, canon, nikon, huawei
2025-10-08 12:33:49,650 - INFO - ========================================
2025-10-08 12:33:49,650 - INFO - Continuing from last processed niche: philips
2025-10-08 12:33:49,650 - INFO - ========================================
2025-10-08 12:33:49,650 - INFO - 🎯 PROCESSING NICHE 8/14: 'sandisk'
2025-10-08 12:33:49,651 - INFO - ========================================
2025-10-08 12:33:49,651 - INFO - 📁 Niche directory: /home/runner/work/potensitech.com/potensitech.com/languages/english/keywords/sandisk
2025-10-08 12:33:49,651 - INFO - Selected region: us
2025-10-08 12:33:49,651 - INFO - Selected language: en
2025-10-08 12:33:49,651 - INFO - 🎯 Current niche: sandisk
2025-10-08 12:33:52,914 - INFO - 🎯 Niche terms for filtering: sandisk, cheap, best, latest, review, price, sell, buy, recommendation, tips, tutorial, guide, how to, vs, versus, compared to, comparison, alternatives, which is better, expensive, discount, deals, sale, affordable, cost, online, offline, marketplace, store, shop, retailer, where to buy, worst, quality, original, genuine, fake, replica, authentic, brand, manufacturer, company, product, sandisk product, sell sandisk, buy sandisk, cheap sandisk, best sandisk, sandisk review, where to buy sandisk, how to choose sandisk, top sandisk, sandisk guide, sandisk for sale, sandisk deals
2025-10-08 12:33:52,914 - INFO - Generated 50 niche-clue pairs for 'sandisk'.
2025-10-08 12:33:52,917 - INFO - Expanded 50 seed keywords to 218 variations
2025-10-08 12:33:52,918 - INFO - 🔧 Request Handler initialized - Success rate: 100.0%
2025-10-08 12:38:18,474 - INFO - Original clue keywords: storage capacity, flash drive
2025-10-08 12:38:18,475 - INFO - Niche-focused seeds: storage capacity sandisk, sandisk storage capacity, storage capacity cheap, cheap storage capacity, storage capacity best, best storage capacity, storage capacity latest, latest storage capacity, storage capacity review, review storage capacity, storage capacity price, price storage capacity, storage capacity sell, sell storage capacity, storage capacity buy, buy storage capacity, storage capacity recommendation, recommendation storage capacity, storage capacity tips, tips storage capacity, storage capacity tutorial, tutorial storage capacity, storage capacity guide, guide storage capacity, storage capacity how to, how to storage capacity, storage capacity vs, vs storage capacity, storage capacity versus, versus storage capacity, storage capacity compared to, compared to storage capacity, storage capacity comparison, comparison storage capacity, storage capacity alternatives, alternatives storage capacity, storage capacity which is better, which is better storage capacity, storage capacity expensive, expensive storage capacity, storage capacity discount, discount storage capacity, storage capacity deals, deals storage capacity, storage capacity sale, sale storage capacity, storage capacity affordable, affordable storage capacity, storage capacity cost, cost storage capacity, storage capacity online, online storage capacity, storage capacity offline, offline storage capacity, storage capacity marketplace, marketplace storage capacity, storage capacity store, store storage capacity, storage capacity shop, shop storage capacity, storage capacity retailer, retailer storage capacity, storage capacity where to buy, where to buy storage capacity, storage capacity worst, worst storage capacity, storage capacity quality, quality storage capacity, storage capacity original, original storage capacity, storage capacity genuine, genuine storage capacity, storage capacity fake, fake storage capacity, storage capacity replica, replica storage capacity, storage capacity authentic, authentic storage capacity, storage capacity brand, brand storage capacity, storage capacity manufacturer, manufacturer storage capacity, storage capacity company, company storage capacity, storage capacity product, product storage capacity, storage capacity sandisk product, sandisk product storage capacity, storage capacity sell sandisk, sell sandisk storage capacity, storage capacity buy sandisk, buy sandisk storage capacity, storage capacity cheap sandisk, cheap sandisk storage capacity, storage capacity best sandisk, best sandisk storage capacity, storage capacity sandisk review, sandisk review storage capacity, storage capacity where to buy sandisk, where to buy sandisk storage capacity, storage capacity how to choose sandisk, how to choose sandisk storage capacity, storage capacity top sandisk, top sandisk storage capacity, storage capacity sandisk guide, sandisk guide storage capacity, storage capacity sandisk for sale, sandisk for sale storage capacity, storage capacity sandisk deals, sandisk deals storage capacity, flash drive sandisk, sandisk flash drive, flash drive cheap, cheap flash drive, flash drive best, best flash drive, flash drive latest, latest flash drive, flash drive review, review flash drive, flash drive price, price flash drive, flash drive sell, sell flash drive, flash drive buy, buy flash drive, flash drive recommendation, recommendation flash drive, flash drive tips, tips flash drive, flash drive tutorial, tutorial flash drive, flash drive guide, guide flash drive, flash drive how to, how to flash drive, flash drive vs, vs flash drive, flash drive versus, versus flash drive, flash drive compared to, compared to flash drive, flash drive comparison, comparison flash drive, flash drive alternatives, alternatives flash drive, flash drive which is better, which is better flash drive, flash drive expensive, expensive flash drive, flash drive discount, discount flash drive, flash drive deals, deals flash drive, flash drive sale, sale flash drive, flash drive affordable, affordable flash drive, flash drive cost, cost flash drive, flash drive online, online flash drive, flash drive offline, offline flash drive, flash drive marketplace, marketplace flash drive, flash drive store, store flash drive, flash drive shop, shop flash drive, flash drive retailer, retailer flash drive, flash drive where to buy, where to buy flash drive, flash drive worst, worst flash drive, flash drive quality, quality flash drive, flash drive original, original flash drive, flash drive genuine, genuine flash drive, flash drive fake, fake flash drive, flash drive replica, replica flash drive, flash drive authentic, authentic flash drive, flash drive brand, brand flash drive, flash drive manufacturer, manufacturer flash drive, flash drive company, company flash drive, flash drive product, product flash drive, flash drive sandisk product, sandisk product flash drive, flash drive sell sandisk, sell sandisk flash drive, flash drive buy sandisk, buy sandisk flash drive, flash drive cheap sandisk, cheap sandisk flash drive, flash drive best sandisk, best sandisk flash drive, flash drive sandisk review, sandisk review flash drive, flash drive where to buy sandisk, where to buy sandisk flash drive, flash drive how to choose sandisk, how to choose sandisk flash drive, flash drive top sandisk, top sandisk flash drive, flash drive sandisk guide, sandisk guide flash drive, flash drive sandisk for sale, sandisk for sale flash drive, flash drive sandisk deals, sandisk deals flash drive
2025-10-08 12:38:18,478 - INFO - Expanded 220 seed keywords to 385 variations
2025-10-08 12:38:18,478 - INFO - Language: en
2025-10-08 12:38:18,478 - INFO - Region: us
2025-10-08 12:40:43,250 - INFO - 🎯 After all filtering for 'sandisk': 120 relevant keywords
2025-10-08 12:40:43,440 - INFO - 🎯 Found 5 new keywords for niche 'sandisk': sandisk affordable flash drive, sandisk affordable storage capacity, cheap alternatives storage capacity, best authentic storage capacity, how to brand storage capacity
2025-10-08 12:40:53,330 - INFO - ✅ Niche 'sandisk' process complete! 89 total keyword results.
2025-10-08 12:40:53,330 - INFO - ✅ Completed processing niche: 'sandisk'
2025-10-08 12:40:53,330 - INFO - 🔧 Request Handler final stats - Success rate: 100.0%
2025-10-08 12:40:53,330 - INFO -    Total requests: 21677, Blocks: 0
2025-10-08 12:40:53,332 - INFO - 
========================================
2025-10-08 12:40:53,332 - INFO - Process Summary:
2025-10-08 12:40:53,332 - INFO - - Current niche: 'sandisk'
2025-10-08 12:40:53,332 - INFO - - Next niche will be: 'intel'
2025-10-08 12:40:53,332 - INFO - - Keywords saved in: languages/english/keywords/sandisk/
2025-10-08 12:40:53,332 - INFO - ========================================
