2025-11-10 12:34:57,614 - INFO - Log file created at: /home/runner/work/potensitech.com/potensitech.com/languages/english/keywords/logs/kw_search_20251110_123457.log
2025-11-10 12:34:57,614 - INFO - ============================================================
2025-11-10 12:34:57,614 - INFO - AUTOMATIC KEYWORD RESEARCH TOOL
2025-11-10 12:34:57,614 - INFO - ============================================================
2025-11-10 12:34:57,793 - INFO - ========================================
2025-11-10 12:34:57,793 - INFO - Found 14 niches to process: xiaomi, iphone, samsung, apple, sony, asus, philips, sandisk, intel, nvidia, amd, canon, nikon, huawei
2025-11-10 12:34:57,793 - INFO - ========================================
2025-11-10 12:34:57,793 - INFO - Continuing from last processed niche: canon
2025-11-10 12:34:57,793 - INFO - ========================================
2025-11-10 12:34:57,793 - INFO - 🎯 PROCESSING NICHE 13/14: 'nikon'
2025-11-10 12:34:57,793 - INFO - ========================================
2025-11-10 12:34:57,793 - INFO - 📁 Niche directory: /home/runner/work/potensitech.com/potensitech.com/languages/english/keywords/nikon
2025-11-10 12:34:57,793 - INFO - Selected region: us
2025-11-10 12:34:57,793 - INFO - Selected language: en
2025-11-10 12:34:57,793 - INFO - 🎯 Current niche: nikon
2025-11-10 12:35:01,157 - INFO - 🎯 Niche terms for filtering: nikon, cheap, best, latest, review, price, sell, buy, recommendation, tips, tutorial, guide, how to, vs, versus, compared to, comparison, alternatives, which is better, expensive, discount, deals, sale, affordable, cost, online, offline, marketplace, store, shop, retailer, where to buy, worst, quality, original, genuine, fake, replica, authentic, brand, manufacturer, company, product, nikon product, sell nikon, buy nikon, cheap nikon, best nikon, nikon review, where to buy nikon, how to choose nikon, top nikon, nikon guide, nikon for sale, nikon deals
2025-11-10 12:35:01,158 - INFO - Generated 50 niche-clue pairs for 'nikon'.
2025-11-10 12:35:01,161 - INFO - Expanded 50 seed keywords to 218 variations
2025-11-10 12:35:01,161 - INFO - 🔧 Request Handler initialized - Success rate: 100.0%
2025-11-10 12:39:23,011 - INFO - Original clue keywords: processor performance, core efficiency
2025-11-10 12:39:23,011 - INFO - Niche-focused seeds: processor performance nikon, nikon processor performance, processor performance cheap, cheap processor performance, processor performance best, best processor performance, processor performance latest, latest processor performance, processor performance review, review processor performance, processor performance price, price processor performance, processor performance sell, sell processor performance, processor performance buy, buy processor performance, processor performance recommendation, recommendation processor performance, processor performance tips, tips processor performance, processor performance tutorial, tutorial processor performance, processor performance guide, guide processor performance, processor performance how to, how to processor performance, processor performance vs, vs processor performance, processor performance versus, versus processor performance, processor performance compared to, compared to processor performance, processor performance comparison, comparison processor performance, processor performance alternatives, alternatives processor performance, processor performance which is better, which is better processor performance, processor performance expensive, expensive processor performance, processor performance discount, discount processor performance, processor performance deals, deals processor performance, processor performance sale, sale processor performance, processor performance affordable, affordable processor performance, processor performance cost, cost processor performance, processor performance online, online processor performance, processor performance offline, offline processor performance, processor performance marketplace, marketplace processor performance, processor performance store, store processor performance, processor performance shop, shop processor performance, processor performance retailer, retailer processor performance, processor performance where to buy, where to buy processor performance, processor performance worst, worst processor performance, processor performance quality, quality processor performance, processor performance original, original processor performance, processor performance genuine, genuine processor performance, processor performance fake, fake processor performance, processor performance replica, replica processor performance, processor performance authentic, authentic processor performance, processor performance brand, brand processor performance, processor performance manufacturer, manufacturer processor performance, processor performance company, company processor performance, processor performance product, product processor performance, processor performance nikon product, nikon product processor performance, processor performance sell nikon, sell nikon processor performance, processor performance buy nikon, buy nikon processor performance, processor performance cheap nikon, cheap nikon processor performance, processor performance best nikon, best nikon processor performance, processor performance nikon review, nikon review processor performance, processor performance where to buy nikon, where to buy nikon processor performance, processor performance how to choose nikon, how to choose nikon processor performance, processor performance top nikon, top nikon processor performance, processor performance nikon guide, nikon guide processor performance, processor performance nikon for sale, nikon for sale processor performance, processor performance nikon deals, nikon deals processor performance, core efficiency nikon, nikon core efficiency, core efficiency cheap, cheap core efficiency, core efficiency best, best core efficiency, core efficiency latest, latest core efficiency, core efficiency review, review core efficiency, core efficiency price, price core efficiency, core efficiency sell, sell core efficiency, core efficiency buy, buy core efficiency, core efficiency recommendation, recommendation core efficiency, core efficiency tips, tips core efficiency, core efficiency tutorial, tutorial core efficiency, core efficiency guide, guide core efficiency, core efficiency how to, how to core efficiency, core efficiency vs, vs core efficiency, core efficiency versus, versus core efficiency, core efficiency compared to, compared to core efficiency, core efficiency comparison, comparison core efficiency, core efficiency alternatives, alternatives core efficiency, core efficiency which is better, which is better core efficiency, core efficiency expensive, expensive core efficiency, core efficiency discount, discount core efficiency, core efficiency deals, deals core efficiency, core efficiency sale, sale core efficiency, core efficiency affordable, affordable core efficiency, core efficiency cost, cost core efficiency, core efficiency online, online core efficiency, core efficiency offline, offline core efficiency, core efficiency marketplace, marketplace core efficiency, core efficiency store, store core efficiency, core efficiency shop, shop core efficiency, core efficiency retailer, retailer core efficiency, core efficiency where to buy, where to buy core efficiency, core efficiency worst, worst core efficiency, core efficiency quality, quality core efficiency, core efficiency original, original core efficiency, core efficiency genuine, genuine core efficiency, core efficiency fake, fake core efficiency, core efficiency replica, replica core efficiency, core efficiency authentic, authentic core efficiency, core efficiency brand, brand core efficiency, core efficiency manufacturer, manufacturer core efficiency, core efficiency company, company core efficiency, core efficiency product, product core efficiency, core efficiency nikon product, nikon product core efficiency, core efficiency sell nikon, sell nikon core efficiency, core efficiency buy nikon, buy nikon core efficiency, core efficiency cheap nikon, cheap nikon core efficiency, core efficiency best nikon, best nikon core efficiency, core efficiency nikon review, nikon review core efficiency, core efficiency where to buy nikon, where to buy nikon core efficiency, core efficiency how to choose nikon, how to choose nikon core efficiency, core efficiency top nikon, top nikon core efficiency, core efficiency nikon guide, nikon guide core efficiency, core efficiency nikon for sale, nikon for sale core efficiency, core efficiency nikon deals, nikon deals core efficiency
2025-11-10 12:39:23,015 - INFO - Expanded 220 seed keywords to 385 variations
2025-11-10 12:39:23,015 - INFO - Language: en
2025-11-10 12:39:23,015 - INFO - Region: us
2025-11-10 12:43:52,094 - INFO - 🎯 After all filtering for 'nikon': 120 relevant keywords
2025-11-10 12:43:52,545 - INFO - 🎯 Found 5 new keywords for niche 'nikon': nikon affordable core efficiency, nikon affordable processor performance, cheap alternatives core efficiency, cheap alternatives processor performance, best authentic core efficiency
2025-11-10 12:44:04,232 - INFO - ✅ Niche 'nikon' process complete! 233 total keyword results.
2025-11-10 12:44:04,233 - INFO - ✅ Completed processing niche: 'nikon'
2025-11-10 12:44:04,233 - INFO - 🔧 Request Handler final stats - Success rate: 100.0%
2025-11-10 12:44:04,233 - INFO -    Total requests: 39761, Blocks: 0
2025-11-10 12:44:04,234 - INFO - 
========================================
2025-11-10 12:44:04,234 - INFO - Process Summary:
2025-11-10 12:44:04,234 - INFO - - Current niche: 'nikon'
2025-11-10 12:44:04,234 - INFO - - Next niche will be: 'huawei'
2025-11-10 12:44:04,234 - INFO - - Keywords saved in: languages/english/keywords/nikon/
2025-11-10 12:44:04,234 - INFO - ========================================
