2025-09-18 12:31:46,562 - INFO - Log file created at: /home/runner/work/potensitech.com/potensitech.com/languages/english/keywords/logs/kw_search_20250918_123146.log
2025-09-18 12:31:46,562 - INFO - ============================================================
2025-09-18 12:31:46,562 - INFO - AUTOMATIC KEYWORD RESEARCH TOOL
2025-09-18 12:31:46,562 - INFO - ============================================================
2025-09-18 12:31:46,668 - INFO - ========================================
2025-09-18 12:31:46,668 - INFO - Found 14 niches to process: xiaomi, iphone, samsung, apple, sony, asus, philips, sandisk, intel, nvidia, amd, canon, nikon, huawei
2025-09-18 12:31:46,668 - INFO - ========================================
2025-09-18 12:31:46,668 - INFO - Continuing from last processed niche: samsung
2025-09-18 12:31:46,668 - INFO - ========================================
2025-09-18 12:31:46,668 - INFO - 🎯 PROCESSING NICHE 4/14: 'apple'
2025-09-18 12:31:46,668 - INFO - ========================================
2025-09-18 12:31:46,668 - INFO - 📁 Niche directory: /home/runner/work/potensitech.com/potensitech.com/languages/english/keywords/apple
2025-09-18 12:31:46,668 - INFO - Selected region: us
2025-09-18 12:31:46,668 - INFO - Selected language: en
2025-09-18 12:31:46,668 - INFO - 🎯 Current niche: apple
2025-09-18 12:31:49,886 - INFO - 🎯 Niche terms for filtering: apple, cheap, best, latest, review, price, sell, buy, recommendation, tips, tutorial, guide, how to, vs, versus, compared to, comparison, alternatives, which is better, expensive, discount, deals, sale, affordable, cost, online, offline, marketplace, store, shop, retailer, where to buy, worst, quality, original, genuine, fake, replica, authentic, brand, manufacturer, company, product, apple product, sell apple, buy apple, cheap apple, best apple, apple review, where to buy apple, how to choose apple, top apple, apple guide, apple for sale, apple deals
2025-09-18 12:31:49,886 - INFO - Generated 50 niche-clue pairs for 'apple'.
2025-09-18 12:31:49,889 - INFO - Expanded 50 seed keywords to 218 variations
2025-09-18 12:31:49,890 - INFO - 🔧 Request Handler initialized - Success rate: 100.0%
2025-09-18 12:36:15,592 - INFO - Original clue keywords: memory card, data transfer
2025-09-18 12:36:15,592 - INFO - Niche-focused seeds: memory card apple, apple memory card, memory card cheap, cheap memory card, memory card best, best memory card, memory card latest, latest memory card, memory card review, review memory card, memory card price, price memory card, memory card sell, sell memory card, memory card buy, buy memory card, memory card recommendation, recommendation memory card, memory card tips, tips memory card, memory card tutorial, tutorial memory card, memory card guide, guide memory card, memory card how to, how to memory card, memory card vs, vs memory card, memory card versus, versus memory card, memory card compared to, compared to memory card, memory card comparison, comparison memory card, memory card alternatives, alternatives memory card, memory card which is better, which is better memory card, memory card expensive, expensive memory card, memory card discount, discount memory card, memory card deals, deals memory card, memory card sale, sale memory card, memory card affordable, affordable memory card, memory card cost, cost memory card, memory card online, online memory card, memory card offline, offline memory card, memory card marketplace, marketplace memory card, memory card store, store memory card, memory card shop, shop memory card, memory card retailer, retailer memory card, memory card where to buy, where to buy memory card, memory card worst, worst memory card, memory card quality, quality memory card, memory card original, original memory card, memory card genuine, genuine memory card, memory card fake, fake memory card, memory card replica, replica memory card, memory card authentic, authentic memory card, memory card brand, brand memory card, memory card manufacturer, manufacturer memory card, memory card company, company memory card, memory card product, product memory card, memory card apple product, apple product memory card, memory card sell apple, sell apple memory card, memory card buy apple, buy apple memory card, memory card cheap apple, cheap apple memory card, memory card best apple, best apple memory card, memory card apple review, apple review memory card, memory card where to buy apple, where to buy apple memory card, memory card how to choose apple, how to choose apple memory card, memory card top apple, top apple memory card, memory card apple guide, apple guide memory card, memory card apple for sale, apple for sale memory card, memory card apple deals, apple deals memory card, data transfer apple, apple data transfer, data transfer cheap, cheap data transfer, data transfer best, best data transfer, data transfer latest, latest data transfer, data transfer review, review data transfer, data transfer price, price data transfer, data transfer sell, sell data transfer, data transfer buy, buy data transfer, data transfer recommendation, recommendation data transfer, data transfer tips, tips data transfer, data transfer tutorial, tutorial data transfer, data transfer guide, guide data transfer, data transfer how to, how to data transfer, data transfer vs, vs data transfer, data transfer versus, versus data transfer, data transfer compared to, compared to data transfer, data transfer comparison, comparison data transfer, data transfer alternatives, alternatives data transfer, data transfer which is better, which is better data transfer, data transfer expensive, expensive data transfer, data transfer discount, discount data transfer, data transfer deals, deals data transfer, data transfer sale, sale data transfer, data transfer affordable, affordable data transfer, data transfer cost, cost data transfer, data transfer online, online data transfer, data transfer offline, offline data transfer, data transfer marketplace, marketplace data transfer, data transfer store, store data transfer, data transfer shop, shop data transfer, data transfer retailer, retailer data transfer, data transfer where to buy, where to buy data transfer, data transfer worst, worst data transfer, data transfer quality, quality data transfer, data transfer original, original data transfer, data transfer genuine, genuine data transfer, data transfer fake, fake data transfer, data transfer replica, replica data transfer, data transfer authentic, authentic data transfer, data transfer brand, brand data transfer, data transfer manufacturer, manufacturer data transfer, data transfer company, company data transfer, data transfer product, product data transfer, data transfer apple product, apple product data transfer, data transfer sell apple, sell apple data transfer, data transfer buy apple, buy apple data transfer, data transfer cheap apple, cheap apple data transfer, data transfer best apple, best apple data transfer, data transfer apple review, apple review data transfer, data transfer where to buy apple, where to buy apple data transfer, data transfer how to choose apple, how to choose apple data transfer, data transfer top apple, top apple data transfer, data transfer apple guide, apple guide data transfer, data transfer apple for sale, apple for sale data transfer, data transfer apple deals, apple deals data transfer
2025-09-18 12:36:15,595 - INFO - Expanded 220 seed keywords to 385 variations
2025-09-18 12:36:15,595 - INFO - Language: en
2025-09-18 12:36:15,595 - INFO - Region: us
2025-09-18 12:40:43,493 - INFO - 🎯 After all filtering for 'apple': 120 relevant keywords
2025-09-18 12:40:43,517 - INFO - 🎯 Found 5 new keywords for niche 'apple': apple affordable data transfer, apple affordable memory card, cheap alternatives data transfer, cheap alternatives memory card, best authentic data transfer
2025-09-18 12:40:55,491 - INFO - ✅ Niche 'apple' process complete! 19 total keyword results.
2025-09-18 12:40:55,492 - INFO - ✅ Completed processing niche: 'apple'
2025-09-18 12:40:55,492 - INFO - 🔧 Request Handler final stats - Success rate: 100.0%
2025-09-18 12:40:55,492 - INFO -    Total requests: 6291, Blocks: 0
2025-09-18 12:40:55,493 - INFO - 
========================================
2025-09-18 12:40:55,493 - INFO - Process Summary:
2025-09-18 12:40:55,493 - INFO - - Current niche: 'apple'
2025-09-18 12:40:55,493 - INFO - - Next niche will be: 'sony'
2025-09-18 12:40:55,493 - INFO - - Keywords saved in: languages/english/keywords/apple/
2025-09-18 12:40:55,493 - INFO - ========================================
