2025-09-30 19:23:45,146 - INFO - Log file created at: /home/runner/work/potensitech.com/potensitech.com/languages/english/keywords/logs/kw_search_20250930_192345.log
2025-09-30 19:23:45,146 - INFO - ============================================================
2025-09-30 19:23:45,146 - INFO - AUTOMATIC KEYWORD RESEARCH TOOL
2025-09-30 19:23:45,146 - INFO - ============================================================
2025-09-30 19:23:45,373 - INFO - ========================================
2025-09-30 19:23:45,374 - INFO - Found 14 niches to process: xiaomi, iphone, samsung, apple, sony, asus, philips, sandisk, intel, nvidia, amd, canon, nikon, huawei
2025-09-30 19:23:45,374 - INFO - ========================================
2025-09-30 19:23:45,374 - INFO - All niches completed, starting over
2025-09-30 19:23:45,374 - INFO - ========================================
2025-09-30 19:23:45,374 - INFO - 🎯 PROCESSING NICHE 1/14: 'xiaomi'
2025-09-30 19:23:45,374 - INFO - ========================================
2025-09-30 19:23:45,374 - INFO - 📁 Niche directory: /home/runner/work/potensitech.com/potensitech.com/languages/english/keywords/xiaomi
2025-09-30 19:23:45,374 - INFO - Selected region: us
2025-09-30 19:23:45,374 - INFO - Selected language: en
2025-09-30 19:23:45,374 - INFO - 🎯 Current niche: xiaomi
2025-09-30 19:23:47,971 - INFO - 🎯 Niche terms for filtering: xiaomi, cheap, best, latest, review, price, sell, buy, recommendation, tips, tutorial, guide, how to, vs, versus, compared to, comparison, alternatives, which is better, expensive, discount, deals, sale, affordable, cost, online, offline, marketplace, store, shop, retailer, where to buy, worst, quality, original, genuine, fake, replica, authentic, brand, manufacturer, company, product, xiaomi product, sell xiaomi, buy xiaomi, cheap xiaomi, best xiaomi, xiaomi review, where to buy xiaomi, how to choose xiaomi, top xiaomi, xiaomi guide, xiaomi for sale, xiaomi deals
2025-09-30 19:23:47,972 - INFO - Generated 50 niche-clue pairs for 'xiaomi'.
2025-09-30 19:23:47,974 - INFO - Expanded 50 seed keywords to 218 variations
2025-09-30 19:23:47,975 - INFO - 🔧 Request Handler initialized - Success rate: 100.0%
2025-09-30 19:28:09,106 - INFO - Original clue keywords: graphics performance, portable ssd
2025-09-30 19:28:09,106 - INFO - Niche-focused seeds: graphics performance xiaomi, xiaomi graphics performance, graphics performance cheap, cheap graphics performance, graphics performance best, best graphics performance, graphics performance latest, latest graphics performance, graphics performance review, review graphics performance, graphics performance price, price graphics performance, graphics performance sell, sell graphics performance, graphics performance buy, buy graphics performance, graphics performance recommendation, recommendation graphics performance, graphics performance tips, tips graphics performance, graphics performance tutorial, tutorial graphics performance, graphics performance guide, guide graphics performance, graphics performance how to, how to graphics performance, graphics performance vs, vs graphics performance, graphics performance versus, versus graphics performance, graphics performance compared to, compared to graphics performance, graphics performance comparison, comparison graphics performance, graphics performance alternatives, alternatives graphics performance, graphics performance which is better, which is better graphics performance, graphics performance expensive, expensive graphics performance, graphics performance discount, discount graphics performance, graphics performance deals, deals graphics performance, graphics performance sale, sale graphics performance, graphics performance affordable, affordable graphics performance, graphics performance cost, cost graphics performance, graphics performance online, online graphics performance, graphics performance offline, offline graphics performance, graphics performance marketplace, marketplace graphics performance, graphics performance store, store graphics performance, graphics performance shop, shop graphics performance, graphics performance retailer, retailer graphics performance, graphics performance where to buy, where to buy graphics performance, graphics performance worst, worst graphics performance, graphics performance quality, quality graphics performance, graphics performance original, original graphics performance, graphics performance genuine, genuine graphics performance, graphics performance fake, fake graphics performance, graphics performance replica, replica graphics performance, graphics performance authentic, authentic graphics performance, graphics performance brand, brand graphics performance, graphics performance manufacturer, manufacturer graphics performance, graphics performance company, company graphics performance, graphics performance product, product graphics performance, graphics performance xiaomi product, xiaomi product graphics performance, graphics performance sell xiaomi, sell xiaomi graphics performance, graphics performance buy xiaomi, buy xiaomi graphics performance, graphics performance cheap xiaomi, cheap xiaomi graphics performance, graphics performance best xiaomi, best xiaomi graphics performance, graphics performance xiaomi review, xiaomi review graphics performance, graphics performance where to buy xiaomi, where to buy xiaomi graphics performance, graphics performance how to choose xiaomi, how to choose xiaomi graphics performance, graphics performance top xiaomi, top xiaomi graphics performance, graphics performance xiaomi guide, xiaomi guide graphics performance, graphics performance xiaomi for sale, xiaomi for sale graphics performance, graphics performance xiaomi deals, xiaomi deals graphics performance, portable ssd xiaomi, xiaomi portable ssd, portable ssd cheap, cheap portable ssd, portable ssd best, best portable ssd, portable ssd latest, latest portable ssd, portable ssd review, review portable ssd, portable ssd price, price portable ssd, portable ssd sell, sell portable ssd, portable ssd buy, buy portable ssd, portable ssd recommendation, recommendation portable ssd, portable ssd tips, tips portable ssd, portable ssd tutorial, tutorial portable ssd, portable ssd guide, guide portable ssd, portable ssd how to, how to portable ssd, portable ssd vs, vs portable ssd, portable ssd versus, versus portable ssd, portable ssd compared to, compared to portable ssd, portable ssd comparison, comparison portable ssd, portable ssd alternatives, alternatives portable ssd, portable ssd which is better, which is better portable ssd, portable ssd expensive, expensive portable ssd, portable ssd discount, discount portable ssd, portable ssd deals, deals portable ssd, portable ssd sale, sale portable ssd, portable ssd affordable, affordable portable ssd, portable ssd cost, cost portable ssd, portable ssd online, online portable ssd, portable ssd offline, offline portable ssd, portable ssd marketplace, marketplace portable ssd, portable ssd store, store portable ssd, portable ssd shop, shop portable ssd, portable ssd retailer, retailer portable ssd, portable ssd where to buy, where to buy portable ssd, portable ssd worst, worst portable ssd, portable ssd quality, quality portable ssd, portable ssd original, original portable ssd, portable ssd genuine, genuine portable ssd, portable ssd fake, fake portable ssd, portable ssd replica, replica portable ssd, portable ssd authentic, authentic portable ssd, portable ssd brand, brand portable ssd, portable ssd manufacturer, manufacturer portable ssd, portable ssd company, company portable ssd, portable ssd product, product portable ssd, portable ssd xiaomi product, xiaomi product portable ssd, portable ssd sell xiaomi, sell xiaomi portable ssd, portable ssd buy xiaomi, buy xiaomi portable ssd, portable ssd cheap xiaomi, cheap xiaomi portable ssd, portable ssd best xiaomi, best xiaomi portable ssd, portable ssd xiaomi review, xiaomi review portable ssd, portable ssd where to buy xiaomi, where to buy xiaomi portable ssd, portable ssd how to choose xiaomi, how to choose xiaomi portable ssd, portable ssd top xiaomi, top xiaomi portable ssd, portable ssd xiaomi guide, xiaomi guide portable ssd, portable ssd xiaomi for sale, xiaomi for sale portable ssd, portable ssd xiaomi deals, xiaomi deals portable ssd
2025-09-30 19:28:09,110 - INFO - Expanded 220 seed keywords to 385 variations
2025-09-30 19:28:09,110 - INFO - Language: en
2025-09-30 19:28:09,110 - INFO - Region: us
2025-09-30 19:28:39,955 - INFO - 🎯 After all filtering for 'xiaomi': 120 relevant keywords
2025-09-30 19:28:40,176 - INFO - 🎯 Found 5 new keywords for niche 'xiaomi': xiaomi affordable graphics performance, xiaomi affordable portable ssd, cheap alternatives graphics performance, best authentic graphics performance, how to brand graphics performance
2025-09-30 19:28:48,763 - INFO - ✅ Niche 'xiaomi' process complete! 69 total keyword results.
2025-09-30 19:28:48,763 - INFO - ✅ Completed processing niche: 'xiaomi'
2025-09-30 19:28:48,763 - INFO - 🔧 Request Handler final stats - Success rate: 100.0%
2025-09-30 19:28:48,763 - INFO -    Total requests: 15848, Blocks: 0
2025-09-30 19:28:48,764 - INFO - 
========================================
2025-09-30 19:28:48,764 - INFO - Process Summary:
2025-09-30 19:28:48,764 - INFO - - Current niche: 'xiaomi'
2025-09-30 19:28:48,764 - INFO - - Next niche will be: 'iphone'
2025-09-30 19:28:48,764 - INFO - - Keywords saved in: languages/english/keywords/xiaomi/
2025-09-30 19:28:48,764 - INFO - ========================================
