2025-10-19 03:32:30,491 - INFO - Log file created at: /home/runner/work/potensitech.com/potensitech.com/languages/english/keywords/logs/kw_search_20251019_033230.log
2025-10-19 03:32:30,491 - INFO - ============================================================
2025-10-19 03:32:30,491 - INFO - AUTOMATIC KEYWORD RESEARCH TOOL
2025-10-19 03:32:30,491 - INFO - ============================================================
2025-10-19 03:32:30,651 - INFO - ========================================
2025-10-19 03:32:30,651 - INFO - Found 14 niches to process: xiaomi, iphone, samsung, apple, sony, asus, philips, sandisk, intel, nvidia, amd, canon, nikon, huawei
2025-10-19 03:32:30,651 - INFO - ========================================
2025-10-19 03:32:30,651 - INFO - Continuing from last processed niche: xiaomi
2025-10-19 03:32:30,651 - INFO - ========================================
2025-10-19 03:32:30,651 - INFO - 🎯 PROCESSING NICHE 2/14: 'iphone'
2025-10-19 03:32:30,651 - INFO - ========================================
2025-10-19 03:32:30,651 - INFO - 📁 Niche directory: /home/runner/work/potensitech.com/potensitech.com/languages/english/keywords/iphone
2025-10-19 03:32:30,651 - INFO - Selected region: us
2025-10-19 03:32:30,651 - INFO - Selected language: en
2025-10-19 03:32:30,652 - INFO - 🎯 Current niche: iphone
2025-10-19 03:32:33,706 - INFO - 🎯 Niche terms for filtering: iphone, cheap, best, latest, review, price, sell, buy, recommendation, tips, tutorial, guide, how to, vs, versus, compared to, comparison, alternatives, which is better, expensive, discount, deals, sale, affordable, cost, online, offline, marketplace, store, shop, retailer, where to buy, worst, quality, original, genuine, fake, replica, authentic, brand, manufacturer, company, product, iphone product, sell iphone, buy iphone, cheap iphone, best iphone, iphone review, where to buy iphone, how to choose iphone, top iphone, iphone guide, iphone for sale, iphone deals
2025-10-19 03:32:33,706 - INFO - Generated 50 niche-clue pairs for 'iphone'.
2025-10-19 03:32:33,708 - INFO - Expanded 50 seed keywords to 218 variations
2025-10-19 03:32:33,709 - INFO - 🔧 Request Handler initialized - Success rate: 100.0%
2025-10-19 03:36:50,834 - INFO - Original clue keywords: dslr photography, mirrorless technology
2025-10-19 03:36:50,834 - INFO - Niche-focused seeds: dslr photography iphone, iphone dslr photography, dslr photography cheap, cheap dslr photography, dslr photography best, best dslr photography, dslr photography latest, latest dslr photography, dslr photography review, review dslr photography, dslr photography price, price dslr photography, dslr photography sell, sell dslr photography, dslr photography buy, buy dslr photography, dslr photography recommendation, recommendation dslr photography, dslr photography tips, tips dslr photography, dslr photography tutorial, tutorial dslr photography, dslr photography guide, guide dslr photography, dslr photography how to, how to dslr photography, dslr photography vs, vs dslr photography, dslr photography versus, versus dslr photography, dslr photography compared to, compared to dslr photography, dslr photography comparison, comparison dslr photography, dslr photography alternatives, alternatives dslr photography, dslr photography which is better, which is better dslr photography, dslr photography expensive, expensive dslr photography, dslr photography discount, discount dslr photography, dslr photography deals, deals dslr photography, dslr photography sale, sale dslr photography, dslr photography affordable, affordable dslr photography, dslr photography cost, cost dslr photography, dslr photography online, online dslr photography, dslr photography offline, offline dslr photography, dslr photography marketplace, marketplace dslr photography, dslr photography store, store dslr photography, dslr photography shop, shop dslr photography, dslr photography retailer, retailer dslr photography, dslr photography where to buy, where to buy dslr photography, dslr photography worst, worst dslr photography, dslr photography quality, quality dslr photography, dslr photography original, original dslr photography, dslr photography genuine, genuine dslr photography, dslr photography fake, fake dslr photography, dslr photography replica, replica dslr photography, dslr photography authentic, authentic dslr photography, dslr photography brand, brand dslr photography, dslr photography manufacturer, manufacturer dslr photography, dslr photography company, company dslr photography, dslr photography product, product dslr photography, dslr photography iphone product, iphone product dslr photography, dslr photography sell iphone, sell iphone dslr photography, dslr photography buy iphone, buy iphone dslr photography, dslr photography cheap iphone, cheap iphone dslr photography, dslr photography best iphone, best iphone dslr photography, dslr photography iphone review, iphone review dslr photography, dslr photography where to buy iphone, where to buy iphone dslr photography, dslr photography how to choose iphone, how to choose iphone dslr photography, dslr photography top iphone, top iphone dslr photography, dslr photography iphone guide, iphone guide dslr photography, dslr photography iphone for sale, iphone for sale dslr photography, dslr photography iphone deals, iphone deals dslr photography, mirrorless technology iphone, iphone mirrorless technology, mirrorless technology cheap, cheap mirrorless technology, mirrorless technology best, best mirrorless technology, mirrorless technology latest, latest mirrorless technology, mirrorless technology review, review mirrorless technology, mirrorless technology price, price mirrorless technology, mirrorless technology sell, sell mirrorless technology, mirrorless technology buy, buy mirrorless technology, mirrorless technology recommendation, recommendation mirrorless technology, mirrorless technology tips, tips mirrorless technology, mirrorless technology tutorial, tutorial mirrorless technology, mirrorless technology guide, guide mirrorless technology, mirrorless technology how to, how to mirrorless technology, mirrorless technology vs, vs mirrorless technology, mirrorless technology versus, versus mirrorless technology, mirrorless technology compared to, compared to mirrorless technology, mirrorless technology comparison, comparison mirrorless technology, mirrorless technology alternatives, alternatives mirrorless technology, mirrorless technology which is better, which is better mirrorless technology, mirrorless technology expensive, expensive mirrorless technology, mirrorless technology discount, discount mirrorless technology, mirrorless technology deals, deals mirrorless technology, mirrorless technology sale, sale mirrorless technology, mirrorless technology affordable, affordable mirrorless technology, mirrorless technology cost, cost mirrorless technology, mirrorless technology online, online mirrorless technology, mirrorless technology offline, offline mirrorless technology, mirrorless technology marketplace, marketplace mirrorless technology, mirrorless technology store, store mirrorless technology, mirrorless technology shop, shop mirrorless technology, mirrorless technology retailer, retailer mirrorless technology, mirrorless technology where to buy, where to buy mirrorless technology, mirrorless technology worst, worst mirrorless technology, mirrorless technology quality, quality mirrorless technology, mirrorless technology original, original mirrorless technology, mirrorless technology genuine, genuine mirrorless technology, mirrorless technology fake, fake mirrorless technology, mirrorless technology replica, replica mirrorless technology, mirrorless technology authentic, authentic mirrorless technology, mirrorless technology brand, brand mirrorless technology, mirrorless technology manufacturer, manufacturer mirrorless technology, mirrorless technology company, company mirrorless technology, mirrorless technology product, product mirrorless technology, mirrorless technology iphone product, iphone product mirrorless technology, mirrorless technology sell iphone, sell iphone mirrorless technology, mirrorless technology buy iphone, buy iphone mirrorless technology, mirrorless technology cheap iphone, cheap iphone mirrorless technology, mirrorless technology best iphone, best iphone mirrorless technology, mirrorless technology iphone review, iphone review mirrorless technology, mirrorless technology where to buy iphone, where to buy iphone mirrorless technology, mirrorless technology how to choose iphone, how to choose iphone mirrorless technology, mirrorless technology top iphone, top iphone mirrorless technology, mirrorless technology iphone guide, iphone guide mirrorless technology, mirrorless technology iphone for sale, iphone for sale mirrorless technology, mirrorless technology iphone deals, iphone deals mirrorless technology
2025-10-19 03:36:50,836 - INFO - Expanded 220 seed keywords to 385 variations
2025-10-19 03:36:50,837 - INFO - Language: en
2025-10-19 03:36:50,837 - INFO - Region: us
2025-10-19 03:37:25,667 - INFO - 🎯 After all filtering for 'iphone': 120 relevant keywords
2025-10-19 03:37:25,954 - INFO - 🎯 Found 5 new keywords for niche 'iphone': iphone affordable dslr photography, iphone affordable mirrorless technology, cheap alternatives dslr photography, cheap alternatives mirrorless technology, best authentic dslr photography
2025-10-19 03:37:39,050 - INFO - ✅ Niche 'iphone' process complete! 184 total keyword results.
2025-10-19 03:37:39,050 - INFO - ✅ Completed processing niche: 'iphone'
2025-10-19 03:37:39,050 - INFO - 🔧 Request Handler final stats - Success rate: 100.0%
2025-10-19 03:37:39,050 - INFO -    Total requests: 28229, Blocks: 0
2025-10-19 03:37:39,051 - INFO - 
========================================
2025-10-19 03:37:39,051 - INFO - Process Summary:
2025-10-19 03:37:39,051 - INFO - - Current niche: 'iphone'
2025-10-19 03:37:39,051 - INFO - - Next niche will be: 'samsung'
2025-10-19 03:37:39,051 - INFO - - Keywords saved in: languages/english/keywords/iphone/
2025-10-19 03:37:39,051 - INFO - ========================================
