2025-11-14 21:44:03,564 - INFO - Log file created at: /home/runner/work/potensitech.com/potensitech.com/languages/english/keywords/logs/kw_search_20251114_214403.log
2025-11-14 21:44:03,564 - INFO - ============================================================
2025-11-14 21:44:03,564 - INFO - AUTOMATIC KEYWORD RESEARCH TOOL
2025-11-14 21:44:03,564 - INFO - ============================================================
2025-11-14 21:44:04,303 - INFO - ========================================
2025-11-14 21:44:04,304 - INFO - Found 14 niches to process: xiaomi, iphone, samsung, apple, sony, asus, philips, sandisk, intel, nvidia, amd, canon, nikon, huawei
2025-11-14 21:44:04,304 - INFO - ========================================
2025-11-14 21:44:04,304 - INFO - All niches completed, starting over
2025-11-14 21:44:04,304 - INFO - ========================================
2025-11-14 21:44:04,304 - INFO - 🎯 PROCESSING NICHE 1/14: 'xiaomi'
2025-11-14 21:44:04,304 - INFO - ========================================
2025-11-14 21:44:04,304 - INFO - 📁 Niche directory: /home/runner/work/potensitech.com/potensitech.com/languages/english/keywords/xiaomi
2025-11-14 21:44:04,304 - INFO - Selected region: us
2025-11-14 21:44:04,304 - INFO - Selected language: en
2025-11-14 21:44:04,304 - INFO - 🎯 Current niche: xiaomi
2025-11-14 21:44:08,344 - INFO - 🎯 Niche terms for filtering: xiaomi, cheap, best, latest, review, price, sell, buy, recommendation, tips, tutorial, guide, how to, vs, versus, compared to, comparison, alternatives, which is better, expensive, discount, deals, sale, affordable, cost, online, offline, marketplace, store, shop, retailer, where to buy, worst, quality, original, genuine, fake, replica, authentic, brand, manufacturer, company, product, xiaomi product, sell xiaomi, buy xiaomi, cheap xiaomi, best xiaomi, xiaomi review, where to buy xiaomi, how to choose xiaomi, top xiaomi, xiaomi guide, xiaomi for sale, xiaomi deals
2025-11-14 21:44:08,345 - INFO - Generated 50 niche-clue pairs for 'xiaomi'.
2025-11-14 21:44:08,348 - INFO - Expanded 50 seed keywords to 218 variations
2025-11-14 21:44:08,348 - INFO - 🔧 Request Handler initialized - Success rate: 100.0%
2025-11-14 21:48:35,129 - INFO - Original clue keywords: camera lenses, processor speed
2025-11-14 21:48:35,129 - INFO - Niche-focused seeds: camera lenses xiaomi, xiaomi camera lenses, camera lenses cheap, cheap camera lenses, camera lenses best, best camera lenses, camera lenses latest, latest camera lenses, camera lenses review, review camera lenses, camera lenses price, price camera lenses, camera lenses sell, sell camera lenses, camera lenses buy, buy camera lenses, camera lenses recommendation, recommendation camera lenses, camera lenses tips, tips camera lenses, camera lenses tutorial, tutorial camera lenses, camera lenses guide, guide camera lenses, camera lenses how to, how to camera lenses, camera lenses vs, vs camera lenses, camera lenses versus, versus camera lenses, camera lenses compared to, compared to camera lenses, camera lenses comparison, comparison camera lenses, camera lenses alternatives, alternatives camera lenses, camera lenses which is better, which is better camera lenses, camera lenses expensive, expensive camera lenses, camera lenses discount, discount camera lenses, camera lenses deals, deals camera lenses, camera lenses sale, sale camera lenses, camera lenses affordable, affordable camera lenses, camera lenses cost, cost camera lenses, camera lenses online, online camera lenses, camera lenses offline, offline camera lenses, camera lenses marketplace, marketplace camera lenses, camera lenses store, store camera lenses, camera lenses shop, shop camera lenses, camera lenses retailer, retailer camera lenses, camera lenses where to buy, where to buy camera lenses, camera lenses worst, worst camera lenses, camera lenses quality, quality camera lenses, camera lenses original, original camera lenses, camera lenses genuine, genuine camera lenses, camera lenses fake, fake camera lenses, camera lenses replica, replica camera lenses, camera lenses authentic, authentic camera lenses, camera lenses brand, brand camera lenses, camera lenses manufacturer, manufacturer camera lenses, camera lenses company, company camera lenses, camera lenses product, product camera lenses, camera lenses xiaomi product, xiaomi product camera lenses, camera lenses sell xiaomi, sell xiaomi camera lenses, camera lenses buy xiaomi, buy xiaomi camera lenses, camera lenses cheap xiaomi, cheap xiaomi camera lenses, camera lenses best xiaomi, best xiaomi camera lenses, camera lenses xiaomi review, xiaomi review camera lenses, camera lenses where to buy xiaomi, where to buy xiaomi camera lenses, camera lenses how to choose xiaomi, how to choose xiaomi camera lenses, camera lenses top xiaomi, top xiaomi camera lenses, camera lenses xiaomi guide, xiaomi guide camera lenses, camera lenses xiaomi for sale, xiaomi for sale camera lenses, camera lenses xiaomi deals, xiaomi deals camera lenses, processor speed xiaomi, xiaomi processor speed, processor speed cheap, cheap processor speed, processor speed best, best processor speed, processor speed latest, latest processor speed, processor speed review, review processor speed, processor speed price, price processor speed, processor speed sell, sell processor speed, processor speed buy, buy processor speed, processor speed recommendation, recommendation processor speed, processor speed tips, tips processor speed, processor speed tutorial, tutorial processor speed, processor speed guide, guide processor speed, processor speed how to, how to processor speed, processor speed vs, vs processor speed, processor speed versus, versus processor speed, processor speed compared to, compared to processor speed, processor speed comparison, comparison processor speed, processor speed alternatives, alternatives processor speed, processor speed which is better, which is better processor speed, processor speed expensive, expensive processor speed, processor speed discount, discount processor speed, processor speed deals, deals processor speed, processor speed sale, sale processor speed, processor speed affordable, affordable processor speed, processor speed cost, cost processor speed, processor speed online, online processor speed, processor speed offline, offline processor speed, processor speed marketplace, marketplace processor speed, processor speed store, store processor speed, processor speed shop, shop processor speed, processor speed retailer, retailer processor speed, processor speed where to buy, where to buy processor speed, processor speed worst, worst processor speed, processor speed quality, quality processor speed, processor speed original, original processor speed, processor speed genuine, genuine processor speed, processor speed fake, fake processor speed, processor speed replica, replica processor speed, processor speed authentic, authentic processor speed, processor speed brand, brand processor speed, processor speed manufacturer, manufacturer processor speed, processor speed company, company processor speed, processor speed product, product processor speed, processor speed xiaomi product, xiaomi product processor speed, processor speed sell xiaomi, sell xiaomi processor speed, processor speed buy xiaomi, buy xiaomi processor speed, processor speed cheap xiaomi, cheap xiaomi processor speed, processor speed best xiaomi, best xiaomi processor speed, processor speed xiaomi review, xiaomi review processor speed, processor speed where to buy xiaomi, where to buy xiaomi processor speed, processor speed how to choose xiaomi, how to choose xiaomi processor speed, processor speed top xiaomi, top xiaomi processor speed, processor speed xiaomi guide, xiaomi guide processor speed, processor speed xiaomi for sale, xiaomi for sale processor speed, processor speed xiaomi deals, xiaomi deals processor speed
2025-11-14 21:48:35,132 - INFO - Expanded 220 seed keywords to 385 variations
2025-11-14 21:48:35,132 - INFO - Language: en
2025-11-14 21:48:35,132 - INFO - Region: us
2025-11-14 21:51:17,773 - INFO - 🎯 After all filtering for 'xiaomi': 120 relevant keywords
2025-11-14 21:51:18,154 - INFO - 🎯 Found 5 new keywords for niche 'xiaomi': xiaomi affordable camera lenses, xiaomi affordable processor speed, cheap alternatives camera lenses, cheap alternatives processor speed, best authentic camera lenses
2025-11-14 21:51:27,831 - INFO - ✅ Niche 'xiaomi' process complete! 214 total keyword results.
2025-11-14 21:51:27,831 - INFO - ✅ Completed processing niche: 'xiaomi'
2025-11-14 21:51:27,831 - INFO - 🔧 Request Handler final stats - Success rate: 100.0%
2025-11-14 21:51:27,831 - INFO -    Total requests: 42818, Blocks: 0
2025-11-14 21:51:27,832 - INFO - 
========================================
2025-11-14 21:51:27,833 - INFO - Process Summary:
2025-11-14 21:51:27,833 - INFO - - Current niche: 'xiaomi'
2025-11-14 21:51:27,833 - INFO - - Next niche will be: 'iphone'
2025-11-14 21:51:27,833 - INFO - - Keywords saved in: languages/english/keywords/xiaomi/
2025-11-14 21:51:27,833 - INFO - ========================================
