2025-09-30 07:30:00,352 - INFO - Log file created at: /home/runner/work/potensitech.com/potensitech.com/languages/english/keywords/logs/kw_search_20250930_073000.log
2025-09-30 07:30:00,352 - INFO - ============================================================
2025-09-30 07:30:00,352 - INFO - AUTOMATIC KEYWORD RESEARCH TOOL
2025-09-30 07:30:00,352 - INFO - ============================================================
2025-09-30 07:30:00,529 - INFO - ========================================
2025-09-30 07:30:00,529 - INFO - Found 14 niches to process: xiaomi, iphone, samsung, apple, sony, asus, philips, sandisk, intel, nvidia, amd, canon, nikon, huawei
2025-09-30 07:30:00,529 - INFO - ========================================
2025-09-30 07:30:00,529 - INFO - Continuing from last processed niche: intel
2025-09-30 07:30:00,529 - INFO - ========================================
2025-09-30 07:30:00,529 - INFO - 🎯 PROCESSING NICHE 10/14: 'nvidia'
2025-09-30 07:30:00,529 - INFO - ========================================
2025-09-30 07:30:00,529 - INFO - 📁 Niche directory: /home/runner/work/potensitech.com/potensitech.com/languages/english/keywords/nvidia
2025-09-30 07:30:00,530 - INFO - Selected region: us
2025-09-30 07:30:00,530 - INFO - Selected language: en
2025-09-30 07:30:00,530 - INFO - 🎯 Current niche: nvidia
2025-09-30 07:30:03,977 - INFO - 🎯 Niche terms for filtering: nvidia, cheap, best, latest, review, price, sell, buy, recommendation, tips, tutorial, guide, how to, vs, versus, compared to, comparison, alternatives, which is better, expensive, discount, deals, sale, affordable, cost, online, offline, marketplace, store, shop, retailer, where to buy, worst, quality, original, genuine, fake, replica, authentic, brand, manufacturer, company, product, nvidia product, sell nvidia, buy nvidia, cheap nvidia, best nvidia, nvidia review, where to buy nvidia, how to choose nvidia, top nvidia, nvidia guide, nvidia for sale, nvidia deals
2025-09-30 07:30:03,977 - INFO - Generated 50 niche-clue pairs for 'nvidia'.
2025-09-30 07:30:03,981 - INFO - Expanded 50 seed keywords to 218 variations
2025-09-30 07:30:03,981 - INFO - 🔧 Request Handler initialized - Success rate: 100.0%
2025-09-30 07:34:25,690 - INFO - Original clue keywords: graphics performance, processor efficiency
2025-09-30 07:34:25,691 - INFO - Niche-focused seeds: graphics performance nvidia, nvidia graphics performance, graphics performance cheap, cheap graphics performance, graphics performance best, best graphics performance, graphics performance latest, latest graphics performance, graphics performance review, review graphics performance, graphics performance price, price graphics performance, graphics performance sell, sell graphics performance, graphics performance buy, buy graphics performance, graphics performance recommendation, recommendation graphics performance, graphics performance tips, tips graphics performance, graphics performance tutorial, tutorial graphics performance, graphics performance guide, guide graphics performance, graphics performance how to, how to graphics performance, graphics performance vs, vs graphics performance, graphics performance versus, versus graphics performance, graphics performance compared to, compared to graphics performance, graphics performance comparison, comparison graphics performance, graphics performance alternatives, alternatives graphics performance, graphics performance which is better, which is better graphics performance, graphics performance expensive, expensive graphics performance, graphics performance discount, discount graphics performance, graphics performance deals, deals graphics performance, graphics performance sale, sale graphics performance, graphics performance affordable, affordable graphics performance, graphics performance cost, cost graphics performance, graphics performance online, online graphics performance, graphics performance offline, offline graphics performance, graphics performance marketplace, marketplace graphics performance, graphics performance store, store graphics performance, graphics performance shop, shop graphics performance, graphics performance retailer, retailer graphics performance, graphics performance where to buy, where to buy graphics performance, graphics performance worst, worst graphics performance, graphics performance quality, quality graphics performance, graphics performance original, original graphics performance, graphics performance genuine, genuine graphics performance, graphics performance fake, fake graphics performance, graphics performance replica, replica graphics performance, graphics performance authentic, authentic graphics performance, graphics performance brand, brand graphics performance, graphics performance manufacturer, manufacturer graphics performance, graphics performance company, company graphics performance, graphics performance product, product graphics performance, graphics performance nvidia product, nvidia product graphics performance, graphics performance sell nvidia, sell nvidia graphics performance, graphics performance buy nvidia, buy nvidia graphics performance, graphics performance cheap nvidia, cheap nvidia graphics performance, graphics performance best nvidia, best nvidia graphics performance, graphics performance nvidia review, nvidia review graphics performance, graphics performance where to buy nvidia, where to buy nvidia graphics performance, graphics performance how to choose nvidia, how to choose nvidia graphics performance, graphics performance top nvidia, top nvidia graphics performance, graphics performance nvidia guide, nvidia guide graphics performance, graphics performance nvidia for sale, nvidia for sale graphics performance, graphics performance nvidia deals, nvidia deals graphics performance, processor efficiency nvidia, nvidia processor efficiency, processor efficiency cheap, cheap processor efficiency, processor efficiency best, best processor efficiency, processor efficiency latest, latest processor efficiency, processor efficiency review, review processor efficiency, processor efficiency price, price processor efficiency, processor efficiency sell, sell processor efficiency, processor efficiency buy, buy processor efficiency, processor efficiency recommendation, recommendation processor efficiency, processor efficiency tips, tips processor efficiency, processor efficiency tutorial, tutorial processor efficiency, processor efficiency guide, guide processor efficiency, processor efficiency how to, how to processor efficiency, processor efficiency vs, vs processor efficiency, processor efficiency versus, versus processor efficiency, processor efficiency compared to, compared to processor efficiency, processor efficiency comparison, comparison processor efficiency, processor efficiency alternatives, alternatives processor efficiency, processor efficiency which is better, which is better processor efficiency, processor efficiency expensive, expensive processor efficiency, processor efficiency discount, discount processor efficiency, processor efficiency deals, deals processor efficiency, processor efficiency sale, sale processor efficiency, processor efficiency affordable, affordable processor efficiency, processor efficiency cost, cost processor efficiency, processor efficiency online, online processor efficiency, processor efficiency offline, offline processor efficiency, processor efficiency marketplace, marketplace processor efficiency, processor efficiency store, store processor efficiency, processor efficiency shop, shop processor efficiency, processor efficiency retailer, retailer processor efficiency, processor efficiency where to buy, where to buy processor efficiency, processor efficiency worst, worst processor efficiency, processor efficiency quality, quality processor efficiency, processor efficiency original, original processor efficiency, processor efficiency genuine, genuine processor efficiency, processor efficiency fake, fake processor efficiency, processor efficiency replica, replica processor efficiency, processor efficiency authentic, authentic processor efficiency, processor efficiency brand, brand processor efficiency, processor efficiency manufacturer, manufacturer processor efficiency, processor efficiency company, company processor efficiency, processor efficiency product, product processor efficiency, processor efficiency nvidia product, nvidia product processor efficiency, processor efficiency sell nvidia, sell nvidia processor efficiency, processor efficiency buy nvidia, buy nvidia processor efficiency, processor efficiency cheap nvidia, cheap nvidia processor efficiency, processor efficiency best nvidia, best nvidia processor efficiency, processor efficiency nvidia review, nvidia review processor efficiency, processor efficiency where to buy nvidia, where to buy nvidia processor efficiency, processor efficiency how to choose nvidia, how to choose nvidia processor efficiency, processor efficiency top nvidia, top nvidia processor efficiency, processor efficiency nvidia guide, nvidia guide processor efficiency, processor efficiency nvidia for sale, nvidia for sale processor efficiency, processor efficiency nvidia deals, nvidia deals processor efficiency
2025-09-30 07:34:25,694 - INFO - Expanded 220 seed keywords to 385 variations
2025-09-30 07:34:25,694 - INFO - Language: en
2025-09-30 07:34:25,694 - INFO - Region: us
2025-09-30 07:34:56,695 - INFO - 🎯 After all filtering for 'nvidia': 120 relevant keywords
2025-09-30 07:34:56,848 - INFO - 🎯 Found 5 new keywords for niche 'nvidia': nvidia affordable graphics performance, nvidia affordable processor efficiency, cheap alternatives graphics performance, cheap alternatives processor efficiency, best authentic graphics performance
2025-09-30 07:35:04,459 - INFO - ✅ Niche 'nvidia' process complete! 84 total keyword results.
2025-09-30 07:35:04,459 - INFO - ✅ Completed processing niche: 'nvidia'
2025-09-30 07:35:04,460 - INFO - 🔧 Request Handler final stats - Success rate: 100.0%
2025-09-30 07:35:04,460 - INFO -    Total requests: 15617, Blocks: 0
2025-09-30 07:35:04,461 - INFO - 
========================================
2025-09-30 07:35:04,461 - INFO - Process Summary:
2025-09-30 07:35:04,461 - INFO - - Current niche: 'nvidia'
2025-09-30 07:35:04,461 - INFO - - Next niche will be: 'amd'
2025-09-30 07:35:04,461 - INFO - - Keywords saved in: languages/english/keywords/nvidia/
2025-09-30 07:35:04,461 - INFO - ========================================
