2025-10-02 09:42:29,758 - INFO - Log file created at: /home/runner/work/potensitech.com/potensitech.com/languages/english/keywords/logs/kw_search_20251002_094229.log
2025-10-02 09:42:29,758 - INFO - ============================================================
2025-10-02 09:42:29,758 - INFO - AUTOMATIC KEYWORD RESEARCH TOOL
2025-10-02 09:42:29,758 - INFO - ============================================================
2025-10-02 09:42:29,895 - INFO - ========================================
2025-10-02 09:42:29,895 - INFO - Found 14 niches to process: xiaomi, iphone, samsung, apple, sony, asus, philips, sandisk, intel, nvidia, amd, canon, nikon, huawei
2025-10-02 09:42:29,896 - INFO - ========================================
2025-10-02 09:42:29,896 - INFO - Continuing from last processed niche: iphone
2025-10-02 09:42:29,896 - INFO - ========================================
2025-10-02 09:42:29,896 - INFO - 🎯 PROCESSING NICHE 3/14: 'samsung'
2025-10-02 09:42:29,896 - INFO - ========================================
2025-10-02 09:42:29,896 - INFO - 📁 Niche directory: /home/runner/work/potensitech.com/potensitech.com/languages/english/keywords/samsung
2025-10-02 09:42:29,896 - INFO - Selected region: us
2025-10-02 09:42:29,896 - INFO - Selected language: en
2025-10-02 09:42:29,896 - INFO - 🎯 Current niche: samsung
2025-10-02 09:42:32,806 - INFO - 🎯 Niche terms for filtering: samsung, cheap, best, latest, review, price, sell, buy, recommendation, tips, tutorial, guide, how to, vs, versus, compared to, comparison, alternatives, which is better, expensive, discount, deals, sale, affordable, cost, online, offline, marketplace, store, shop, retailer, where to buy, worst, quality, original, genuine, fake, replica, authentic, brand, manufacturer, company, product, samsung product, sell samsung, buy samsung, cheap samsung, best samsung, samsung review, where to buy samsung, how to choose samsung, top samsung, samsung guide, samsung for sale, samsung deals
2025-10-02 09:42:32,806 - INFO - Generated 50 niche-clue pairs for 'samsung'.
2025-10-02 09:42:32,809 - INFO - Expanded 50 seed keywords to 218 variations
2025-10-02 09:42:32,810 - INFO - 🔧 Request Handler initialized - Success rate: 100.0%
2025-10-02 09:46:57,671 - INFO - Original clue keywords: image quality, camera lens
2025-10-02 09:46:57,671 - INFO - Niche-focused seeds: image quality, camera lens samsung, samsung camera lens, camera lens cheap, cheap camera lens, camera lens best, best camera lens, camera lens latest, latest camera lens, camera lens review, review camera lens, camera lens price, price camera lens, camera lens sell, sell camera lens, camera lens buy, buy camera lens, camera lens recommendation, recommendation camera lens, camera lens tips, tips camera lens, camera lens tutorial, tutorial camera lens, camera lens guide, guide camera lens, camera lens how to, how to camera lens, camera lens vs, vs camera lens, camera lens versus, versus camera lens, camera lens compared to, compared to camera lens, camera lens comparison, comparison camera lens, camera lens alternatives, alternatives camera lens, camera lens which is better, which is better camera lens, camera lens expensive, expensive camera lens, camera lens discount, discount camera lens, camera lens deals, deals camera lens, camera lens sale, sale camera lens, camera lens affordable, affordable camera lens, camera lens cost, cost camera lens, camera lens online, online camera lens, camera lens offline, offline camera lens, camera lens marketplace, marketplace camera lens, camera lens store, store camera lens, camera lens shop, shop camera lens, camera lens retailer, retailer camera lens, camera lens where to buy, where to buy camera lens, camera lens worst, worst camera lens, camera lens quality, quality camera lens, camera lens original, original camera lens, camera lens genuine, genuine camera lens, camera lens fake, fake camera lens, camera lens replica, replica camera lens, camera lens authentic, authentic camera lens, camera lens brand, brand camera lens, camera lens manufacturer, manufacturer camera lens, camera lens company, company camera lens, camera lens product, product camera lens, camera lens samsung product, samsung product camera lens, camera lens sell samsung, sell samsung camera lens, camera lens buy samsung, buy samsung camera lens, camera lens cheap samsung, cheap samsung camera lens, camera lens best samsung, best samsung camera lens, camera lens samsung review, samsung review camera lens, camera lens where to buy samsung, where to buy samsung camera lens, camera lens how to choose samsung, how to choose samsung camera lens, camera lens top samsung, top samsung camera lens, camera lens samsung guide, samsung guide camera lens, camera lens samsung for sale, samsung for sale camera lens, camera lens samsung deals, samsung deals camera lens
2025-10-02 09:46:57,674 - INFO - Expanded 111 seed keywords to 276 variations
2025-10-02 09:46:57,674 - INFO - Language: en
2025-10-02 09:46:57,674 - INFO - Region: us
2025-10-02 09:49:03,104 - INFO - 🎯 After all filtering for 'samsung': 119 relevant keywords
2025-10-02 09:49:03,125 - INFO - 🎯 Found 5 new keywords for niche 'samsung': samsung image quality, cheap image quality, best image quality, how to image quality, samsung affordable camera lens
2025-10-02 09:49:08,725 - INFO - ✅ Niche 'samsung' process complete! 78 total keyword results.
2025-10-02 09:49:08,725 - INFO - ✅ Completed processing niche: 'samsung'
2025-10-02 09:49:08,725 - INFO - 🔧 Request Handler final stats - Success rate: 100.0%
2025-10-02 09:49:08,725 - INFO -    Total requests: 16846, Blocks: 0
2025-10-02 09:49:08,726 - INFO - 
========================================
2025-10-02 09:49:08,726 - INFO - Process Summary:
2025-10-02 09:49:08,726 - INFO - - Current niche: 'samsung'
2025-10-02 09:49:08,726 - INFO - - Next niche will be: 'apple'
2025-10-02 09:49:08,726 - INFO - - Keywords saved in: languages/english/keywords/samsung/
2025-10-02 09:49:08,727 - INFO - ========================================
