2025-10-01 02:07:21,656 - INFO - Log file created at: /home/runner/work/potensitech.com/potensitech.com/languages/english/keywords/logs/kw_search_20251001_020721.log
2025-10-01 02:07:21,656 - INFO - ============================================================
2025-10-01 02:07:21,656 - INFO - AUTOMATIC KEYWORD RESEARCH TOOL
2025-10-01 02:07:21,657 - INFO - ============================================================
2025-10-01 02:07:21,810 - INFO - ========================================
2025-10-01 02:07:21,810 - INFO - Found 14 niches to process: xiaomi, iphone, samsung, apple, sony, asus, philips, sandisk, intel, nvidia, amd, canon, nikon, huawei
2025-10-01 02:07:21,810 - INFO - ========================================
2025-10-01 02:07:21,810 - INFO - Continuing from last processed niche: iphone
2025-10-01 02:07:21,810 - INFO - ========================================
2025-10-01 02:07:21,810 - INFO - 🎯 PROCESSING NICHE 3/14: 'samsung'
2025-10-01 02:07:21,810 - INFO - ========================================
2025-10-01 02:07:21,810 - INFO - 📁 Niche directory: /home/runner/work/potensitech.com/potensitech.com/languages/english/keywords/samsung
2025-10-01 02:07:21,810 - INFO - Selected region: us
2025-10-01 02:07:21,810 - INFO - Selected language: en
2025-10-01 02:07:21,811 - INFO - 🎯 Current niche: samsung
2025-10-01 02:07:24,861 - INFO - 🎯 Niche terms for filtering: samsung, cheap, best, latest, review, price, sell, buy, recommendation, tips, tutorial, guide, how to, vs, versus, compared to, comparison, alternatives, which is better, expensive, discount, deals, sale, affordable, cost, online, offline, marketplace, store, shop, retailer, where to buy, worst, quality, original, genuine, fake, replica, authentic, brand, manufacturer, company, product, samsung product, sell samsung, buy samsung, cheap samsung, best samsung, samsung review, where to buy samsung, how to choose samsung, top samsung, samsung guide, samsung for sale, samsung deals
2025-10-01 02:07:24,861 - INFO - Generated 50 niche-clue pairs for 'samsung'.
2025-10-01 02:07:24,864 - INFO - Expanded 50 seed keywords to 218 variations
2025-10-01 02:07:24,864 - INFO - 🔧 Request Handler initialized - Success rate: 100.0%
2025-10-01 02:11:47,882 - INFO - Original clue keywords: graphics performance, portable ssd
2025-10-01 02:11:47,882 - INFO - Niche-focused seeds: graphics performance samsung, samsung graphics performance, graphics performance cheap, cheap graphics performance, graphics performance best, best graphics performance, graphics performance latest, latest graphics performance, graphics performance review, review graphics performance, graphics performance price, price graphics performance, graphics performance sell, sell graphics performance, graphics performance buy, buy graphics performance, graphics performance recommendation, recommendation graphics performance, graphics performance tips, tips graphics performance, graphics performance tutorial, tutorial graphics performance, graphics performance guide, guide graphics performance, graphics performance how to, how to graphics performance, graphics performance vs, vs graphics performance, graphics performance versus, versus graphics performance, graphics performance compared to, compared to graphics performance, graphics performance comparison, comparison graphics performance, graphics performance alternatives, alternatives graphics performance, graphics performance which is better, which is better graphics performance, graphics performance expensive, expensive graphics performance, graphics performance discount, discount graphics performance, graphics performance deals, deals graphics performance, graphics performance sale, sale graphics performance, graphics performance affordable, affordable graphics performance, graphics performance cost, cost graphics performance, graphics performance online, online graphics performance, graphics performance offline, offline graphics performance, graphics performance marketplace, marketplace graphics performance, graphics performance store, store graphics performance, graphics performance shop, shop graphics performance, graphics performance retailer, retailer graphics performance, graphics performance where to buy, where to buy graphics performance, graphics performance worst, worst graphics performance, graphics performance quality, quality graphics performance, graphics performance original, original graphics performance, graphics performance genuine, genuine graphics performance, graphics performance fake, fake graphics performance, graphics performance replica, replica graphics performance, graphics performance authentic, authentic graphics performance, graphics performance brand, brand graphics performance, graphics performance manufacturer, manufacturer graphics performance, graphics performance company, company graphics performance, graphics performance product, product graphics performance, graphics performance samsung product, samsung product graphics performance, graphics performance sell samsung, sell samsung graphics performance, graphics performance buy samsung, buy samsung graphics performance, graphics performance cheap samsung, cheap samsung graphics performance, graphics performance best samsung, best samsung graphics performance, graphics performance samsung review, samsung review graphics performance, graphics performance where to buy samsung, where to buy samsung graphics performance, graphics performance how to choose samsung, how to choose samsung graphics performance, graphics performance top samsung, top samsung graphics performance, graphics performance samsung guide, samsung guide graphics performance, graphics performance samsung for sale, samsung for sale graphics performance, graphics performance samsung deals, samsung deals graphics performance, portable ssd samsung, samsung portable ssd, portable ssd cheap, cheap portable ssd, portable ssd best, best portable ssd, portable ssd latest, latest portable ssd, portable ssd review, review portable ssd, portable ssd price, price portable ssd, portable ssd sell, sell portable ssd, portable ssd buy, buy portable ssd, portable ssd recommendation, recommendation portable ssd, portable ssd tips, tips portable ssd, portable ssd tutorial, tutorial portable ssd, portable ssd guide, guide portable ssd, portable ssd how to, how to portable ssd, portable ssd vs, vs portable ssd, portable ssd versus, versus portable ssd, portable ssd compared to, compared to portable ssd, portable ssd comparison, comparison portable ssd, portable ssd alternatives, alternatives portable ssd, portable ssd which is better, which is better portable ssd, portable ssd expensive, expensive portable ssd, portable ssd discount, discount portable ssd, portable ssd deals, deals portable ssd, portable ssd sale, sale portable ssd, portable ssd affordable, affordable portable ssd, portable ssd cost, cost portable ssd, portable ssd online, online portable ssd, portable ssd offline, offline portable ssd, portable ssd marketplace, marketplace portable ssd, portable ssd store, store portable ssd, portable ssd shop, shop portable ssd, portable ssd retailer, retailer portable ssd, portable ssd where to buy, where to buy portable ssd, portable ssd worst, worst portable ssd, portable ssd quality, quality portable ssd, portable ssd original, original portable ssd, portable ssd genuine, genuine portable ssd, portable ssd fake, fake portable ssd, portable ssd replica, replica portable ssd, portable ssd authentic, authentic portable ssd, portable ssd brand, brand portable ssd, portable ssd manufacturer, manufacturer portable ssd, portable ssd company, company portable ssd, portable ssd product, product portable ssd, portable ssd samsung product, samsung product portable ssd, portable ssd sell samsung, sell samsung portable ssd, portable ssd buy samsung, buy samsung portable ssd, portable ssd cheap samsung, cheap samsung portable ssd, portable ssd best samsung, best samsung portable ssd, portable ssd samsung review, samsung review portable ssd, portable ssd where to buy samsung, where to buy samsung portable ssd, portable ssd how to choose samsung, how to choose samsung portable ssd, portable ssd top samsung, top samsung portable ssd, portable ssd samsung guide, samsung guide portable ssd, portable ssd samsung for sale, samsung for sale portable ssd, portable ssd samsung deals, samsung deals portable ssd
2025-10-01 02:11:47,885 - INFO - Expanded 220 seed keywords to 385 variations
2025-10-01 02:11:47,885 - INFO - Language: en
2025-10-01 02:11:47,885 - INFO - Region: us
2025-10-01 02:13:59,955 - INFO - 🎯 After all filtering for 'samsung': 120 relevant keywords
2025-10-01 02:14:00,202 - INFO - 🎯 Found 5 new keywords for niche 'samsung': samsung affordable graphics performance, samsung affordable portable ssd, cheap alternatives graphics performance, best authentic graphics performance, how to brand graphics performance
2025-10-01 02:14:08,418 - INFO - ✅ Niche 'samsung' process complete! 76 total keyword results.
2025-10-01 02:14:08,418 - INFO - ✅ Completed processing niche: 'samsung'
2025-10-01 02:14:08,418 - INFO - 🔧 Request Handler final stats - Success rate: 100.0%
2025-10-01 02:14:08,418 - INFO -    Total requests: 15982, Blocks: 0
2025-10-01 02:14:08,419 - INFO - 
========================================
2025-10-01 02:14:08,420 - INFO - Process Summary:
2025-10-01 02:14:08,420 - INFO - - Current niche: 'samsung'
2025-10-01 02:14:08,420 - INFO - - Next niche will be: 'apple'
2025-10-01 02:14:08,420 - INFO - - Keywords saved in: languages/english/keywords/samsung/
2025-10-01 02:14:08,420 - INFO - ========================================
