2025-11-08 09:41:26,883 - INFO - Log file created at: /home/runner/work/potensitech.com/potensitech.com/languages/english/keywords/logs/kw_search_20251108_094126.log
2025-11-08 09:41:26,883 - INFO - ============================================================
2025-11-08 09:41:26,883 - INFO - AUTOMATIC KEYWORD RESEARCH TOOL
2025-11-08 09:41:26,883 - INFO - ============================================================
2025-11-08 09:41:27,062 - INFO - ========================================
2025-11-08 09:41:27,062 - INFO - Found 14 niches to process: xiaomi, iphone, samsung, apple, sony, asus, philips, sandisk, intel, nvidia, amd, canon, nikon, huawei
2025-11-08 09:41:27,062 - INFO - ========================================
2025-11-08 09:41:27,062 - INFO - Continuing from last processed niche: sony
2025-11-08 09:41:27,062 - INFO - ========================================
2025-11-08 09:41:27,062 - INFO - 🎯 PROCESSING NICHE 6/14: 'asus'
2025-11-08 09:41:27,062 - INFO - ========================================
2025-11-08 09:41:27,062 - INFO - 📁 Niche directory: /home/runner/work/potensitech.com/potensitech.com/languages/english/keywords/asus
2025-11-08 09:41:27,062 - INFO - Selected region: us
2025-11-08 09:41:27,062 - INFO - Selected language: en
2025-11-08 09:41:27,062 - INFO - 🎯 Current niche: asus
2025-11-08 09:41:30,509 - INFO - 🎯 Niche terms for filtering: asus, cheap, best, latest, review, price, sell, buy, recommendation, tips, tutorial, guide, how to, vs, versus, compared to, comparison, alternatives, which is better, expensive, discount, deals, sale, affordable, cost, online, offline, marketplace, store, shop, retailer, where to buy, worst, quality, original, genuine, fake, replica, authentic, brand, manufacturer, company, product, asus product, sell asus, buy asus, cheap asus, best asus, asus review, where to buy asus, how to choose asus, top asus, asus guide, asus for sale, asus deals
2025-11-08 09:41:30,509 - INFO - Generated 50 niche-clue pairs for 'asus'.
2025-11-08 09:41:30,512 - INFO - Expanded 50 seed keywords to 218 variations
2025-11-08 09:41:30,513 - INFO - 🔧 Request Handler initialized - Success rate: 100.0%
2025-11-08 09:45:54,101 - INFO - Original clue keywords: usb drive, flash drive
2025-11-08 09:45:54,101 - INFO - Niche-focused seeds: usb drive asus, asus usb drive, usb drive cheap, cheap usb drive, usb drive best, best usb drive, usb drive latest, latest usb drive, usb drive review, review usb drive, usb drive price, price usb drive, usb drive sell, sell usb drive, usb drive buy, buy usb drive, usb drive recommendation, recommendation usb drive, usb drive tips, tips usb drive, usb drive tutorial, tutorial usb drive, usb drive guide, guide usb drive, usb drive how to, how to usb drive, usb drive vs, vs usb drive, usb drive versus, versus usb drive, usb drive compared to, compared to usb drive, usb drive comparison, comparison usb drive, usb drive alternatives, alternatives usb drive, usb drive which is better, which is better usb drive, usb drive expensive, expensive usb drive, usb drive discount, discount usb drive, usb drive deals, deals usb drive, usb drive sale, sale usb drive, usb drive affordable, affordable usb drive, usb drive cost, cost usb drive, usb drive online, online usb drive, usb drive offline, offline usb drive, usb drive marketplace, marketplace usb drive, usb drive store, store usb drive, usb drive shop, shop usb drive, usb drive retailer, retailer usb drive, usb drive where to buy, where to buy usb drive, usb drive worst, worst usb drive, usb drive quality, quality usb drive, usb drive original, original usb drive, usb drive genuine, genuine usb drive, usb drive fake, fake usb drive, usb drive replica, replica usb drive, usb drive authentic, authentic usb drive, usb drive brand, brand usb drive, usb drive manufacturer, manufacturer usb drive, usb drive company, company usb drive, usb drive product, product usb drive, usb drive asus product, asus product usb drive, usb drive sell asus, sell asus usb drive, usb drive buy asus, buy asus usb drive, usb drive cheap asus, cheap asus usb drive, usb drive best asus, best asus usb drive, usb drive asus review, asus review usb drive, usb drive where to buy asus, where to buy asus usb drive, usb drive how to choose asus, how to choose asus usb drive, usb drive top asus, top asus usb drive, usb drive asus guide, asus guide usb drive, usb drive asus for sale, asus for sale usb drive, usb drive asus deals, asus deals usb drive, flash drive asus, asus flash drive, flash drive cheap, cheap flash drive, flash drive best, best flash drive, flash drive latest, latest flash drive, flash drive review, review flash drive, flash drive price, price flash drive, flash drive sell, sell flash drive, flash drive buy, buy flash drive, flash drive recommendation, recommendation flash drive, flash drive tips, tips flash drive, flash drive tutorial, tutorial flash drive, flash drive guide, guide flash drive, flash drive how to, how to flash drive, flash drive vs, vs flash drive, flash drive versus, versus flash drive, flash drive compared to, compared to flash drive, flash drive comparison, comparison flash drive, flash drive alternatives, alternatives flash drive, flash drive which is better, which is better flash drive, flash drive expensive, expensive flash drive, flash drive discount, discount flash drive, flash drive deals, deals flash drive, flash drive sale, sale flash drive, flash drive affordable, affordable flash drive, flash drive cost, cost flash drive, flash drive online, online flash drive, flash drive offline, offline flash drive, flash drive marketplace, marketplace flash drive, flash drive store, store flash drive, flash drive shop, shop flash drive, flash drive retailer, retailer flash drive, flash drive where to buy, where to buy flash drive, flash drive worst, worst flash drive, flash drive quality, quality flash drive, flash drive original, original flash drive, flash drive genuine, genuine flash drive, flash drive fake, fake flash drive, flash drive replica, replica flash drive, flash drive authentic, authentic flash drive, flash drive brand, brand flash drive, flash drive manufacturer, manufacturer flash drive, flash drive company, company flash drive, flash drive product, product flash drive, flash drive asus product, asus product flash drive, flash drive sell asus, sell asus flash drive, flash drive buy asus, buy asus flash drive, flash drive cheap asus, cheap asus flash drive, flash drive best asus, best asus flash drive, flash drive asus review, asus review flash drive, flash drive where to buy asus, where to buy asus flash drive, flash drive how to choose asus, how to choose asus flash drive, flash drive top asus, top asus flash drive, flash drive asus guide, asus guide flash drive, flash drive asus for sale, asus for sale flash drive, flash drive asus deals, asus deals flash drive
2025-11-08 09:45:54,105 - INFO - Expanded 220 seed keywords to 385 variations
2025-11-08 09:45:54,105 - INFO - Language: en
2025-11-08 09:45:54,105 - INFO - Region: us
2025-11-08 09:50:27,494 - INFO - 🎯 After all filtering for 'asus': 120 relevant keywords
2025-11-08 09:50:27,873 - INFO - 🎯 Found 5 new keywords for niche 'asus': asus affordable flash drive, cheap affordable usb drive, cheap alternatives flash drive, asus alternatives usb drive, best authentic flash drive
2025-11-08 09:50:36,458 - INFO - ✅ Niche 'asus' process complete! 231 total keyword results.
2025-11-08 09:50:36,458 - INFO - ✅ Completed processing niche: 'asus'
2025-11-08 09:50:36,458 - INFO - 🔧 Request Handler final stats - Success rate: 100.0%
2025-11-08 09:50:36,458 - INFO -    Total requests: 38121, Blocks: 0
2025-11-08 09:50:36,459 - INFO - 
========================================
2025-11-08 09:50:36,459 - INFO - Process Summary:
2025-11-08 09:50:36,460 - INFO - - Current niche: 'asus'
2025-11-08 09:50:36,460 - INFO - - Next niche will be: 'philips'
2025-11-08 09:50:36,460 - INFO - - Keywords saved in: languages/english/keywords/asus/
2025-11-08 09:50:36,460 - INFO - ========================================
