2025-09-28 07:25:54,360 - INFO - Log file created at: /home/runner/work/potensitech.com/potensitech.com/languages/english/keywords/logs/kw_search_20250928_072554.log
2025-09-28 07:25:54,360 - INFO - ============================================================
2025-09-28 07:25:54,360 - INFO - AUTOMATIC KEYWORD RESEARCH TOOL
2025-09-28 07:25:54,360 - INFO - ============================================================
2025-09-28 07:25:54,474 - INFO - ========================================
2025-09-28 07:25:54,474 - INFO - Found 14 niches to process: xiaomi, iphone, samsung, apple, sony, asus, philips, sandisk, intel, nvidia, amd, canon, nikon, huawei
2025-09-28 07:25:54,474 - INFO - ========================================
2025-09-28 07:25:54,474 - INFO - Continuing from last processed niche: samsung
2025-09-28 07:25:54,474 - INFO - ========================================
2025-09-28 07:25:54,474 - INFO - 🎯 PROCESSING NICHE 4/14: 'apple'
2025-09-28 07:25:54,474 - INFO - ========================================
2025-09-28 07:25:54,474 - INFO - 📁 Niche directory: /home/runner/work/potensitech.com/potensitech.com/languages/english/keywords/apple
2025-09-28 07:25:54,474 - INFO - Selected region: us
2025-09-28 07:25:54,474 - INFO - Selected language: en
2025-09-28 07:25:54,474 - INFO - 🎯 Current niche: apple
2025-09-28 07:25:56,936 - INFO - 🎯 Niche terms for filtering: apple, cheap, best, latest, review, price, sell, buy, recommendation, tips, tutorial, guide, how to, vs, versus, compared to, comparison, alternatives, which is better, expensive, discount, deals, sale, affordable, cost, online, offline, marketplace, store, shop, retailer, where to buy, worst, quality, original, genuine, fake, replica, authentic, brand, manufacturer, company, product, apple product, sell apple, buy apple, cheap apple, best apple, apple review, where to buy apple, how to choose apple, top apple, apple guide, apple for sale, apple deals
2025-09-28 07:25:56,936 - INFO - Generated 50 niche-clue pairs for 'apple'.
2025-09-28 07:25:56,939 - INFO - Expanded 50 seed keywords to 218 variations
2025-09-28 07:25:56,939 - INFO - 🔧 Request Handler initialized - Success rate: 100.0%
2025-09-28 07:30:22,543 - INFO - Original clue keywords: autofocus speed, graphics performance
2025-09-28 07:30:22,543 - INFO - Niche-focused seeds: autofocus speed apple, apple autofocus speed, autofocus speed cheap, cheap autofocus speed, autofocus speed best, best autofocus speed, autofocus speed latest, latest autofocus speed, autofocus speed review, review autofocus speed, autofocus speed price, price autofocus speed, autofocus speed sell, sell autofocus speed, autofocus speed buy, buy autofocus speed, autofocus speed recommendation, recommendation autofocus speed, autofocus speed tips, tips autofocus speed, autofocus speed tutorial, tutorial autofocus speed, autofocus speed guide, guide autofocus speed, autofocus speed how to, how to autofocus speed, autofocus speed vs, vs autofocus speed, autofocus speed versus, versus autofocus speed, autofocus speed compared to, compared to autofocus speed, autofocus speed comparison, comparison autofocus speed, autofocus speed alternatives, alternatives autofocus speed, autofocus speed which is better, which is better autofocus speed, autofocus speed expensive, expensive autofocus speed, autofocus speed discount, discount autofocus speed, autofocus speed deals, deals autofocus speed, autofocus speed sale, sale autofocus speed, autofocus speed affordable, affordable autofocus speed, autofocus speed cost, cost autofocus speed, autofocus speed online, online autofocus speed, autofocus speed offline, offline autofocus speed, autofocus speed marketplace, marketplace autofocus speed, autofocus speed store, store autofocus speed, autofocus speed shop, shop autofocus speed, autofocus speed retailer, retailer autofocus speed, autofocus speed where to buy, where to buy autofocus speed, autofocus speed worst, worst autofocus speed, autofocus speed quality, quality autofocus speed, autofocus speed original, original autofocus speed, autofocus speed genuine, genuine autofocus speed, autofocus speed fake, fake autofocus speed, autofocus speed replica, replica autofocus speed, autofocus speed authentic, authentic autofocus speed, autofocus speed brand, brand autofocus speed, autofocus speed manufacturer, manufacturer autofocus speed, autofocus speed company, company autofocus speed, autofocus speed product, product autofocus speed, autofocus speed apple product, apple product autofocus speed, autofocus speed sell apple, sell apple autofocus speed, autofocus speed buy apple, buy apple autofocus speed, autofocus speed cheap apple, cheap apple autofocus speed, autofocus speed best apple, best apple autofocus speed, autofocus speed apple review, apple review autofocus speed, autofocus speed where to buy apple, where to buy apple autofocus speed, autofocus speed how to choose apple, how to choose apple autofocus speed, autofocus speed top apple, top apple autofocus speed, autofocus speed apple guide, apple guide autofocus speed, autofocus speed apple for sale, apple for sale autofocus speed, autofocus speed apple deals, apple deals autofocus speed, graphics performance apple, apple graphics performance, graphics performance cheap, cheap graphics performance, graphics performance best, best graphics performance, graphics performance latest, latest graphics performance, graphics performance review, review graphics performance, graphics performance price, price graphics performance, graphics performance sell, sell graphics performance, graphics performance buy, buy graphics performance, graphics performance recommendation, recommendation graphics performance, graphics performance tips, tips graphics performance, graphics performance tutorial, tutorial graphics performance, graphics performance guide, guide graphics performance, graphics performance how to, how to graphics performance, graphics performance vs, vs graphics performance, graphics performance versus, versus graphics performance, graphics performance compared to, compared to graphics performance, graphics performance comparison, comparison graphics performance, graphics performance alternatives, alternatives graphics performance, graphics performance which is better, which is better graphics performance, graphics performance expensive, expensive graphics performance, graphics performance discount, discount graphics performance, graphics performance deals, deals graphics performance, graphics performance sale, sale graphics performance, graphics performance affordable, affordable graphics performance, graphics performance cost, cost graphics performance, graphics performance online, online graphics performance, graphics performance offline, offline graphics performance, graphics performance marketplace, marketplace graphics performance, graphics performance store, store graphics performance, graphics performance shop, shop graphics performance, graphics performance retailer, retailer graphics performance, graphics performance where to buy, where to buy graphics performance, graphics performance worst, worst graphics performance, graphics performance quality, quality graphics performance, graphics performance original, original graphics performance, graphics performance genuine, genuine graphics performance, graphics performance fake, fake graphics performance, graphics performance replica, replica graphics performance, graphics performance authentic, authentic graphics performance, graphics performance brand, brand graphics performance, graphics performance manufacturer, manufacturer graphics performance, graphics performance company, company graphics performance, graphics performance product, product graphics performance, graphics performance apple product, apple product graphics performance, graphics performance sell apple, sell apple graphics performance, graphics performance buy apple, buy apple graphics performance, graphics performance cheap apple, cheap apple graphics performance, graphics performance best apple, best apple graphics performance, graphics performance apple review, apple review graphics performance, graphics performance where to buy apple, where to buy apple graphics performance, graphics performance how to choose apple, how to choose apple graphics performance, graphics performance top apple, top apple graphics performance, graphics performance apple guide, apple guide graphics performance, graphics performance apple for sale, apple for sale graphics performance, graphics performance apple deals, apple deals graphics performance
2025-09-28 07:30:22,547 - INFO - Expanded 220 seed keywords to 385 variations
2025-09-28 07:30:22,547 - INFO - Language: en
2025-09-28 07:30:22,547 - INFO - Region: us
2025-09-28 07:31:52,682 - INFO - 🎯 After all filtering for 'apple': 119 relevant keywords
2025-09-28 07:31:52,772 - INFO - 🎯 Found 5 new keywords for niche 'apple': apple affordable autofocus speed, apple affordable graphics performance, cheap alternatives autofocus speed, cheap alternatives graphics performance, best authentic autofocus speed
2025-09-28 07:32:03,078 - INFO - ✅ Niche 'apple' process complete! 52 total keyword results.
2025-09-28 07:32:03,078 - INFO - ✅ Completed processing niche: 'apple'
2025-09-28 07:32:03,078 - INFO - 🔧 Request Handler final stats - Success rate: 100.0%
2025-09-28 07:32:03,078 - INFO -    Total requests: 14113, Blocks: 0
2025-09-28 07:32:03,079 - INFO - 
========================================
2025-09-28 07:32:03,079 - INFO - Process Summary:
2025-09-28 07:32:03,079 - INFO - - Current niche: 'apple'
2025-09-28 07:32:03,080 - INFO - - Next niche will be: 'sony'
2025-09-28 07:32:03,080 - INFO - - Keywords saved in: languages/english/keywords/apple/
2025-09-28 07:32:03,080 - INFO - ========================================
