2025-10-01 14:38:29,832 - INFO - Log file created at: /home/runner/work/potensitech.com/potensitech.com/languages/english/keywords/logs/kw_search_20251001_143829.log
2025-10-01 14:38:29,832 - INFO - ============================================================
2025-10-01 14:38:29,832 - INFO - AUTOMATIC KEYWORD RESEARCH TOOL
2025-10-01 14:38:29,832 - INFO - ============================================================
2025-10-01 14:38:29,953 - INFO - ========================================
2025-10-01 14:38:29,953 - INFO - Found 14 niches to process: xiaomi, iphone, samsung, apple, sony, asus, philips, sandisk, intel, nvidia, amd, canon, nikon, huawei
2025-10-01 14:38:29,953 - INFO - ========================================
2025-10-01 14:38:29,953 - INFO - Continuing from last processed niche: sandisk
2025-10-01 14:38:29,953 - INFO - ========================================
2025-10-01 14:38:29,953 - INFO - 🎯 PROCESSING NICHE 9/14: 'intel'
2025-10-01 14:38:29,953 - INFO - ========================================
2025-10-01 14:38:29,953 - INFO - 📁 Niche directory: /home/runner/work/potensitech.com/potensitech.com/languages/english/keywords/intel
2025-10-01 14:38:29,953 - INFO - Selected region: us
2025-10-01 14:38:29,953 - INFO - Selected language: en
2025-10-01 14:38:29,953 - INFO - 🎯 Current niche: intel
2025-10-01 14:38:35,131 - INFO - 🎯 Niche terms for filtering: intel, cheap, best, latest, review, price, sell, buy, recommendation, tips, tutorial, guide, how to, vs, versus, compared to, comparison, alternatives, which is better, expensive, discount, deals, sale, affordable, cost, online, offline, marketplace, store, shop, retailer, where to buy, worst, quality, original, genuine, fake, replica, authentic, brand, manufacturer, company, product, intel product, sell intel, buy intel, cheap intel, best intel, intel review, where to buy intel, how to choose intel, top intel, intel guide, intel for sale, intel deals
2025-10-01 14:38:35,131 - INFO - Generated 50 niche-clue pairs for 'intel'.
2025-10-01 14:38:35,134 - INFO - Expanded 50 seed keywords to 218 variations
2025-10-01 14:38:35,135 - INFO - 🔧 Request Handler initialized - Success rate: 100.0%
2025-10-01 14:42:58,693 - INFO - Original clue keywords: portable ssd, ssd storage
2025-10-01 14:42:58,693 - INFO - Niche-focused seeds: portable ssd intel, intel portable ssd, portable ssd cheap, cheap portable ssd, portable ssd best, best portable ssd, portable ssd latest, latest portable ssd, portable ssd review, review portable ssd, portable ssd price, price portable ssd, portable ssd sell, sell portable ssd, portable ssd buy, buy portable ssd, portable ssd recommendation, recommendation portable ssd, portable ssd tips, tips portable ssd, portable ssd tutorial, tutorial portable ssd, portable ssd guide, guide portable ssd, portable ssd how to, how to portable ssd, portable ssd vs, vs portable ssd, portable ssd versus, versus portable ssd, portable ssd compared to, compared to portable ssd, portable ssd comparison, comparison portable ssd, portable ssd alternatives, alternatives portable ssd, portable ssd which is better, which is better portable ssd, portable ssd expensive, expensive portable ssd, portable ssd discount, discount portable ssd, portable ssd deals, deals portable ssd, portable ssd sale, sale portable ssd, portable ssd affordable, affordable portable ssd, portable ssd cost, cost portable ssd, portable ssd online, online portable ssd, portable ssd offline, offline portable ssd, portable ssd marketplace, marketplace portable ssd, portable ssd store, store portable ssd, portable ssd shop, shop portable ssd, portable ssd retailer, retailer portable ssd, portable ssd where to buy, where to buy portable ssd, portable ssd worst, worst portable ssd, portable ssd quality, quality portable ssd, portable ssd original, original portable ssd, portable ssd genuine, genuine portable ssd, portable ssd fake, fake portable ssd, portable ssd replica, replica portable ssd, portable ssd authentic, authentic portable ssd, portable ssd brand, brand portable ssd, portable ssd manufacturer, manufacturer portable ssd, portable ssd company, company portable ssd, portable ssd product, product portable ssd, portable ssd intel product, intel product portable ssd, portable ssd sell intel, sell intel portable ssd, portable ssd buy intel, buy intel portable ssd, portable ssd cheap intel, cheap intel portable ssd, portable ssd best intel, best intel portable ssd, portable ssd intel review, intel review portable ssd, portable ssd where to buy intel, where to buy intel portable ssd, portable ssd how to choose intel, how to choose intel portable ssd, portable ssd top intel, top intel portable ssd, portable ssd intel guide, intel guide portable ssd, portable ssd intel for sale, intel for sale portable ssd, portable ssd intel deals, intel deals portable ssd, ssd storage intel, intel ssd storage, ssd storage cheap, cheap ssd storage, ssd storage best, best ssd storage, ssd storage latest, latest ssd storage, ssd storage review, review ssd storage, ssd storage price, price ssd storage, ssd storage sell, sell ssd storage, ssd storage buy, buy ssd storage, ssd storage recommendation, recommendation ssd storage, ssd storage tips, tips ssd storage, ssd storage tutorial, tutorial ssd storage, ssd storage guide, guide ssd storage, ssd storage how to, how to ssd storage, ssd storage vs, vs ssd storage, ssd storage versus, versus ssd storage, ssd storage compared to, compared to ssd storage, ssd storage comparison, comparison ssd storage, ssd storage alternatives, alternatives ssd storage, ssd storage which is better, which is better ssd storage, ssd storage expensive, expensive ssd storage, ssd storage discount, discount ssd storage, ssd storage deals, deals ssd storage, ssd storage sale, sale ssd storage, ssd storage affordable, affordable ssd storage, ssd storage cost, cost ssd storage, ssd storage online, online ssd storage, ssd storage offline, offline ssd storage, ssd storage marketplace, marketplace ssd storage, ssd storage store, store ssd storage, ssd storage shop, shop ssd storage, ssd storage retailer, retailer ssd storage, ssd storage where to buy, where to buy ssd storage, ssd storage worst, worst ssd storage, ssd storage quality, quality ssd storage, ssd storage original, original ssd storage, ssd storage genuine, genuine ssd storage, ssd storage fake, fake ssd storage, ssd storage replica, replica ssd storage, ssd storage authentic, authentic ssd storage, ssd storage brand, brand ssd storage, ssd storage manufacturer, manufacturer ssd storage, ssd storage company, company ssd storage, ssd storage product, product ssd storage, ssd storage intel product, intel product ssd storage, ssd storage sell intel, sell intel ssd storage, ssd storage buy intel, buy intel ssd storage, ssd storage cheap intel, cheap intel ssd storage, ssd storage best intel, best intel ssd storage, ssd storage intel review, intel review ssd storage, ssd storage where to buy intel, where to buy intel ssd storage, ssd storage how to choose intel, how to choose intel ssd storage, ssd storage top intel, top intel ssd storage, ssd storage intel guide, intel guide ssd storage, ssd storage intel for sale, intel for sale ssd storage, ssd storage intel deals, intel deals ssd storage
2025-10-01 14:42:58,696 - INFO - Expanded 220 seed keywords to 385 variations
2025-10-01 14:42:58,696 - INFO - Language: en
2025-10-01 14:42:58,696 - INFO - Region: us
2025-10-01 14:43:32,519 - INFO - 🎯 After all filtering for 'intel': 120 relevant keywords
2025-10-01 14:43:32,796 - INFO - 🎯 Found 2 new keywords for niche 'intel': intel affordable portable ssd, intel alternatives ssd storage
2025-10-01 14:43:43,539 - INFO - ✅ Niche 'intel' process complete! 86 total keyword results.
2025-10-01 14:43:43,540 - INFO - ✅ Completed processing niche: 'intel'
2025-10-01 14:43:43,540 - INFO - 🔧 Request Handler final stats - Success rate: 100.0%
2025-10-01 14:43:43,540 - INFO -    Total requests: 16340, Blocks: 0
2025-10-01 14:43:43,541 - INFO - 
========================================
2025-10-01 14:43:43,541 - INFO - Process Summary:
2025-10-01 14:43:43,541 - INFO - - Current niche: 'intel'
2025-10-01 14:43:43,541 - INFO - - Next niche will be: 'nvidia'
2025-10-01 14:43:43,541 - INFO - - Keywords saved in: languages/english/keywords/intel/
2025-10-01 14:43:43,541 - INFO - ========================================
