2025-11-04 09:46:10,700 - INFO - Log file created at: /home/runner/work/potensitech.com/potensitech.com/languages/english/keywords/logs/kw_search_20251104_094610.log
2025-11-04 09:46:10,700 - INFO - ============================================================
2025-11-04 09:46:10,700 - INFO - AUTOMATIC KEYWORD RESEARCH TOOL
2025-11-04 09:46:10,700 - INFO - ============================================================
2025-11-04 09:46:10,875 - INFO - ========================================
2025-11-04 09:46:10,875 - INFO - Found 14 niches to process: xiaomi, iphone, samsung, apple, sony, asus, philips, sandisk, intel, nvidia, amd, canon, nikon, huawei
2025-11-04 09:46:10,875 - INFO - ========================================
2025-11-04 09:46:10,875 - INFO - Continuing from last processed niche: philips
2025-11-04 09:46:10,875 - INFO - ========================================
2025-11-04 09:46:10,875 - INFO - 🎯 PROCESSING NICHE 8/14: 'sandisk'
2025-11-04 09:46:10,875 - INFO - ========================================
2025-11-04 09:46:10,875 - INFO - 📁 Niche directory: /home/runner/work/potensitech.com/potensitech.com/languages/english/keywords/sandisk
2025-11-04 09:46:10,875 - INFO - Selected region: us
2025-11-04 09:46:10,875 - INFO - Selected language: en
2025-11-04 09:46:10,875 - INFO - 🎯 Current niche: sandisk
2025-11-04 09:46:14,863 - INFO - 🎯 Niche terms for filtering: sandisk, cheap, best, latest, review, price, sell, buy, recommendation, tips, tutorial, guide, how to, vs, versus, compared to, comparison, alternatives, which is better, expensive, discount, deals, sale, affordable, cost, online, offline, marketplace, store, shop, retailer, where to buy, worst, quality, original, genuine, fake, replica, authentic, brand, manufacturer, company, product, sandisk product, sell sandisk, buy sandisk, cheap sandisk, best sandisk, sandisk review, where to buy sandisk, how to choose sandisk, top sandisk, sandisk guide, sandisk for sale, sandisk deals
2025-11-04 09:46:14,863 - INFO - Generated 50 niche-clue pairs for 'sandisk'.
2025-11-04 09:46:14,866 - INFO - Expanded 50 seed keywords to 218 variations
2025-11-04 09:46:14,867 - INFO - 🔧 Request Handler initialized - Success rate: 100.0%
2025-11-04 09:50:37,850 - INFO - Original clue keywords: usb drive, flash drive
2025-11-04 09:50:37,850 - INFO - Niche-focused seeds: usb drive sandisk, sandisk usb drive, usb drive cheap, cheap usb drive, usb drive best, best usb drive, usb drive latest, latest usb drive, usb drive review, review usb drive, usb drive price, price usb drive, usb drive sell, sell usb drive, usb drive buy, buy usb drive, usb drive recommendation, recommendation usb drive, usb drive tips, tips usb drive, usb drive tutorial, tutorial usb drive, usb drive guide, guide usb drive, usb drive how to, how to usb drive, usb drive vs, vs usb drive, usb drive versus, versus usb drive, usb drive compared to, compared to usb drive, usb drive comparison, comparison usb drive, usb drive alternatives, alternatives usb drive, usb drive which is better, which is better usb drive, usb drive expensive, expensive usb drive, usb drive discount, discount usb drive, usb drive deals, deals usb drive, usb drive sale, sale usb drive, usb drive affordable, affordable usb drive, usb drive cost, cost usb drive, usb drive online, online usb drive, usb drive offline, offline usb drive, usb drive marketplace, marketplace usb drive, usb drive store, store usb drive, usb drive shop, shop usb drive, usb drive retailer, retailer usb drive, usb drive where to buy, where to buy usb drive, usb drive worst, worst usb drive, usb drive quality, quality usb drive, usb drive original, original usb drive, usb drive genuine, genuine usb drive, usb drive fake, fake usb drive, usb drive replica, replica usb drive, usb drive authentic, authentic usb drive, usb drive brand, brand usb drive, usb drive manufacturer, manufacturer usb drive, usb drive company, company usb drive, usb drive product, product usb drive, usb drive sandisk product, sandisk product usb drive, usb drive sell sandisk, sell sandisk usb drive, usb drive buy sandisk, buy sandisk usb drive, usb drive cheap sandisk, cheap sandisk usb drive, usb drive best sandisk, best sandisk usb drive, usb drive sandisk review, sandisk review usb drive, usb drive where to buy sandisk, where to buy sandisk usb drive, usb drive how to choose sandisk, how to choose sandisk usb drive, usb drive top sandisk, top sandisk usb drive, usb drive sandisk guide, sandisk guide usb drive, usb drive sandisk for sale, sandisk for sale usb drive, usb drive sandisk deals, sandisk deals usb drive, flash drive sandisk, sandisk flash drive, flash drive cheap, cheap flash drive, flash drive best, best flash drive, flash drive latest, latest flash drive, flash drive review, review flash drive, flash drive price, price flash drive, flash drive sell, sell flash drive, flash drive buy, buy flash drive, flash drive recommendation, recommendation flash drive, flash drive tips, tips flash drive, flash drive tutorial, tutorial flash drive, flash drive guide, guide flash drive, flash drive how to, how to flash drive, flash drive vs, vs flash drive, flash drive versus, versus flash drive, flash drive compared to, compared to flash drive, flash drive comparison, comparison flash drive, flash drive alternatives, alternatives flash drive, flash drive which is better, which is better flash drive, flash drive expensive, expensive flash drive, flash drive discount, discount flash drive, flash drive deals, deals flash drive, flash drive sale, sale flash drive, flash drive affordable, affordable flash drive, flash drive cost, cost flash drive, flash drive online, online flash drive, flash drive offline, offline flash drive, flash drive marketplace, marketplace flash drive, flash drive store, store flash drive, flash drive shop, shop flash drive, flash drive retailer, retailer flash drive, flash drive where to buy, where to buy flash drive, flash drive worst, worst flash drive, flash drive quality, quality flash drive, flash drive original, original flash drive, flash drive genuine, genuine flash drive, flash drive fake, fake flash drive, flash drive replica, replica flash drive, flash drive authentic, authentic flash drive, flash drive brand, brand flash drive, flash drive manufacturer, manufacturer flash drive, flash drive company, company flash drive, flash drive product, product flash drive, flash drive sandisk product, sandisk product flash drive, flash drive sell sandisk, sell sandisk flash drive, flash drive buy sandisk, buy sandisk flash drive, flash drive cheap sandisk, cheap sandisk flash drive, flash drive best sandisk, best sandisk flash drive, flash drive sandisk review, sandisk review flash drive, flash drive where to buy sandisk, where to buy sandisk flash drive, flash drive how to choose sandisk, how to choose sandisk flash drive, flash drive top sandisk, top sandisk flash drive, flash drive sandisk guide, sandisk guide flash drive, flash drive sandisk for sale, sandisk for sale flash drive, flash drive sandisk deals, sandisk deals flash drive
2025-11-04 09:50:37,853 - INFO - Expanded 220 seed keywords to 385 variations
2025-11-04 09:50:37,853 - INFO - Language: en
2025-11-04 09:50:37,853 - INFO - Region: us
2025-11-04 09:51:10,044 - INFO - 🎯 After all filtering for 'sandisk': 120 relevant keywords
2025-11-04 09:51:10,287 - INFO - 🎯 Found 2 new keywords for niche 'sandisk': sandisk affordable flash drive, sandisk alternatives usb drive
2025-11-04 09:51:20,398 - INFO - ✅ Niche 'sandisk' process complete! 173 total keyword results.
2025-11-04 09:51:20,398 - INFO - ✅ Completed processing niche: 'sandisk'
2025-11-04 09:51:20,398 - INFO - 🔧 Request Handler final stats - Success rate: 100.0%
2025-11-04 09:51:20,398 - INFO -    Total requests: 35915, Blocks: 0
2025-11-04 09:51:20,399 - INFO - 
========================================
2025-11-04 09:51:20,399 - INFO - Process Summary:
2025-11-04 09:51:20,399 - INFO - - Current niche: 'sandisk'
2025-11-04 09:51:20,399 - INFO - - Next niche will be: 'intel'
2025-11-04 09:51:20,399 - INFO - - Keywords saved in: languages/english/keywords/sandisk/
2025-11-04 09:51:20,400 - INFO - ========================================
