2025-10-01 09:43:51,966 - INFO - Log file created at: /home/runner/work/potensitech.com/potensitech.com/languages/english/keywords/logs/kw_search_20251001_094351.log
2025-10-01 09:43:51,966 - INFO - ============================================================
2025-10-01 09:43:51,966 - INFO - AUTOMATIC KEYWORD RESEARCH TOOL
2025-10-01 09:43:51,966 - INFO - ============================================================
2025-10-01 09:43:52,100 - INFO - ========================================
2025-10-01 09:43:52,101 - INFO - Found 14 niches to process: xiaomi, iphone, samsung, apple, sony, asus, philips, sandisk, intel, nvidia, amd, canon, nikon, huawei
2025-10-01 09:43:52,101 - INFO - ========================================
2025-10-01 09:43:52,101 - INFO - Continuing from last processed niche: asus
2025-10-01 09:43:52,101 - INFO - ========================================
2025-10-01 09:43:52,101 - INFO - 🎯 PROCESSING NICHE 7/14: 'philips'
2025-10-01 09:43:52,101 - INFO - ========================================
2025-10-01 09:43:52,101 - INFO - 📁 Niche directory: /home/runner/work/potensitech.com/potensitech.com/languages/english/keywords/philips
2025-10-01 09:43:52,101 - INFO - Selected region: us
2025-10-01 09:43:52,101 - INFO - Selected language: en
2025-10-01 09:43:52,101 - INFO - 🎯 Current niche: philips
2025-10-01 09:43:54,176 - INFO - 🎯 Niche terms for filtering: philips, cheap, best, latest, review, price, sell, buy, recommendation, tips, tutorial, guide, how to, vs, versus, compared to, comparison, alternatives, which is better, expensive, discount, deals, sale, affordable, cost, online, offline, marketplace, store, shop, retailer, where to buy, worst, quality, original, genuine, fake, replica, authentic, brand, manufacturer, company, product, philips product, sell philips, buy philips, cheap philips, best philips, philips review, where to buy philips, how to choose philips, top philips, philips guide, philips for sale, philips deals
2025-10-01 09:43:54,176 - INFO - Generated 50 niche-clue pairs for 'philips'.
2025-10-01 09:43:54,179 - INFO - Expanded 50 seed keywords to 218 variations
2025-10-01 09:43:54,180 - INFO - 🔧 Request Handler initialized - Success rate: 100.0%
2025-10-01 09:48:18,972 - INFO - Original clue keywords: graphics performance, portable ssd
2025-10-01 09:48:18,972 - INFO - Niche-focused seeds: graphics performance philips, philips graphics performance, graphics performance cheap, cheap graphics performance, graphics performance best, best graphics performance, graphics performance latest, latest graphics performance, graphics performance review, review graphics performance, graphics performance price, price graphics performance, graphics performance sell, sell graphics performance, graphics performance buy, buy graphics performance, graphics performance recommendation, recommendation graphics performance, graphics performance tips, tips graphics performance, graphics performance tutorial, tutorial graphics performance, graphics performance guide, guide graphics performance, graphics performance how to, how to graphics performance, graphics performance vs, vs graphics performance, graphics performance versus, versus graphics performance, graphics performance compared to, compared to graphics performance, graphics performance comparison, comparison graphics performance, graphics performance alternatives, alternatives graphics performance, graphics performance which is better, which is better graphics performance, graphics performance expensive, expensive graphics performance, graphics performance discount, discount graphics performance, graphics performance deals, deals graphics performance, graphics performance sale, sale graphics performance, graphics performance affordable, affordable graphics performance, graphics performance cost, cost graphics performance, graphics performance online, online graphics performance, graphics performance offline, offline graphics performance, graphics performance marketplace, marketplace graphics performance, graphics performance store, store graphics performance, graphics performance shop, shop graphics performance, graphics performance retailer, retailer graphics performance, graphics performance where to buy, where to buy graphics performance, graphics performance worst, worst graphics performance, graphics performance quality, quality graphics performance, graphics performance original, original graphics performance, graphics performance genuine, genuine graphics performance, graphics performance fake, fake graphics performance, graphics performance replica, replica graphics performance, graphics performance authentic, authentic graphics performance, graphics performance brand, brand graphics performance, graphics performance manufacturer, manufacturer graphics performance, graphics performance company, company graphics performance, graphics performance product, product graphics performance, graphics performance philips product, philips product graphics performance, graphics performance sell philips, sell philips graphics performance, graphics performance buy philips, buy philips graphics performance, graphics performance cheap philips, cheap philips graphics performance, graphics performance best philips, best philips graphics performance, graphics performance philips review, philips review graphics performance, graphics performance where to buy philips, where to buy philips graphics performance, graphics performance how to choose philips, how to choose philips graphics performance, graphics performance top philips, top philips graphics performance, graphics performance philips guide, philips guide graphics performance, graphics performance philips for sale, philips for sale graphics performance, graphics performance philips deals, philips deals graphics performance, portable ssd philips, philips portable ssd, portable ssd cheap, cheap portable ssd, portable ssd best, best portable ssd, portable ssd latest, latest portable ssd, portable ssd review, review portable ssd, portable ssd price, price portable ssd, portable ssd sell, sell portable ssd, portable ssd buy, buy portable ssd, portable ssd recommendation, recommendation portable ssd, portable ssd tips, tips portable ssd, portable ssd tutorial, tutorial portable ssd, portable ssd guide, guide portable ssd, portable ssd how to, how to portable ssd, portable ssd vs, vs portable ssd, portable ssd versus, versus portable ssd, portable ssd compared to, compared to portable ssd, portable ssd comparison, comparison portable ssd, portable ssd alternatives, alternatives portable ssd, portable ssd which is better, which is better portable ssd, portable ssd expensive, expensive portable ssd, portable ssd discount, discount portable ssd, portable ssd deals, deals portable ssd, portable ssd sale, sale portable ssd, portable ssd affordable, affordable portable ssd, portable ssd cost, cost portable ssd, portable ssd online, online portable ssd, portable ssd offline, offline portable ssd, portable ssd marketplace, marketplace portable ssd, portable ssd store, store portable ssd, portable ssd shop, shop portable ssd, portable ssd retailer, retailer portable ssd, portable ssd where to buy, where to buy portable ssd, portable ssd worst, worst portable ssd, portable ssd quality, quality portable ssd, portable ssd original, original portable ssd, portable ssd genuine, genuine portable ssd, portable ssd fake, fake portable ssd, portable ssd replica, replica portable ssd, portable ssd authentic, authentic portable ssd, portable ssd brand, brand portable ssd, portable ssd manufacturer, manufacturer portable ssd, portable ssd company, company portable ssd, portable ssd product, product portable ssd, portable ssd philips product, philips product portable ssd, portable ssd sell philips, sell philips portable ssd, portable ssd buy philips, buy philips portable ssd, portable ssd cheap philips, cheap philips portable ssd, portable ssd best philips, best philips portable ssd, portable ssd philips review, philips review portable ssd, portable ssd where to buy philips, where to buy philips portable ssd, portable ssd how to choose philips, how to choose philips portable ssd, portable ssd top philips, top philips portable ssd, portable ssd philips guide, philips guide portable ssd, portable ssd philips for sale, philips for sale portable ssd, portable ssd philips deals, philips deals portable ssd
2025-10-01 09:48:18,975 - INFO - Expanded 220 seed keywords to 385 variations
2025-10-01 09:48:18,975 - INFO - Language: en
2025-10-01 09:48:18,975 - INFO - Region: us
2025-10-01 09:50:26,894 - INFO - 🎯 After all filtering for 'philips': 120 relevant keywords
2025-10-01 09:50:27,040 - INFO - 🎯 Found 5 new keywords for niche 'philips': philips affordable graphics performance, philips affordable portable ssd, cheap alternatives graphics performance, cheap alternatives portable ssd, best authentic graphics performance
2025-10-01 09:50:47,320 - INFO - ✅ Niche 'philips' process complete! 81 total keyword results.
2025-10-01 09:50:47,320 - INFO - ✅ Completed processing niche: 'philips'
2025-10-01 09:50:47,320 - INFO - 🔧 Request Handler final stats - Success rate: 100.0%
2025-10-01 09:50:47,321 - INFO -    Total requests: 16247, Blocks: 0
2025-10-01 09:50:47,322 - INFO - 
========================================
2025-10-01 09:50:47,322 - INFO - Process Summary:
2025-10-01 09:50:47,322 - INFO - - Current niche: 'philips'
2025-10-01 09:50:47,322 - INFO - - Next niche will be: 'sandisk'
2025-10-01 09:50:47,322 - INFO - - Keywords saved in: languages/english/keywords/philips/
2025-10-01 09:50:47,322 - INFO - ========================================
