2025-12-01 19:31:54,866 - INFO - Log file created at: /home/runner/work/potensitech.com/potensitech.com/languages/english/keywords/logs/kw_search_20251201_193154.log
2025-12-01 19:31:54,866 - INFO - ============================================================
2025-12-01 19:31:54,866 - INFO - AUTOMATIC KEYWORD RESEARCH TOOL
2025-12-01 19:31:54,866 - INFO - ============================================================
2025-12-01 19:31:55,063 - INFO - ========================================
2025-12-01 19:31:55,063 - INFO - Found 14 niches to process: xiaomi, iphone, samsung, apple, sony, asus, philips, sandisk, intel, nvidia, amd, canon, nikon, huawei
2025-12-01 19:31:55,063 - INFO - ========================================
2025-12-01 19:31:55,063 - INFO - Continuing from last processed niche: xiaomi
2025-12-01 19:31:55,063 - INFO - ========================================
2025-12-01 19:31:55,064 - INFO - 🎯 PROCESSING NICHE 2/14: 'iphone'
2025-12-01 19:31:55,064 - INFO - ========================================
2025-12-01 19:31:55,064 - INFO - 📁 Niche directory: /home/runner/work/potensitech.com/potensitech.com/languages/english/keywords/iphone
2025-12-01 19:31:55,064 - INFO - Selected region: us
2025-12-01 19:31:55,064 - INFO - Selected language: en
2025-12-01 19:31:55,064 - INFO - 🎯 Current niche: iphone
2025-12-01 19:31:58,223 - INFO - 🎯 Niche terms for filtering: iphone, cheap, best, latest, review, price, sell, buy, recommendation, tips, tutorial, guide, how to, vs, versus, compared to, comparison, alternatives, which is better, expensive, discount, deals, sale, affordable, cost, online, offline, marketplace, store, shop, retailer, where to buy, worst, quality, original, genuine, fake, replica, authentic, brand, manufacturer, company, product, iphone product, sell iphone, buy iphone, cheap iphone, best iphone, iphone review, where to buy iphone, how to choose iphone, top iphone, iphone guide, iphone for sale, iphone deals
2025-12-01 19:31:58,223 - INFO - Generated 50 niche-clue pairs for 'iphone'.
2025-12-01 19:31:58,226 - INFO - Expanded 50 seed keywords to 218 variations
2025-12-01 19:31:58,226 - INFO - 🔧 Request Handler initialized - Success rate: 100.0%
2025-12-01 19:36:20,427 - INFO - Original clue keywords: camera lenses, processor speed
2025-12-01 19:36:20,427 - INFO - Niche-focused seeds: camera lenses iphone, iphone camera lenses, camera lenses cheap, cheap camera lenses, camera lenses best, best camera lenses, camera lenses latest, latest camera lenses, camera lenses review, review camera lenses, camera lenses price, price camera lenses, camera lenses sell, sell camera lenses, camera lenses buy, buy camera lenses, camera lenses recommendation, recommendation camera lenses, camera lenses tips, tips camera lenses, camera lenses tutorial, tutorial camera lenses, camera lenses guide, guide camera lenses, camera lenses how to, how to camera lenses, camera lenses vs, vs camera lenses, camera lenses versus, versus camera lenses, camera lenses compared to, compared to camera lenses, camera lenses comparison, comparison camera lenses, camera lenses alternatives, alternatives camera lenses, camera lenses which is better, which is better camera lenses, camera lenses expensive, expensive camera lenses, camera lenses discount, discount camera lenses, camera lenses deals, deals camera lenses, camera lenses sale, sale camera lenses, camera lenses affordable, affordable camera lenses, camera lenses cost, cost camera lenses, camera lenses online, online camera lenses, camera lenses offline, offline camera lenses, camera lenses marketplace, marketplace camera lenses, camera lenses store, store camera lenses, camera lenses shop, shop camera lenses, camera lenses retailer, retailer camera lenses, camera lenses where to buy, where to buy camera lenses, camera lenses worst, worst camera lenses, camera lenses quality, quality camera lenses, camera lenses original, original camera lenses, camera lenses genuine, genuine camera lenses, camera lenses fake, fake camera lenses, camera lenses replica, replica camera lenses, camera lenses authentic, authentic camera lenses, camera lenses brand, brand camera lenses, camera lenses manufacturer, manufacturer camera lenses, camera lenses company, company camera lenses, camera lenses product, product camera lenses, camera lenses iphone product, iphone product camera lenses, camera lenses sell iphone, sell iphone camera lenses, camera lenses buy iphone, buy iphone camera lenses, camera lenses cheap iphone, cheap iphone camera lenses, camera lenses best iphone, best iphone camera lenses, camera lenses iphone review, iphone review camera lenses, camera lenses where to buy iphone, where to buy iphone camera lenses, camera lenses how to choose iphone, how to choose iphone camera lenses, camera lenses top iphone, top iphone camera lenses, camera lenses iphone guide, iphone guide camera lenses, camera lenses iphone for sale, iphone for sale camera lenses, camera lenses iphone deals, iphone deals camera lenses, processor speed iphone, iphone processor speed, processor speed cheap, cheap processor speed, processor speed best, best processor speed, processor speed latest, latest processor speed, processor speed review, review processor speed, processor speed price, price processor speed, processor speed sell, sell processor speed, processor speed buy, buy processor speed, processor speed recommendation, recommendation processor speed, processor speed tips, tips processor speed, processor speed tutorial, tutorial processor speed, processor speed guide, guide processor speed, processor speed how to, how to processor speed, processor speed vs, vs processor speed, processor speed versus, versus processor speed, processor speed compared to, compared to processor speed, processor speed comparison, comparison processor speed, processor speed alternatives, alternatives processor speed, processor speed which is better, which is better processor speed, processor speed expensive, expensive processor speed, processor speed discount, discount processor speed, processor speed deals, deals processor speed, processor speed sale, sale processor speed, processor speed affordable, affordable processor speed, processor speed cost, cost processor speed, processor speed online, online processor speed, processor speed offline, offline processor speed, processor speed marketplace, marketplace processor speed, processor speed store, store processor speed, processor speed shop, shop processor speed, processor speed retailer, retailer processor speed, processor speed where to buy, where to buy processor speed, processor speed worst, worst processor speed, processor speed quality, quality processor speed, processor speed original, original processor speed, processor speed genuine, genuine processor speed, processor speed fake, fake processor speed, processor speed replica, replica processor speed, processor speed authentic, authentic processor speed, processor speed brand, brand processor speed, processor speed manufacturer, manufacturer processor speed, processor speed company, company processor speed, processor speed product, product processor speed, processor speed iphone product, iphone product processor speed, processor speed sell iphone, sell iphone processor speed, processor speed buy iphone, buy iphone processor speed, processor speed cheap iphone, cheap iphone processor speed, processor speed best iphone, best iphone processor speed, processor speed iphone review, iphone review processor speed, processor speed where to buy iphone, where to buy iphone processor speed, processor speed how to choose iphone, how to choose iphone processor speed, processor speed top iphone, top iphone processor speed, processor speed iphone guide, iphone guide processor speed, processor speed iphone for sale, iphone for sale processor speed, processor speed iphone deals, iphone deals processor speed
2025-12-01 19:36:20,431 - INFO - Expanded 220 seed keywords to 385 variations
2025-12-01 19:36:20,431 - INFO - Language: en
2025-12-01 19:36:20,431 - INFO - Region: us
2025-12-01 19:36:55,038 - INFO - 🎯 After all filtering for 'iphone': 120 relevant keywords
2025-12-01 19:36:56,110 - INFO - 🎯 Found 2 new keywords for niche 'iphone': iphone affordable camera lenses, iphone affordable processor speed
2025-12-01 19:36:59,621 - INFO - ✅ Niche 'iphone' process complete! 307 total keyword results.
2025-12-01 19:36:59,622 - INFO - ✅ Completed processing niche: 'iphone'
2025-12-01 19:36:59,622 - INFO - 🔧 Request Handler final stats - Success rate: 100.0%
2025-12-01 19:36:59,622 - INFO -    Total requests: 51024, Blocks: 0
2025-12-01 19:36:59,623 - INFO - 
========================================
2025-12-01 19:36:59,623 - INFO - Process Summary:
2025-12-01 19:36:59,623 - INFO - - Current niche: 'iphone'
2025-12-01 19:36:59,623 - INFO - - Next niche will be: 'samsung'
2025-12-01 19:36:59,623 - INFO - - Keywords saved in: languages/english/keywords/iphone/
2025-12-01 19:36:59,623 - INFO - ========================================
