2025-10-05 19:21:42,059 - INFO - Log file created at: /home/runner/work/potensitech.com/potensitech.com/languages/english/keywords/logs/kw_search_20251005_192142.log
2025-10-05 19:21:42,059 - INFO - ============================================================
2025-10-05 19:21:42,059 - INFO - AUTOMATIC KEYWORD RESEARCH TOOL
2025-10-05 19:21:42,059 - INFO - ============================================================
2025-10-05 19:21:42,202 - INFO - ========================================
2025-10-05 19:21:42,202 - INFO - Found 14 niches to process: xiaomi, iphone, samsung, apple, sony, asus, philips, sandisk, intel, nvidia, amd, canon, nikon, huawei
2025-10-05 19:21:42,202 - INFO - ========================================
2025-10-05 19:21:42,202 - INFO - Continuing from last processed niche: sandisk
2025-10-05 19:21:42,202 - INFO - ========================================
2025-10-05 19:21:42,202 - INFO - 🎯 PROCESSING NICHE 9/14: 'intel'
2025-10-05 19:21:42,202 - INFO - ========================================
2025-10-05 19:21:42,202 - INFO - 📁 Niche directory: /home/runner/work/potensitech.com/potensitech.com/languages/english/keywords/intel
2025-10-05 19:21:42,202 - INFO - Selected region: us
2025-10-05 19:21:42,202 - INFO - Selected language: en
2025-10-05 19:21:42,202 - INFO - 🎯 Current niche: intel
2025-10-05 19:21:45,009 - INFO - 🎯 Niche terms for filtering: intel, cheap, best, latest, review, price, sell, buy, recommendation, tips, tutorial, guide, how to, vs, versus, compared to, comparison, alternatives, which is better, expensive, discount, deals, sale, affordable, cost, online, offline, marketplace, store, shop, retailer, where to buy, worst, quality, original, genuine, fake, replica, authentic, brand, manufacturer, company, product, intel product, sell intel, buy intel, cheap intel, best intel, intel review, where to buy intel, how to choose intel, top intel, intel guide, intel for sale, intel deals
2025-10-05 19:21:45,009 - INFO - Generated 50 niche-clue pairs for 'intel'.
2025-10-05 19:21:45,012 - INFO - Expanded 50 seed keywords to 218 variations
2025-10-05 19:21:45,012 - INFO - 🔧 Request Handler initialized - Success rate: 100.0%
2025-10-05 19:26:09,962 - INFO - Original clue keywords: data storage, usb performance
2025-10-05 19:26:09,962 - INFO - Niche-focused seeds: data storage intel, intel data storage, data storage cheap, cheap data storage, data storage best, best data storage, data storage latest, latest data storage, data storage review, review data storage, data storage price, price data storage, data storage sell, sell data storage, data storage buy, buy data storage, data storage recommendation, recommendation data storage, data storage tips, tips data storage, data storage tutorial, tutorial data storage, data storage guide, guide data storage, data storage how to, how to data storage, data storage vs, vs data storage, data storage versus, versus data storage, data storage compared to, compared to data storage, data storage comparison, comparison data storage, data storage alternatives, alternatives data storage, data storage which is better, which is better data storage, data storage expensive, expensive data storage, data storage discount, discount data storage, data storage deals, deals data storage, data storage sale, sale data storage, data storage affordable, affordable data storage, data storage cost, cost data storage, data storage online, online data storage, data storage offline, offline data storage, data storage marketplace, marketplace data storage, data storage store, store data storage, data storage shop, shop data storage, data storage retailer, retailer data storage, data storage where to buy, where to buy data storage, data storage worst, worst data storage, data storage quality, quality data storage, data storage original, original data storage, data storage genuine, genuine data storage, data storage fake, fake data storage, data storage replica, replica data storage, data storage authentic, authentic data storage, data storage brand, brand data storage, data storage manufacturer, manufacturer data storage, data storage company, company data storage, data storage product, product data storage, data storage intel product, intel product data storage, data storage sell intel, sell intel data storage, data storage buy intel, buy intel data storage, data storage cheap intel, cheap intel data storage, data storage best intel, best intel data storage, data storage intel review, intel review data storage, data storage where to buy intel, where to buy intel data storage, data storage how to choose intel, how to choose intel data storage, data storage top intel, top intel data storage, data storage intel guide, intel guide data storage, data storage intel for sale, intel for sale data storage, data storage intel deals, intel deals data storage, usb performance intel, intel usb performance, usb performance cheap, cheap usb performance, usb performance best, best usb performance, usb performance latest, latest usb performance, usb performance review, review usb performance, usb performance price, price usb performance, usb performance sell, sell usb performance, usb performance buy, buy usb performance, usb performance recommendation, recommendation usb performance, usb performance tips, tips usb performance, usb performance tutorial, tutorial usb performance, usb performance guide, guide usb performance, usb performance how to, how to usb performance, usb performance vs, vs usb performance, usb performance versus, versus usb performance, usb performance compared to, compared to usb performance, usb performance comparison, comparison usb performance, usb performance alternatives, alternatives usb performance, usb performance which is better, which is better usb performance, usb performance expensive, expensive usb performance, usb performance discount, discount usb performance, usb performance deals, deals usb performance, usb performance sale, sale usb performance, usb performance affordable, affordable usb performance, usb performance cost, cost usb performance, usb performance online, online usb performance, usb performance offline, offline usb performance, usb performance marketplace, marketplace usb performance, usb performance store, store usb performance, usb performance shop, shop usb performance, usb performance retailer, retailer usb performance, usb performance where to buy, where to buy usb performance, usb performance worst, worst usb performance, usb performance quality, quality usb performance, usb performance original, original usb performance, usb performance genuine, genuine usb performance, usb performance fake, fake usb performance, usb performance replica, replica usb performance, usb performance authentic, authentic usb performance, usb performance brand, brand usb performance, usb performance manufacturer, manufacturer usb performance, usb performance company, company usb performance, usb performance product, product usb performance, usb performance intel product, intel product usb performance, usb performance sell intel, sell intel usb performance, usb performance buy intel, buy intel usb performance, usb performance cheap intel, cheap intel usb performance, usb performance best intel, best intel usb performance, usb performance intel review, intel review usb performance, usb performance where to buy intel, where to buy intel usb performance, usb performance how to choose intel, how to choose intel usb performance, usb performance top intel, top intel usb performance, usb performance intel guide, intel guide usb performance, usb performance intel for sale, intel for sale usb performance, usb performance intel deals, intel deals usb performance
2025-10-05 19:26:09,965 - INFO - Expanded 220 seed keywords to 385 variations
2025-10-05 19:26:09,965 - INFO - Language: en
2025-10-05 19:26:09,965 - INFO - Region: us
2025-10-05 19:30:43,165 - INFO - 🎯 After all filtering for 'intel': 120 relevant keywords
2025-10-05 19:30:43,345 - INFO - 🎯 Found 5 new keywords for niche 'intel': intel affordable data storage, intel affordable usb performance, cheap alternatives data storage, cheap alternatives usb performance, best authentic data storage
2025-10-05 19:30:51,308 - INFO - ✅ Niche 'intel' process complete! 102 total keyword results.
2025-10-05 19:30:51,308 - INFO - ✅ Completed processing niche: 'intel'
2025-10-05 19:30:51,308 - INFO - 🔧 Request Handler final stats - Success rate: 100.0%
2025-10-05 19:30:51,308 - INFO -    Total requests: 19650, Blocks: 0
2025-10-05 19:30:51,309 - INFO - 
========================================
2025-10-05 19:30:51,309 - INFO - Process Summary:
2025-10-05 19:30:51,309 - INFO - - Current niche: 'intel'
2025-10-05 19:30:51,309 - INFO - - Next niche will be: 'nvidia'
2025-10-05 19:30:51,309 - INFO - - Keywords saved in: languages/english/keywords/intel/
2025-10-05 19:30:51,310 - INFO - ========================================
