2025-10-21 19:26:33,381 - INFO - Log file created at: /home/runner/work/potensitech.com/potensitech.com/languages/english/keywords/logs/kw_search_20251021_192633.log
2025-10-21 19:26:33,382 - INFO - ============================================================
2025-10-21 19:26:33,382 - INFO - AUTOMATIC KEYWORD RESEARCH TOOL
2025-10-21 19:26:33,382 - INFO - ============================================================
2025-10-21 19:26:33,590 - INFO - ========================================
2025-10-21 19:26:33,590 - INFO - Found 14 niches to process: xiaomi, iphone, samsung, apple, sony, asus, philips, sandisk, intel, nvidia, amd, canon, nikon, huawei
2025-10-21 19:26:33,590 - INFO - ========================================
2025-10-21 19:26:33,590 - INFO - All niches completed, starting over
2025-10-21 19:26:33,590 - INFO - ========================================
2025-10-21 19:26:33,590 - INFO - 🎯 PROCESSING NICHE 1/14: 'xiaomi'
2025-10-21 19:26:33,590 - INFO - ========================================
2025-10-21 19:26:33,590 - INFO - 📁 Niche directory: /home/runner/work/potensitech.com/potensitech.com/languages/english/keywords/xiaomi
2025-10-21 19:26:33,590 - INFO - Selected region: us
2025-10-21 19:26:33,590 - INFO - Selected language: en
2025-10-21 19:26:33,590 - INFO - 🎯 Current niche: xiaomi
2025-10-21 19:26:37,922 - INFO - 🎯 Niche terms for filtering: xiaomi, cheap, best, latest, review, price, sell, buy, recommendation, tips, tutorial, guide, how to, vs, versus, compared to, comparison, alternatives, which is better, expensive, discount, deals, sale, affordable, cost, online, offline, marketplace, store, shop, retailer, where to buy, worst, quality, original, genuine, fake, replica, authentic, brand, manufacturer, company, product, xiaomi product, sell xiaomi, buy xiaomi, cheap xiaomi, best xiaomi, xiaomi review, where to buy xiaomi, how to choose xiaomi, top xiaomi, xiaomi guide, xiaomi for sale, xiaomi deals
2025-10-21 19:26:37,922 - INFO - Generated 50 niche-clue pairs for 'xiaomi'.
2025-10-21 19:26:37,925 - INFO - Expanded 50 seed keywords to 218 variations
2025-10-21 19:26:37,926 - INFO - 🔧 Request Handler initialized - Success rate: 100.0%
2025-10-21 19:31:03,235 - INFO - Original clue keywords: camera lens, gpu performance
2025-10-21 19:31:03,235 - INFO - Niche-focused seeds: camera lens xiaomi, xiaomi camera lens, camera lens cheap, cheap camera lens, camera lens best, best camera lens, camera lens latest, latest camera lens, camera lens review, review camera lens, camera lens price, price camera lens, camera lens sell, sell camera lens, camera lens buy, buy camera lens, camera lens recommendation, recommendation camera lens, camera lens tips, tips camera lens, camera lens tutorial, tutorial camera lens, camera lens guide, guide camera lens, camera lens how to, how to camera lens, camera lens vs, vs camera lens, camera lens versus, versus camera lens, camera lens compared to, compared to camera lens, camera lens comparison, comparison camera lens, camera lens alternatives, alternatives camera lens, camera lens which is better, which is better camera lens, camera lens expensive, expensive camera lens, camera lens discount, discount camera lens, camera lens deals, deals camera lens, camera lens sale, sale camera lens, camera lens affordable, affordable camera lens, camera lens cost, cost camera lens, camera lens online, online camera lens, camera lens offline, offline camera lens, camera lens marketplace, marketplace camera lens, camera lens store, store camera lens, camera lens shop, shop camera lens, camera lens retailer, retailer camera lens, camera lens where to buy, where to buy camera lens, camera lens worst, worst camera lens, camera lens quality, quality camera lens, camera lens original, original camera lens, camera lens genuine, genuine camera lens, camera lens fake, fake camera lens, camera lens replica, replica camera lens, camera lens authentic, authentic camera lens, camera lens brand, brand camera lens, camera lens manufacturer, manufacturer camera lens, camera lens company, company camera lens, camera lens product, product camera lens, camera lens xiaomi product, xiaomi product camera lens, camera lens sell xiaomi, sell xiaomi camera lens, camera lens buy xiaomi, buy xiaomi camera lens, camera lens cheap xiaomi, cheap xiaomi camera lens, camera lens best xiaomi, best xiaomi camera lens, camera lens xiaomi review, xiaomi review camera lens, camera lens where to buy xiaomi, where to buy xiaomi camera lens, camera lens how to choose xiaomi, how to choose xiaomi camera lens, camera lens top xiaomi, top xiaomi camera lens, camera lens xiaomi guide, xiaomi guide camera lens, camera lens xiaomi for sale, xiaomi for sale camera lens, camera lens xiaomi deals, xiaomi deals camera lens, gpu performance xiaomi, xiaomi gpu performance, gpu performance cheap, cheap gpu performance, gpu performance best, best gpu performance, gpu performance latest, latest gpu performance, gpu performance review, review gpu performance, gpu performance price, price gpu performance, gpu performance sell, sell gpu performance, gpu performance buy, buy gpu performance, gpu performance recommendation, recommendation gpu performance, gpu performance tips, tips gpu performance, gpu performance tutorial, tutorial gpu performance, gpu performance guide, guide gpu performance, gpu performance how to, how to gpu performance, gpu performance vs, vs gpu performance, gpu performance versus, versus gpu performance, gpu performance compared to, compared to gpu performance, gpu performance comparison, comparison gpu performance, gpu performance alternatives, alternatives gpu performance, gpu performance which is better, which is better gpu performance, gpu performance expensive, expensive gpu performance, gpu performance discount, discount gpu performance, gpu performance deals, deals gpu performance, gpu performance sale, sale gpu performance, gpu performance affordable, affordable gpu performance, gpu performance cost, cost gpu performance, gpu performance online, online gpu performance, gpu performance offline, offline gpu performance, gpu performance marketplace, marketplace gpu performance, gpu performance store, store gpu performance, gpu performance shop, shop gpu performance, gpu performance retailer, retailer gpu performance, gpu performance where to buy, where to buy gpu performance, gpu performance worst, worst gpu performance, gpu performance quality, quality gpu performance, gpu performance original, original gpu performance, gpu performance genuine, genuine gpu performance, gpu performance fake, fake gpu performance, gpu performance replica, replica gpu performance, gpu performance authentic, authentic gpu performance, gpu performance brand, brand gpu performance, gpu performance manufacturer, manufacturer gpu performance, gpu performance company, company gpu performance, gpu performance product, product gpu performance, gpu performance xiaomi product, xiaomi product gpu performance, gpu performance sell xiaomi, sell xiaomi gpu performance, gpu performance buy xiaomi, buy xiaomi gpu performance, gpu performance cheap xiaomi, cheap xiaomi gpu performance, gpu performance best xiaomi, best xiaomi gpu performance, gpu performance xiaomi review, xiaomi review gpu performance, gpu performance where to buy xiaomi, where to buy xiaomi gpu performance, gpu performance how to choose xiaomi, how to choose xiaomi gpu performance, gpu performance top xiaomi, top xiaomi gpu performance, gpu performance xiaomi guide, xiaomi guide gpu performance, gpu performance xiaomi for sale, xiaomi for sale gpu performance, gpu performance xiaomi deals, xiaomi deals gpu performance
2025-10-21 19:31:03,238 - INFO - Expanded 220 seed keywords to 385 variations
2025-10-21 19:31:03,238 - INFO - Language: en
2025-10-21 19:31:03,238 - INFO - Region: us
2025-10-21 19:31:36,502 - INFO - 🎯 After all filtering for 'xiaomi': 120 relevant keywords
2025-10-21 19:31:36,854 - INFO - 🎯 Found 5 new keywords for niche 'xiaomi': xiaomi affordable camera lens, xiaomi affordable gpu performance, cheap alternatives gpu performance, best authentic gpu performance, how to brand gpu performance
2025-10-21 19:31:45,791 - INFO - ✅ Niche 'xiaomi' process complete! 147 total keyword results.
2025-10-21 19:31:45,792 - INFO - ✅ Completed processing niche: 'xiaomi'
2025-10-21 19:31:45,792 - INFO - 🔧 Request Handler final stats - Success rate: 100.0%
2025-10-21 19:31:45,792 - INFO -    Total requests: 29485, Blocks: 0
2025-10-21 19:31:45,793 - INFO - 
========================================
2025-10-21 19:31:45,793 - INFO - Process Summary:
2025-10-21 19:31:45,793 - INFO - - Current niche: 'xiaomi'
2025-10-21 19:31:45,793 - INFO - - Next niche will be: 'iphone'
2025-10-21 19:31:45,793 - INFO - - Keywords saved in: languages/english/keywords/xiaomi/
2025-10-21 19:31:45,793 - INFO - ========================================
