2025-10-12 21:43:41,623 - INFO - Log file created at: /home/runner/work/potensitech.com/potensitech.com/languages/english/keywords/logs/kw_search_20251012_214341.log
2025-10-12 21:43:41,623 - INFO - ============================================================
2025-10-12 21:43:41,623 - INFO - AUTOMATIC KEYWORD RESEARCH TOOL
2025-10-12 21:43:41,623 - INFO - ============================================================
2025-10-12 21:43:41,805 - INFO - ========================================
2025-10-12 21:43:41,806 - INFO - Found 14 niches to process: xiaomi, iphone, samsung, apple, sony, asus, philips, sandisk, intel, nvidia, amd, canon, nikon, huawei
2025-10-12 21:43:41,806 - INFO - ========================================
2025-10-12 21:43:41,806 - INFO - Continuing from last processed niche: intel
2025-10-12 21:43:41,806 - INFO - ========================================
2025-10-12 21:43:41,806 - INFO - 🎯 PROCESSING NICHE 10/14: 'nvidia'
2025-10-12 21:43:41,806 - INFO - ========================================
2025-10-12 21:43:41,806 - INFO - 📁 Niche directory: /home/runner/work/potensitech.com/potensitech.com/languages/english/keywords/nvidia
2025-10-12 21:43:41,806 - INFO - Selected region: us
2025-10-12 21:43:41,806 - INFO - Selected language: en
2025-10-12 21:43:41,806 - INFO - 🎯 Current niche: nvidia
2025-10-12 21:43:45,125 - INFO - 🎯 Niche terms for filtering: nvidia, cheap, best, latest, review, price, sell, buy, recommendation, tips, tutorial, guide, how to, vs, versus, compared to, comparison, alternatives, which is better, expensive, discount, deals, sale, affordable, cost, online, offline, marketplace, store, shop, retailer, where to buy, worst, quality, original, genuine, fake, replica, authentic, brand, manufacturer, company, product, nvidia product, sell nvidia, buy nvidia, cheap nvidia, best nvidia, nvidia review, where to buy nvidia, how to choose nvidia, top nvidia, nvidia guide, nvidia for sale, nvidia deals
2025-10-12 21:43:45,126 - INFO - Generated 50 niche-clue pairs for 'nvidia'.
2025-10-12 21:43:45,129 - INFO - Expanded 50 seed keywords to 218 variations
2025-10-12 21:43:45,129 - INFO - 🔧 Request Handler initialized - Success rate: 100.0%
2025-10-12 21:48:10,877 - INFO - Original clue keywords: flash drive, usb stick
2025-10-12 21:48:10,877 - INFO - Niche-focused seeds: flash drive nvidia, nvidia flash drive, flash drive cheap, cheap flash drive, flash drive best, best flash drive, flash drive latest, latest flash drive, flash drive review, review flash drive, flash drive price, price flash drive, flash drive sell, sell flash drive, flash drive buy, buy flash drive, flash drive recommendation, recommendation flash drive, flash drive tips, tips flash drive, flash drive tutorial, tutorial flash drive, flash drive guide, guide flash drive, flash drive how to, how to flash drive, flash drive vs, vs flash drive, flash drive versus, versus flash drive, flash drive compared to, compared to flash drive, flash drive comparison, comparison flash drive, flash drive alternatives, alternatives flash drive, flash drive which is better, which is better flash drive, flash drive expensive, expensive flash drive, flash drive discount, discount flash drive, flash drive deals, deals flash drive, flash drive sale, sale flash drive, flash drive affordable, affordable flash drive, flash drive cost, cost flash drive, flash drive online, online flash drive, flash drive offline, offline flash drive, flash drive marketplace, marketplace flash drive, flash drive store, store flash drive, flash drive shop, shop flash drive, flash drive retailer, retailer flash drive, flash drive where to buy, where to buy flash drive, flash drive worst, worst flash drive, flash drive quality, quality flash drive, flash drive original, original flash drive, flash drive genuine, genuine flash drive, flash drive fake, fake flash drive, flash drive replica, replica flash drive, flash drive authentic, authentic flash drive, flash drive brand, brand flash drive, flash drive manufacturer, manufacturer flash drive, flash drive company, company flash drive, flash drive product, product flash drive, flash drive nvidia product, nvidia product flash drive, flash drive sell nvidia, sell nvidia flash drive, flash drive buy nvidia, buy nvidia flash drive, flash drive cheap nvidia, cheap nvidia flash drive, flash drive best nvidia, best nvidia flash drive, flash drive nvidia review, nvidia review flash drive, flash drive where to buy nvidia, where to buy nvidia flash drive, flash drive how to choose nvidia, how to choose nvidia flash drive, flash drive top nvidia, top nvidia flash drive, flash drive nvidia guide, nvidia guide flash drive, flash drive nvidia for sale, nvidia for sale flash drive, flash drive nvidia deals, nvidia deals flash drive, usb stick nvidia, nvidia usb stick, usb stick cheap, cheap usb stick, usb stick best, best usb stick, usb stick latest, latest usb stick, usb stick review, review usb stick, usb stick price, price usb stick, usb stick sell, sell usb stick, usb stick buy, buy usb stick, usb stick recommendation, recommendation usb stick, usb stick tips, tips usb stick, usb stick tutorial, tutorial usb stick, usb stick guide, guide usb stick, usb stick how to, how to usb stick, usb stick vs, vs usb stick, usb stick versus, versus usb stick, usb stick compared to, compared to usb stick, usb stick comparison, comparison usb stick, usb stick alternatives, alternatives usb stick, usb stick which is better, which is better usb stick, usb stick expensive, expensive usb stick, usb stick discount, discount usb stick, usb stick deals, deals usb stick, usb stick sale, sale usb stick, usb stick affordable, affordable usb stick, usb stick cost, cost usb stick, usb stick online, online usb stick, usb stick offline, offline usb stick, usb stick marketplace, marketplace usb stick, usb stick store, store usb stick, usb stick shop, shop usb stick, usb stick retailer, retailer usb stick, usb stick where to buy, where to buy usb stick, usb stick worst, worst usb stick, usb stick quality, quality usb stick, usb stick original, original usb stick, usb stick genuine, genuine usb stick, usb stick fake, fake usb stick, usb stick replica, replica usb stick, usb stick authentic, authentic usb stick, usb stick brand, brand usb stick, usb stick manufacturer, manufacturer usb stick, usb stick company, company usb stick, usb stick product, product usb stick, usb stick nvidia product, nvidia product usb stick, usb stick sell nvidia, sell nvidia usb stick, usb stick buy nvidia, buy nvidia usb stick, usb stick cheap nvidia, cheap nvidia usb stick, usb stick best nvidia, best nvidia usb stick, usb stick nvidia review, nvidia review usb stick, usb stick where to buy nvidia, where to buy nvidia usb stick, usb stick how to choose nvidia, how to choose nvidia usb stick, usb stick top nvidia, top nvidia usb stick, usb stick nvidia guide, nvidia guide usb stick, usb stick nvidia for sale, nvidia for sale usb stick, usb stick nvidia deals, nvidia deals usb stick
2025-10-12 21:48:10,881 - INFO - Expanded 220 seed keywords to 385 variations
2025-10-12 21:48:10,881 - INFO - Language: en
2025-10-12 21:48:10,881 - INFO - Region: us
2025-10-12 21:50:16,070 - INFO - 🎯 After all filtering for 'nvidia': 120 relevant keywords
2025-10-12 21:50:16,305 - INFO - 🎯 Found 5 new keywords for niche 'nvidia': nvidia affordable flash drive, nvidia affordable usb stick, cheap alternatives flash drive, cheap alternatives usb stick, best authentic flash drive
2025-10-12 21:50:24,661 - INFO - ✅ Niche 'nvidia' process complete! 146 total keyword results.
2025-10-12 21:50:24,662 - INFO - ✅ Completed processing niche: 'nvidia'
2025-10-12 21:50:24,662 - INFO - 🔧 Request Handler final stats - Success rate: 100.0%
2025-10-12 21:50:24,662 - INFO -    Total requests: 24732, Blocks: 0
2025-10-12 21:50:24,663 - INFO - 
========================================
2025-10-12 21:50:24,663 - INFO - Process Summary:
2025-10-12 21:50:24,663 - INFO - - Current niche: 'nvidia'
2025-10-12 21:50:24,663 - INFO - - Next niche will be: 'amd'
2025-10-12 21:50:24,663 - INFO - - Keywords saved in: languages/english/keywords/nvidia/
2025-10-12 21:50:24,664 - INFO - ========================================
