2025-09-26 16:53:37,057 - INFO - Log file created at: /home/runner/work/potensitech.com/potensitech.com/languages/english/keywords/logs/kw_search_20250926_165337.log
2025-09-26 16:53:37,057 - INFO - ============================================================
2025-09-26 16:53:37,057 - INFO - AUTOMATIC KEYWORD RESEARCH TOOL
2025-09-26 16:53:37,057 - INFO - ============================================================
2025-09-26 16:53:37,192 - INFO - ========================================
2025-09-26 16:53:37,192 - INFO - Found 14 niches to process: xiaomi, iphone, samsung, apple, sony, asus, philips, sandisk, intel, nvidia, amd, canon, nikon, huawei
2025-09-26 16:53:37,192 - INFO - ========================================
2025-09-26 16:53:37,192 - INFO - Continuing from last processed niche: xiaomi
2025-09-26 16:53:37,192 - INFO - ========================================
2025-09-26 16:53:37,192 - INFO - 🎯 PROCESSING NICHE 2/14: 'iphone'
2025-09-26 16:53:37,192 - INFO - ========================================
2025-09-26 16:53:37,192 - INFO - 📁 Niche directory: /home/runner/work/potensitech.com/potensitech.com/languages/english/keywords/iphone
2025-09-26 16:53:37,192 - INFO - Selected region: us
2025-09-26 16:53:37,192 - INFO - Selected language: en
2025-09-26 16:53:37,192 - INFO - 🎯 Current niche: iphone
2025-09-26 16:53:40,505 - INFO - 🎯 Niche terms for filtering: iphone, cheap, best, latest, review, price, sell, buy, recommendation, tips, tutorial, guide, how to, vs, versus, compared to, comparison, alternatives, which is better, expensive, discount, deals, sale, affordable, cost, online, offline, marketplace, store, shop, retailer, where to buy, worst, quality, original, genuine, fake, replica, authentic, brand, manufacturer, company, product, iphone product, sell iphone, buy iphone, cheap iphone, best iphone, iphone review, where to buy iphone, how to choose iphone, top iphone, iphone guide, iphone for sale, iphone deals
2025-09-26 16:53:40,506 - INFO - Generated 50 niche-clue pairs for 'iphone'.
2025-09-26 16:53:40,508 - INFO - Expanded 50 seed keywords to 218 variations
2025-09-26 16:53:40,509 - INFO - 🔧 Request Handler initialized - Success rate: 100.0%
2025-09-26 16:58:04,037 - INFO - Original clue keywords: camera quality, image stabilization
2025-09-26 16:58:04,037 - INFO - Niche-focused seeds: camera quality, image stabilization iphone, iphone image stabilization, image stabilization cheap, cheap image stabilization, image stabilization best, best image stabilization, image stabilization latest, latest image stabilization, image stabilization review, review image stabilization, image stabilization price, price image stabilization, image stabilization sell, sell image stabilization, image stabilization buy, buy image stabilization, image stabilization recommendation, recommendation image stabilization, image stabilization tips, tips image stabilization, image stabilization tutorial, tutorial image stabilization, image stabilization guide, guide image stabilization, image stabilization how to, how to image stabilization, image stabilization vs, vs image stabilization, image stabilization versus, versus image stabilization, image stabilization compared to, compared to image stabilization, image stabilization comparison, comparison image stabilization, image stabilization alternatives, alternatives image stabilization, image stabilization which is better, which is better image stabilization, image stabilization expensive, expensive image stabilization, image stabilization discount, discount image stabilization, image stabilization deals, deals image stabilization, image stabilization sale, sale image stabilization, image stabilization affordable, affordable image stabilization, image stabilization cost, cost image stabilization, image stabilization online, online image stabilization, image stabilization offline, offline image stabilization, image stabilization marketplace, marketplace image stabilization, image stabilization store, store image stabilization, image stabilization shop, shop image stabilization, image stabilization retailer, retailer image stabilization, image stabilization where to buy, where to buy image stabilization, image stabilization worst, worst image stabilization, image stabilization quality, quality image stabilization, image stabilization original, original image stabilization, image stabilization genuine, genuine image stabilization, image stabilization fake, fake image stabilization, image stabilization replica, replica image stabilization, image stabilization authentic, authentic image stabilization, image stabilization brand, brand image stabilization, image stabilization manufacturer, manufacturer image stabilization, image stabilization company, company image stabilization, image stabilization product, product image stabilization, image stabilization iphone product, iphone product image stabilization, image stabilization sell iphone, sell iphone image stabilization, image stabilization buy iphone, buy iphone image stabilization, image stabilization cheap iphone, cheap iphone image stabilization, image stabilization best iphone, best iphone image stabilization, image stabilization iphone review, iphone review image stabilization, image stabilization where to buy iphone, where to buy iphone image stabilization, image stabilization how to choose iphone, how to choose iphone image stabilization, image stabilization top iphone, top iphone image stabilization, image stabilization iphone guide, iphone guide image stabilization, image stabilization iphone for sale, iphone for sale image stabilization, image stabilization iphone deals, iphone deals image stabilization
2025-09-26 16:58:04,040 - INFO - Expanded 111 seed keywords to 276 variations
2025-09-26 16:58:04,040 - INFO - Language: en
2025-09-26 16:58:04,040 - INFO - Region: us
2025-09-26 17:00:40,643 - INFO - 🎯 After all filtering for 'iphone': 120 relevant keywords
2025-09-26 17:00:40,974 - INFO - 🎯 Found 4 new keywords for niche 'iphone': iphone camera quality, cheap camera quality, best camera quality, iphone affordable image stabilization
2025-09-26 17:00:51,212 - INFO - ✅ Niche 'iphone' process complete! 84 total keyword results.
2025-09-26 17:00:51,213 - INFO - ✅ Completed processing niche: 'iphone'
2025-09-26 17:00:51,213 - INFO - 🔧 Request Handler final stats - Success rate: 100.0%
2025-09-26 17:00:51,213 - INFO -    Total requests: 13078, Blocks: 0
2025-09-26 17:00:51,214 - INFO - 
========================================
2025-09-26 17:00:51,214 - INFO - Process Summary:
2025-09-26 17:00:51,214 - INFO - - Current niche: 'iphone'
2025-09-26 17:00:51,214 - INFO - - Next niche will be: 'samsung'
2025-09-26 17:00:51,214 - INFO - - Keywords saved in: languages/english/keywords/iphone/
2025-09-26 17:00:51,214 - INFO - ========================================
