2025-11-09 03:30:56,101 - INFO - Log file created at: /home/runner/work/potensitech.com/potensitech.com/languages/english/keywords/logs/kw_search_20251109_033056.log
2025-11-09 03:30:56,101 - INFO - ============================================================
2025-11-09 03:30:56,101 - INFO - AUTOMATIC KEYWORD RESEARCH TOOL
2025-11-09 03:30:56,101 - INFO - ============================================================
2025-11-09 03:30:56,292 - INFO - ========================================
2025-11-09 03:30:56,292 - INFO - Found 14 niches to process: xiaomi, iphone, samsung, apple, sony, asus, philips, sandisk, intel, nvidia, amd, canon, nikon, huawei
2025-11-09 03:30:56,292 - INFO - ========================================
2025-11-09 03:30:56,292 - INFO - Continuing from last processed niche: canon
2025-11-09 03:30:56,292 - INFO - ========================================
2025-11-09 03:30:56,292 - INFO - 🎯 PROCESSING NICHE 13/14: 'nikon'
2025-11-09 03:30:56,292 - INFO - ========================================
2025-11-09 03:30:56,292 - INFO - 📁 Niche directory: /home/runner/work/potensitech.com/potensitech.com/languages/english/keywords/nikon
2025-11-09 03:30:56,292 - INFO - Selected region: us
2025-11-09 03:30:56,292 - INFO - Selected language: en
2025-11-09 03:30:56,292 - INFO - 🎯 Current niche: nikon
2025-11-09 03:30:59,203 - INFO - 🎯 Niche terms for filtering: nikon, cheap, best, latest, review, price, sell, buy, recommendation, tips, tutorial, guide, how to, vs, versus, compared to, comparison, alternatives, which is better, expensive, discount, deals, sale, affordable, cost, online, offline, marketplace, store, shop, retailer, where to buy, worst, quality, original, genuine, fake, replica, authentic, brand, manufacturer, company, product, nikon product, sell nikon, buy nikon, cheap nikon, best nikon, nikon review, where to buy nikon, how to choose nikon, top nikon, nikon guide, nikon for sale, nikon deals
2025-11-09 03:30:59,203 - INFO - Generated 50 niche-clue pairs for 'nikon'.
2025-11-09 03:30:59,206 - INFO - Expanded 50 seed keywords to 218 variations
2025-11-09 03:30:59,206 - INFO - 🔧 Request Handler initialized - Success rate: 100.0%
2025-11-09 03:35:19,661 - INFO - Original clue keywords: megapixels, autofocus
2025-11-09 03:35:19,662 - INFO - Niche-focused seeds: megapixels nikon, nikon megapixels, megapixels cheap, cheap megapixels, megapixels best, best megapixels, megapixels latest, latest megapixels, megapixels review, review megapixels, megapixels price, price megapixels, megapixels sell, sell megapixels, megapixels buy, buy megapixels, megapixels recommendation, recommendation megapixels, megapixels tips, tips megapixels, megapixels tutorial, tutorial megapixels, megapixels guide, guide megapixels, megapixels how to, how to megapixels, megapixels vs, vs megapixels, megapixels versus, versus megapixels, megapixels compared to, compared to megapixels, megapixels comparison, comparison megapixels, megapixels alternatives, alternatives megapixels, megapixels which is better, which is better megapixels, megapixels expensive, expensive megapixels, megapixels discount, discount megapixels, megapixels deals, deals megapixels, megapixels sale, sale megapixels, megapixels affordable, affordable megapixels, megapixels cost, cost megapixels, megapixels online, online megapixels, megapixels offline, offline megapixels, megapixels marketplace, marketplace megapixels, megapixels store, store megapixels, megapixels shop, shop megapixels, megapixels retailer, retailer megapixels, megapixels where to buy, where to buy megapixels, megapixels worst, worst megapixels, megapixels quality, quality megapixels, megapixels original, original megapixels, megapixels genuine, genuine megapixels, megapixels fake, fake megapixels, megapixels replica, replica megapixels, megapixels authentic, authentic megapixels, megapixels brand, brand megapixels, megapixels manufacturer, manufacturer megapixels, megapixels company, company megapixels, megapixels product, product megapixels, megapixels nikon product, nikon product megapixels, megapixels sell nikon, sell nikon megapixels, megapixels buy nikon, buy nikon megapixels, megapixels cheap nikon, cheap nikon megapixels, megapixels best nikon, best nikon megapixels, megapixels nikon review, nikon review megapixels, megapixels where to buy nikon, where to buy nikon megapixels, megapixels how to choose nikon, how to choose nikon megapixels, megapixels top nikon, top nikon megapixels, megapixels nikon guide, nikon guide megapixels, megapixels nikon for sale, nikon for sale megapixels, megapixels nikon deals, nikon deals megapixels, autofocus nikon, nikon autofocus, autofocus cheap, cheap autofocus, autofocus best, best autofocus, autofocus latest, latest autofocus, autofocus review, review autofocus, autofocus price, price autofocus, autofocus sell, sell autofocus, autofocus buy, buy autofocus, autofocus recommendation, recommendation autofocus, autofocus tips, tips autofocus, autofocus tutorial, tutorial autofocus, autofocus guide, guide autofocus, autofocus how to, how to autofocus, autofocus vs, vs autofocus, autofocus versus, versus autofocus, autofocus compared to, compared to autofocus, autofocus comparison, comparison autofocus, autofocus alternatives, alternatives autofocus, autofocus which is better, which is better autofocus, autofocus expensive, expensive autofocus, autofocus discount, discount autofocus, autofocus deals, deals autofocus, autofocus sale, sale autofocus, autofocus affordable, affordable autofocus, autofocus cost, cost autofocus, autofocus online, online autofocus, autofocus offline, offline autofocus, autofocus marketplace, marketplace autofocus, autofocus store, store autofocus, autofocus shop, shop autofocus, autofocus retailer, retailer autofocus, autofocus where to buy, where to buy autofocus, autofocus worst, worst autofocus, autofocus quality, quality autofocus, autofocus original, original autofocus, autofocus genuine, genuine autofocus, autofocus fake, fake autofocus, autofocus replica, replica autofocus, autofocus authentic, authentic autofocus, autofocus brand, brand autofocus, autofocus manufacturer, manufacturer autofocus, autofocus company, company autofocus, autofocus product, product autofocus, autofocus nikon product, nikon product autofocus, autofocus sell nikon, sell nikon autofocus, autofocus buy nikon, buy nikon autofocus, autofocus cheap nikon, cheap nikon autofocus, autofocus best nikon, best nikon autofocus, autofocus nikon review, nikon review autofocus, autofocus where to buy nikon, where to buy nikon autofocus, autofocus how to choose nikon, how to choose nikon autofocus, autofocus top nikon, top nikon autofocus, autofocus nikon guide, nikon guide autofocus, autofocus nikon for sale, nikon for sale autofocus, autofocus nikon deals, nikon deals autofocus
2025-11-09 03:35:19,665 - INFO - Expanded 220 seed keywords to 385 variations
2025-11-09 03:35:19,665 - INFO - Language: en
2025-11-09 03:35:19,665 - INFO - Region: us
2025-11-09 03:39:48,560 - INFO - 🎯 After all filtering for 'nikon': 120 relevant keywords
2025-11-09 03:39:48,634 - INFO - 🎯 Found 5 new keywords for niche 'nikon': nikon affordable autofocus, cheap affordable autofocus, best affordable autofocus, how to affordable autofocus, nikon affordable megapixels
2025-11-09 03:39:58,757 - INFO - ✅ Niche 'nikon' process complete! 230 total keyword results.
2025-11-09 03:39:58,757 - INFO - ✅ Completed processing niche: 'nikon'
2025-11-09 03:39:58,757 - INFO - 🔧 Request Handler final stats - Success rate: 100.0%
2025-11-09 03:39:58,757 - INFO -    Total requests: 38531, Blocks: 0
2025-11-09 03:39:58,758 - INFO - 
========================================
2025-11-09 03:39:58,759 - INFO - Process Summary:
2025-11-09 03:39:58,759 - INFO - - Current niche: 'nikon'
2025-11-09 03:39:58,759 - INFO - - Next niche will be: 'huawei'
2025-11-09 03:39:58,759 - INFO - - Keywords saved in: languages/english/keywords/nikon/
2025-11-09 03:39:58,759 - INFO - ========================================
