2025-10-02 12:31:09,219 - INFO - Log file created at: /home/runner/work/potensitech.com/potensitech.com/languages/english/keywords/logs/kw_search_20251002_123109.log
2025-10-02 12:31:09,219 - INFO - ============================================================
2025-10-02 12:31:09,219 - INFO - AUTOMATIC KEYWORD RESEARCH TOOL
2025-10-02 12:31:09,219 - INFO - ============================================================
2025-10-02 12:31:09,397 - INFO - ========================================
2025-10-02 12:31:09,397 - INFO - Found 14 niches to process: xiaomi, iphone, samsung, apple, sony, asus, philips, sandisk, intel, nvidia, amd, canon, nikon, huawei
2025-10-02 12:31:09,397 - INFO - ========================================
2025-10-02 12:31:09,397 - INFO - Continuing from last processed niche: samsung
2025-10-02 12:31:09,397 - INFO - ========================================
2025-10-02 12:31:09,397 - INFO - 🎯 PROCESSING NICHE 4/14: 'apple'
2025-10-02 12:31:09,397 - INFO - ========================================
2025-10-02 12:31:09,398 - INFO - 📁 Niche directory: /home/runner/work/potensitech.com/potensitech.com/languages/english/keywords/apple
2025-10-02 12:31:09,398 - INFO - Selected region: us
2025-10-02 12:31:09,398 - INFO - Selected language: en
2025-10-02 12:31:09,398 - INFO - 🎯 Current niche: apple
2025-10-02 12:31:12,806 - INFO - 🎯 Niche terms for filtering: apple, cheap, best, latest, review, price, sell, buy, recommendation, tips, tutorial, guide, how to, vs, versus, compared to, comparison, alternatives, which is better, expensive, discount, deals, sale, affordable, cost, online, offline, marketplace, store, shop, retailer, where to buy, worst, quality, original, genuine, fake, replica, authentic, brand, manufacturer, company, product, apple product, sell apple, buy apple, cheap apple, best apple, apple review, where to buy apple, how to choose apple, top apple, apple guide, apple for sale, apple deals
2025-10-02 12:31:12,807 - INFO - Generated 50 niche-clue pairs for 'apple'.
2025-10-02 12:31:12,810 - INFO - Expanded 50 seed keywords to 218 variations
2025-10-02 12:31:12,810 - INFO - 🔧 Request Handler initialized - Success rate: 100.0%
2025-10-02 12:35:37,218 - INFO - Original clue keywords: image quality, camera lens
2025-10-02 12:35:37,218 - INFO - Niche-focused seeds: image quality, camera lens apple, apple camera lens, camera lens cheap, cheap camera lens, camera lens best, best camera lens, camera lens latest, latest camera lens, camera lens review, review camera lens, camera lens price, price camera lens, camera lens sell, sell camera lens, camera lens buy, buy camera lens, camera lens recommendation, recommendation camera lens, camera lens tips, tips camera lens, camera lens tutorial, tutorial camera lens, camera lens guide, guide camera lens, camera lens how to, how to camera lens, camera lens vs, vs camera lens, camera lens versus, versus camera lens, camera lens compared to, compared to camera lens, camera lens comparison, comparison camera lens, camera lens alternatives, alternatives camera lens, camera lens which is better, which is better camera lens, camera lens expensive, expensive camera lens, camera lens discount, discount camera lens, camera lens deals, deals camera lens, camera lens sale, sale camera lens, camera lens affordable, affordable camera lens, camera lens cost, cost camera lens, camera lens online, online camera lens, camera lens offline, offline camera lens, camera lens marketplace, marketplace camera lens, camera lens store, store camera lens, camera lens shop, shop camera lens, camera lens retailer, retailer camera lens, camera lens where to buy, where to buy camera lens, camera lens worst, worst camera lens, camera lens quality, quality camera lens, camera lens original, original camera lens, camera lens genuine, genuine camera lens, camera lens fake, fake camera lens, camera lens replica, replica camera lens, camera lens authentic, authentic camera lens, camera lens brand, brand camera lens, camera lens manufacturer, manufacturer camera lens, camera lens company, company camera lens, camera lens product, product camera lens, camera lens apple product, apple product camera lens, camera lens sell apple, sell apple camera lens, camera lens buy apple, buy apple camera lens, camera lens cheap apple, cheap apple camera lens, camera lens best apple, best apple camera lens, camera lens apple review, apple review camera lens, camera lens where to buy apple, where to buy apple camera lens, camera lens how to choose apple, how to choose apple camera lens, camera lens top apple, top apple camera lens, camera lens apple guide, apple guide camera lens, camera lens apple for sale, apple for sale camera lens, camera lens apple deals, apple deals camera lens
2025-10-02 12:35:37,221 - INFO - Expanded 111 seed keywords to 276 variations
2025-10-02 12:35:37,221 - INFO - Language: en
2025-10-02 12:35:37,221 - INFO - Region: us
2025-10-02 12:37:59,145 - INFO - 🎯 After all filtering for 'apple': 118 relevant keywords
2025-10-02 12:37:59,163 - INFO - 🎯 Found 5 new keywords for niche 'apple': apple image quality, cheap image quality, best image quality, how to image quality, apple affordable camera lens
2025-10-02 12:38:07,492 - INFO - ✅ Niche 'apple' process complete! 68 total keyword results.
2025-10-02 12:38:07,492 - INFO - ✅ Completed processing niche: 'apple'
2025-10-02 12:38:07,492 - INFO - 🔧 Request Handler final stats - Success rate: 100.0%
2025-10-02 12:38:07,492 - INFO -    Total requests: 16913, Blocks: 0
2025-10-02 12:38:07,493 - INFO - 
========================================
2025-10-02 12:38:07,493 - INFO - Process Summary:
2025-10-02 12:38:07,493 - INFO - - Current niche: 'apple'
2025-10-02 12:38:07,493 - INFO - - Next niche will be: 'sony'
2025-10-02 12:38:07,493 - INFO - - Keywords saved in: languages/english/keywords/apple/
2025-10-02 12:38:07,494 - INFO - ========================================
