2025-12-27 04:59:57,114 - INFO - Log file created at: /home/runner/work/potensitech.com/potensitech.com/languages/english/keywords/logs/kw_search_20251227_045957.log
2025-12-27 04:59:57,114 - INFO - ============================================================
2025-12-27 04:59:57,114 - INFO - AUTOMATIC KEYWORD RESEARCH TOOL
2025-12-27 04:59:57,114 - INFO - ============================================================
2025-12-27 04:59:57,321 - INFO - ========================================
2025-12-27 04:59:57,322 - INFO - Found 14 niches to process: xiaomi, iphone, samsung, apple, sony, asus, philips, sandisk, intel, nvidia, amd, canon, nikon, huawei
2025-12-27 04:59:57,322 - INFO - ========================================
2025-12-27 04:59:57,322 - INFO - Continuing from last processed niche: samsung
2025-12-27 04:59:57,322 - INFO - ========================================
2025-12-27 04:59:57,322 - INFO - 🎯 PROCESSING NICHE 4/14: 'apple'
2025-12-27 04:59:57,322 - INFO - ========================================
2025-12-27 04:59:57,322 - INFO - 📁 Niche directory: /home/runner/work/potensitech.com/potensitech.com/languages/english/keywords/apple
2025-12-27 04:59:57,322 - INFO - Selected region: us
2025-12-27 04:59:57,322 - INFO - Selected language: en
2025-12-27 04:59:57,322 - INFO - 🎯 Current niche: apple
2025-12-27 05:00:00,311 - INFO - 🎯 Niche terms for filtering: apple, cheap, best, latest, review, price, sell, buy, recommendation, tips, tutorial, guide, how to, vs, versus, compared to, comparison, alternatives, which is better, expensive, discount, deals, sale, affordable, cost, online, offline, marketplace, store, shop, retailer, where to buy, worst, quality, original, genuine, fake, replica, authentic, brand, manufacturer, company, product, apple product, sell apple, buy apple, cheap apple, best apple, apple review, where to buy apple, how to choose apple, top apple, apple guide, apple for sale, apple deals
2025-12-27 05:00:00,311 - INFO - Generated 50 niche-clue pairs for 'apple'.
2025-12-27 05:00:00,314 - INFO - Expanded 50 seed keywords to 218 variations
2025-12-27 05:00:00,315 - INFO - 🔧 Request Handler initialized - Success rate: 100.0%
2025-12-27 05:04:24,426 - INFO - Original clue keywords: camera lenses, chipset compatibility
2025-12-27 05:04:24,426 - INFO - Niche-focused seeds: camera lenses apple, apple camera lenses, camera lenses cheap, cheap camera lenses, camera lenses best, best camera lenses, camera lenses latest, latest camera lenses, camera lenses review, review camera lenses, camera lenses price, price camera lenses, camera lenses sell, sell camera lenses, camera lenses buy, buy camera lenses, camera lenses recommendation, recommendation camera lenses, camera lenses tips, tips camera lenses, camera lenses tutorial, tutorial camera lenses, camera lenses guide, guide camera lenses, camera lenses how to, how to camera lenses, camera lenses vs, vs camera lenses, camera lenses versus, versus camera lenses, camera lenses compared to, compared to camera lenses, camera lenses comparison, comparison camera lenses, camera lenses alternatives, alternatives camera lenses, camera lenses which is better, which is better camera lenses, camera lenses expensive, expensive camera lenses, camera lenses discount, discount camera lenses, camera lenses deals, deals camera lenses, camera lenses sale, sale camera lenses, camera lenses affordable, affordable camera lenses, camera lenses cost, cost camera lenses, camera lenses online, online camera lenses, camera lenses offline, offline camera lenses, camera lenses marketplace, marketplace camera lenses, camera lenses store, store camera lenses, camera lenses shop, shop camera lenses, camera lenses retailer, retailer camera lenses, camera lenses where to buy, where to buy camera lenses, camera lenses worst, worst camera lenses, camera lenses quality, quality camera lenses, camera lenses original, original camera lenses, camera lenses genuine, genuine camera lenses, camera lenses fake, fake camera lenses, camera lenses replica, replica camera lenses, camera lenses authentic, authentic camera lenses, camera lenses brand, brand camera lenses, camera lenses manufacturer, manufacturer camera lenses, camera lenses company, company camera lenses, camera lenses product, product camera lenses, camera lenses apple product, apple product camera lenses, camera lenses sell apple, sell apple camera lenses, camera lenses buy apple, buy apple camera lenses, camera lenses cheap apple, cheap apple camera lenses, camera lenses best apple, best apple camera lenses, camera lenses apple review, apple review camera lenses, camera lenses where to buy apple, where to buy apple camera lenses, camera lenses how to choose apple, how to choose apple camera lenses, camera lenses top apple, top apple camera lenses, camera lenses apple guide, apple guide camera lenses, camera lenses apple for sale, apple for sale camera lenses, camera lenses apple deals, apple deals camera lenses, chipset compatibility apple, apple chipset compatibility, chipset compatibility cheap, cheap chipset compatibility, chipset compatibility best, best chipset compatibility, chipset compatibility latest, latest chipset compatibility, chipset compatibility review, review chipset compatibility, chipset compatibility price, price chipset compatibility, chipset compatibility sell, sell chipset compatibility, chipset compatibility buy, buy chipset compatibility, chipset compatibility recommendation, recommendation chipset compatibility, chipset compatibility tips, tips chipset compatibility, chipset compatibility tutorial, tutorial chipset compatibility, chipset compatibility guide, guide chipset compatibility, chipset compatibility how to, how to chipset compatibility, chipset compatibility vs, vs chipset compatibility, chipset compatibility versus, versus chipset compatibility, chipset compatibility compared to, compared to chipset compatibility, chipset compatibility comparison, comparison chipset compatibility, chipset compatibility alternatives, alternatives chipset compatibility, chipset compatibility which is better, which is better chipset compatibility, chipset compatibility expensive, expensive chipset compatibility, chipset compatibility discount, discount chipset compatibility, chipset compatibility deals, deals chipset compatibility, chipset compatibility sale, sale chipset compatibility, chipset compatibility affordable, affordable chipset compatibility, chipset compatibility cost, cost chipset compatibility, chipset compatibility online, online chipset compatibility, chipset compatibility offline, offline chipset compatibility, chipset compatibility marketplace, marketplace chipset compatibility, chipset compatibility store, store chipset compatibility, chipset compatibility shop, shop chipset compatibility, chipset compatibility retailer, retailer chipset compatibility, chipset compatibility where to buy, where to buy chipset compatibility, chipset compatibility worst, worst chipset compatibility, chipset compatibility quality, quality chipset compatibility, chipset compatibility original, original chipset compatibility, chipset compatibility genuine, genuine chipset compatibility, chipset compatibility fake, fake chipset compatibility, chipset compatibility replica, replica chipset compatibility, chipset compatibility authentic, authentic chipset compatibility, chipset compatibility brand, brand chipset compatibility, chipset compatibility manufacturer, manufacturer chipset compatibility, chipset compatibility company, company chipset compatibility, chipset compatibility product, product chipset compatibility, chipset compatibility apple product, apple product chipset compatibility, chipset compatibility sell apple, sell apple chipset compatibility, chipset compatibility buy apple, buy apple chipset compatibility, chipset compatibility cheap apple, cheap apple chipset compatibility, chipset compatibility best apple, best apple chipset compatibility, chipset compatibility apple review, apple review chipset compatibility, chipset compatibility where to buy apple, where to buy apple chipset compatibility, chipset compatibility how to choose apple, how to choose apple chipset compatibility, chipset compatibility top apple, top apple chipset compatibility, chipset compatibility apple guide, apple guide chipset compatibility, chipset compatibility apple for sale, apple for sale chipset compatibility, chipset compatibility apple deals, apple deals chipset compatibility
2025-12-27 05:04:24,430 - INFO - Expanded 220 seed keywords to 385 variations
2025-12-27 05:04:24,430 - INFO - Language: en
2025-12-27 05:04:24,430 - INFO - Region: us
2025-12-27 05:04:55,818 - INFO - 🎯 After all filtering for 'apple': 120 relevant keywords
2025-12-27 05:04:56,432 - INFO - 🎯 Found 2 new keywords for niche 'apple': apple affordable camera lenses, apple affordable chipset compatibility
2025-12-27 05:04:59,520 - INFO - ✅ Niche 'apple' process complete! 268 total keyword results.
2025-12-27 05:04:59,520 - INFO - ✅ Completed processing niche: 'apple'
2025-12-27 05:04:59,520 - INFO - 🔧 Request Handler final stats - Success rate: 100.0%
2025-12-27 05:04:59,520 - INFO -    Total requests: 62653, Blocks: 0
2025-12-27 05:04:59,521 - INFO - 
========================================
2025-12-27 05:04:59,521 - INFO - Process Summary:
2025-12-27 05:04:59,522 - INFO - - Current niche: 'apple'
2025-12-27 05:04:59,522 - INFO - - Next niche will be: 'sony'
2025-12-27 05:04:59,522 - INFO - - Keywords saved in: languages/english/keywords/apple/
2025-12-27 05:04:59,522 - INFO - ========================================
