2026-01-11 21:45:31,712 - INFO - Log file created at: /home/runner/work/potensitech.com/potensitech.com/languages/english/keywords/logs/kw_search_20260111_214531.log
2026-01-11 21:45:31,712 - INFO - ============================================================
2026-01-11 21:45:31,712 - INFO - AUTOMATIC KEYWORD RESEARCH TOOL
2026-01-11 21:45:31,712 - INFO - ============================================================
2026-01-11 21:45:31,910 - INFO - ========================================
2026-01-11 21:45:31,910 - INFO - Found 14 niches to process: xiaomi, iphone, samsung, apple, sony, asus, philips, sandisk, intel, nvidia, amd, canon, nikon, huawei
2026-01-11 21:45:31,910 - INFO - ========================================
2026-01-11 21:45:31,910 - INFO - Continuing from last processed niche: asus
2026-01-11 21:45:31,910 - INFO - ========================================
2026-01-11 21:45:31,910 - INFO - 🎯 PROCESSING NICHE 7/14: 'philips'
2026-01-11 21:45:31,910 - INFO - ========================================
2026-01-11 21:45:31,910 - INFO - 📁 Niche directory: /home/runner/work/potensitech.com/potensitech.com/languages/english/keywords/philips
2026-01-11 21:45:31,910 - INFO - Selected region: us
2026-01-11 21:45:31,910 - INFO - Selected language: en
2026-01-11 21:45:31,910 - INFO - 🎯 Current niche: philips
2026-01-11 21:45:35,818 - INFO - 🎯 Niche terms for filtering: philips, cheap, best, latest, review, price, sell, buy, recommendation, tips, tutorial, guide, how to, vs, versus, compared to, comparison, alternatives, which is better, expensive, discount, deals, sale, affordable, cost, online, offline, marketplace, store, shop, retailer, where to buy, worst, quality, original, genuine, fake, replica, authentic, brand, manufacturer, company, product, philips product, sell philips, buy philips, cheap philips, best philips, philips review, where to buy philips, how to choose philips, top philips, philips guide, philips for sale, philips deals
2026-01-11 21:45:35,818 - INFO - Generated 50 niche-clue pairs for 'philips'.
2026-01-11 21:45:35,821 - INFO - Expanded 50 seed keywords to 218 variations
2026-01-11 21:45:35,822 - INFO - 🔧 Request Handler initialized - Success rate: 100.0%
2026-01-11 21:50:00,949 - INFO - Original clue keywords: chipset compatibility, processor speed
2026-01-11 21:50:00,949 - INFO - Niche-focused seeds: chipset compatibility philips, philips chipset compatibility, chipset compatibility cheap, cheap chipset compatibility, chipset compatibility best, best chipset compatibility, chipset compatibility latest, latest chipset compatibility, chipset compatibility review, review chipset compatibility, chipset compatibility price, price chipset compatibility, chipset compatibility sell, sell chipset compatibility, chipset compatibility buy, buy chipset compatibility, chipset compatibility recommendation, recommendation chipset compatibility, chipset compatibility tips, tips chipset compatibility, chipset compatibility tutorial, tutorial chipset compatibility, chipset compatibility guide, guide chipset compatibility, chipset compatibility how to, how to chipset compatibility, chipset compatibility vs, vs chipset compatibility, chipset compatibility versus, versus chipset compatibility, chipset compatibility compared to, compared to chipset compatibility, chipset compatibility comparison, comparison chipset compatibility, chipset compatibility alternatives, alternatives chipset compatibility, chipset compatibility which is better, which is better chipset compatibility, chipset compatibility expensive, expensive chipset compatibility, chipset compatibility discount, discount chipset compatibility, chipset compatibility deals, deals chipset compatibility, chipset compatibility sale, sale chipset compatibility, chipset compatibility affordable, affordable chipset compatibility, chipset compatibility cost, cost chipset compatibility, chipset compatibility online, online chipset compatibility, chipset compatibility offline, offline chipset compatibility, chipset compatibility marketplace, marketplace chipset compatibility, chipset compatibility store, store chipset compatibility, chipset compatibility shop, shop chipset compatibility, chipset compatibility retailer, retailer chipset compatibility, chipset compatibility where to buy, where to buy chipset compatibility, chipset compatibility worst, worst chipset compatibility, chipset compatibility quality, quality chipset compatibility, chipset compatibility original, original chipset compatibility, chipset compatibility genuine, genuine chipset compatibility, chipset compatibility fake, fake chipset compatibility, chipset compatibility replica, replica chipset compatibility, chipset compatibility authentic, authentic chipset compatibility, chipset compatibility brand, brand chipset compatibility, chipset compatibility manufacturer, manufacturer chipset compatibility, chipset compatibility company, company chipset compatibility, chipset compatibility product, product chipset compatibility, chipset compatibility philips product, philips product chipset compatibility, chipset compatibility sell philips, sell philips chipset compatibility, chipset compatibility buy philips, buy philips chipset compatibility, chipset compatibility cheap philips, cheap philips chipset compatibility, chipset compatibility best philips, best philips chipset compatibility, chipset compatibility philips review, philips review chipset compatibility, chipset compatibility where to buy philips, where to buy philips chipset compatibility, chipset compatibility how to choose philips, how to choose philips chipset compatibility, chipset compatibility top philips, top philips chipset compatibility, chipset compatibility philips guide, philips guide chipset compatibility, chipset compatibility philips for sale, philips for sale chipset compatibility, chipset compatibility philips deals, philips deals chipset compatibility, processor speed philips, philips processor speed, processor speed cheap, cheap processor speed, processor speed best, best processor speed, processor speed latest, latest processor speed, processor speed review, review processor speed, processor speed price, price processor speed, processor speed sell, sell processor speed, processor speed buy, buy processor speed, processor speed recommendation, recommendation processor speed, processor speed tips, tips processor speed, processor speed tutorial, tutorial processor speed, processor speed guide, guide processor speed, processor speed how to, how to processor speed, processor speed vs, vs processor speed, processor speed versus, versus processor speed, processor speed compared to, compared to processor speed, processor speed comparison, comparison processor speed, processor speed alternatives, alternatives processor speed, processor speed which is better, which is better processor speed, processor speed expensive, expensive processor speed, processor speed discount, discount processor speed, processor speed deals, deals processor speed, processor speed sale, sale processor speed, processor speed affordable, affordable processor speed, processor speed cost, cost processor speed, processor speed online, online processor speed, processor speed offline, offline processor speed, processor speed marketplace, marketplace processor speed, processor speed store, store processor speed, processor speed shop, shop processor speed, processor speed retailer, retailer processor speed, processor speed where to buy, where to buy processor speed, processor speed worst, worst processor speed, processor speed quality, quality processor speed, processor speed original, original processor speed, processor speed genuine, genuine processor speed, processor speed fake, fake processor speed, processor speed replica, replica processor speed, processor speed authentic, authentic processor speed, processor speed brand, brand processor speed, processor speed manufacturer, manufacturer processor speed, processor speed company, company processor speed, processor speed product, product processor speed, processor speed philips product, philips product processor speed, processor speed sell philips, sell philips processor speed, processor speed buy philips, buy philips processor speed, processor speed cheap philips, cheap philips processor speed, processor speed best philips, best philips processor speed, processor speed philips review, philips review processor speed, processor speed where to buy philips, where to buy philips processor speed, processor speed how to choose philips, how to choose philips processor speed, processor speed top philips, top philips processor speed, processor speed philips guide, philips guide processor speed, processor speed philips for sale, philips for sale processor speed, processor speed philips deals, philips deals processor speed
2026-01-11 21:50:00,952 - INFO - Expanded 220 seed keywords to 385 variations
2026-01-11 21:50:00,952 - INFO - Language: en
2026-01-11 21:50:00,952 - INFO - Region: us
2026-01-11 21:50:32,782 - INFO - 🎯 After all filtering for 'philips': 120 relevant keywords
2026-01-11 21:50:34,240 - INFO - 🎯 Found 2 new keywords for niche 'philips': philips affordable chipset compatibility, philips affordable processor speed
2026-01-11 21:50:38,785 - INFO - ✅ Niche 'philips' process complete! 267 total keyword results.
2026-01-11 21:50:38,785 - INFO - ✅ Completed processing niche: 'philips'
2026-01-11 21:50:38,785 - INFO - 🔧 Request Handler final stats - Success rate: 100.0%
2026-01-11 21:50:38,785 - INFO -    Total requests: 69904, Blocks: 0
2026-01-11 21:50:38,786 - INFO - 
========================================
2026-01-11 21:50:38,786 - INFO - Process Summary:
2026-01-11 21:50:38,786 - INFO - - Current niche: 'philips'
2026-01-11 21:50:38,786 - INFO - - Next niche will be: 'sandisk'
2026-01-11 21:50:38,786 - INFO - - Keywords saved in: languages/english/keywords/philips/
2026-01-11 21:50:38,787 - INFO - ========================================
