2025-11-08 07:27:49,979 - INFO - Log file created at: /home/runner/work/potensitech.com/potensitech.com/languages/english/keywords/logs/kw_search_20251108_072749.log
2025-11-08 07:27:49,979 - INFO - ============================================================
2025-11-08 07:27:49,979 - INFO - AUTOMATIC KEYWORD RESEARCH TOOL
2025-11-08 07:27:49,979 - INFO - ============================================================
2025-11-08 07:27:50,141 - INFO - ========================================
2025-11-08 07:27:50,141 - INFO - Found 14 niches to process: xiaomi, iphone, samsung, apple, sony, asus, philips, sandisk, intel, nvidia, amd, canon, nikon, huawei
2025-11-08 07:27:50,141 - INFO - ========================================
2025-11-08 07:27:50,141 - INFO - Continuing from last processed niche: apple
2025-11-08 07:27:50,141 - INFO - ========================================
2025-11-08 07:27:50,141 - INFO - 🎯 PROCESSING NICHE 5/14: 'sony'
2025-11-08 07:27:50,141 - INFO - ========================================
2025-11-08 07:27:50,142 - INFO - 📁 Niche directory: /home/runner/work/potensitech.com/potensitech.com/languages/english/keywords/sony
2025-11-08 07:27:50,142 - INFO - Selected region: us
2025-11-08 07:27:50,142 - INFO - Selected language: en
2025-11-08 07:27:50,142 - INFO - 🎯 Current niche: sony
2025-11-08 07:27:56,087 - INFO - 🎯 Niche terms for filtering: sony, cheap, best, latest, review, price, sell, buy, recommendation, tips, tutorial, guide, how to, vs, versus, compared to, comparison, alternatives, which is better, expensive, discount, deals, sale, affordable, cost, online, offline, marketplace, store, shop, retailer, where to buy, worst, quality, original, genuine, fake, replica, authentic, brand, manufacturer, company, product, sony product, sell sony, buy sony, cheap sony, best sony, sony review, where to buy sony, how to choose sony, top sony, sony guide, sony for sale, sony deals
2025-11-08 07:27:56,087 - INFO - Generated 50 niche-clue pairs for 'sony'.
2025-11-08 07:27:56,089 - INFO - Expanded 50 seed keywords to 218 variations
2025-11-08 07:27:56,090 - INFO - 🔧 Request Handler initialized - Success rate: 100.0%
2025-11-08 07:32:17,733 - INFO - Original clue keywords: usb drive, flash drive
2025-11-08 07:32:17,733 - INFO - Niche-focused seeds: usb drive sony, sony usb drive, usb drive cheap, cheap usb drive, usb drive best, best usb drive, usb drive latest, latest usb drive, usb drive review, review usb drive, usb drive price, price usb drive, usb drive sell, sell usb drive, usb drive buy, buy usb drive, usb drive recommendation, recommendation usb drive, usb drive tips, tips usb drive, usb drive tutorial, tutorial usb drive, usb drive guide, guide usb drive, usb drive how to, how to usb drive, usb drive vs, vs usb drive, usb drive versus, versus usb drive, usb drive compared to, compared to usb drive, usb drive comparison, comparison usb drive, usb drive alternatives, alternatives usb drive, usb drive which is better, which is better usb drive, usb drive expensive, expensive usb drive, usb drive discount, discount usb drive, usb drive deals, deals usb drive, usb drive sale, sale usb drive, usb drive affordable, affordable usb drive, usb drive cost, cost usb drive, usb drive online, online usb drive, usb drive offline, offline usb drive, usb drive marketplace, marketplace usb drive, usb drive store, store usb drive, usb drive shop, shop usb drive, usb drive retailer, retailer usb drive, usb drive where to buy, where to buy usb drive, usb drive worst, worst usb drive, usb drive quality, quality usb drive, usb drive original, original usb drive, usb drive genuine, genuine usb drive, usb drive fake, fake usb drive, usb drive replica, replica usb drive, usb drive authentic, authentic usb drive, usb drive brand, brand usb drive, usb drive manufacturer, manufacturer usb drive, usb drive company, company usb drive, usb drive product, product usb drive, usb drive sony product, sony product usb drive, usb drive sell sony, sell sony usb drive, usb drive buy sony, buy sony usb drive, usb drive cheap sony, cheap sony usb drive, usb drive best sony, best sony usb drive, usb drive sony review, sony review usb drive, usb drive where to buy sony, where to buy sony usb drive, usb drive how to choose sony, how to choose sony usb drive, usb drive top sony, top sony usb drive, usb drive sony guide, sony guide usb drive, usb drive sony for sale, sony for sale usb drive, usb drive sony deals, sony deals usb drive, flash drive sony, sony flash drive, flash drive cheap, cheap flash drive, flash drive best, best flash drive, flash drive latest, latest flash drive, flash drive review, review flash drive, flash drive price, price flash drive, flash drive sell, sell flash drive, flash drive buy, buy flash drive, flash drive recommendation, recommendation flash drive, flash drive tips, tips flash drive, flash drive tutorial, tutorial flash drive, flash drive guide, guide flash drive, flash drive how to, how to flash drive, flash drive vs, vs flash drive, flash drive versus, versus flash drive, flash drive compared to, compared to flash drive, flash drive comparison, comparison flash drive, flash drive alternatives, alternatives flash drive, flash drive which is better, which is better flash drive, flash drive expensive, expensive flash drive, flash drive discount, discount flash drive, flash drive deals, deals flash drive, flash drive sale, sale flash drive, flash drive affordable, affordable flash drive, flash drive cost, cost flash drive, flash drive online, online flash drive, flash drive offline, offline flash drive, flash drive marketplace, marketplace flash drive, flash drive store, store flash drive, flash drive shop, shop flash drive, flash drive retailer, retailer flash drive, flash drive where to buy, where to buy flash drive, flash drive worst, worst flash drive, flash drive quality, quality flash drive, flash drive original, original flash drive, flash drive genuine, genuine flash drive, flash drive fake, fake flash drive, flash drive replica, replica flash drive, flash drive authentic, authentic flash drive, flash drive brand, brand flash drive, flash drive manufacturer, manufacturer flash drive, flash drive company, company flash drive, flash drive product, product flash drive, flash drive sony product, sony product flash drive, flash drive sell sony, sell sony flash drive, flash drive buy sony, buy sony flash drive, flash drive cheap sony, cheap sony flash drive, flash drive best sony, best sony flash drive, flash drive sony review, sony review flash drive, flash drive where to buy sony, where to buy sony flash drive, flash drive how to choose sony, how to choose sony flash drive, flash drive top sony, top sony flash drive, flash drive sony guide, sony guide flash drive, flash drive sony for sale, sony for sale flash drive, flash drive sony deals, sony deals flash drive
2025-11-08 07:32:17,737 - INFO - Expanded 220 seed keywords to 385 variations
2025-11-08 07:32:17,737 - INFO - Language: en
2025-11-08 07:32:17,737 - INFO - Region: us
2025-11-08 07:36:50,055 - INFO - 🎯 After all filtering for 'sony': 120 relevant keywords
2025-11-08 07:36:50,328 - INFO - 🎯 Found 5 new keywords for niche 'sony': sony affordable flash drive, cheap affordable usb drive, cheap alternatives flash drive, sony alternatives usb drive, best authentic flash drive
2025-11-08 07:36:58,284 - INFO - ✅ Niche 'sony' process complete! 184 total keyword results.
2025-11-08 07:36:58,284 - INFO - ✅ Completed processing niche: 'sony'
2025-11-08 07:36:58,284 - INFO - 🔧 Request Handler final stats - Success rate: 100.0%
2025-11-08 07:36:58,284 - INFO -    Total requests: 38029, Blocks: 0
2025-11-08 07:36:58,285 - INFO - 
========================================
2025-11-08 07:36:58,286 - INFO - Process Summary:
2025-11-08 07:36:58,286 - INFO - - Current niche: 'sony'
2025-11-08 07:36:58,286 - INFO - - Next niche will be: 'asus'
2025-11-08 07:36:58,286 - INFO - - Keywords saved in: languages/english/keywords/sony/
2025-11-08 07:36:58,286 - INFO - ========================================
