2025-10-14 03:12:59,342 - INFO - Log file created at: /home/runner/work/potensitech.com/potensitech.com/languages/english/keywords/logs/kw_search_20251014_031259.log
2025-10-14 03:12:59,342 - INFO - ============================================================
2025-10-14 03:12:59,342 - INFO - AUTOMATIC KEYWORD RESEARCH TOOL
2025-10-14 03:12:59,342 - INFO - ============================================================
2025-10-14 03:12:59,498 - INFO - ========================================
2025-10-14 03:12:59,498 - INFO - Found 14 niches to process: xiaomi, iphone, samsung, apple, sony, asus, philips, sandisk, intel, nvidia, amd, canon, nikon, huawei
2025-10-14 03:12:59,498 - INFO - ========================================
2025-10-14 03:12:59,499 - INFO - Continuing from last processed niche: philips
2025-10-14 03:12:59,499 - INFO - ========================================
2025-10-14 03:12:59,499 - INFO - 🎯 PROCESSING NICHE 8/14: 'sandisk'
2025-10-14 03:12:59,499 - INFO - ========================================
2025-10-14 03:12:59,499 - INFO - 📁 Niche directory: /home/runner/work/potensitech.com/potensitech.com/languages/english/keywords/sandisk
2025-10-14 03:12:59,499 - INFO - Selected region: us
2025-10-14 03:12:59,499 - INFO - Selected language: en
2025-10-14 03:12:59,499 - INFO - 🎯 Current niche: sandisk
2025-10-14 03:13:02,158 - INFO - 🎯 Niche terms for filtering: sandisk, cheap, best, latest, review, price, sell, buy, recommendation, tips, tutorial, guide, how to, vs, versus, compared to, comparison, alternatives, which is better, expensive, discount, deals, sale, affordable, cost, online, offline, marketplace, store, shop, retailer, where to buy, worst, quality, original, genuine, fake, replica, authentic, brand, manufacturer, company, product, sandisk product, sell sandisk, buy sandisk, cheap sandisk, best sandisk, sandisk review, where to buy sandisk, how to choose sandisk, top sandisk, sandisk guide, sandisk for sale, sandisk deals
2025-10-14 03:13:02,158 - INFO - Generated 50 niche-clue pairs for 'sandisk'.
2025-10-14 03:13:02,161 - INFO - Expanded 50 seed keywords to 218 variations
2025-10-14 03:13:02,162 - INFO - 🔧 Request Handler initialized - Success rate: 100.0%
2025-10-14 03:17:24,669 - INFO - Original clue keywords: portable storage, flash drive
2025-10-14 03:17:24,670 - INFO - Niche-focused seeds: portable storage sandisk, sandisk portable storage, portable storage cheap, cheap portable storage, portable storage best, best portable storage, portable storage latest, latest portable storage, portable storage review, review portable storage, portable storage price, price portable storage, portable storage sell, sell portable storage, portable storage buy, buy portable storage, portable storage recommendation, recommendation portable storage, portable storage tips, tips portable storage, portable storage tutorial, tutorial portable storage, portable storage guide, guide portable storage, portable storage how to, how to portable storage, portable storage vs, vs portable storage, portable storage versus, versus portable storage, portable storage compared to, compared to portable storage, portable storage comparison, comparison portable storage, portable storage alternatives, alternatives portable storage, portable storage which is better, which is better portable storage, portable storage expensive, expensive portable storage, portable storage discount, discount portable storage, portable storage deals, deals portable storage, portable storage sale, sale portable storage, portable storage affordable, affordable portable storage, portable storage cost, cost portable storage, portable storage online, online portable storage, portable storage offline, offline portable storage, portable storage marketplace, marketplace portable storage, portable storage store, store portable storage, portable storage shop, shop portable storage, portable storage retailer, retailer portable storage, portable storage where to buy, where to buy portable storage, portable storage worst, worst portable storage, portable storage quality, quality portable storage, portable storage original, original portable storage, portable storage genuine, genuine portable storage, portable storage fake, fake portable storage, portable storage replica, replica portable storage, portable storage authentic, authentic portable storage, portable storage brand, brand portable storage, portable storage manufacturer, manufacturer portable storage, portable storage company, company portable storage, portable storage product, product portable storage, portable storage sandisk product, sandisk product portable storage, portable storage sell sandisk, sell sandisk portable storage, portable storage buy sandisk, buy sandisk portable storage, portable storage cheap sandisk, cheap sandisk portable storage, portable storage best sandisk, best sandisk portable storage, portable storage sandisk review, sandisk review portable storage, portable storage where to buy sandisk, where to buy sandisk portable storage, portable storage how to choose sandisk, how to choose sandisk portable storage, portable storage top sandisk, top sandisk portable storage, portable storage sandisk guide, sandisk guide portable storage, portable storage sandisk for sale, sandisk for sale portable storage, portable storage sandisk deals, sandisk deals portable storage, flash drive sandisk, sandisk flash drive, flash drive cheap, cheap flash drive, flash drive best, best flash drive, flash drive latest, latest flash drive, flash drive review, review flash drive, flash drive price, price flash drive, flash drive sell, sell flash drive, flash drive buy, buy flash drive, flash drive recommendation, recommendation flash drive, flash drive tips, tips flash drive, flash drive tutorial, tutorial flash drive, flash drive guide, guide flash drive, flash drive how to, how to flash drive, flash drive vs, vs flash drive, flash drive versus, versus flash drive, flash drive compared to, compared to flash drive, flash drive comparison, comparison flash drive, flash drive alternatives, alternatives flash drive, flash drive which is better, which is better flash drive, flash drive expensive, expensive flash drive, flash drive discount, discount flash drive, flash drive deals, deals flash drive, flash drive sale, sale flash drive, flash drive affordable, affordable flash drive, flash drive cost, cost flash drive, flash drive online, online flash drive, flash drive offline, offline flash drive, flash drive marketplace, marketplace flash drive, flash drive store, store flash drive, flash drive shop, shop flash drive, flash drive retailer, retailer flash drive, flash drive where to buy, where to buy flash drive, flash drive worst, worst flash drive, flash drive quality, quality flash drive, flash drive original, original flash drive, flash drive genuine, genuine flash drive, flash drive fake, fake flash drive, flash drive replica, replica flash drive, flash drive authentic, authentic flash drive, flash drive brand, brand flash drive, flash drive manufacturer, manufacturer flash drive, flash drive company, company flash drive, flash drive product, product flash drive, flash drive sandisk product, sandisk product flash drive, flash drive sell sandisk, sell sandisk flash drive, flash drive buy sandisk, buy sandisk flash drive, flash drive cheap sandisk, cheap sandisk flash drive, flash drive best sandisk, best sandisk flash drive, flash drive sandisk review, sandisk review flash drive, flash drive where to buy sandisk, where to buy sandisk flash drive, flash drive how to choose sandisk, how to choose sandisk flash drive, flash drive top sandisk, top sandisk flash drive, flash drive sandisk guide, sandisk guide flash drive, flash drive sandisk for sale, sandisk for sale flash drive, flash drive sandisk deals, sandisk deals flash drive
2025-10-14 03:17:24,673 - INFO - Expanded 220 seed keywords to 385 variations
2025-10-14 03:17:24,673 - INFO - Language: en
2025-10-14 03:17:24,673 - INFO - Region: us
2025-10-14 03:17:57,603 - INFO - 🎯 After all filtering for 'sandisk': 120 relevant keywords
2025-10-14 03:17:57,759 - INFO - 🎯 Found 2 new keywords for niche 'sandisk': sandisk affordable flash drive, sandisk affordable portable storage
2025-10-14 03:18:06,888 - INFO - ✅ Niche 'sandisk' process complete! 110 total keyword results.
2025-10-14 03:18:06,888 - INFO - ✅ Completed processing niche: 'sandisk'
2025-10-14 03:18:06,888 - INFO - 🔧 Request Handler final stats - Success rate: 100.0%
2025-10-14 03:18:06,888 - INFO -    Total requests: 25286, Blocks: 0
2025-10-14 03:18:06,889 - INFO - 
========================================
2025-10-14 03:18:06,889 - INFO - Process Summary:
2025-10-14 03:18:06,889 - INFO - - Current niche: 'sandisk'
2025-10-14 03:18:06,889 - INFO - - Next niche will be: 'intel'
2025-10-14 03:18:06,889 - INFO - - Keywords saved in: languages/english/keywords/sandisk/
2025-10-14 03:18:06,889 - INFO - ========================================
