2025-10-08 14:40:09,789 - INFO - Log file created at: /home/runner/work/potensitech.com/potensitech.com/languages/english/keywords/logs/kw_search_20251008_144009.log
2025-10-08 14:40:09,790 - INFO - ============================================================
2025-10-08 14:40:09,790 - INFO - AUTOMATIC KEYWORD RESEARCH TOOL
2025-10-08 14:40:09,790 - INFO - ============================================================
2025-10-08 14:40:09,955 - INFO - ========================================
2025-10-08 14:40:09,955 - INFO - Found 14 niches to process: xiaomi, iphone, samsung, apple, sony, asus, philips, sandisk, intel, nvidia, amd, canon, nikon, huawei
2025-10-08 14:40:09,956 - INFO - ========================================
2025-10-08 14:40:09,956 - INFO - Continuing from last processed niche: sandisk
2025-10-08 14:40:09,956 - INFO - ========================================
2025-10-08 14:40:09,956 - INFO - 🎯 PROCESSING NICHE 9/14: 'intel'
2025-10-08 14:40:09,956 - INFO - ========================================
2025-10-08 14:40:09,956 - INFO - 📁 Niche directory: /home/runner/work/potensitech.com/potensitech.com/languages/english/keywords/intel
2025-10-08 14:40:09,956 - INFO - Selected region: us
2025-10-08 14:40:09,956 - INFO - Selected language: en
2025-10-08 14:40:09,956 - INFO - 🎯 Current niche: intel
2025-10-08 14:40:12,262 - INFO - 🎯 Niche terms for filtering: intel, cheap, best, latest, review, price, sell, buy, recommendation, tips, tutorial, guide, how to, vs, versus, compared to, comparison, alternatives, which is better, expensive, discount, deals, sale, affordable, cost, online, offline, marketplace, store, shop, retailer, where to buy, worst, quality, original, genuine, fake, replica, authentic, brand, manufacturer, company, product, intel product, sell intel, buy intel, cheap intel, best intel, intel review, where to buy intel, how to choose intel, top intel, intel guide, intel for sale, intel deals
2025-10-08 14:40:12,262 - INFO - Generated 50 niche-clue pairs for 'intel'.
2025-10-08 14:40:12,265 - INFO - Expanded 50 seed keywords to 218 variations
2025-10-08 14:40:12,266 - INFO - 🔧 Request Handler initialized - Success rate: 100.0%
2025-10-08 14:44:37,915 - INFO - Original clue keywords: storage capacity, flash drive
2025-10-08 14:44:37,915 - INFO - Niche-focused seeds: storage capacity intel, intel storage capacity, storage capacity cheap, cheap storage capacity, storage capacity best, best storage capacity, storage capacity latest, latest storage capacity, storage capacity review, review storage capacity, storage capacity price, price storage capacity, storage capacity sell, sell storage capacity, storage capacity buy, buy storage capacity, storage capacity recommendation, recommendation storage capacity, storage capacity tips, tips storage capacity, storage capacity tutorial, tutorial storage capacity, storage capacity guide, guide storage capacity, storage capacity how to, how to storage capacity, storage capacity vs, vs storage capacity, storage capacity versus, versus storage capacity, storage capacity compared to, compared to storage capacity, storage capacity comparison, comparison storage capacity, storage capacity alternatives, alternatives storage capacity, storage capacity which is better, which is better storage capacity, storage capacity expensive, expensive storage capacity, storage capacity discount, discount storage capacity, storage capacity deals, deals storage capacity, storage capacity sale, sale storage capacity, storage capacity affordable, affordable storage capacity, storage capacity cost, cost storage capacity, storage capacity online, online storage capacity, storage capacity offline, offline storage capacity, storage capacity marketplace, marketplace storage capacity, storage capacity store, store storage capacity, storage capacity shop, shop storage capacity, storage capacity retailer, retailer storage capacity, storage capacity where to buy, where to buy storage capacity, storage capacity worst, worst storage capacity, storage capacity quality, quality storage capacity, storage capacity original, original storage capacity, storage capacity genuine, genuine storage capacity, storage capacity fake, fake storage capacity, storage capacity replica, replica storage capacity, storage capacity authentic, authentic storage capacity, storage capacity brand, brand storage capacity, storage capacity manufacturer, manufacturer storage capacity, storage capacity company, company storage capacity, storage capacity product, product storage capacity, storage capacity intel product, intel product storage capacity, storage capacity sell intel, sell intel storage capacity, storage capacity buy intel, buy intel storage capacity, storage capacity cheap intel, cheap intel storage capacity, storage capacity best intel, best intel storage capacity, storage capacity intel review, intel review storage capacity, storage capacity where to buy intel, where to buy intel storage capacity, storage capacity how to choose intel, how to choose intel storage capacity, storage capacity top intel, top intel storage capacity, storage capacity intel guide, intel guide storage capacity, storage capacity intel for sale, intel for sale storage capacity, storage capacity intel deals, intel deals storage capacity, flash drive intel, intel flash drive, flash drive cheap, cheap flash drive, flash drive best, best flash drive, flash drive latest, latest flash drive, flash drive review, review flash drive, flash drive price, price flash drive, flash drive sell, sell flash drive, flash drive buy, buy flash drive, flash drive recommendation, recommendation flash drive, flash drive tips, tips flash drive, flash drive tutorial, tutorial flash drive, flash drive guide, guide flash drive, flash drive how to, how to flash drive, flash drive vs, vs flash drive, flash drive versus, versus flash drive, flash drive compared to, compared to flash drive, flash drive comparison, comparison flash drive, flash drive alternatives, alternatives flash drive, flash drive which is better, which is better flash drive, flash drive expensive, expensive flash drive, flash drive discount, discount flash drive, flash drive deals, deals flash drive, flash drive sale, sale flash drive, flash drive affordable, affordable flash drive, flash drive cost, cost flash drive, flash drive online, online flash drive, flash drive offline, offline flash drive, flash drive marketplace, marketplace flash drive, flash drive store, store flash drive, flash drive shop, shop flash drive, flash drive retailer, retailer flash drive, flash drive where to buy, where to buy flash drive, flash drive worst, worst flash drive, flash drive quality, quality flash drive, flash drive original, original flash drive, flash drive genuine, genuine flash drive, flash drive fake, fake flash drive, flash drive replica, replica flash drive, flash drive authentic, authentic flash drive, flash drive brand, brand flash drive, flash drive manufacturer, manufacturer flash drive, flash drive company, company flash drive, flash drive product, product flash drive, flash drive intel product, intel product flash drive, flash drive sell intel, sell intel flash drive, flash drive buy intel, buy intel flash drive, flash drive cheap intel, cheap intel flash drive, flash drive best intel, best intel flash drive, flash drive intel review, intel review flash drive, flash drive where to buy intel, where to buy intel flash drive, flash drive how to choose intel, how to choose intel flash drive, flash drive top intel, top intel flash drive, flash drive intel guide, intel guide flash drive, flash drive intel for sale, intel for sale flash drive, flash drive intel deals, intel deals flash drive
2025-10-08 14:44:37,918 - INFO - Expanded 220 seed keywords to 385 variations
2025-10-08 14:44:37,918 - INFO - Language: en
2025-10-08 14:44:37,918 - INFO - Region: us
2025-10-08 14:45:11,429 - INFO - 🎯 After all filtering for 'intel': 120 relevant keywords
2025-10-08 14:45:11,626 - INFO - 🎯 Found 5 new keywords for niche 'intel': intel affordable flash drive, intel affordable storage capacity, cheap alternatives flash drive, cheap alternatives storage capacity, best authentic flash drive
2025-10-08 14:45:21,113 - INFO - ✅ Niche 'intel' process complete! 111 total keyword results.
2025-10-08 14:45:21,113 - INFO - ✅ Completed processing niche: 'intel'
2025-10-08 14:45:21,113 - INFO - 🔧 Request Handler final stats - Success rate: 100.0%
2025-10-08 14:45:21,113 - INFO -    Total requests: 21723, Blocks: 0
2025-10-08 14:45:21,114 - INFO - 
========================================
2025-10-08 14:45:21,114 - INFO - Process Summary:
2025-10-08 14:45:21,115 - INFO - - Current niche: 'intel'
2025-10-08 14:45:21,115 - INFO - - Next niche will be: 'nvidia'
2025-10-08 14:45:21,115 - INFO - - Keywords saved in: languages/english/keywords/intel/
2025-10-08 14:45:21,115 - INFO - ========================================
