2025-10-05 21:43:39,759 - INFO - Log file created at: /home/runner/work/potensitech.com/potensitech.com/languages/english/keywords/logs/kw_search_20251005_214339.log
2025-10-05 21:43:39,759 - INFO - ============================================================
2025-10-05 21:43:39,759 - INFO - AUTOMATIC KEYWORD RESEARCH TOOL
2025-10-05 21:43:39,759 - INFO - ============================================================
2025-10-05 21:43:39,916 - INFO - ========================================
2025-10-05 21:43:39,916 - INFO - Found 14 niches to process: xiaomi, iphone, samsung, apple, sony, asus, philips, sandisk, intel, nvidia, amd, canon, nikon, huawei
2025-10-05 21:43:39,916 - INFO - ========================================
2025-10-05 21:43:39,916 - INFO - Continuing from last processed niche: intel
2025-10-05 21:43:39,916 - INFO - ========================================
2025-10-05 21:43:39,916 - INFO - 🎯 PROCESSING NICHE 10/14: 'nvidia'
2025-10-05 21:43:39,916 - INFO - ========================================
2025-10-05 21:43:39,916 - INFO - 📁 Niche directory: /home/runner/work/potensitech.com/potensitech.com/languages/english/keywords/nvidia
2025-10-05 21:43:39,916 - INFO - Selected region: us
2025-10-05 21:43:39,916 - INFO - Selected language: en
2025-10-05 21:43:39,916 - INFO - 🎯 Current niche: nvidia
2025-10-05 21:43:43,550 - INFO - 🎯 Niche terms for filtering: nvidia, cheap, best, latest, review, price, sell, buy, recommendation, tips, tutorial, guide, how to, vs, versus, compared to, comparison, alternatives, which is better, expensive, discount, deals, sale, affordable, cost, online, offline, marketplace, store, shop, retailer, where to buy, worst, quality, original, genuine, fake, replica, authentic, brand, manufacturer, company, product, nvidia product, sell nvidia, buy nvidia, cheap nvidia, best nvidia, nvidia review, where to buy nvidia, how to choose nvidia, top nvidia, nvidia guide, nvidia for sale, nvidia deals
2025-10-05 21:43:43,551 - INFO - Generated 50 niche-clue pairs for 'nvidia'.
2025-10-05 21:43:43,554 - INFO - Expanded 50 seed keywords to 218 variations
2025-10-05 21:43:43,554 - INFO - 🔧 Request Handler initialized - Success rate: 100.0%
2025-10-05 21:48:11,405 - INFO - Original clue keywords: ai computing
2025-10-05 21:48:11,405 - INFO - Niche-focused seeds: ai computing nvidia, nvidia ai computing, ai computing cheap, cheap ai computing, ai computing best, best ai computing, ai computing latest, latest ai computing, ai computing review, review ai computing, ai computing price, price ai computing, ai computing sell, sell ai computing, ai computing buy, buy ai computing, ai computing recommendation, recommendation ai computing, ai computing tips, tips ai computing, ai computing tutorial, tutorial ai computing, ai computing guide, guide ai computing, ai computing how to, how to ai computing, ai computing vs, vs ai computing, ai computing versus, versus ai computing, ai computing compared to, compared to ai computing, ai computing comparison, comparison ai computing, ai computing alternatives, alternatives ai computing, ai computing which is better, which is better ai computing, ai computing expensive, expensive ai computing, ai computing discount, discount ai computing, ai computing deals, deals ai computing, ai computing sale, sale ai computing, ai computing affordable, affordable ai computing, ai computing cost, cost ai computing, ai computing online, online ai computing, ai computing offline, offline ai computing, ai computing marketplace, marketplace ai computing, ai computing store, store ai computing, ai computing shop, shop ai computing, ai computing retailer, retailer ai computing, ai computing where to buy, where to buy ai computing, ai computing worst, worst ai computing, ai computing quality, quality ai computing, ai computing original, original ai computing, ai computing genuine, genuine ai computing, ai computing fake, fake ai computing, ai computing replica, replica ai computing, ai computing authentic, authentic ai computing, ai computing brand, brand ai computing, ai computing manufacturer, manufacturer ai computing, ai computing company, company ai computing, ai computing product, product ai computing, ai computing nvidia product, nvidia product ai computing, ai computing sell nvidia, sell nvidia ai computing, ai computing buy nvidia, buy nvidia ai computing, ai computing cheap nvidia, cheap nvidia ai computing, ai computing best nvidia, best nvidia ai computing, ai computing nvidia review, nvidia review ai computing, ai computing where to buy nvidia, where to buy nvidia ai computing, ai computing how to choose nvidia, how to choose nvidia ai computing, ai computing top nvidia, top nvidia ai computing, ai computing nvidia guide, nvidia guide ai computing, ai computing nvidia for sale, nvidia for sale ai computing, ai computing nvidia deals, nvidia deals ai computing
2025-10-05 21:48:11,408 - INFO - Expanded 110 seed keywords to 275 variations
2025-10-05 21:48:11,408 - INFO - Language: en
2025-10-05 21:48:11,408 - INFO - Region: us
2025-10-05 21:52:39,815 - INFO - 🎯 After all filtering for 'nvidia': 120 relevant keywords
2025-10-05 21:52:40,332 - INFO - 🎯 Found 4 new keywords for niche 'nvidia': nvidia affordable ai computing, cheap ai computing alternatives, best ai computing authentic, how to ai computing brand
2025-10-05 21:52:46,878 - INFO - ✅ Niche 'nvidia' process complete! 115 total keyword results.
2025-10-05 21:52:46,878 - INFO - ✅ Completed processing niche: 'nvidia'
2025-10-05 21:52:46,878 - INFO - 🔧 Request Handler final stats - Success rate: 100.0%
2025-10-05 21:52:46,878 - INFO -    Total requests: 19741, Blocks: 0
2025-10-05 21:52:46,879 - INFO - 
========================================
2025-10-05 21:52:46,879 - INFO - Process Summary:
2025-10-05 21:52:46,879 - INFO - - Current niche: 'nvidia'
2025-10-05 21:52:46,879 - INFO - - Next niche will be: 'amd'
2025-10-05 21:52:46,879 - INFO - - Keywords saved in: languages/english/keywords/nvidia/
2025-10-05 21:52:46,880 - INFO - ========================================
