2025-09-21 03:26:02,323 - INFO - Log file created at: /home/runner/work/potensitech.com/potensitech.com/languages/english/keywords/logs/kw_search_20250921_032602.log
2025-09-21 03:26:02,323 - INFO - ============================================================
2025-09-21 03:26:02,323 - INFO - AUTOMATIC KEYWORD RESEARCH TOOL
2025-09-21 03:26:02,323 - INFO - ============================================================
2025-09-21 03:26:02,435 - INFO - ========================================
2025-09-21 03:26:02,435 - INFO - Found 14 niches to process: xiaomi, iphone, samsung, apple, sony, asus, philips, sandisk, intel, nvidia, amd, canon, nikon, huawei
2025-09-21 03:26:02,435 - INFO - ========================================
2025-09-21 03:26:02,436 - INFO - Continuing from last processed niche: xiaomi
2025-09-21 03:26:02,436 - INFO - ========================================
2025-09-21 03:26:02,436 - INFO - 🎯 PROCESSING NICHE 2/14: 'iphone'
2025-09-21 03:26:02,436 - INFO - ========================================
2025-09-21 03:26:02,436 - INFO - 📁 Niche directory: /home/runner/work/potensitech.com/potensitech.com/languages/english/keywords/iphone
2025-09-21 03:26:02,436 - INFO - Selected region: us
2025-09-21 03:26:02,436 - INFO - Selected language: en
2025-09-21 03:26:02,436 - INFO - 🎯 Current niche: iphone
2025-09-21 03:26:15,493 - INFO - 🎯 Niche terms for filtering: iphone, cheap, best, latest, review, price, sell, buy, recommendation, tips, tutorial, guide, how to, vs, versus, compared to, comparison, alternatives, which is better, expensive, discount, deals, sale, affordable, cost, online, offline, marketplace, store, shop, retailer, where to buy, worst, quality, original, genuine, fake, replica, authentic, brand, manufacturer, company, product, iphone product, sell iphone, buy iphone, cheap iphone, best iphone, iphone review, where to buy iphone, how to choose iphone, top iphone, iphone guide, iphone for sale, iphone deals
2025-09-21 03:26:15,493 - INFO - Generated 50 niche-clue pairs for 'iphone'.
2025-09-21 03:26:15,496 - INFO - Expanded 50 seed keywords to 218 variations
2025-09-21 03:26:15,496 - INFO - 🔧 Request Handler initialized - Success rate: 100.0%
2025-09-21 03:30:42,723 - INFO - Original clue keywords: camera lens, image stabilization
2025-09-21 03:30:42,723 - INFO - Niche-focused seeds: camera lens iphone, iphone camera lens, camera lens cheap, cheap camera lens, camera lens best, best camera lens, camera lens latest, latest camera lens, camera lens review, review camera lens, camera lens price, price camera lens, camera lens sell, sell camera lens, camera lens buy, buy camera lens, camera lens recommendation, recommendation camera lens, camera lens tips, tips camera lens, camera lens tutorial, tutorial camera lens, camera lens guide, guide camera lens, camera lens how to, how to camera lens, camera lens vs, vs camera lens, camera lens versus, versus camera lens, camera lens compared to, compared to camera lens, camera lens comparison, comparison camera lens, camera lens alternatives, alternatives camera lens, camera lens which is better, which is better camera lens, camera lens expensive, expensive camera lens, camera lens discount, discount camera lens, camera lens deals, deals camera lens, camera lens sale, sale camera lens, camera lens affordable, affordable camera lens, camera lens cost, cost camera lens, camera lens online, online camera lens, camera lens offline, offline camera lens, camera lens marketplace, marketplace camera lens, camera lens store, store camera lens, camera lens shop, shop camera lens, camera lens retailer, retailer camera lens, camera lens where to buy, where to buy camera lens, camera lens worst, worst camera lens, camera lens quality, quality camera lens, camera lens original, original camera lens, camera lens genuine, genuine camera lens, camera lens fake, fake camera lens, camera lens replica, replica camera lens, camera lens authentic, authentic camera lens, camera lens brand, brand camera lens, camera lens manufacturer, manufacturer camera lens, camera lens company, company camera lens, camera lens product, product camera lens, camera lens iphone product, iphone product camera lens, camera lens sell iphone, sell iphone camera lens, camera lens buy iphone, buy iphone camera lens, camera lens cheap iphone, cheap iphone camera lens, camera lens best iphone, best iphone camera lens, camera lens iphone review, iphone review camera lens, camera lens where to buy iphone, where to buy iphone camera lens, camera lens how to choose iphone, how to choose iphone camera lens, camera lens top iphone, top iphone camera lens, camera lens iphone guide, iphone guide camera lens, camera lens iphone for sale, iphone for sale camera lens, camera lens iphone deals, iphone deals camera lens, image stabilization iphone, iphone image stabilization, image stabilization cheap, cheap image stabilization, image stabilization best, best image stabilization, image stabilization latest, latest image stabilization, image stabilization review, review image stabilization, image stabilization price, price image stabilization, image stabilization sell, sell image stabilization, image stabilization buy, buy image stabilization, image stabilization recommendation, recommendation image stabilization, image stabilization tips, tips image stabilization, image stabilization tutorial, tutorial image stabilization, image stabilization guide, guide image stabilization, image stabilization how to, how to image stabilization, image stabilization vs, vs image stabilization, image stabilization versus, versus image stabilization, image stabilization compared to, compared to image stabilization, image stabilization comparison, comparison image stabilization, image stabilization alternatives, alternatives image stabilization, image stabilization which is better, which is better image stabilization, image stabilization expensive, expensive image stabilization, image stabilization discount, discount image stabilization, image stabilization deals, deals image stabilization, image stabilization sale, sale image stabilization, image stabilization affordable, affordable image stabilization, image stabilization cost, cost image stabilization, image stabilization online, online image stabilization, image stabilization offline, offline image stabilization, image stabilization marketplace, marketplace image stabilization, image stabilization store, store image stabilization, image stabilization shop, shop image stabilization, image stabilization retailer, retailer image stabilization, image stabilization where to buy, where to buy image stabilization, image stabilization worst, worst image stabilization, image stabilization quality, quality image stabilization, image stabilization original, original image stabilization, image stabilization genuine, genuine image stabilization, image stabilization fake, fake image stabilization, image stabilization replica, replica image stabilization, image stabilization authentic, authentic image stabilization, image stabilization brand, brand image stabilization, image stabilization manufacturer, manufacturer image stabilization, image stabilization company, company image stabilization, image stabilization product, product image stabilization, image stabilization iphone product, iphone product image stabilization, image stabilization sell iphone, sell iphone image stabilization, image stabilization buy iphone, buy iphone image stabilization, image stabilization cheap iphone, cheap iphone image stabilization, image stabilization best iphone, best iphone image stabilization, image stabilization iphone review, iphone review image stabilization, image stabilization where to buy iphone, where to buy iphone image stabilization, image stabilization how to choose iphone, how to choose iphone image stabilization, image stabilization top iphone, top iphone image stabilization, image stabilization iphone guide, iphone guide image stabilization, image stabilization iphone for sale, iphone for sale image stabilization, image stabilization iphone deals, iphone deals image stabilization
2025-09-21 03:30:42,727 - INFO - Expanded 220 seed keywords to 385 variations
2025-09-21 03:30:42,727 - INFO - Language: en
2025-09-21 03:30:42,727 - INFO - Region: us
2025-09-21 03:35:16,205 - INFO - 🎯 After all filtering for 'iphone': 120 relevant keywords
2025-09-21 03:35:16,297 - INFO - 🎯 Found 5 new keywords for niche 'iphone': iphone affordable camera lens, iphone affordable image stabilization, cheap alternatives camera lens, cheap alternatives image stabilization, best authentic camera lens
2025-09-21 03:35:35,664 - INFO - ✅ Niche 'iphone' process complete! 60 total keyword results.
2025-09-21 03:35:35,664 - INFO - ✅ Completed processing niche: 'iphone'
2025-09-21 03:35:35,664 - INFO - 🔧 Request Handler final stats - Success rate: 100.0%
2025-09-21 03:35:35,664 - INFO -    Total requests: 8561, Blocks: 0
2025-09-21 03:35:35,665 - INFO - 
========================================
2025-09-21 03:35:35,666 - INFO - Process Summary:
2025-09-21 03:35:35,666 - INFO - - Current niche: 'iphone'
2025-09-21 03:35:35,666 - INFO - - Next niche will be: 'samsung'
2025-09-21 03:35:35,666 - INFO - - Keywords saved in: languages/english/keywords/iphone/
2025-09-21 03:35:35,666 - INFO - ========================================
