2025-09-27 21:43:20,622 - INFO - Log file created at: /home/runner/work/potensitech.com/potensitech.com/languages/english/keywords/logs/kw_search_20250927_214320.log
2025-09-27 21:43:20,622 - INFO - ============================================================
2025-09-27 21:43:20,622 - INFO - AUTOMATIC KEYWORD RESEARCH TOOL
2025-09-27 21:43:20,622 - INFO - ============================================================
2025-09-27 21:43:20,757 - INFO - ========================================
2025-09-27 21:43:20,757 - INFO - Found 14 niches to process: xiaomi, iphone, samsung, apple, sony, asus, philips, sandisk, intel, nvidia, amd, canon, nikon, huawei
2025-09-27 21:43:20,757 - INFO - ========================================
2025-09-27 21:43:20,757 - INFO - Continuing from last processed niche: nikon
2025-09-27 21:43:20,757 - INFO - ========================================
2025-09-27 21:43:20,757 - INFO - 🎯 PROCESSING NICHE 14/14: 'huawei'
2025-09-27 21:43:20,757 - INFO - ========================================
2025-09-27 21:43:20,757 - INFO - 📁 Niche directory: /home/runner/work/potensitech.com/potensitech.com/languages/english/keywords/huawei
2025-09-27 21:43:20,757 - INFO - Selected region: us
2025-09-27 21:43:20,757 - INFO - Selected language: en
2025-09-27 21:43:20,758 - INFO - 🎯 Current niche: huawei
2025-09-27 21:43:23,715 - INFO - 🎯 Niche terms for filtering: huawei, cheap, best, latest, review, price, sell, buy, recommendation, tips, tutorial, guide, how to, vs, versus, compared to, comparison, alternatives, which is better, expensive, discount, deals, sale, affordable, cost, online, offline, marketplace, store, shop, retailer, where to buy, worst, quality, original, genuine, fake, replica, authentic, brand, manufacturer, company, product, huawei product, sell huawei, buy huawei, cheap huawei, best huawei, huawei review, where to buy huawei, how to choose huawei, top huawei, huawei guide, huawei for sale, huawei deals
2025-09-27 21:43:23,715 - INFO - Generated 50 niche-clue pairs for 'huawei'.
2025-09-27 21:43:23,718 - INFO - Expanded 50 seed keywords to 218 variations
2025-09-27 21:43:23,718 - INFO - 🔧 Request Handler initialized - Success rate: 100.0%
2025-09-27 21:47:47,908 - INFO - Original clue keywords: image stabilization, autofocus speed
2025-09-27 21:47:47,908 - INFO - Niche-focused seeds: image stabilization huawei, huawei image stabilization, image stabilization cheap, cheap image stabilization, image stabilization best, best image stabilization, image stabilization latest, latest image stabilization, image stabilization review, review image stabilization, image stabilization price, price image stabilization, image stabilization sell, sell image stabilization, image stabilization buy, buy image stabilization, image stabilization recommendation, recommendation image stabilization, image stabilization tips, tips image stabilization, image stabilization tutorial, tutorial image stabilization, image stabilization guide, guide image stabilization, image stabilization how to, how to image stabilization, image stabilization vs, vs image stabilization, image stabilization versus, versus image stabilization, image stabilization compared to, compared to image stabilization, image stabilization comparison, comparison image stabilization, image stabilization alternatives, alternatives image stabilization, image stabilization which is better, which is better image stabilization, image stabilization expensive, expensive image stabilization, image stabilization discount, discount image stabilization, image stabilization deals, deals image stabilization, image stabilization sale, sale image stabilization, image stabilization affordable, affordable image stabilization, image stabilization cost, cost image stabilization, image stabilization online, online image stabilization, image stabilization offline, offline image stabilization, image stabilization marketplace, marketplace image stabilization, image stabilization store, store image stabilization, image stabilization shop, shop image stabilization, image stabilization retailer, retailer image stabilization, image stabilization where to buy, where to buy image stabilization, image stabilization worst, worst image stabilization, image stabilization quality, quality image stabilization, image stabilization original, original image stabilization, image stabilization genuine, genuine image stabilization, image stabilization fake, fake image stabilization, image stabilization replica, replica image stabilization, image stabilization authentic, authentic image stabilization, image stabilization brand, brand image stabilization, image stabilization manufacturer, manufacturer image stabilization, image stabilization company, company image stabilization, image stabilization product, product image stabilization, image stabilization huawei product, huawei product image stabilization, image stabilization sell huawei, sell huawei image stabilization, image stabilization buy huawei, buy huawei image stabilization, image stabilization cheap huawei, cheap huawei image stabilization, image stabilization best huawei, best huawei image stabilization, image stabilization huawei review, huawei review image stabilization, image stabilization where to buy huawei, where to buy huawei image stabilization, image stabilization how to choose huawei, how to choose huawei image stabilization, image stabilization top huawei, top huawei image stabilization, image stabilization huawei guide, huawei guide image stabilization, image stabilization huawei for sale, huawei for sale image stabilization, image stabilization huawei deals, huawei deals image stabilization, autofocus speed huawei, huawei autofocus speed, autofocus speed cheap, cheap autofocus speed, autofocus speed best, best autofocus speed, autofocus speed latest, latest autofocus speed, autofocus speed review, review autofocus speed, autofocus speed price, price autofocus speed, autofocus speed sell, sell autofocus speed, autofocus speed buy, buy autofocus speed, autofocus speed recommendation, recommendation autofocus speed, autofocus speed tips, tips autofocus speed, autofocus speed tutorial, tutorial autofocus speed, autofocus speed guide, guide autofocus speed, autofocus speed how to, how to autofocus speed, autofocus speed vs, vs autofocus speed, autofocus speed versus, versus autofocus speed, autofocus speed compared to, compared to autofocus speed, autofocus speed comparison, comparison autofocus speed, autofocus speed alternatives, alternatives autofocus speed, autofocus speed which is better, which is better autofocus speed, autofocus speed expensive, expensive autofocus speed, autofocus speed discount, discount autofocus speed, autofocus speed deals, deals autofocus speed, autofocus speed sale, sale autofocus speed, autofocus speed affordable, affordable autofocus speed, autofocus speed cost, cost autofocus speed, autofocus speed online, online autofocus speed, autofocus speed offline, offline autofocus speed, autofocus speed marketplace, marketplace autofocus speed, autofocus speed store, store autofocus speed, autofocus speed shop, shop autofocus speed, autofocus speed retailer, retailer autofocus speed, autofocus speed where to buy, where to buy autofocus speed, autofocus speed worst, worst autofocus speed, autofocus speed quality, quality autofocus speed, autofocus speed original, original autofocus speed, autofocus speed genuine, genuine autofocus speed, autofocus speed fake, fake autofocus speed, autofocus speed replica, replica autofocus speed, autofocus speed authentic, authentic autofocus speed, autofocus speed brand, brand autofocus speed, autofocus speed manufacturer, manufacturer autofocus speed, autofocus speed company, company autofocus speed, autofocus speed product, product autofocus speed, autofocus speed huawei product, huawei product autofocus speed, autofocus speed sell huawei, sell huawei autofocus speed, autofocus speed buy huawei, buy huawei autofocus speed, autofocus speed cheap huawei, cheap huawei autofocus speed, autofocus speed best huawei, best huawei autofocus speed, autofocus speed huawei review, huawei review autofocus speed, autofocus speed where to buy huawei, where to buy huawei autofocus speed, autofocus speed how to choose huawei, how to choose huawei autofocus speed, autofocus speed top huawei, top huawei autofocus speed, autofocus speed huawei guide, huawei guide autofocus speed, autofocus speed huawei for sale, huawei for sale autofocus speed, autofocus speed huawei deals, huawei deals autofocus speed
2025-09-27 21:47:47,911 - INFO - Expanded 220 seed keywords to 385 variations
2025-09-27 21:47:47,911 - INFO - Language: en
2025-09-27 21:47:47,911 - INFO - Region: us
2025-09-27 21:48:21,782 - INFO - 🎯 After all filtering for 'huawei': 120 relevant keywords
2025-09-27 21:48:21,988 - INFO - 🎯 Found 5 new keywords for niche 'huawei': huawei affordable autofocus speed, huawei affordable image stabilization, cheap alternatives autofocus speed, best authentic autofocus speed, how to autofocus speed brand
2025-09-27 21:48:32,458 - INFO - ✅ Niche 'huawei' process complete! 55 total keyword results.
2025-09-27 21:48:32,458 - INFO - ✅ Completed processing niche: 'huawei'
2025-09-27 21:48:32,458 - INFO - 🔧 Request Handler final stats - Success rate: 100.0%
2025-09-27 21:48:32,458 - INFO -    Total requests: 13891, Blocks: 0
2025-09-27 21:48:32,459 - INFO - 
========================================
2025-09-27 21:48:32,460 - INFO - Process Summary:
2025-09-27 21:48:32,460 - INFO - - Current niche: 'huawei'
2025-09-27 21:48:32,460 - INFO - - Next niche will be: 'xiaomi'
2025-09-27 21:48:32,460 - INFO - - Keywords saved in: languages/english/keywords/huawei/
2025-09-27 21:48:32,460 - INFO - ========================================
