2025-09-20 03:06:33,433 - INFO - Log file created at: /home/runner/work/potensitech.com/potensitech.com/languages/english/keywords/logs/kw_search_20250920_030633.log
2025-09-20 03:06:33,433 - INFO - ============================================================
2025-09-20 03:06:33,433 - INFO - AUTOMATIC KEYWORD RESEARCH TOOL
2025-09-20 03:06:33,433 - INFO - ============================================================
2025-09-20 03:06:33,549 - INFO - ========================================
2025-09-20 03:06:33,549 - INFO - Found 14 niches to process: xiaomi, iphone, samsung, apple, sony, asus, philips, sandisk, intel, nvidia, amd, canon, nikon, huawei
2025-09-20 03:06:33,549 - INFO - ========================================
2025-09-20 03:06:33,549 - INFO - Continuing from last processed niche: sony
2025-09-20 03:06:33,549 - INFO - ========================================
2025-09-20 03:06:33,549 - INFO - 🎯 PROCESSING NICHE 6/14: 'asus'
2025-09-20 03:06:33,549 - INFO - ========================================
2025-09-20 03:06:33,549 - INFO - 📁 Niche directory: /home/runner/work/potensitech.com/potensitech.com/languages/english/keywords/asus
2025-09-20 03:06:33,550 - INFO - Selected region: us
2025-09-20 03:06:33,550 - INFO - Selected language: en
2025-09-20 03:06:33,550 - INFO - 🎯 Current niche: asus
2025-09-20 03:06:46,883 - INFO - 🎯 Niche terms for filtering: asus, cheap, best, latest, review, price, sell, buy, recommendation, tips, tutorial, guide, how to, vs, versus, compared to, comparison, alternatives, which is better, expensive, discount, deals, sale, affordable, cost, online, offline, marketplace, store, shop, retailer, where to buy, worst, quality, original, genuine, fake, replica, authentic, brand, manufacturer, company, product, asus product, sell asus, buy asus, cheap asus, best asus, asus review, where to buy asus, how to choose asus, top asus, asus guide, asus for sale, asus deals
2025-09-20 03:06:46,884 - INFO - Generated 50 niche-clue pairs for 'asus'.
2025-09-20 03:06:46,886 - INFO - Expanded 50 seed keywords to 218 variations
2025-09-20 03:06:46,887 - INFO - 🔧 Request Handler initialized - Success rate: 100.0%
2025-09-20 03:11:11,191 - INFO - Original clue keywords: camera resolution, graphics card
2025-09-20 03:11:11,191 - INFO - Niche-focused seeds: camera resolution asus, asus camera resolution, camera resolution cheap, cheap camera resolution, camera resolution best, best camera resolution, camera resolution latest, latest camera resolution, camera resolution review, review camera resolution, camera resolution price, price camera resolution, camera resolution sell, sell camera resolution, camera resolution buy, buy camera resolution, camera resolution recommendation, recommendation camera resolution, camera resolution tips, tips camera resolution, camera resolution tutorial, tutorial camera resolution, camera resolution guide, guide camera resolution, camera resolution how to, how to camera resolution, camera resolution vs, vs camera resolution, camera resolution versus, versus camera resolution, camera resolution compared to, compared to camera resolution, camera resolution comparison, comparison camera resolution, camera resolution alternatives, alternatives camera resolution, camera resolution which is better, which is better camera resolution, camera resolution expensive, expensive camera resolution, camera resolution discount, discount camera resolution, camera resolution deals, deals camera resolution, camera resolution sale, sale camera resolution, camera resolution affordable, affordable camera resolution, camera resolution cost, cost camera resolution, camera resolution online, online camera resolution, camera resolution offline, offline camera resolution, camera resolution marketplace, marketplace camera resolution, camera resolution store, store camera resolution, camera resolution shop, shop camera resolution, camera resolution retailer, retailer camera resolution, camera resolution where to buy, where to buy camera resolution, camera resolution worst, worst camera resolution, camera resolution quality, quality camera resolution, camera resolution original, original camera resolution, camera resolution genuine, genuine camera resolution, camera resolution fake, fake camera resolution, camera resolution replica, replica camera resolution, camera resolution authentic, authentic camera resolution, camera resolution brand, brand camera resolution, camera resolution manufacturer, manufacturer camera resolution, camera resolution company, company camera resolution, camera resolution product, product camera resolution, camera resolution asus product, asus product camera resolution, camera resolution sell asus, sell asus camera resolution, camera resolution buy asus, buy asus camera resolution, camera resolution cheap asus, cheap asus camera resolution, camera resolution best asus, best asus camera resolution, camera resolution asus review, asus review camera resolution, camera resolution where to buy asus, where to buy asus camera resolution, camera resolution how to choose asus, how to choose asus camera resolution, camera resolution top asus, top asus camera resolution, camera resolution asus guide, asus guide camera resolution, camera resolution asus for sale, asus for sale camera resolution, camera resolution asus deals, asus deals camera resolution, graphics card asus, asus graphics card, graphics card cheap, cheap graphics card, graphics card best, best graphics card, graphics card latest, latest graphics card, graphics card review, review graphics card, graphics card price, price graphics card, graphics card sell, sell graphics card, graphics card buy, buy graphics card, graphics card recommendation, recommendation graphics card, graphics card tips, tips graphics card, graphics card tutorial, tutorial graphics card, graphics card guide, guide graphics card, graphics card how to, how to graphics card, graphics card vs, vs graphics card, graphics card versus, versus graphics card, graphics card compared to, compared to graphics card, graphics card comparison, comparison graphics card, graphics card alternatives, alternatives graphics card, graphics card which is better, which is better graphics card, graphics card expensive, expensive graphics card, graphics card discount, discount graphics card, graphics card deals, deals graphics card, graphics card sale, sale graphics card, graphics card affordable, affordable graphics card, graphics card cost, cost graphics card, graphics card online, online graphics card, graphics card offline, offline graphics card, graphics card marketplace, marketplace graphics card, graphics card store, store graphics card, graphics card shop, shop graphics card, graphics card retailer, retailer graphics card, graphics card where to buy, where to buy graphics card, graphics card worst, worst graphics card, graphics card quality, quality graphics card, graphics card original, original graphics card, graphics card genuine, genuine graphics card, graphics card fake, fake graphics card, graphics card replica, replica graphics card, graphics card authentic, authentic graphics card, graphics card brand, brand graphics card, graphics card manufacturer, manufacturer graphics card, graphics card company, company graphics card, graphics card product, product graphics card, graphics card asus product, asus product graphics card, graphics card sell asus, sell asus graphics card, graphics card buy asus, buy asus graphics card, graphics card cheap asus, cheap asus graphics card, graphics card best asus, best asus graphics card, graphics card asus review, asus review graphics card, graphics card where to buy asus, where to buy asus graphics card, graphics card how to choose asus, how to choose asus graphics card, graphics card top asus, top asus graphics card, graphics card asus guide, asus guide graphics card, graphics card asus for sale, asus for sale graphics card, graphics card asus deals, asus deals graphics card
2025-09-20 03:11:11,194 - INFO - Expanded 220 seed keywords to 385 variations
2025-09-20 03:11:11,195 - INFO - Language: en
2025-09-20 03:11:11,195 - INFO - Region: us
2025-09-20 03:15:43,584 - INFO - 🎯 After all filtering for 'asus': 120 relevant keywords
2025-09-20 03:15:43,628 - INFO - 🎯 Found 5 new keywords for niche 'asus': asus affordable camera resolution, asus affordable graphics card, cheap alternatives camera resolution, cheap alternatives graphics card, best authentic camera resolution
2025-09-20 03:16:41,131 - INFO - ✅ Niche 'asus' process complete! 33 total keyword results.
2025-09-20 03:16:41,132 - INFO - ✅ Completed processing niche: 'asus'
2025-09-20 03:16:41,132 - INFO - 🔧 Request Handler final stats - Success rate: 100.0%
2025-09-20 03:16:41,132 - INFO -    Total requests: 7675, Blocks: 0
2025-09-20 03:16:41,133 - INFO - 
========================================
2025-09-20 03:16:41,133 - INFO - Process Summary:
2025-09-20 03:16:41,133 - INFO - - Current niche: 'asus'
2025-09-20 03:16:41,133 - INFO - - Next niche will be: 'philips'
2025-09-20 03:16:41,133 - INFO - - Keywords saved in: languages/english/keywords/asus/
2025-09-20 03:16:41,134 - INFO - ========================================
