2025-09-16 01:54:20,364 - INFO - Log file created at: /home/runner/work/potensitech.com/potensitech.com/languages/english/keywords/logs/kw_search_20250916_015420.log
2025-09-16 01:54:20,364 - INFO - ============================================================
2025-09-16 01:54:20,364 - INFO - AUTOMATIC KEYWORD RESEARCH TOOL
2025-09-16 01:54:20,364 - INFO - ============================================================
2025-09-16 01:54:20,485 - INFO - ========================================
2025-09-16 01:54:20,485 - INFO - Found 14 niches to process: xiaomi, iphone, samsung, apple, sony, asus, philips, sandisk, intel, nvidia, amd, canon, nikon, huawei
2025-09-16 01:54:20,485 - INFO - ========================================
2025-09-16 01:54:20,485 - INFO - Continuing from last processed niche: asus
2025-09-16 01:54:20,485 - INFO - ========================================
2025-09-16 01:54:20,486 - INFO - 🎯 PROCESSING NICHE 7/14: 'philips'
2025-09-16 01:54:20,486 - INFO - ========================================
2025-09-16 01:54:20,486 - INFO - 📁 Niche directory: /home/runner/work/potensitech.com/potensitech.com/languages/english/keywords/philips
2025-09-16 01:54:20,486 - INFO - Selected region: us
2025-09-16 01:54:20,486 - INFO - Selected language: en
2025-09-16 01:54:20,486 - INFO - 🎯 Current niche: philips
2025-09-16 01:54:31,497 - INFO - 🎯 Niche terms for filtering: philips, cheap, best, latest, review, price, sell, buy, recommendation, tips, tutorial, guide, how to, vs, versus, compared to, comparison, alternatives, which is better, expensive, discount, deals, sale, affordable, cost, online, offline, marketplace, store, shop, retailer, where to buy, worst, quality, original, genuine, fake, replica, authentic, brand, manufacturer, company, product, philips product, sell philips, buy philips, cheap philips, best philips, philips review, where to buy philips, how to choose philips, top philips, philips guide, philips for sale, philips deals
2025-09-16 01:54:31,497 - INFO - Generated 50 niche-clue pairs for 'philips'.
2025-09-16 01:54:31,500 - INFO - Expanded 50 seed keywords to 218 variations
2025-09-16 01:54:31,500 - INFO - 🔧 Request Handler initialized - Success rate: 100.0%
2025-09-16 01:58:55,796 - INFO - Original clue keywords: fast charging, oled display
2025-09-16 01:58:55,796 - INFO - Niche-focused seeds: fast charging philips, philips fast charging, fast charging cheap, cheap fast charging, fast charging best, best fast charging, fast charging latest, latest fast charging, fast charging review, review fast charging, fast charging price, price fast charging, fast charging sell, sell fast charging, fast charging buy, buy fast charging, fast charging recommendation, recommendation fast charging, fast charging tips, tips fast charging, fast charging tutorial, tutorial fast charging, fast charging guide, guide fast charging, fast charging how to, how to fast charging, fast charging vs, vs fast charging, fast charging versus, versus fast charging, fast charging compared to, compared to fast charging, fast charging comparison, comparison fast charging, fast charging alternatives, alternatives fast charging, fast charging which is better, which is better fast charging, fast charging expensive, expensive fast charging, fast charging discount, discount fast charging, fast charging deals, deals fast charging, fast charging sale, sale fast charging, fast charging affordable, affordable fast charging, fast charging cost, cost fast charging, fast charging online, online fast charging, fast charging offline, offline fast charging, fast charging marketplace, marketplace fast charging, fast charging store, store fast charging, fast charging shop, shop fast charging, fast charging retailer, retailer fast charging, fast charging where to buy, where to buy fast charging, fast charging worst, worst fast charging, fast charging quality, quality fast charging, fast charging original, original fast charging, fast charging genuine, genuine fast charging, fast charging fake, fake fast charging, fast charging replica, replica fast charging, fast charging authentic, authentic fast charging, fast charging brand, brand fast charging, fast charging manufacturer, manufacturer fast charging, fast charging company, company fast charging, fast charging product, product fast charging, fast charging philips product, philips product fast charging, fast charging sell philips, sell philips fast charging, fast charging buy philips, buy philips fast charging, fast charging cheap philips, cheap philips fast charging, fast charging best philips, best philips fast charging, fast charging philips review, philips review fast charging, fast charging where to buy philips, where to buy philips fast charging, fast charging how to choose philips, how to choose philips fast charging, fast charging top philips, top philips fast charging, fast charging philips guide, philips guide fast charging, fast charging philips for sale, philips for sale fast charging, fast charging philips deals, philips deals fast charging, oled display philips, philips oled display, oled display cheap, cheap oled display, oled display best, best oled display, oled display latest, latest oled display, oled display review, review oled display, oled display price, price oled display, oled display sell, sell oled display, oled display buy, buy oled display, oled display recommendation, recommendation oled display, oled display tips, tips oled display, oled display tutorial, tutorial oled display, oled display guide, guide oled display, oled display how to, how to oled display, oled display vs, vs oled display, oled display versus, versus oled display, oled display compared to, compared to oled display, oled display comparison, comparison oled display, oled display alternatives, alternatives oled display, oled display which is better, which is better oled display, oled display expensive, expensive oled display, oled display discount, discount oled display, oled display deals, deals oled display, oled display sale, sale oled display, oled display affordable, affordable oled display, oled display cost, cost oled display, oled display online, online oled display, oled display offline, offline oled display, oled display marketplace, marketplace oled display, oled display store, store oled display, oled display shop, shop oled display, oled display retailer, retailer oled display, oled display where to buy, where to buy oled display, oled display worst, worst oled display, oled display quality, quality oled display, oled display original, original oled display, oled display genuine, genuine oled display, oled display fake, fake oled display, oled display replica, replica oled display, oled display authentic, authentic oled display, oled display brand, brand oled display, oled display manufacturer, manufacturer oled display, oled display company, company oled display, oled display product, product oled display, oled display philips product, philips product oled display, oled display sell philips, sell philips oled display, oled display buy philips, buy philips oled display, oled display cheap philips, cheap philips oled display, oled display best philips, best philips oled display, oled display philips review, philips review oled display, oled display where to buy philips, where to buy philips oled display, oled display how to choose philips, how to choose philips oled display, oled display top philips, top philips oled display, oled display philips guide, philips guide oled display, oled display philips for sale, philips for sale oled display, oled display philips deals, philips deals oled display
2025-09-16 01:58:55,799 - INFO - Expanded 220 seed keywords to 385 variations
2025-09-16 01:58:55,799 - INFO - Language: en
2025-09-16 01:58:55,799 - INFO - Region: us
2025-09-16 02:03:26,822 - INFO - 🎯 After all filtering for 'philips': 120 relevant keywords
2025-09-16 02:03:26,838 - INFO - 🎯 Found 5 new keywords for niche 'philips': philips affordable fast charging, philips affordable oled display, cheap alternatives fast charging, cheap alternatives oled display, best authentic fast charging
2025-09-16 02:03:46,144 - INFO - ✅ Niche 'philips' process complete! 15 total keyword results.
2025-09-16 02:03:46,144 - INFO - ✅ Completed processing niche: 'philips'
2025-09-16 02:03:46,144 - INFO - 🔧 Request Handler final stats - Success rate: 100.0%
2025-09-16 02:03:46,145 - INFO -    Total requests: 4042, Blocks: 0
2025-09-16 02:03:46,146 - INFO - 
========================================
2025-09-16 02:03:46,146 - INFO - Process Summary:
2025-09-16 02:03:46,146 - INFO - - Current niche: 'philips'
2025-09-16 02:03:46,146 - INFO - - Next niche will be: 'sandisk'
2025-09-16 02:03:46,146 - INFO - - Keywords saved in: languages/english/keywords/philips/
2025-09-16 02:03:46,146 - INFO - ========================================
