2025-09-19 04:53:37,330 - INFO - Log file created at: /home/runner/work/potensitech.com/potensitech.com/languages/english/keywords/logs/kw_search_20250919_045337.log
2025-09-19 04:53:37,331 - INFO - ============================================================
2025-09-19 04:53:37,331 - INFO - AUTOMATIC KEYWORD RESEARCH TOOL
2025-09-19 04:53:37,331 - INFO - ============================================================
2025-09-19 04:53:37,465 - INFO - ========================================
2025-09-19 04:53:37,465 - INFO - Found 14 niches to process: xiaomi, iphone, samsung, apple, sony, asus, philips, sandisk, intel, nvidia, amd, canon, nikon, huawei
2025-09-19 04:53:37,466 - INFO - ========================================
2025-09-19 04:53:37,466 - INFO - Continuing from last processed niche: nvidia
2025-09-19 04:53:37,466 - INFO - ========================================
2025-09-19 04:53:37,466 - INFO - 🎯 PROCESSING NICHE 11/14: 'amd'
2025-09-19 04:53:37,466 - INFO - ========================================
2025-09-19 04:53:37,466 - INFO - 📁 Niche directory: /home/runner/work/potensitech.com/potensitech.com/languages/english/keywords/amd
2025-09-19 04:53:37,466 - INFO - Selected region: us
2025-09-19 04:53:37,466 - INFO - Selected language: en
2025-09-19 04:53:37,466 - INFO - 🎯 Current niche: amd
2025-09-19 04:54:11,762 - INFO - 🎯 Niche terms for filtering: amd, cheap, best, latest, review, price, sell, buy, recommendation, tips, tutorial, guide, how to, vs, versus, compared to, comparison, alternatives, which is better, expensive, discount, deals, sale, affordable, cost, online, offline, marketplace, store, shop, retailer, where to buy, worst, quality, original, genuine, fake, replica, authentic, brand, manufacturer, company, product, amd product, sell amd, buy amd, cheap amd, best amd, amd review, where to buy amd, how to choose amd, top amd, amd guide, amd for sale, amd deals
2025-09-19 04:54:11,763 - INFO - Generated 50 niche-clue pairs for 'amd'.
2025-09-19 04:54:11,766 - INFO - Expanded 50 seed keywords to 218 variations
2025-09-19 04:54:11,766 - INFO - 🔧 Request Handler initialized - Success rate: 100.0%
2025-09-19 04:58:33,179 - INFO - Original clue keywords: gpu performance, ai acceleration
2025-09-19 04:58:33,179 - INFO - Niche-focused seeds: gpu performance amd, amd gpu performance, gpu performance cheap, cheap gpu performance, gpu performance best, best gpu performance, gpu performance latest, latest gpu performance, gpu performance review, review gpu performance, gpu performance price, price gpu performance, gpu performance sell, sell gpu performance, gpu performance buy, buy gpu performance, gpu performance recommendation, recommendation gpu performance, gpu performance tips, tips gpu performance, gpu performance tutorial, tutorial gpu performance, gpu performance guide, guide gpu performance, gpu performance how to, how to gpu performance, gpu performance vs, vs gpu performance, gpu performance versus, versus gpu performance, gpu performance compared to, compared to gpu performance, gpu performance comparison, comparison gpu performance, gpu performance alternatives, alternatives gpu performance, gpu performance which is better, which is better gpu performance, gpu performance expensive, expensive gpu performance, gpu performance discount, discount gpu performance, gpu performance deals, deals gpu performance, gpu performance sale, sale gpu performance, gpu performance affordable, affordable gpu performance, gpu performance cost, cost gpu performance, gpu performance online, online gpu performance, gpu performance offline, offline gpu performance, gpu performance marketplace, marketplace gpu performance, gpu performance store, store gpu performance, gpu performance shop, shop gpu performance, gpu performance retailer, retailer gpu performance, gpu performance where to buy, where to buy gpu performance, gpu performance worst, worst gpu performance, gpu performance quality, quality gpu performance, gpu performance original, original gpu performance, gpu performance genuine, genuine gpu performance, gpu performance fake, fake gpu performance, gpu performance replica, replica gpu performance, gpu performance authentic, authentic gpu performance, gpu performance brand, brand gpu performance, gpu performance manufacturer, manufacturer gpu performance, gpu performance company, company gpu performance, gpu performance product, product gpu performance, gpu performance amd product, amd product gpu performance, gpu performance sell amd, sell amd gpu performance, gpu performance buy amd, buy amd gpu performance, gpu performance cheap amd, cheap amd gpu performance, gpu performance best amd, best amd gpu performance, gpu performance amd review, amd review gpu performance, gpu performance where to buy amd, where to buy amd gpu performance, gpu performance how to choose amd, how to choose amd gpu performance, gpu performance top amd, top amd gpu performance, gpu performance amd guide, amd guide gpu performance, gpu performance amd for sale, amd for sale gpu performance, gpu performance amd deals, amd deals gpu performance, ai acceleration amd, amd ai acceleration, ai acceleration cheap, cheap ai acceleration, ai acceleration best, best ai acceleration, ai acceleration latest, latest ai acceleration, ai acceleration review, review ai acceleration, ai acceleration price, price ai acceleration, ai acceleration sell, sell ai acceleration, ai acceleration buy, buy ai acceleration, ai acceleration recommendation, recommendation ai acceleration, ai acceleration tips, tips ai acceleration, ai acceleration tutorial, tutorial ai acceleration, ai acceleration guide, guide ai acceleration, ai acceleration how to, how to ai acceleration, ai acceleration vs, vs ai acceleration, ai acceleration versus, versus ai acceleration, ai acceleration compared to, compared to ai acceleration, ai acceleration comparison, comparison ai acceleration, ai acceleration alternatives, alternatives ai acceleration, ai acceleration which is better, which is better ai acceleration, ai acceleration expensive, expensive ai acceleration, ai acceleration discount, discount ai acceleration, ai acceleration deals, deals ai acceleration, ai acceleration sale, sale ai acceleration, ai acceleration affordable, affordable ai acceleration, ai acceleration cost, cost ai acceleration, ai acceleration online, online ai acceleration, ai acceleration offline, offline ai acceleration, ai acceleration marketplace, marketplace ai acceleration, ai acceleration store, store ai acceleration, ai acceleration shop, shop ai acceleration, ai acceleration retailer, retailer ai acceleration, ai acceleration where to buy, where to buy ai acceleration, ai acceleration worst, worst ai acceleration, ai acceleration quality, quality ai acceleration, ai acceleration original, original ai acceleration, ai acceleration genuine, genuine ai acceleration, ai acceleration fake, fake ai acceleration, ai acceleration replica, replica ai acceleration, ai acceleration authentic, authentic ai acceleration, ai acceleration brand, brand ai acceleration, ai acceleration manufacturer, manufacturer ai acceleration, ai acceleration company, company ai acceleration, ai acceleration product, product ai acceleration, ai acceleration amd product, amd product ai acceleration, ai acceleration sell amd, sell amd ai acceleration, ai acceleration buy amd, buy amd ai acceleration, ai acceleration cheap amd, cheap amd ai acceleration, ai acceleration best amd, best amd ai acceleration, ai acceleration amd review, amd review ai acceleration, ai acceleration where to buy amd, where to buy amd ai acceleration, ai acceleration how to choose amd, how to choose amd ai acceleration, ai acceleration top amd, top amd ai acceleration, ai acceleration amd guide, amd guide ai acceleration, ai acceleration amd for sale, amd for sale ai acceleration, ai acceleration amd deals, amd deals ai acceleration
2025-09-19 04:58:33,183 - INFO - Expanded 220 seed keywords to 385 variations
2025-09-19 04:58:33,183 - INFO - Language: en
2025-09-19 04:58:33,183 - INFO - Region: us
2025-09-19 05:03:11,062 - INFO - 🎯 After all filtering for 'amd': 120 relevant keywords
2025-09-19 05:03:11,113 - INFO - 🎯 Found 5 new keywords for niche 'amd': amd affordable ai acceleration, amd affordable gpu performance, cheap ai acceleration alternatives, best ai acceleration authentic, how to ai acceleration brand
2025-09-19 05:03:21,940 - INFO - ✅ Niche 'amd' process complete! 29 total keyword results.
2025-09-19 05:03:21,940 - INFO - ✅ Completed processing niche: 'amd'
2025-09-19 05:03:21,940 - INFO - 🔧 Request Handler final stats - Success rate: 100.0%
2025-09-19 05:03:21,940 - INFO -    Total requests: 6881, Blocks: 0
2025-09-19 05:03:21,941 - INFO - 
========================================
2025-09-19 05:03:21,942 - INFO - Process Summary:
2025-09-19 05:03:21,942 - INFO - - Current niche: 'amd'
2025-09-19 05:03:21,942 - INFO - - Next niche will be: 'canon'
2025-09-19 05:03:21,942 - INFO - - Keywords saved in: languages/english/keywords/amd/
2025-09-19 05:03:21,942 - INFO - ========================================
