2025-11-08 01:57:40,820 - INFO - Log file created at: /home/runner/work/potensitech.com/potensitech.com/languages/english/keywords/logs/kw_search_20251108_015740.log
2025-11-08 01:57:40,820 - INFO - ============================================================
2025-11-08 01:57:40,820 - INFO - AUTOMATIC KEYWORD RESEARCH TOOL
2025-11-08 01:57:40,820 - INFO - ============================================================
2025-11-08 01:57:40,995 - INFO - ========================================
2025-11-08 01:57:40,996 - INFO - Found 14 niches to process: xiaomi, iphone, samsung, apple, sony, asus, philips, sandisk, intel, nvidia, amd, canon, nikon, huawei
2025-11-08 01:57:40,996 - INFO - ========================================
2025-11-08 01:57:40,996 - INFO - Continuing from last processed niche: xiaomi
2025-11-08 01:57:40,996 - INFO - ========================================
2025-11-08 01:57:40,996 - INFO - 🎯 PROCESSING NICHE 2/14: 'iphone'
2025-11-08 01:57:40,996 - INFO - ========================================
2025-11-08 01:57:40,996 - INFO - 📁 Niche directory: /home/runner/work/potensitech.com/potensitech.com/languages/english/keywords/iphone
2025-11-08 01:57:40,996 - INFO - Selected region: us
2025-11-08 01:57:40,996 - INFO - Selected language: en
2025-11-08 01:57:40,996 - INFO - 🎯 Current niche: iphone
2025-11-08 01:57:44,545 - INFO - 🎯 Niche terms for filtering: iphone, cheap, best, latest, review, price, sell, buy, recommendation, tips, tutorial, guide, how to, vs, versus, compared to, comparison, alternatives, which is better, expensive, discount, deals, sale, affordable, cost, online, offline, marketplace, store, shop, retailer, where to buy, worst, quality, original, genuine, fake, replica, authentic, brand, manufacturer, company, product, iphone product, sell iphone, buy iphone, cheap iphone, best iphone, iphone review, where to buy iphone, how to choose iphone, top iphone, iphone guide, iphone for sale, iphone deals
2025-11-08 01:57:44,545 - INFO - Generated 50 niche-clue pairs for 'iphone'.
2025-11-08 01:57:44,548 - INFO - Expanded 50 seed keywords to 218 variations
2025-11-08 01:57:44,548 - INFO - 🔧 Request Handler initialized - Success rate: 100.0%
2025-11-08 02:02:08,512 - INFO - Original clue keywords: usb drive, flash drive
2025-11-08 02:02:08,512 - INFO - Niche-focused seeds: usb drive iphone, iphone usb drive, usb drive cheap, cheap usb drive, usb drive best, best usb drive, usb drive latest, latest usb drive, usb drive review, review usb drive, usb drive price, price usb drive, usb drive sell, sell usb drive, usb drive buy, buy usb drive, usb drive recommendation, recommendation usb drive, usb drive tips, tips usb drive, usb drive tutorial, tutorial usb drive, usb drive guide, guide usb drive, usb drive how to, how to usb drive, usb drive vs, vs usb drive, usb drive versus, versus usb drive, usb drive compared to, compared to usb drive, usb drive comparison, comparison usb drive, usb drive alternatives, alternatives usb drive, usb drive which is better, which is better usb drive, usb drive expensive, expensive usb drive, usb drive discount, discount usb drive, usb drive deals, deals usb drive, usb drive sale, sale usb drive, usb drive affordable, affordable usb drive, usb drive cost, cost usb drive, usb drive online, online usb drive, usb drive offline, offline usb drive, usb drive marketplace, marketplace usb drive, usb drive store, store usb drive, usb drive shop, shop usb drive, usb drive retailer, retailer usb drive, usb drive where to buy, where to buy usb drive, usb drive worst, worst usb drive, usb drive quality, quality usb drive, usb drive original, original usb drive, usb drive genuine, genuine usb drive, usb drive fake, fake usb drive, usb drive replica, replica usb drive, usb drive authentic, authentic usb drive, usb drive brand, brand usb drive, usb drive manufacturer, manufacturer usb drive, usb drive company, company usb drive, usb drive product, product usb drive, usb drive iphone product, iphone product usb drive, usb drive sell iphone, sell iphone usb drive, usb drive buy iphone, buy iphone usb drive, usb drive cheap iphone, cheap iphone usb drive, usb drive best iphone, best iphone usb drive, usb drive iphone review, iphone review usb drive, usb drive where to buy iphone, where to buy iphone usb drive, usb drive how to choose iphone, how to choose iphone usb drive, usb drive top iphone, top iphone usb drive, usb drive iphone guide, iphone guide usb drive, usb drive iphone for sale, iphone for sale usb drive, usb drive iphone deals, iphone deals usb drive, flash drive iphone, iphone flash drive, flash drive cheap, cheap flash drive, flash drive best, best flash drive, flash drive latest, latest flash drive, flash drive review, review flash drive, flash drive price, price flash drive, flash drive sell, sell flash drive, flash drive buy, buy flash drive, flash drive recommendation, recommendation flash drive, flash drive tips, tips flash drive, flash drive tutorial, tutorial flash drive, flash drive guide, guide flash drive, flash drive how to, how to flash drive, flash drive vs, vs flash drive, flash drive versus, versus flash drive, flash drive compared to, compared to flash drive, flash drive comparison, comparison flash drive, flash drive alternatives, alternatives flash drive, flash drive which is better, which is better flash drive, flash drive expensive, expensive flash drive, flash drive discount, discount flash drive, flash drive deals, deals flash drive, flash drive sale, sale flash drive, flash drive affordable, affordable flash drive, flash drive cost, cost flash drive, flash drive online, online flash drive, flash drive offline, offline flash drive, flash drive marketplace, marketplace flash drive, flash drive store, store flash drive, flash drive shop, shop flash drive, flash drive retailer, retailer flash drive, flash drive where to buy, where to buy flash drive, flash drive worst, worst flash drive, flash drive quality, quality flash drive, flash drive original, original flash drive, flash drive genuine, genuine flash drive, flash drive fake, fake flash drive, flash drive replica, replica flash drive, flash drive authentic, authentic flash drive, flash drive brand, brand flash drive, flash drive manufacturer, manufacturer flash drive, flash drive company, company flash drive, flash drive product, product flash drive, flash drive iphone product, iphone product flash drive, flash drive sell iphone, sell iphone flash drive, flash drive buy iphone, buy iphone flash drive, flash drive cheap iphone, cheap iphone flash drive, flash drive best iphone, best iphone flash drive, flash drive iphone review, iphone review flash drive, flash drive where to buy iphone, where to buy iphone flash drive, flash drive how to choose iphone, how to choose iphone flash drive, flash drive top iphone, top iphone flash drive, flash drive iphone guide, iphone guide flash drive, flash drive iphone for sale, iphone for sale flash drive, flash drive iphone deals, iphone deals flash drive
2025-11-08 02:02:08,515 - INFO - Expanded 220 seed keywords to 385 variations
2025-11-08 02:02:08,515 - INFO - Language: en
2025-11-08 02:02:08,515 - INFO - Region: us
2025-11-08 02:06:37,953 - INFO - 🎯 After all filtering for 'iphone': 120 relevant keywords
2025-11-08 02:06:38,280 - INFO - 🎯 Found 5 new keywords for niche 'iphone': iphone affordable flash drive, cheap affordable usb drive, cheap alternatives flash drive, iphone alternatives usb drive, best authentic flash drive
2025-11-08 02:06:48,096 - INFO - ✅ Niche 'iphone' process complete! 232 total keyword results.
2025-11-08 02:06:48,096 - INFO - ✅ Completed processing niche: 'iphone'
2025-11-08 02:06:48,096 - INFO - 🔧 Request Handler final stats - Success rate: 100.0%
2025-11-08 02:06:48,096 - INFO -    Total requests: 37756, Blocks: 0
2025-11-08 02:06:48,097 - INFO - 
========================================
2025-11-08 02:06:48,098 - INFO - Process Summary:
2025-11-08 02:06:48,098 - INFO - - Current niche: 'iphone'
2025-11-08 02:06:48,098 - INFO - - Next niche will be: 'samsung'
2025-11-08 02:06:48,098 - INFO - - Keywords saved in: languages/english/keywords/iphone/
2025-11-08 02:06:48,098 - INFO - ========================================
