2025-09-16 09:44:00,099 - INFO - Log file created at: /home/runner/work/potensitech.com/potensitech.com/languages/english/keywords/logs/kw_search_20250916_094400.log
2025-09-16 09:44:00,099 - INFO - ============================================================
2025-09-16 09:44:00,099 - INFO - AUTOMATIC KEYWORD RESEARCH TOOL
2025-09-16 09:44:00,099 - INFO - ============================================================
2025-09-16 09:44:00,196 - INFO - ========================================
2025-09-16 09:44:00,196 - INFO - Found 14 niches to process: xiaomi, iphone, samsung, apple, sony, asus, philips, sandisk, intel, nvidia, amd, canon, nikon, huawei
2025-09-16 09:44:00,196 - INFO - ========================================
2025-09-16 09:44:00,196 - INFO - Continuing from last processed niche: nvidia
2025-09-16 09:44:00,196 - INFO - ========================================
2025-09-16 09:44:00,196 - INFO - 🎯 PROCESSING NICHE 11/14: 'amd'
2025-09-16 09:44:00,196 - INFO - ========================================
2025-09-16 09:44:00,196 - INFO - 📁 Niche directory: /home/runner/work/potensitech.com/potensitech.com/languages/english/keywords/amd
2025-09-16 09:44:00,197 - INFO - Selected region: us
2025-09-16 09:44:00,197 - INFO - Selected language: en
2025-09-16 09:44:00,197 - INFO - 🎯 Current niche: amd
2025-09-16 09:44:10,594 - INFO - 🎯 Niche terms for filtering: amd, cheap, best, latest, review, price, sell, buy, recommendation, tips, tutorial, guide, how to, vs, versus, compared to, comparison, alternatives, which is better, expensive, discount, deals, sale, affordable, cost, online, offline, marketplace, store, shop, retailer, where to buy, worst, quality, original, genuine, fake, replica, authentic, brand, manufacturer, company, product, amd product, sell amd, buy amd, cheap amd, best amd, amd review, where to buy amd, how to choose amd, top amd, amd guide, amd for sale, amd deals
2025-09-16 09:44:10,594 - INFO - Generated 50 niche-clue pairs for 'amd'.
2025-09-16 09:44:10,597 - INFO - Expanded 50 seed keywords to 218 variations
2025-09-16 09:44:10,598 - INFO - 🔧 Request Handler initialized - Success rate: 100.0%
2025-09-16 09:48:34,782 - INFO - Original clue keywords: gaming phone, oled display
2025-09-16 09:48:34,782 - INFO - Niche-focused seeds: gaming phone amd, amd gaming phone, gaming phone cheap, cheap gaming phone, gaming phone best, best gaming phone, gaming phone latest, latest gaming phone, gaming phone review, review gaming phone, gaming phone price, price gaming phone, gaming phone sell, sell gaming phone, gaming phone buy, buy gaming phone, gaming phone recommendation, recommendation gaming phone, gaming phone tips, tips gaming phone, gaming phone tutorial, tutorial gaming phone, gaming phone guide, guide gaming phone, gaming phone how to, how to gaming phone, gaming phone vs, vs gaming phone, gaming phone versus, versus gaming phone, gaming phone compared to, compared to gaming phone, gaming phone comparison, comparison gaming phone, gaming phone alternatives, alternatives gaming phone, gaming phone which is better, which is better gaming phone, gaming phone expensive, expensive gaming phone, gaming phone discount, discount gaming phone, gaming phone deals, deals gaming phone, gaming phone sale, sale gaming phone, gaming phone affordable, affordable gaming phone, gaming phone cost, cost gaming phone, gaming phone online, online gaming phone, gaming phone offline, offline gaming phone, gaming phone marketplace, marketplace gaming phone, gaming phone store, store gaming phone, gaming phone shop, shop gaming phone, gaming phone retailer, retailer gaming phone, gaming phone where to buy, where to buy gaming phone, gaming phone worst, worst gaming phone, gaming phone quality, quality gaming phone, gaming phone original, original gaming phone, gaming phone genuine, genuine gaming phone, gaming phone fake, fake gaming phone, gaming phone replica, replica gaming phone, gaming phone authentic, authentic gaming phone, gaming phone brand, brand gaming phone, gaming phone manufacturer, manufacturer gaming phone, gaming phone company, company gaming phone, gaming phone product, product gaming phone, gaming phone amd product, amd product gaming phone, gaming phone sell amd, sell amd gaming phone, gaming phone buy amd, buy amd gaming phone, gaming phone cheap amd, cheap amd gaming phone, gaming phone best amd, best amd gaming phone, gaming phone amd review, amd review gaming phone, gaming phone where to buy amd, where to buy amd gaming phone, gaming phone how to choose amd, how to choose amd gaming phone, gaming phone top amd, top amd gaming phone, gaming phone amd guide, amd guide gaming phone, gaming phone amd for sale, amd for sale gaming phone, gaming phone amd deals, amd deals gaming phone, oled display amd, amd oled display, oled display cheap, cheap oled display, oled display best, best oled display, oled display latest, latest oled display, oled display review, review oled display, oled display price, price oled display, oled display sell, sell oled display, oled display buy, buy oled display, oled display recommendation, recommendation oled display, oled display tips, tips oled display, oled display tutorial, tutorial oled display, oled display guide, guide oled display, oled display how to, how to oled display, oled display vs, vs oled display, oled display versus, versus oled display, oled display compared to, compared to oled display, oled display comparison, comparison oled display, oled display alternatives, alternatives oled display, oled display which is better, which is better oled display, oled display expensive, expensive oled display, oled display discount, discount oled display, oled display deals, deals oled display, oled display sale, sale oled display, oled display affordable, affordable oled display, oled display cost, cost oled display, oled display online, online oled display, oled display offline, offline oled display, oled display marketplace, marketplace oled display, oled display store, store oled display, oled display shop, shop oled display, oled display retailer, retailer oled display, oled display where to buy, where to buy oled display, oled display worst, worst oled display, oled display quality, quality oled display, oled display original, original oled display, oled display genuine, genuine oled display, oled display fake, fake oled display, oled display replica, replica oled display, oled display authentic, authentic oled display, oled display brand, brand oled display, oled display manufacturer, manufacturer oled display, oled display company, company oled display, oled display product, product oled display, oled display amd product, amd product oled display, oled display sell amd, sell amd oled display, oled display buy amd, buy amd oled display, oled display cheap amd, cheap amd oled display, oled display best amd, best amd oled display, oled display amd review, amd review oled display, oled display where to buy amd, where to buy amd oled display, oled display how to choose amd, how to choose amd oled display, oled display top amd, top amd oled display, oled display amd guide, amd guide oled display, oled display amd for sale, amd for sale oled display, oled display amd deals, amd deals oled display
2025-09-16 09:48:34,785 - INFO - Expanded 220 seed keywords to 385 variations
2025-09-16 09:48:34,785 - INFO - Language: en
2025-09-16 09:48:34,785 - INFO - Region: us
2025-09-16 09:53:04,432 - INFO - 🎯 After all filtering for 'amd': 120 relevant keywords
2025-09-16 09:53:04,447 - INFO - 🎯 Found 5 new keywords for niche 'amd': amd affordable gaming phone, amd affordable oled display, cheap alternatives gaming phone, cheap alternatives oled display, best authentic gaming phone
2025-09-16 09:53:14,904 - INFO - ✅ Niche 'amd' process complete! 17 total keyword results.
2025-09-16 09:53:14,904 - INFO - ✅ Completed processing niche: 'amd'
2025-09-16 09:53:14,904 - INFO - 🔧 Request Handler final stats - Success rate: 100.0%
2025-09-16 09:53:14,904 - INFO -    Total requests: 4406, Blocks: 0
2025-09-16 09:53:14,905 - INFO - 
========================================
2025-09-16 09:53:14,906 - INFO - Process Summary:
2025-09-16 09:53:14,906 - INFO - - Current niche: 'amd'
2025-09-16 09:53:14,906 - INFO - - Next niche will be: 'canon'
2025-09-16 09:53:14,906 - INFO - - Keywords saved in: languages/english/keywords/amd/
2025-09-16 09:53:14,906 - INFO - ========================================
