2025-09-02 10:33:28,322 - INFO - Log file created at: /home/runner/work/potensitech.com/potensitech.com/languages/english/keywords/logs/kw_search_20250902_103328.log
2025-09-02 10:33:28,322 - INFO - ============================================================
2025-09-02 10:33:28,322 - INFO - AUTOMATIC KEYWORD RESEARCH TOOL
2025-09-02 10:33:28,322 - INFO - ============================================================
2025-09-02 10:33:28,411 - INFO - ========================================
2025-09-02 10:33:28,411 - INFO - Found 14 niches to process: xiaomi, iphone, samsung, apple, sony, asus, philips, sandisk, intel, nvidia, amd, canon, nikon, huawei
2025-09-02 10:33:28,411 - INFO - ========================================
2025-09-02 10:33:28,411 - INFO - Continuing from last processed niche: sony
2025-09-02 10:33:28,411 - INFO - ========================================
2025-09-02 10:33:28,411 - INFO - 🎯 PROCESSING NICHE 6/14: 'asus'
2025-09-02 10:33:28,411 - INFO - ========================================
2025-09-02 10:33:28,412 - INFO - 📁 Niche directory: /home/runner/work/potensitech.com/potensitech.com/languages/english/keywords/asus
2025-09-02 10:33:28,412 - INFO - Selected region: us
2025-09-02 10:33:28,412 - INFO - Selected language: en
2025-09-02 10:33:28,412 - INFO - 🎯 Current niche: asus
2025-09-02 10:34:33,579 - INFO - 🎯 Niche terms for filtering: asus, cheap, best, latest, review, price, sell, buy, recommendation, tips, tutorial, guide, how to, vs, versus, compared to, comparison, alternatives, which is better, expensive, discount, deals, sale, affordable, cost, online, offline, marketplace, store, shop, retailer, where to buy, worst, quality, original, genuine, fake, replica, authentic, brand, manufacturer, company, product, asus product, sell asus, buy asus, cheap asus, best asus, asus review, where to buy asus, how to choose asus, top asus, asus guide, asus for sale, asus deals
2025-09-02 10:34:33,580 - INFO - Generated 50 niche-clue pairs for 'asus'.
2025-09-02 10:34:33,583 - INFO - Expanded 50 seed keywords to 218 variations
2025-09-02 10:34:33,583 - INFO - 🔧 Request Handler initialized - Success rate: 100.0%
2025-09-02 10:39:01,538 - INFO - Original clue keywords: camera, battery
2025-09-02 10:39:01,538 - INFO - Niche-focused seeds: camera asus, asus camera, camera cheap, cheap camera, camera best, best camera, camera latest, latest camera, camera review, review camera, camera price, price camera, camera sell, sell camera, camera buy, buy camera, camera recommendation, recommendation camera, camera tips, tips camera, camera tutorial, tutorial camera, camera guide, guide camera, camera how to, how to camera, camera vs, vs camera, camera versus, versus camera, camera compared to, compared to camera, camera comparison, comparison camera, camera alternatives, alternatives camera, camera which is better, which is better camera, camera expensive, expensive camera, camera discount, discount camera, camera deals, deals camera, camera sale, sale camera, camera affordable, affordable camera, camera cost, cost camera, camera online, online camera, camera offline, offline camera, camera marketplace, marketplace camera, camera store, store camera, camera shop, shop camera, camera retailer, retailer camera, camera where to buy, where to buy camera, camera worst, worst camera, camera quality, quality camera, camera original, original camera, camera genuine, genuine camera, camera fake, fake camera, camera replica, replica camera, camera authentic, authentic camera, camera brand, brand camera, camera manufacturer, manufacturer camera, camera company, company camera, camera product, product camera, camera asus product, asus product camera, camera sell asus, sell asus camera, camera buy asus, buy asus camera, camera cheap asus, cheap asus camera, camera best asus, best asus camera, camera asus review, asus review camera, camera where to buy asus, where to buy asus camera, camera how to choose asus, how to choose asus camera, camera top asus, top asus camera, camera asus guide, asus guide camera, camera asus for sale, asus for sale camera, camera asus deals, asus deals camera, battery asus, asus battery, battery cheap, cheap battery, battery best, best battery, battery latest, latest battery, battery review, review battery, battery price, price battery, battery sell, sell battery, battery buy, buy battery, battery recommendation, recommendation battery, battery tips, tips battery, battery tutorial, tutorial battery, battery guide, guide battery, battery how to, how to battery, battery vs, vs battery, battery versus, versus battery, battery compared to, compared to battery, battery comparison, comparison battery, battery alternatives, alternatives battery, battery which is better, which is better battery, battery expensive, expensive battery, battery discount, discount battery, battery deals, deals battery, battery sale, sale battery, battery affordable, affordable battery, battery cost, cost battery, battery online, online battery, battery offline, offline battery, battery marketplace, marketplace battery, battery store, store battery, battery shop, shop battery, battery retailer, retailer battery, battery where to buy, where to buy battery, battery worst, worst battery, battery quality, quality battery, battery original, original battery, battery genuine, genuine battery, battery fake, fake battery, battery replica, replica battery, battery authentic, authentic battery, battery brand, brand battery, battery manufacturer, manufacturer battery, battery company, company battery, battery product, product battery, battery asus product, asus product battery, battery sell asus, sell asus battery, battery buy asus, buy asus battery, battery cheap asus, cheap asus battery, battery best asus, best asus battery, battery asus review, asus review battery, battery where to buy asus, where to buy asus battery, battery how to choose asus, how to choose asus battery, battery top asus, top asus battery, battery asus guide, asus guide battery, battery asus for sale, asus for sale battery, battery asus deals, asus deals battery
2025-09-02 10:39:01,541 - INFO - Expanded 220 seed keywords to 385 variations
2025-09-02 10:39:01,541 - INFO - Language: en
2025-09-02 10:39:01,541 - INFO - Region: us
2025-09-02 10:43:34,123 - INFO - 🎯 After all filtering for 'asus': 119 relevant keywords
2025-09-02 10:43:34,124 - INFO - 🎯 Found 5 new keywords for niche 'asus': asus affordable battery, cheap affordable battery, best affordable battery, how to affordable battery, asus affordable camera
2025-09-02 10:43:45,960 - INFO - ✅ Niche 'asus' process complete! 10 total keyword results.
2025-09-02 10:43:45,960 - INFO - ✅ Completed processing niche: 'asus'
2025-09-02 10:43:45,960 - INFO - 🔧 Request Handler final stats - Success rate: 100.0%
2025-09-02 10:43:45,960 - INFO -    Total requests: 2678, Blocks: 0
2025-09-02 10:43:45,961 - INFO - 
========================================
2025-09-02 10:43:45,961 - INFO - Process Summary:
2025-09-02 10:43:45,961 - INFO - - Current niche: 'asus'
2025-09-02 10:43:45,961 - INFO - - Next niche will be: 'philips'
2025-09-02 10:43:45,962 - INFO - - Keywords saved in: languages/english/keywords/asus/
2025-09-02 10:43:45,962 - INFO - ========================================
