2025-10-18 14:32:06,889 - INFO - Log file created at: /home/runner/work/potensitech.com/potensitech.com/languages/english/keywords/logs/kw_search_20251018_143206.log
2025-10-18 14:32:06,889 - INFO - ============================================================
2025-10-18 14:32:06,889 - INFO - AUTOMATIC KEYWORD RESEARCH TOOL
2025-10-18 14:32:06,889 - INFO - ============================================================
2025-10-18 14:32:07,085 - INFO - ========================================
2025-10-18 14:32:07,085 - INFO - Found 14 niches to process: xiaomi, iphone, samsung, apple, sony, asus, philips, sandisk, intel, nvidia, amd, canon, nikon, huawei
2025-10-18 14:32:07,086 - INFO - ========================================
2025-10-18 14:32:07,086 - INFO - Continuing from last processed niche: nvidia
2025-10-18 14:32:07,086 - INFO - ========================================
2025-10-18 14:32:07,086 - INFO - 🎯 PROCESSING NICHE 11/14: 'amd'
2025-10-18 14:32:07,086 - INFO - ========================================
2025-10-18 14:32:07,086 - INFO - 📁 Niche directory: /home/runner/work/potensitech.com/potensitech.com/languages/english/keywords/amd
2025-10-18 14:32:07,086 - INFO - Selected region: us
2025-10-18 14:32:07,086 - INFO - Selected language: en
2025-10-18 14:32:07,086 - INFO - 🎯 Current niche: amd
2025-10-18 14:32:12,713 - INFO - 🎯 Niche terms for filtering: amd, cheap, best, latest, review, price, sell, buy, recommendation, tips, tutorial, guide, how to, vs, versus, compared to, comparison, alternatives, which is better, expensive, discount, deals, sale, affordable, cost, online, offline, marketplace, store, shop, retailer, where to buy, worst, quality, original, genuine, fake, replica, authentic, brand, manufacturer, company, product, amd product, sell amd, buy amd, cheap amd, best amd, amd review, where to buy amd, how to choose amd, top amd, amd guide, amd for sale, amd deals
2025-10-18 14:32:12,714 - INFO - Generated 50 niche-clue pairs for 'amd'.
2025-10-18 14:32:12,717 - INFO - Expanded 50 seed keywords to 218 variations
2025-10-18 14:32:12,717 - INFO - 🔧 Request Handler initialized - Success rate: 100.0%
2025-10-18 14:36:35,351 - INFO - Original clue keywords: gpu performance, processor speed
2025-10-18 14:36:35,352 - INFO - Niche-focused seeds: gpu performance amd, amd gpu performance, gpu performance cheap, cheap gpu performance, gpu performance best, best gpu performance, gpu performance latest, latest gpu performance, gpu performance review, review gpu performance, gpu performance price, price gpu performance, gpu performance sell, sell gpu performance, gpu performance buy, buy gpu performance, gpu performance recommendation, recommendation gpu performance, gpu performance tips, tips gpu performance, gpu performance tutorial, tutorial gpu performance, gpu performance guide, guide gpu performance, gpu performance how to, how to gpu performance, gpu performance vs, vs gpu performance, gpu performance versus, versus gpu performance, gpu performance compared to, compared to gpu performance, gpu performance comparison, comparison gpu performance, gpu performance alternatives, alternatives gpu performance, gpu performance which is better, which is better gpu performance, gpu performance expensive, expensive gpu performance, gpu performance discount, discount gpu performance, gpu performance deals, deals gpu performance, gpu performance sale, sale gpu performance, gpu performance affordable, affordable gpu performance, gpu performance cost, cost gpu performance, gpu performance online, online gpu performance, gpu performance offline, offline gpu performance, gpu performance marketplace, marketplace gpu performance, gpu performance store, store gpu performance, gpu performance shop, shop gpu performance, gpu performance retailer, retailer gpu performance, gpu performance where to buy, where to buy gpu performance, gpu performance worst, worst gpu performance, gpu performance quality, quality gpu performance, gpu performance original, original gpu performance, gpu performance genuine, genuine gpu performance, gpu performance fake, fake gpu performance, gpu performance replica, replica gpu performance, gpu performance authentic, authentic gpu performance, gpu performance brand, brand gpu performance, gpu performance manufacturer, manufacturer gpu performance, gpu performance company, company gpu performance, gpu performance product, product gpu performance, gpu performance amd product, amd product gpu performance, gpu performance sell amd, sell amd gpu performance, gpu performance buy amd, buy amd gpu performance, gpu performance cheap amd, cheap amd gpu performance, gpu performance best amd, best amd gpu performance, gpu performance amd review, amd review gpu performance, gpu performance where to buy amd, where to buy amd gpu performance, gpu performance how to choose amd, how to choose amd gpu performance, gpu performance top amd, top amd gpu performance, gpu performance amd guide, amd guide gpu performance, gpu performance amd for sale, amd for sale gpu performance, gpu performance amd deals, amd deals gpu performance, processor speed amd, amd processor speed, processor speed cheap, cheap processor speed, processor speed best, best processor speed, processor speed latest, latest processor speed, processor speed review, review processor speed, processor speed price, price processor speed, processor speed sell, sell processor speed, processor speed buy, buy processor speed, processor speed recommendation, recommendation processor speed, processor speed tips, tips processor speed, processor speed tutorial, tutorial processor speed, processor speed guide, guide processor speed, processor speed how to, how to processor speed, processor speed vs, vs processor speed, processor speed versus, versus processor speed, processor speed compared to, compared to processor speed, processor speed comparison, comparison processor speed, processor speed alternatives, alternatives processor speed, processor speed which is better, which is better processor speed, processor speed expensive, expensive processor speed, processor speed discount, discount processor speed, processor speed deals, deals processor speed, processor speed sale, sale processor speed, processor speed affordable, affordable processor speed, processor speed cost, cost processor speed, processor speed online, online processor speed, processor speed offline, offline processor speed, processor speed marketplace, marketplace processor speed, processor speed store, store processor speed, processor speed shop, shop processor speed, processor speed retailer, retailer processor speed, processor speed where to buy, where to buy processor speed, processor speed worst, worst processor speed, processor speed quality, quality processor speed, processor speed original, original processor speed, processor speed genuine, genuine processor speed, processor speed fake, fake processor speed, processor speed replica, replica processor speed, processor speed authentic, authentic processor speed, processor speed brand, brand processor speed, processor speed manufacturer, manufacturer processor speed, processor speed company, company processor speed, processor speed product, product processor speed, processor speed amd product, amd product processor speed, processor speed sell amd, sell amd processor speed, processor speed buy amd, buy amd processor speed, processor speed cheap amd, cheap amd processor speed, processor speed best amd, best amd processor speed, processor speed amd review, amd review processor speed, processor speed where to buy amd, where to buy amd processor speed, processor speed how to choose amd, how to choose amd processor speed, processor speed top amd, top amd processor speed, processor speed amd guide, amd guide processor speed, processor speed amd for sale, amd for sale processor speed, processor speed amd deals, amd deals processor speed
2025-10-18 14:36:35,356 - INFO - Expanded 220 seed keywords to 385 variations
2025-10-18 14:36:35,356 - INFO - Language: en
2025-10-18 14:36:35,356 - INFO - Region: us
2025-10-18 14:37:09,697 - INFO - 🎯 After all filtering for 'amd': 120 relevant keywords
2025-10-18 14:37:10,057 - INFO - 🎯 Found 2 new keywords for niche 'amd': amd affordable gpu performance, amd affordable processor speed
2025-10-18 14:37:21,299 - INFO - ✅ Niche 'amd' process complete! 173 total keyword results.
2025-10-18 14:37:21,299 - INFO - ✅ Completed processing niche: 'amd'
2025-10-18 14:37:21,299 - INFO - 🔧 Request Handler final stats - Success rate: 100.0%
2025-10-18 14:37:21,299 - INFO -    Total requests: 28003, Blocks: 0
2025-10-18 14:37:21,300 - INFO - 
========================================
2025-10-18 14:37:21,301 - INFO - Process Summary:
2025-10-18 14:37:21,301 - INFO - - Current niche: 'amd'
2025-10-18 14:37:21,301 - INFO - - Next niche will be: 'canon'
2025-10-18 14:37:21,301 - INFO - - Keywords saved in: languages/english/keywords/amd/
2025-10-18 14:37:21,301 - INFO - ========================================
