2025-11-17 12:35:07,947 - INFO - Log file created at: /home/runner/work/potensitech.com/potensitech.com/languages/english/keywords/logs/kw_search_20251117_123507.log
2025-11-17 12:35:07,947 - INFO - ============================================================
2025-11-17 12:35:07,948 - INFO - AUTOMATIC KEYWORD RESEARCH TOOL
2025-11-17 12:35:07,948 - INFO - ============================================================
2025-11-17 12:35:08,139 - INFO - ========================================
2025-11-17 12:35:08,139 - INFO - Found 14 niches to process: xiaomi, iphone, samsung, apple, sony, asus, philips, sandisk, intel, nvidia, amd, canon, nikon, huawei
2025-11-17 12:35:08,139 - INFO - ========================================
2025-11-17 12:35:08,140 - INFO - Continuing from last processed niche: canon
2025-11-17 12:35:08,140 - INFO - ========================================
2025-11-17 12:35:08,140 - INFO - 🎯 PROCESSING NICHE 13/14: 'nikon'
2025-11-17 12:35:08,140 - INFO - ========================================
2025-11-17 12:35:08,140 - INFO - 📁 Niche directory: /home/runner/work/potensitech.com/potensitech.com/languages/english/keywords/nikon
2025-11-17 12:35:08,140 - INFO - Selected region: us
2025-11-17 12:35:08,140 - INFO - Selected language: en
2025-11-17 12:35:08,140 - INFO - 🎯 Current niche: nikon
2025-11-17 12:35:11,438 - INFO - 🎯 Niche terms for filtering: nikon, cheap, best, latest, review, price, sell, buy, recommendation, tips, tutorial, guide, how to, vs, versus, compared to, comparison, alternatives, which is better, expensive, discount, deals, sale, affordable, cost, online, offline, marketplace, store, shop, retailer, where to buy, worst, quality, original, genuine, fake, replica, authentic, brand, manufacturer, company, product, nikon product, sell nikon, buy nikon, cheap nikon, best nikon, nikon review, where to buy nikon, how to choose nikon, top nikon, nikon guide, nikon for sale, nikon deals
2025-11-17 12:35:11,439 - INFO - Generated 50 niche-clue pairs for 'nikon'.
2025-11-17 12:35:11,442 - INFO - Expanded 50 seed keywords to 218 variations
2025-11-17 12:35:11,442 - INFO - 🔧 Request Handler initialized - Success rate: 100.0%
2025-11-17 12:39:39,091 - INFO - Original clue keywords: dslr photography, mirrorless options
2025-11-17 12:39:39,091 - INFO - Niche-focused seeds: dslr photography nikon, nikon dslr photography, dslr photography cheap, cheap dslr photography, dslr photography best, best dslr photography, dslr photography latest, latest dslr photography, dslr photography review, review dslr photography, dslr photography price, price dslr photography, dslr photography sell, sell dslr photography, dslr photography buy, buy dslr photography, dslr photography recommendation, recommendation dslr photography, dslr photography tips, tips dslr photography, dslr photography tutorial, tutorial dslr photography, dslr photography guide, guide dslr photography, dslr photography how to, how to dslr photography, dslr photography vs, vs dslr photography, dslr photography versus, versus dslr photography, dslr photography compared to, compared to dslr photography, dslr photography comparison, comparison dslr photography, dslr photography alternatives, alternatives dslr photography, dslr photography which is better, which is better dslr photography, dslr photography expensive, expensive dslr photography, dslr photography discount, discount dslr photography, dslr photography deals, deals dslr photography, dslr photography sale, sale dslr photography, dslr photography affordable, affordable dslr photography, dslr photography cost, cost dslr photography, dslr photography online, online dslr photography, dslr photography offline, offline dslr photography, dslr photography marketplace, marketplace dslr photography, dslr photography store, store dslr photography, dslr photography shop, shop dslr photography, dslr photography retailer, retailer dslr photography, dslr photography where to buy, where to buy dslr photography, dslr photography worst, worst dslr photography, dslr photography quality, quality dslr photography, dslr photography original, original dslr photography, dslr photography genuine, genuine dslr photography, dslr photography fake, fake dslr photography, dslr photography replica, replica dslr photography, dslr photography authentic, authentic dslr photography, dslr photography brand, brand dslr photography, dslr photography manufacturer, manufacturer dslr photography, dslr photography company, company dslr photography, dslr photography product, product dslr photography, dslr photography nikon product, nikon product dslr photography, dslr photography sell nikon, sell nikon dslr photography, dslr photography buy nikon, buy nikon dslr photography, dslr photography cheap nikon, cheap nikon dslr photography, dslr photography best nikon, best nikon dslr photography, dslr photography nikon review, nikon review dslr photography, dslr photography where to buy nikon, where to buy nikon dslr photography, dslr photography how to choose nikon, how to choose nikon dslr photography, dslr photography top nikon, top nikon dslr photography, dslr photography nikon guide, nikon guide dslr photography, dslr photography nikon for sale, nikon for sale dslr photography, dslr photography nikon deals, nikon deals dslr photography, mirrorless options nikon, nikon mirrorless options, mirrorless options cheap, cheap mirrorless options, mirrorless options best, best mirrorless options, mirrorless options latest, latest mirrorless options, mirrorless options review, review mirrorless options, mirrorless options price, price mirrorless options, mirrorless options sell, sell mirrorless options, mirrorless options buy, buy mirrorless options, mirrorless options recommendation, recommendation mirrorless options, mirrorless options tips, tips mirrorless options, mirrorless options tutorial, tutorial mirrorless options, mirrorless options guide, guide mirrorless options, mirrorless options how to, how to mirrorless options, mirrorless options vs, vs mirrorless options, mirrorless options versus, versus mirrorless options, mirrorless options compared to, compared to mirrorless options, mirrorless options comparison, comparison mirrorless options, mirrorless options alternatives, alternatives mirrorless options, mirrorless options which is better, which is better mirrorless options, mirrorless options expensive, expensive mirrorless options, mirrorless options discount, discount mirrorless options, mirrorless options deals, deals mirrorless options, mirrorless options sale, sale mirrorless options, mirrorless options affordable, affordable mirrorless options, mirrorless options cost, cost mirrorless options, mirrorless options online, online mirrorless options, mirrorless options offline, offline mirrorless options, mirrorless options marketplace, marketplace mirrorless options, mirrorless options store, store mirrorless options, mirrorless options shop, shop mirrorless options, mirrorless options retailer, retailer mirrorless options, mirrorless options where to buy, where to buy mirrorless options, mirrorless options worst, worst mirrorless options, mirrorless options quality, quality mirrorless options, mirrorless options original, original mirrorless options, mirrorless options genuine, genuine mirrorless options, mirrorless options fake, fake mirrorless options, mirrorless options replica, replica mirrorless options, mirrorless options authentic, authentic mirrorless options, mirrorless options brand, brand mirrorless options, mirrorless options manufacturer, manufacturer mirrorless options, mirrorless options company, company mirrorless options, mirrorless options product, product mirrorless options, mirrorless options nikon product, nikon product mirrorless options, mirrorless options sell nikon, sell nikon mirrorless options, mirrorless options buy nikon, buy nikon mirrorless options, mirrorless options cheap nikon, cheap nikon mirrorless options, mirrorless options best nikon, best nikon mirrorless options, mirrorless options nikon review, nikon review mirrorless options, mirrorless options where to buy nikon, where to buy nikon mirrorless options, mirrorless options how to choose nikon, how to choose nikon mirrorless options, mirrorless options top nikon, top nikon mirrorless options, mirrorless options nikon guide, nikon guide mirrorless options, mirrorless options nikon for sale, nikon for sale mirrorless options, mirrorless options nikon deals, nikon deals mirrorless options
2025-11-17 12:39:39,095 - INFO - Expanded 220 seed keywords to 385 variations
2025-11-17 12:39:39,095 - INFO - Language: en
2025-11-17 12:39:39,095 - INFO - Region: us
2025-11-17 12:40:13,569 - INFO - 🎯 After all filtering for 'nikon': 120 relevant keywords
2025-11-17 12:40:14,306 - INFO - 🎯 Found 2 new keywords for niche 'nikon': nikon affordable dslr photography, nikon affordable mirrorless options
2025-11-17 12:40:23,445 - INFO - ✅ Niche 'nikon' process complete! 257 total keyword results.
2025-11-17 12:40:23,445 - INFO - ✅ Completed processing niche: 'nikon'
2025-11-17 12:40:23,445 - INFO - 🔧 Request Handler final stats - Success rate: 100.0%
2025-11-17 12:40:23,445 - INFO -    Total requests: 44239, Blocks: 0
2025-11-17 12:40:23,446 - INFO - 
========================================
2025-11-17 12:40:23,447 - INFO - Process Summary:
2025-11-17 12:40:23,447 - INFO - - Current niche: 'nikon'
2025-11-17 12:40:23,447 - INFO - - Next niche will be: 'huawei'
2025-11-17 12:40:23,447 - INFO - - Keywords saved in: languages/english/keywords/nikon/
2025-11-17 12:40:23,447 - INFO - ========================================
