2026-03-02 07:55:58,298 - INFO - Log file created at: /home/runner/work/potensitech.com/potensitech.com/languages/english/keywords/logs/kw_search_20260302_075558.log
2026-03-02 07:55:58,298 - INFO - ============================================================
2026-03-02 07:55:58,298 - INFO - AUTOMATIC KEYWORD RESEARCH TOOL
2026-03-02 07:55:58,298 - INFO - ============================================================
2026-03-02 07:55:58,558 - INFO - ========================================
2026-03-02 07:55:58,558 - INFO - Found 14 niches to process: xiaomi, iphone, samsung, apple, sony, asus, philips, sandisk, intel, nvidia, amd, canon, nikon, huawei
2026-03-02 07:55:58,558 - INFO - ========================================
2026-03-02 07:55:58,558 - INFO - Continuing from last processed niche: samsung
2026-03-02 07:55:58,559 - INFO - ========================================
2026-03-02 07:55:58,559 - INFO - 🎯 PROCESSING NICHE 4/14: 'apple'
2026-03-02 07:55:58,559 - INFO - ========================================
2026-03-02 07:55:58,559 - INFO - 📁 Niche directory: /home/runner/work/potensitech.com/potensitech.com/languages/english/keywords/apple
2026-03-02 07:55:58,559 - INFO - Selected region: us
2026-03-02 07:55:58,559 - INFO - Selected language: en
2026-03-02 07:55:58,559 - INFO - 🎯 Current niche: apple
2026-03-02 07:56:01,889 - INFO - 🎯 Niche terms for filtering: apple, cheap, best, latest, review, price, sell, buy, recommendation, tips, tutorial, guide, how to, vs, versus, compared to, comparison, alternatives, which is better, expensive, discount, deals, sale, affordable, cost, online, offline, marketplace, store, shop, retailer, where to buy, worst, quality, original, genuine, fake, replica, authentic, brand, manufacturer, company, product, apple product, sell apple, buy apple, cheap apple, best apple, apple review, where to buy apple, how to choose apple, top apple, apple guide, apple for sale, apple deals
2026-03-02 07:56:01,889 - INFO - Generated 50 niche-clue pairs for 'apple'.
2026-03-02 07:56:01,892 - INFO - Expanded 50 seed keywords to 218 variations
2026-03-02 07:56:01,893 - INFO - 🔧 Request Handler initialized - Success rate: 100.0%
2026-03-02 08:00:25,963 - INFO - Original clue keywords: dslr photography, camera lenses
2026-03-02 08:00:25,963 - INFO - Niche-focused seeds: dslr photography apple, apple dslr photography, dslr photography cheap, cheap dslr photography, dslr photography best, best dslr photography, dslr photography latest, latest dslr photography, dslr photography review, review dslr photography, dslr photography price, price dslr photography, dslr photography sell, sell dslr photography, dslr photography buy, buy dslr photography, dslr photography recommendation, recommendation dslr photography, dslr photography tips, tips dslr photography, dslr photography tutorial, tutorial dslr photography, dslr photography guide, guide dslr photography, dslr photography how to, how to dslr photography, dslr photography vs, vs dslr photography, dslr photography versus, versus dslr photography, dslr photography compared to, compared to dslr photography, dslr photography comparison, comparison dslr photography, dslr photography alternatives, alternatives dslr photography, dslr photography which is better, which is better dslr photography, dslr photography expensive, expensive dslr photography, dslr photography discount, discount dslr photography, dslr photography deals, deals dslr photography, dslr photography sale, sale dslr photography, dslr photography affordable, affordable dslr photography, dslr photography cost, cost dslr photography, dslr photography online, online dslr photography, dslr photography offline, offline dslr photography, dslr photography marketplace, marketplace dslr photography, dslr photography store, store dslr photography, dslr photography shop, shop dslr photography, dslr photography retailer, retailer dslr photography, dslr photography where to buy, where to buy dslr photography, dslr photography worst, worst dslr photography, dslr photography quality, quality dslr photography, dslr photography original, original dslr photography, dslr photography genuine, genuine dslr photography, dslr photography fake, fake dslr photography, dslr photography replica, replica dslr photography, dslr photography authentic, authentic dslr photography, dslr photography brand, brand dslr photography, dslr photography manufacturer, manufacturer dslr photography, dslr photography company, company dslr photography, dslr photography product, product dslr photography, dslr photography apple product, apple product dslr photography, dslr photography sell apple, sell apple dslr photography, dslr photography buy apple, buy apple dslr photography, dslr photography cheap apple, cheap apple dslr photography, dslr photography best apple, best apple dslr photography, dslr photography apple review, apple review dslr photography, dslr photography where to buy apple, where to buy apple dslr photography, dslr photography how to choose apple, how to choose apple dslr photography, dslr photography top apple, top apple dslr photography, dslr photography apple guide, apple guide dslr photography, dslr photography apple for sale, apple for sale dslr photography, dslr photography apple deals, apple deals dslr photography, camera lenses apple, apple camera lenses, camera lenses cheap, cheap camera lenses, camera lenses best, best camera lenses, camera lenses latest, latest camera lenses, camera lenses review, review camera lenses, camera lenses price, price camera lenses, camera lenses sell, sell camera lenses, camera lenses buy, buy camera lenses, camera lenses recommendation, recommendation camera lenses, camera lenses tips, tips camera lenses, camera lenses tutorial, tutorial camera lenses, camera lenses guide, guide camera lenses, camera lenses how to, how to camera lenses, camera lenses vs, vs camera lenses, camera lenses versus, versus camera lenses, camera lenses compared to, compared to camera lenses, camera lenses comparison, comparison camera lenses, camera lenses alternatives, alternatives camera lenses, camera lenses which is better, which is better camera lenses, camera lenses expensive, expensive camera lenses, camera lenses discount, discount camera lenses, camera lenses deals, deals camera lenses, camera lenses sale, sale camera lenses, camera lenses affordable, affordable camera lenses, camera lenses cost, cost camera lenses, camera lenses online, online camera lenses, camera lenses offline, offline camera lenses, camera lenses marketplace, marketplace camera lenses, camera lenses store, store camera lenses, camera lenses shop, shop camera lenses, camera lenses retailer, retailer camera lenses, camera lenses where to buy, where to buy camera lenses, camera lenses worst, worst camera lenses, camera lenses quality, quality camera lenses, camera lenses original, original camera lenses, camera lenses genuine, genuine camera lenses, camera lenses fake, fake camera lenses, camera lenses replica, replica camera lenses, camera lenses authentic, authentic camera lenses, camera lenses brand, brand camera lenses, camera lenses manufacturer, manufacturer camera lenses, camera lenses company, company camera lenses, camera lenses product, product camera lenses, camera lenses apple product, apple product camera lenses, camera lenses sell apple, sell apple camera lenses, camera lenses buy apple, buy apple camera lenses, camera lenses cheap apple, cheap apple camera lenses, camera lenses best apple, best apple camera lenses, camera lenses apple review, apple review camera lenses, camera lenses where to buy apple, where to buy apple camera lenses, camera lenses how to choose apple, how to choose apple camera lenses, camera lenses top apple, top apple camera lenses, camera lenses apple guide, apple guide camera lenses, camera lenses apple for sale, apple for sale camera lenses, camera lenses apple deals, apple deals camera lenses
2026-03-02 08:00:25,966 - INFO - Expanded 220 seed keywords to 385 variations
2026-03-02 08:00:25,966 - INFO - Language: en
2026-03-02 08:00:25,967 - INFO - Region: us
2026-03-02 08:00:59,358 - INFO - 🎯 After all filtering for 'apple': 120 relevant keywords
2026-03-02 08:01:00,052 - INFO - 🎯 Found 5 new keywords for niche 'apple': apple affordable camera lenses, apple affordable dslr photography, cheap alternatives dslr photography, best authentic dslr photography, how to brand dslr photography
2026-03-02 08:01:08,372 - INFO - ✅ Niche 'apple' process complete! 344 total keyword results.
2026-03-02 08:01:08,373 - INFO - ✅ Completed processing niche: 'apple'
2026-03-02 08:01:08,373 - INFO - 🔧 Request Handler final stats - Success rate: 100.0%
2026-03-02 08:01:08,373 - INFO -    Total requests: 92321, Blocks: 0
2026-03-02 08:01:08,374 - INFO - 
========================================
2026-03-02 08:01:08,374 - INFO - Process Summary:
2026-03-02 08:01:08,374 - INFO - - Current niche: 'apple'
2026-03-02 08:01:08,374 - INFO - - Next niche will be: 'sony'
2026-03-02 08:01:08,374 - INFO - - Keywords saved in: languages/english/keywords/apple/
2026-03-02 08:01:08,374 - INFO - ========================================
