2025-10-12 19:21:52,073 - INFO - Log file created at: /home/runner/work/potensitech.com/potensitech.com/languages/english/keywords/logs/kw_search_20251012_192152.log
2025-10-12 19:21:52,074 - INFO - ============================================================
2025-10-12 19:21:52,074 - INFO - AUTOMATIC KEYWORD RESEARCH TOOL
2025-10-12 19:21:52,074 - INFO - ============================================================
2025-10-12 19:21:52,229 - INFO - ========================================
2025-10-12 19:21:52,230 - INFO - Found 14 niches to process: xiaomi, iphone, samsung, apple, sony, asus, philips, sandisk, intel, nvidia, amd, canon, nikon, huawei
2025-10-12 19:21:52,230 - INFO - ========================================
2025-10-12 19:21:52,230 - INFO - Continuing from last processed niche: sandisk
2025-10-12 19:21:52,230 - INFO - ========================================
2025-10-12 19:21:52,230 - INFO - 🎯 PROCESSING NICHE 9/14: 'intel'
2025-10-12 19:21:52,230 - INFO - ========================================
2025-10-12 19:21:52,230 - INFO - 📁 Niche directory: /home/runner/work/potensitech.com/potensitech.com/languages/english/keywords/intel
2025-10-12 19:21:52,230 - INFO - Selected region: us
2025-10-12 19:21:52,230 - INFO - Selected language: en
2025-10-12 19:21:52,230 - INFO - 🎯 Current niche: intel
2025-10-12 19:21:54,253 - INFO - 🎯 Niche terms for filtering: intel, cheap, best, latest, review, price, sell, buy, recommendation, tips, tutorial, guide, how to, vs, versus, compared to, comparison, alternatives, which is better, expensive, discount, deals, sale, affordable, cost, online, offline, marketplace, store, shop, retailer, where to buy, worst, quality, original, genuine, fake, replica, authentic, brand, manufacturer, company, product, intel product, sell intel, buy intel, cheap intel, best intel, intel review, where to buy intel, how to choose intel, top intel, intel guide, intel for sale, intel deals
2025-10-12 19:21:54,253 - INFO - Generated 50 niche-clue pairs for 'intel'.
2025-10-12 19:21:54,256 - INFO - Expanded 50 seed keywords to 218 variations
2025-10-12 19:21:54,257 - INFO - 🔧 Request Handler initialized - Success rate: 100.0%
2025-10-12 19:26:17,109 - INFO - Original clue keywords: flash drive, usb stick
2025-10-12 19:26:17,109 - INFO - Niche-focused seeds: flash drive intel, intel flash drive, flash drive cheap, cheap flash drive, flash drive best, best flash drive, flash drive latest, latest flash drive, flash drive review, review flash drive, flash drive price, price flash drive, flash drive sell, sell flash drive, flash drive buy, buy flash drive, flash drive recommendation, recommendation flash drive, flash drive tips, tips flash drive, flash drive tutorial, tutorial flash drive, flash drive guide, guide flash drive, flash drive how to, how to flash drive, flash drive vs, vs flash drive, flash drive versus, versus flash drive, flash drive compared to, compared to flash drive, flash drive comparison, comparison flash drive, flash drive alternatives, alternatives flash drive, flash drive which is better, which is better flash drive, flash drive expensive, expensive flash drive, flash drive discount, discount flash drive, flash drive deals, deals flash drive, flash drive sale, sale flash drive, flash drive affordable, affordable flash drive, flash drive cost, cost flash drive, flash drive online, online flash drive, flash drive offline, offline flash drive, flash drive marketplace, marketplace flash drive, flash drive store, store flash drive, flash drive shop, shop flash drive, flash drive retailer, retailer flash drive, flash drive where to buy, where to buy flash drive, flash drive worst, worst flash drive, flash drive quality, quality flash drive, flash drive original, original flash drive, flash drive genuine, genuine flash drive, flash drive fake, fake flash drive, flash drive replica, replica flash drive, flash drive authentic, authentic flash drive, flash drive brand, brand flash drive, flash drive manufacturer, manufacturer flash drive, flash drive company, company flash drive, flash drive product, product flash drive, flash drive intel product, intel product flash drive, flash drive sell intel, sell intel flash drive, flash drive buy intel, buy intel flash drive, flash drive cheap intel, cheap intel flash drive, flash drive best intel, best intel flash drive, flash drive intel review, intel review flash drive, flash drive where to buy intel, where to buy intel flash drive, flash drive how to choose intel, how to choose intel flash drive, flash drive top intel, top intel flash drive, flash drive intel guide, intel guide flash drive, flash drive intel for sale, intel for sale flash drive, flash drive intel deals, intel deals flash drive, usb stick intel, intel usb stick, usb stick cheap, cheap usb stick, usb stick best, best usb stick, usb stick latest, latest usb stick, usb stick review, review usb stick, usb stick price, price usb stick, usb stick sell, sell usb stick, usb stick buy, buy usb stick, usb stick recommendation, recommendation usb stick, usb stick tips, tips usb stick, usb stick tutorial, tutorial usb stick, usb stick guide, guide usb stick, usb stick how to, how to usb stick, usb stick vs, vs usb stick, usb stick versus, versus usb stick, usb stick compared to, compared to usb stick, usb stick comparison, comparison usb stick, usb stick alternatives, alternatives usb stick, usb stick which is better, which is better usb stick, usb stick expensive, expensive usb stick, usb stick discount, discount usb stick, usb stick deals, deals usb stick, usb stick sale, sale usb stick, usb stick affordable, affordable usb stick, usb stick cost, cost usb stick, usb stick online, online usb stick, usb stick offline, offline usb stick, usb stick marketplace, marketplace usb stick, usb stick store, store usb stick, usb stick shop, shop usb stick, usb stick retailer, retailer usb stick, usb stick where to buy, where to buy usb stick, usb stick worst, worst usb stick, usb stick quality, quality usb stick, usb stick original, original usb stick, usb stick genuine, genuine usb stick, usb stick fake, fake usb stick, usb stick replica, replica usb stick, usb stick authentic, authentic usb stick, usb stick brand, brand usb stick, usb stick manufacturer, manufacturer usb stick, usb stick company, company usb stick, usb stick product, product usb stick, usb stick intel product, intel product usb stick, usb stick sell intel, sell intel usb stick, usb stick buy intel, buy intel usb stick, usb stick cheap intel, cheap intel usb stick, usb stick best intel, best intel usb stick, usb stick intel review, intel review usb stick, usb stick where to buy intel, where to buy intel usb stick, usb stick how to choose intel, how to choose intel usb stick, usb stick top intel, top intel usb stick, usb stick intel guide, intel guide usb stick, usb stick intel for sale, intel for sale usb stick, usb stick intel deals, intel deals usb stick
2025-10-12 19:26:17,112 - INFO - Expanded 220 seed keywords to 385 variations
2025-10-12 19:26:17,112 - INFO - Language: en
2025-10-12 19:26:17,112 - INFO - Region: us
2025-10-12 19:28:26,598 - INFO - 🎯 After all filtering for 'intel': 120 relevant keywords
2025-10-12 19:28:26,814 - INFO - 🎯 Found 5 new keywords for niche 'intel': intel affordable flash drive, intel affordable usb stick, cheap alternatives flash drive, cheap alternatives usb stick, best authentic flash drive
2025-10-12 19:28:33,705 - INFO - ✅ Niche 'intel' process complete! 133 total keyword results.
2025-10-12 19:28:33,705 - INFO - ✅ Completed processing niche: 'intel'
2025-10-12 19:28:33,705 - INFO - 🔧 Request Handler final stats - Success rate: 100.0%
2025-10-12 19:28:33,706 - INFO -    Total requests: 24665, Blocks: 0
2025-10-12 19:28:33,707 - INFO - 
========================================
2025-10-12 19:28:33,707 - INFO - Process Summary:
2025-10-12 19:28:33,707 - INFO - - Current niche: 'intel'
2025-10-12 19:28:33,707 - INFO - - Next niche will be: 'nvidia'
2025-10-12 19:28:33,707 - INFO - - Keywords saved in: languages/english/keywords/intel/
2025-10-12 19:28:33,707 - INFO - ========================================
