2025-11-11 09:45:07,075 - INFO - Log file created at: /home/runner/work/potensitech.com/potensitech.com/languages/english/keywords/logs/kw_search_20251111_094507.log
2025-11-11 09:45:07,075 - INFO - ============================================================
2025-11-11 09:45:07,075 - INFO - AUTOMATIC KEYWORD RESEARCH TOOL
2025-11-11 09:45:07,075 - INFO - ============================================================
2025-11-11 09:45:07,288 - INFO - ========================================
2025-11-11 09:45:07,288 - INFO - Found 14 niches to process: xiaomi, iphone, samsung, apple, sony, asus, philips, sandisk, intel, nvidia, amd, canon, nikon, huawei
2025-11-11 09:45:07,288 - INFO - ========================================
2025-11-11 09:45:07,288 - INFO - Continuing from last processed niche: philips
2025-11-11 09:45:07,288 - INFO - ========================================
2025-11-11 09:45:07,288 - INFO - 🎯 PROCESSING NICHE 8/14: 'sandisk'
2025-11-11 09:45:07,288 - INFO - ========================================
2025-11-11 09:45:07,288 - INFO - 📁 Niche directory: /home/runner/work/potensitech.com/potensitech.com/languages/english/keywords/sandisk
2025-11-11 09:45:07,289 - INFO - Selected region: us
2025-11-11 09:45:07,289 - INFO - Selected language: en
2025-11-11 09:45:07,289 - INFO - 🎯 Current niche: sandisk
2025-11-11 09:45:12,273 - INFO - 🎯 Niche terms for filtering: sandisk, cheap, best, latest, review, price, sell, buy, recommendation, tips, tutorial, guide, how to, vs, versus, compared to, comparison, alternatives, which is better, expensive, discount, deals, sale, affordable, cost, online, offline, marketplace, store, shop, retailer, where to buy, worst, quality, original, genuine, fake, replica, authentic, brand, manufacturer, company, product, sandisk product, sell sandisk, buy sandisk, cheap sandisk, best sandisk, sandisk review, where to buy sandisk, how to choose sandisk, top sandisk, sandisk guide, sandisk for sale, sandisk deals
2025-11-11 09:45:12,274 - INFO - Generated 50 niche-clue pairs for 'sandisk'.
2025-11-11 09:45:12,277 - INFO - Expanded 50 seed keywords to 218 variations
2025-11-11 09:45:12,277 - INFO - 🔧 Request Handler initialized - Success rate: 100.0%
2025-11-11 09:49:36,571 - INFO - Original clue keywords: high-performance, memory card
2025-11-11 09:49:36,571 - INFO - Niche-focused seeds: high-performance sandisk, sandisk high-performance, high-performance cheap, cheap high-performance, high-performance best, best high-performance, high-performance latest, latest high-performance, high-performance review, review high-performance, high-performance price, price high-performance, high-performance sell, sell high-performance, high-performance buy, buy high-performance, high-performance recommendation, recommendation high-performance, high-performance tips, tips high-performance, high-performance tutorial, tutorial high-performance, high-performance guide, guide high-performance, high-performance how to, how to high-performance, high-performance vs, vs high-performance, high-performance versus, versus high-performance, high-performance compared to, compared to high-performance, high-performance comparison, comparison high-performance, high-performance alternatives, alternatives high-performance, high-performance which is better, which is better high-performance, high-performance expensive, expensive high-performance, high-performance discount, discount high-performance, high-performance deals, deals high-performance, high-performance sale, sale high-performance, high-performance affordable, affordable high-performance, high-performance cost, cost high-performance, high-performance online, online high-performance, high-performance offline, offline high-performance, high-performance marketplace, marketplace high-performance, high-performance store, store high-performance, high-performance shop, shop high-performance, high-performance retailer, retailer high-performance, high-performance where to buy, where to buy high-performance, high-performance worst, worst high-performance, high-performance quality, quality high-performance, high-performance original, original high-performance, high-performance genuine, genuine high-performance, high-performance fake, fake high-performance, high-performance replica, replica high-performance, high-performance authentic, authentic high-performance, high-performance brand, brand high-performance, high-performance manufacturer, manufacturer high-performance, high-performance company, company high-performance, high-performance product, product high-performance, high-performance sandisk product, sandisk product high-performance, high-performance sell sandisk, sell sandisk high-performance, high-performance buy sandisk, buy sandisk high-performance, high-performance cheap sandisk, cheap sandisk high-performance, high-performance best sandisk, best sandisk high-performance, high-performance sandisk review, sandisk review high-performance, high-performance where to buy sandisk, where to buy sandisk high-performance, high-performance how to choose sandisk, how to choose sandisk high-performance, high-performance top sandisk, top sandisk high-performance, high-performance sandisk guide, sandisk guide high-performance, high-performance sandisk for sale, sandisk for sale high-performance, high-performance sandisk deals, sandisk deals high-performance, memory card sandisk, sandisk memory card, memory card cheap, cheap memory card, memory card best, best memory card, memory card latest, latest memory card, memory card review, review memory card, memory card price, price memory card, memory card sell, sell memory card, memory card buy, buy memory card, memory card recommendation, recommendation memory card, memory card tips, tips memory card, memory card tutorial, tutorial memory card, memory card guide, guide memory card, memory card how to, how to memory card, memory card vs, vs memory card, memory card versus, versus memory card, memory card compared to, compared to memory card, memory card comparison, comparison memory card, memory card alternatives, alternatives memory card, memory card which is better, which is better memory card, memory card expensive, expensive memory card, memory card discount, discount memory card, memory card deals, deals memory card, memory card sale, sale memory card, memory card affordable, affordable memory card, memory card cost, cost memory card, memory card online, online memory card, memory card offline, offline memory card, memory card marketplace, marketplace memory card, memory card store, store memory card, memory card shop, shop memory card, memory card retailer, retailer memory card, memory card where to buy, where to buy memory card, memory card worst, worst memory card, memory card quality, quality memory card, memory card original, original memory card, memory card genuine, genuine memory card, memory card fake, fake memory card, memory card replica, replica memory card, memory card authentic, authentic memory card, memory card brand, brand memory card, memory card manufacturer, manufacturer memory card, memory card company, company memory card, memory card product, product memory card, memory card sandisk product, sandisk product memory card, memory card sell sandisk, sell sandisk memory card, memory card buy sandisk, buy sandisk memory card, memory card cheap sandisk, cheap sandisk memory card, memory card best sandisk, best sandisk memory card, memory card sandisk review, sandisk review memory card, memory card where to buy sandisk, where to buy sandisk memory card, memory card how to choose sandisk, how to choose sandisk memory card, memory card top sandisk, top sandisk memory card, memory card sandisk guide, sandisk guide memory card, memory card sandisk for sale, sandisk for sale memory card, memory card sandisk deals, sandisk deals memory card
2025-11-11 09:49:36,574 - INFO - Expanded 220 seed keywords to 385 variations
2025-11-11 09:49:36,574 - INFO - Language: en
2025-11-11 09:49:36,574 - INFO - Region: us
2025-11-11 09:50:10,864 - INFO - 🎯 After all filtering for 'sandisk': 120 relevant keywords
2025-11-11 09:50:10,936 - INFO - 🎯 Found 5 new keywords for niche 'sandisk': sandisk affordable high-performance, cheap affordable high-performance, best affordable high-performance, how to affordable high-performance, sandisk alternatives high-performance
2025-11-11 09:50:23,306 - INFO - ✅ Niche 'sandisk' process complete! 204 total keyword results.
2025-11-11 09:50:23,307 - INFO - ✅ Completed processing niche: 'sandisk'
2025-11-11 09:50:23,307 - INFO - 🔧 Request Handler final stats - Success rate: 100.0%
2025-11-11 09:50:23,307 - INFO -    Total requests: 40403, Blocks: 0
2025-11-11 09:50:23,308 - INFO - 
========================================
2025-11-11 09:50:23,308 - INFO - Process Summary:
2025-11-11 09:50:23,308 - INFO - - Current niche: 'sandisk'
2025-11-11 09:50:23,308 - INFO - - Next niche will be: 'intel'
2025-11-11 09:50:23,308 - INFO - - Keywords saved in: languages/english/keywords/sandisk/
2025-11-11 09:50:23,308 - INFO - ========================================
