2025-10-13 02:04:37,558 - INFO - Log file created at: /home/runner/work/potensitech.com/potensitech.com/languages/english/keywords/logs/kw_search_20251013_020437.log
2025-10-13 02:04:37,559 - INFO - ============================================================
2025-10-13 02:04:37,559 - INFO - AUTOMATIC KEYWORD RESEARCH TOOL
2025-10-13 02:04:37,559 - INFO - ============================================================
2025-10-13 02:04:37,739 - INFO - ========================================
2025-10-13 02:04:37,739 - INFO - Found 14 niches to process: xiaomi, iphone, samsung, apple, sony, asus, philips, sandisk, intel, nvidia, amd, canon, nikon, huawei
2025-10-13 02:04:37,739 - INFO - ========================================
2025-10-13 02:04:37,739 - INFO - Continuing from last processed niche: nvidia
2025-10-13 02:04:37,739 - INFO - ========================================
2025-10-13 02:04:37,739 - INFO - 🎯 PROCESSING NICHE 11/14: 'amd'
2025-10-13 02:04:37,739 - INFO - ========================================
2025-10-13 02:04:37,739 - INFO - 📁 Niche directory: /home/runner/work/potensitech.com/potensitech.com/languages/english/keywords/amd
2025-10-13 02:04:37,739 - INFO - Selected region: us
2025-10-13 02:04:37,739 - INFO - Selected language: en
2025-10-13 02:04:37,740 - INFO - 🎯 Current niche: amd
2025-10-13 02:04:41,500 - INFO - 🎯 Niche terms for filtering: amd, cheap, best, latest, review, price, sell, buy, recommendation, tips, tutorial, guide, how to, vs, versus, compared to, comparison, alternatives, which is better, expensive, discount, deals, sale, affordable, cost, online, offline, marketplace, store, shop, retailer, where to buy, worst, quality, original, genuine, fake, replica, authentic, brand, manufacturer, company, product, amd product, sell amd, buy amd, cheap amd, best amd, amd review, where to buy amd, how to choose amd, top amd, amd guide, amd for sale, amd deals
2025-10-13 02:04:41,500 - INFO - Generated 50 niche-clue pairs for 'amd'.
2025-10-13 02:04:41,503 - INFO - Expanded 50 seed keywords to 218 variations
2025-10-13 02:04:41,504 - INFO - 🔧 Request Handler initialized - Success rate: 100.0%
2025-10-13 02:09:05,813 - INFO - Original clue keywords: flash drive, usb stick
2025-10-13 02:09:05,814 - INFO - Niche-focused seeds: flash drive amd, amd flash drive, flash drive cheap, cheap flash drive, flash drive best, best flash drive, flash drive latest, latest flash drive, flash drive review, review flash drive, flash drive price, price flash drive, flash drive sell, sell flash drive, flash drive buy, buy flash drive, flash drive recommendation, recommendation flash drive, flash drive tips, tips flash drive, flash drive tutorial, tutorial flash drive, flash drive guide, guide flash drive, flash drive how to, how to flash drive, flash drive vs, vs flash drive, flash drive versus, versus flash drive, flash drive compared to, compared to flash drive, flash drive comparison, comparison flash drive, flash drive alternatives, alternatives flash drive, flash drive which is better, which is better flash drive, flash drive expensive, expensive flash drive, flash drive discount, discount flash drive, flash drive deals, deals flash drive, flash drive sale, sale flash drive, flash drive affordable, affordable flash drive, flash drive cost, cost flash drive, flash drive online, online flash drive, flash drive offline, offline flash drive, flash drive marketplace, marketplace flash drive, flash drive store, store flash drive, flash drive shop, shop flash drive, flash drive retailer, retailer flash drive, flash drive where to buy, where to buy flash drive, flash drive worst, worst flash drive, flash drive quality, quality flash drive, flash drive original, original flash drive, flash drive genuine, genuine flash drive, flash drive fake, fake flash drive, flash drive replica, replica flash drive, flash drive authentic, authentic flash drive, flash drive brand, brand flash drive, flash drive manufacturer, manufacturer flash drive, flash drive company, company flash drive, flash drive product, product flash drive, flash drive amd product, amd product flash drive, flash drive sell amd, sell amd flash drive, flash drive buy amd, buy amd flash drive, flash drive cheap amd, cheap amd flash drive, flash drive best amd, best amd flash drive, flash drive amd review, amd review flash drive, flash drive where to buy amd, where to buy amd flash drive, flash drive how to choose amd, how to choose amd flash drive, flash drive top amd, top amd flash drive, flash drive amd guide, amd guide flash drive, flash drive amd for sale, amd for sale flash drive, flash drive amd deals, amd deals flash drive, usb stick amd, amd usb stick, usb stick cheap, cheap usb stick, usb stick best, best usb stick, usb stick latest, latest usb stick, usb stick review, review usb stick, usb stick price, price usb stick, usb stick sell, sell usb stick, usb stick buy, buy usb stick, usb stick recommendation, recommendation usb stick, usb stick tips, tips usb stick, usb stick tutorial, tutorial usb stick, usb stick guide, guide usb stick, usb stick how to, how to usb stick, usb stick vs, vs usb stick, usb stick versus, versus usb stick, usb stick compared to, compared to usb stick, usb stick comparison, comparison usb stick, usb stick alternatives, alternatives usb stick, usb stick which is better, which is better usb stick, usb stick expensive, expensive usb stick, usb stick discount, discount usb stick, usb stick deals, deals usb stick, usb stick sale, sale usb stick, usb stick affordable, affordable usb stick, usb stick cost, cost usb stick, usb stick online, online usb stick, usb stick offline, offline usb stick, usb stick marketplace, marketplace usb stick, usb stick store, store usb stick, usb stick shop, shop usb stick, usb stick retailer, retailer usb stick, usb stick where to buy, where to buy usb stick, usb stick worst, worst usb stick, usb stick quality, quality usb stick, usb stick original, original usb stick, usb stick genuine, genuine usb stick, usb stick fake, fake usb stick, usb stick replica, replica usb stick, usb stick authentic, authentic usb stick, usb stick brand, brand usb stick, usb stick manufacturer, manufacturer usb stick, usb stick company, company usb stick, usb stick product, product usb stick, usb stick amd product, amd product usb stick, usb stick sell amd, sell amd usb stick, usb stick buy amd, buy amd usb stick, usb stick cheap amd, cheap amd usb stick, usb stick best amd, best amd usb stick, usb stick amd review, amd review usb stick, usb stick where to buy amd, where to buy amd usb stick, usb stick how to choose amd, how to choose amd usb stick, usb stick top amd, top amd usb stick, usb stick amd guide, amd guide usb stick, usb stick amd for sale, amd for sale usb stick, usb stick amd deals, amd deals usb stick
2025-10-13 02:09:05,817 - INFO - Expanded 220 seed keywords to 385 variations
2025-10-13 02:09:05,817 - INFO - Language: en
2025-10-13 02:09:05,817 - INFO - Region: us
2025-10-13 02:11:16,214 - INFO - 🎯 After all filtering for 'amd': 120 relevant keywords
2025-10-13 02:11:16,447 - INFO - 🎯 Found 5 new keywords for niche 'amd': amd affordable flash drive, amd affordable usb stick, cheap alternatives flash drive, cheap alternatives usb stick, best authentic flash drive
2025-10-13 02:11:25,389 - INFO - ✅ Niche 'amd' process complete! 143 total keyword results.
2025-10-13 02:11:25,389 - INFO - ✅ Completed processing niche: 'amd'
2025-10-13 02:11:25,389 - INFO - 🔧 Request Handler final stats - Success rate: 100.0%
2025-10-13 02:11:25,389 - INFO -    Total requests: 24799, Blocks: 0
2025-10-13 02:11:25,390 - INFO - 
========================================
2025-10-13 02:11:25,390 - INFO - Process Summary:
2025-10-13 02:11:25,391 - INFO - - Current niche: 'amd'
2025-10-13 02:11:25,391 - INFO - - Next niche will be: 'canon'
2025-10-13 02:11:25,391 - INFO - - Keywords saved in: languages/english/keywords/amd/
2025-10-13 02:11:25,391 - INFO - ========================================
