2025-10-02 04:53:54,610 - INFO - Log file created at: /home/runner/work/potensitech.com/potensitech.com/languages/english/keywords/logs/kw_search_20251002_045354.log
2025-10-02 04:53:54,610 - INFO - ============================================================
2025-10-02 04:53:54,610 - INFO - AUTOMATIC KEYWORD RESEARCH TOOL
2025-10-02 04:53:54,610 - INFO - ============================================================
2025-10-02 04:53:54,774 - INFO - ========================================
2025-10-02 04:53:54,774 - INFO - Found 14 niches to process: xiaomi, iphone, samsung, apple, sony, asus, philips, sandisk, intel, nvidia, amd, canon, nikon, huawei
2025-10-02 04:53:54,774 - INFO - ========================================
2025-10-02 04:53:54,774 - INFO - All niches completed, starting over
2025-10-02 04:53:54,774 - INFO - ========================================
2025-10-02 04:53:54,774 - INFO - 🎯 PROCESSING NICHE 1/14: 'xiaomi'
2025-10-02 04:53:54,774 - INFO - ========================================
2025-10-02 04:53:54,774 - INFO - 📁 Niche directory: /home/runner/work/potensitech.com/potensitech.com/languages/english/keywords/xiaomi
2025-10-02 04:53:54,774 - INFO - Selected region: us
2025-10-02 04:53:54,774 - INFO - Selected language: en
2025-10-02 04:53:54,775 - INFO - 🎯 Current niche: xiaomi
2025-10-02 04:53:57,955 - INFO - 🎯 Niche terms for filtering: xiaomi, cheap, best, latest, review, price, sell, buy, recommendation, tips, tutorial, guide, how to, vs, versus, compared to, comparison, alternatives, which is better, expensive, discount, deals, sale, affordable, cost, online, offline, marketplace, store, shop, retailer, where to buy, worst, quality, original, genuine, fake, replica, authentic, brand, manufacturer, company, product, xiaomi product, sell xiaomi, buy xiaomi, cheap xiaomi, best xiaomi, xiaomi review, where to buy xiaomi, how to choose xiaomi, top xiaomi, xiaomi guide, xiaomi for sale, xiaomi deals
2025-10-02 04:53:57,956 - INFO - Generated 50 niche-clue pairs for 'xiaomi'.
2025-10-02 04:53:57,959 - INFO - Expanded 50 seed keywords to 218 variations
2025-10-02 04:53:57,959 - INFO - 🔧 Request Handler initialized - Success rate: 100.0%
2025-10-02 04:58:23,439 - INFO - Original clue keywords: image quality, camera lens
2025-10-02 04:58:23,439 - INFO - Niche-focused seeds: image quality, camera lens xiaomi, xiaomi camera lens, camera lens cheap, cheap camera lens, camera lens best, best camera lens, camera lens latest, latest camera lens, camera lens review, review camera lens, camera lens price, price camera lens, camera lens sell, sell camera lens, camera lens buy, buy camera lens, camera lens recommendation, recommendation camera lens, camera lens tips, tips camera lens, camera lens tutorial, tutorial camera lens, camera lens guide, guide camera lens, camera lens how to, how to camera lens, camera lens vs, vs camera lens, camera lens versus, versus camera lens, camera lens compared to, compared to camera lens, camera lens comparison, comparison camera lens, camera lens alternatives, alternatives camera lens, camera lens which is better, which is better camera lens, camera lens expensive, expensive camera lens, camera lens discount, discount camera lens, camera lens deals, deals camera lens, camera lens sale, sale camera lens, camera lens affordable, affordable camera lens, camera lens cost, cost camera lens, camera lens online, online camera lens, camera lens offline, offline camera lens, camera lens marketplace, marketplace camera lens, camera lens store, store camera lens, camera lens shop, shop camera lens, camera lens retailer, retailer camera lens, camera lens where to buy, where to buy camera lens, camera lens worst, worst camera lens, camera lens quality, quality camera lens, camera lens original, original camera lens, camera lens genuine, genuine camera lens, camera lens fake, fake camera lens, camera lens replica, replica camera lens, camera lens authentic, authentic camera lens, camera lens brand, brand camera lens, camera lens manufacturer, manufacturer camera lens, camera lens company, company camera lens, camera lens product, product camera lens, camera lens xiaomi product, xiaomi product camera lens, camera lens sell xiaomi, sell xiaomi camera lens, camera lens buy xiaomi, buy xiaomi camera lens, camera lens cheap xiaomi, cheap xiaomi camera lens, camera lens best xiaomi, best xiaomi camera lens, camera lens xiaomi review, xiaomi review camera lens, camera lens where to buy xiaomi, where to buy xiaomi camera lens, camera lens how to choose xiaomi, how to choose xiaomi camera lens, camera lens top xiaomi, top xiaomi camera lens, camera lens xiaomi guide, xiaomi guide camera lens, camera lens xiaomi for sale, xiaomi for sale camera lens, camera lens xiaomi deals, xiaomi deals camera lens
2025-10-02 04:58:23,442 - INFO - Expanded 111 seed keywords to 276 variations
2025-10-02 04:58:23,442 - INFO - Language: en
2025-10-02 04:58:23,443 - INFO - Region: us
2025-10-02 05:00:27,087 - INFO - 🎯 After all filtering for 'xiaomi': 119 relevant keywords
2025-10-02 05:00:27,106 - INFO - 🎯 Found 5 new keywords for niche 'xiaomi': xiaomi image quality, cheap image quality, best image quality, how to image quality, xiaomi affordable camera lens
2025-10-02 05:00:35,553 - INFO - ✅ Niche 'xiaomi' process complete! 76 total keyword results.
2025-10-02 05:00:35,553 - INFO - ✅ Completed processing niche: 'xiaomi'
2025-10-02 05:00:35,553 - INFO - 🔧 Request Handler final stats - Success rate: 100.0%
2025-10-02 05:00:35,553 - INFO -    Total requests: 16719, Blocks: 0
2025-10-02 05:00:35,554 - INFO - 
========================================
2025-10-02 05:00:35,555 - INFO - Process Summary:
2025-10-02 05:00:35,555 - INFO - - Current niche: 'xiaomi'
2025-10-02 05:00:35,555 - INFO - - Next niche will be: 'iphone'
2025-10-02 05:00:35,555 - INFO - - Keywords saved in: languages/english/keywords/xiaomi/
2025-10-02 05:00:35,555 - INFO - ========================================
