2025-09-26 03:11:35,286 - INFO - Log file created at: /home/runner/work/potensitech.com/potensitech.com/languages/english/keywords/logs/kw_search_20250926_031135.log
2025-09-26 03:11:35,287 - INFO - ============================================================
2025-09-26 03:11:35,287 - INFO - AUTOMATIC KEYWORD RESEARCH TOOL
2025-09-26 03:11:35,287 - INFO - ============================================================
2025-09-26 03:11:35,415 - INFO - ========================================
2025-09-26 03:11:35,415 - INFO - Found 14 niches to process: xiaomi, iphone, samsung, apple, sony, asus, philips, sandisk, intel, nvidia, amd, canon, nikon, huawei
2025-09-26 03:11:35,415 - INFO - ========================================
2025-09-26 03:11:35,415 - INFO - Continuing from last processed niche: intel
2025-09-26 03:11:35,415 - INFO - ========================================
2025-09-26 03:11:35,415 - INFO - 🎯 PROCESSING NICHE 10/14: 'nvidia'
2025-09-26 03:11:35,415 - INFO - ========================================
2025-09-26 03:11:35,415 - INFO - 📁 Niche directory: /home/runner/work/potensitech.com/potensitech.com/languages/english/keywords/nvidia
2025-09-26 03:11:35,415 - INFO - Selected region: us
2025-09-26 03:11:35,415 - INFO - Selected language: en
2025-09-26 03:11:35,416 - INFO - 🎯 Current niche: nvidia
2025-09-26 03:11:37,989 - INFO - 🎯 Niche terms for filtering: nvidia, cheap, best, latest, review, price, sell, buy, recommendation, tips, tutorial, guide, how to, vs, versus, compared to, comparison, alternatives, which is better, expensive, discount, deals, sale, affordable, cost, online, offline, marketplace, store, shop, retailer, where to buy, worst, quality, original, genuine, fake, replica, authentic, brand, manufacturer, company, product, nvidia product, sell nvidia, buy nvidia, cheap nvidia, best nvidia, nvidia review, where to buy nvidia, how to choose nvidia, top nvidia, nvidia guide, nvidia for sale, nvidia deals
2025-09-26 03:11:37,989 - INFO - Generated 50 niche-clue pairs for 'nvidia'.
2025-09-26 03:11:37,992 - INFO - Expanded 50 seed keywords to 218 variations
2025-09-26 03:11:37,992 - INFO - 🔧 Request Handler initialized - Success rate: 100.0%
2025-09-26 03:16:01,857 - INFO - Original clue keywords: camera quality, autofocus speed
2025-09-26 03:16:01,857 - INFO - Niche-focused seeds: camera quality, autofocus speed nvidia, nvidia autofocus speed, autofocus speed cheap, cheap autofocus speed, autofocus speed best, best autofocus speed, autofocus speed latest, latest autofocus speed, autofocus speed review, review autofocus speed, autofocus speed price, price autofocus speed, autofocus speed sell, sell autofocus speed, autofocus speed buy, buy autofocus speed, autofocus speed recommendation, recommendation autofocus speed, autofocus speed tips, tips autofocus speed, autofocus speed tutorial, tutorial autofocus speed, autofocus speed guide, guide autofocus speed, autofocus speed how to, how to autofocus speed, autofocus speed vs, vs autofocus speed, autofocus speed versus, versus autofocus speed, autofocus speed compared to, compared to autofocus speed, autofocus speed comparison, comparison autofocus speed, autofocus speed alternatives, alternatives autofocus speed, autofocus speed which is better, which is better autofocus speed, autofocus speed expensive, expensive autofocus speed, autofocus speed discount, discount autofocus speed, autofocus speed deals, deals autofocus speed, autofocus speed sale, sale autofocus speed, autofocus speed affordable, affordable autofocus speed, autofocus speed cost, cost autofocus speed, autofocus speed online, online autofocus speed, autofocus speed offline, offline autofocus speed, autofocus speed marketplace, marketplace autofocus speed, autofocus speed store, store autofocus speed, autofocus speed shop, shop autofocus speed, autofocus speed retailer, retailer autofocus speed, autofocus speed where to buy, where to buy autofocus speed, autofocus speed worst, worst autofocus speed, autofocus speed quality, quality autofocus speed, autofocus speed original, original autofocus speed, autofocus speed genuine, genuine autofocus speed, autofocus speed fake, fake autofocus speed, autofocus speed replica, replica autofocus speed, autofocus speed authentic, authentic autofocus speed, autofocus speed brand, brand autofocus speed, autofocus speed manufacturer, manufacturer autofocus speed, autofocus speed company, company autofocus speed, autofocus speed product, product autofocus speed, autofocus speed nvidia product, nvidia product autofocus speed, autofocus speed sell nvidia, sell nvidia autofocus speed, autofocus speed buy nvidia, buy nvidia autofocus speed, autofocus speed cheap nvidia, cheap nvidia autofocus speed, autofocus speed best nvidia, best nvidia autofocus speed, autofocus speed nvidia review, nvidia review autofocus speed, autofocus speed where to buy nvidia, where to buy nvidia autofocus speed, autofocus speed how to choose nvidia, how to choose nvidia autofocus speed, autofocus speed top nvidia, top nvidia autofocus speed, autofocus speed nvidia guide, nvidia guide autofocus speed, autofocus speed nvidia for sale, nvidia for sale autofocus speed, autofocus speed nvidia deals, nvidia deals autofocus speed
2025-09-26 03:16:01,860 - INFO - Expanded 111 seed keywords to 276 variations
2025-09-26 03:16:01,860 - INFO - Language: en
2025-09-26 03:16:01,860 - INFO - Region: us
2025-09-26 03:20:34,342 - INFO - 🎯 After all filtering for 'nvidia': 120 relevant keywords
2025-09-26 03:20:34,358 - INFO - 🎯 Found 5 new keywords for niche 'nvidia': nvidia camera quality, cheap camera quality, best camera quality, how to camera quality, nvidia affordable autofocus speed
2025-09-26 03:20:44,145 - INFO - ✅ Niche 'nvidia' process complete! 64 total keyword results.
2025-09-26 03:20:44,146 - INFO - ✅ Completed processing niche: 'nvidia'
2025-09-26 03:20:44,146 - INFO - 🔧 Request Handler final stats - Success rate: 100.0%
2025-09-26 03:20:44,146 - INFO -    Total requests: 12601, Blocks: 0
2025-09-26 03:20:44,147 - INFO - 
========================================
2025-09-26 03:20:44,147 - INFO - Process Summary:
2025-09-26 03:20:44,147 - INFO - - Current niche: 'nvidia'
2025-09-26 03:20:44,147 - INFO - - Next niche will be: 'amd'
2025-09-26 03:20:44,147 - INFO - - Keywords saved in: languages/english/keywords/nvidia/
2025-09-26 03:20:44,147 - INFO - ========================================
