2025-11-13 14:35:58,319 - INFO - Log file created at: /home/runner/work/potensitech.com/potensitech.com/languages/english/keywords/logs/kw_search_20251113_143558.log
2025-11-13 14:35:58,320 - INFO - ============================================================
2025-11-13 14:35:58,320 - INFO - AUTOMATIC KEYWORD RESEARCH TOOL
2025-11-13 14:35:58,320 - INFO - ============================================================
2025-11-13 14:35:58,610 - INFO - ========================================
2025-11-13 14:35:58,610 - INFO - Found 14 niches to process: xiaomi, iphone, samsung, apple, sony, asus, philips, sandisk, intel, nvidia, amd, canon, nikon, huawei
2025-11-13 14:35:58,610 - INFO - ========================================
2025-11-13 14:35:58,610 - INFO - Continuing from last processed niche: xiaomi
2025-11-13 14:35:58,610 - INFO - ========================================
2025-11-13 14:35:58,610 - INFO - 🎯 PROCESSING NICHE 2/14: 'iphone'
2025-11-13 14:35:58,610 - INFO - ========================================
2025-11-13 14:35:58,610 - INFO - 📁 Niche directory: /home/runner/work/potensitech.com/potensitech.com/languages/english/keywords/iphone
2025-11-13 14:35:58,610 - INFO - Selected region: us
2025-11-13 14:35:58,610 - INFO - Selected language: en
2025-11-13 14:35:58,610 - INFO - 🎯 Current niche: iphone
2025-11-13 14:36:01,890 - INFO - 🎯 Niche terms for filtering: iphone, cheap, best, latest, review, price, sell, buy, recommendation, tips, tutorial, guide, how to, vs, versus, compared to, comparison, alternatives, which is better, expensive, discount, deals, sale, affordable, cost, online, offline, marketplace, store, shop, retailer, where to buy, worst, quality, original, genuine, fake, replica, authentic, brand, manufacturer, company, product, iphone product, sell iphone, buy iphone, cheap iphone, best iphone, iphone review, where to buy iphone, how to choose iphone, top iphone, iphone guide, iphone for sale, iphone deals
2025-11-13 14:36:01,891 - INFO - Generated 50 niche-clue pairs for 'iphone'.
2025-11-13 14:36:01,894 - INFO - Expanded 50 seed keywords to 218 variations
2025-11-13 14:36:01,894 - INFO - 🔧 Request Handler initialized - Success rate: 100.0%
2025-11-13 14:40:25,327 - INFO - Original clue keywords: camera resolution, autofocus technology
2025-11-13 14:40:25,327 - INFO - Niche-focused seeds: camera resolution iphone, iphone camera resolution, camera resolution cheap, cheap camera resolution, camera resolution best, best camera resolution, camera resolution latest, latest camera resolution, camera resolution review, review camera resolution, camera resolution price, price camera resolution, camera resolution sell, sell camera resolution, camera resolution buy, buy camera resolution, camera resolution recommendation, recommendation camera resolution, camera resolution tips, tips camera resolution, camera resolution tutorial, tutorial camera resolution, camera resolution guide, guide camera resolution, camera resolution how to, how to camera resolution, camera resolution vs, vs camera resolution, camera resolution versus, versus camera resolution, camera resolution compared to, compared to camera resolution, camera resolution comparison, comparison camera resolution, camera resolution alternatives, alternatives camera resolution, camera resolution which is better, which is better camera resolution, camera resolution expensive, expensive camera resolution, camera resolution discount, discount camera resolution, camera resolution deals, deals camera resolution, camera resolution sale, sale camera resolution, camera resolution affordable, affordable camera resolution, camera resolution cost, cost camera resolution, camera resolution online, online camera resolution, camera resolution offline, offline camera resolution, camera resolution marketplace, marketplace camera resolution, camera resolution store, store camera resolution, camera resolution shop, shop camera resolution, camera resolution retailer, retailer camera resolution, camera resolution where to buy, where to buy camera resolution, camera resolution worst, worst camera resolution, camera resolution quality, quality camera resolution, camera resolution original, original camera resolution, camera resolution genuine, genuine camera resolution, camera resolution fake, fake camera resolution, camera resolution replica, replica camera resolution, camera resolution authentic, authentic camera resolution, camera resolution brand, brand camera resolution, camera resolution manufacturer, manufacturer camera resolution, camera resolution company, company camera resolution, camera resolution product, product camera resolution, camera resolution iphone product, iphone product camera resolution, camera resolution sell iphone, sell iphone camera resolution, camera resolution buy iphone, buy iphone camera resolution, camera resolution cheap iphone, cheap iphone camera resolution, camera resolution best iphone, best iphone camera resolution, camera resolution iphone review, iphone review camera resolution, camera resolution where to buy iphone, where to buy iphone camera resolution, camera resolution how to choose iphone, how to choose iphone camera resolution, camera resolution top iphone, top iphone camera resolution, camera resolution iphone guide, iphone guide camera resolution, camera resolution iphone for sale, iphone for sale camera resolution, camera resolution iphone deals, iphone deals camera resolution, autofocus technology iphone, iphone autofocus technology, autofocus technology cheap, cheap autofocus technology, autofocus technology best, best autofocus technology, autofocus technology latest, latest autofocus technology, autofocus technology review, review autofocus technology, autofocus technology price, price autofocus technology, autofocus technology sell, sell autofocus technology, autofocus technology buy, buy autofocus technology, autofocus technology recommendation, recommendation autofocus technology, autofocus technology tips, tips autofocus technology, autofocus technology tutorial, tutorial autofocus technology, autofocus technology guide, guide autofocus technology, autofocus technology how to, how to autofocus technology, autofocus technology vs, vs autofocus technology, autofocus technology versus, versus autofocus technology, autofocus technology compared to, compared to autofocus technology, autofocus technology comparison, comparison autofocus technology, autofocus technology alternatives, alternatives autofocus technology, autofocus technology which is better, which is better autofocus technology, autofocus technology expensive, expensive autofocus technology, autofocus technology discount, discount autofocus technology, autofocus technology deals, deals autofocus technology, autofocus technology sale, sale autofocus technology, autofocus technology affordable, affordable autofocus technology, autofocus technology cost, cost autofocus technology, autofocus technology online, online autofocus technology, autofocus technology offline, offline autofocus technology, autofocus technology marketplace, marketplace autofocus technology, autofocus technology store, store autofocus technology, autofocus technology shop, shop autofocus technology, autofocus technology retailer, retailer autofocus technology, autofocus technology where to buy, where to buy autofocus technology, autofocus technology worst, worst autofocus technology, autofocus technology quality, quality autofocus technology, autofocus technology original, original autofocus technology, autofocus technology genuine, genuine autofocus technology, autofocus technology fake, fake autofocus technology, autofocus technology replica, replica autofocus technology, autofocus technology authentic, authentic autofocus technology, autofocus technology brand, brand autofocus technology, autofocus technology manufacturer, manufacturer autofocus technology, autofocus technology company, company autofocus technology, autofocus technology product, product autofocus technology, autofocus technology iphone product, iphone product autofocus technology, autofocus technology sell iphone, sell iphone autofocus technology, autofocus technology buy iphone, buy iphone autofocus technology, autofocus technology cheap iphone, cheap iphone autofocus technology, autofocus technology best iphone, best iphone autofocus technology, autofocus technology iphone review, iphone review autofocus technology, autofocus technology where to buy iphone, where to buy iphone autofocus technology, autofocus technology how to choose iphone, how to choose iphone autofocus technology, autofocus technology top iphone, top iphone autofocus technology, autofocus technology iphone guide, iphone guide autofocus technology, autofocus technology iphone for sale, iphone for sale autofocus technology, autofocus technology iphone deals, iphone deals autofocus technology
2025-11-13 14:40:25,330 - INFO - Expanded 220 seed keywords to 385 variations
2025-11-13 14:40:25,330 - INFO - Language: en
2025-11-13 14:40:25,330 - INFO - Region: us
2025-11-13 14:44:03,236 - INFO - 🎯 After all filtering for 'iphone': 120 relevant keywords
2025-11-13 14:44:04,298 - INFO - 🎯 Found 4 new keywords for niche 'iphone': iphone affordable autofocus technology, iphone affordable camera resolution, cheap alternatives autofocus technology, best authentic autofocus technology
2025-11-13 14:44:20,356 - INFO - ✅ Niche 'iphone' process complete! 257 total keyword results.
2025-11-13 14:44:20,356 - INFO - ✅ Completed processing niche: 'iphone'
2025-11-13 14:44:20,356 - INFO - 🔧 Request Handler final stats - Success rate: 100.0%
2025-11-13 14:44:20,356 - INFO -    Total requests: 41843, Blocks: 0
2025-11-13 14:44:20,357 - INFO - 
========================================
2025-11-13 14:44:20,357 - INFO - Process Summary:
2025-11-13 14:44:20,357 - INFO - - Current niche: 'iphone'
2025-11-13 14:44:20,357 - INFO - - Next niche will be: 'samsung'
2025-11-13 14:44:20,358 - INFO - - Keywords saved in: languages/english/keywords/iphone/
2025-11-13 14:44:20,358 - INFO - ========================================
