2025-11-10 03:37:27,398 - INFO - Log file created at: /home/runner/work/potensitech.com/potensitech.com/languages/english/keywords/logs/kw_search_20251110_033727.log
2025-11-10 03:37:27,398 - INFO - ============================================================
2025-11-10 03:37:27,399 - INFO - AUTOMATIC KEYWORD RESEARCH TOOL
2025-11-10 03:37:27,399 - INFO - ============================================================
2025-11-10 03:37:27,587 - INFO - ========================================
2025-11-10 03:37:27,587 - INFO - Found 14 niches to process: xiaomi, iphone, samsung, apple, sony, asus, philips, sandisk, intel, nvidia, amd, canon, nikon, huawei
2025-11-10 03:37:27,587 - INFO - ========================================
2025-11-10 03:37:27,587 - INFO - Continuing from last processed niche: sandisk
2025-11-10 03:37:27,587 - INFO - ========================================
2025-11-10 03:37:27,587 - INFO - 🎯 PROCESSING NICHE 9/14: 'intel'
2025-11-10 03:37:27,587 - INFO - ========================================
2025-11-10 03:37:27,587 - INFO - 📁 Niche directory: /home/runner/work/potensitech.com/potensitech.com/languages/english/keywords/intel
2025-11-10 03:37:27,587 - INFO - Selected region: us
2025-11-10 03:37:27,587 - INFO - Selected language: en
2025-11-10 03:37:27,587 - INFO - 🎯 Current niche: intel
2025-11-10 03:37:31,652 - INFO - 🎯 Niche terms for filtering: intel, cheap, best, latest, review, price, sell, buy, recommendation, tips, tutorial, guide, how to, vs, versus, compared to, comparison, alternatives, which is better, expensive, discount, deals, sale, affordable, cost, online, offline, marketplace, store, shop, retailer, where to buy, worst, quality, original, genuine, fake, replica, authentic, brand, manufacturer, company, product, intel product, sell intel, buy intel, cheap intel, best intel, intel review, where to buy intel, how to choose intel, top intel, intel guide, intel for sale, intel deals
2025-11-10 03:37:31,653 - INFO - Generated 50 niche-clue pairs for 'intel'.
2025-11-10 03:37:31,656 - INFO - Expanded 50 seed keywords to 218 variations
2025-11-10 03:37:31,656 - INFO - 🔧 Request Handler initialized - Success rate: 100.0%
2025-11-10 03:41:57,195 - INFO - Original clue keywords: core efficiency, clock speed
2025-11-10 03:41:57,196 - INFO - Niche-focused seeds: core efficiency intel, intel core efficiency, core efficiency cheap, cheap core efficiency, core efficiency best, best core efficiency, core efficiency latest, latest core efficiency, core efficiency review, review core efficiency, core efficiency price, price core efficiency, core efficiency sell, sell core efficiency, core efficiency buy, buy core efficiency, core efficiency recommendation, recommendation core efficiency, core efficiency tips, tips core efficiency, core efficiency tutorial, tutorial core efficiency, core efficiency guide, guide core efficiency, core efficiency how to, how to core efficiency, core efficiency vs, vs core efficiency, core efficiency versus, versus core efficiency, core efficiency compared to, compared to core efficiency, core efficiency comparison, comparison core efficiency, core efficiency alternatives, alternatives core efficiency, core efficiency which is better, which is better core efficiency, core efficiency expensive, expensive core efficiency, core efficiency discount, discount core efficiency, core efficiency deals, deals core efficiency, core efficiency sale, sale core efficiency, core efficiency affordable, affordable core efficiency, core efficiency cost, cost core efficiency, core efficiency online, online core efficiency, core efficiency offline, offline core efficiency, core efficiency marketplace, marketplace core efficiency, core efficiency store, store core efficiency, core efficiency shop, shop core efficiency, core efficiency retailer, retailer core efficiency, core efficiency where to buy, where to buy core efficiency, core efficiency worst, worst core efficiency, core efficiency quality, quality core efficiency, core efficiency original, original core efficiency, core efficiency genuine, genuine core efficiency, core efficiency fake, fake core efficiency, core efficiency replica, replica core efficiency, core efficiency authentic, authentic core efficiency, core efficiency brand, brand core efficiency, core efficiency manufacturer, manufacturer core efficiency, core efficiency company, company core efficiency, core efficiency product, product core efficiency, core efficiency intel product, intel product core efficiency, core efficiency sell intel, sell intel core efficiency, core efficiency buy intel, buy intel core efficiency, core efficiency cheap intel, cheap intel core efficiency, core efficiency best intel, best intel core efficiency, core efficiency intel review, intel review core efficiency, core efficiency where to buy intel, where to buy intel core efficiency, core efficiency how to choose intel, how to choose intel core efficiency, core efficiency top intel, top intel core efficiency, core efficiency intel guide, intel guide core efficiency, core efficiency intel for sale, intel for sale core efficiency, core efficiency intel deals, intel deals core efficiency, clock speed intel, intel clock speed, clock speed cheap, cheap clock speed, clock speed best, best clock speed, clock speed latest, latest clock speed, clock speed review, review clock speed, clock speed price, price clock speed, clock speed sell, sell clock speed, clock speed buy, buy clock speed, clock speed recommendation, recommendation clock speed, clock speed tips, tips clock speed, clock speed tutorial, tutorial clock speed, clock speed guide, guide clock speed, clock speed how to, how to clock speed, clock speed vs, vs clock speed, clock speed versus, versus clock speed, clock speed compared to, compared to clock speed, clock speed comparison, comparison clock speed, clock speed alternatives, alternatives clock speed, clock speed which is better, which is better clock speed, clock speed expensive, expensive clock speed, clock speed discount, discount clock speed, clock speed deals, deals clock speed, clock speed sale, sale clock speed, clock speed affordable, affordable clock speed, clock speed cost, cost clock speed, clock speed online, online clock speed, clock speed offline, offline clock speed, clock speed marketplace, marketplace clock speed, clock speed store, store clock speed, clock speed shop, shop clock speed, clock speed retailer, retailer clock speed, clock speed where to buy, where to buy clock speed, clock speed worst, worst clock speed, clock speed quality, quality clock speed, clock speed original, original clock speed, clock speed genuine, genuine clock speed, clock speed fake, fake clock speed, clock speed replica, replica clock speed, clock speed authentic, authentic clock speed, clock speed brand, brand clock speed, clock speed manufacturer, manufacturer clock speed, clock speed company, company clock speed, clock speed product, product clock speed, clock speed intel product, intel product clock speed, clock speed sell intel, sell intel clock speed, clock speed buy intel, buy intel clock speed, clock speed cheap intel, cheap intel clock speed, clock speed best intel, best intel clock speed, clock speed intel review, intel review clock speed, clock speed where to buy intel, where to buy intel clock speed, clock speed how to choose intel, how to choose intel clock speed, clock speed top intel, top intel clock speed, clock speed intel guide, intel guide clock speed, clock speed intel for sale, intel for sale clock speed, clock speed intel deals, intel deals clock speed
2025-11-10 03:41:57,199 - INFO - Expanded 220 seed keywords to 385 variations
2025-11-10 03:41:57,199 - INFO - Language: en
2025-11-10 03:41:57,199 - INFO - Region: us
2025-11-10 03:46:29,723 - INFO - 🎯 After all filtering for 'intel': 120 relevant keywords
2025-11-10 03:46:30,167 - INFO - 🎯 Found 5 new keywords for niche 'intel': intel affordable clock speed, intel affordable core efficiency, cheap alternatives clock speed, cheap alternatives core efficiency, best authentic clock speed
2025-11-10 03:46:38,574 - INFO - ✅ Niche 'intel' process complete! 246 total keyword results.
2025-11-10 03:46:38,574 - INFO - ✅ Completed processing niche: 'intel'
2025-11-10 03:46:38,574 - INFO - 🔧 Request Handler final stats - Success rate: 100.0%
2025-11-10 03:46:38,575 - INFO -    Total requests: 39441, Blocks: 0
2025-11-10 03:46:38,576 - INFO - 
========================================
2025-11-10 03:46:38,576 - INFO - Process Summary:
2025-11-10 03:46:38,576 - INFO - - Current niche: 'intel'
2025-11-10 03:46:38,576 - INFO - - Next niche will be: 'nvidia'
2025-11-10 03:46:38,576 - INFO - - Keywords saved in: languages/english/keywords/intel/
2025-11-10 03:46:38,576 - INFO - ========================================
