2025-10-07 21:43:38,761 - INFO - Log file created at: /home/runner/work/potensitech.com/potensitech.com/languages/english/keywords/logs/kw_search_20251007_214338.log
2025-10-07 21:43:38,761 - INFO - ============================================================
2025-10-07 21:43:38,762 - INFO - AUTOMATIC KEYWORD RESEARCH TOOL
2025-10-07 21:43:38,762 - INFO - ============================================================
2025-10-07 21:43:38,967 - INFO - ========================================
2025-10-07 21:43:38,967 - INFO - Found 14 niches to process: xiaomi, iphone, samsung, apple, sony, asus, philips, sandisk, intel, nvidia, amd, canon, nikon, huawei
2025-10-07 21:43:38,967 - INFO - ========================================
2025-10-07 21:43:38,967 - INFO - Continuing from last processed niche: xiaomi
2025-10-07 21:43:38,967 - INFO - ========================================
2025-10-07 21:43:38,967 - INFO - 🎯 PROCESSING NICHE 2/14: 'iphone'
2025-10-07 21:43:38,967 - INFO - ========================================
2025-10-07 21:43:38,967 - INFO - 📁 Niche directory: /home/runner/work/potensitech.com/potensitech.com/languages/english/keywords/iphone
2025-10-07 21:43:38,967 - INFO - Selected region: us
2025-10-07 21:43:38,967 - INFO - Selected language: en
2025-10-07 21:43:38,968 - INFO - 🎯 Current niche: iphone
2025-10-07 21:43:44,189 - INFO - 🎯 Niche terms for filtering: iphone, cheap, best, latest, review, price, sell, buy, recommendation, tips, tutorial, guide, how to, vs, versus, compared to, comparison, alternatives, which is better, expensive, discount, deals, sale, affordable, cost, online, offline, marketplace, store, shop, retailer, where to buy, worst, quality, original, genuine, fake, replica, authentic, brand, manufacturer, company, product, iphone product, sell iphone, buy iphone, cheap iphone, best iphone, iphone review, where to buy iphone, how to choose iphone, top iphone, iphone guide, iphone for sale, iphone deals
2025-10-07 21:43:44,189 - INFO - Generated 50 niche-clue pairs for 'iphone'.
2025-10-07 21:43:44,192 - INFO - Expanded 50 seed keywords to 218 variations
2025-10-07 21:43:44,193 - INFO - 🔧 Request Handler initialized - Success rate: 100.0%
2025-10-07 21:48:10,814 - INFO - Original clue keywords: dslr quality, smart-lighting
2025-10-07 21:48:10,814 - INFO - Niche-focused seeds: dslr quality, smart-lighting iphone, iphone smart-lighting, smart-lighting cheap, cheap smart-lighting, smart-lighting best, best smart-lighting, smart-lighting latest, latest smart-lighting, smart-lighting review, review smart-lighting, smart-lighting price, price smart-lighting, smart-lighting sell, sell smart-lighting, smart-lighting buy, buy smart-lighting, smart-lighting recommendation, recommendation smart-lighting, smart-lighting tips, tips smart-lighting, smart-lighting tutorial, tutorial smart-lighting, smart-lighting guide, guide smart-lighting, smart-lighting how to, how to smart-lighting, smart-lighting vs, vs smart-lighting, smart-lighting versus, versus smart-lighting, smart-lighting compared to, compared to smart-lighting, smart-lighting comparison, comparison smart-lighting, smart-lighting alternatives, alternatives smart-lighting, smart-lighting which is better, which is better smart-lighting, smart-lighting expensive, expensive smart-lighting, smart-lighting discount, discount smart-lighting, smart-lighting deals, deals smart-lighting, smart-lighting sale, sale smart-lighting, smart-lighting affordable, affordable smart-lighting, smart-lighting cost, cost smart-lighting, smart-lighting online, online smart-lighting, smart-lighting offline, offline smart-lighting, smart-lighting marketplace, marketplace smart-lighting, smart-lighting store, store smart-lighting, smart-lighting shop, shop smart-lighting, smart-lighting retailer, retailer smart-lighting, smart-lighting where to buy, where to buy smart-lighting, smart-lighting worst, worst smart-lighting, smart-lighting quality, quality smart-lighting, smart-lighting original, original smart-lighting, smart-lighting genuine, genuine smart-lighting, smart-lighting fake, fake smart-lighting, smart-lighting replica, replica smart-lighting, smart-lighting authentic, authentic smart-lighting, smart-lighting brand, brand smart-lighting, smart-lighting manufacturer, manufacturer smart-lighting, smart-lighting company, company smart-lighting, smart-lighting product, product smart-lighting, smart-lighting iphone product, iphone product smart-lighting, smart-lighting sell iphone, sell iphone smart-lighting, smart-lighting buy iphone, buy iphone smart-lighting, smart-lighting cheap iphone, cheap iphone smart-lighting, smart-lighting best iphone, best iphone smart-lighting, smart-lighting iphone review, iphone review smart-lighting, smart-lighting where to buy iphone, where to buy iphone smart-lighting, smart-lighting how to choose iphone, how to choose iphone smart-lighting, smart-lighting top iphone, top iphone smart-lighting, smart-lighting iphone guide, iphone guide smart-lighting, smart-lighting iphone for sale, iphone for sale smart-lighting, smart-lighting iphone deals, iphone deals smart-lighting
2025-10-07 21:48:10,817 - INFO - Expanded 111 seed keywords to 276 variations
2025-10-07 21:48:10,817 - INFO - Language: en
2025-10-07 21:48:10,817 - INFO - Region: us
2025-10-07 21:52:21,734 - INFO - 🎯 After all filtering for 'iphone': 120 relevant keywords
2025-10-07 21:52:21,789 - INFO - 🎯 Found 5 new keywords for niche 'iphone': iphone affordable smart-lighting, cheap affordable smart-lighting, best affordable smart-lighting, iphone alternatives smart-lighting, cheap alternatives smart-lighting
2025-10-07 21:52:33,294 - INFO - ✅ Niche 'iphone' process complete! 142 total keyword results.
2025-10-07 21:52:33,294 - INFO - ✅ Completed processing niche: 'iphone'
2025-10-07 21:52:33,294 - INFO - 🔧 Request Handler final stats - Success rate: 100.0%
2025-10-07 21:52:33,294 - INFO -    Total requests: 21166, Blocks: 0
2025-10-07 21:52:33,295 - INFO - 
========================================
2025-10-07 21:52:33,296 - INFO - Process Summary:
2025-10-07 21:52:33,296 - INFO - - Current niche: 'iphone'
2025-10-07 21:52:33,296 - INFO - - Next niche will be: 'samsung'
2025-10-07 21:52:33,296 - INFO - - Keywords saved in: languages/english/keywords/iphone/
2025-10-07 21:52:33,296 - INFO - ========================================
