2025-11-14 03:32:19,604 - INFO - Log file created at: /home/runner/work/potensitech.com/potensitech.com/languages/english/keywords/logs/kw_search_20251114_033219.log
2025-11-14 03:32:19,605 - INFO - ============================================================
2025-11-14 03:32:19,605 - INFO - AUTOMATIC KEYWORD RESEARCH TOOL
2025-11-14 03:32:19,605 - INFO - ============================================================
2025-11-14 03:32:19,810 - INFO - ========================================
2025-11-14 03:32:19,810 - INFO - Found 14 niches to process: xiaomi, iphone, samsung, apple, sony, asus, philips, sandisk, intel, nvidia, amd, canon, nikon, huawei
2025-11-14 03:32:19,810 - INFO - ========================================
2025-11-14 03:32:19,810 - INFO - Continuing from last processed niche: asus
2025-11-14 03:32:19,810 - INFO - ========================================
2025-11-14 03:32:19,810 - INFO - 🎯 PROCESSING NICHE 7/14: 'philips'
2025-11-14 03:32:19,811 - INFO - ========================================
2025-11-14 03:32:19,811 - INFO - 📁 Niche directory: /home/runner/work/potensitech.com/potensitech.com/languages/english/keywords/philips
2025-11-14 03:32:19,811 - INFO - Selected region: us
2025-11-14 03:32:19,811 - INFO - Selected language: en
2025-11-14 03:32:19,811 - INFO - 🎯 Current niche: philips
2025-11-14 03:32:22,528 - INFO - 🎯 Niche terms for filtering: philips, cheap, best, latest, review, price, sell, buy, recommendation, tips, tutorial, guide, how to, vs, versus, compared to, comparison, alternatives, which is better, expensive, discount, deals, sale, affordable, cost, online, offline, marketplace, store, shop, retailer, where to buy, worst, quality, original, genuine, fake, replica, authentic, brand, manufacturer, company, product, philips product, sell philips, buy philips, cheap philips, best philips, philips review, where to buy philips, how to choose philips, top philips, philips guide, philips for sale, philips deals
2025-11-14 03:32:22,529 - INFO - Generated 50 niche-clue pairs for 'philips'.
2025-11-14 03:32:22,531 - INFO - Expanded 50 seed keywords to 218 variations
2025-11-14 03:32:22,532 - INFO - 🔧 Request Handler initialized - Success rate: 100.0%
2025-11-14 03:36:48,482 - INFO - Original clue keywords: camera resolution, autofocus technology
2025-11-14 03:36:48,482 - INFO - Niche-focused seeds: camera resolution philips, philips camera resolution, camera resolution cheap, cheap camera resolution, camera resolution best, best camera resolution, camera resolution latest, latest camera resolution, camera resolution review, review camera resolution, camera resolution price, price camera resolution, camera resolution sell, sell camera resolution, camera resolution buy, buy camera resolution, camera resolution recommendation, recommendation camera resolution, camera resolution tips, tips camera resolution, camera resolution tutorial, tutorial camera resolution, camera resolution guide, guide camera resolution, camera resolution how to, how to camera resolution, camera resolution vs, vs camera resolution, camera resolution versus, versus camera resolution, camera resolution compared to, compared to camera resolution, camera resolution comparison, comparison camera resolution, camera resolution alternatives, alternatives camera resolution, camera resolution which is better, which is better camera resolution, camera resolution expensive, expensive camera resolution, camera resolution discount, discount camera resolution, camera resolution deals, deals camera resolution, camera resolution sale, sale camera resolution, camera resolution affordable, affordable camera resolution, camera resolution cost, cost camera resolution, camera resolution online, online camera resolution, camera resolution offline, offline camera resolution, camera resolution marketplace, marketplace camera resolution, camera resolution store, store camera resolution, camera resolution shop, shop camera resolution, camera resolution retailer, retailer camera resolution, camera resolution where to buy, where to buy camera resolution, camera resolution worst, worst camera resolution, camera resolution quality, quality camera resolution, camera resolution original, original camera resolution, camera resolution genuine, genuine camera resolution, camera resolution fake, fake camera resolution, camera resolution replica, replica camera resolution, camera resolution authentic, authentic camera resolution, camera resolution brand, brand camera resolution, camera resolution manufacturer, manufacturer camera resolution, camera resolution company, company camera resolution, camera resolution product, product camera resolution, camera resolution philips product, philips product camera resolution, camera resolution sell philips, sell philips camera resolution, camera resolution buy philips, buy philips camera resolution, camera resolution cheap philips, cheap philips camera resolution, camera resolution best philips, best philips camera resolution, camera resolution philips review, philips review camera resolution, camera resolution where to buy philips, where to buy philips camera resolution, camera resolution how to choose philips, how to choose philips camera resolution, camera resolution top philips, top philips camera resolution, camera resolution philips guide, philips guide camera resolution, camera resolution philips for sale, philips for sale camera resolution, camera resolution philips deals, philips deals camera resolution, autofocus technology philips, philips autofocus technology, autofocus technology cheap, cheap autofocus technology, autofocus technology best, best autofocus technology, autofocus technology latest, latest autofocus technology, autofocus technology review, review autofocus technology, autofocus technology price, price autofocus technology, autofocus technology sell, sell autofocus technology, autofocus technology buy, buy autofocus technology, autofocus technology recommendation, recommendation autofocus technology, autofocus technology tips, tips autofocus technology, autofocus technology tutorial, tutorial autofocus technology, autofocus technology guide, guide autofocus technology, autofocus technology how to, how to autofocus technology, autofocus technology vs, vs autofocus technology, autofocus technology versus, versus autofocus technology, autofocus technology compared to, compared to autofocus technology, autofocus technology comparison, comparison autofocus technology, autofocus technology alternatives, alternatives autofocus technology, autofocus technology which is better, which is better autofocus technology, autofocus technology expensive, expensive autofocus technology, autofocus technology discount, discount autofocus technology, autofocus technology deals, deals autofocus technology, autofocus technology sale, sale autofocus technology, autofocus technology affordable, affordable autofocus technology, autofocus technology cost, cost autofocus technology, autofocus technology online, online autofocus technology, autofocus technology offline, offline autofocus technology, autofocus technology marketplace, marketplace autofocus technology, autofocus technology store, store autofocus technology, autofocus technology shop, shop autofocus technology, autofocus technology retailer, retailer autofocus technology, autofocus technology where to buy, where to buy autofocus technology, autofocus technology worst, worst autofocus technology, autofocus technology quality, quality autofocus technology, autofocus technology original, original autofocus technology, autofocus technology genuine, genuine autofocus technology, autofocus technology fake, fake autofocus technology, autofocus technology replica, replica autofocus technology, autofocus technology authentic, authentic autofocus technology, autofocus technology brand, brand autofocus technology, autofocus technology manufacturer, manufacturer autofocus technology, autofocus technology company, company autofocus technology, autofocus technology product, product autofocus technology, autofocus technology philips product, philips product autofocus technology, autofocus technology sell philips, sell philips autofocus technology, autofocus technology buy philips, buy philips autofocus technology, autofocus technology cheap philips, cheap philips autofocus technology, autofocus technology best philips, best philips autofocus technology, autofocus technology philips review, philips review autofocus technology, autofocus technology where to buy philips, where to buy philips autofocus technology, autofocus technology how to choose philips, how to choose philips autofocus technology, autofocus technology top philips, top philips autofocus technology, autofocus technology philips guide, philips guide autofocus technology, autofocus technology philips for sale, philips for sale autofocus technology, autofocus technology philips deals, philips deals autofocus technology
2025-11-14 03:36:48,486 - INFO - Expanded 220 seed keywords to 385 variations
2025-11-14 03:36:48,486 - INFO - Language: en
2025-11-14 03:36:48,486 - INFO - Region: us
2025-11-14 03:40:26,188 - INFO - 🎯 After all filtering for 'philips': 120 relevant keywords
2025-11-14 03:40:26,578 - INFO - 🎯 Found 4 new keywords for niche 'philips': philips affordable autofocus technology, philips affordable camera resolution, cheap alternatives camera resolution, best authentic camera resolution
2025-11-14 03:40:36,176 - INFO - ✅ Niche 'philips' process complete! 210 total keyword results.
2025-11-14 03:40:36,176 - INFO - ✅ Completed processing niche: 'philips'
2025-11-14 03:40:36,176 - INFO - 🔧 Request Handler final stats - Success rate: 100.0%
2025-11-14 03:40:36,176 - INFO -    Total requests: 42243, Blocks: 0
2025-11-14 03:40:36,177 - INFO - 
========================================
2025-11-14 03:40:36,177 - INFO - Process Summary:
2025-11-14 03:40:36,177 - INFO - - Current niche: 'philips'
2025-11-14 03:40:36,178 - INFO - - Next niche will be: 'sandisk'
2025-11-14 03:40:36,178 - INFO - - Keywords saved in: languages/english/keywords/philips/
2025-11-14 03:40:36,178 - INFO - ========================================
