2025-09-20 14:31:31,981 - INFO - Log file created at: /home/runner/work/potensitech.com/potensitech.com/languages/english/keywords/logs/kw_search_20250920_143131.log
2025-09-20 14:31:31,981 - INFO - ============================================================
2025-09-20 14:31:31,981 - INFO - AUTOMATIC KEYWORD RESEARCH TOOL
2025-09-20 14:31:31,981 - INFO - ============================================================
2025-09-20 14:31:32,084 - INFO - ========================================
2025-09-20 14:31:32,084 - INFO - Found 14 niches to process: xiaomi, iphone, samsung, apple, sony, asus, philips, sandisk, intel, nvidia, amd, canon, nikon, huawei
2025-09-20 14:31:32,084 - INFO - ========================================
2025-09-20 14:31:32,084 - INFO - Continuing from last processed niche: nvidia
2025-09-20 14:31:32,084 - INFO - ========================================
2025-09-20 14:31:32,084 - INFO - 🎯 PROCESSING NICHE 11/14: 'amd'
2025-09-20 14:31:32,084 - INFO - ========================================
2025-09-20 14:31:32,084 - INFO - 📁 Niche directory: /home/runner/work/potensitech.com/potensitech.com/languages/english/keywords/amd
2025-09-20 14:31:32,084 - INFO - Selected region: us
2025-09-20 14:31:32,084 - INFO - Selected language: en
2025-09-20 14:31:32,084 - INFO - 🎯 Current niche: amd
2025-09-20 14:31:41,665 - INFO - 🎯 Niche terms for filtering: amd, cheap, best, latest, review, price, sell, buy, recommendation, tips, tutorial, guide, how to, vs, versus, compared to, comparison, alternatives, which is better, expensive, discount, deals, sale, affordable, cost, online, offline, marketplace, store, shop, retailer, where to buy, worst, quality, original, genuine, fake, replica, authentic, brand, manufacturer, company, product, amd product, sell amd, buy amd, cheap amd, best amd, amd review, where to buy amd, how to choose amd, top amd, amd guide, amd for sale, amd deals
2025-09-20 14:31:41,665 - INFO - Generated 50 niche-clue pairs for 'amd'.
2025-09-20 14:31:41,668 - INFO - Expanded 50 seed keywords to 218 variations
2025-09-20 14:31:41,669 - INFO - 🔧 Request Handler initialized - Success rate: 100.0%
2025-09-20 14:36:07,204 - INFO - Original clue keywords: processor speed, core count
2025-09-20 14:36:07,204 - INFO - Niche-focused seeds: processor speed amd, amd processor speed, processor speed cheap, cheap processor speed, processor speed best, best processor speed, processor speed latest, latest processor speed, processor speed review, review processor speed, processor speed price, price processor speed, processor speed sell, sell processor speed, processor speed buy, buy processor speed, processor speed recommendation, recommendation processor speed, processor speed tips, tips processor speed, processor speed tutorial, tutorial processor speed, processor speed guide, guide processor speed, processor speed how to, how to processor speed, processor speed vs, vs processor speed, processor speed versus, versus processor speed, processor speed compared to, compared to processor speed, processor speed comparison, comparison processor speed, processor speed alternatives, alternatives processor speed, processor speed which is better, which is better processor speed, processor speed expensive, expensive processor speed, processor speed discount, discount processor speed, processor speed deals, deals processor speed, processor speed sale, sale processor speed, processor speed affordable, affordable processor speed, processor speed cost, cost processor speed, processor speed online, online processor speed, processor speed offline, offline processor speed, processor speed marketplace, marketplace processor speed, processor speed store, store processor speed, processor speed shop, shop processor speed, processor speed retailer, retailer processor speed, processor speed where to buy, where to buy processor speed, processor speed worst, worst processor speed, processor speed quality, quality processor speed, processor speed original, original processor speed, processor speed genuine, genuine processor speed, processor speed fake, fake processor speed, processor speed replica, replica processor speed, processor speed authentic, authentic processor speed, processor speed brand, brand processor speed, processor speed manufacturer, manufacturer processor speed, processor speed company, company processor speed, processor speed product, product processor speed, processor speed amd product, amd product processor speed, processor speed sell amd, sell amd processor speed, processor speed buy amd, buy amd processor speed, processor speed cheap amd, cheap amd processor speed, processor speed best amd, best amd processor speed, processor speed amd review, amd review processor speed, processor speed where to buy amd, where to buy amd processor speed, processor speed how to choose amd, how to choose amd processor speed, processor speed top amd, top amd processor speed, processor speed amd guide, amd guide processor speed, processor speed amd for sale, amd for sale processor speed, processor speed amd deals, amd deals processor speed, core count amd, amd core count, core count cheap, cheap core count, core count best, best core count, core count latest, latest core count, core count review, review core count, core count price, price core count, core count sell, sell core count, core count buy, buy core count, core count recommendation, recommendation core count, core count tips, tips core count, core count tutorial, tutorial core count, core count guide, guide core count, core count how to, how to core count, core count vs, vs core count, core count versus, versus core count, core count compared to, compared to core count, core count comparison, comparison core count, core count alternatives, alternatives core count, core count which is better, which is better core count, core count expensive, expensive core count, core count discount, discount core count, core count deals, deals core count, core count sale, sale core count, core count affordable, affordable core count, core count cost, cost core count, core count online, online core count, core count offline, offline core count, core count marketplace, marketplace core count, core count store, store core count, core count shop, shop core count, core count retailer, retailer core count, core count where to buy, where to buy core count, core count worst, worst core count, core count quality, quality core count, core count original, original core count, core count genuine, genuine core count, core count fake, fake core count, core count replica, replica core count, core count authentic, authentic core count, core count brand, brand core count, core count manufacturer, manufacturer core count, core count company, company core count, core count product, product core count, core count amd product, amd product core count, core count sell amd, sell amd core count, core count buy amd, buy amd core count, core count cheap amd, cheap amd core count, core count best amd, best amd core count, core count amd review, amd review core count, core count where to buy amd, where to buy amd core count, core count how to choose amd, how to choose amd core count, core count top amd, top amd core count, core count amd guide, amd guide core count, core count amd for sale, amd for sale core count, core count amd deals, amd deals core count
2025-09-20 14:36:07,208 - INFO - Expanded 220 seed keywords to 385 variations
2025-09-20 14:36:07,208 - INFO - Language: en
2025-09-20 14:36:07,208 - INFO - Region: us
2025-09-20 14:38:32,552 - INFO - 🎯 After all filtering for 'amd': 120 relevant keywords
2025-09-20 14:38:32,599 - INFO - 🎯 Found 5 new keywords for niche 'amd': amd affordable core count, amd affordable processor speed, cheap alternatives core count, cheap alternatives processor speed, best authentic core count
2025-09-20 14:40:29,260 - INFO - ✅ Niche 'amd' process complete! 39 total keyword results.
2025-09-20 14:40:29,260 - INFO - ✅ Completed processing niche: 'amd'
2025-09-20 14:40:29,260 - INFO - 🔧 Request Handler final stats - Success rate: 100.0%
2025-09-20 14:40:29,260 - INFO -    Total requests: 8108, Blocks: 0
2025-09-20 14:40:29,261 - INFO - 
========================================
2025-09-20 14:40:29,262 - INFO - Process Summary:
2025-09-20 14:40:29,262 - INFO - - Current niche: 'amd'
2025-09-20 14:40:29,262 - INFO - - Next niche will be: 'canon'
2025-09-20 14:40:29,262 - INFO - - Keywords saved in: languages/english/keywords/amd/
2025-09-20 14:40:29,262 - INFO - ========================================
