2025-10-17 14:37:42,081 - INFO - Log file created at: /home/runner/work/potensitech.com/potensitech.com/languages/english/keywords/logs/kw_search_20251017_143742.log
2025-10-17 14:37:42,082 - INFO - ============================================================
2025-10-17 14:37:42,082 - INFO - AUTOMATIC KEYWORD RESEARCH TOOL
2025-10-17 14:37:42,082 - INFO - ============================================================
2025-10-17 14:37:42,304 - INFO - ========================================
2025-10-17 14:37:42,304 - INFO - Found 14 niches to process: xiaomi, iphone, samsung, apple, sony, asus, philips, sandisk, intel, nvidia, amd, canon, nikon, huawei
2025-10-17 14:37:42,304 - INFO - ========================================
2025-10-17 14:37:42,305 - INFO - All niches completed, starting over
2025-10-17 14:37:42,305 - INFO - ========================================
2025-10-17 14:37:42,305 - INFO - 🎯 PROCESSING NICHE 1/14: 'xiaomi'
2025-10-17 14:37:42,305 - INFO - ========================================
2025-10-17 14:37:42,305 - INFO - 📁 Niche directory: /home/runner/work/potensitech.com/potensitech.com/languages/english/keywords/xiaomi
2025-10-17 14:37:42,305 - INFO - Selected region: us
2025-10-17 14:37:42,305 - INFO - Selected language: en
2025-10-17 14:37:42,305 - INFO - 🎯 Current niche: xiaomi
2025-10-17 14:37:47,943 - INFO - 🎯 Niche terms for filtering: xiaomi, cheap, best, latest, review, price, sell, buy, recommendation, tips, tutorial, guide, how to, vs, versus, compared to, comparison, alternatives, which is better, expensive, discount, deals, sale, affordable, cost, online, offline, marketplace, store, shop, retailer, where to buy, worst, quality, original, genuine, fake, replica, authentic, brand, manufacturer, company, product, xiaomi product, sell xiaomi, buy xiaomi, cheap xiaomi, best xiaomi, xiaomi review, where to buy xiaomi, how to choose xiaomi, top xiaomi, xiaomi guide, xiaomi for sale, xiaomi deals
2025-10-17 14:37:47,943 - INFO - Generated 50 niche-clue pairs for 'xiaomi'.
2025-10-17 14:37:47,946 - INFO - Expanded 50 seed keywords to 218 variations
2025-10-17 14:37:47,947 - INFO - 🔧 Request Handler initialized - Success rate: 100.0%
2025-10-17 14:42:09,753 - INFO - Original clue keywords: dslr photography, mirrorless technology
2025-10-17 14:42:09,753 - INFO - Niche-focused seeds: dslr photography xiaomi, xiaomi dslr photography, dslr photography cheap, cheap dslr photography, dslr photography best, best dslr photography, dslr photography latest, latest dslr photography, dslr photography review, review dslr photography, dslr photography price, price dslr photography, dslr photography sell, sell dslr photography, dslr photography buy, buy dslr photography, dslr photography recommendation, recommendation dslr photography, dslr photography tips, tips dslr photography, dslr photography tutorial, tutorial dslr photography, dslr photography guide, guide dslr photography, dslr photography how to, how to dslr photography, dslr photography vs, vs dslr photography, dslr photography versus, versus dslr photography, dslr photography compared to, compared to dslr photography, dslr photography comparison, comparison dslr photography, dslr photography alternatives, alternatives dslr photography, dslr photography which is better, which is better dslr photography, dslr photography expensive, expensive dslr photography, dslr photography discount, discount dslr photography, dslr photography deals, deals dslr photography, dslr photography sale, sale dslr photography, dslr photography affordable, affordable dslr photography, dslr photography cost, cost dslr photography, dslr photography online, online dslr photography, dslr photography offline, offline dslr photography, dslr photography marketplace, marketplace dslr photography, dslr photography store, store dslr photography, dslr photography shop, shop dslr photography, dslr photography retailer, retailer dslr photography, dslr photography where to buy, where to buy dslr photography, dslr photography worst, worst dslr photography, dslr photography quality, quality dslr photography, dslr photography original, original dslr photography, dslr photography genuine, genuine dslr photography, dslr photography fake, fake dslr photography, dslr photography replica, replica dslr photography, dslr photography authentic, authentic dslr photography, dslr photography brand, brand dslr photography, dslr photography manufacturer, manufacturer dslr photography, dslr photography company, company dslr photography, dslr photography product, product dslr photography, dslr photography xiaomi product, xiaomi product dslr photography, dslr photography sell xiaomi, sell xiaomi dslr photography, dslr photography buy xiaomi, buy xiaomi dslr photography, dslr photography cheap xiaomi, cheap xiaomi dslr photography, dslr photography best xiaomi, best xiaomi dslr photography, dslr photography xiaomi review, xiaomi review dslr photography, dslr photography where to buy xiaomi, where to buy xiaomi dslr photography, dslr photography how to choose xiaomi, how to choose xiaomi dslr photography, dslr photography top xiaomi, top xiaomi dslr photography, dslr photography xiaomi guide, xiaomi guide dslr photography, dslr photography xiaomi for sale, xiaomi for sale dslr photography, dslr photography xiaomi deals, xiaomi deals dslr photography, mirrorless technology xiaomi, xiaomi mirrorless technology, mirrorless technology cheap, cheap mirrorless technology, mirrorless technology best, best mirrorless technology, mirrorless technology latest, latest mirrorless technology, mirrorless technology review, review mirrorless technology, mirrorless technology price, price mirrorless technology, mirrorless technology sell, sell mirrorless technology, mirrorless technology buy, buy mirrorless technology, mirrorless technology recommendation, recommendation mirrorless technology, mirrorless technology tips, tips mirrorless technology, mirrorless technology tutorial, tutorial mirrorless technology, mirrorless technology guide, guide mirrorless technology, mirrorless technology how to, how to mirrorless technology, mirrorless technology vs, vs mirrorless technology, mirrorless technology versus, versus mirrorless technology, mirrorless technology compared to, compared to mirrorless technology, mirrorless technology comparison, comparison mirrorless technology, mirrorless technology alternatives, alternatives mirrorless technology, mirrorless technology which is better, which is better mirrorless technology, mirrorless technology expensive, expensive mirrorless technology, mirrorless technology discount, discount mirrorless technology, mirrorless technology deals, deals mirrorless technology, mirrorless technology sale, sale mirrorless technology, mirrorless technology affordable, affordable mirrorless technology, mirrorless technology cost, cost mirrorless technology, mirrorless technology online, online mirrorless technology, mirrorless technology offline, offline mirrorless technology, mirrorless technology marketplace, marketplace mirrorless technology, mirrorless technology store, store mirrorless technology, mirrorless technology shop, shop mirrorless technology, mirrorless technology retailer, retailer mirrorless technology, mirrorless technology where to buy, where to buy mirrorless technology, mirrorless technology worst, worst mirrorless technology, mirrorless technology quality, quality mirrorless technology, mirrorless technology original, original mirrorless technology, mirrorless technology genuine, genuine mirrorless technology, mirrorless technology fake, fake mirrorless technology, mirrorless technology replica, replica mirrorless technology, mirrorless technology authentic, authentic mirrorless technology, mirrorless technology brand, brand mirrorless technology, mirrorless technology manufacturer, manufacturer mirrorless technology, mirrorless technology company, company mirrorless technology, mirrorless technology product, product mirrorless technology, mirrorless technology xiaomi product, xiaomi product mirrorless technology, mirrorless technology sell xiaomi, sell xiaomi mirrorless technology, mirrorless technology buy xiaomi, buy xiaomi mirrorless technology, mirrorless technology cheap xiaomi, cheap xiaomi mirrorless technology, mirrorless technology best xiaomi, best xiaomi mirrorless technology, mirrorless technology xiaomi review, xiaomi review mirrorless technology, mirrorless technology where to buy xiaomi, where to buy xiaomi mirrorless technology, mirrorless technology how to choose xiaomi, how to choose xiaomi mirrorless technology, mirrorless technology top xiaomi, top xiaomi mirrorless technology, mirrorless technology xiaomi guide, xiaomi guide mirrorless technology, mirrorless technology xiaomi for sale, xiaomi for sale mirrorless technology, mirrorless technology xiaomi deals, xiaomi deals mirrorless technology
2025-10-17 14:42:09,756 - INFO - Expanded 220 seed keywords to 385 variations
2025-10-17 14:42:09,756 - INFO - Language: en
2025-10-17 14:42:09,756 - INFO - Region: us
2025-10-17 14:44:18,996 - INFO - 🎯 After all filtering for 'xiaomi': 120 relevant keywords
2025-10-17 14:44:19,244 - INFO - 🎯 Found 5 new keywords for niche 'xiaomi': xiaomi affordable dslr photography, xiaomi affordable mirrorless technology, cheap alternatives dslr photography, cheap alternatives mirrorless technology, best authentic dslr photography
2025-10-17 14:44:32,680 - INFO - ✅ Niche 'xiaomi' process complete! 136 total keyword results.
2025-10-17 14:44:32,680 - INFO - ✅ Completed processing niche: 'xiaomi'
2025-10-17 14:44:32,680 - INFO - 🔧 Request Handler final stats - Success rate: 100.0%
2025-10-17 14:44:32,680 - INFO -    Total requests: 27370, Blocks: 0
2025-10-17 14:44:32,681 - INFO - 
========================================
2025-10-17 14:44:32,682 - INFO - Process Summary:
2025-10-17 14:44:32,682 - INFO - - Current niche: 'xiaomi'
2025-10-17 14:44:32,682 - INFO - - Next niche will be: 'iphone'
2025-10-17 14:44:32,682 - INFO - - Keywords saved in: languages/english/keywords/xiaomi/
2025-10-17 14:44:32,682 - INFO - ========================================
