2025-09-20 09:40:09,730 - INFO - Log file created at: /home/runner/work/potensitech.com/potensitech.com/languages/english/keywords/logs/kw_search_20250920_094009.log
2025-09-20 09:40:09,731 - INFO - ============================================================
2025-09-20 09:40:09,731 - INFO - AUTOMATIC KEYWORD RESEARCH TOOL
2025-09-20 09:40:09,731 - INFO - ============================================================
2025-09-20 09:40:09,867 - INFO - ========================================
2025-09-20 09:40:09,868 - INFO - Found 14 niches to process: xiaomi, iphone, samsung, apple, sony, asus, philips, sandisk, intel, nvidia, amd, canon, nikon, huawei
2025-09-20 09:40:09,868 - INFO - ========================================
2025-09-20 09:40:09,868 - INFO - Continuing from last processed niche: sandisk
2025-09-20 09:40:09,868 - INFO - ========================================
2025-09-20 09:40:09,868 - INFO - 🎯 PROCESSING NICHE 9/14: 'intel'
2025-09-20 09:40:09,868 - INFO - ========================================
2025-09-20 09:40:09,868 - INFO - 📁 Niche directory: /home/runner/work/potensitech.com/potensitech.com/languages/english/keywords/intel
2025-09-20 09:40:09,868 - INFO - Selected region: us
2025-09-20 09:40:09,868 - INFO - Selected language: en
2025-09-20 09:40:09,868 - INFO - 🎯 Current niche: intel
2025-09-20 09:40:14,037 - INFO - 🎯 Niche terms for filtering: intel, cheap, best, latest, review, price, sell, buy, recommendation, tips, tutorial, guide, how to, vs, versus, compared to, comparison, alternatives, which is better, expensive, discount, deals, sale, affordable, cost, online, offline, marketplace, store, shop, retailer, where to buy, worst, quality, original, genuine, fake, replica, authentic, brand, manufacturer, company, product, intel product, sell intel, buy intel, cheap intel, best intel, intel review, where to buy intel, how to choose intel, top intel, intel guide, intel for sale, intel deals
2025-09-20 09:40:14,037 - INFO - Generated 50 niche-clue pairs for 'intel'.
2025-09-20 09:40:14,040 - INFO - Expanded 50 seed keywords to 218 variations
2025-09-20 09:40:14,040 - INFO - 🔧 Request Handler initialized - Success rate: 100.0%
2025-09-20 09:44:39,042 - INFO - Original clue keywords: core count, power efficiency
2025-09-20 09:44:39,042 - INFO - Niche-focused seeds: core count intel, intel core count, core count cheap, cheap core count, core count best, best core count, core count latest, latest core count, core count review, review core count, core count price, price core count, core count sell, sell core count, core count buy, buy core count, core count recommendation, recommendation core count, core count tips, tips core count, core count tutorial, tutorial core count, core count guide, guide core count, core count how to, how to core count, core count vs, vs core count, core count versus, versus core count, core count compared to, compared to core count, core count comparison, comparison core count, core count alternatives, alternatives core count, core count which is better, which is better core count, core count expensive, expensive core count, core count discount, discount core count, core count deals, deals core count, core count sale, sale core count, core count affordable, affordable core count, core count cost, cost core count, core count online, online core count, core count offline, offline core count, core count marketplace, marketplace core count, core count store, store core count, core count shop, shop core count, core count retailer, retailer core count, core count where to buy, where to buy core count, core count worst, worst core count, core count quality, quality core count, core count original, original core count, core count genuine, genuine core count, core count fake, fake core count, core count replica, replica core count, core count authentic, authentic core count, core count brand, brand core count, core count manufacturer, manufacturer core count, core count company, company core count, core count product, product core count, core count intel product, intel product core count, core count sell intel, sell intel core count, core count buy intel, buy intel core count, core count cheap intel, cheap intel core count, core count best intel, best intel core count, core count intel review, intel review core count, core count where to buy intel, where to buy intel core count, core count how to choose intel, how to choose intel core count, core count top intel, top intel core count, core count intel guide, intel guide core count, core count intel for sale, intel for sale core count, core count intel deals, intel deals core count, power efficiency intel, intel power efficiency, power efficiency cheap, cheap power efficiency, power efficiency best, best power efficiency, power efficiency latest, latest power efficiency, power efficiency review, review power efficiency, power efficiency price, price power efficiency, power efficiency sell, sell power efficiency, power efficiency buy, buy power efficiency, power efficiency recommendation, recommendation power efficiency, power efficiency tips, tips power efficiency, power efficiency tutorial, tutorial power efficiency, power efficiency guide, guide power efficiency, power efficiency how to, how to power efficiency, power efficiency vs, vs power efficiency, power efficiency versus, versus power efficiency, power efficiency compared to, compared to power efficiency, power efficiency comparison, comparison power efficiency, power efficiency alternatives, alternatives power efficiency, power efficiency which is better, which is better power efficiency, power efficiency expensive, expensive power efficiency, power efficiency discount, discount power efficiency, power efficiency deals, deals power efficiency, power efficiency sale, sale power efficiency, power efficiency affordable, affordable power efficiency, power efficiency cost, cost power efficiency, power efficiency online, online power efficiency, power efficiency offline, offline power efficiency, power efficiency marketplace, marketplace power efficiency, power efficiency store, store power efficiency, power efficiency shop, shop power efficiency, power efficiency retailer, retailer power efficiency, power efficiency where to buy, where to buy power efficiency, power efficiency worst, worst power efficiency, power efficiency quality, quality power efficiency, power efficiency original, original power efficiency, power efficiency genuine, genuine power efficiency, power efficiency fake, fake power efficiency, power efficiency replica, replica power efficiency, power efficiency authentic, authentic power efficiency, power efficiency brand, brand power efficiency, power efficiency manufacturer, manufacturer power efficiency, power efficiency company, company power efficiency, power efficiency product, product power efficiency, power efficiency intel product, intel product power efficiency, power efficiency sell intel, sell intel power efficiency, power efficiency buy intel, buy intel power efficiency, power efficiency cheap intel, cheap intel power efficiency, power efficiency best intel, best intel power efficiency, power efficiency intel review, intel review power efficiency, power efficiency where to buy intel, where to buy intel power efficiency, power efficiency how to choose intel, how to choose intel power efficiency, power efficiency top intel, top intel power efficiency, power efficiency intel guide, intel guide power efficiency, power efficiency intel for sale, intel for sale power efficiency, power efficiency intel deals, intel deals power efficiency
2025-09-20 09:44:39,045 - INFO - Expanded 220 seed keywords to 385 variations
2025-09-20 09:44:39,045 - INFO - Language: en
2025-09-20 09:44:39,046 - INFO - Region: us
2025-09-20 09:49:09,730 - INFO - 🎯 After all filtering for 'intel': 120 relevant keywords
2025-09-20 09:49:09,781 - INFO - 🎯 Found 5 new keywords for niche 'intel': intel affordable core count, intel affordable power efficiency, cheap alternatives core count, cheap alternatives power efficiency, best authentic core count
2025-09-20 09:50:49,911 - INFO - ✅ Niche 'intel' process complete! 32 total keyword results.
2025-09-20 09:50:49,912 - INFO - ✅ Completed processing niche: 'intel'
2025-09-20 09:50:49,912 - INFO - 🔧 Request Handler final stats - Success rate: 100.0%
2025-09-20 09:50:49,912 - INFO -    Total requests: 7946, Blocks: 0
2025-09-20 09:50:49,913 - INFO - 
========================================
2025-09-20 09:50:49,913 - INFO - Process Summary:
2025-09-20 09:50:49,913 - INFO - - Current niche: 'intel'
2025-09-20 09:50:49,913 - INFO - - Next niche will be: 'nvidia'
2025-09-20 09:50:49,913 - INFO - - Keywords saved in: languages/english/keywords/intel/
2025-09-20 09:50:49,914 - INFO - ========================================
