2025-09-26 14:34:58,258 - INFO - Log file created at: /home/runner/work/potensitech.com/potensitech.com/languages/english/keywords/logs/kw_search_20250926_143458.log
2025-09-26 14:34:58,258 - INFO - ============================================================
2025-09-26 14:34:58,259 - INFO - AUTOMATIC KEYWORD RESEARCH TOOL
2025-09-26 14:34:58,259 - INFO - ============================================================
2025-09-26 14:34:58,385 - INFO - ========================================
2025-09-26 14:34:58,385 - INFO - Found 14 niches to process: xiaomi, iphone, samsung, apple, sony, asus, philips, sandisk, intel, nvidia, amd, canon, nikon, huawei
2025-09-26 14:34:58,385 - INFO - ========================================
2025-09-26 14:34:58,385 - INFO - All niches completed, starting over
2025-09-26 14:34:58,386 - INFO - ========================================
2025-09-26 14:34:58,386 - INFO - 🎯 PROCESSING NICHE 1/14: 'xiaomi'
2025-09-26 14:34:58,386 - INFO - ========================================
2025-09-26 14:34:58,386 - INFO - 📁 Niche directory: /home/runner/work/potensitech.com/potensitech.com/languages/english/keywords/xiaomi
2025-09-26 14:34:58,386 - INFO - Selected region: us
2025-09-26 14:34:58,386 - INFO - Selected language: en
2025-09-26 14:34:58,386 - INFO - 🎯 Current niche: xiaomi
2025-09-26 14:35:00,839 - INFO - 🎯 Niche terms for filtering: xiaomi, cheap, best, latest, review, price, sell, buy, recommendation, tips, tutorial, guide, how to, vs, versus, compared to, comparison, alternatives, which is better, expensive, discount, deals, sale, affordable, cost, online, offline, marketplace, store, shop, retailer, where to buy, worst, quality, original, genuine, fake, replica, authentic, brand, manufacturer, company, product, xiaomi product, sell xiaomi, buy xiaomi, cheap xiaomi, best xiaomi, xiaomi review, where to buy xiaomi, how to choose xiaomi, top xiaomi, xiaomi guide, xiaomi for sale, xiaomi deals
2025-09-26 14:35:00,839 - INFO - Generated 50 niche-clue pairs for 'xiaomi'.
2025-09-26 14:35:00,842 - INFO - Expanded 50 seed keywords to 218 variations
2025-09-26 14:35:00,842 - INFO - 🔧 Request Handler initialized - Success rate: 100.0%
2025-09-26 14:39:25,171 - INFO - Original clue keywords: camera quality, image stabilization
2025-09-26 14:39:25,172 - INFO - Niche-focused seeds: camera quality, image stabilization xiaomi, xiaomi image stabilization, image stabilization cheap, cheap image stabilization, image stabilization best, best image stabilization, image stabilization latest, latest image stabilization, image stabilization review, review image stabilization, image stabilization price, price image stabilization, image stabilization sell, sell image stabilization, image stabilization buy, buy image stabilization, image stabilization recommendation, recommendation image stabilization, image stabilization tips, tips image stabilization, image stabilization tutorial, tutorial image stabilization, image stabilization guide, guide image stabilization, image stabilization how to, how to image stabilization, image stabilization vs, vs image stabilization, image stabilization versus, versus image stabilization, image stabilization compared to, compared to image stabilization, image stabilization comparison, comparison image stabilization, image stabilization alternatives, alternatives image stabilization, image stabilization which is better, which is better image stabilization, image stabilization expensive, expensive image stabilization, image stabilization discount, discount image stabilization, image stabilization deals, deals image stabilization, image stabilization sale, sale image stabilization, image stabilization affordable, affordable image stabilization, image stabilization cost, cost image stabilization, image stabilization online, online image stabilization, image stabilization offline, offline image stabilization, image stabilization marketplace, marketplace image stabilization, image stabilization store, store image stabilization, image stabilization shop, shop image stabilization, image stabilization retailer, retailer image stabilization, image stabilization where to buy, where to buy image stabilization, image stabilization worst, worst image stabilization, image stabilization quality, quality image stabilization, image stabilization original, original image stabilization, image stabilization genuine, genuine image stabilization, image stabilization fake, fake image stabilization, image stabilization replica, replica image stabilization, image stabilization authentic, authentic image stabilization, image stabilization brand, brand image stabilization, image stabilization manufacturer, manufacturer image stabilization, image stabilization company, company image stabilization, image stabilization product, product image stabilization, image stabilization xiaomi product, xiaomi product image stabilization, image stabilization sell xiaomi, sell xiaomi image stabilization, image stabilization buy xiaomi, buy xiaomi image stabilization, image stabilization cheap xiaomi, cheap xiaomi image stabilization, image stabilization best xiaomi, best xiaomi image stabilization, image stabilization xiaomi review, xiaomi review image stabilization, image stabilization where to buy xiaomi, where to buy xiaomi image stabilization, image stabilization how to choose xiaomi, how to choose xiaomi image stabilization, image stabilization top xiaomi, top xiaomi image stabilization, image stabilization xiaomi guide, xiaomi guide image stabilization, image stabilization xiaomi for sale, xiaomi for sale image stabilization, image stabilization xiaomi deals, xiaomi deals image stabilization
2025-09-26 14:39:25,175 - INFO - Expanded 111 seed keywords to 276 variations
2025-09-26 14:39:25,175 - INFO - Language: en
2025-09-26 14:39:25,175 - INFO - Region: us
2025-09-26 14:42:00,899 - INFO - 🎯 After all filtering for 'xiaomi': 120 relevant keywords
2025-09-26 14:42:00,914 - INFO - 🎯 Found 5 new keywords for niche 'xiaomi': xiaomi camera quality, cheap camera quality, best camera quality, how to camera quality, xiaomi affordable image stabilization
2025-09-26 14:42:10,633 - INFO - ✅ Niche 'xiaomi' process complete! 63 total keyword results.
2025-09-26 14:42:10,633 - INFO - ✅ Completed processing niche: 'xiaomi'
2025-09-26 14:42:10,633 - INFO - 🔧 Request Handler final stats - Success rate: 100.0%
2025-09-26 14:42:10,633 - INFO -    Total requests: 13009, Blocks: 0
2025-09-26 14:42:10,634 - INFO - 
========================================
2025-09-26 14:42:10,634 - INFO - Process Summary:
2025-09-26 14:42:10,634 - INFO - - Current niche: 'xiaomi'
2025-09-26 14:42:10,634 - INFO - - Next niche will be: 'iphone'
2025-09-26 14:42:10,634 - INFO - - Keywords saved in: languages/english/keywords/xiaomi/
2025-09-26 14:42:10,635 - INFO - ========================================
