2025-11-10 19:25:35,021 - INFO - Log file created at: /home/runner/work/potensitech.com/potensitech.com/languages/english/keywords/logs/kw_search_20251110_192535.log
2025-11-10 19:25:35,021 - INFO - ============================================================
2025-11-10 19:25:35,021 - INFO - AUTOMATIC KEYWORD RESEARCH TOOL
2025-11-10 19:25:35,021 - INFO - ============================================================
2025-11-10 19:25:35,214 - INFO - ========================================
2025-11-10 19:25:35,214 - INFO - Found 14 niches to process: xiaomi, iphone, samsung, apple, sony, asus, philips, sandisk, intel, nvidia, amd, canon, nikon, huawei
2025-11-10 19:25:35,214 - INFO - ========================================
2025-11-10 19:25:35,214 - INFO - Continuing from last processed niche: xiaomi
2025-11-10 19:25:35,214 - INFO - ========================================
2025-11-10 19:25:35,214 - INFO - 🎯 PROCESSING NICHE 2/14: 'iphone'
2025-11-10 19:25:35,214 - INFO - ========================================
2025-11-10 19:25:35,214 - INFO - 📁 Niche directory: /home/runner/work/potensitech.com/potensitech.com/languages/english/keywords/iphone
2025-11-10 19:25:35,214 - INFO - Selected region: us
2025-11-10 19:25:35,214 - INFO - Selected language: en
2025-11-10 19:25:35,214 - INFO - 🎯 Current niche: iphone
2025-11-10 19:25:39,573 - INFO - 🎯 Niche terms for filtering: iphone, cheap, best, latest, review, price, sell, buy, recommendation, tips, tutorial, guide, how to, vs, versus, compared to, comparison, alternatives, which is better, expensive, discount, deals, sale, affordable, cost, online, offline, marketplace, store, shop, retailer, where to buy, worst, quality, original, genuine, fake, replica, authentic, brand, manufacturer, company, product, iphone product, sell iphone, buy iphone, cheap iphone, best iphone, iphone review, where to buy iphone, how to choose iphone, top iphone, iphone guide, iphone for sale, iphone deals
2025-11-10 19:25:39,574 - INFO - Generated 50 niche-clue pairs for 'iphone'.
2025-11-10 19:25:39,577 - INFO - Expanded 50 seed keywords to 218 variations
2025-11-10 19:25:39,577 - INFO - 🔧 Request Handler initialized - Success rate: 100.0%
2025-11-10 19:30:05,742 - INFO - Original clue keywords: processor performance, core efficiency
2025-11-10 19:30:05,742 - INFO - Niche-focused seeds: processor performance iphone, iphone processor performance, processor performance cheap, cheap processor performance, processor performance best, best processor performance, processor performance latest, latest processor performance, processor performance review, review processor performance, processor performance price, price processor performance, processor performance sell, sell processor performance, processor performance buy, buy processor performance, processor performance recommendation, recommendation processor performance, processor performance tips, tips processor performance, processor performance tutorial, tutorial processor performance, processor performance guide, guide processor performance, processor performance how to, how to processor performance, processor performance vs, vs processor performance, processor performance versus, versus processor performance, processor performance compared to, compared to processor performance, processor performance comparison, comparison processor performance, processor performance alternatives, alternatives processor performance, processor performance which is better, which is better processor performance, processor performance expensive, expensive processor performance, processor performance discount, discount processor performance, processor performance deals, deals processor performance, processor performance sale, sale processor performance, processor performance affordable, affordable processor performance, processor performance cost, cost processor performance, processor performance online, online processor performance, processor performance offline, offline processor performance, processor performance marketplace, marketplace processor performance, processor performance store, store processor performance, processor performance shop, shop processor performance, processor performance retailer, retailer processor performance, processor performance where to buy, where to buy processor performance, processor performance worst, worst processor performance, processor performance quality, quality processor performance, processor performance original, original processor performance, processor performance genuine, genuine processor performance, processor performance fake, fake processor performance, processor performance replica, replica processor performance, processor performance authentic, authentic processor performance, processor performance brand, brand processor performance, processor performance manufacturer, manufacturer processor performance, processor performance company, company processor performance, processor performance product, product processor performance, processor performance iphone product, iphone product processor performance, processor performance sell iphone, sell iphone processor performance, processor performance buy iphone, buy iphone processor performance, processor performance cheap iphone, cheap iphone processor performance, processor performance best iphone, best iphone processor performance, processor performance iphone review, iphone review processor performance, processor performance where to buy iphone, where to buy iphone processor performance, processor performance how to choose iphone, how to choose iphone processor performance, processor performance top iphone, top iphone processor performance, processor performance iphone guide, iphone guide processor performance, processor performance iphone for sale, iphone for sale processor performance, processor performance iphone deals, iphone deals processor performance, core efficiency iphone, iphone core efficiency, core efficiency cheap, cheap core efficiency, core efficiency best, best core efficiency, core efficiency latest, latest core efficiency, core efficiency review, review core efficiency, core efficiency price, price core efficiency, core efficiency sell, sell core efficiency, core efficiency buy, buy core efficiency, core efficiency recommendation, recommendation core efficiency, core efficiency tips, tips core efficiency, core efficiency tutorial, tutorial core efficiency, core efficiency guide, guide core efficiency, core efficiency how to, how to core efficiency, core efficiency vs, vs core efficiency, core efficiency versus, versus core efficiency, core efficiency compared to, compared to core efficiency, core efficiency comparison, comparison core efficiency, core efficiency alternatives, alternatives core efficiency, core efficiency which is better, which is better core efficiency, core efficiency expensive, expensive core efficiency, core efficiency discount, discount core efficiency, core efficiency deals, deals core efficiency, core efficiency sale, sale core efficiency, core efficiency affordable, affordable core efficiency, core efficiency cost, cost core efficiency, core efficiency online, online core efficiency, core efficiency offline, offline core efficiency, core efficiency marketplace, marketplace core efficiency, core efficiency store, store core efficiency, core efficiency shop, shop core efficiency, core efficiency retailer, retailer core efficiency, core efficiency where to buy, where to buy core efficiency, core efficiency worst, worst core efficiency, core efficiency quality, quality core efficiency, core efficiency original, original core efficiency, core efficiency genuine, genuine core efficiency, core efficiency fake, fake core efficiency, core efficiency replica, replica core efficiency, core efficiency authentic, authentic core efficiency, core efficiency brand, brand core efficiency, core efficiency manufacturer, manufacturer core efficiency, core efficiency company, company core efficiency, core efficiency product, product core efficiency, core efficiency iphone product, iphone product core efficiency, core efficiency sell iphone, sell iphone core efficiency, core efficiency buy iphone, buy iphone core efficiency, core efficiency cheap iphone, cheap iphone core efficiency, core efficiency best iphone, best iphone core efficiency, core efficiency iphone review, iphone review core efficiency, core efficiency where to buy iphone, where to buy iphone core efficiency, core efficiency how to choose iphone, how to choose iphone core efficiency, core efficiency top iphone, top iphone core efficiency, core efficiency iphone guide, iphone guide core efficiency, core efficiency iphone for sale, iphone for sale core efficiency, core efficiency iphone deals, iphone deals core efficiency
2025-11-10 19:30:05,746 - INFO - Expanded 220 seed keywords to 385 variations
2025-11-10 19:30:05,746 - INFO - Language: en
2025-11-10 19:30:05,746 - INFO - Region: us
2025-11-10 19:32:34,046 - INFO - 🎯 After all filtering for 'iphone': 120 relevant keywords
2025-11-10 19:32:34,947 - INFO - 🎯 Found 4 new keywords for niche 'iphone': iphone affordable core efficiency, iphone affordable processor performance, cheap alternatives core efficiency, best authentic core efficiency
2025-11-10 19:32:45,195 - INFO - ✅ Niche 'iphone' process complete! 247 total keyword results.
2025-11-10 19:32:45,195 - INFO - ✅ Completed processing niche: 'iphone'
2025-11-10 19:32:45,195 - INFO - 🔧 Request Handler final stats - Success rate: 100.0%
2025-11-10 19:32:45,195 - INFO -    Total requests: 39990, Blocks: 0
2025-11-10 19:32:45,196 - INFO - 
========================================
2025-11-10 19:32:45,197 - INFO - Process Summary:
2025-11-10 19:32:45,197 - INFO - - Current niche: 'iphone'
2025-11-10 19:32:45,197 - INFO - - Next niche will be: 'samsung'
2025-11-10 19:32:45,197 - INFO - - Keywords saved in: languages/english/keywords/iphone/
2025-11-10 19:32:45,197 - INFO - ========================================
