2025-10-04 03:03:33,357 - INFO - Log file created at: /home/runner/work/potensitech.com/potensitech.com/languages/english/keywords/logs/kw_search_20251004_030333.log
2025-10-04 03:03:33,357 - INFO - ============================================================
2025-10-04 03:03:33,358 - INFO - AUTOMATIC KEYWORD RESEARCH TOOL
2025-10-04 03:03:33,358 - INFO - ============================================================
2025-10-04 03:03:33,481 - INFO - ========================================
2025-10-04 03:03:33,481 - INFO - Found 14 niches to process: xiaomi, iphone, samsung, apple, sony, asus, philips, sandisk, intel, nvidia, amd, canon, nikon, huawei
2025-10-04 03:03:33,481 - INFO - ========================================
2025-10-04 03:03:33,481 - INFO - Continuing from last processed niche: sony
2025-10-04 03:03:33,481 - INFO - ========================================
2025-10-04 03:03:33,481 - INFO - 🎯 PROCESSING NICHE 6/14: 'asus'
2025-10-04 03:03:33,481 - INFO - ========================================
2025-10-04 03:03:33,481 - INFO - 📁 Niche directory: /home/runner/work/potensitech.com/potensitech.com/languages/english/keywords/asus
2025-10-04 03:03:33,481 - INFO - Selected region: us
2025-10-04 03:03:33,481 - INFO - Selected language: en
2025-10-04 03:03:33,481 - INFO - 🎯 Current niche: asus
2025-10-04 03:03:36,151 - INFO - 🎯 Niche terms for filtering: asus, cheap, best, latest, review, price, sell, buy, recommendation, tips, tutorial, guide, how to, vs, versus, compared to, comparison, alternatives, which is better, expensive, discount, deals, sale, affordable, cost, online, offline, marketplace, store, shop, retailer, where to buy, worst, quality, original, genuine, fake, replica, authentic, brand, manufacturer, company, product, asus product, sell asus, buy asus, cheap asus, best asus, asus review, where to buy asus, how to choose asus, top asus, asus guide, asus for sale, asus deals
2025-10-04 03:03:36,151 - INFO - Generated 50 niche-clue pairs for 'asus'.
2025-10-04 03:03:36,154 - INFO - Expanded 50 seed keywords to 218 variations
2025-10-04 03:03:36,154 - INFO - 🔧 Request Handler initialized - Success rate: 100.0%
2025-10-04 03:08:05,160 - INFO - Original clue keywords: smartphone performance, mobile processor
2025-10-04 03:08:05,160 - INFO - Niche-focused seeds: smartphone performance asus, asus smartphone performance, smartphone performance cheap, cheap smartphone performance, smartphone performance best, best smartphone performance, smartphone performance latest, latest smartphone performance, smartphone performance review, review smartphone performance, smartphone performance price, price smartphone performance, smartphone performance sell, sell smartphone performance, smartphone performance buy, buy smartphone performance, smartphone performance recommendation, recommendation smartphone performance, smartphone performance tips, tips smartphone performance, smartphone performance tutorial, tutorial smartphone performance, smartphone performance guide, guide smartphone performance, smartphone performance how to, how to smartphone performance, smartphone performance vs, vs smartphone performance, smartphone performance versus, versus smartphone performance, smartphone performance compared to, compared to smartphone performance, smartphone performance comparison, comparison smartphone performance, smartphone performance alternatives, alternatives smartphone performance, smartphone performance which is better, which is better smartphone performance, smartphone performance expensive, expensive smartphone performance, smartphone performance discount, discount smartphone performance, smartphone performance deals, deals smartphone performance, smartphone performance sale, sale smartphone performance, smartphone performance affordable, affordable smartphone performance, smartphone performance cost, cost smartphone performance, smartphone performance online, online smartphone performance, smartphone performance offline, offline smartphone performance, smartphone performance marketplace, marketplace smartphone performance, smartphone performance store, store smartphone performance, smartphone performance shop, shop smartphone performance, smartphone performance retailer, retailer smartphone performance, smartphone performance where to buy, where to buy smartphone performance, smartphone performance worst, worst smartphone performance, smartphone performance quality, quality smartphone performance, smartphone performance original, original smartphone performance, smartphone performance genuine, genuine smartphone performance, smartphone performance fake, fake smartphone performance, smartphone performance replica, replica smartphone performance, smartphone performance authentic, authentic smartphone performance, smartphone performance brand, brand smartphone performance, smartphone performance manufacturer, manufacturer smartphone performance, smartphone performance company, company smartphone performance, smartphone performance product, product smartphone performance, smartphone performance asus product, asus product smartphone performance, smartphone performance sell asus, sell asus smartphone performance, smartphone performance buy asus, buy asus smartphone performance, smartphone performance cheap asus, cheap asus smartphone performance, smartphone performance best asus, best asus smartphone performance, smartphone performance asus review, asus review smartphone performance, smartphone performance where to buy asus, where to buy asus smartphone performance, smartphone performance how to choose asus, how to choose asus smartphone performance, smartphone performance top asus, top asus smartphone performance, smartphone performance asus guide, asus guide smartphone performance, smartphone performance asus for sale, asus for sale smartphone performance, smartphone performance asus deals, asus deals smartphone performance, mobile processor asus, asus mobile processor, mobile processor cheap, cheap mobile processor, mobile processor best, best mobile processor, mobile processor latest, latest mobile processor, mobile processor review, review mobile processor, mobile processor price, price mobile processor, mobile processor sell, sell mobile processor, mobile processor buy, buy mobile processor, mobile processor recommendation, recommendation mobile processor, mobile processor tips, tips mobile processor, mobile processor tutorial, tutorial mobile processor, mobile processor guide, guide mobile processor, mobile processor how to, how to mobile processor, mobile processor vs, vs mobile processor, mobile processor versus, versus mobile processor, mobile processor compared to, compared to mobile processor, mobile processor comparison, comparison mobile processor, mobile processor alternatives, alternatives mobile processor, mobile processor which is better, which is better mobile processor, mobile processor expensive, expensive mobile processor, mobile processor discount, discount mobile processor, mobile processor deals, deals mobile processor, mobile processor sale, sale mobile processor, mobile processor affordable, affordable mobile processor, mobile processor cost, cost mobile processor, mobile processor online, online mobile processor, mobile processor offline, offline mobile processor, mobile processor marketplace, marketplace mobile processor, mobile processor store, store mobile processor, mobile processor shop, shop mobile processor, mobile processor retailer, retailer mobile processor, mobile processor where to buy, where to buy mobile processor, mobile processor worst, worst mobile processor, mobile processor quality, quality mobile processor, mobile processor original, original mobile processor, mobile processor genuine, genuine mobile processor, mobile processor fake, fake mobile processor, mobile processor replica, replica mobile processor, mobile processor authentic, authentic mobile processor, mobile processor brand, brand mobile processor, mobile processor manufacturer, manufacturer mobile processor, mobile processor company, company mobile processor, mobile processor product, product mobile processor, mobile processor asus product, asus product mobile processor, mobile processor sell asus, sell asus mobile processor, mobile processor buy asus, buy asus mobile processor, mobile processor cheap asus, cheap asus mobile processor, mobile processor best asus, best asus mobile processor, mobile processor asus review, asus review mobile processor, mobile processor where to buy asus, where to buy asus mobile processor, mobile processor how to choose asus, how to choose asus mobile processor, mobile processor top asus, top asus mobile processor, mobile processor asus guide, asus guide mobile processor, mobile processor asus for sale, asus for sale mobile processor, mobile processor asus deals, asus deals mobile processor
2025-10-04 03:08:05,163 - INFO - Expanded 220 seed keywords to 385 variations
2025-10-04 03:08:05,163 - INFO - Language: en
2025-10-04 03:08:05,163 - INFO - Region: us
2025-10-04 03:12:36,211 - INFO - 🎯 After all filtering for 'asus': 120 relevant keywords
2025-10-04 03:12:36,426 - INFO - 🎯 Found 5 new keywords for niche 'asus': asus affordable mobile processor, asus affordable smartphone performance, cheap alternatives mobile processor, best authentic mobile processor, how to brand mobile processor
2025-10-04 03:12:42,270 - INFO - ✅ Niche 'asus' process complete! 94 total keyword results.
2025-10-04 03:12:42,270 - INFO - ✅ Completed processing niche: 'asus'
2025-10-04 03:12:42,270 - INFO - 🔧 Request Handler final stats - Success rate: 100.0%
2025-10-04 03:12:42,270 - INFO -    Total requests: 18227, Blocks: 0
2025-10-04 03:12:42,271 - INFO - 
========================================
2025-10-04 03:12:42,272 - INFO - Process Summary:
2025-10-04 03:12:42,272 - INFO - - Current niche: 'asus'
2025-10-04 03:12:42,272 - INFO - - Next niche will be: 'philips'
2025-10-04 03:12:42,272 - INFO - - Keywords saved in: languages/english/keywords/asus/
2025-10-04 03:12:42,272 - INFO - ========================================
