2025-10-11 04:54:01,487 - INFO - Log file created at: /home/runner/work/potensitech.com/potensitech.com/languages/english/keywords/logs/kw_search_20251011_045401.log
2025-10-11 04:54:01,487 - INFO - ============================================================
2025-10-11 04:54:01,487 - INFO - AUTOMATIC KEYWORD RESEARCH TOOL
2025-10-11 04:54:01,487 - INFO - ============================================================
2025-10-11 04:54:01,697 - INFO - ========================================
2025-10-11 04:54:01,698 - INFO - Found 14 niches to process: xiaomi, iphone, samsung, apple, sony, asus, philips, sandisk, intel, nvidia, amd, canon, nikon, huawei
2025-10-11 04:54:01,698 - INFO - ========================================
2025-10-11 04:54:01,698 - INFO - Continuing from last processed niche: asus
2025-10-11 04:54:01,698 - INFO - ========================================
2025-10-11 04:54:01,698 - INFO - 🎯 PROCESSING NICHE 7/14: 'philips'
2025-10-11 04:54:01,698 - INFO - ========================================
2025-10-11 04:54:01,698 - INFO - 📁 Niche directory: /home/runner/work/potensitech.com/potensitech.com/languages/english/keywords/philips
2025-10-11 04:54:01,698 - INFO - Selected region: us
2025-10-11 04:54:01,698 - INFO - Selected language: en
2025-10-11 04:54:01,698 - INFO - 🎯 Current niche: philips
2025-10-11 04:54:04,053 - INFO - 🎯 Niche terms for filtering: philips, cheap, best, latest, review, price, sell, buy, recommendation, tips, tutorial, guide, how to, vs, versus, compared to, comparison, alternatives, which is better, expensive, discount, deals, sale, affordable, cost, online, offline, marketplace, store, shop, retailer, where to buy, worst, quality, original, genuine, fake, replica, authentic, brand, manufacturer, company, product, philips product, sell philips, buy philips, cheap philips, best philips, philips review, where to buy philips, how to choose philips, top philips, philips guide, philips for sale, philips deals
2025-10-11 04:54:04,053 - INFO - Generated 50 niche-clue pairs for 'philips'.
2025-10-11 04:54:04,056 - INFO - Expanded 50 seed keywords to 218 variations
2025-10-11 04:54:04,057 - INFO - 🔧 Request Handler initialized - Success rate: 100.0%
2025-10-11 04:58:25,424 - INFO - Original clue keywords: smartphone camera, battery life
2025-10-11 04:58:25,424 - INFO - Niche-focused seeds: smartphone camera philips, philips smartphone camera, smartphone camera cheap, cheap smartphone camera, smartphone camera best, best smartphone camera, smartphone camera latest, latest smartphone camera, smartphone camera review, review smartphone camera, smartphone camera price, price smartphone camera, smartphone camera sell, sell smartphone camera, smartphone camera buy, buy smartphone camera, smartphone camera recommendation, recommendation smartphone camera, smartphone camera tips, tips smartphone camera, smartphone camera tutorial, tutorial smartphone camera, smartphone camera guide, guide smartphone camera, smartphone camera how to, how to smartphone camera, smartphone camera vs, vs smartphone camera, smartphone camera versus, versus smartphone camera, smartphone camera compared to, compared to smartphone camera, smartphone camera comparison, comparison smartphone camera, smartphone camera alternatives, alternatives smartphone camera, smartphone camera which is better, which is better smartphone camera, smartphone camera expensive, expensive smartphone camera, smartphone camera discount, discount smartphone camera, smartphone camera deals, deals smartphone camera, smartphone camera sale, sale smartphone camera, smartphone camera affordable, affordable smartphone camera, smartphone camera cost, cost smartphone camera, smartphone camera online, online smartphone camera, smartphone camera offline, offline smartphone camera, smartphone camera marketplace, marketplace smartphone camera, smartphone camera store, store smartphone camera, smartphone camera shop, shop smartphone camera, smartphone camera retailer, retailer smartphone camera, smartphone camera where to buy, where to buy smartphone camera, smartphone camera worst, worst smartphone camera, smartphone camera quality, quality smartphone camera, smartphone camera original, original smartphone camera, smartphone camera genuine, genuine smartphone camera, smartphone camera fake, fake smartphone camera, smartphone camera replica, replica smartphone camera, smartphone camera authentic, authentic smartphone camera, smartphone camera brand, brand smartphone camera, smartphone camera manufacturer, manufacturer smartphone camera, smartphone camera company, company smartphone camera, smartphone camera product, product smartphone camera, smartphone camera philips product, philips product smartphone camera, smartphone camera sell philips, sell philips smartphone camera, smartphone camera buy philips, buy philips smartphone camera, smartphone camera cheap philips, cheap philips smartphone camera, smartphone camera best philips, best philips smartphone camera, smartphone camera philips review, philips review smartphone camera, smartphone camera where to buy philips, where to buy philips smartphone camera, smartphone camera how to choose philips, how to choose philips smartphone camera, smartphone camera top philips, top philips smartphone camera, smartphone camera philips guide, philips guide smartphone camera, smartphone camera philips for sale, philips for sale smartphone camera, smartphone camera philips deals, philips deals smartphone camera, battery life philips, philips battery life, battery life cheap, cheap battery life, battery life best, best battery life, battery life latest, latest battery life, battery life review, review battery life, battery life price, price battery life, battery life sell, sell battery life, battery life buy, buy battery life, battery life recommendation, recommendation battery life, battery life tips, tips battery life, battery life tutorial, tutorial battery life, battery life guide, guide battery life, battery life how to, how to battery life, battery life vs, vs battery life, battery life versus, versus battery life, battery life compared to, compared to battery life, battery life comparison, comparison battery life, battery life alternatives, alternatives battery life, battery life which is better, which is better battery life, battery life expensive, expensive battery life, battery life discount, discount battery life, battery life deals, deals battery life, battery life sale, sale battery life, battery life affordable, affordable battery life, battery life cost, cost battery life, battery life online, online battery life, battery life offline, offline battery life, battery life marketplace, marketplace battery life, battery life store, store battery life, battery life shop, shop battery life, battery life retailer, retailer battery life, battery life where to buy, where to buy battery life, battery life worst, worst battery life, battery life quality, quality battery life, battery life original, original battery life, battery life genuine, genuine battery life, battery life fake, fake battery life, battery life replica, replica battery life, battery life authentic, authentic battery life, battery life brand, brand battery life, battery life manufacturer, manufacturer battery life, battery life company, company battery life, battery life product, product battery life, battery life philips product, philips product battery life, battery life sell philips, sell philips battery life, battery life buy philips, buy philips battery life, battery life cheap philips, cheap philips battery life, battery life best philips, best philips battery life, battery life philips review, philips review battery life, battery life where to buy philips, where to buy philips battery life, battery life how to choose philips, how to choose philips battery life, battery life top philips, top philips battery life, battery life philips guide, philips guide battery life, battery life philips for sale, philips for sale battery life, battery life philips deals, philips deals battery life
2025-10-11 04:58:25,427 - INFO - Expanded 220 seed keywords to 385 variations
2025-10-11 04:58:25,428 - INFO - Language: en
2025-10-11 04:58:25,428 - INFO - Region: us
2025-10-11 05:02:02,701 - INFO - 🎯 After all filtering for 'philips': 120 relevant keywords
2025-10-11 05:02:02,916 - INFO - 🎯 Found 5 new keywords for niche 'philips': philips affordable battery life, philips affordable smartphone camera, cheap alternatives battery life, cheap alternatives smartphone camera, best authentic battery life
2025-10-11 05:02:10,488 - INFO - ✅ Niche 'philips' process complete! 121 total keyword results.
2025-10-11 05:02:10,488 - INFO - ✅ Completed processing niche: 'philips'
2025-10-11 05:02:10,489 - INFO - 🔧 Request Handler final stats - Success rate: 100.0%
2025-10-11 05:02:10,489 - INFO -    Total requests: 23544, Blocks: 0
2025-10-11 05:02:10,490 - INFO - 
========================================
2025-10-11 05:02:10,490 - INFO - Process Summary:
2025-10-11 05:02:10,490 - INFO - - Current niche: 'philips'
2025-10-11 05:02:10,490 - INFO - - Next niche will be: 'sandisk'
2025-10-11 05:02:10,490 - INFO - - Keywords saved in: languages/english/keywords/philips/
2025-10-11 05:02:10,490 - INFO - ========================================
