2025-10-06 07:29:30,369 - INFO - Log file created at: /home/runner/work/potensitech.com/potensitech.com/languages/english/keywords/logs/kw_search_20251006_072930.log
2025-10-06 07:29:30,369 - INFO - ============================================================
2025-10-06 07:29:30,369 - INFO - AUTOMATIC KEYWORD RESEARCH TOOL
2025-10-06 07:29:30,369 - INFO - ============================================================
2025-10-06 07:29:30,506 - INFO - ========================================
2025-10-06 07:29:30,506 - INFO - Found 14 niches to process: xiaomi, iphone, samsung, apple, sony, asus, philips, sandisk, intel, nvidia, amd, canon, nikon, huawei
2025-10-06 07:29:30,506 - INFO - ========================================
2025-10-06 07:29:30,506 - INFO - Continuing from last processed niche: nikon
2025-10-06 07:29:30,506 - INFO - ========================================
2025-10-06 07:29:30,506 - INFO - 🎯 PROCESSING NICHE 14/14: 'huawei'
2025-10-06 07:29:30,506 - INFO - ========================================
2025-10-06 07:29:30,506 - INFO - 📁 Niche directory: /home/runner/work/potensitech.com/potensitech.com/languages/english/keywords/huawei
2025-10-06 07:29:30,506 - INFO - Selected region: us
2025-10-06 07:29:30,506 - INFO - Selected language: en
2025-10-06 07:29:30,506 - INFO - 🎯 Current niche: huawei
2025-10-06 07:29:32,804 - INFO - 🎯 Niche terms for filtering: huawei, cheap, best, latest, review, price, sell, buy, recommendation, tips, tutorial, guide, how to, vs, versus, compared to, comparison, alternatives, which is better, expensive, discount, deals, sale, affordable, cost, online, offline, marketplace, store, shop, retailer, where to buy, worst, quality, original, genuine, fake, replica, authentic, brand, manufacturer, company, product, huawei product, sell huawei, buy huawei, cheap huawei, best huawei, huawei review, where to buy huawei, how to choose huawei, top huawei, huawei guide, huawei for sale, huawei deals
2025-10-06 07:29:32,804 - INFO - Generated 50 niche-clue pairs for 'huawei'.
2025-10-06 07:29:32,807 - INFO - Expanded 50 seed keywords to 218 variations
2025-10-06 07:29:32,808 - INFO - 🔧 Request Handler initialized - Success rate: 100.0%
2025-10-06 07:33:56,142 - INFO - Original clue keywords: dslr quality, camera lens
2025-10-06 07:33:56,142 - INFO - Niche-focused seeds: dslr quality, camera lens huawei, huawei camera lens, camera lens cheap, cheap camera lens, camera lens best, best camera lens, camera lens latest, latest camera lens, camera lens review, review camera lens, camera lens price, price camera lens, camera lens sell, sell camera lens, camera lens buy, buy camera lens, camera lens recommendation, recommendation camera lens, camera lens tips, tips camera lens, camera lens tutorial, tutorial camera lens, camera lens guide, guide camera lens, camera lens how to, how to camera lens, camera lens vs, vs camera lens, camera lens versus, versus camera lens, camera lens compared to, compared to camera lens, camera lens comparison, comparison camera lens, camera lens alternatives, alternatives camera lens, camera lens which is better, which is better camera lens, camera lens expensive, expensive camera lens, camera lens discount, discount camera lens, camera lens deals, deals camera lens, camera lens sale, sale camera lens, camera lens affordable, affordable camera lens, camera lens cost, cost camera lens, camera lens online, online camera lens, camera lens offline, offline camera lens, camera lens marketplace, marketplace camera lens, camera lens store, store camera lens, camera lens shop, shop camera lens, camera lens retailer, retailer camera lens, camera lens where to buy, where to buy camera lens, camera lens worst, worst camera lens, camera lens quality, quality camera lens, camera lens original, original camera lens, camera lens genuine, genuine camera lens, camera lens fake, fake camera lens, camera lens replica, replica camera lens, camera lens authentic, authentic camera lens, camera lens brand, brand camera lens, camera lens manufacturer, manufacturer camera lens, camera lens company, company camera lens, camera lens product, product camera lens, camera lens huawei product, huawei product camera lens, camera lens sell huawei, sell huawei camera lens, camera lens buy huawei, buy huawei camera lens, camera lens cheap huawei, cheap huawei camera lens, camera lens best huawei, best huawei camera lens, camera lens huawei review, huawei review camera lens, camera lens where to buy huawei, where to buy huawei camera lens, camera lens how to choose huawei, how to choose huawei camera lens, camera lens top huawei, top huawei camera lens, camera lens huawei guide, huawei guide camera lens, camera lens huawei for sale, huawei for sale camera lens, camera lens huawei deals, huawei deals camera lens
2025-10-06 07:33:56,145 - INFO - Expanded 111 seed keywords to 276 variations
2025-10-06 07:33:56,145 - INFO - Language: en
2025-10-06 07:33:56,145 - INFO - Region: us
2025-10-06 07:34:29,577 - INFO - 🎯 After all filtering for 'huawei': 119 relevant keywords
2025-10-06 07:34:29,600 - INFO - 🎯 Found 5 new keywords for niche 'huawei': huawei dslr quality, cheap dslr quality, best dslr quality, how to dslr quality, huawei affordable camera lens
2025-10-06 07:34:37,717 - INFO - ✅ Niche 'huawei' process complete! 87 total keyword results.
2025-10-06 07:34:37,717 - INFO - ✅ Completed processing niche: 'huawei'
2025-10-06 07:34:37,717 - INFO - 🔧 Request Handler final stats - Success rate: 100.0%
2025-10-06 07:34:37,717 - INFO -    Total requests: 19958, Blocks: 0
2025-10-06 07:34:37,718 - INFO - 
========================================
2025-10-06 07:34:37,718 - INFO - Process Summary:
2025-10-06 07:34:37,718 - INFO - - Current niche: 'huawei'
2025-10-06 07:34:37,718 - INFO - - Next niche will be: 'xiaomi'
2025-10-06 07:34:37,718 - INFO - - Keywords saved in: languages/english/keywords/huawei/
2025-10-06 07:34:37,719 - INFO - ========================================
