2025-11-17 02:07:02,931 - INFO - Log file created at: /home/runner/work/potensitech.com/potensitech.com/languages/english/keywords/logs/kw_search_20251117_020702.log
2025-11-17 02:07:02,932 - INFO - ============================================================
2025-11-17 02:07:02,932 - INFO - AUTOMATIC KEYWORD RESEARCH TOOL
2025-11-17 02:07:02,932 - INFO - ============================================================
2025-11-17 02:07:05,541 - INFO - ========================================
2025-11-17 02:07:05,541 - INFO - Found 14 niches to process: xiaomi, iphone, samsung, apple, sony, asus, philips, sandisk, intel, nvidia, amd, canon, nikon, huawei
2025-11-17 02:07:05,541 - INFO - ========================================
2025-11-17 02:07:05,541 - INFO - Continuing from last processed niche: philips
2025-11-17 02:07:05,541 - INFO - ========================================
2025-11-17 02:07:05,541 - INFO - 🎯 PROCESSING NICHE 8/14: 'sandisk'
2025-11-17 02:07:05,541 - INFO - ========================================
2025-11-17 02:07:05,541 - INFO - 📁 Niche directory: /home/runner/work/potensitech.com/potensitech.com/languages/english/keywords/sandisk
2025-11-17 02:07:05,542 - INFO - Selected region: us
2025-11-17 02:07:05,542 - INFO - Selected language: en
2025-11-17 02:07:05,542 - INFO - 🎯 Current niche: sandisk
2025-11-17 02:07:09,293 - INFO - 🎯 Niche terms for filtering: sandisk, cheap, best, latest, review, price, sell, buy, recommendation, tips, tutorial, guide, how to, vs, versus, compared to, comparison, alternatives, which is better, expensive, discount, deals, sale, affordable, cost, online, offline, marketplace, store, shop, retailer, where to buy, worst, quality, original, genuine, fake, replica, authentic, brand, manufacturer, company, product, sandisk product, sell sandisk, buy sandisk, cheap sandisk, best sandisk, sandisk review, where to buy sandisk, how to choose sandisk, top sandisk, sandisk guide, sandisk for sale, sandisk deals
2025-11-17 02:07:09,294 - INFO - Generated 50 niche-clue pairs for 'sandisk'.
2025-11-17 02:07:09,297 - INFO - Expanded 50 seed keywords to 218 variations
2025-11-17 02:07:09,297 - INFO - 🔧 Request Handler initialized - Success rate: 100.0%
2025-11-17 02:11:31,019 - INFO - Original clue keywords: dslr photography, mirrorless options
2025-11-17 02:11:31,019 - INFO - Niche-focused seeds: dslr photography sandisk, sandisk dslr photography, dslr photography cheap, cheap dslr photography, dslr photography best, best dslr photography, dslr photography latest, latest dslr photography, dslr photography review, review dslr photography, dslr photography price, price dslr photography, dslr photography sell, sell dslr photography, dslr photography buy, buy dslr photography, dslr photography recommendation, recommendation dslr photography, dslr photography tips, tips dslr photography, dslr photography tutorial, tutorial dslr photography, dslr photography guide, guide dslr photography, dslr photography how to, how to dslr photography, dslr photography vs, vs dslr photography, dslr photography versus, versus dslr photography, dslr photography compared to, compared to dslr photography, dslr photography comparison, comparison dslr photography, dslr photography alternatives, alternatives dslr photography, dslr photography which is better, which is better dslr photography, dslr photography expensive, expensive dslr photography, dslr photography discount, discount dslr photography, dslr photography deals, deals dslr photography, dslr photography sale, sale dslr photography, dslr photography affordable, affordable dslr photography, dslr photography cost, cost dslr photography, dslr photography online, online dslr photography, dslr photography offline, offline dslr photography, dslr photography marketplace, marketplace dslr photography, dslr photography store, store dslr photography, dslr photography shop, shop dslr photography, dslr photography retailer, retailer dslr photography, dslr photography where to buy, where to buy dslr photography, dslr photography worst, worst dslr photography, dslr photography quality, quality dslr photography, dslr photography original, original dslr photography, dslr photography genuine, genuine dslr photography, dslr photography fake, fake dslr photography, dslr photography replica, replica dslr photography, dslr photography authentic, authentic dslr photography, dslr photography brand, brand dslr photography, dslr photography manufacturer, manufacturer dslr photography, dslr photography company, company dslr photography, dslr photography product, product dslr photography, dslr photography sandisk product, sandisk product dslr photography, dslr photography sell sandisk, sell sandisk dslr photography, dslr photography buy sandisk, buy sandisk dslr photography, dslr photography cheap sandisk, cheap sandisk dslr photography, dslr photography best sandisk, best sandisk dslr photography, dslr photography sandisk review, sandisk review dslr photography, dslr photography where to buy sandisk, where to buy sandisk dslr photography, dslr photography how to choose sandisk, how to choose sandisk dslr photography, dslr photography top sandisk, top sandisk dslr photography, dslr photography sandisk guide, sandisk guide dslr photography, dslr photography sandisk for sale, sandisk for sale dslr photography, dslr photography sandisk deals, sandisk deals dslr photography, mirrorless options sandisk, sandisk mirrorless options, mirrorless options cheap, cheap mirrorless options, mirrorless options best, best mirrorless options, mirrorless options latest, latest mirrorless options, mirrorless options review, review mirrorless options, mirrorless options price, price mirrorless options, mirrorless options sell, sell mirrorless options, mirrorless options buy, buy mirrorless options, mirrorless options recommendation, recommendation mirrorless options, mirrorless options tips, tips mirrorless options, mirrorless options tutorial, tutorial mirrorless options, mirrorless options guide, guide mirrorless options, mirrorless options how to, how to mirrorless options, mirrorless options vs, vs mirrorless options, mirrorless options versus, versus mirrorless options, mirrorless options compared to, compared to mirrorless options, mirrorless options comparison, comparison mirrorless options, mirrorless options alternatives, alternatives mirrorless options, mirrorless options which is better, which is better mirrorless options, mirrorless options expensive, expensive mirrorless options, mirrorless options discount, discount mirrorless options, mirrorless options deals, deals mirrorless options, mirrorless options sale, sale mirrorless options, mirrorless options affordable, affordable mirrorless options, mirrorless options cost, cost mirrorless options, mirrorless options online, online mirrorless options, mirrorless options offline, offline mirrorless options, mirrorless options marketplace, marketplace mirrorless options, mirrorless options store, store mirrorless options, mirrorless options shop, shop mirrorless options, mirrorless options retailer, retailer mirrorless options, mirrorless options where to buy, where to buy mirrorless options, mirrorless options worst, worst mirrorless options, mirrorless options quality, quality mirrorless options, mirrorless options original, original mirrorless options, mirrorless options genuine, genuine mirrorless options, mirrorless options fake, fake mirrorless options, mirrorless options replica, replica mirrorless options, mirrorless options authentic, authentic mirrorless options, mirrorless options brand, brand mirrorless options, mirrorless options manufacturer, manufacturer mirrorless options, mirrorless options company, company mirrorless options, mirrorless options product, product mirrorless options, mirrorless options sandisk product, sandisk product mirrorless options, mirrorless options sell sandisk, sell sandisk mirrorless options, mirrorless options buy sandisk, buy sandisk mirrorless options, mirrorless options cheap sandisk, cheap sandisk mirrorless options, mirrorless options best sandisk, best sandisk mirrorless options, mirrorless options sandisk review, sandisk review mirrorless options, mirrorless options where to buy sandisk, where to buy sandisk mirrorless options, mirrorless options how to choose sandisk, how to choose sandisk mirrorless options, mirrorless options top sandisk, top sandisk mirrorless options, mirrorless options sandisk guide, sandisk guide mirrorless options, mirrorless options sandisk for sale, sandisk for sale mirrorless options, mirrorless options sandisk deals, sandisk deals mirrorless options
2025-11-17 02:11:31,022 - INFO - Expanded 220 seed keywords to 385 variations
2025-11-17 02:11:31,022 - INFO - Language: en
2025-11-17 02:11:31,022 - INFO - Region: us
2025-11-17 02:12:05,436 - INFO - 🎯 After all filtering for 'sandisk': 120 relevant keywords
2025-11-17 02:12:05,837 - INFO - 🎯 Found 5 new keywords for niche 'sandisk': sandisk affordable dslr photography, sandisk affordable mirrorless options, cheap alternatives dslr photography, cheap alternatives mirrorless options, best authentic dslr photography
2025-11-17 02:12:14,828 - INFO - ✅ Niche 'sandisk' process complete! 213 total keyword results.
2025-11-17 02:12:14,829 - INFO - ✅ Completed processing niche: 'sandisk'
2025-11-17 02:12:14,829 - INFO - 🔧 Request Handler final stats - Success rate: 100.0%
2025-11-17 02:12:14,829 - INFO -    Total requests: 44012, Blocks: 0
2025-11-17 02:12:14,830 - INFO - 
========================================
2025-11-17 02:12:14,830 - INFO - Process Summary:
2025-11-17 02:12:14,830 - INFO - - Current niche: 'sandisk'
2025-11-17 02:12:14,830 - INFO - - Next niche will be: 'intel'
2025-11-17 02:12:14,830 - INFO - - Keywords saved in: languages/english/keywords/sandisk/
2025-11-17 02:12:14,831 - INFO - ========================================
