2025-09-25 09:43:23,980 - INFO - Log file created at: /home/runner/work/potensitech.com/potensitech.com/languages/english/keywords/logs/kw_search_20250925_094323.log
2025-09-25 09:43:23,980 - INFO - ============================================================
2025-09-25 09:43:23,980 - INFO - AUTOMATIC KEYWORD RESEARCH TOOL
2025-09-25 09:43:23,980 - INFO - ============================================================
2025-09-25 09:43:24,104 - INFO - ========================================
2025-09-25 09:43:24,104 - INFO - Found 14 niches to process: xiaomi, iphone, samsung, apple, sony, asus, philips, sandisk, intel, nvidia, amd, canon, nikon, huawei
2025-09-25 09:43:24,104 - INFO - ========================================
2025-09-25 09:43:24,104 - INFO - Continuing from last processed niche: iphone
2025-09-25 09:43:24,104 - INFO - ========================================
2025-09-25 09:43:24,105 - INFO - 🎯 PROCESSING NICHE 3/14: 'samsung'
2025-09-25 09:43:24,105 - INFO - ========================================
2025-09-25 09:43:24,105 - INFO - 📁 Niche directory: /home/runner/work/potensitech.com/potensitech.com/languages/english/keywords/samsung
2025-09-25 09:43:24,105 - INFO - Selected region: us
2025-09-25 09:43:24,105 - INFO - Selected language: en
2025-09-25 09:43:24,105 - INFO - 🎯 Current niche: samsung
2025-09-25 09:43:27,752 - INFO - 🎯 Niche terms for filtering: samsung, cheap, best, latest, review, price, sell, buy, recommendation, tips, tutorial, guide, how to, vs, versus, compared to, comparison, alternatives, which is better, expensive, discount, deals, sale, affordable, cost, online, offline, marketplace, store, shop, retailer, where to buy, worst, quality, original, genuine, fake, replica, authentic, brand, manufacturer, company, product, samsung product, sell samsung, buy samsung, cheap samsung, best samsung, samsung review, where to buy samsung, how to choose samsung, top samsung, samsung guide, samsung for sale, samsung deals
2025-09-25 09:43:27,752 - INFO - Generated 50 niche-clue pairs for 'samsung'.
2025-09-25 09:43:27,755 - INFO - Expanded 50 seed keywords to 218 variations
2025-09-25 09:43:27,756 - INFO - 🔧 Request Handler initialized - Success rate: 100.0%
2025-09-25 09:47:46,741 - INFO - Original clue keywords: camera quality, autofocus speed
2025-09-25 09:47:46,741 - INFO - Niche-focused seeds: camera quality, autofocus speed samsung, samsung autofocus speed, autofocus speed cheap, cheap autofocus speed, autofocus speed best, best autofocus speed, autofocus speed latest, latest autofocus speed, autofocus speed review, review autofocus speed, autofocus speed price, price autofocus speed, autofocus speed sell, sell autofocus speed, autofocus speed buy, buy autofocus speed, autofocus speed recommendation, recommendation autofocus speed, autofocus speed tips, tips autofocus speed, autofocus speed tutorial, tutorial autofocus speed, autofocus speed guide, guide autofocus speed, autofocus speed how to, how to autofocus speed, autofocus speed vs, vs autofocus speed, autofocus speed versus, versus autofocus speed, autofocus speed compared to, compared to autofocus speed, autofocus speed comparison, comparison autofocus speed, autofocus speed alternatives, alternatives autofocus speed, autofocus speed which is better, which is better autofocus speed, autofocus speed expensive, expensive autofocus speed, autofocus speed discount, discount autofocus speed, autofocus speed deals, deals autofocus speed, autofocus speed sale, sale autofocus speed, autofocus speed affordable, affordable autofocus speed, autofocus speed cost, cost autofocus speed, autofocus speed online, online autofocus speed, autofocus speed offline, offline autofocus speed, autofocus speed marketplace, marketplace autofocus speed, autofocus speed store, store autofocus speed, autofocus speed shop, shop autofocus speed, autofocus speed retailer, retailer autofocus speed, autofocus speed where to buy, where to buy autofocus speed, autofocus speed worst, worst autofocus speed, autofocus speed quality, quality autofocus speed, autofocus speed original, original autofocus speed, autofocus speed genuine, genuine autofocus speed, autofocus speed fake, fake autofocus speed, autofocus speed replica, replica autofocus speed, autofocus speed authentic, authentic autofocus speed, autofocus speed brand, brand autofocus speed, autofocus speed manufacturer, manufacturer autofocus speed, autofocus speed company, company autofocus speed, autofocus speed product, product autofocus speed, autofocus speed samsung product, samsung product autofocus speed, autofocus speed sell samsung, sell samsung autofocus speed, autofocus speed buy samsung, buy samsung autofocus speed, autofocus speed cheap samsung, cheap samsung autofocus speed, autofocus speed best samsung, best samsung autofocus speed, autofocus speed samsung review, samsung review autofocus speed, autofocus speed where to buy samsung, where to buy samsung autofocus speed, autofocus speed how to choose samsung, how to choose samsung autofocus speed, autofocus speed top samsung, top samsung autofocus speed, autofocus speed samsung guide, samsung guide autofocus speed, autofocus speed samsung for sale, samsung for sale autofocus speed, autofocus speed samsung deals, samsung deals autofocus speed
2025-09-25 09:47:46,744 - INFO - Expanded 111 seed keywords to 276 variations
2025-09-25 09:47:46,744 - INFO - Language: en
2025-09-25 09:47:46,744 - INFO - Region: us
2025-09-25 09:49:04,738 - INFO - 🎯 After all filtering for 'samsung': 120 relevant keywords
2025-09-25 09:49:04,751 - INFO - 🎯 Found 5 new keywords for niche 'samsung': samsung camera quality, cheap camera quality, best camera quality, how to camera quality, samsung affordable autofocus speed
2025-09-25 09:49:17,055 - INFO - ✅ Niche 'samsung' process complete! 52 total keyword results.
2025-09-25 09:49:17,055 - INFO - ✅ Completed processing niche: 'samsung'
2025-09-25 09:49:17,055 - INFO - 🔧 Request Handler final stats - Success rate: 100.0%
2025-09-25 09:49:17,055 - INFO -    Total requests: 12124, Blocks: 0
2025-09-25 09:49:17,056 - INFO - 
========================================
2025-09-25 09:49:17,057 - INFO - Process Summary:
2025-09-25 09:49:17,057 - INFO - - Current niche: 'samsung'
2025-09-25 09:49:17,057 - INFO - - Next niche will be: 'apple'
2025-09-25 09:49:17,057 - INFO - - Keywords saved in: languages/english/keywords/samsung/
2025-09-25 09:49:17,057 - INFO - ========================================
