2025-09-29 12:34:03,963 - INFO - Log file created at: /home/runner/work/potensitech.com/potensitech.com/languages/english/keywords/logs/kw_search_20250929_123403.log
2025-09-29 12:34:03,964 - INFO - ============================================================
2025-09-29 12:34:03,964 - INFO - AUTOMATIC KEYWORD RESEARCH TOOL
2025-09-29 12:34:03,964 - INFO - ============================================================
2025-09-29 12:34:04,096 - INFO - ========================================
2025-09-29 12:34:04,096 - INFO - Found 14 niches to process: xiaomi, iphone, samsung, apple, sony, asus, philips, sandisk, intel, nvidia, amd, canon, nikon, huawei
2025-09-29 12:34:04,096 - INFO - ========================================
2025-09-29 12:34:04,096 - INFO - Continuing from last processed niche: xiaomi
2025-09-29 12:34:04,096 - INFO - ========================================
2025-09-29 12:34:04,096 - INFO - 🎯 PROCESSING NICHE 2/14: 'iphone'
2025-09-29 12:34:04,097 - INFO - ========================================
2025-09-29 12:34:04,097 - INFO - 📁 Niche directory: /home/runner/work/potensitech.com/potensitech.com/languages/english/keywords/iphone
2025-09-29 12:34:04,097 - INFO - Selected region: us
2025-09-29 12:34:04,097 - INFO - Selected language: en
2025-09-29 12:34:04,097 - INFO - 🎯 Current niche: iphone
2025-09-29 12:34:07,163 - INFO - 🎯 Niche terms for filtering: iphone, cheap, best, latest, review, price, sell, buy, recommendation, tips, tutorial, guide, how to, vs, versus, compared to, comparison, alternatives, which is better, expensive, discount, deals, sale, affordable, cost, online, offline, marketplace, store, shop, retailer, where to buy, worst, quality, original, genuine, fake, replica, authentic, brand, manufacturer, company, product, iphone product, sell iphone, buy iphone, cheap iphone, best iphone, iphone review, where to buy iphone, how to choose iphone, top iphone, iphone guide, iphone for sale, iphone deals
2025-09-29 12:34:07,164 - INFO - Generated 50 niche-clue pairs for 'iphone'.
2025-09-29 12:34:07,167 - INFO - Expanded 50 seed keywords to 218 variations
2025-09-29 12:34:07,167 - INFO - 🔧 Request Handler initialized - Success rate: 100.0%
2025-09-29 12:38:32,517 - INFO - Original clue keywords: graphics performance, ssd storage
2025-09-29 12:38:32,517 - INFO - Niche-focused seeds: graphics performance iphone, iphone graphics performance, graphics performance cheap, cheap graphics performance, graphics performance best, best graphics performance, graphics performance latest, latest graphics performance, graphics performance review, review graphics performance, graphics performance price, price graphics performance, graphics performance sell, sell graphics performance, graphics performance buy, buy graphics performance, graphics performance recommendation, recommendation graphics performance, graphics performance tips, tips graphics performance, graphics performance tutorial, tutorial graphics performance, graphics performance guide, guide graphics performance, graphics performance how to, how to graphics performance, graphics performance vs, vs graphics performance, graphics performance versus, versus graphics performance, graphics performance compared to, compared to graphics performance, graphics performance comparison, comparison graphics performance, graphics performance alternatives, alternatives graphics performance, graphics performance which is better, which is better graphics performance, graphics performance expensive, expensive graphics performance, graphics performance discount, discount graphics performance, graphics performance deals, deals graphics performance, graphics performance sale, sale graphics performance, graphics performance affordable, affordable graphics performance, graphics performance cost, cost graphics performance, graphics performance online, online graphics performance, graphics performance offline, offline graphics performance, graphics performance marketplace, marketplace graphics performance, graphics performance store, store graphics performance, graphics performance shop, shop graphics performance, graphics performance retailer, retailer graphics performance, graphics performance where to buy, where to buy graphics performance, graphics performance worst, worst graphics performance, graphics performance quality, quality graphics performance, graphics performance original, original graphics performance, graphics performance genuine, genuine graphics performance, graphics performance fake, fake graphics performance, graphics performance replica, replica graphics performance, graphics performance authentic, authentic graphics performance, graphics performance brand, brand graphics performance, graphics performance manufacturer, manufacturer graphics performance, graphics performance company, company graphics performance, graphics performance product, product graphics performance, graphics performance iphone product, iphone product graphics performance, graphics performance sell iphone, sell iphone graphics performance, graphics performance buy iphone, buy iphone graphics performance, graphics performance cheap iphone, cheap iphone graphics performance, graphics performance best iphone, best iphone graphics performance, graphics performance iphone review, iphone review graphics performance, graphics performance where to buy iphone, where to buy iphone graphics performance, graphics performance how to choose iphone, how to choose iphone graphics performance, graphics performance top iphone, top iphone graphics performance, graphics performance iphone guide, iphone guide graphics performance, graphics performance iphone for sale, iphone for sale graphics performance, graphics performance iphone deals, iphone deals graphics performance, ssd storage iphone, iphone ssd storage, ssd storage cheap, cheap ssd storage, ssd storage best, best ssd storage, ssd storage latest, latest ssd storage, ssd storage review, review ssd storage, ssd storage price, price ssd storage, ssd storage sell, sell ssd storage, ssd storage buy, buy ssd storage, ssd storage recommendation, recommendation ssd storage, ssd storage tips, tips ssd storage, ssd storage tutorial, tutorial ssd storage, ssd storage guide, guide ssd storage, ssd storage how to, how to ssd storage, ssd storage vs, vs ssd storage, ssd storage versus, versus ssd storage, ssd storage compared to, compared to ssd storage, ssd storage comparison, comparison ssd storage, ssd storage alternatives, alternatives ssd storage, ssd storage which is better, which is better ssd storage, ssd storage expensive, expensive ssd storage, ssd storage discount, discount ssd storage, ssd storage deals, deals ssd storage, ssd storage sale, sale ssd storage, ssd storage affordable, affordable ssd storage, ssd storage cost, cost ssd storage, ssd storage online, online ssd storage, ssd storage offline, offline ssd storage, ssd storage marketplace, marketplace ssd storage, ssd storage store, store ssd storage, ssd storage shop, shop ssd storage, ssd storage retailer, retailer ssd storage, ssd storage where to buy, where to buy ssd storage, ssd storage worst, worst ssd storage, ssd storage quality, quality ssd storage, ssd storage original, original ssd storage, ssd storage genuine, genuine ssd storage, ssd storage fake, fake ssd storage, ssd storage replica, replica ssd storage, ssd storage authentic, authentic ssd storage, ssd storage brand, brand ssd storage, ssd storage manufacturer, manufacturer ssd storage, ssd storage company, company ssd storage, ssd storage product, product ssd storage, ssd storage iphone product, iphone product ssd storage, ssd storage sell iphone, sell iphone ssd storage, ssd storage buy iphone, buy iphone ssd storage, ssd storage cheap iphone, cheap iphone ssd storage, ssd storage best iphone, best iphone ssd storage, ssd storage iphone review, iphone review ssd storage, ssd storage where to buy iphone, where to buy iphone ssd storage, ssd storage how to choose iphone, how to choose iphone ssd storage, ssd storage top iphone, top iphone ssd storage, ssd storage iphone guide, iphone guide ssd storage, ssd storage iphone for sale, iphone for sale ssd storage, ssd storage iphone deals, iphone deals ssd storage
2025-09-29 12:38:32,522 - INFO - Expanded 220 seed keywords to 385 variations
2025-09-29 12:38:32,522 - INFO - Language: en
2025-09-29 12:38:32,522 - INFO - Region: us
2025-09-29 12:42:11,013 - INFO - 🎯 After all filtering for 'iphone': 120 relevant keywords
2025-09-29 12:42:11,457 - INFO - 🎯 Found 4 new keywords for niche 'iphone': iphone affordable graphics performance, iphone affordable ssd storage, cheap alternatives ssd storage, best authentic ssd storage
2025-09-29 12:42:21,928 - INFO - ✅ Niche 'iphone' process complete! 101 total keyword results.
2025-09-29 12:42:21,929 - INFO - ✅ Completed processing niche: 'iphone'
2025-09-29 12:42:21,929 - INFO - 🔧 Request Handler final stats - Success rate: 100.0%
2025-09-29 12:42:21,929 - INFO -    Total requests: 15103, Blocks: 0
2025-09-29 12:42:21,930 - INFO - 
========================================
2025-09-29 12:42:21,930 - INFO - Process Summary:
2025-09-29 12:42:21,930 - INFO - - Current niche: 'iphone'
2025-09-29 12:42:21,930 - INFO - - Next niche will be: 'samsung'
2025-09-29 12:42:21,930 - INFO - - Keywords saved in: languages/english/keywords/iphone/
2025-09-29 12:42:21,930 - INFO - ========================================
