2025-12-20 03:35:10,259 - INFO - Log file created at: /home/runner/work/potensitech.com/potensitech.com/languages/english/keywords/logs/kw_search_20251220_033510.log
2025-12-20 03:35:10,259 - INFO - ============================================================
2025-12-20 03:35:10,259 - INFO - AUTOMATIC KEYWORD RESEARCH TOOL
2025-12-20 03:35:10,259 - INFO - ============================================================
2025-12-20 03:35:10,477 - INFO - ========================================
2025-12-20 03:35:10,477 - INFO - Found 14 niches to process: xiaomi, iphone, samsung, apple, sony, asus, philips, sandisk, intel, nvidia, amd, canon, nikon, huawei
2025-12-20 03:35:10,477 - INFO - ========================================
2025-12-20 03:35:10,477 - INFO - Continuing from last processed niche: iphone
2025-12-20 03:35:10,477 - INFO - ========================================
2025-12-20 03:35:10,477 - INFO - 🎯 PROCESSING NICHE 3/14: 'samsung'
2025-12-20 03:35:10,478 - INFO - ========================================
2025-12-20 03:35:10,478 - INFO - 📁 Niche directory: /home/runner/work/potensitech.com/potensitech.com/languages/english/keywords/samsung
2025-12-20 03:35:10,478 - INFO - Selected region: us
2025-12-20 03:35:10,478 - INFO - Selected language: en
2025-12-20 03:35:10,478 - INFO - 🎯 Current niche: samsung
2025-12-20 03:35:14,635 - INFO - 🎯 Niche terms for filtering: samsung, cheap, best, latest, review, price, sell, buy, recommendation, tips, tutorial, guide, how to, vs, versus, compared to, comparison, alternatives, which is better, expensive, discount, deals, sale, affordable, cost, online, offline, marketplace, store, shop, retailer, where to buy, worst, quality, original, genuine, fake, replica, authentic, brand, manufacturer, company, product, samsung product, sell samsung, buy samsung, cheap samsung, best samsung, samsung review, where to buy samsung, how to choose samsung, top samsung, samsung guide, samsung for sale, samsung deals
2025-12-20 03:35:14,636 - INFO - Generated 50 niche-clue pairs for 'samsung'.
2025-12-20 03:35:14,639 - INFO - Expanded 50 seed keywords to 218 variations
2025-12-20 03:35:14,639 - INFO - 🔧 Request Handler initialized - Success rate: 100.0%
2025-12-20 03:39:38,475 - INFO - Original clue keywords: processor speed, chipset compatibility
2025-12-20 03:39:38,475 - INFO - Niche-focused seeds: processor speed samsung, samsung processor speed, processor speed cheap, cheap processor speed, processor speed best, best processor speed, processor speed latest, latest processor speed, processor speed review, review processor speed, processor speed price, price processor speed, processor speed sell, sell processor speed, processor speed buy, buy processor speed, processor speed recommendation, recommendation processor speed, processor speed tips, tips processor speed, processor speed tutorial, tutorial processor speed, processor speed guide, guide processor speed, processor speed how to, how to processor speed, processor speed vs, vs processor speed, processor speed versus, versus processor speed, processor speed compared to, compared to processor speed, processor speed comparison, comparison processor speed, processor speed alternatives, alternatives processor speed, processor speed which is better, which is better processor speed, processor speed expensive, expensive processor speed, processor speed discount, discount processor speed, processor speed deals, deals processor speed, processor speed sale, sale processor speed, processor speed affordable, affordable processor speed, processor speed cost, cost processor speed, processor speed online, online processor speed, processor speed offline, offline processor speed, processor speed marketplace, marketplace processor speed, processor speed store, store processor speed, processor speed shop, shop processor speed, processor speed retailer, retailer processor speed, processor speed where to buy, where to buy processor speed, processor speed worst, worst processor speed, processor speed quality, quality processor speed, processor speed original, original processor speed, processor speed genuine, genuine processor speed, processor speed fake, fake processor speed, processor speed replica, replica processor speed, processor speed authentic, authentic processor speed, processor speed brand, brand processor speed, processor speed manufacturer, manufacturer processor speed, processor speed company, company processor speed, processor speed product, product processor speed, processor speed samsung product, samsung product processor speed, processor speed sell samsung, sell samsung processor speed, processor speed buy samsung, buy samsung processor speed, processor speed cheap samsung, cheap samsung processor speed, processor speed best samsung, best samsung processor speed, processor speed samsung review, samsung review processor speed, processor speed where to buy samsung, where to buy samsung processor speed, processor speed how to choose samsung, how to choose samsung processor speed, processor speed top samsung, top samsung processor speed, processor speed samsung guide, samsung guide processor speed, processor speed samsung for sale, samsung for sale processor speed, processor speed samsung deals, samsung deals processor speed, chipset compatibility samsung, samsung chipset compatibility, chipset compatibility cheap, cheap chipset compatibility, chipset compatibility best, best chipset compatibility, chipset compatibility latest, latest chipset compatibility, chipset compatibility review, review chipset compatibility, chipset compatibility price, price chipset compatibility, chipset compatibility sell, sell chipset compatibility, chipset compatibility buy, buy chipset compatibility, chipset compatibility recommendation, recommendation chipset compatibility, chipset compatibility tips, tips chipset compatibility, chipset compatibility tutorial, tutorial chipset compatibility, chipset compatibility guide, guide chipset compatibility, chipset compatibility how to, how to chipset compatibility, chipset compatibility vs, vs chipset compatibility, chipset compatibility versus, versus chipset compatibility, chipset compatibility compared to, compared to chipset compatibility, chipset compatibility comparison, comparison chipset compatibility, chipset compatibility alternatives, alternatives chipset compatibility, chipset compatibility which is better, which is better chipset compatibility, chipset compatibility expensive, expensive chipset compatibility, chipset compatibility discount, discount chipset compatibility, chipset compatibility deals, deals chipset compatibility, chipset compatibility sale, sale chipset compatibility, chipset compatibility affordable, affordable chipset compatibility, chipset compatibility cost, cost chipset compatibility, chipset compatibility online, online chipset compatibility, chipset compatibility offline, offline chipset compatibility, chipset compatibility marketplace, marketplace chipset compatibility, chipset compatibility store, store chipset compatibility, chipset compatibility shop, shop chipset compatibility, chipset compatibility retailer, retailer chipset compatibility, chipset compatibility where to buy, where to buy chipset compatibility, chipset compatibility worst, worst chipset compatibility, chipset compatibility quality, quality chipset compatibility, chipset compatibility original, original chipset compatibility, chipset compatibility genuine, genuine chipset compatibility, chipset compatibility fake, fake chipset compatibility, chipset compatibility replica, replica chipset compatibility, chipset compatibility authentic, authentic chipset compatibility, chipset compatibility brand, brand chipset compatibility, chipset compatibility manufacturer, manufacturer chipset compatibility, chipset compatibility company, company chipset compatibility, chipset compatibility product, product chipset compatibility, chipset compatibility samsung product, samsung product chipset compatibility, chipset compatibility sell samsung, sell samsung chipset compatibility, chipset compatibility buy samsung, buy samsung chipset compatibility, chipset compatibility cheap samsung, cheap samsung chipset compatibility, chipset compatibility best samsung, best samsung chipset compatibility, chipset compatibility samsung review, samsung review chipset compatibility, chipset compatibility where to buy samsung, where to buy samsung chipset compatibility, chipset compatibility how to choose samsung, how to choose samsung chipset compatibility, chipset compatibility top samsung, top samsung chipset compatibility, chipset compatibility samsung guide, samsung guide chipset compatibility, chipset compatibility samsung for sale, samsung for sale chipset compatibility, chipset compatibility samsung deals, samsung deals chipset compatibility
2025-12-20 03:39:38,478 - INFO - Expanded 220 seed keywords to 385 variations
2025-12-20 03:39:38,478 - INFO - Language: en
2025-12-20 03:39:38,478 - INFO - Region: us
2025-12-20 03:40:12,228 - INFO - 🎯 After all filtering for 'samsung': 120 relevant keywords
2025-12-20 03:40:13,324 - INFO - 🎯 Found 2 new keywords for niche 'samsung': samsung affordable chipset compatibility, samsung affordable processor speed
2025-12-20 03:40:21,760 - INFO - ✅ Niche 'samsung' process complete! 288 total keyword results.
2025-12-20 03:40:21,760 - INFO - ✅ Completed processing niche: 'samsung'
2025-12-20 03:40:21,760 - INFO - 🔧 Request Handler final stats - Success rate: 100.0%
2025-12-20 03:40:21,760 - INFO -    Total requests: 59356, Blocks: 0
2025-12-20 03:40:21,761 - INFO - 
========================================
2025-12-20 03:40:21,761 - INFO - Process Summary:
2025-12-20 03:40:21,761 - INFO - - Current niche: 'samsung'
2025-12-20 03:40:21,761 - INFO - - Next niche will be: 'apple'
2025-12-20 03:40:21,761 - INFO - - Keywords saved in: languages/english/keywords/samsung/
2025-12-20 03:40:21,762 - INFO - ========================================
