2025-09-29 21:43:09,936 - INFO - Log file created at: /home/runner/work/potensitech.com/potensitech.com/languages/english/keywords/logs/kw_search_20250929_214309.log
2025-09-29 21:43:09,936 - INFO - ============================================================
2025-09-29 21:43:09,936 - INFO - AUTOMATIC KEYWORD RESEARCH TOOL
2025-09-29 21:43:09,936 - INFO - ============================================================
2025-09-29 21:43:10,115 - INFO - ========================================
2025-09-29 21:43:10,116 - INFO - Found 14 niches to process: xiaomi, iphone, samsung, apple, sony, asus, philips, sandisk, intel, nvidia, amd, canon, nikon, huawei
2025-09-29 21:43:10,116 - INFO - ========================================
2025-09-29 21:43:10,116 - INFO - Continuing from last processed niche: sony
2025-09-29 21:43:10,116 - INFO - ========================================
2025-09-29 21:43:10,116 - INFO - 🎯 PROCESSING NICHE 6/14: 'asus'
2025-09-29 21:43:10,116 - INFO - ========================================
2025-09-29 21:43:10,116 - INFO - 📁 Niche directory: /home/runner/work/potensitech.com/potensitech.com/languages/english/keywords/asus
2025-09-29 21:43:10,116 - INFO - Selected region: us
2025-09-29 21:43:10,116 - INFO - Selected language: en
2025-09-29 21:43:10,116 - INFO - 🎯 Current niche: asus
2025-09-29 21:43:14,975 - INFO - 🎯 Niche terms for filtering: asus, cheap, best, latest, review, price, sell, buy, recommendation, tips, tutorial, guide, how to, vs, versus, compared to, comparison, alternatives, which is better, expensive, discount, deals, sale, affordable, cost, online, offline, marketplace, store, shop, retailer, where to buy, worst, quality, original, genuine, fake, replica, authentic, brand, manufacturer, company, product, asus product, sell asus, buy asus, cheap asus, best asus, asus review, where to buy asus, how to choose asus, top asus, asus guide, asus for sale, asus deals
2025-09-29 21:43:14,975 - INFO - Generated 50 niche-clue pairs for 'asus'.
2025-09-29 21:43:14,978 - INFO - Expanded 50 seed keywords to 218 variations
2025-09-29 21:43:14,978 - INFO - 🔧 Request Handler initialized - Success rate: 100.0%
2025-09-29 21:47:39,481 - INFO - Original clue keywords: graphics performance, ssd storage
2025-09-29 21:47:39,481 - INFO - Niche-focused seeds: graphics performance asus, asus graphics performance, graphics performance cheap, cheap graphics performance, graphics performance best, best graphics performance, graphics performance latest, latest graphics performance, graphics performance review, review graphics performance, graphics performance price, price graphics performance, graphics performance sell, sell graphics performance, graphics performance buy, buy graphics performance, graphics performance recommendation, recommendation graphics performance, graphics performance tips, tips graphics performance, graphics performance tutorial, tutorial graphics performance, graphics performance guide, guide graphics performance, graphics performance how to, how to graphics performance, graphics performance vs, vs graphics performance, graphics performance versus, versus graphics performance, graphics performance compared to, compared to graphics performance, graphics performance comparison, comparison graphics performance, graphics performance alternatives, alternatives graphics performance, graphics performance which is better, which is better graphics performance, graphics performance expensive, expensive graphics performance, graphics performance discount, discount graphics performance, graphics performance deals, deals graphics performance, graphics performance sale, sale graphics performance, graphics performance affordable, affordable graphics performance, graphics performance cost, cost graphics performance, graphics performance online, online graphics performance, graphics performance offline, offline graphics performance, graphics performance marketplace, marketplace graphics performance, graphics performance store, store graphics performance, graphics performance shop, shop graphics performance, graphics performance retailer, retailer graphics performance, graphics performance where to buy, where to buy graphics performance, graphics performance worst, worst graphics performance, graphics performance quality, quality graphics performance, graphics performance original, original graphics performance, graphics performance genuine, genuine graphics performance, graphics performance fake, fake graphics performance, graphics performance replica, replica graphics performance, graphics performance authentic, authentic graphics performance, graphics performance brand, brand graphics performance, graphics performance manufacturer, manufacturer graphics performance, graphics performance company, company graphics performance, graphics performance product, product graphics performance, graphics performance asus product, asus product graphics performance, graphics performance sell asus, sell asus graphics performance, graphics performance buy asus, buy asus graphics performance, graphics performance cheap asus, cheap asus graphics performance, graphics performance best asus, best asus graphics performance, graphics performance asus review, asus review graphics performance, graphics performance where to buy asus, where to buy asus graphics performance, graphics performance how to choose asus, how to choose asus graphics performance, graphics performance top asus, top asus graphics performance, graphics performance asus guide, asus guide graphics performance, graphics performance asus for sale, asus for sale graphics performance, graphics performance asus deals, asus deals graphics performance, ssd storage asus, asus ssd storage, ssd storage cheap, cheap ssd storage, ssd storage best, best ssd storage, ssd storage latest, latest ssd storage, ssd storage review, review ssd storage, ssd storage price, price ssd storage, ssd storage sell, sell ssd storage, ssd storage buy, buy ssd storage, ssd storage recommendation, recommendation ssd storage, ssd storage tips, tips ssd storage, ssd storage tutorial, tutorial ssd storage, ssd storage guide, guide ssd storage, ssd storage how to, how to ssd storage, ssd storage vs, vs ssd storage, ssd storage versus, versus ssd storage, ssd storage compared to, compared to ssd storage, ssd storage comparison, comparison ssd storage, ssd storage alternatives, alternatives ssd storage, ssd storage which is better, which is better ssd storage, ssd storage expensive, expensive ssd storage, ssd storage discount, discount ssd storage, ssd storage deals, deals ssd storage, ssd storage sale, sale ssd storage, ssd storage affordable, affordable ssd storage, ssd storage cost, cost ssd storage, ssd storage online, online ssd storage, ssd storage offline, offline ssd storage, ssd storage marketplace, marketplace ssd storage, ssd storage store, store ssd storage, ssd storage shop, shop ssd storage, ssd storage retailer, retailer ssd storage, ssd storage where to buy, where to buy ssd storage, ssd storage worst, worst ssd storage, ssd storage quality, quality ssd storage, ssd storage original, original ssd storage, ssd storage genuine, genuine ssd storage, ssd storage fake, fake ssd storage, ssd storage replica, replica ssd storage, ssd storage authentic, authentic ssd storage, ssd storage brand, brand ssd storage, ssd storage manufacturer, manufacturer ssd storage, ssd storage company, company ssd storage, ssd storage product, product ssd storage, ssd storage asus product, asus product ssd storage, ssd storage sell asus, sell asus ssd storage, ssd storage buy asus, buy asus ssd storage, ssd storage cheap asus, cheap asus ssd storage, ssd storage best asus, best asus ssd storage, ssd storage asus review, asus review ssd storage, ssd storage where to buy asus, where to buy asus ssd storage, ssd storage how to choose asus, how to choose asus ssd storage, ssd storage top asus, top asus ssd storage, ssd storage asus guide, asus guide ssd storage, ssd storage asus for sale, asus for sale ssd storage, ssd storage asus deals, asus deals ssd storage
2025-09-29 21:47:39,484 - INFO - Expanded 220 seed keywords to 385 variations
2025-09-29 21:47:39,484 - INFO - Language: en
2025-09-29 21:47:39,485 - INFO - Region: us
2025-09-29 21:49:48,335 - INFO - 🎯 After all filtering for 'asus': 120 relevant keywords
2025-09-29 21:49:48,581 - INFO - 🎯 Found 5 new keywords for niche 'asus': asus affordable graphics performance, asus affordable ssd storage, cheap alternatives ssd storage, best authentic ssd storage, how to brand ssd storage
2025-09-29 21:50:00,201 - INFO - ✅ Niche 'asus' process complete! 77 total keyword results.
2025-09-29 21:50:00,202 - INFO - ✅ Completed processing niche: 'asus'
2025-09-29 21:50:00,202 - INFO - 🔧 Request Handler final stats - Success rate: 100.0%
2025-09-29 21:50:00,202 - INFO -    Total requests: 15413, Blocks: 0
2025-09-29 21:50:00,203 - INFO - 
========================================
2025-09-29 21:50:00,203 - INFO - Process Summary:
2025-09-29 21:50:00,203 - INFO - - Current niche: 'asus'
2025-09-29 21:50:00,203 - INFO - - Next niche will be: 'philips'
2025-09-29 21:50:00,203 - INFO - - Keywords saved in: languages/english/keywords/asus/
2025-09-29 21:50:00,203 - INFO - ========================================
