2025-09-17 16:53:32,798 - INFO - Log file created at: /home/runner/work/potensitech.com/potensitech.com/languages/english/keywords/logs/kw_search_20250917_165332.log
2025-09-17 16:53:32,798 - INFO - ============================================================
2025-09-17 16:53:32,798 - INFO - AUTOMATIC KEYWORD RESEARCH TOOL
2025-09-17 16:53:32,798 - INFO - ============================================================
2025-09-17 16:53:32,911 - INFO - ========================================
2025-09-17 16:53:32,911 - INFO - Found 14 niches to process: xiaomi, iphone, samsung, apple, sony, asus, philips, sandisk, intel, nvidia, amd, canon, nikon, huawei
2025-09-17 16:53:32,911 - INFO - ========================================
2025-09-17 16:53:32,911 - INFO - Continuing from last processed niche: intel
2025-09-17 16:53:32,911 - INFO - ========================================
2025-09-17 16:53:32,911 - INFO - 🎯 PROCESSING NICHE 10/14: 'nvidia'
2025-09-17 16:53:32,911 - INFO - ========================================
2025-09-17 16:53:32,911 - INFO - 📁 Niche directory: /home/runner/work/potensitech.com/potensitech.com/languages/english/keywords/nvidia
2025-09-17 16:53:32,911 - INFO - Selected region: us
2025-09-17 16:53:32,912 - INFO - Selected language: en
2025-09-17 16:53:32,912 - INFO - 🎯 Current niche: nvidia
2025-09-17 16:53:39,913 - INFO - 🎯 Niche terms for filtering: nvidia, cheap, best, latest, review, price, sell, buy, recommendation, tips, tutorial, guide, how to, vs, versus, compared to, comparison, alternatives, which is better, expensive, discount, deals, sale, affordable, cost, online, offline, marketplace, store, shop, retailer, where to buy, worst, quality, original, genuine, fake, replica, authentic, brand, manufacturer, company, product, nvidia product, sell nvidia, buy nvidia, cheap nvidia, best nvidia, nvidia review, where to buy nvidia, how to choose nvidia, top nvidia, nvidia guide, nvidia for sale, nvidia deals
2025-09-17 16:53:39,913 - INFO - Generated 50 niche-clue pairs for 'nvidia'.
2025-09-17 16:53:39,916 - INFO - Expanded 50 seed keywords to 218 variations
2025-09-17 16:53:39,916 - INFO - 🔧 Request Handler initialized - Success rate: 100.0%
2025-09-17 16:58:05,077 - INFO - Original clue keywords: memory card, data transfer
2025-09-17 16:58:05,077 - INFO - Niche-focused seeds: memory card nvidia, nvidia memory card, memory card cheap, cheap memory card, memory card best, best memory card, memory card latest, latest memory card, memory card review, review memory card, memory card price, price memory card, memory card sell, sell memory card, memory card buy, buy memory card, memory card recommendation, recommendation memory card, memory card tips, tips memory card, memory card tutorial, tutorial memory card, memory card guide, guide memory card, memory card how to, how to memory card, memory card vs, vs memory card, memory card versus, versus memory card, memory card compared to, compared to memory card, memory card comparison, comparison memory card, memory card alternatives, alternatives memory card, memory card which is better, which is better memory card, memory card expensive, expensive memory card, memory card discount, discount memory card, memory card deals, deals memory card, memory card sale, sale memory card, memory card affordable, affordable memory card, memory card cost, cost memory card, memory card online, online memory card, memory card offline, offline memory card, memory card marketplace, marketplace memory card, memory card store, store memory card, memory card shop, shop memory card, memory card retailer, retailer memory card, memory card where to buy, where to buy memory card, memory card worst, worst memory card, memory card quality, quality memory card, memory card original, original memory card, memory card genuine, genuine memory card, memory card fake, fake memory card, memory card replica, replica memory card, memory card authentic, authentic memory card, memory card brand, brand memory card, memory card manufacturer, manufacturer memory card, memory card company, company memory card, memory card product, product memory card, memory card nvidia product, nvidia product memory card, memory card sell nvidia, sell nvidia memory card, memory card buy nvidia, buy nvidia memory card, memory card cheap nvidia, cheap nvidia memory card, memory card best nvidia, best nvidia memory card, memory card nvidia review, nvidia review memory card, memory card where to buy nvidia, where to buy nvidia memory card, memory card how to choose nvidia, how to choose nvidia memory card, memory card top nvidia, top nvidia memory card, memory card nvidia guide, nvidia guide memory card, memory card nvidia for sale, nvidia for sale memory card, memory card nvidia deals, nvidia deals memory card, data transfer nvidia, nvidia data transfer, data transfer cheap, cheap data transfer, data transfer best, best data transfer, data transfer latest, latest data transfer, data transfer review, review data transfer, data transfer price, price data transfer, data transfer sell, sell data transfer, data transfer buy, buy data transfer, data transfer recommendation, recommendation data transfer, data transfer tips, tips data transfer, data transfer tutorial, tutorial data transfer, data transfer guide, guide data transfer, data transfer how to, how to data transfer, data transfer vs, vs data transfer, data transfer versus, versus data transfer, data transfer compared to, compared to data transfer, data transfer comparison, comparison data transfer, data transfer alternatives, alternatives data transfer, data transfer which is better, which is better data transfer, data transfer expensive, expensive data transfer, data transfer discount, discount data transfer, data transfer deals, deals data transfer, data transfer sale, sale data transfer, data transfer affordable, affordable data transfer, data transfer cost, cost data transfer, data transfer online, online data transfer, data transfer offline, offline data transfer, data transfer marketplace, marketplace data transfer, data transfer store, store data transfer, data transfer shop, shop data transfer, data transfer retailer, retailer data transfer, data transfer where to buy, where to buy data transfer, data transfer worst, worst data transfer, data transfer quality, quality data transfer, data transfer original, original data transfer, data transfer genuine, genuine data transfer, data transfer fake, fake data transfer, data transfer replica, replica data transfer, data transfer authentic, authentic data transfer, data transfer brand, brand data transfer, data transfer manufacturer, manufacturer data transfer, data transfer company, company data transfer, data transfer product, product data transfer, data transfer nvidia product, nvidia product data transfer, data transfer sell nvidia, sell nvidia data transfer, data transfer buy nvidia, buy nvidia data transfer, data transfer cheap nvidia, cheap nvidia data transfer, data transfer best nvidia, best nvidia data transfer, data transfer nvidia review, nvidia review data transfer, data transfer where to buy nvidia, where to buy nvidia data transfer, data transfer how to choose nvidia, how to choose nvidia data transfer, data transfer top nvidia, top nvidia data transfer, data transfer nvidia guide, nvidia guide data transfer, data transfer nvidia for sale, nvidia for sale data transfer, data transfer nvidia deals, nvidia deals data transfer
2025-09-17 16:58:05,080 - INFO - Expanded 220 seed keywords to 385 variations
2025-09-17 16:58:05,080 - INFO - Language: en
2025-09-17 16:58:05,080 - INFO - Region: us
2025-09-17 17:02:36,144 - INFO - 🎯 After all filtering for 'nvidia': 120 relevant keywords
2025-09-17 17:02:36,172 - INFO - 🎯 Found 5 new keywords for niche 'nvidia': nvidia affordable data transfer, nvidia affordable memory card, cheap alternatives data transfer, cheap alternatives memory card, best authentic data transfer
2025-09-17 17:02:52,189 - INFO - ✅ Niche 'nvidia' process complete! 22 total keyword results.
2025-09-17 17:02:52,189 - INFO - ✅ Completed processing niche: 'nvidia'
2025-09-17 17:02:52,189 - INFO - 🔧 Request Handler final stats - Success rate: 100.0%
2025-09-17 17:02:52,190 - INFO -    Total requests: 5566, Blocks: 0
2025-09-17 17:02:52,191 - INFO - 
========================================
2025-09-17 17:02:52,191 - INFO - Process Summary:
2025-09-17 17:02:52,191 - INFO - - Current niche: 'nvidia'
2025-09-17 17:02:52,191 - INFO - - Next niche will be: 'amd'
2025-09-17 17:02:52,191 - INFO - - Keywords saved in: languages/english/keywords/nvidia/
2025-09-17 17:02:52,191 - INFO - ========================================
