2025-11-10 21:45:05,540 - INFO - Log file created at: /home/runner/work/potensitech.com/potensitech.com/languages/english/keywords/logs/kw_search_20251110_214505.log
2025-11-10 21:45:05,540 - INFO - ============================================================
2025-11-10 21:45:05,540 - INFO - AUTOMATIC KEYWORD RESEARCH TOOL
2025-11-10 21:45:05,540 - INFO - ============================================================
2025-11-10 21:45:05,725 - INFO - ========================================
2025-11-10 21:45:05,726 - INFO - Found 14 niches to process: xiaomi, iphone, samsung, apple, sony, asus, philips, sandisk, intel, nvidia, amd, canon, nikon, huawei
2025-11-10 21:45:05,726 - INFO - ========================================
2025-11-10 21:45:05,726 - INFO - Continuing from last processed niche: iphone
2025-11-10 21:45:05,726 - INFO - ========================================
2025-11-10 21:45:05,726 - INFO - 🎯 PROCESSING NICHE 3/14: 'samsung'
2025-11-10 21:45:05,726 - INFO - ========================================
2025-11-10 21:45:05,726 - INFO - 📁 Niche directory: /home/runner/work/potensitech.com/potensitech.com/languages/english/keywords/samsung
2025-11-10 21:45:05,726 - INFO - Selected region: us
2025-11-10 21:45:05,726 - INFO - Selected language: en
2025-11-10 21:45:05,726 - INFO - 🎯 Current niche: samsung
2025-11-10 21:45:08,415 - INFO - 🎯 Niche terms for filtering: samsung, cheap, best, latest, review, price, sell, buy, recommendation, tips, tutorial, guide, how to, vs, versus, compared to, comparison, alternatives, which is better, expensive, discount, deals, sale, affordable, cost, online, offline, marketplace, store, shop, retailer, where to buy, worst, quality, original, genuine, fake, replica, authentic, brand, manufacturer, company, product, samsung product, sell samsung, buy samsung, cheap samsung, best samsung, samsung review, where to buy samsung, how to choose samsung, top samsung, samsung guide, samsung for sale, samsung deals
2025-11-10 21:45:08,416 - INFO - Generated 50 niche-clue pairs for 'samsung'.
2025-11-10 21:45:08,419 - INFO - Expanded 50 seed keywords to 218 variations
2025-11-10 21:45:08,419 - INFO - 🔧 Request Handler initialized - Success rate: 100.0%
2025-11-10 21:49:31,608 - INFO - Original clue keywords: processor performance, core efficiency
2025-11-10 21:49:31,608 - INFO - Niche-focused seeds: processor performance samsung, samsung processor performance, processor performance cheap, cheap processor performance, processor performance best, best processor performance, processor performance latest, latest processor performance, processor performance review, review processor performance, processor performance price, price processor performance, processor performance sell, sell processor performance, processor performance buy, buy processor performance, processor performance recommendation, recommendation processor performance, processor performance tips, tips processor performance, processor performance tutorial, tutorial processor performance, processor performance guide, guide processor performance, processor performance how to, how to processor performance, processor performance vs, vs processor performance, processor performance versus, versus processor performance, processor performance compared to, compared to processor performance, processor performance comparison, comparison processor performance, processor performance alternatives, alternatives processor performance, processor performance which is better, which is better processor performance, processor performance expensive, expensive processor performance, processor performance discount, discount processor performance, processor performance deals, deals processor performance, processor performance sale, sale processor performance, processor performance affordable, affordable processor performance, processor performance cost, cost processor performance, processor performance online, online processor performance, processor performance offline, offline processor performance, processor performance marketplace, marketplace processor performance, processor performance store, store processor performance, processor performance shop, shop processor performance, processor performance retailer, retailer processor performance, processor performance where to buy, where to buy processor performance, processor performance worst, worst processor performance, processor performance quality, quality processor performance, processor performance original, original processor performance, processor performance genuine, genuine processor performance, processor performance fake, fake processor performance, processor performance replica, replica processor performance, processor performance authentic, authentic processor performance, processor performance brand, brand processor performance, processor performance manufacturer, manufacturer processor performance, processor performance company, company processor performance, processor performance product, product processor performance, processor performance samsung product, samsung product processor performance, processor performance sell samsung, sell samsung processor performance, processor performance buy samsung, buy samsung processor performance, processor performance cheap samsung, cheap samsung processor performance, processor performance best samsung, best samsung processor performance, processor performance samsung review, samsung review processor performance, processor performance where to buy samsung, where to buy samsung processor performance, processor performance how to choose samsung, how to choose samsung processor performance, processor performance top samsung, top samsung processor performance, processor performance samsung guide, samsung guide processor performance, processor performance samsung for sale, samsung for sale processor performance, processor performance samsung deals, samsung deals processor performance, core efficiency samsung, samsung core efficiency, core efficiency cheap, cheap core efficiency, core efficiency best, best core efficiency, core efficiency latest, latest core efficiency, core efficiency review, review core efficiency, core efficiency price, price core efficiency, core efficiency sell, sell core efficiency, core efficiency buy, buy core efficiency, core efficiency recommendation, recommendation core efficiency, core efficiency tips, tips core efficiency, core efficiency tutorial, tutorial core efficiency, core efficiency guide, guide core efficiency, core efficiency how to, how to core efficiency, core efficiency vs, vs core efficiency, core efficiency versus, versus core efficiency, core efficiency compared to, compared to core efficiency, core efficiency comparison, comparison core efficiency, core efficiency alternatives, alternatives core efficiency, core efficiency which is better, which is better core efficiency, core efficiency expensive, expensive core efficiency, core efficiency discount, discount core efficiency, core efficiency deals, deals core efficiency, core efficiency sale, sale core efficiency, core efficiency affordable, affordable core efficiency, core efficiency cost, cost core efficiency, core efficiency online, online core efficiency, core efficiency offline, offline core efficiency, core efficiency marketplace, marketplace core efficiency, core efficiency store, store core efficiency, core efficiency shop, shop core efficiency, core efficiency retailer, retailer core efficiency, core efficiency where to buy, where to buy core efficiency, core efficiency worst, worst core efficiency, core efficiency quality, quality core efficiency, core efficiency original, original core efficiency, core efficiency genuine, genuine core efficiency, core efficiency fake, fake core efficiency, core efficiency replica, replica core efficiency, core efficiency authentic, authentic core efficiency, core efficiency brand, brand core efficiency, core efficiency manufacturer, manufacturer core efficiency, core efficiency company, company core efficiency, core efficiency product, product core efficiency, core efficiency samsung product, samsung product core efficiency, core efficiency sell samsung, sell samsung core efficiency, core efficiency buy samsung, buy samsung core efficiency, core efficiency cheap samsung, cheap samsung core efficiency, core efficiency best samsung, best samsung core efficiency, core efficiency samsung review, samsung review core efficiency, core efficiency where to buy samsung, where to buy samsung core efficiency, core efficiency how to choose samsung, how to choose samsung core efficiency, core efficiency top samsung, top samsung core efficiency, core efficiency samsung guide, samsung guide core efficiency, core efficiency samsung for sale, samsung for sale core efficiency, core efficiency samsung deals, samsung deals core efficiency
2025-11-10 21:49:31,611 - INFO - Expanded 220 seed keywords to 385 variations
2025-11-10 21:49:31,611 - INFO - Language: en
2025-11-10 21:49:31,611 - INFO - Region: us
2025-11-10 21:51:55,403 - INFO - 🎯 After all filtering for 'samsung': 120 relevant keywords
2025-11-10 21:51:56,037 - INFO - 🎯 Found 5 new keywords for niche 'samsung': samsung affordable core efficiency, samsung affordable processor performance, cheap alternatives core efficiency, best authentic core efficiency, how to brand core efficiency
2025-11-10 21:52:04,564 - INFO - ✅ Niche 'samsung' process complete! 194 total keyword results.
2025-11-10 21:52:04,564 - INFO - ✅ Completed processing niche: 'samsung'
2025-11-10 21:52:04,564 - INFO - 🔧 Request Handler final stats - Success rate: 100.0%
2025-11-10 21:52:04,564 - INFO -    Total requests: 40059, Blocks: 0
2025-11-10 21:52:04,565 - INFO - 
========================================
2025-11-10 21:52:04,565 - INFO - Process Summary:
2025-11-10 21:52:04,565 - INFO - - Current niche: 'samsung'
2025-11-10 21:52:04,565 - INFO - - Next niche will be: 'apple'
2025-11-10 21:52:04,565 - INFO - - Keywords saved in: languages/english/keywords/samsung/
2025-11-10 21:52:04,566 - INFO - ========================================
