2025-09-12 12:38:25,976 - INFO - Log file created at: /home/runner/work/potensitech.com/potensitech.com/languages/english/keywords/logs/kw_search_20250912_123825.log
2025-09-12 12:38:25,976 - INFO - ============================================================
2025-09-12 12:38:25,976 - INFO - AUTOMATIC KEYWORD RESEARCH TOOL
2025-09-12 12:38:25,976 - INFO - ============================================================
2025-09-12 12:38:26,069 - INFO - ========================================
2025-09-12 12:38:26,069 - INFO - Found 14 niches to process: xiaomi, iphone, samsung, apple, sony, asus, philips, sandisk, intel, nvidia, amd, canon, nikon, huawei
2025-09-12 12:38:26,069 - INFO - ========================================
2025-09-12 12:38:26,069 - INFO - Continuing from last processed niche: philips
2025-09-12 12:38:26,069 - INFO - ========================================
2025-09-12 12:38:26,069 - INFO - 🎯 PROCESSING NICHE 8/14: 'sandisk'
2025-09-12 12:38:26,069 - INFO - ========================================
2025-09-12 12:38:26,070 - INFO - 📁 Niche directory: /home/runner/work/potensitech.com/potensitech.com/languages/english/keywords/sandisk
2025-09-12 12:38:26,070 - INFO - Selected region: us
2025-09-12 12:38:26,070 - INFO - Selected language: en
2025-09-12 12:38:26,070 - INFO - 🎯 Current niche: sandisk
2025-09-12 12:38:29,872 - INFO - 🎯 Niche terms for filtering: sandisk, cheap, best, latest, review, price, sell, buy, recommendation, tips, tutorial, guide, how to, vs, versus, compared to, comparison, alternatives, which is better, expensive, discount, deals, sale, affordable, cost, online, offline, marketplace, store, shop, retailer, where to buy, worst, quality, original, genuine, fake, replica, authentic, brand, manufacturer, company, product, sandisk product, sell sandisk, buy sandisk, cheap sandisk, best sandisk, sandisk review, where to buy sandisk, how to choose sandisk, top sandisk, sandisk guide, sandisk for sale, sandisk deals
2025-09-12 12:38:29,873 - INFO - Generated 50 niche-clue pairs for 'sandisk'.
2025-09-12 12:38:29,875 - INFO - Expanded 50 seed keywords to 218 variations
2025-09-12 12:38:29,877 - INFO - 🔧 Request Handler initialized - Success rate: 100.0%
2025-09-12 12:42:56,339 - INFO - Original clue keywords: camera, performance
2025-09-12 12:42:56,339 - INFO - Niche-focused seeds: camera sandisk, sandisk camera, camera cheap, cheap camera, camera best, best camera, camera latest, latest camera, camera review, review camera, camera price, price camera, camera sell, sell camera, camera buy, buy camera, camera recommendation, recommendation camera, camera tips, tips camera, camera tutorial, tutorial camera, camera guide, guide camera, camera how to, how to camera, camera vs, vs camera, camera versus, versus camera, camera compared to, compared to camera, camera comparison, comparison camera, camera alternatives, alternatives camera, camera which is better, which is better camera, camera expensive, expensive camera, camera discount, discount camera, camera deals, deals camera, camera sale, sale camera, camera affordable, affordable camera, camera cost, cost camera, camera online, online camera, camera offline, offline camera, camera marketplace, marketplace camera, camera store, store camera, camera shop, shop camera, camera retailer, retailer camera, camera where to buy, where to buy camera, camera worst, worst camera, camera quality, quality camera, camera original, original camera, camera genuine, genuine camera, camera fake, fake camera, camera replica, replica camera, camera authentic, authentic camera, camera brand, brand camera, camera manufacturer, manufacturer camera, camera company, company camera, camera product, product camera, camera sandisk product, sandisk product camera, camera sell sandisk, sell sandisk camera, camera buy sandisk, buy sandisk camera, camera cheap sandisk, cheap sandisk camera, camera best sandisk, best sandisk camera, camera sandisk review, sandisk review camera, camera where to buy sandisk, where to buy sandisk camera, camera how to choose sandisk, how to choose sandisk camera, camera top sandisk, top sandisk camera, camera sandisk guide, sandisk guide camera, camera sandisk for sale, sandisk for sale camera, camera sandisk deals, sandisk deals camera, performance sandisk, sandisk performance, performance cheap, cheap performance, performance best, best performance, performance latest, latest performance, performance review, review performance, performance price, price performance, performance sell, sell performance, performance buy, buy performance, performance recommendation, recommendation performance, performance tips, tips performance, performance tutorial, tutorial performance, performance guide, guide performance, performance how to, how to performance, performance vs, vs performance, performance versus, versus performance, performance compared to, compared to performance, performance comparison, comparison performance, performance alternatives, alternatives performance, performance which is better, which is better performance, performance expensive, expensive performance, performance discount, discount performance, performance deals, deals performance, performance sale, sale performance, performance affordable, affordable performance, performance cost, cost performance, performance online, online performance, performance offline, offline performance, performance marketplace, marketplace performance, performance store, store performance, performance shop, shop performance, performance retailer, retailer performance, performance where to buy, where to buy performance, performance worst, worst performance, performance quality, quality performance, performance original, original performance, performance genuine, genuine performance, performance fake, fake performance, performance replica, replica performance, performance authentic, authentic performance, performance brand, brand performance, performance manufacturer, manufacturer performance, performance company, company performance, performance product, product performance, performance sandisk product, sandisk product performance, performance sell sandisk, sell sandisk performance, performance buy sandisk, buy sandisk performance, performance cheap sandisk, cheap sandisk performance, performance best sandisk, best sandisk performance, performance sandisk review, sandisk review performance, performance where to buy sandisk, where to buy sandisk performance, performance how to choose sandisk, how to choose sandisk performance, performance top sandisk, top sandisk performance, performance sandisk guide, sandisk guide performance, performance sandisk for sale, sandisk for sale performance, performance sandisk deals, sandisk deals performance
2025-09-12 12:42:56,342 - INFO - Expanded 220 seed keywords to 385 variations
2025-09-12 12:42:56,342 - INFO - Language: en
2025-09-12 12:42:56,342 - INFO - Region: us
2025-09-12 12:47:26,607 - INFO - 🎯 After all filtering for 'sandisk': 120 relevant keywords
2025-09-12 12:47:26,608 - INFO - 🎯 Found 5 new keywords for niche 'sandisk': sandisk affordable camera, cheap affordable camera, best affordable camera, how to affordable camera, sandisk affordable performance
2025-09-12 12:47:36,295 - INFO - ✅ Niche 'sandisk' process complete! 10 total keyword results.
2025-09-12 12:47:36,295 - INFO - ✅ Completed processing niche: 'sandisk'
2025-09-12 12:47:36,295 - INFO - 🔧 Request Handler final stats - Success rate: 100.0%
2025-09-12 12:47:36,295 - INFO -    Total requests: 2862, Blocks: 0
2025-09-12 12:47:36,296 - INFO - 
========================================
2025-09-12 12:47:36,297 - INFO - Process Summary:
2025-09-12 12:47:36,297 - INFO - - Current niche: 'sandisk'
2025-09-12 12:47:36,297 - INFO - - Next niche will be: 'intel'
2025-09-12 12:47:36,297 - INFO - - Keywords saved in: languages/english/keywords/sandisk/
2025-09-12 12:47:36,297 - INFO - ========================================
