2025-09-25 14:39:23,021 - INFO - Log file created at: /home/runner/work/potensitech.com/potensitech.com/languages/english/keywords/logs/kw_search_20250925_143923.log
2025-09-25 14:39:23,021 - INFO - ============================================================
2025-09-25 14:39:23,021 - INFO - AUTOMATIC KEYWORD RESEARCH TOOL
2025-09-25 14:39:23,021 - INFO - ============================================================
2025-09-25 14:39:23,159 - INFO - ========================================
2025-09-25 14:39:23,159 - INFO - Found 14 niches to process: xiaomi, iphone, samsung, apple, sony, asus, philips, sandisk, intel, nvidia, amd, canon, nikon, huawei
2025-09-25 14:39:23,159 - INFO - ========================================
2025-09-25 14:39:23,159 - INFO - Continuing from last processed niche: apple
2025-09-25 14:39:23,159 - INFO - ========================================
2025-09-25 14:39:23,159 - INFO - 🎯 PROCESSING NICHE 5/14: 'sony'
2025-09-25 14:39:23,159 - INFO - ========================================
2025-09-25 14:39:23,159 - INFO - 📁 Niche directory: /home/runner/work/potensitech.com/potensitech.com/languages/english/keywords/sony
2025-09-25 14:39:23,160 - INFO - Selected region: us
2025-09-25 14:39:23,160 - INFO - Selected language: en
2025-09-25 14:39:23,160 - INFO - 🎯 Current niche: sony
2025-09-25 14:39:26,842 - INFO - 🎯 Niche terms for filtering: sony, cheap, best, latest, review, price, sell, buy, recommendation, tips, tutorial, guide, how to, vs, versus, compared to, comparison, alternatives, which is better, expensive, discount, deals, sale, affordable, cost, online, offline, marketplace, store, shop, retailer, where to buy, worst, quality, original, genuine, fake, replica, authentic, brand, manufacturer, company, product, sony product, sell sony, buy sony, cheap sony, best sony, sony review, where to buy sony, how to choose sony, top sony, sony guide, sony for sale, sony deals
2025-09-25 14:39:26,843 - INFO - Generated 50 niche-clue pairs for 'sony'.
2025-09-25 14:39:26,846 - INFO - Expanded 50 seed keywords to 218 variations
2025-09-25 14:39:26,846 - INFO - 🔧 Request Handler initialized - Success rate: 100.0%
2025-09-25 14:43:51,815 - INFO - Original clue keywords: camera quality, autofocus speed
2025-09-25 14:43:51,815 - INFO - Niche-focused seeds: camera quality, autofocus speed sony, sony autofocus speed, autofocus speed cheap, cheap autofocus speed, autofocus speed best, best autofocus speed, autofocus speed latest, latest autofocus speed, autofocus speed review, review autofocus speed, autofocus speed price, price autofocus speed, autofocus speed sell, sell autofocus speed, autofocus speed buy, buy autofocus speed, autofocus speed recommendation, recommendation autofocus speed, autofocus speed tips, tips autofocus speed, autofocus speed tutorial, tutorial autofocus speed, autofocus speed guide, guide autofocus speed, autofocus speed how to, how to autofocus speed, autofocus speed vs, vs autofocus speed, autofocus speed versus, versus autofocus speed, autofocus speed compared to, compared to autofocus speed, autofocus speed comparison, comparison autofocus speed, autofocus speed alternatives, alternatives autofocus speed, autofocus speed which is better, which is better autofocus speed, autofocus speed expensive, expensive autofocus speed, autofocus speed discount, discount autofocus speed, autofocus speed deals, deals autofocus speed, autofocus speed sale, sale autofocus speed, autofocus speed affordable, affordable autofocus speed, autofocus speed cost, cost autofocus speed, autofocus speed online, online autofocus speed, autofocus speed offline, offline autofocus speed, autofocus speed marketplace, marketplace autofocus speed, autofocus speed store, store autofocus speed, autofocus speed shop, shop autofocus speed, autofocus speed retailer, retailer autofocus speed, autofocus speed where to buy, where to buy autofocus speed, autofocus speed worst, worst autofocus speed, autofocus speed quality, quality autofocus speed, autofocus speed original, original autofocus speed, autofocus speed genuine, genuine autofocus speed, autofocus speed fake, fake autofocus speed, autofocus speed replica, replica autofocus speed, autofocus speed authentic, authentic autofocus speed, autofocus speed brand, brand autofocus speed, autofocus speed manufacturer, manufacturer autofocus speed, autofocus speed company, company autofocus speed, autofocus speed product, product autofocus speed, autofocus speed sony product, sony product autofocus speed, autofocus speed sell sony, sell sony autofocus speed, autofocus speed buy sony, buy sony autofocus speed, autofocus speed cheap sony, cheap sony autofocus speed, autofocus speed best sony, best sony autofocus speed, autofocus speed sony review, sony review autofocus speed, autofocus speed where to buy sony, where to buy sony autofocus speed, autofocus speed how to choose sony, how to choose sony autofocus speed, autofocus speed top sony, top sony autofocus speed, autofocus speed sony guide, sony guide autofocus speed, autofocus speed sony for sale, sony for sale autofocus speed, autofocus speed sony deals, sony deals autofocus speed
2025-09-25 14:43:51,818 - INFO - Expanded 111 seed keywords to 276 variations
2025-09-25 14:43:51,819 - INFO - Language: en
2025-09-25 14:43:51,819 - INFO - Region: us
2025-09-25 14:44:55,537 - INFO - 🎯 After all filtering for 'sony': 120 relevant keywords
2025-09-25 14:44:55,553 - INFO - 🎯 Found 5 new keywords for niche 'sony': sony camera quality, cheap camera quality, best camera quality, how to camera quality, sony affordable autofocus speed
2025-09-25 14:45:13,305 - INFO - ✅ Niche 'sony' process complete! 60 total keyword results.
2025-09-25 14:45:13,306 - INFO - ✅ Completed processing niche: 'sony'
2025-09-25 14:45:13,306 - INFO - 🔧 Request Handler final stats - Success rate: 100.0%
2025-09-25 14:45:13,306 - INFO -    Total requests: 12230, Blocks: 0
2025-09-25 14:45:13,307 - INFO - 
========================================
2025-09-25 14:45:13,307 - INFO - Process Summary:
2025-09-25 14:45:13,307 - INFO - - Current niche: 'sony'
2025-09-25 14:45:13,307 - INFO - - Next niche will be: 'asus'
2025-09-25 14:45:13,307 - INFO - - Keywords saved in: languages/english/keywords/sony/
2025-09-25 14:45:13,308 - INFO - ========================================
