2025-11-11 04:55:16,805 - INFO - Log file created at: /home/runner/work/potensitech.com/potensitech.com/languages/english/keywords/logs/kw_search_20251111_045516.log
2025-11-11 04:55:16,806 - INFO - ============================================================
2025-11-11 04:55:16,806 - INFO - AUTOMATIC KEYWORD RESEARCH TOOL
2025-11-11 04:55:16,806 - INFO - ============================================================
2025-11-11 04:55:17,008 - INFO - ========================================
2025-11-11 04:55:17,008 - INFO - Found 14 niches to process: xiaomi, iphone, samsung, apple, sony, asus, philips, sandisk, intel, nvidia, amd, canon, nikon, huawei
2025-11-11 04:55:17,008 - INFO - ========================================
2025-11-11 04:55:17,008 - INFO - Continuing from last processed niche: sony
2025-11-11 04:55:17,008 - INFO - ========================================
2025-11-11 04:55:17,008 - INFO - 🎯 PROCESSING NICHE 6/14: 'asus'
2025-11-11 04:55:17,008 - INFO - ========================================
2025-11-11 04:55:17,008 - INFO - 📁 Niche directory: /home/runner/work/potensitech.com/potensitech.com/languages/english/keywords/asus
2025-11-11 04:55:17,009 - INFO - Selected region: us
2025-11-11 04:55:17,009 - INFO - Selected language: en
2025-11-11 04:55:17,009 - INFO - 🎯 Current niche: asus
2025-11-11 04:55:20,539 - INFO - 🎯 Niche terms for filtering: asus, cheap, best, latest, review, price, sell, buy, recommendation, tips, tutorial, guide, how to, vs, versus, compared to, comparison, alternatives, which is better, expensive, discount, deals, sale, affordable, cost, online, offline, marketplace, store, shop, retailer, where to buy, worst, quality, original, genuine, fake, replica, authentic, brand, manufacturer, company, product, asus product, sell asus, buy asus, cheap asus, best asus, asus review, where to buy asus, how to choose asus, top asus, asus guide, asus for sale, asus deals
2025-11-11 04:55:20,539 - INFO - Generated 50 niche-clue pairs for 'asus'.
2025-11-11 04:55:20,542 - INFO - Expanded 50 seed keywords to 218 variations
2025-11-11 04:55:20,542 - INFO - 🔧 Request Handler initialized - Success rate: 100.0%
2025-11-11 04:59:42,958 - INFO - Original clue keywords: processor performance, core efficiency
2025-11-11 04:59:42,958 - INFO - Niche-focused seeds: processor performance asus, asus processor performance, processor performance cheap, cheap processor performance, processor performance best, best processor performance, processor performance latest, latest processor performance, processor performance review, review processor performance, processor performance price, price processor performance, processor performance sell, sell processor performance, processor performance buy, buy processor performance, processor performance recommendation, recommendation processor performance, processor performance tips, tips processor performance, processor performance tutorial, tutorial processor performance, processor performance guide, guide processor performance, processor performance how to, how to processor performance, processor performance vs, vs processor performance, processor performance versus, versus processor performance, processor performance compared to, compared to processor performance, processor performance comparison, comparison processor performance, processor performance alternatives, alternatives processor performance, processor performance which is better, which is better processor performance, processor performance expensive, expensive processor performance, processor performance discount, discount processor performance, processor performance deals, deals processor performance, processor performance sale, sale processor performance, processor performance affordable, affordable processor performance, processor performance cost, cost processor performance, processor performance online, online processor performance, processor performance offline, offline processor performance, processor performance marketplace, marketplace processor performance, processor performance store, store processor performance, processor performance shop, shop processor performance, processor performance retailer, retailer processor performance, processor performance where to buy, where to buy processor performance, processor performance worst, worst processor performance, processor performance quality, quality processor performance, processor performance original, original processor performance, processor performance genuine, genuine processor performance, processor performance fake, fake processor performance, processor performance replica, replica processor performance, processor performance authentic, authentic processor performance, processor performance brand, brand processor performance, processor performance manufacturer, manufacturer processor performance, processor performance company, company processor performance, processor performance product, product processor performance, processor performance asus product, asus product processor performance, processor performance sell asus, sell asus processor performance, processor performance buy asus, buy asus processor performance, processor performance cheap asus, cheap asus processor performance, processor performance best asus, best asus processor performance, processor performance asus review, asus review processor performance, processor performance where to buy asus, where to buy asus processor performance, processor performance how to choose asus, how to choose asus processor performance, processor performance top asus, top asus processor performance, processor performance asus guide, asus guide processor performance, processor performance asus for sale, asus for sale processor performance, processor performance asus deals, asus deals processor performance, core efficiency asus, asus core efficiency, core efficiency cheap, cheap core efficiency, core efficiency best, best core efficiency, core efficiency latest, latest core efficiency, core efficiency review, review core efficiency, core efficiency price, price core efficiency, core efficiency sell, sell core efficiency, core efficiency buy, buy core efficiency, core efficiency recommendation, recommendation core efficiency, core efficiency tips, tips core efficiency, core efficiency tutorial, tutorial core efficiency, core efficiency guide, guide core efficiency, core efficiency how to, how to core efficiency, core efficiency vs, vs core efficiency, core efficiency versus, versus core efficiency, core efficiency compared to, compared to core efficiency, core efficiency comparison, comparison core efficiency, core efficiency alternatives, alternatives core efficiency, core efficiency which is better, which is better core efficiency, core efficiency expensive, expensive core efficiency, core efficiency discount, discount core efficiency, core efficiency deals, deals core efficiency, core efficiency sale, sale core efficiency, core efficiency affordable, affordable core efficiency, core efficiency cost, cost core efficiency, core efficiency online, online core efficiency, core efficiency offline, offline core efficiency, core efficiency marketplace, marketplace core efficiency, core efficiency store, store core efficiency, core efficiency shop, shop core efficiency, core efficiency retailer, retailer core efficiency, core efficiency where to buy, where to buy core efficiency, core efficiency worst, worst core efficiency, core efficiency quality, quality core efficiency, core efficiency original, original core efficiency, core efficiency genuine, genuine core efficiency, core efficiency fake, fake core efficiency, core efficiency replica, replica core efficiency, core efficiency authentic, authentic core efficiency, core efficiency brand, brand core efficiency, core efficiency manufacturer, manufacturer core efficiency, core efficiency company, company core efficiency, core efficiency product, product core efficiency, core efficiency asus product, asus product core efficiency, core efficiency sell asus, sell asus core efficiency, core efficiency buy asus, buy asus core efficiency, core efficiency cheap asus, cheap asus core efficiency, core efficiency best asus, best asus core efficiency, core efficiency asus review, asus review core efficiency, core efficiency where to buy asus, where to buy asus core efficiency, core efficiency how to choose asus, how to choose asus core efficiency, core efficiency top asus, top asus core efficiency, core efficiency asus guide, asus guide core efficiency, core efficiency asus for sale, asus for sale core efficiency, core efficiency asus deals, asus deals core efficiency
2025-11-11 04:59:42,961 - INFO - Expanded 220 seed keywords to 385 variations
2025-11-11 04:59:42,961 - INFO - Language: en
2025-11-11 04:59:42,961 - INFO - Region: us
2025-11-11 05:02:07,666 - INFO - 🎯 After all filtering for 'asus': 120 relevant keywords
2025-11-11 05:02:08,258 - INFO - 🎯 Found 5 new keywords for niche 'asus': asus affordable core efficiency, asus affordable processor performance, cheap alternatives core efficiency, best authentic core efficiency, how to brand core efficiency
2025-11-11 05:02:17,144 - INFO - ✅ Niche 'asus' process complete! 240 total keyword results.
2025-11-11 05:02:17,144 - INFO - ✅ Completed processing niche: 'asus'
2025-11-11 05:02:17,144 - INFO - 🔧 Request Handler final stats - Success rate: 100.0%
2025-11-11 05:02:17,144 - INFO -    Total requests: 40265, Blocks: 0
2025-11-11 05:02:17,145 - INFO - 
========================================
2025-11-11 05:02:17,145 - INFO - Process Summary:
2025-11-11 05:02:17,145 - INFO - - Current niche: 'asus'
2025-11-11 05:02:17,145 - INFO - - Next niche will be: 'philips'
2025-11-11 05:02:17,145 - INFO - - Keywords saved in: languages/english/keywords/asus/
2025-11-11 05:02:17,146 - INFO - ========================================
