2025-09-18 14:36:04,843 - INFO - Log file created at: /home/runner/work/potensitech.com/potensitech.com/languages/english/keywords/logs/kw_search_20250918_143604.log
2025-09-18 14:36:04,843 - INFO - ============================================================
2025-09-18 14:36:04,843 - INFO - AUTOMATIC KEYWORD RESEARCH TOOL
2025-09-18 14:36:04,843 - INFO - ============================================================
2025-09-18 14:36:05,032 - INFO - ========================================
2025-09-18 14:36:05,032 - INFO - Found 14 niches to process: xiaomi, iphone, samsung, apple, sony, asus, philips, sandisk, intel, nvidia, amd, canon, nikon, huawei
2025-09-18 14:36:05,032 - INFO - ========================================
2025-09-18 14:36:05,032 - INFO - Continuing from last processed niche: apple
2025-09-18 14:36:05,032 - INFO - ========================================
2025-09-18 14:36:05,032 - INFO - 🎯 PROCESSING NICHE 5/14: 'sony'
2025-09-18 14:36:05,032 - INFO - ========================================
2025-09-18 14:36:05,032 - INFO - 📁 Niche directory: /home/runner/work/potensitech.com/potensitech.com/languages/english/keywords/sony
2025-09-18 14:36:05,032 - INFO - Selected region: us
2025-09-18 14:36:05,032 - INFO - Selected language: en
2025-09-18 14:36:05,033 - INFO - 🎯 Current niche: sony
2025-09-18 14:36:11,272 - INFO - 🎯 Niche terms for filtering: sony, cheap, best, latest, review, price, sell, buy, recommendation, tips, tutorial, guide, how to, vs, versus, compared to, comparison, alternatives, which is better, expensive, discount, deals, sale, affordable, cost, online, offline, marketplace, store, shop, retailer, where to buy, worst, quality, original, genuine, fake, replica, authentic, brand, manufacturer, company, product, sony product, sell sony, buy sony, cheap sony, best sony, sony review, where to buy sony, how to choose sony, top sony, sony guide, sony for sale, sony deals
2025-09-18 14:36:11,273 - INFO - Generated 50 niche-clue pairs for 'sony'.
2025-09-18 14:36:11,276 - INFO - Expanded 50 seed keywords to 218 variations
2025-09-18 14:36:11,276 - INFO - 🔧 Request Handler initialized - Success rate: 100.0%
2025-09-18 14:40:31,824 - INFO - Original clue keywords: memory card, data transfer
2025-09-18 14:40:31,824 - INFO - Niche-focused seeds: memory card sony, sony memory card, memory card cheap, cheap memory card, memory card best, best memory card, memory card latest, latest memory card, memory card review, review memory card, memory card price, price memory card, memory card sell, sell memory card, memory card buy, buy memory card, memory card recommendation, recommendation memory card, memory card tips, tips memory card, memory card tutorial, tutorial memory card, memory card guide, guide memory card, memory card how to, how to memory card, memory card vs, vs memory card, memory card versus, versus memory card, memory card compared to, compared to memory card, memory card comparison, comparison memory card, memory card alternatives, alternatives memory card, memory card which is better, which is better memory card, memory card expensive, expensive memory card, memory card discount, discount memory card, memory card deals, deals memory card, memory card sale, sale memory card, memory card affordable, affordable memory card, memory card cost, cost memory card, memory card online, online memory card, memory card offline, offline memory card, memory card marketplace, marketplace memory card, memory card store, store memory card, memory card shop, shop memory card, memory card retailer, retailer memory card, memory card where to buy, where to buy memory card, memory card worst, worst memory card, memory card quality, quality memory card, memory card original, original memory card, memory card genuine, genuine memory card, memory card fake, fake memory card, memory card replica, replica memory card, memory card authentic, authentic memory card, memory card brand, brand memory card, memory card manufacturer, manufacturer memory card, memory card company, company memory card, memory card product, product memory card, memory card sony product, sony product memory card, memory card sell sony, sell sony memory card, memory card buy sony, buy sony memory card, memory card cheap sony, cheap sony memory card, memory card best sony, best sony memory card, memory card sony review, sony review memory card, memory card where to buy sony, where to buy sony memory card, memory card how to choose sony, how to choose sony memory card, memory card top sony, top sony memory card, memory card sony guide, sony guide memory card, memory card sony for sale, sony for sale memory card, memory card sony deals, sony deals memory card, data transfer sony, sony data transfer, data transfer cheap, cheap data transfer, data transfer best, best data transfer, data transfer latest, latest data transfer, data transfer review, review data transfer, data transfer price, price data transfer, data transfer sell, sell data transfer, data transfer buy, buy data transfer, data transfer recommendation, recommendation data transfer, data transfer tips, tips data transfer, data transfer tutorial, tutorial data transfer, data transfer guide, guide data transfer, data transfer how to, how to data transfer, data transfer vs, vs data transfer, data transfer versus, versus data transfer, data transfer compared to, compared to data transfer, data transfer comparison, comparison data transfer, data transfer alternatives, alternatives data transfer, data transfer which is better, which is better data transfer, data transfer expensive, expensive data transfer, data transfer discount, discount data transfer, data transfer deals, deals data transfer, data transfer sale, sale data transfer, data transfer affordable, affordable data transfer, data transfer cost, cost data transfer, data transfer online, online data transfer, data transfer offline, offline data transfer, data transfer marketplace, marketplace data transfer, data transfer store, store data transfer, data transfer shop, shop data transfer, data transfer retailer, retailer data transfer, data transfer where to buy, where to buy data transfer, data transfer worst, worst data transfer, data transfer quality, quality data transfer, data transfer original, original data transfer, data transfer genuine, genuine data transfer, data transfer fake, fake data transfer, data transfer replica, replica data transfer, data transfer authentic, authentic data transfer, data transfer brand, brand data transfer, data transfer manufacturer, manufacturer data transfer, data transfer company, company data transfer, data transfer product, product data transfer, data transfer sony product, sony product data transfer, data transfer sell sony, sell sony data transfer, data transfer buy sony, buy sony data transfer, data transfer cheap sony, cheap sony data transfer, data transfer best sony, best sony data transfer, data transfer sony review, sony review data transfer, data transfer where to buy sony, where to buy sony data transfer, data transfer how to choose sony, how to choose sony data transfer, data transfer top sony, top sony data transfer, data transfer sony guide, sony guide data transfer, data transfer sony for sale, sony for sale data transfer, data transfer sony deals, sony deals data transfer
2025-09-18 14:40:31,827 - INFO - Expanded 220 seed keywords to 385 variations
2025-09-18 14:40:31,827 - INFO - Language: en
2025-09-18 14:40:31,827 - INFO - Region: us
2025-09-18 14:45:04,708 - INFO - 🎯 After all filtering for 'sony': 120 relevant keywords
2025-09-18 14:45:04,749 - INFO - 🎯 Found 5 new keywords for niche 'sony': sony affordable data transfer, sony affordable memory card, cheap alternatives data transfer, cheap alternatives memory card, best authentic data transfer
2025-09-18 14:45:21,192 - INFO - ✅ Niche 'sony' process complete! 29 total keyword results.
2025-09-18 14:45:21,192 - INFO - ✅ Completed processing niche: 'sony'
2025-09-18 14:45:21,192 - INFO - 🔧 Request Handler final stats - Success rate: 100.0%
2025-09-18 14:45:21,192 - INFO -    Total requests: 6380, Blocks: 0
2025-09-18 14:45:21,193 - INFO - 
========================================
2025-09-18 14:45:21,193 - INFO - Process Summary:
2025-09-18 14:45:21,193 - INFO - - Current niche: 'sony'
2025-09-18 14:45:21,193 - INFO - - Next niche will be: 'asus'
2025-09-18 14:45:21,193 - INFO - - Keywords saved in: languages/english/keywords/sony/
2025-09-18 14:45:21,194 - INFO - ========================================
