2025-11-22 02:00:07,685 - INFO - Log file created at: /home/runner/work/potensitech.com/potensitech.com/languages/english/keywords/logs/kw_search_20251122_020007.log
2025-11-22 02:00:07,685 - INFO - ============================================================
2025-11-22 02:00:07,685 - INFO - AUTOMATIC KEYWORD RESEARCH TOOL
2025-11-22 02:00:07,685 - INFO - ============================================================
2025-11-22 02:00:07,880 - INFO - ========================================
2025-11-22 02:00:07,880 - INFO - Found 14 niches to process: xiaomi, iphone, samsung, apple, sony, asus, philips, sandisk, intel, nvidia, amd, canon, nikon, huawei
2025-11-22 02:00:07,880 - INFO - ========================================
2025-11-22 02:00:07,880 - INFO - Continuing from last processed niche: xiaomi
2025-11-22 02:00:07,880 - INFO - ========================================
2025-11-22 02:00:07,880 - INFO - 🎯 PROCESSING NICHE 2/14: 'iphone'
2025-11-22 02:00:07,880 - INFO - ========================================
2025-11-22 02:00:07,880 - INFO - 📁 Niche directory: /home/runner/work/potensitech.com/potensitech.com/languages/english/keywords/iphone
2025-11-22 02:00:07,880 - INFO - Selected region: us
2025-11-22 02:00:07,880 - INFO - Selected language: en
2025-11-22 02:00:07,881 - INFO - 🎯 Current niche: iphone
2025-11-22 02:00:11,390 - INFO - 🎯 Niche terms for filtering: iphone, cheap, best, latest, review, price, sell, buy, recommendation, tips, tutorial, guide, how to, vs, versus, compared to, comparison, alternatives, which is better, expensive, discount, deals, sale, affordable, cost, online, offline, marketplace, store, shop, retailer, where to buy, worst, quality, original, genuine, fake, replica, authentic, brand, manufacturer, company, product, iphone product, sell iphone, buy iphone, cheap iphone, best iphone, iphone review, where to buy iphone, how to choose iphone, top iphone, iphone guide, iphone for sale, iphone deals
2025-11-22 02:00:11,391 - INFO - Generated 50 niche-clue pairs for 'iphone'.
2025-11-22 02:00:11,393 - INFO - Expanded 50 seed keywords to 218 variations
2025-11-22 02:00:11,393 - INFO - 🔧 Request Handler initialized - Success rate: 100.0%
2025-11-22 02:04:36,522 - INFO - Original clue keywords: processor speed, chipset compatibility
2025-11-22 02:04:36,522 - INFO - Niche-focused seeds: processor speed iphone, iphone processor speed, processor speed cheap, cheap processor speed, processor speed best, best processor speed, processor speed latest, latest processor speed, processor speed review, review processor speed, processor speed price, price processor speed, processor speed sell, sell processor speed, processor speed buy, buy processor speed, processor speed recommendation, recommendation processor speed, processor speed tips, tips processor speed, processor speed tutorial, tutorial processor speed, processor speed guide, guide processor speed, processor speed how to, how to processor speed, processor speed vs, vs processor speed, processor speed versus, versus processor speed, processor speed compared to, compared to processor speed, processor speed comparison, comparison processor speed, processor speed alternatives, alternatives processor speed, processor speed which is better, which is better processor speed, processor speed expensive, expensive processor speed, processor speed discount, discount processor speed, processor speed deals, deals processor speed, processor speed sale, sale processor speed, processor speed affordable, affordable processor speed, processor speed cost, cost processor speed, processor speed online, online processor speed, processor speed offline, offline processor speed, processor speed marketplace, marketplace processor speed, processor speed store, store processor speed, processor speed shop, shop processor speed, processor speed retailer, retailer processor speed, processor speed where to buy, where to buy processor speed, processor speed worst, worst processor speed, processor speed quality, quality processor speed, processor speed original, original processor speed, processor speed genuine, genuine processor speed, processor speed fake, fake processor speed, processor speed replica, replica processor speed, processor speed authentic, authentic processor speed, processor speed brand, brand processor speed, processor speed manufacturer, manufacturer processor speed, processor speed company, company processor speed, processor speed product, product processor speed, processor speed iphone product, iphone product processor speed, processor speed sell iphone, sell iphone processor speed, processor speed buy iphone, buy iphone processor speed, processor speed cheap iphone, cheap iphone processor speed, processor speed best iphone, best iphone processor speed, processor speed iphone review, iphone review processor speed, processor speed where to buy iphone, where to buy iphone processor speed, processor speed how to choose iphone, how to choose iphone processor speed, processor speed top iphone, top iphone processor speed, processor speed iphone guide, iphone guide processor speed, processor speed iphone for sale, iphone for sale processor speed, processor speed iphone deals, iphone deals processor speed, chipset compatibility iphone, iphone chipset compatibility, chipset compatibility cheap, cheap chipset compatibility, chipset compatibility best, best chipset compatibility, chipset compatibility latest, latest chipset compatibility, chipset compatibility review, review chipset compatibility, chipset compatibility price, price chipset compatibility, chipset compatibility sell, sell chipset compatibility, chipset compatibility buy, buy chipset compatibility, chipset compatibility recommendation, recommendation chipset compatibility, chipset compatibility tips, tips chipset compatibility, chipset compatibility tutorial, tutorial chipset compatibility, chipset compatibility guide, guide chipset compatibility, chipset compatibility how to, how to chipset compatibility, chipset compatibility vs, vs chipset compatibility, chipset compatibility versus, versus chipset compatibility, chipset compatibility compared to, compared to chipset compatibility, chipset compatibility comparison, comparison chipset compatibility, chipset compatibility alternatives, alternatives chipset compatibility, chipset compatibility which is better, which is better chipset compatibility, chipset compatibility expensive, expensive chipset compatibility, chipset compatibility discount, discount chipset compatibility, chipset compatibility deals, deals chipset compatibility, chipset compatibility sale, sale chipset compatibility, chipset compatibility affordable, affordable chipset compatibility, chipset compatibility cost, cost chipset compatibility, chipset compatibility online, online chipset compatibility, chipset compatibility offline, offline chipset compatibility, chipset compatibility marketplace, marketplace chipset compatibility, chipset compatibility store, store chipset compatibility, chipset compatibility shop, shop chipset compatibility, chipset compatibility retailer, retailer chipset compatibility, chipset compatibility where to buy, where to buy chipset compatibility, chipset compatibility worst, worst chipset compatibility, chipset compatibility quality, quality chipset compatibility, chipset compatibility original, original chipset compatibility, chipset compatibility genuine, genuine chipset compatibility, chipset compatibility fake, fake chipset compatibility, chipset compatibility replica, replica chipset compatibility, chipset compatibility authentic, authentic chipset compatibility, chipset compatibility brand, brand chipset compatibility, chipset compatibility manufacturer, manufacturer chipset compatibility, chipset compatibility company, company chipset compatibility, chipset compatibility product, product chipset compatibility, chipset compatibility iphone product, iphone product chipset compatibility, chipset compatibility sell iphone, sell iphone chipset compatibility, chipset compatibility buy iphone, buy iphone chipset compatibility, chipset compatibility cheap iphone, cheap iphone chipset compatibility, chipset compatibility best iphone, best iphone chipset compatibility, chipset compatibility iphone review, iphone review chipset compatibility, chipset compatibility where to buy iphone, where to buy iphone chipset compatibility, chipset compatibility how to choose iphone, how to choose iphone chipset compatibility, chipset compatibility top iphone, top iphone chipset compatibility, chipset compatibility iphone guide, iphone guide chipset compatibility, chipset compatibility iphone for sale, iphone for sale chipset compatibility, chipset compatibility iphone deals, iphone deals chipset compatibility
2025-11-22 02:04:36,524 - INFO - Expanded 220 seed keywords to 385 variations
2025-11-22 02:04:36,524 - INFO - Language: en
2025-11-22 02:04:36,524 - INFO - Region: us
2025-11-22 02:05:05,812 - INFO - 🎯 After all filtering for 'iphone': 120 relevant keywords
2025-11-22 02:05:06,890 - INFO - 🎯 Found 2 new keywords for niche 'iphone': iphone affordable chipset compatibility, iphone affordable processor speed
2025-11-22 02:05:14,264 - INFO - ✅ Niche 'iphone' process complete! 281 total keyword results.
2025-11-22 02:05:14,264 - INFO - ✅ Completed processing niche: 'iphone'
2025-11-22 02:05:14,264 - INFO - 🔧 Request Handler final stats - Success rate: 100.0%
2025-11-22 02:05:14,264 - INFO -    Total requests: 46514, Blocks: 0
2025-11-22 02:05:14,265 - INFO - 
========================================
2025-11-22 02:05:14,265 - INFO - Process Summary:
2025-11-22 02:05:14,265 - INFO - - Current niche: 'iphone'
2025-11-22 02:05:14,265 - INFO - - Next niche will be: 'samsung'
2025-11-22 02:05:14,265 - INFO - - Keywords saved in: languages/english/keywords/iphone/
2025-11-22 02:05:14,265 - INFO - ========================================
