2025-10-10 03:12:21,244 - INFO - Log file created at: /home/runner/work/potensitech.com/potensitech.com/languages/english/keywords/logs/kw_search_20251010_031221.log
2025-10-10 03:12:21,244 - INFO - ============================================================
2025-10-10 03:12:21,245 - INFO - AUTOMATIC KEYWORD RESEARCH TOOL
2025-10-10 03:12:21,245 - INFO - ============================================================
2025-10-10 03:12:21,392 - INFO - ========================================
2025-10-10 03:12:21,392 - INFO - Found 14 niches to process: xiaomi, iphone, samsung, apple, sony, asus, philips, sandisk, intel, nvidia, amd, canon, nikon, huawei
2025-10-10 03:12:21,392 - INFO - ========================================
2025-10-10 03:12:21,392 - INFO - Continuing from last processed niche: intel
2025-10-10 03:12:21,393 - INFO - ========================================
2025-10-10 03:12:21,393 - INFO - 🎯 PROCESSING NICHE 10/14: 'nvidia'
2025-10-10 03:12:21,393 - INFO - ========================================
2025-10-10 03:12:21,393 - INFO - 📁 Niche directory: /home/runner/work/potensitech.com/potensitech.com/languages/english/keywords/nvidia
2025-10-10 03:12:21,393 - INFO - Selected region: us
2025-10-10 03:12:21,393 - INFO - Selected language: en
2025-10-10 03:12:21,393 - INFO - 🎯 Current niche: nvidia
2025-10-10 03:12:23,882 - INFO - 🎯 Niche terms for filtering: nvidia, cheap, best, latest, review, price, sell, buy, recommendation, tips, tutorial, guide, how to, vs, versus, compared to, comparison, alternatives, which is better, expensive, discount, deals, sale, affordable, cost, online, offline, marketplace, store, shop, retailer, where to buy, worst, quality, original, genuine, fake, replica, authentic, brand, manufacturer, company, product, nvidia product, sell nvidia, buy nvidia, cheap nvidia, best nvidia, nvidia review, where to buy nvidia, how to choose nvidia, top nvidia, nvidia guide, nvidia for sale, nvidia deals
2025-10-10 03:12:23,883 - INFO - Generated 50 niche-clue pairs for 'nvidia'.
2025-10-10 03:12:23,886 - INFO - Expanded 50 seed keywords to 218 variations
2025-10-10 03:12:23,886 - INFO - 🔧 Request Handler initialized - Success rate: 100.0%
2025-10-10 03:16:53,385 - INFO - Original clue keywords: performance boost, ai rendering
2025-10-10 03:16:53,385 - INFO - Niche-focused seeds: performance boost nvidia, nvidia performance boost, performance boost cheap, cheap performance boost, performance boost best, best performance boost, performance boost latest, latest performance boost, performance boost review, review performance boost, performance boost price, price performance boost, performance boost sell, sell performance boost, performance boost buy, buy performance boost, performance boost recommendation, recommendation performance boost, performance boost tips, tips performance boost, performance boost tutorial, tutorial performance boost, performance boost guide, guide performance boost, performance boost how to, how to performance boost, performance boost vs, vs performance boost, performance boost versus, versus performance boost, performance boost compared to, compared to performance boost, performance boost comparison, comparison performance boost, performance boost alternatives, alternatives performance boost, performance boost which is better, which is better performance boost, performance boost expensive, expensive performance boost, performance boost discount, discount performance boost, performance boost deals, deals performance boost, performance boost sale, sale performance boost, performance boost affordable, affordable performance boost, performance boost cost, cost performance boost, performance boost online, online performance boost, performance boost offline, offline performance boost, performance boost marketplace, marketplace performance boost, performance boost store, store performance boost, performance boost shop, shop performance boost, performance boost retailer, retailer performance boost, performance boost where to buy, where to buy performance boost, performance boost worst, worst performance boost, performance boost quality, quality performance boost, performance boost original, original performance boost, performance boost genuine, genuine performance boost, performance boost fake, fake performance boost, performance boost replica, replica performance boost, performance boost authentic, authentic performance boost, performance boost brand, brand performance boost, performance boost manufacturer, manufacturer performance boost, performance boost company, company performance boost, performance boost product, product performance boost, performance boost nvidia product, nvidia product performance boost, performance boost sell nvidia, sell nvidia performance boost, performance boost buy nvidia, buy nvidia performance boost, performance boost cheap nvidia, cheap nvidia performance boost, performance boost best nvidia, best nvidia performance boost, performance boost nvidia review, nvidia review performance boost, performance boost where to buy nvidia, where to buy nvidia performance boost, performance boost how to choose nvidia, how to choose nvidia performance boost, performance boost top nvidia, top nvidia performance boost, performance boost nvidia guide, nvidia guide performance boost, performance boost nvidia for sale, nvidia for sale performance boost, performance boost nvidia deals, nvidia deals performance boost, ai rendering nvidia, nvidia ai rendering, ai rendering cheap, cheap ai rendering, ai rendering best, best ai rendering, ai rendering latest, latest ai rendering, ai rendering review, review ai rendering, ai rendering price, price ai rendering, ai rendering sell, sell ai rendering, ai rendering buy, buy ai rendering, ai rendering recommendation, recommendation ai rendering, ai rendering tips, tips ai rendering, ai rendering tutorial, tutorial ai rendering, ai rendering guide, guide ai rendering, ai rendering how to, how to ai rendering, ai rendering vs, vs ai rendering, ai rendering versus, versus ai rendering, ai rendering compared to, compared to ai rendering, ai rendering comparison, comparison ai rendering, ai rendering alternatives, alternatives ai rendering, ai rendering which is better, which is better ai rendering, ai rendering expensive, expensive ai rendering, ai rendering discount, discount ai rendering, ai rendering deals, deals ai rendering, ai rendering sale, sale ai rendering, ai rendering affordable, affordable ai rendering, ai rendering cost, cost ai rendering, ai rendering online, online ai rendering, ai rendering offline, offline ai rendering, ai rendering marketplace, marketplace ai rendering, ai rendering store, store ai rendering, ai rendering shop, shop ai rendering, ai rendering retailer, retailer ai rendering, ai rendering where to buy, where to buy ai rendering, ai rendering worst, worst ai rendering, ai rendering quality, quality ai rendering, ai rendering original, original ai rendering, ai rendering genuine, genuine ai rendering, ai rendering fake, fake ai rendering, ai rendering replica, replica ai rendering, ai rendering authentic, authentic ai rendering, ai rendering brand, brand ai rendering, ai rendering manufacturer, manufacturer ai rendering, ai rendering company, company ai rendering, ai rendering product, product ai rendering, ai rendering nvidia product, nvidia product ai rendering, ai rendering sell nvidia, sell nvidia ai rendering, ai rendering buy nvidia, buy nvidia ai rendering, ai rendering cheap nvidia, cheap nvidia ai rendering, ai rendering best nvidia, best nvidia ai rendering, ai rendering nvidia review, nvidia review ai rendering, ai rendering where to buy nvidia, where to buy nvidia ai rendering, ai rendering how to choose nvidia, how to choose nvidia ai rendering, ai rendering top nvidia, top nvidia ai rendering, ai rendering nvidia guide, nvidia guide ai rendering, ai rendering nvidia for sale, nvidia for sale ai rendering, ai rendering nvidia deals, nvidia deals ai rendering
2025-10-10 03:16:53,389 - INFO - Expanded 220 seed keywords to 385 variations
2025-10-10 03:16:53,389 - INFO - Language: en
2025-10-10 03:16:53,389 - INFO - Region: us
2025-10-10 03:17:26,019 - INFO - 🎯 After all filtering for 'nvidia': 120 relevant keywords
2025-10-10 03:17:26,229 - INFO - 🎯 Found 2 new keywords for niche 'nvidia': nvidia affordable ai rendering, nvidia affordable performance boost
2025-10-10 03:17:34,597 - INFO - ✅ Niche 'nvidia' process complete! 137 total keyword results.
2025-10-10 03:17:34,597 - INFO - ✅ Completed processing niche: 'nvidia'
2025-10-10 03:17:34,597 - INFO - 🔧 Request Handler final stats - Success rate: 100.0%
2025-10-10 03:17:34,597 - INFO -    Total requests: 22782, Blocks: 0
2025-10-10 03:17:34,599 - INFO - 
========================================
2025-10-10 03:17:34,599 - INFO - Process Summary:
2025-10-10 03:17:34,599 - INFO - - Current niche: 'nvidia'
2025-10-10 03:17:34,599 - INFO - - Next niche will be: 'amd'
2025-10-10 03:17:34,599 - INFO - - Keywords saved in: languages/english/keywords/nvidia/
2025-10-10 03:17:34,600 - INFO - ========================================
