2025-10-19 14:32:19,621 - INFO - Log file created at: /home/runner/work/potensitech.com/potensitech.com/languages/english/keywords/logs/kw_search_20251019_143219.log
2025-10-19 14:32:19,622 - INFO - ============================================================
2025-10-19 14:32:19,622 - INFO - AUTOMATIC KEYWORD RESEARCH TOOL
2025-10-19 14:32:19,622 - INFO - ============================================================
2025-10-19 14:32:19,775 - INFO - ========================================
2025-10-19 14:32:19,775 - INFO - Found 14 niches to process: xiaomi, iphone, samsung, apple, sony, asus, philips, sandisk, intel, nvidia, amd, canon, nikon, huawei
2025-10-19 14:32:19,775 - INFO - ========================================
2025-10-19 14:32:19,775 - INFO - Continuing from last processed niche: asus
2025-10-19 14:32:19,775 - INFO - ========================================
2025-10-19 14:32:19,775 - INFO - 🎯 PROCESSING NICHE 7/14: 'philips'
2025-10-19 14:32:19,775 - INFO - ========================================
2025-10-19 14:32:19,775 - INFO - 📁 Niche directory: /home/runner/work/potensitech.com/potensitech.com/languages/english/keywords/philips
2025-10-19 14:32:19,775 - INFO - Selected region: us
2025-10-19 14:32:19,775 - INFO - Selected language: en
2025-10-19 14:32:19,775 - INFO - 🎯 Current niche: philips
2025-10-19 14:32:25,307 - INFO - 🎯 Niche terms for filtering: philips, cheap, best, latest, review, price, sell, buy, recommendation, tips, tutorial, guide, how to, vs, versus, compared to, comparison, alternatives, which is better, expensive, discount, deals, sale, affordable, cost, online, offline, marketplace, store, shop, retailer, where to buy, worst, quality, original, genuine, fake, replica, authentic, brand, manufacturer, company, product, philips product, sell philips, buy philips, cheap philips, best philips, philips review, where to buy philips, how to choose philips, top philips, philips guide, philips for sale, philips deals
2025-10-19 14:32:25,307 - INFO - Generated 50 niche-clue pairs for 'philips'.
2025-10-19 14:32:25,310 - INFO - Expanded 50 seed keywords to 218 variations
2025-10-19 14:32:25,311 - INFO - 🔧 Request Handler initialized - Success rate: 100.0%
2025-10-19 14:36:48,630 - INFO - Original clue keywords: dslr photography, mirrorless technology
2025-10-19 14:36:48,631 - INFO - Niche-focused seeds: dslr photography philips, philips dslr photography, dslr photography cheap, cheap dslr photography, dslr photography best, best dslr photography, dslr photography latest, latest dslr photography, dslr photography review, review dslr photography, dslr photography price, price dslr photography, dslr photography sell, sell dslr photography, dslr photography buy, buy dslr photography, dslr photography recommendation, recommendation dslr photography, dslr photography tips, tips dslr photography, dslr photography tutorial, tutorial dslr photography, dslr photography guide, guide dslr photography, dslr photography how to, how to dslr photography, dslr photography vs, vs dslr photography, dslr photography versus, versus dslr photography, dslr photography compared to, compared to dslr photography, dslr photography comparison, comparison dslr photography, dslr photography alternatives, alternatives dslr photography, dslr photography which is better, which is better dslr photography, dslr photography expensive, expensive dslr photography, dslr photography discount, discount dslr photography, dslr photography deals, deals dslr photography, dslr photography sale, sale dslr photography, dslr photography affordable, affordable dslr photography, dslr photography cost, cost dslr photography, dslr photography online, online dslr photography, dslr photography offline, offline dslr photography, dslr photography marketplace, marketplace dslr photography, dslr photography store, store dslr photography, dslr photography shop, shop dslr photography, dslr photography retailer, retailer dslr photography, dslr photography where to buy, where to buy dslr photography, dslr photography worst, worst dslr photography, dslr photography quality, quality dslr photography, dslr photography original, original dslr photography, dslr photography genuine, genuine dslr photography, dslr photography fake, fake dslr photography, dslr photography replica, replica dslr photography, dslr photography authentic, authentic dslr photography, dslr photography brand, brand dslr photography, dslr photography manufacturer, manufacturer dslr photography, dslr photography company, company dslr photography, dslr photography product, product dslr photography, dslr photography philips product, philips product dslr photography, dslr photography sell philips, sell philips dslr photography, dslr photography buy philips, buy philips dslr photography, dslr photography cheap philips, cheap philips dslr photography, dslr photography best philips, best philips dslr photography, dslr photography philips review, philips review dslr photography, dslr photography where to buy philips, where to buy philips dslr photography, dslr photography how to choose philips, how to choose philips dslr photography, dslr photography top philips, top philips dslr photography, dslr photography philips guide, philips guide dslr photography, dslr photography philips for sale, philips for sale dslr photography, dslr photography philips deals, philips deals dslr photography, mirrorless technology philips, philips mirrorless technology, mirrorless technology cheap, cheap mirrorless technology, mirrorless technology best, best mirrorless technology, mirrorless technology latest, latest mirrorless technology, mirrorless technology review, review mirrorless technology, mirrorless technology price, price mirrorless technology, mirrorless technology sell, sell mirrorless technology, mirrorless technology buy, buy mirrorless technology, mirrorless technology recommendation, recommendation mirrorless technology, mirrorless technology tips, tips mirrorless technology, mirrorless technology tutorial, tutorial mirrorless technology, mirrorless technology guide, guide mirrorless technology, mirrorless technology how to, how to mirrorless technology, mirrorless technology vs, vs mirrorless technology, mirrorless technology versus, versus mirrorless technology, mirrorless technology compared to, compared to mirrorless technology, mirrorless technology comparison, comparison mirrorless technology, mirrorless technology alternatives, alternatives mirrorless technology, mirrorless technology which is better, which is better mirrorless technology, mirrorless technology expensive, expensive mirrorless technology, mirrorless technology discount, discount mirrorless technology, mirrorless technology deals, deals mirrorless technology, mirrorless technology sale, sale mirrorless technology, mirrorless technology affordable, affordable mirrorless technology, mirrorless technology cost, cost mirrorless technology, mirrorless technology online, online mirrorless technology, mirrorless technology offline, offline mirrorless technology, mirrorless technology marketplace, marketplace mirrorless technology, mirrorless technology store, store mirrorless technology, mirrorless technology shop, shop mirrorless technology, mirrorless technology retailer, retailer mirrorless technology, mirrorless technology where to buy, where to buy mirrorless technology, mirrorless technology worst, worst mirrorless technology, mirrorless technology quality, quality mirrorless technology, mirrorless technology original, original mirrorless technology, mirrorless technology genuine, genuine mirrorless technology, mirrorless technology fake, fake mirrorless technology, mirrorless technology replica, replica mirrorless technology, mirrorless technology authentic, authentic mirrorless technology, mirrorless technology brand, brand mirrorless technology, mirrorless technology manufacturer, manufacturer mirrorless technology, mirrorless technology company, company mirrorless technology, mirrorless technology product, product mirrorless technology, mirrorless technology philips product, philips product mirrorless technology, mirrorless technology sell philips, sell philips mirrorless technology, mirrorless technology buy philips, buy philips mirrorless technology, mirrorless technology cheap philips, cheap philips mirrorless technology, mirrorless technology best philips, best philips mirrorless technology, mirrorless technology philips review, philips review mirrorless technology, mirrorless technology where to buy philips, where to buy philips mirrorless technology, mirrorless technology how to choose philips, how to choose philips mirrorless technology, mirrorless technology top philips, top philips mirrorless technology, mirrorless technology philips guide, philips guide mirrorless technology, mirrorless technology philips for sale, philips for sale mirrorless technology, mirrorless technology philips deals, philips deals mirrorless technology
2025-10-19 14:36:48,634 - INFO - Expanded 220 seed keywords to 385 variations
2025-10-19 14:36:48,634 - INFO - Language: en
2025-10-19 14:36:48,634 - INFO - Region: us
2025-10-19 14:37:20,470 - INFO - 🎯 After all filtering for 'philips': 120 relevant keywords
2025-10-19 14:37:20,754 - INFO - 🎯 Found 5 new keywords for niche 'philips': philips affordable dslr photography, philips affordable mirrorless technology, cheap alternatives dslr photography, cheap alternatives mirrorless technology, best authentic dslr photography
2025-10-19 14:37:31,856 - INFO - ✅ Niche 'philips' process complete! 150 total keyword results.
2025-10-19 14:37:31,856 - INFO - ✅ Completed processing niche: 'philips'
2025-10-19 14:37:31,856 - INFO - 🔧 Request Handler final stats - Success rate: 100.0%
2025-10-19 14:37:31,856 - INFO -    Total requests: 28458, Blocks: 0
2025-10-19 14:37:31,857 - INFO - 
========================================
2025-10-19 14:37:31,857 - INFO - Process Summary:
2025-10-19 14:37:31,857 - INFO - - Current niche: 'philips'
2025-10-19 14:37:31,857 - INFO - - Next niche will be: 'sandisk'
2025-10-19 14:37:31,857 - INFO - - Keywords saved in: languages/english/keywords/philips/
2025-10-19 14:37:31,858 - INFO - ========================================
