2025-09-27 09:39:48,512 - INFO - Log file created at: /home/runner/work/potensitech.com/potensitech.com/languages/english/keywords/logs/kw_search_20250927_093948.log
2025-09-27 09:39:48,513 - INFO - ============================================================
2025-09-27 09:39:48,513 - INFO - AUTOMATIC KEYWORD RESEARCH TOOL
2025-09-27 09:39:48,513 - INFO - ============================================================
2025-09-27 09:39:48,677 - INFO - ========================================
2025-09-27 09:39:48,677 - INFO - Found 14 niches to process: xiaomi, iphone, samsung, apple, sony, asus, philips, sandisk, intel, nvidia, amd, canon, nikon, huawei
2025-09-27 09:39:48,677 - INFO - ========================================
2025-09-27 09:39:48,677 - INFO - Continuing from last processed niche: sandisk
2025-09-27 09:39:48,677 - INFO - ========================================
2025-09-27 09:39:48,677 - INFO - 🎯 PROCESSING NICHE 9/14: 'intel'
2025-09-27 09:39:48,677 - INFO - ========================================
2025-09-27 09:39:48,677 - INFO - 📁 Niche directory: /home/runner/work/potensitech.com/potensitech.com/languages/english/keywords/intel
2025-09-27 09:39:48,677 - INFO - Selected region: us
2025-09-27 09:39:48,677 - INFO - Selected language: en
2025-09-27 09:39:48,677 - INFO - 🎯 Current niche: intel
2025-09-27 09:39:51,953 - INFO - 🎯 Niche terms for filtering: intel, cheap, best, latest, review, price, sell, buy, recommendation, tips, tutorial, guide, how to, vs, versus, compared to, comparison, alternatives, which is better, expensive, discount, deals, sale, affordable, cost, online, offline, marketplace, store, shop, retailer, where to buy, worst, quality, original, genuine, fake, replica, authentic, brand, manufacturer, company, product, intel product, sell intel, buy intel, cheap intel, best intel, intel review, where to buy intel, how to choose intel, top intel, intel guide, intel for sale, intel deals
2025-09-27 09:39:51,954 - INFO - Generated 50 niche-clue pairs for 'intel'.
2025-09-27 09:39:51,957 - INFO - Expanded 50 seed keywords to 218 variations
2025-09-27 09:39:51,957 - INFO - 🔧 Request Handler initialized - Success rate: 100.0%
2025-09-27 09:44:16,085 - INFO - Original clue keywords: camera quality, image stabilization
2025-09-27 09:44:16,085 - INFO - Niche-focused seeds: camera quality, image stabilization intel, intel image stabilization, image stabilization cheap, cheap image stabilization, image stabilization best, best image stabilization, image stabilization latest, latest image stabilization, image stabilization review, review image stabilization, image stabilization price, price image stabilization, image stabilization sell, sell image stabilization, image stabilization buy, buy image stabilization, image stabilization recommendation, recommendation image stabilization, image stabilization tips, tips image stabilization, image stabilization tutorial, tutorial image stabilization, image stabilization guide, guide image stabilization, image stabilization how to, how to image stabilization, image stabilization vs, vs image stabilization, image stabilization versus, versus image stabilization, image stabilization compared to, compared to image stabilization, image stabilization comparison, comparison image stabilization, image stabilization alternatives, alternatives image stabilization, image stabilization which is better, which is better image stabilization, image stabilization expensive, expensive image stabilization, image stabilization discount, discount image stabilization, image stabilization deals, deals image stabilization, image stabilization sale, sale image stabilization, image stabilization affordable, affordable image stabilization, image stabilization cost, cost image stabilization, image stabilization online, online image stabilization, image stabilization offline, offline image stabilization, image stabilization marketplace, marketplace image stabilization, image stabilization store, store image stabilization, image stabilization shop, shop image stabilization, image stabilization retailer, retailer image stabilization, image stabilization where to buy, where to buy image stabilization, image stabilization worst, worst image stabilization, image stabilization quality, quality image stabilization, image stabilization original, original image stabilization, image stabilization genuine, genuine image stabilization, image stabilization fake, fake image stabilization, image stabilization replica, replica image stabilization, image stabilization authentic, authentic image stabilization, image stabilization brand, brand image stabilization, image stabilization manufacturer, manufacturer image stabilization, image stabilization company, company image stabilization, image stabilization product, product image stabilization, image stabilization intel product, intel product image stabilization, image stabilization sell intel, sell intel image stabilization, image stabilization buy intel, buy intel image stabilization, image stabilization cheap intel, cheap intel image stabilization, image stabilization best intel, best intel image stabilization, image stabilization intel review, intel review image stabilization, image stabilization where to buy intel, where to buy intel image stabilization, image stabilization how to choose intel, how to choose intel image stabilization, image stabilization top intel, top intel image stabilization, image stabilization intel guide, intel guide image stabilization, image stabilization intel for sale, intel for sale image stabilization, image stabilization intel deals, intel deals image stabilization
2025-09-27 09:44:16,088 - INFO - Expanded 111 seed keywords to 276 variations
2025-09-27 09:44:16,089 - INFO - Language: en
2025-09-27 09:44:16,089 - INFO - Region: us
2025-09-27 09:48:27,619 - INFO - 🎯 After all filtering for 'intel': 120 relevant keywords
2025-09-27 09:48:27,637 - INFO - 🎯 Found 5 new keywords for niche 'intel': intel camera quality, cheap camera quality, best camera quality, how to camera quality, intel affordable image stabilization
2025-09-27 09:48:38,330 - INFO - ✅ Niche 'intel' process complete! 66 total keyword results.
2025-09-27 09:48:38,331 - INFO - ✅ Completed processing niche: 'intel'
2025-09-27 09:48:38,331 - INFO - 🔧 Request Handler final stats - Success rate: 100.0%
2025-09-27 09:48:38,331 - INFO -    Total requests: 13530, Blocks: 0
2025-09-27 09:48:38,332 - INFO - 
========================================
2025-09-27 09:48:38,332 - INFO - Process Summary:
2025-09-27 09:48:38,332 - INFO - - Current niche: 'intel'
2025-09-27 09:48:38,332 - INFO - - Next niche will be: 'nvidia'
2025-09-27 09:48:38,332 - INFO - - Keywords saved in: languages/english/keywords/intel/
2025-09-27 09:48:38,332 - INFO - ========================================
