2025-09-15 21:43:36,915 - INFO - Log file created at: /home/runner/work/potensitech.com/potensitech.com/languages/english/keywords/logs/kw_search_20250915_214336.log
2025-09-15 21:43:36,915 - INFO - ============================================================
2025-09-15 21:43:36,915 - INFO - AUTOMATIC KEYWORD RESEARCH TOOL
2025-09-15 21:43:36,916 - INFO - ============================================================
2025-09-15 21:43:37,028 - INFO - ========================================
2025-09-15 21:43:37,028 - INFO - Found 14 niches to process: xiaomi, iphone, samsung, apple, sony, asus, philips, sandisk, intel, nvidia, amd, canon, nikon, huawei
2025-09-15 21:43:37,028 - INFO - ========================================
2025-09-15 21:43:37,028 - INFO - Continuing from last processed niche: sony
2025-09-15 21:43:37,028 - INFO - ========================================
2025-09-15 21:43:37,028 - INFO - 🎯 PROCESSING NICHE 6/14: 'asus'
2025-09-15 21:43:37,028 - INFO - ========================================
2025-09-15 21:43:37,028 - INFO - 📁 Niche directory: /home/runner/work/potensitech.com/potensitech.com/languages/english/keywords/asus
2025-09-15 21:43:37,028 - INFO - Selected region: us
2025-09-15 21:43:37,029 - INFO - Selected language: en
2025-09-15 21:43:37,029 - INFO - 🎯 Current niche: asus
2025-09-15 21:43:50,109 - INFO - 🎯 Niche terms for filtering: asus, cheap, best, latest, review, price, sell, buy, recommendation, tips, tutorial, guide, how to, vs, versus, compared to, comparison, alternatives, which is better, expensive, discount, deals, sale, affordable, cost, online, offline, marketplace, store, shop, retailer, where to buy, worst, quality, original, genuine, fake, replica, authentic, brand, manufacturer, company, product, asus product, sell asus, buy asus, cheap asus, best asus, asus review, where to buy asus, how to choose asus, top asus, asus guide, asus for sale, asus deals
2025-09-15 21:43:50,109 - INFO - Generated 50 niche-clue pairs for 'asus'.
2025-09-15 21:43:50,112 - INFO - Expanded 50 seed keywords to 218 variations
2025-09-15 21:43:50,112 - INFO - 🔧 Request Handler initialized - Success rate: 100.0%
2025-09-15 21:48:17,046 - INFO - Original clue keywords: gaming phone, long battery
2025-09-15 21:48:17,047 - INFO - Niche-focused seeds: gaming phone asus, asus gaming phone, gaming phone cheap, cheap gaming phone, gaming phone best, best gaming phone, gaming phone latest, latest gaming phone, gaming phone review, review gaming phone, gaming phone price, price gaming phone, gaming phone sell, sell gaming phone, gaming phone buy, buy gaming phone, gaming phone recommendation, recommendation gaming phone, gaming phone tips, tips gaming phone, gaming phone tutorial, tutorial gaming phone, gaming phone guide, guide gaming phone, gaming phone how to, how to gaming phone, gaming phone vs, vs gaming phone, gaming phone versus, versus gaming phone, gaming phone compared to, compared to gaming phone, gaming phone comparison, comparison gaming phone, gaming phone alternatives, alternatives gaming phone, gaming phone which is better, which is better gaming phone, gaming phone expensive, expensive gaming phone, gaming phone discount, discount gaming phone, gaming phone deals, deals gaming phone, gaming phone sale, sale gaming phone, gaming phone affordable, affordable gaming phone, gaming phone cost, cost gaming phone, gaming phone online, online gaming phone, gaming phone offline, offline gaming phone, gaming phone marketplace, marketplace gaming phone, gaming phone store, store gaming phone, gaming phone shop, shop gaming phone, gaming phone retailer, retailer gaming phone, gaming phone where to buy, where to buy gaming phone, gaming phone worst, worst gaming phone, gaming phone quality, quality gaming phone, gaming phone original, original gaming phone, gaming phone genuine, genuine gaming phone, gaming phone fake, fake gaming phone, gaming phone replica, replica gaming phone, gaming phone authentic, authentic gaming phone, gaming phone brand, brand gaming phone, gaming phone manufacturer, manufacturer gaming phone, gaming phone company, company gaming phone, gaming phone product, product gaming phone, gaming phone asus product, asus product gaming phone, gaming phone sell asus, sell asus gaming phone, gaming phone buy asus, buy asus gaming phone, gaming phone cheap asus, cheap asus gaming phone, gaming phone best asus, best asus gaming phone, gaming phone asus review, asus review gaming phone, gaming phone where to buy asus, where to buy asus gaming phone, gaming phone how to choose asus, how to choose asus gaming phone, gaming phone top asus, top asus gaming phone, gaming phone asus guide, asus guide gaming phone, gaming phone asus for sale, asus for sale gaming phone, gaming phone asus deals, asus deals gaming phone, long battery asus, asus long battery, long battery cheap, cheap long battery, long battery best, best long battery, long battery latest, latest long battery, long battery review, review long battery, long battery price, price long battery, long battery sell, sell long battery, long battery buy, buy long battery, long battery recommendation, recommendation long battery, long battery tips, tips long battery, long battery tutorial, tutorial long battery, long battery guide, guide long battery, long battery how to, how to long battery, long battery vs, vs long battery, long battery versus, versus long battery, long battery compared to, compared to long battery, long battery comparison, comparison long battery, long battery alternatives, alternatives long battery, long battery which is better, which is better long battery, long battery expensive, expensive long battery, long battery discount, discount long battery, long battery deals, deals long battery, long battery sale, sale long battery, long battery affordable, affordable long battery, long battery cost, cost long battery, long battery online, online long battery, long battery offline, offline long battery, long battery marketplace, marketplace long battery, long battery store, store long battery, long battery shop, shop long battery, long battery retailer, retailer long battery, long battery where to buy, where to buy long battery, long battery worst, worst long battery, long battery quality, quality long battery, long battery original, original long battery, long battery genuine, genuine long battery, long battery fake, fake long battery, long battery replica, replica long battery, long battery authentic, authentic long battery, long battery brand, brand long battery, long battery manufacturer, manufacturer long battery, long battery company, company long battery, long battery product, product long battery, long battery asus product, asus product long battery, long battery sell asus, sell asus long battery, long battery buy asus, buy asus long battery, long battery cheap asus, cheap asus long battery, long battery best asus, best asus long battery, long battery asus review, asus review long battery, long battery where to buy asus, where to buy asus long battery, long battery how to choose asus, how to choose asus long battery, long battery top asus, top asus long battery, long battery asus guide, asus guide long battery, long battery asus for sale, asus for sale long battery, long battery asus deals, asus deals long battery
2025-09-15 21:48:17,050 - INFO - Expanded 220 seed keywords to 385 variations
2025-09-15 21:48:17,050 - INFO - Language: en
2025-09-15 21:48:17,050 - INFO - Region: us
2025-09-15 21:52:44,674 - INFO - 🎯 After all filtering for 'asus': 120 relevant keywords
2025-09-15 21:52:44,690 - INFO - 🎯 Found 5 new keywords for niche 'asus': asus affordable gaming phone, asus affordable long battery, cheap alternatives gaming phone, cheap alternatives long battery, best authentic gaming phone
2025-09-15 21:53:10,260 - INFO - ✅ Niche 'asus' process complete! 13 total keyword results.
2025-09-15 21:53:10,260 - INFO - ✅ Completed processing niche: 'asus'
2025-09-15 21:53:10,261 - INFO - 🔧 Request Handler final stats - Success rate: 100.0%
2025-09-15 21:53:10,261 - INFO -    Total requests: 3951, Blocks: 0
2025-09-15 21:53:10,262 - INFO - 
========================================
2025-09-15 21:53:10,262 - INFO - Process Summary:
2025-09-15 21:53:10,262 - INFO - - Current niche: 'asus'
2025-09-15 21:53:10,262 - INFO - - Next niche will be: 'philips'
2025-09-15 21:53:10,262 - INFO - - Keywords saved in: languages/english/keywords/asus/
2025-09-15 21:53:10,262 - INFO - ========================================
