2025-11-10 04:56:02,801 - INFO - Log file created at: /home/runner/work/potensitech.com/potensitech.com/languages/english/keywords/logs/kw_search_20251110_045602.log
2025-11-10 04:56:02,801 - INFO - ============================================================
2025-11-10 04:56:02,801 - INFO - AUTOMATIC KEYWORD RESEARCH TOOL
2025-11-10 04:56:02,801 - INFO - ============================================================
2025-11-10 04:56:02,976 - INFO - ========================================
2025-11-10 04:56:02,977 - INFO - Found 14 niches to process: xiaomi, iphone, samsung, apple, sony, asus, philips, sandisk, intel, nvidia, amd, canon, nikon, huawei
2025-11-10 04:56:02,977 - INFO - ========================================
2025-11-10 04:56:02,977 - INFO - Continuing from last processed niche: intel
2025-11-10 04:56:02,977 - INFO - ========================================
2025-11-10 04:56:02,977 - INFO - 🎯 PROCESSING NICHE 10/14: 'nvidia'
2025-11-10 04:56:02,977 - INFO - ========================================
2025-11-10 04:56:02,977 - INFO - 📁 Niche directory: /home/runner/work/potensitech.com/potensitech.com/languages/english/keywords/nvidia
2025-11-10 04:56:02,977 - INFO - Selected region: us
2025-11-10 04:56:02,977 - INFO - Selected language: en
2025-11-10 04:56:02,977 - INFO - 🎯 Current niche: nvidia
2025-11-10 04:56:05,959 - INFO - 🎯 Niche terms for filtering: nvidia, cheap, best, latest, review, price, sell, buy, recommendation, tips, tutorial, guide, how to, vs, versus, compared to, comparison, alternatives, which is better, expensive, discount, deals, sale, affordable, cost, online, offline, marketplace, store, shop, retailer, where to buy, worst, quality, original, genuine, fake, replica, authentic, brand, manufacturer, company, product, nvidia product, sell nvidia, buy nvidia, cheap nvidia, best nvidia, nvidia review, where to buy nvidia, how to choose nvidia, top nvidia, nvidia guide, nvidia for sale, nvidia deals
2025-11-10 04:56:05,959 - INFO - Generated 50 niche-clue pairs for 'nvidia'.
2025-11-10 04:56:05,962 - INFO - Expanded 50 seed keywords to 218 variations
2025-11-10 04:56:05,963 - INFO - 🔧 Request Handler initialized - Success rate: 100.0%
2025-11-10 05:00:30,269 - INFO - Original clue keywords: processor performance, core efficiency
2025-11-10 05:00:30,269 - INFO - Niche-focused seeds: processor performance nvidia, nvidia processor performance, processor performance cheap, cheap processor performance, processor performance best, best processor performance, processor performance latest, latest processor performance, processor performance review, review processor performance, processor performance price, price processor performance, processor performance sell, sell processor performance, processor performance buy, buy processor performance, processor performance recommendation, recommendation processor performance, processor performance tips, tips processor performance, processor performance tutorial, tutorial processor performance, processor performance guide, guide processor performance, processor performance how to, how to processor performance, processor performance vs, vs processor performance, processor performance versus, versus processor performance, processor performance compared to, compared to processor performance, processor performance comparison, comparison processor performance, processor performance alternatives, alternatives processor performance, processor performance which is better, which is better processor performance, processor performance expensive, expensive processor performance, processor performance discount, discount processor performance, processor performance deals, deals processor performance, processor performance sale, sale processor performance, processor performance affordable, affordable processor performance, processor performance cost, cost processor performance, processor performance online, online processor performance, processor performance offline, offline processor performance, processor performance marketplace, marketplace processor performance, processor performance store, store processor performance, processor performance shop, shop processor performance, processor performance retailer, retailer processor performance, processor performance where to buy, where to buy processor performance, processor performance worst, worst processor performance, processor performance quality, quality processor performance, processor performance original, original processor performance, processor performance genuine, genuine processor performance, processor performance fake, fake processor performance, processor performance replica, replica processor performance, processor performance authentic, authentic processor performance, processor performance brand, brand processor performance, processor performance manufacturer, manufacturer processor performance, processor performance company, company processor performance, processor performance product, product processor performance, processor performance nvidia product, nvidia product processor performance, processor performance sell nvidia, sell nvidia processor performance, processor performance buy nvidia, buy nvidia processor performance, processor performance cheap nvidia, cheap nvidia processor performance, processor performance best nvidia, best nvidia processor performance, processor performance nvidia review, nvidia review processor performance, processor performance where to buy nvidia, where to buy nvidia processor performance, processor performance how to choose nvidia, how to choose nvidia processor performance, processor performance top nvidia, top nvidia processor performance, processor performance nvidia guide, nvidia guide processor performance, processor performance nvidia for sale, nvidia for sale processor performance, processor performance nvidia deals, nvidia deals processor performance, core efficiency nvidia, nvidia core efficiency, core efficiency cheap, cheap core efficiency, core efficiency best, best core efficiency, core efficiency latest, latest core efficiency, core efficiency review, review core efficiency, core efficiency price, price core efficiency, core efficiency sell, sell core efficiency, core efficiency buy, buy core efficiency, core efficiency recommendation, recommendation core efficiency, core efficiency tips, tips core efficiency, core efficiency tutorial, tutorial core efficiency, core efficiency guide, guide core efficiency, core efficiency how to, how to core efficiency, core efficiency vs, vs core efficiency, core efficiency versus, versus core efficiency, core efficiency compared to, compared to core efficiency, core efficiency comparison, comparison core efficiency, core efficiency alternatives, alternatives core efficiency, core efficiency which is better, which is better core efficiency, core efficiency expensive, expensive core efficiency, core efficiency discount, discount core efficiency, core efficiency deals, deals core efficiency, core efficiency sale, sale core efficiency, core efficiency affordable, affordable core efficiency, core efficiency cost, cost core efficiency, core efficiency online, online core efficiency, core efficiency offline, offline core efficiency, core efficiency marketplace, marketplace core efficiency, core efficiency store, store core efficiency, core efficiency shop, shop core efficiency, core efficiency retailer, retailer core efficiency, core efficiency where to buy, where to buy core efficiency, core efficiency worst, worst core efficiency, core efficiency quality, quality core efficiency, core efficiency original, original core efficiency, core efficiency genuine, genuine core efficiency, core efficiency fake, fake core efficiency, core efficiency replica, replica core efficiency, core efficiency authentic, authentic core efficiency, core efficiency brand, brand core efficiency, core efficiency manufacturer, manufacturer core efficiency, core efficiency company, company core efficiency, core efficiency product, product core efficiency, core efficiency nvidia product, nvidia product core efficiency, core efficiency sell nvidia, sell nvidia core efficiency, core efficiency buy nvidia, buy nvidia core efficiency, core efficiency cheap nvidia, cheap nvidia core efficiency, core efficiency best nvidia, best nvidia core efficiency, core efficiency nvidia review, nvidia review core efficiency, core efficiency where to buy nvidia, where to buy nvidia core efficiency, core efficiency how to choose nvidia, how to choose nvidia core efficiency, core efficiency top nvidia, top nvidia core efficiency, core efficiency nvidia guide, nvidia guide core efficiency, core efficiency nvidia for sale, nvidia for sale core efficiency, core efficiency nvidia deals, nvidia deals core efficiency
2025-11-10 05:00:30,272 - INFO - Expanded 220 seed keywords to 385 variations
2025-11-10 05:00:30,272 - INFO - Language: en
2025-11-10 05:00:30,272 - INFO - Region: us
2025-11-10 05:02:53,560 - INFO - 🎯 After all filtering for 'nvidia': 120 relevant keywords
2025-11-10 05:02:54,145 - INFO - 🎯 Found 5 new keywords for niche 'nvidia': nvidia affordable core efficiency, nvidia affordable processor performance, cheap alternatives core efficiency, best authentic core efficiency, how to brand core efficiency
2025-11-10 05:03:03,939 - INFO - ✅ Niche 'nvidia' process complete! 235 total keyword results.
2025-11-10 05:03:03,940 - INFO - ✅ Completed processing niche: 'nvidia'
2025-11-10 05:03:03,940 - INFO - 🔧 Request Handler final stats - Success rate: 100.0%
2025-11-10 05:03:03,940 - INFO -    Total requests: 39511, Blocks: 0
2025-11-10 05:03:03,941 - INFO - 
========================================
2025-11-10 05:03:03,941 - INFO - Process Summary:
2025-11-10 05:03:03,941 - INFO - - Current niche: 'nvidia'
2025-11-10 05:03:03,941 - INFO - - Next niche will be: 'amd'
2025-11-10 05:03:03,941 - INFO - - Keywords saved in: languages/english/keywords/nvidia/
2025-11-10 05:03:03,941 - INFO - ========================================
