2025-09-21 07:25:36,095 - INFO - Log file created at: /home/runner/work/potensitech.com/potensitech.com/languages/english/keywords/logs/kw_search_20250921_072536.log
2025-09-21 07:25:36,095 - INFO - ============================================================
2025-09-21 07:25:36,096 - INFO - AUTOMATIC KEYWORD RESEARCH TOOL
2025-09-21 07:25:36,096 - INFO - ============================================================
2025-09-21 07:25:36,209 - INFO - ========================================
2025-09-21 07:25:36,209 - INFO - Found 14 niches to process: xiaomi, iphone, samsung, apple, sony, asus, philips, sandisk, intel, nvidia, amd, canon, nikon, huawei
2025-09-21 07:25:36,209 - INFO - ========================================
2025-09-21 07:25:36,209 - INFO - Continuing from last processed niche: samsung
2025-09-21 07:25:36,209 - INFO - ========================================
2025-09-21 07:25:36,209 - INFO - 🎯 PROCESSING NICHE 4/14: 'apple'
2025-09-21 07:25:36,209 - INFO - ========================================
2025-09-21 07:25:36,209 - INFO - 📁 Niche directory: /home/runner/work/potensitech.com/potensitech.com/languages/english/keywords/apple
2025-09-21 07:25:36,209 - INFO - Selected region: us
2025-09-21 07:25:36,209 - INFO - Selected language: en
2025-09-21 07:25:36,209 - INFO - 🎯 Current niche: apple
2025-09-21 07:25:40,773 - INFO - 🎯 Niche terms for filtering: apple, cheap, best, latest, review, price, sell, buy, recommendation, tips, tutorial, guide, how to, vs, versus, compared to, comparison, alternatives, which is better, expensive, discount, deals, sale, affordable, cost, online, offline, marketplace, store, shop, retailer, where to buy, worst, quality, original, genuine, fake, replica, authentic, brand, manufacturer, company, product, apple product, sell apple, buy apple, cheap apple, best apple, apple review, where to buy apple, how to choose apple, top apple, apple guide, apple for sale, apple deals
2025-09-21 07:25:40,774 - INFO - Generated 50 niche-clue pairs for 'apple'.
2025-09-21 07:25:40,776 - INFO - Expanded 50 seed keywords to 218 variations
2025-09-21 07:25:40,777 - INFO - 🔧 Request Handler initialized - Success rate: 100.0%
2025-09-21 07:30:06,462 - INFO - Original clue keywords: camera lens, image stabilization
2025-09-21 07:30:06,462 - INFO - Niche-focused seeds: camera lens apple, apple camera lens, camera lens cheap, cheap camera lens, camera lens best, best camera lens, camera lens latest, latest camera lens, camera lens review, review camera lens, camera lens price, price camera lens, camera lens sell, sell camera lens, camera lens buy, buy camera lens, camera lens recommendation, recommendation camera lens, camera lens tips, tips camera lens, camera lens tutorial, tutorial camera lens, camera lens guide, guide camera lens, camera lens how to, how to camera lens, camera lens vs, vs camera lens, camera lens versus, versus camera lens, camera lens compared to, compared to camera lens, camera lens comparison, comparison camera lens, camera lens alternatives, alternatives camera lens, camera lens which is better, which is better camera lens, camera lens expensive, expensive camera lens, camera lens discount, discount camera lens, camera lens deals, deals camera lens, camera lens sale, sale camera lens, camera lens affordable, affordable camera lens, camera lens cost, cost camera lens, camera lens online, online camera lens, camera lens offline, offline camera lens, camera lens marketplace, marketplace camera lens, camera lens store, store camera lens, camera lens shop, shop camera lens, camera lens retailer, retailer camera lens, camera lens where to buy, where to buy camera lens, camera lens worst, worst camera lens, camera lens quality, quality camera lens, camera lens original, original camera lens, camera lens genuine, genuine camera lens, camera lens fake, fake camera lens, camera lens replica, replica camera lens, camera lens authentic, authentic camera lens, camera lens brand, brand camera lens, camera lens manufacturer, manufacturer camera lens, camera lens company, company camera lens, camera lens product, product camera lens, camera lens apple product, apple product camera lens, camera lens sell apple, sell apple camera lens, camera lens buy apple, buy apple camera lens, camera lens cheap apple, cheap apple camera lens, camera lens best apple, best apple camera lens, camera lens apple review, apple review camera lens, camera lens where to buy apple, where to buy apple camera lens, camera lens how to choose apple, how to choose apple camera lens, camera lens top apple, top apple camera lens, camera lens apple guide, apple guide camera lens, camera lens apple for sale, apple for sale camera lens, camera lens apple deals, apple deals camera lens, image stabilization apple, apple image stabilization, image stabilization cheap, cheap image stabilization, image stabilization best, best image stabilization, image stabilization latest, latest image stabilization, image stabilization review, review image stabilization, image stabilization price, price image stabilization, image stabilization sell, sell image stabilization, image stabilization buy, buy image stabilization, image stabilization recommendation, recommendation image stabilization, image stabilization tips, tips image stabilization, image stabilization tutorial, tutorial image stabilization, image stabilization guide, guide image stabilization, image stabilization how to, how to image stabilization, image stabilization vs, vs image stabilization, image stabilization versus, versus image stabilization, image stabilization compared to, compared to image stabilization, image stabilization comparison, comparison image stabilization, image stabilization alternatives, alternatives image stabilization, image stabilization which is better, which is better image stabilization, image stabilization expensive, expensive image stabilization, image stabilization discount, discount image stabilization, image stabilization deals, deals image stabilization, image stabilization sale, sale image stabilization, image stabilization affordable, affordable image stabilization, image stabilization cost, cost image stabilization, image stabilization online, online image stabilization, image stabilization offline, offline image stabilization, image stabilization marketplace, marketplace image stabilization, image stabilization store, store image stabilization, image stabilization shop, shop image stabilization, image stabilization retailer, retailer image stabilization, image stabilization where to buy, where to buy image stabilization, image stabilization worst, worst image stabilization, image stabilization quality, quality image stabilization, image stabilization original, original image stabilization, image stabilization genuine, genuine image stabilization, image stabilization fake, fake image stabilization, image stabilization replica, replica image stabilization, image stabilization authentic, authentic image stabilization, image stabilization brand, brand image stabilization, image stabilization manufacturer, manufacturer image stabilization, image stabilization company, company image stabilization, image stabilization product, product image stabilization, image stabilization apple product, apple product image stabilization, image stabilization sell apple, sell apple image stabilization, image stabilization buy apple, buy apple image stabilization, image stabilization cheap apple, cheap apple image stabilization, image stabilization best apple, best apple image stabilization, image stabilization apple review, apple review image stabilization, image stabilization where to buy apple, where to buy apple image stabilization, image stabilization how to choose apple, how to choose apple image stabilization, image stabilization top apple, top apple image stabilization, image stabilization apple guide, apple guide image stabilization, image stabilization apple for sale, apple for sale image stabilization, image stabilization apple deals, apple deals image stabilization
2025-09-21 07:30:06,465 - INFO - Expanded 220 seed keywords to 385 variations
2025-09-21 07:30:06,465 - INFO - Language: en
2025-09-21 07:30:06,465 - INFO - Region: us
2025-09-21 07:34:36,898 - INFO - 🎯 After all filtering for 'apple': 120 relevant keywords
2025-09-21 07:34:36,935 - INFO - 🎯 Found 5 new keywords for niche 'apple': apple affordable camera lens, apple affordable image stabilization, cheap alternatives camera lens, cheap alternatives image stabilization, best authentic camera lens
2025-09-21 07:34:43,692 - INFO - ✅ Niche 'apple' process complete! 25 total keyword results.
2025-09-21 07:34:43,692 - INFO - ✅ Completed processing niche: 'apple'
2025-09-21 07:34:43,693 - INFO - 🔧 Request Handler final stats - Success rate: 100.0%
2025-09-21 07:34:43,693 - INFO -    Total requests: 8742, Blocks: 0
2025-09-21 07:34:43,694 - INFO - 
========================================
2025-09-21 07:34:43,694 - INFO - Process Summary:
2025-09-21 07:34:43,694 - INFO - - Current niche: 'apple'
2025-09-21 07:34:43,694 - INFO - - Next niche will be: 'sony'
2025-09-21 07:34:43,694 - INFO - - Keywords saved in: languages/english/keywords/apple/
2025-09-21 07:34:43,694 - INFO - ========================================
