2025-10-31 21:43:29,553 - INFO - Log file created at: /home/runner/work/potensitech.com/potensitech.com/languages/english/keywords/logs/kw_search_20251031_214329.log
2025-10-31 21:43:29,553 - INFO - ============================================================
2025-10-31 21:43:29,553 - INFO - AUTOMATIC KEYWORD RESEARCH TOOL
2025-10-31 21:43:29,553 - INFO - ============================================================
2025-10-31 21:43:29,719 - INFO - ========================================
2025-10-31 21:43:29,719 - INFO - Found 14 niches to process: xiaomi, iphone, samsung, apple, sony, asus, philips, sandisk, intel, nvidia, amd, canon, nikon, huawei
2025-10-31 21:43:29,719 - INFO - ========================================
2025-10-31 21:43:29,719 - INFO - All niches completed, starting over
2025-10-31 21:43:29,720 - INFO - ========================================
2025-10-31 21:43:29,720 - INFO - 🎯 PROCESSING NICHE 1/14: 'xiaomi'
2025-10-31 21:43:29,720 - INFO - ========================================
2025-10-31 21:43:29,720 - INFO - 📁 Niche directory: /home/runner/work/potensitech.com/potensitech.com/languages/english/keywords/xiaomi
2025-10-31 21:43:29,720 - INFO - Selected region: us
2025-10-31 21:43:29,720 - INFO - Selected language: en
2025-10-31 21:43:29,720 - INFO - 🎯 Current niche: xiaomi
2025-10-31 21:43:32,499 - INFO - 🎯 Niche terms for filtering: xiaomi, cheap, best, latest, review, price, sell, buy, recommendation, tips, tutorial, guide, how to, vs, versus, compared to, comparison, alternatives, which is better, expensive, discount, deals, sale, affordable, cost, online, offline, marketplace, store, shop, retailer, where to buy, worst, quality, original, genuine, fake, replica, authentic, brand, manufacturer, company, product, xiaomi product, sell xiaomi, buy xiaomi, cheap xiaomi, best xiaomi, xiaomi review, where to buy xiaomi, how to choose xiaomi, top xiaomi, xiaomi guide, xiaomi for sale, xiaomi deals
2025-10-31 21:43:32,500 - INFO - Generated 50 niche-clue pairs for 'xiaomi'.
2025-10-31 21:43:32,503 - INFO - Expanded 50 seed keywords to 218 variations
2025-10-31 21:43:32,503 - INFO - 🔧 Request Handler initialized - Success rate: 100.0%
2025-10-31 21:47:58,624 - INFO - Original clue keywords: gpu performance, processor speed
2025-10-31 21:47:58,624 - INFO - Niche-focused seeds: gpu performance xiaomi, xiaomi gpu performance, gpu performance cheap, cheap gpu performance, gpu performance best, best gpu performance, gpu performance latest, latest gpu performance, gpu performance review, review gpu performance, gpu performance price, price gpu performance, gpu performance sell, sell gpu performance, gpu performance buy, buy gpu performance, gpu performance recommendation, recommendation gpu performance, gpu performance tips, tips gpu performance, gpu performance tutorial, tutorial gpu performance, gpu performance guide, guide gpu performance, gpu performance how to, how to gpu performance, gpu performance vs, vs gpu performance, gpu performance versus, versus gpu performance, gpu performance compared to, compared to gpu performance, gpu performance comparison, comparison gpu performance, gpu performance alternatives, alternatives gpu performance, gpu performance which is better, which is better gpu performance, gpu performance expensive, expensive gpu performance, gpu performance discount, discount gpu performance, gpu performance deals, deals gpu performance, gpu performance sale, sale gpu performance, gpu performance affordable, affordable gpu performance, gpu performance cost, cost gpu performance, gpu performance online, online gpu performance, gpu performance offline, offline gpu performance, gpu performance marketplace, marketplace gpu performance, gpu performance store, store gpu performance, gpu performance shop, shop gpu performance, gpu performance retailer, retailer gpu performance, gpu performance where to buy, where to buy gpu performance, gpu performance worst, worst gpu performance, gpu performance quality, quality gpu performance, gpu performance original, original gpu performance, gpu performance genuine, genuine gpu performance, gpu performance fake, fake gpu performance, gpu performance replica, replica gpu performance, gpu performance authentic, authentic gpu performance, gpu performance brand, brand gpu performance, gpu performance manufacturer, manufacturer gpu performance, gpu performance company, company gpu performance, gpu performance product, product gpu performance, gpu performance xiaomi product, xiaomi product gpu performance, gpu performance sell xiaomi, sell xiaomi gpu performance, gpu performance buy xiaomi, buy xiaomi gpu performance, gpu performance cheap xiaomi, cheap xiaomi gpu performance, gpu performance best xiaomi, best xiaomi gpu performance, gpu performance xiaomi review, xiaomi review gpu performance, gpu performance where to buy xiaomi, where to buy xiaomi gpu performance, gpu performance how to choose xiaomi, how to choose xiaomi gpu performance, gpu performance top xiaomi, top xiaomi gpu performance, gpu performance xiaomi guide, xiaomi guide gpu performance, gpu performance xiaomi for sale, xiaomi for sale gpu performance, gpu performance xiaomi deals, xiaomi deals gpu performance, processor speed xiaomi, xiaomi processor speed, processor speed cheap, cheap processor speed, processor speed best, best processor speed, processor speed latest, latest processor speed, processor speed review, review processor speed, processor speed price, price processor speed, processor speed sell, sell processor speed, processor speed buy, buy processor speed, processor speed recommendation, recommendation processor speed, processor speed tips, tips processor speed, processor speed tutorial, tutorial processor speed, processor speed guide, guide processor speed, processor speed how to, how to processor speed, processor speed vs, vs processor speed, processor speed versus, versus processor speed, processor speed compared to, compared to processor speed, processor speed comparison, comparison processor speed, processor speed alternatives, alternatives processor speed, processor speed which is better, which is better processor speed, processor speed expensive, expensive processor speed, processor speed discount, discount processor speed, processor speed deals, deals processor speed, processor speed sale, sale processor speed, processor speed affordable, affordable processor speed, processor speed cost, cost processor speed, processor speed online, online processor speed, processor speed offline, offline processor speed, processor speed marketplace, marketplace processor speed, processor speed store, store processor speed, processor speed shop, shop processor speed, processor speed retailer, retailer processor speed, processor speed where to buy, where to buy processor speed, processor speed worst, worst processor speed, processor speed quality, quality processor speed, processor speed original, original processor speed, processor speed genuine, genuine processor speed, processor speed fake, fake processor speed, processor speed replica, replica processor speed, processor speed authentic, authentic processor speed, processor speed brand, brand processor speed, processor speed manufacturer, manufacturer processor speed, processor speed company, company processor speed, processor speed product, product processor speed, processor speed xiaomi product, xiaomi product processor speed, processor speed sell xiaomi, sell xiaomi processor speed, processor speed buy xiaomi, buy xiaomi processor speed, processor speed cheap xiaomi, cheap xiaomi processor speed, processor speed best xiaomi, best xiaomi processor speed, processor speed xiaomi review, xiaomi review processor speed, processor speed where to buy xiaomi, where to buy xiaomi processor speed, processor speed how to choose xiaomi, how to choose xiaomi processor speed, processor speed top xiaomi, top xiaomi processor speed, processor speed xiaomi guide, xiaomi guide processor speed, processor speed xiaomi for sale, xiaomi for sale processor speed, processor speed xiaomi deals, xiaomi deals processor speed
2025-10-31 21:47:58,628 - INFO - Expanded 220 seed keywords to 385 variations
2025-10-31 21:47:58,628 - INFO - Language: en
2025-10-31 21:47:58,628 - INFO - Region: us
2025-10-31 21:50:40,646 - INFO - 🎯 After all filtering for 'xiaomi': 120 relevant keywords
2025-10-31 21:50:40,981 - INFO - 🎯 Found 5 new keywords for niche 'xiaomi': xiaomi affordable gpu performance, xiaomi affordable processor speed, cheap alternatives gpu performance, cheap alternatives processor speed, best authentic gpu performance
2025-10-31 21:50:49,998 - INFO - ✅ Niche 'xiaomi' process complete! 179 total keyword results.
2025-10-31 21:50:49,998 - INFO - ✅ Completed processing niche: 'xiaomi'
2025-10-31 21:50:49,998 - INFO - 🔧 Request Handler final stats - Success rate: 100.0%
2025-10-31 21:50:49,998 - INFO -    Total requests: 34231, Blocks: 0
2025-10-31 21:50:49,999 - INFO - 
========================================
2025-10-31 21:50:49,999 - INFO - Process Summary:
2025-10-31 21:50:49,999 - INFO - - Current niche: 'xiaomi'
2025-10-31 21:50:49,999 - INFO - - Next niche will be: 'iphone'
2025-10-31 21:50:50,000 - INFO - - Keywords saved in: languages/english/keywords/xiaomi/
2025-10-31 21:50:50,000 - INFO - ========================================
