2025-10-09 14:42:54,479 - INFO - Log file created at: /home/runner/work/potensitech.com/potensitech.com/languages/english/keywords/logs/kw_search_20251009_144254.log
2025-10-09 14:42:54,479 - INFO - ============================================================
2025-10-09 14:42:54,479 - INFO - AUTOMATIC KEYWORD RESEARCH TOOL
2025-10-09 14:42:54,479 - INFO - ============================================================
2025-10-09 14:42:54,630 - INFO - ========================================
2025-10-09 14:42:54,630 - INFO - Found 14 niches to process: xiaomi, iphone, samsung, apple, sony, asus, philips, sandisk, intel, nvidia, amd, canon, nikon, huawei
2025-10-09 14:42:54,630 - INFO - ========================================
2025-10-09 14:42:54,630 - INFO - Continuing from last processed niche: apple
2025-10-09 14:42:54,630 - INFO - ========================================
2025-10-09 14:42:54,630 - INFO - 🎯 PROCESSING NICHE 5/14: 'sony'
2025-10-09 14:42:54,630 - INFO - ========================================
2025-10-09 14:42:54,630 - INFO - 📁 Niche directory: /home/runner/work/potensitech.com/potensitech.com/languages/english/keywords/sony
2025-10-09 14:42:54,630 - INFO - Selected region: us
2025-10-09 14:42:54,630 - INFO - Selected language: en
2025-10-09 14:42:54,630 - INFO - 🎯 Current niche: sony
2025-10-09 14:42:57,083 - INFO - 🎯 Niche terms for filtering: sony, cheap, best, latest, review, price, sell, buy, recommendation, tips, tutorial, guide, how to, vs, versus, compared to, comparison, alternatives, which is better, expensive, discount, deals, sale, affordable, cost, online, offline, marketplace, store, shop, retailer, where to buy, worst, quality, original, genuine, fake, replica, authentic, brand, manufacturer, company, product, sony product, sell sony, buy sony, cheap sony, best sony, sony review, where to buy sony, how to choose sony, top sony, sony guide, sony for sale, sony deals
2025-10-09 14:42:57,083 - INFO - Generated 50 niche-clue pairs for 'sony'.
2025-10-09 14:42:57,086 - INFO - Expanded 50 seed keywords to 218 variations
2025-10-09 14:42:57,086 - INFO - 🔧 Request Handler initialized - Success rate: 100.0%
2025-10-09 14:47:23,758 - INFO - Original clue keywords: performance boost, storage capacity
2025-10-09 14:47:23,758 - INFO - Niche-focused seeds: performance boost sony, sony performance boost, performance boost cheap, cheap performance boost, performance boost best, best performance boost, performance boost latest, latest performance boost, performance boost review, review performance boost, performance boost price, price performance boost, performance boost sell, sell performance boost, performance boost buy, buy performance boost, performance boost recommendation, recommendation performance boost, performance boost tips, tips performance boost, performance boost tutorial, tutorial performance boost, performance boost guide, guide performance boost, performance boost how to, how to performance boost, performance boost vs, vs performance boost, performance boost versus, versus performance boost, performance boost compared to, compared to performance boost, performance boost comparison, comparison performance boost, performance boost alternatives, alternatives performance boost, performance boost which is better, which is better performance boost, performance boost expensive, expensive performance boost, performance boost discount, discount performance boost, performance boost deals, deals performance boost, performance boost sale, sale performance boost, performance boost affordable, affordable performance boost, performance boost cost, cost performance boost, performance boost online, online performance boost, performance boost offline, offline performance boost, performance boost marketplace, marketplace performance boost, performance boost store, store performance boost, performance boost shop, shop performance boost, performance boost retailer, retailer performance boost, performance boost where to buy, where to buy performance boost, performance boost worst, worst performance boost, performance boost quality, quality performance boost, performance boost original, original performance boost, performance boost genuine, genuine performance boost, performance boost fake, fake performance boost, performance boost replica, replica performance boost, performance boost authentic, authentic performance boost, performance boost brand, brand performance boost, performance boost manufacturer, manufacturer performance boost, performance boost company, company performance boost, performance boost product, product performance boost, performance boost sony product, sony product performance boost, performance boost sell sony, sell sony performance boost, performance boost buy sony, buy sony performance boost, performance boost cheap sony, cheap sony performance boost, performance boost best sony, best sony performance boost, performance boost sony review, sony review performance boost, performance boost where to buy sony, where to buy sony performance boost, performance boost how to choose sony, how to choose sony performance boost, performance boost top sony, top sony performance boost, performance boost sony guide, sony guide performance boost, performance boost sony for sale, sony for sale performance boost, performance boost sony deals, sony deals performance boost, storage capacity sony, sony storage capacity, storage capacity cheap, cheap storage capacity, storage capacity best, best storage capacity, storage capacity latest, latest storage capacity, storage capacity review, review storage capacity, storage capacity price, price storage capacity, storage capacity sell, sell storage capacity, storage capacity buy, buy storage capacity, storage capacity recommendation, recommendation storage capacity, storage capacity tips, tips storage capacity, storage capacity tutorial, tutorial storage capacity, storage capacity guide, guide storage capacity, storage capacity how to, how to storage capacity, storage capacity vs, vs storage capacity, storage capacity versus, versus storage capacity, storage capacity compared to, compared to storage capacity, storage capacity comparison, comparison storage capacity, storage capacity alternatives, alternatives storage capacity, storage capacity which is better, which is better storage capacity, storage capacity expensive, expensive storage capacity, storage capacity discount, discount storage capacity, storage capacity deals, deals storage capacity, storage capacity sale, sale storage capacity, storage capacity affordable, affordable storage capacity, storage capacity cost, cost storage capacity, storage capacity online, online storage capacity, storage capacity offline, offline storage capacity, storage capacity marketplace, marketplace storage capacity, storage capacity store, store storage capacity, storage capacity shop, shop storage capacity, storage capacity retailer, retailer storage capacity, storage capacity where to buy, where to buy storage capacity, storage capacity worst, worst storage capacity, storage capacity quality, quality storage capacity, storage capacity original, original storage capacity, storage capacity genuine, genuine storage capacity, storage capacity fake, fake storage capacity, storage capacity replica, replica storage capacity, storage capacity authentic, authentic storage capacity, storage capacity brand, brand storage capacity, storage capacity manufacturer, manufacturer storage capacity, storage capacity company, company storage capacity, storage capacity product, product storage capacity, storage capacity sony product, sony product storage capacity, storage capacity sell sony, sell sony storage capacity, storage capacity buy sony, buy sony storage capacity, storage capacity cheap sony, cheap sony storage capacity, storage capacity best sony, best sony storage capacity, storage capacity sony review, sony review storage capacity, storage capacity where to buy sony, where to buy sony storage capacity, storage capacity how to choose sony, how to choose sony storage capacity, storage capacity top sony, top sony storage capacity, storage capacity sony guide, sony guide storage capacity, storage capacity sony for sale, sony for sale storage capacity, storage capacity sony deals, sony deals storage capacity
2025-10-09 14:47:23,762 - INFO - Expanded 220 seed keywords to 385 variations
2025-10-09 14:47:23,762 - INFO - Language: en
2025-10-09 14:47:23,762 - INFO - Region: us
2025-10-09 14:51:59,113 - INFO - 🎯 After all filtering for 'sony': 120 relevant keywords
2025-10-09 14:51:59,333 - INFO - 🎯 Found 5 new keywords for niche 'sony': sony affordable performance boost, sony affordable storage capacity, cheap alternatives performance boost, cheap alternatives storage capacity, best authentic performance boost
2025-10-09 14:52:07,572 - INFO - ✅ Niche 'sony' process complete! 121 total keyword results.
2025-10-09 14:52:07,572 - INFO - ✅ Completed processing niche: 'sony'
2025-10-09 14:52:07,572 - INFO - 🔧 Request Handler final stats - Success rate: 100.0%
2025-10-09 14:52:07,572 - INFO -    Total requests: 22414, Blocks: 0
2025-10-09 14:52:07,573 - INFO - 
========================================
2025-10-09 14:52:07,574 - INFO - Process Summary:
2025-10-09 14:52:07,574 - INFO - - Current niche: 'sony'
2025-10-09 14:52:07,574 - INFO - - Next niche will be: 'asus'
2025-10-09 14:52:07,574 - INFO - - Keywords saved in: languages/english/keywords/sony/
2025-10-09 14:52:07,574 - INFO - ========================================
