2025-10-03 07:28:43,332 - INFO - Log file created at: /home/runner/work/potensitech.com/potensitech.com/languages/english/keywords/logs/kw_search_20251003_072843.log
2025-10-03 07:28:43,333 - INFO - ============================================================
2025-10-03 07:28:43,333 - INFO - AUTOMATIC KEYWORD RESEARCH TOOL
2025-10-03 07:28:43,333 - INFO - ============================================================
2025-10-03 07:28:43,491 - INFO - ========================================
2025-10-03 07:28:43,491 - INFO - Found 14 niches to process: xiaomi, iphone, samsung, apple, sony, asus, philips, sandisk, intel, nvidia, amd, canon, nikon, huawei
2025-10-03 07:28:43,491 - INFO - ========================================
2025-10-03 07:28:43,491 - INFO - Continuing from last processed niche: amd
2025-10-03 07:28:43,491 - INFO - ========================================
2025-10-03 07:28:43,491 - INFO - 🎯 PROCESSING NICHE 12/14: 'canon'
2025-10-03 07:28:43,491 - INFO - ========================================
2025-10-03 07:28:43,492 - INFO - 📁 Niche directory: /home/runner/work/potensitech.com/potensitech.com/languages/english/keywords/canon
2025-10-03 07:28:43,492 - INFO - Selected region: us
2025-10-03 07:28:43,492 - INFO - Selected language: en
2025-10-03 07:28:43,492 - INFO - 🎯 Current niche: canon
2025-10-03 07:28:48,189 - INFO - 🎯 Niche terms for filtering: canon, cheap, best, latest, review, price, sell, buy, recommendation, tips, tutorial, guide, how to, vs, versus, compared to, comparison, alternatives, which is better, expensive, discount, deals, sale, affordable, cost, online, offline, marketplace, store, shop, retailer, where to buy, worst, quality, original, genuine, fake, replica, authentic, brand, manufacturer, company, product, canon product, sell canon, buy canon, cheap canon, best canon, canon review, where to buy canon, how to choose canon, top canon, canon guide, canon for sale, canon deals
2025-10-03 07:28:48,190 - INFO - Generated 50 niche-clue pairs for 'canon'.
2025-10-03 07:28:48,193 - INFO - Expanded 50 seed keywords to 218 variations
2025-10-03 07:28:48,193 - INFO - 🔧 Request Handler initialized - Success rate: 100.0%
2025-10-03 07:33:13,614 - INFO - Original clue keywords: dslr quality, mirrorless photography
2025-10-03 07:33:13,614 - INFO - Niche-focused seeds: dslr quality, mirrorless photography canon, canon mirrorless photography, mirrorless photography cheap, cheap mirrorless photography, mirrorless photography best, best mirrorless photography, mirrorless photography latest, latest mirrorless photography, mirrorless photography review, review mirrorless photography, mirrorless photography price, price mirrorless photography, mirrorless photography sell, sell mirrorless photography, mirrorless photography buy, buy mirrorless photography, mirrorless photography recommendation, recommendation mirrorless photography, mirrorless photography tips, tips mirrorless photography, mirrorless photography tutorial, tutorial mirrorless photography, mirrorless photography guide, guide mirrorless photography, mirrorless photography how to, how to mirrorless photography, mirrorless photography vs, vs mirrorless photography, mirrorless photography versus, versus mirrorless photography, mirrorless photography compared to, compared to mirrorless photography, mirrorless photography comparison, comparison mirrorless photography, mirrorless photography alternatives, alternatives mirrorless photography, mirrorless photography which is better, which is better mirrorless photography, mirrorless photography expensive, expensive mirrorless photography, mirrorless photography discount, discount mirrorless photography, mirrorless photography deals, deals mirrorless photography, mirrorless photography sale, sale mirrorless photography, mirrorless photography affordable, affordable mirrorless photography, mirrorless photography cost, cost mirrorless photography, mirrorless photography online, online mirrorless photography, mirrorless photography offline, offline mirrorless photography, mirrorless photography marketplace, marketplace mirrorless photography, mirrorless photography store, store mirrorless photography, mirrorless photography shop, shop mirrorless photography, mirrorless photography retailer, retailer mirrorless photography, mirrorless photography where to buy, where to buy mirrorless photography, mirrorless photography worst, worst mirrorless photography, mirrorless photography quality, quality mirrorless photography, mirrorless photography original, original mirrorless photography, mirrorless photography genuine, genuine mirrorless photography, mirrorless photography fake, fake mirrorless photography, mirrorless photography replica, replica mirrorless photography, mirrorless photography authentic, authentic mirrorless photography, mirrorless photography brand, brand mirrorless photography, mirrorless photography manufacturer, manufacturer mirrorless photography, mirrorless photography company, company mirrorless photography, mirrorless photography product, product mirrorless photography, mirrorless photography canon product, canon product mirrorless photography, mirrorless photography sell canon, sell canon mirrorless photography, mirrorless photography buy canon, buy canon mirrorless photography, mirrorless photography cheap canon, cheap canon mirrorless photography, mirrorless photography best canon, best canon mirrorless photography, mirrorless photography canon review, canon review mirrorless photography, mirrorless photography where to buy canon, where to buy canon mirrorless photography, mirrorless photography how to choose canon, how to choose canon mirrorless photography, mirrorless photography top canon, top canon mirrorless photography, mirrorless photography canon guide, canon guide mirrorless photography, mirrorless photography canon for sale, canon for sale mirrorless photography, mirrorless photography canon deals, canon deals mirrorless photography
2025-10-03 07:33:13,618 - INFO - Expanded 111 seed keywords to 276 variations
2025-10-03 07:33:13,618 - INFO - Language: en
2025-10-03 07:33:13,618 - INFO - Region: us
2025-10-03 07:37:46,355 - INFO - 🎯 After all filtering for 'canon': 120 relevant keywords
2025-10-03 07:37:46,373 - INFO - 🎯 Found 5 new keywords for niche 'canon': canon dslr quality, cheap dslr quality, best dslr quality, how to dslr quality, canon affordable mirrorless photography
2025-10-03 07:37:54,728 - INFO - ✅ Niche 'canon' process complete! 74 total keyword results.
2025-10-03 07:37:54,729 - INFO - ✅ Completed processing niche: 'canon'
2025-10-03 07:37:54,729 - INFO - 🔧 Request Handler final stats - Success rate: 100.0%
2025-10-03 07:37:54,729 - INFO -    Total requests: 17540, Blocks: 0
2025-10-03 07:37:54,730 - INFO - 
========================================
2025-10-03 07:37:54,730 - INFO - Process Summary:
2025-10-03 07:37:54,730 - INFO - - Current niche: 'canon'
2025-10-03 07:37:54,730 - INFO - - Next niche will be: 'nikon'
2025-10-03 07:37:54,730 - INFO - - Keywords saved in: languages/english/keywords/canon/
2025-10-03 07:37:54,731 - INFO - ========================================
