2025-10-10 21:43:09,258 - INFO - Log file created at: /home/runner/work/potensitech.com/potensitech.com/languages/english/keywords/logs/kw_search_20251010_214309.log
2025-10-10 21:43:09,258 - INFO - ============================================================
2025-10-10 21:43:09,258 - INFO - AUTOMATIC KEYWORD RESEARCH TOOL
2025-10-10 21:43:09,258 - INFO - ============================================================
2025-10-10 21:43:09,420 - INFO - ========================================
2025-10-10 21:43:09,420 - INFO - Found 14 niches to process: xiaomi, iphone, samsung, apple, sony, asus, philips, sandisk, intel, nvidia, amd, canon, nikon, huawei
2025-10-10 21:43:09,420 - INFO - ========================================
2025-10-10 21:43:09,420 - INFO - Continuing from last processed niche: samsung
2025-10-10 21:43:09,420 - INFO - ========================================
2025-10-10 21:43:09,420 - INFO - 🎯 PROCESSING NICHE 4/14: 'apple'
2025-10-10 21:43:09,420 - INFO - ========================================
2025-10-10 21:43:09,420 - INFO - 📁 Niche directory: /home/runner/work/potensitech.com/potensitech.com/languages/english/keywords/apple
2025-10-10 21:43:09,420 - INFO - Selected region: us
2025-10-10 21:43:09,421 - INFO - Selected language: en
2025-10-10 21:43:09,421 - INFO - 🎯 Current niche: apple
2025-10-10 21:43:14,179 - INFO - 🎯 Niche terms for filtering: apple, cheap, best, latest, review, price, sell, buy, recommendation, tips, tutorial, guide, how to, vs, versus, compared to, comparison, alternatives, which is better, expensive, discount, deals, sale, affordable, cost, online, offline, marketplace, store, shop, retailer, where to buy, worst, quality, original, genuine, fake, replica, authentic, brand, manufacturer, company, product, apple product, sell apple, buy apple, cheap apple, best apple, apple review, where to buy apple, how to choose apple, top apple, apple guide, apple for sale, apple deals
2025-10-10 21:43:14,180 - INFO - Generated 50 niche-clue pairs for 'apple'.
2025-10-10 21:43:14,182 - INFO - Expanded 50 seed keywords to 218 variations
2025-10-10 21:43:14,183 - INFO - 🔧 Request Handler initialized - Success rate: 100.0%
2025-10-10 21:47:37,603 - INFO - Original clue keywords: smartphone camera, battery life
2025-10-10 21:47:37,603 - INFO - Niche-focused seeds: smartphone camera apple, apple smartphone camera, smartphone camera cheap, cheap smartphone camera, smartphone camera best, best smartphone camera, smartphone camera latest, latest smartphone camera, smartphone camera review, review smartphone camera, smartphone camera price, price smartphone camera, smartphone camera sell, sell smartphone camera, smartphone camera buy, buy smartphone camera, smartphone camera recommendation, recommendation smartphone camera, smartphone camera tips, tips smartphone camera, smartphone camera tutorial, tutorial smartphone camera, smartphone camera guide, guide smartphone camera, smartphone camera how to, how to smartphone camera, smartphone camera vs, vs smartphone camera, smartphone camera versus, versus smartphone camera, smartphone camera compared to, compared to smartphone camera, smartphone camera comparison, comparison smartphone camera, smartphone camera alternatives, alternatives smartphone camera, smartphone camera which is better, which is better smartphone camera, smartphone camera expensive, expensive smartphone camera, smartphone camera discount, discount smartphone camera, smartphone camera deals, deals smartphone camera, smartphone camera sale, sale smartphone camera, smartphone camera affordable, affordable smartphone camera, smartphone camera cost, cost smartphone camera, smartphone camera online, online smartphone camera, smartphone camera offline, offline smartphone camera, smartphone camera marketplace, marketplace smartphone camera, smartphone camera store, store smartphone camera, smartphone camera shop, shop smartphone camera, smartphone camera retailer, retailer smartphone camera, smartphone camera where to buy, where to buy smartphone camera, smartphone camera worst, worst smartphone camera, smartphone camera quality, quality smartphone camera, smartphone camera original, original smartphone camera, smartphone camera genuine, genuine smartphone camera, smartphone camera fake, fake smartphone camera, smartphone camera replica, replica smartphone camera, smartphone camera authentic, authentic smartphone camera, smartphone camera brand, brand smartphone camera, smartphone camera manufacturer, manufacturer smartphone camera, smartphone camera company, company smartphone camera, smartphone camera product, product smartphone camera, smartphone camera apple product, apple product smartphone camera, smartphone camera sell apple, sell apple smartphone camera, smartphone camera buy apple, buy apple smartphone camera, smartphone camera cheap apple, cheap apple smartphone camera, smartphone camera best apple, best apple smartphone camera, smartphone camera apple review, apple review smartphone camera, smartphone camera where to buy apple, where to buy apple smartphone camera, smartphone camera how to choose apple, how to choose apple smartphone camera, smartphone camera top apple, top apple smartphone camera, smartphone camera apple guide, apple guide smartphone camera, smartphone camera apple for sale, apple for sale smartphone camera, smartphone camera apple deals, apple deals smartphone camera, battery life apple, apple battery life, battery life cheap, cheap battery life, battery life best, best battery life, battery life latest, latest battery life, battery life review, review battery life, battery life price, price battery life, battery life sell, sell battery life, battery life buy, buy battery life, battery life recommendation, recommendation battery life, battery life tips, tips battery life, battery life tutorial, tutorial battery life, battery life guide, guide battery life, battery life how to, how to battery life, battery life vs, vs battery life, battery life versus, versus battery life, battery life compared to, compared to battery life, battery life comparison, comparison battery life, battery life alternatives, alternatives battery life, battery life which is better, which is better battery life, battery life expensive, expensive battery life, battery life discount, discount battery life, battery life deals, deals battery life, battery life sale, sale battery life, battery life affordable, affordable battery life, battery life cost, cost battery life, battery life online, online battery life, battery life offline, offline battery life, battery life marketplace, marketplace battery life, battery life store, store battery life, battery life shop, shop battery life, battery life retailer, retailer battery life, battery life where to buy, where to buy battery life, battery life worst, worst battery life, battery life quality, quality battery life, battery life original, original battery life, battery life genuine, genuine battery life, battery life fake, fake battery life, battery life replica, replica battery life, battery life authentic, authentic battery life, battery life brand, brand battery life, battery life manufacturer, manufacturer battery life, battery life company, company battery life, battery life product, product battery life, battery life apple product, apple product battery life, battery life sell apple, sell apple battery life, battery life buy apple, buy apple battery life, battery life cheap apple, cheap apple battery life, battery life best apple, best apple battery life, battery life apple review, apple review battery life, battery life where to buy apple, where to buy apple battery life, battery life how to choose apple, how to choose apple battery life, battery life top apple, top apple battery life, battery life apple guide, apple guide battery life, battery life apple for sale, apple for sale battery life, battery life apple deals, apple deals battery life
2025-10-10 21:47:37,606 - INFO - Expanded 220 seed keywords to 385 variations
2025-10-10 21:47:37,606 - INFO - Language: en
2025-10-10 21:47:37,606 - INFO - Region: us
2025-10-10 21:50:58,458 - INFO - 🎯 After all filtering for 'apple': 119 relevant keywords
2025-10-10 21:50:58,743 - INFO - 🎯 Found 5 new keywords for niche 'apple': apple affordable battery life, apple affordable smartphone camera, cheap alternatives battery life, best authentic battery life, how to battery life brand
2025-10-10 21:51:06,483 - INFO - ✅ Niche 'apple' process complete! 99 total keyword results.
2025-10-10 21:51:06,483 - INFO - ✅ Completed processing niche: 'apple'
2025-10-10 21:51:06,483 - INFO - 🔧 Request Handler final stats - Success rate: 100.0%
2025-10-10 21:51:06,483 - INFO -    Total requests: 23299, Blocks: 0
2025-10-10 21:51:06,484 - INFO - 
========================================
2025-10-10 21:51:06,484 - INFO - Process Summary:
2025-10-10 21:51:06,484 - INFO - - Current niche: 'apple'
2025-10-10 21:51:06,484 - INFO - - Next niche will be: 'sony'
2025-10-10 21:51:06,485 - INFO - - Keywords saved in: languages/english/keywords/apple/
2025-10-10 21:51:06,485 - INFO - ========================================
