2025-11-14 19:25:34,800 - INFO - Log file created at: /home/runner/work/potensitech.com/potensitech.com/languages/english/keywords/logs/kw_search_20251114_192534.log
2025-11-14 19:25:34,800 - INFO - ============================================================
2025-11-14 19:25:34,800 - INFO - AUTOMATIC KEYWORD RESEARCH TOOL
2025-11-14 19:25:34,800 - INFO - ============================================================
2025-11-14 19:25:34,978 - INFO - ========================================
2025-11-14 19:25:34,978 - INFO - Found 14 niches to process: xiaomi, iphone, samsung, apple, sony, asus, philips, sandisk, intel, nvidia, amd, canon, nikon, huawei
2025-11-14 19:25:34,978 - INFO - ========================================
2025-11-14 19:25:34,978 - INFO - Continuing from last processed niche: nikon
2025-11-14 19:25:34,978 - INFO - ========================================
2025-11-14 19:25:34,978 - INFO - 🎯 PROCESSING NICHE 14/14: 'huawei'
2025-11-14 19:25:34,978 - INFO - ========================================
2025-11-14 19:25:34,978 - INFO - 📁 Niche directory: /home/runner/work/potensitech.com/potensitech.com/languages/english/keywords/huawei
2025-11-14 19:25:34,978 - INFO - Selected region: us
2025-11-14 19:25:34,978 - INFO - Selected language: en
2025-11-14 19:25:34,978 - INFO - 🎯 Current niche: huawei
2025-11-14 19:25:37,594 - INFO - 🎯 Niche terms for filtering: huawei, cheap, best, latest, review, price, sell, buy, recommendation, tips, tutorial, guide, how to, vs, versus, compared to, comparison, alternatives, which is better, expensive, discount, deals, sale, affordable, cost, online, offline, marketplace, store, shop, retailer, where to buy, worst, quality, original, genuine, fake, replica, authentic, brand, manufacturer, company, product, huawei product, sell huawei, buy huawei, cheap huawei, best huawei, huawei review, where to buy huawei, how to choose huawei, top huawei, huawei guide, huawei for sale, huawei deals
2025-11-14 19:25:37,594 - INFO - Generated 50 niche-clue pairs for 'huawei'.
2025-11-14 19:25:37,597 - INFO - Expanded 50 seed keywords to 218 variations
2025-11-14 19:25:37,598 - INFO - 🔧 Request Handler initialized - Success rate: 100.0%
2025-11-14 19:30:01,528 - INFO - Original clue keywords: camera lenses, processor speed
2025-11-14 19:30:01,528 - INFO - Niche-focused seeds: camera lenses huawei, huawei camera lenses, camera lenses cheap, cheap camera lenses, camera lenses best, best camera lenses, camera lenses latest, latest camera lenses, camera lenses review, review camera lenses, camera lenses price, price camera lenses, camera lenses sell, sell camera lenses, camera lenses buy, buy camera lenses, camera lenses recommendation, recommendation camera lenses, camera lenses tips, tips camera lenses, camera lenses tutorial, tutorial camera lenses, camera lenses guide, guide camera lenses, camera lenses how to, how to camera lenses, camera lenses vs, vs camera lenses, camera lenses versus, versus camera lenses, camera lenses compared to, compared to camera lenses, camera lenses comparison, comparison camera lenses, camera lenses alternatives, alternatives camera lenses, camera lenses which is better, which is better camera lenses, camera lenses expensive, expensive camera lenses, camera lenses discount, discount camera lenses, camera lenses deals, deals camera lenses, camera lenses sale, sale camera lenses, camera lenses affordable, affordable camera lenses, camera lenses cost, cost camera lenses, camera lenses online, online camera lenses, camera lenses offline, offline camera lenses, camera lenses marketplace, marketplace camera lenses, camera lenses store, store camera lenses, camera lenses shop, shop camera lenses, camera lenses retailer, retailer camera lenses, camera lenses where to buy, where to buy camera lenses, camera lenses worst, worst camera lenses, camera lenses quality, quality camera lenses, camera lenses original, original camera lenses, camera lenses genuine, genuine camera lenses, camera lenses fake, fake camera lenses, camera lenses replica, replica camera lenses, camera lenses authentic, authentic camera lenses, camera lenses brand, brand camera lenses, camera lenses manufacturer, manufacturer camera lenses, camera lenses company, company camera lenses, camera lenses product, product camera lenses, camera lenses huawei product, huawei product camera lenses, camera lenses sell huawei, sell huawei camera lenses, camera lenses buy huawei, buy huawei camera lenses, camera lenses cheap huawei, cheap huawei camera lenses, camera lenses best huawei, best huawei camera lenses, camera lenses huawei review, huawei review camera lenses, camera lenses where to buy huawei, where to buy huawei camera lenses, camera lenses how to choose huawei, how to choose huawei camera lenses, camera lenses top huawei, top huawei camera lenses, camera lenses huawei guide, huawei guide camera lenses, camera lenses huawei for sale, huawei for sale camera lenses, camera lenses huawei deals, huawei deals camera lenses, processor speed huawei, huawei processor speed, processor speed cheap, cheap processor speed, processor speed best, best processor speed, processor speed latest, latest processor speed, processor speed review, review processor speed, processor speed price, price processor speed, processor speed sell, sell processor speed, processor speed buy, buy processor speed, processor speed recommendation, recommendation processor speed, processor speed tips, tips processor speed, processor speed tutorial, tutorial processor speed, processor speed guide, guide processor speed, processor speed how to, how to processor speed, processor speed vs, vs processor speed, processor speed versus, versus processor speed, processor speed compared to, compared to processor speed, processor speed comparison, comparison processor speed, processor speed alternatives, alternatives processor speed, processor speed which is better, which is better processor speed, processor speed expensive, expensive processor speed, processor speed discount, discount processor speed, processor speed deals, deals processor speed, processor speed sale, sale processor speed, processor speed affordable, affordable processor speed, processor speed cost, cost processor speed, processor speed online, online processor speed, processor speed offline, offline processor speed, processor speed marketplace, marketplace processor speed, processor speed store, store processor speed, processor speed shop, shop processor speed, processor speed retailer, retailer processor speed, processor speed where to buy, where to buy processor speed, processor speed worst, worst processor speed, processor speed quality, quality processor speed, processor speed original, original processor speed, processor speed genuine, genuine processor speed, processor speed fake, fake processor speed, processor speed replica, replica processor speed, processor speed authentic, authentic processor speed, processor speed brand, brand processor speed, processor speed manufacturer, manufacturer processor speed, processor speed company, company processor speed, processor speed product, product processor speed, processor speed huawei product, huawei product processor speed, processor speed sell huawei, sell huawei processor speed, processor speed buy huawei, buy huawei processor speed, processor speed cheap huawei, cheap huawei processor speed, processor speed best huawei, best huawei processor speed, processor speed huawei review, huawei review processor speed, processor speed where to buy huawei, where to buy huawei processor speed, processor speed how to choose huawei, how to choose huawei processor speed, processor speed top huawei, top huawei processor speed, processor speed huawei guide, huawei guide processor speed, processor speed huawei for sale, huawei for sale processor speed, processor speed huawei deals, huawei deals processor speed
2025-11-14 19:30:01,532 - INFO - Expanded 220 seed keywords to 385 variations
2025-11-14 19:30:01,532 - INFO - Language: en
2025-11-14 19:30:01,532 - INFO - Region: us
2025-11-14 19:32:41,987 - INFO - 🎯 After all filtering for 'huawei': 120 relevant keywords
2025-11-14 19:32:42,757 - INFO - 🎯 Found 5 new keywords for niche 'huawei': huawei affordable camera lenses, huawei affordable processor speed, cheap alternatives camera lenses, best authentic camera lenses, how to brand camera lenses
2025-11-14 19:33:14,904 - INFO - ✅ Niche 'huawei' process complete! 240 total keyword results.
2025-11-14 19:33:14,904 - INFO - ✅ Completed processing niche: 'huawei'
2025-11-14 19:33:14,904 - INFO - 🔧 Request Handler final stats - Success rate: 100.0%
2025-11-14 19:33:14,904 - INFO -    Total requests: 42745, Blocks: 0
2025-11-14 19:33:14,905 - INFO - 
========================================
2025-11-14 19:33:14,905 - INFO - Process Summary:
2025-11-14 19:33:14,905 - INFO - - Current niche: 'huawei'
2025-11-14 19:33:14,905 - INFO - - Next niche will be: 'xiaomi'
2025-11-14 19:33:14,906 - INFO - - Keywords saved in: languages/english/keywords/huawei/
2025-11-14 19:33:14,906 - INFO - ========================================
