2025-08-29 13:32:17,776 - INFO - Log file created at: /home/runner/work/potensitech.com/potensitech.com/languages/english/keywords/logs/kw_search_20250829_133217.log
2025-08-29 13:32:17,776 - INFO - ============================================================
2025-08-29 13:32:17,776 - INFO - AUTOMATIC KEYWORD RESEARCH TOOL
2025-08-29 13:32:17,776 - INFO - ============================================================
2025-08-29 13:32:17,875 - INFO - ========================================
2025-08-29 13:32:17,876 - INFO - Found 14 niches to process: xiaomi, iphone, samsung, apple, sony, asus, philips, sandisk, intel, nvidia, amd, canon, nikon, huawei
2025-08-29 13:32:17,876 - INFO - ========================================
2025-08-29 13:32:17,876 - INFO - Continuing from last processed niche: amd
2025-08-29 13:32:17,876 - INFO - ========================================
2025-08-29 13:32:17,876 - INFO - 🎯 PROCESSING NICHE 12/14: 'canon'
2025-08-29 13:32:17,876 - INFO - ========================================
2025-08-29 13:32:17,876 - INFO - 📁 Niche directory: /home/runner/work/potensitech.com/potensitech.com/languages/english/keywords/canon
2025-08-29 13:32:17,876 - INFO - Selected region: us
2025-08-29 13:32:17,876 - INFO - Selected language: en
2025-08-29 13:32:17,876 - INFO - 🎯 Current niche: canon
2025-08-29 13:32:22,060 - INFO - 🎯 Niche terms for filtering: canon, cheap, best, latest, review, price, sell, buy, recommendation, tips, tutorial, guide, how to, vs, versus, compared to, comparison, alternatives, which is better, expensive, discount, deals, sale, affordable, cost, online, offline, marketplace, store, shop, retailer, where to buy, worst, quality, original, genuine, fake, replica, authentic, brand, manufacturer, company, product, canon product, sell canon, buy canon, cheap canon, best canon, canon review, where to buy canon, how to choose canon, top canon, canon guide, canon for sale, canon deals
2025-08-29 13:32:22,060 - INFO - Generated 50 niche-clue pairs for 'canon'.
2025-08-29 13:32:22,063 - INFO - Expanded 50 seed keywords to 218 variations
2025-08-29 13:32:22,064 - INFO - 🔧 Request Handler initialized - Success rate: 100.0%
2025-08-29 13:36:46,001 - INFO - Original clue keywords: flagship, features
2025-08-29 13:36:46,001 - INFO - Niche-focused seeds: flagship canon, canon flagship, flagship cheap, cheap flagship, flagship best, best flagship, flagship latest, latest flagship, flagship review, review flagship, flagship price, price flagship, flagship sell, sell flagship, flagship buy, buy flagship, flagship recommendation, recommendation flagship, flagship tips, tips flagship, flagship tutorial, tutorial flagship, flagship guide, guide flagship, flagship how to, how to flagship, flagship vs, vs flagship, flagship versus, versus flagship, flagship compared to, compared to flagship, flagship comparison, comparison flagship, flagship alternatives, alternatives flagship, flagship which is better, which is better flagship, flagship expensive, expensive flagship, flagship discount, discount flagship, flagship deals, deals flagship, flagship sale, sale flagship, flagship affordable, affordable flagship, flagship cost, cost flagship, flagship online, online flagship, flagship offline, offline flagship, flagship marketplace, marketplace flagship, flagship store, store flagship, flagship shop, shop flagship, flagship retailer, retailer flagship, flagship where to buy, where to buy flagship, flagship worst, worst flagship, flagship quality, quality flagship, flagship original, original flagship, flagship genuine, genuine flagship, flagship fake, fake flagship, flagship replica, replica flagship, flagship authentic, authentic flagship, flagship brand, brand flagship, flagship manufacturer, manufacturer flagship, flagship company, company flagship, flagship product, product flagship, flagship canon product, canon product flagship, flagship sell canon, sell canon flagship, flagship buy canon, buy canon flagship, flagship cheap canon, cheap canon flagship, flagship best canon, best canon flagship, flagship canon review, canon review flagship, flagship where to buy canon, where to buy canon flagship, flagship how to choose canon, how to choose canon flagship, flagship top canon, top canon flagship, flagship canon guide, canon guide flagship, flagship canon for sale, canon for sale flagship, flagship canon deals, canon deals flagship, features canon, canon features, features cheap, cheap features, features best, best features, features latest, latest features, features review, review features, features price, price features, features sell, sell features, features buy, buy features, features recommendation, recommendation features, features tips, tips features, features tutorial, tutorial features, features guide, guide features, features how to, how to features, features vs, vs features, features versus, versus features, features compared to, compared to features, features comparison, comparison features, features alternatives, alternatives features, features which is better, which is better features, features expensive, expensive features, features discount, discount features, features deals, deals features, features sale, sale features, features affordable, affordable features, features cost, cost features, features online, online features, features offline, offline features, features marketplace, marketplace features, features store, store features, features shop, shop features, features retailer, retailer features, features where to buy, where to buy features, features worst, worst features, features quality, quality features, features original, original features, features genuine, genuine features, features fake, fake features, features replica, replica features, features authentic, authentic features, features brand, brand features, features manufacturer, manufacturer features, features company, company features, features product, product features, features canon product, canon product features, features sell canon, sell canon features, features buy canon, buy canon features, features cheap canon, cheap canon features, features best canon, best canon features, features canon review, canon review features, features where to buy canon, where to buy canon features, features how to choose canon, how to choose canon features, features top canon, top canon features, features canon guide, canon guide features, features canon for sale, canon for sale features, features canon deals, canon deals features
2025-08-29 13:36:46,005 - INFO - Expanded 220 seed keywords to 385 variations
2025-08-29 13:36:46,005 - INFO - Language: en
2025-08-29 13:36:46,005 - INFO - Region: us
2025-08-29 13:41:19,611 - INFO - 🎯 After all filtering for 'canon': 120 relevant keywords
2025-08-29 13:41:19,611 - INFO - 🎯 Found 5 new keywords for niche 'canon': canon affordable features, cheap affordable features, best affordable features, how to affordable features, canon affordable flagship
2025-08-29 13:41:30,369 - INFO - ✅ Niche 'canon' process complete! 1 total keyword results.
2025-08-29 13:41:30,369 - INFO - ✅ Completed processing niche: 'canon'
2025-08-29 13:41:30,369 - INFO - 🔧 Request Handler final stats - Success rate: 100.0%
2025-08-29 13:41:30,369 - INFO -    Total requests: 1992, Blocks: 0
2025-08-29 13:41:30,370 - INFO - 
========================================
2025-08-29 13:41:30,371 - INFO - Process Summary:
2025-08-29 13:41:30,371 - INFO - - Current niche: 'canon'
2025-08-29 13:41:30,371 - INFO - - Next niche will be: 'nikon'
2025-08-29 13:41:30,371 - INFO - - Keywords saved in: languages/english/keywords/canon/
2025-08-29 13:41:30,371 - INFO - ========================================
