2025-10-18 07:26:52,129 - INFO - Log file created at: /home/runner/work/potensitech.com/potensitech.com/languages/english/keywords/logs/kw_search_20251018_072652.log
2025-10-18 07:26:52,129 - INFO - ============================================================
2025-10-18 07:26:52,129 - INFO - AUTOMATIC KEYWORD RESEARCH TOOL
2025-10-18 07:26:52,129 - INFO - ============================================================
2025-10-18 07:26:52,311 - INFO - ========================================
2025-10-18 07:26:52,311 - INFO - Found 14 niches to process: xiaomi, iphone, samsung, apple, sony, asus, philips, sandisk, intel, nvidia, amd, canon, nikon, huawei
2025-10-18 07:26:52,311 - INFO - ========================================
2025-10-18 07:26:52,311 - INFO - Continuing from last processed niche: philips
2025-10-18 07:26:52,311 - INFO - ========================================
2025-10-18 07:26:52,311 - INFO - 🎯 PROCESSING NICHE 8/14: 'sandisk'
2025-10-18 07:26:52,311 - INFO - ========================================
2025-10-18 07:26:52,312 - INFO - 📁 Niche directory: /home/runner/work/potensitech.com/potensitech.com/languages/english/keywords/sandisk
2025-10-18 07:26:52,312 - INFO - Selected region: us
2025-10-18 07:26:52,312 - INFO - Selected language: en
2025-10-18 07:26:52,312 - INFO - 🎯 Current niche: sandisk
2025-10-18 07:26:55,293 - INFO - 🎯 Niche terms for filtering: sandisk, cheap, best, latest, review, price, sell, buy, recommendation, tips, tutorial, guide, how to, vs, versus, compared to, comparison, alternatives, which is better, expensive, discount, deals, sale, affordable, cost, online, offline, marketplace, store, shop, retailer, where to buy, worst, quality, original, genuine, fake, replica, authentic, brand, manufacturer, company, product, sandisk product, sell sandisk, buy sandisk, cheap sandisk, best sandisk, sandisk review, where to buy sandisk, how to choose sandisk, top sandisk, sandisk guide, sandisk for sale, sandisk deals
2025-10-18 07:26:55,294 - INFO - Generated 50 niche-clue pairs for 'sandisk'.
2025-10-18 07:26:55,297 - INFO - Expanded 50 seed keywords to 218 variations
2025-10-18 07:26:55,297 - INFO - 🔧 Request Handler initialized - Success rate: 100.0%
2025-10-18 07:31:20,178 - INFO - Original clue keywords: dslr photography, mirrorless technology
2025-10-18 07:31:20,179 - INFO - Niche-focused seeds: dslr photography sandisk, sandisk dslr photography, dslr photography cheap, cheap dslr photography, dslr photography best, best dslr photography, dslr photography latest, latest dslr photography, dslr photography review, review dslr photography, dslr photography price, price dslr photography, dslr photography sell, sell dslr photography, dslr photography buy, buy dslr photography, dslr photography recommendation, recommendation dslr photography, dslr photography tips, tips dslr photography, dslr photography tutorial, tutorial dslr photography, dslr photography guide, guide dslr photography, dslr photography how to, how to dslr photography, dslr photography vs, vs dslr photography, dslr photography versus, versus dslr photography, dslr photography compared to, compared to dslr photography, dslr photography comparison, comparison dslr photography, dslr photography alternatives, alternatives dslr photography, dslr photography which is better, which is better dslr photography, dslr photography expensive, expensive dslr photography, dslr photography discount, discount dslr photography, dslr photography deals, deals dslr photography, dslr photography sale, sale dslr photography, dslr photography affordable, affordable dslr photography, dslr photography cost, cost dslr photography, dslr photography online, online dslr photography, dslr photography offline, offline dslr photography, dslr photography marketplace, marketplace dslr photography, dslr photography store, store dslr photography, dslr photography shop, shop dslr photography, dslr photography retailer, retailer dslr photography, dslr photography where to buy, where to buy dslr photography, dslr photography worst, worst dslr photography, dslr photography quality, quality dslr photography, dslr photography original, original dslr photography, dslr photography genuine, genuine dslr photography, dslr photography fake, fake dslr photography, dslr photography replica, replica dslr photography, dslr photography authentic, authentic dslr photography, dslr photography brand, brand dslr photography, dslr photography manufacturer, manufacturer dslr photography, dslr photography company, company dslr photography, dslr photography product, product dslr photography, dslr photography sandisk product, sandisk product dslr photography, dslr photography sell sandisk, sell sandisk dslr photography, dslr photography buy sandisk, buy sandisk dslr photography, dslr photography cheap sandisk, cheap sandisk dslr photography, dslr photography best sandisk, best sandisk dslr photography, dslr photography sandisk review, sandisk review dslr photography, dslr photography where to buy sandisk, where to buy sandisk dslr photography, dslr photography how to choose sandisk, how to choose sandisk dslr photography, dslr photography top sandisk, top sandisk dslr photography, dslr photography sandisk guide, sandisk guide dslr photography, dslr photography sandisk for sale, sandisk for sale dslr photography, dslr photography sandisk deals, sandisk deals dslr photography, mirrorless technology sandisk, sandisk mirrorless technology, mirrorless technology cheap, cheap mirrorless technology, mirrorless technology best, best mirrorless technology, mirrorless technology latest, latest mirrorless technology, mirrorless technology review, review mirrorless technology, mirrorless technology price, price mirrorless technology, mirrorless technology sell, sell mirrorless technology, mirrorless technology buy, buy mirrorless technology, mirrorless technology recommendation, recommendation mirrorless technology, mirrorless technology tips, tips mirrorless technology, mirrorless technology tutorial, tutorial mirrorless technology, mirrorless technology guide, guide mirrorless technology, mirrorless technology how to, how to mirrorless technology, mirrorless technology vs, vs mirrorless technology, mirrorless technology versus, versus mirrorless technology, mirrorless technology compared to, compared to mirrorless technology, mirrorless technology comparison, comparison mirrorless technology, mirrorless technology alternatives, alternatives mirrorless technology, mirrorless technology which is better, which is better mirrorless technology, mirrorless technology expensive, expensive mirrorless technology, mirrorless technology discount, discount mirrorless technology, mirrorless technology deals, deals mirrorless technology, mirrorless technology sale, sale mirrorless technology, mirrorless technology affordable, affordable mirrorless technology, mirrorless technology cost, cost mirrorless technology, mirrorless technology online, online mirrorless technology, mirrorless technology offline, offline mirrorless technology, mirrorless technology marketplace, marketplace mirrorless technology, mirrorless technology store, store mirrorless technology, mirrorless technology shop, shop mirrorless technology, mirrorless technology retailer, retailer mirrorless technology, mirrorless technology where to buy, where to buy mirrorless technology, mirrorless technology worst, worst mirrorless technology, mirrorless technology quality, quality mirrorless technology, mirrorless technology original, original mirrorless technology, mirrorless technology genuine, genuine mirrorless technology, mirrorless technology fake, fake mirrorless technology, mirrorless technology replica, replica mirrorless technology, mirrorless technology authentic, authentic mirrorless technology, mirrorless technology brand, brand mirrorless technology, mirrorless technology manufacturer, manufacturer mirrorless technology, mirrorless technology company, company mirrorless technology, mirrorless technology product, product mirrorless technology, mirrorless technology sandisk product, sandisk product mirrorless technology, mirrorless technology sell sandisk, sell sandisk mirrorless technology, mirrorless technology buy sandisk, buy sandisk mirrorless technology, mirrorless technology cheap sandisk, cheap sandisk mirrorless technology, mirrorless technology best sandisk, best sandisk mirrorless technology, mirrorless technology sandisk review, sandisk review mirrorless technology, mirrorless technology where to buy sandisk, where to buy sandisk mirrorless technology, mirrorless technology how to choose sandisk, how to choose sandisk mirrorless technology, mirrorless technology top sandisk, top sandisk mirrorless technology, mirrorless technology sandisk guide, sandisk guide mirrorless technology, mirrorless technology sandisk for sale, sandisk for sale mirrorless technology, mirrorless technology sandisk deals, sandisk deals mirrorless technology
2025-10-18 07:31:20,182 - INFO - Expanded 220 seed keywords to 385 variations
2025-10-18 07:31:20,182 - INFO - Language: en
2025-10-18 07:31:20,182 - INFO - Region: us
2025-10-18 07:31:52,265 - INFO - 🎯 After all filtering for 'sandisk': 120 relevant keywords
2025-10-18 07:31:52,497 - INFO - 🎯 Found 5 new keywords for niche 'sandisk': sandisk affordable dslr photography, sandisk affordable mirrorless technology, cheap alternatives dslr photography, cheap alternatives mirrorless technology, best authentic dslr photography
2025-10-18 07:32:00,385 - INFO - ✅ Niche 'sandisk' process complete! 124 total keyword results.
2025-10-18 07:32:00,385 - INFO - ✅ Completed processing niche: 'sandisk'
2025-10-18 07:32:00,385 - INFO - 🔧 Request Handler final stats - Success rate: 100.0%
2025-10-18 07:32:00,385 - INFO -    Total requests: 27864, Blocks: 0
2025-10-18 07:32:00,386 - INFO - 
========================================
2025-10-18 07:32:00,387 - INFO - Process Summary:
2025-10-18 07:32:00,387 - INFO - - Current niche: 'sandisk'
2025-10-18 07:32:00,387 - INFO - - Next niche will be: 'intel'
2025-10-18 07:32:00,387 - INFO - - Keywords saved in: languages/english/keywords/sandisk/
2025-10-18 07:32:00,387 - INFO - ========================================
