2025-10-07 16:54:21,202 - INFO - Log file created at: /home/runner/work/potensitech.com/potensitech.com/languages/english/keywords/logs/kw_search_20251007_165421.log
2025-10-07 16:54:21,202 - INFO - ============================================================
2025-10-07 16:54:21,202 - INFO - AUTOMATIC KEYWORD RESEARCH TOOL
2025-10-07 16:54:21,202 - INFO - ============================================================
2025-10-07 16:54:21,433 - INFO - ========================================
2025-10-07 16:54:21,433 - INFO - Found 14 niches to process: xiaomi, iphone, samsung, apple, sony, asus, philips, sandisk, intel, nvidia, amd, canon, nikon, huawei
2025-10-07 16:54:21,433 - INFO - ========================================
2025-10-07 16:54:21,433 - INFO - Continuing from last processed niche: nikon
2025-10-07 16:54:21,433 - INFO - ========================================
2025-10-07 16:54:21,434 - INFO - 🎯 PROCESSING NICHE 14/14: 'huawei'
2025-10-07 16:54:21,434 - INFO - ========================================
2025-10-07 16:54:21,434 - INFO - 📁 Niche directory: /home/runner/work/potensitech.com/potensitech.com/languages/english/keywords/huawei
2025-10-07 16:54:21,434 - INFO - Selected region: us
2025-10-07 16:54:21,434 - INFO - Selected language: en
2025-10-07 16:54:21,434 - INFO - 🎯 Current niche: huawei
2025-10-07 16:54:23,868 - INFO - 🎯 Niche terms for filtering: huawei, cheap, best, latest, review, price, sell, buy, recommendation, tips, tutorial, guide, how to, vs, versus, compared to, comparison, alternatives, which is better, expensive, discount, deals, sale, affordable, cost, online, offline, marketplace, store, shop, retailer, where to buy, worst, quality, original, genuine, fake, replica, authentic, brand, manufacturer, company, product, huawei product, sell huawei, buy huawei, cheap huawei, best huawei, huawei review, where to buy huawei, how to choose huawei, top huawei, huawei guide, huawei for sale, huawei deals
2025-10-07 16:54:23,868 - INFO - Generated 50 niche-clue pairs for 'huawei'.
2025-10-07 16:54:23,871 - INFO - Expanded 50 seed keywords to 218 variations
2025-10-07 16:54:23,872 - INFO - 🔧 Request Handler initialized - Success rate: 100.0%
2025-10-07 16:58:50,525 - INFO - Original clue keywords: dslr quality, smart-lighting
2025-10-07 16:58:50,525 - INFO - Niche-focused seeds: dslr quality, smart-lighting huawei, huawei smart-lighting, smart-lighting cheap, cheap smart-lighting, smart-lighting best, best smart-lighting, smart-lighting latest, latest smart-lighting, smart-lighting review, review smart-lighting, smart-lighting price, price smart-lighting, smart-lighting sell, sell smart-lighting, smart-lighting buy, buy smart-lighting, smart-lighting recommendation, recommendation smart-lighting, smart-lighting tips, tips smart-lighting, smart-lighting tutorial, tutorial smart-lighting, smart-lighting guide, guide smart-lighting, smart-lighting how to, how to smart-lighting, smart-lighting vs, vs smart-lighting, smart-lighting versus, versus smart-lighting, smart-lighting compared to, compared to smart-lighting, smart-lighting comparison, comparison smart-lighting, smart-lighting alternatives, alternatives smart-lighting, smart-lighting which is better, which is better smart-lighting, smart-lighting expensive, expensive smart-lighting, smart-lighting discount, discount smart-lighting, smart-lighting deals, deals smart-lighting, smart-lighting sale, sale smart-lighting, smart-lighting affordable, affordable smart-lighting, smart-lighting cost, cost smart-lighting, smart-lighting online, online smart-lighting, smart-lighting offline, offline smart-lighting, smart-lighting marketplace, marketplace smart-lighting, smart-lighting store, store smart-lighting, smart-lighting shop, shop smart-lighting, smart-lighting retailer, retailer smart-lighting, smart-lighting where to buy, where to buy smart-lighting, smart-lighting worst, worst smart-lighting, smart-lighting quality, quality smart-lighting, smart-lighting original, original smart-lighting, smart-lighting genuine, genuine smart-lighting, smart-lighting fake, fake smart-lighting, smart-lighting replica, replica smart-lighting, smart-lighting authentic, authentic smart-lighting, smart-lighting brand, brand smart-lighting, smart-lighting manufacturer, manufacturer smart-lighting, smart-lighting company, company smart-lighting, smart-lighting product, product smart-lighting, smart-lighting huawei product, huawei product smart-lighting, smart-lighting sell huawei, sell huawei smart-lighting, smart-lighting buy huawei, buy huawei smart-lighting, smart-lighting cheap huawei, cheap huawei smart-lighting, smart-lighting best huawei, best huawei smart-lighting, smart-lighting huawei review, huawei review smart-lighting, smart-lighting where to buy huawei, where to buy huawei smart-lighting, smart-lighting how to choose huawei, how to choose huawei smart-lighting, smart-lighting top huawei, top huawei smart-lighting, smart-lighting huawei guide, huawei guide smart-lighting, smart-lighting huawei for sale, huawei for sale smart-lighting, smart-lighting huawei deals, huawei deals smart-lighting
2025-10-07 16:58:50,528 - INFO - Expanded 111 seed keywords to 276 variations
2025-10-07 16:58:50,528 - INFO - Language: en
2025-10-07 16:58:50,528 - INFO - Region: us
2025-10-07 17:03:07,430 - INFO - 🎯 After all filtering for 'huawei': 120 relevant keywords
2025-10-07 17:03:07,464 - INFO - 🎯 Found 5 new keywords for niche 'huawei': huawei affordable smart-lighting, cheap affordable smart-lighting, best affordable smart-lighting, how to affordable smart-lighting, huawei alternatives smart-lighting
2025-10-07 17:03:16,378 - INFO - ✅ Niche 'huawei' process complete! 96 total keyword results.
2025-10-07 17:03:16,378 - INFO - ✅ Completed processing niche: 'huawei'
2025-10-07 17:03:16,378 - INFO - 🔧 Request Handler final stats - Success rate: 100.0%
2025-10-07 17:03:16,379 - INFO -    Total requests: 20989, Blocks: 0
2025-10-07 17:03:16,380 - INFO - 
========================================
2025-10-07 17:03:16,380 - INFO - Process Summary:
2025-10-07 17:03:16,380 - INFO - - Current niche: 'huawei'
2025-10-07 17:03:16,380 - INFO - - Next niche will be: 'xiaomi'
2025-10-07 17:03:16,380 - INFO - - Keywords saved in: languages/english/keywords/huawei/
2025-10-07 17:03:16,380 - INFO - ========================================
