2025-09-15 12:32:28,807 - INFO - Log file created at: /home/runner/work/potensitech.com/potensitech.com/languages/english/keywords/logs/kw_search_20250915_123228.log
2025-09-15 12:32:28,807 - INFO - ============================================================
2025-09-15 12:32:28,807 - INFO - AUTOMATIC KEYWORD RESEARCH TOOL
2025-09-15 12:32:28,807 - INFO - ============================================================
2025-09-15 12:32:28,910 - INFO - ========================================
2025-09-15 12:32:28,910 - INFO - Found 14 niches to process: xiaomi, iphone, samsung, apple, sony, asus, philips, sandisk, intel, nvidia, amd, canon, nikon, huawei
2025-09-15 12:32:28,910 - INFO - ========================================
2025-09-15 12:32:28,910 - INFO - Continuing from last processed niche: xiaomi
2025-09-15 12:32:28,910 - INFO - ========================================
2025-09-15 12:32:28,910 - INFO - 🎯 PROCESSING NICHE 2/14: 'iphone'
2025-09-15 12:32:28,910 - INFO - ========================================
2025-09-15 12:32:28,911 - INFO - 📁 Niche directory: /home/runner/work/potensitech.com/potensitech.com/languages/english/keywords/iphone
2025-09-15 12:32:28,911 - INFO - Selected region: us
2025-09-15 12:32:28,911 - INFO - Selected language: en
2025-09-15 12:32:28,911 - INFO - 🎯 Current niche: iphone
2025-09-15 12:32:32,552 - INFO - 🎯 Niche terms for filtering: iphone, cheap, best, latest, review, price, sell, buy, recommendation, tips, tutorial, guide, how to, vs, versus, compared to, comparison, alternatives, which is better, expensive, discount, deals, sale, affordable, cost, online, offline, marketplace, store, shop, retailer, where to buy, worst, quality, original, genuine, fake, replica, authentic, brand, manufacturer, company, product, iphone product, sell iphone, buy iphone, cheap iphone, best iphone, iphone review, where to buy iphone, how to choose iphone, top iphone, iphone guide, iphone for sale, iphone deals
2025-09-15 12:32:32,553 - INFO - Generated 50 niche-clue pairs for 'iphone'.
2025-09-15 12:32:32,556 - INFO - Expanded 50 seed keywords to 218 variations
2025-09-15 12:32:32,557 - INFO - 🔧 Request Handler initialized - Success rate: 100.0%
2025-09-15 12:36:55,115 - INFO - Original clue keywords: dslr photography, autofocus precision
2025-09-15 12:36:55,115 - INFO - Niche-focused seeds: dslr photography iphone, iphone dslr photography, dslr photography cheap, cheap dslr photography, dslr photography best, best dslr photography, dslr photography latest, latest dslr photography, dslr photography review, review dslr photography, dslr photography price, price dslr photography, dslr photography sell, sell dslr photography, dslr photography buy, buy dslr photography, dslr photography recommendation, recommendation dslr photography, dslr photography tips, tips dslr photography, dslr photography tutorial, tutorial dslr photography, dslr photography guide, guide dslr photography, dslr photography how to, how to dslr photography, dslr photography vs, vs dslr photography, dslr photography versus, versus dslr photography, dslr photography compared to, compared to dslr photography, dslr photography comparison, comparison dslr photography, dslr photography alternatives, alternatives dslr photography, dslr photography which is better, which is better dslr photography, dslr photography expensive, expensive dslr photography, dslr photography discount, discount dslr photography, dslr photography deals, deals dslr photography, dslr photography sale, sale dslr photography, dslr photography affordable, affordable dslr photography, dslr photography cost, cost dslr photography, dslr photography online, online dslr photography, dslr photography offline, offline dslr photography, dslr photography marketplace, marketplace dslr photography, dslr photography store, store dslr photography, dslr photography shop, shop dslr photography, dslr photography retailer, retailer dslr photography, dslr photography where to buy, where to buy dslr photography, dslr photography worst, worst dslr photography, dslr photography quality, quality dslr photography, dslr photography original, original dslr photography, dslr photography genuine, genuine dslr photography, dslr photography fake, fake dslr photography, dslr photography replica, replica dslr photography, dslr photography authentic, authentic dslr photography, dslr photography brand, brand dslr photography, dslr photography manufacturer, manufacturer dslr photography, dslr photography company, company dslr photography, dslr photography product, product dslr photography, dslr photography iphone product, iphone product dslr photography, dslr photography sell iphone, sell iphone dslr photography, dslr photography buy iphone, buy iphone dslr photography, dslr photography cheap iphone, cheap iphone dslr photography, dslr photography best iphone, best iphone dslr photography, dslr photography iphone review, iphone review dslr photography, dslr photography where to buy iphone, where to buy iphone dslr photography, dslr photography how to choose iphone, how to choose iphone dslr photography, dslr photography top iphone, top iphone dslr photography, dslr photography iphone guide, iphone guide dslr photography, dslr photography iphone for sale, iphone for sale dslr photography, dslr photography iphone deals, iphone deals dslr photography, autofocus precision iphone, iphone autofocus precision, autofocus precision cheap, cheap autofocus precision, autofocus precision best, best autofocus precision, autofocus precision latest, latest autofocus precision, autofocus precision review, review autofocus precision, autofocus precision price, price autofocus precision, autofocus precision sell, sell autofocus precision, autofocus precision buy, buy autofocus precision, autofocus precision recommendation, recommendation autofocus precision, autofocus precision tips, tips autofocus precision, autofocus precision tutorial, tutorial autofocus precision, autofocus precision guide, guide autofocus precision, autofocus precision how to, how to autofocus precision, autofocus precision vs, vs autofocus precision, autofocus precision versus, versus autofocus precision, autofocus precision compared to, compared to autofocus precision, autofocus precision comparison, comparison autofocus precision, autofocus precision alternatives, alternatives autofocus precision, autofocus precision which is better, which is better autofocus precision, autofocus precision expensive, expensive autofocus precision, autofocus precision discount, discount autofocus precision, autofocus precision deals, deals autofocus precision, autofocus precision sale, sale autofocus precision, autofocus precision affordable, affordable autofocus precision, autofocus precision cost, cost autofocus precision, autofocus precision online, online autofocus precision, autofocus precision offline, offline autofocus precision, autofocus precision marketplace, marketplace autofocus precision, autofocus precision store, store autofocus precision, autofocus precision shop, shop autofocus precision, autofocus precision retailer, retailer autofocus precision, autofocus precision where to buy, where to buy autofocus precision, autofocus precision worst, worst autofocus precision, autofocus precision quality, quality autofocus precision, autofocus precision original, original autofocus precision, autofocus precision genuine, genuine autofocus precision, autofocus precision fake, fake autofocus precision, autofocus precision replica, replica autofocus precision, autofocus precision authentic, authentic autofocus precision, autofocus precision brand, brand autofocus precision, autofocus precision manufacturer, manufacturer autofocus precision, autofocus precision company, company autofocus precision, autofocus precision product, product autofocus precision, autofocus precision iphone product, iphone product autofocus precision, autofocus precision sell iphone, sell iphone autofocus precision, autofocus precision buy iphone, buy iphone autofocus precision, autofocus precision cheap iphone, cheap iphone autofocus precision, autofocus precision best iphone, best iphone autofocus precision, autofocus precision iphone review, iphone review autofocus precision, autofocus precision where to buy iphone, where to buy iphone autofocus precision, autofocus precision how to choose iphone, how to choose iphone autofocus precision, autofocus precision top iphone, top iphone autofocus precision, autofocus precision iphone guide, iphone guide autofocus precision, autofocus precision iphone for sale, iphone for sale autofocus precision, autofocus precision iphone deals, iphone deals autofocus precision
2025-09-15 12:36:55,119 - INFO - Expanded 220 seed keywords to 385 variations
2025-09-15 12:36:55,119 - INFO - Language: en
2025-09-15 12:36:55,119 - INFO - Region: us
2025-09-15 12:41:25,202 - INFO - 🎯 After all filtering for 'iphone': 120 relevant keywords
2025-09-15 12:41:25,253 - INFO - 🎯 Found 5 new keywords for niche 'iphone': iphone affordable autofocus precision, iphone affordable dslr photography, cheap alternatives autofocus precision, cheap alternatives dslr photography, best authentic autofocus precision
2025-09-15 12:41:39,718 - INFO - ✅ Niche 'iphone' process complete! 36 total keyword results.
2025-09-15 12:41:39,718 - INFO - ✅ Completed processing niche: 'iphone'
2025-09-15 12:41:39,718 - INFO - 🔧 Request Handler final stats - Success rate: 100.0%
2025-09-15 12:41:39,718 - INFO -    Total requests: 3587, Blocks: 0
2025-09-15 12:41:39,719 - INFO - 
========================================
2025-09-15 12:41:39,719 - INFO - Process Summary:
2025-09-15 12:41:39,719 - INFO - - Current niche: 'iphone'
2025-09-15 12:41:39,719 - INFO - - Next niche will be: 'samsung'
2025-09-15 12:41:39,719 - INFO - - Keywords saved in: languages/english/keywords/iphone/
2025-09-15 12:41:39,720 - INFO - ========================================
