2025-10-08 16:54:28,611 - INFO - Log file created at: /home/runner/work/potensitech.com/potensitech.com/languages/english/keywords/logs/kw_search_20251008_165428.log
2025-10-08 16:54:28,611 - INFO - ============================================================
2025-10-08 16:54:28,611 - INFO - AUTOMATIC KEYWORD RESEARCH TOOL
2025-10-08 16:54:28,611 - INFO - ============================================================
2025-10-08 16:54:28,767 - INFO - ========================================
2025-10-08 16:54:28,767 - INFO - Found 14 niches to process: xiaomi, iphone, samsung, apple, sony, asus, philips, sandisk, intel, nvidia, amd, canon, nikon, huawei
2025-10-08 16:54:28,767 - INFO - ========================================
2025-10-08 16:54:28,767 - INFO - Continuing from last processed niche: intel
2025-10-08 16:54:28,767 - INFO - ========================================
2025-10-08 16:54:28,767 - INFO - 🎯 PROCESSING NICHE 10/14: 'nvidia'
2025-10-08 16:54:28,768 - INFO - ========================================
2025-10-08 16:54:28,768 - INFO - 📁 Niche directory: /home/runner/work/potensitech.com/potensitech.com/languages/english/keywords/nvidia
2025-10-08 16:54:28,768 - INFO - Selected region: us
2025-10-08 16:54:28,768 - INFO - Selected language: en
2025-10-08 16:54:28,768 - INFO - 🎯 Current niche: nvidia
2025-10-08 16:54:33,078 - INFO - 🎯 Niche terms for filtering: nvidia, cheap, best, latest, review, price, sell, buy, recommendation, tips, tutorial, guide, how to, vs, versus, compared to, comparison, alternatives, which is better, expensive, discount, deals, sale, affordable, cost, online, offline, marketplace, store, shop, retailer, where to buy, worst, quality, original, genuine, fake, replica, authentic, brand, manufacturer, company, product, nvidia product, sell nvidia, buy nvidia, cheap nvidia, best nvidia, nvidia review, where to buy nvidia, how to choose nvidia, top nvidia, nvidia guide, nvidia for sale, nvidia deals
2025-10-08 16:54:33,079 - INFO - Generated 50 niche-clue pairs for 'nvidia'.
2025-10-08 16:54:33,082 - INFO - Expanded 50 seed keywords to 218 variations
2025-10-08 16:54:33,082 - INFO - 🔧 Request Handler initialized - Success rate: 100.0%
2025-10-08 16:58:56,617 - INFO - Original clue keywords: performance boost
2025-10-08 16:58:56,617 - INFO - Niche-focused seeds: performance boost nvidia, nvidia performance boost, performance boost cheap, cheap performance boost, performance boost best, best performance boost, performance boost latest, latest performance boost, performance boost review, review performance boost, performance boost price, price performance boost, performance boost sell, sell performance boost, performance boost buy, buy performance boost, performance boost recommendation, recommendation performance boost, performance boost tips, tips performance boost, performance boost tutorial, tutorial performance boost, performance boost guide, guide performance boost, performance boost how to, how to performance boost, performance boost vs, vs performance boost, performance boost versus, versus performance boost, performance boost compared to, compared to performance boost, performance boost comparison, comparison performance boost, performance boost alternatives, alternatives performance boost, performance boost which is better, which is better performance boost, performance boost expensive, expensive performance boost, performance boost discount, discount performance boost, performance boost deals, deals performance boost, performance boost sale, sale performance boost, performance boost affordable, affordable performance boost, performance boost cost, cost performance boost, performance boost online, online performance boost, performance boost offline, offline performance boost, performance boost marketplace, marketplace performance boost, performance boost store, store performance boost, performance boost shop, shop performance boost, performance boost retailer, retailer performance boost, performance boost where to buy, where to buy performance boost, performance boost worst, worst performance boost, performance boost quality, quality performance boost, performance boost original, original performance boost, performance boost genuine, genuine performance boost, performance boost fake, fake performance boost, performance boost replica, replica performance boost, performance boost authentic, authentic performance boost, performance boost brand, brand performance boost, performance boost manufacturer, manufacturer performance boost, performance boost company, company performance boost, performance boost product, product performance boost, performance boost nvidia product, nvidia product performance boost, performance boost sell nvidia, sell nvidia performance boost, performance boost buy nvidia, buy nvidia performance boost, performance boost cheap nvidia, cheap nvidia performance boost, performance boost best nvidia, best nvidia performance boost, performance boost nvidia review, nvidia review performance boost, performance boost where to buy nvidia, where to buy nvidia performance boost, performance boost how to choose nvidia, how to choose nvidia performance boost, performance boost top nvidia, top nvidia performance boost, performance boost nvidia guide, nvidia guide performance boost, performance boost nvidia for sale, nvidia for sale performance boost, performance boost nvidia deals, nvidia deals performance boost
2025-10-08 16:58:56,621 - INFO - Expanded 110 seed keywords to 275 variations
2025-10-08 16:58:56,621 - INFO - Language: en
2025-10-08 16:58:56,621 - INFO - Region: us
2025-10-08 17:03:36,803 - INFO - 🎯 After all filtering for 'nvidia': 120 relevant keywords
2025-10-08 17:03:37,486 - INFO - 🎯 Found 4 new keywords for niche 'nvidia': nvidia affordable performance boost, cheap alternatives performance boost, best authentic performance boost, how to brand performance boost
2025-10-08 17:03:56,923 - INFO - ✅ Niche 'nvidia' process complete! 132 total keyword results.
2025-10-08 17:03:56,923 - INFO - ✅ Completed processing niche: 'nvidia'
2025-10-08 17:03:56,923 - INFO - 🔧 Request Handler final stats - Success rate: 100.0%
2025-10-08 17:03:56,923 - INFO -    Total requests: 21815, Blocks: 0
2025-10-08 17:03:56,924 - INFO - 
========================================
2025-10-08 17:03:56,924 - INFO - Process Summary:
2025-10-08 17:03:56,924 - INFO - - Current niche: 'nvidia'
2025-10-08 17:03:56,925 - INFO - - Next niche will be: 'amd'
2025-10-08 17:03:56,925 - INFO - - Keywords saved in: languages/english/keywords/nvidia/
2025-10-08 17:03:56,925 - INFO - ========================================
