2025-10-06 04:53:47,159 - INFO - Log file created at: /home/runner/work/potensitech.com/potensitech.com/languages/english/keywords/logs/kw_search_20251006_045347.log
2025-10-06 04:53:47,159 - INFO - ============================================================
2025-10-06 04:53:47,159 - INFO - AUTOMATIC KEYWORD RESEARCH TOOL
2025-10-06 04:53:47,160 - INFO - ============================================================
2025-10-06 04:53:47,308 - INFO - ========================================
2025-10-06 04:53:47,308 - INFO - Found 14 niches to process: xiaomi, iphone, samsung, apple, sony, asus, philips, sandisk, intel, nvidia, amd, canon, nikon, huawei
2025-10-06 04:53:47,308 - INFO - ========================================
2025-10-06 04:53:47,308 - INFO - Continuing from last processed niche: canon
2025-10-06 04:53:47,308 - INFO - ========================================
2025-10-06 04:53:47,308 - INFO - 🎯 PROCESSING NICHE 13/14: 'nikon'
2025-10-06 04:53:47,308 - INFO - ========================================
2025-10-06 04:53:47,308 - INFO - 📁 Niche directory: /home/runner/work/potensitech.com/potensitech.com/languages/english/keywords/nikon
2025-10-06 04:53:47,309 - INFO - Selected region: us
2025-10-06 04:53:47,309 - INFO - Selected language: en
2025-10-06 04:53:47,309 - INFO - 🎯 Current niche: nikon
2025-10-06 04:53:49,730 - INFO - 🎯 Niche terms for filtering: nikon, cheap, best, latest, review, price, sell, buy, recommendation, tips, tutorial, guide, how to, vs, versus, compared to, comparison, alternatives, which is better, expensive, discount, deals, sale, affordable, cost, online, offline, marketplace, store, shop, retailer, where to buy, worst, quality, original, genuine, fake, replica, authentic, brand, manufacturer, company, product, nikon product, sell nikon, buy nikon, cheap nikon, best nikon, nikon review, where to buy nikon, how to choose nikon, top nikon, nikon guide, nikon for sale, nikon deals
2025-10-06 04:53:49,730 - INFO - Generated 50 niche-clue pairs for 'nikon'.
2025-10-06 04:53:49,733 - INFO - Expanded 50 seed keywords to 218 variations
2025-10-06 04:53:49,734 - INFO - 🔧 Request Handler initialized - Success rate: 100.0%
2025-10-06 04:58:11,088 - INFO - Original clue keywords: dslr quality, camera lens
2025-10-06 04:58:11,088 - INFO - Niche-focused seeds: dslr quality, camera lens nikon, nikon camera lens, camera lens cheap, cheap camera lens, camera lens best, best camera lens, camera lens latest, latest camera lens, camera lens review, review camera lens, camera lens price, price camera lens, camera lens sell, sell camera lens, camera lens buy, buy camera lens, camera lens recommendation, recommendation camera lens, camera lens tips, tips camera lens, camera lens tutorial, tutorial camera lens, camera lens guide, guide camera lens, camera lens how to, how to camera lens, camera lens vs, vs camera lens, camera lens versus, versus camera lens, camera lens compared to, compared to camera lens, camera lens comparison, comparison camera lens, camera lens alternatives, alternatives camera lens, camera lens which is better, which is better camera lens, camera lens expensive, expensive camera lens, camera lens discount, discount camera lens, camera lens deals, deals camera lens, camera lens sale, sale camera lens, camera lens affordable, affordable camera lens, camera lens cost, cost camera lens, camera lens online, online camera lens, camera lens offline, offline camera lens, camera lens marketplace, marketplace camera lens, camera lens store, store camera lens, camera lens shop, shop camera lens, camera lens retailer, retailer camera lens, camera lens where to buy, where to buy camera lens, camera lens worst, worst camera lens, camera lens quality, quality camera lens, camera lens original, original camera lens, camera lens genuine, genuine camera lens, camera lens fake, fake camera lens, camera lens replica, replica camera lens, camera lens authentic, authentic camera lens, camera lens brand, brand camera lens, camera lens manufacturer, manufacturer camera lens, camera lens company, company camera lens, camera lens product, product camera lens, camera lens nikon product, nikon product camera lens, camera lens sell nikon, sell nikon camera lens, camera lens buy nikon, buy nikon camera lens, camera lens cheap nikon, cheap nikon camera lens, camera lens best nikon, best nikon camera lens, camera lens nikon review, nikon review camera lens, camera lens where to buy nikon, where to buy nikon camera lens, camera lens how to choose nikon, how to choose nikon camera lens, camera lens top nikon, top nikon camera lens, camera lens nikon guide, nikon guide camera lens, camera lens nikon for sale, nikon for sale camera lens, camera lens nikon deals, nikon deals camera lens
2025-10-06 04:58:11,091 - INFO - Expanded 111 seed keywords to 276 variations
2025-10-06 04:58:11,091 - INFO - Language: en
2025-10-06 04:58:11,091 - INFO - Region: us
2025-10-06 04:59:44,396 - INFO - 🎯 After all filtering for 'nikon': 119 relevant keywords
2025-10-06 04:59:44,424 - INFO - 🎯 Found 5 new keywords for niche 'nikon': nikon dslr quality, cheap dslr quality, best dslr quality, how to dslr quality, nikon affordable camera lens
2025-10-06 04:59:53,376 - INFO - ✅ Niche 'nikon' process complete! 112 total keyword results.
2025-10-06 04:59:53,376 - INFO - ✅ Completed processing niche: 'nikon'
2025-10-06 04:59:53,377 - INFO - 🔧 Request Handler final stats - Success rate: 100.0%
2025-10-06 04:59:53,377 - INFO -    Total requests: 19912, Blocks: 0
2025-10-06 04:59:53,378 - INFO - 
========================================
2025-10-06 04:59:53,378 - INFO - Process Summary:
2025-10-06 04:59:53,378 - INFO - - Current niche: 'nikon'
2025-10-06 04:59:53,378 - INFO - - Next niche will be: 'huawei'
2025-10-06 04:59:53,378 - INFO - - Keywords saved in: languages/english/keywords/nikon/
2025-10-06 04:59:53,378 - INFO - ========================================
