2025-11-12 04:55:41,837 - INFO - Log file created at: /home/runner/work/potensitech.com/potensitech.com/languages/english/keywords/logs/kw_search_20251112_045541.log
2025-11-12 04:55:41,837 - INFO - ============================================================
2025-11-12 04:55:41,837 - INFO - AUTOMATIC KEYWORD RESEARCH TOOL
2025-11-12 04:55:41,837 - INFO - ============================================================
2025-11-12 04:55:42,018 - INFO - ========================================
2025-11-12 04:55:42,018 - INFO - Found 14 niches to process: xiaomi, iphone, samsung, apple, sony, asus, philips, sandisk, intel, nvidia, amd, canon, nikon, huawei
2025-11-12 04:55:42,018 - INFO - ========================================
2025-11-12 04:55:42,018 - INFO - Continuing from last processed niche: xiaomi
2025-11-12 04:55:42,018 - INFO - ========================================
2025-11-12 04:55:42,018 - INFO - 🎯 PROCESSING NICHE 2/14: 'iphone'
2025-11-12 04:55:42,018 - INFO - ========================================
2025-11-12 04:55:42,018 - INFO - 📁 Niche directory: /home/runner/work/potensitech.com/potensitech.com/languages/english/keywords/iphone
2025-11-12 04:55:42,019 - INFO - Selected region: us
2025-11-12 04:55:42,019 - INFO - Selected language: en
2025-11-12 04:55:42,019 - INFO - 🎯 Current niche: iphone
2025-11-12 04:55:47,898 - INFO - 🎯 Niche terms for filtering: iphone, cheap, best, latest, review, price, sell, buy, recommendation, tips, tutorial, guide, how to, vs, versus, compared to, comparison, alternatives, which is better, expensive, discount, deals, sale, affordable, cost, online, offline, marketplace, store, shop, retailer, where to buy, worst, quality, original, genuine, fake, replica, authentic, brand, manufacturer, company, product, iphone product, sell iphone, buy iphone, cheap iphone, best iphone, iphone review, where to buy iphone, how to choose iphone, top iphone, iphone guide, iphone for sale, iphone deals
2025-11-12 04:55:47,899 - INFO - Generated 50 niche-clue pairs for 'iphone'.
2025-11-12 04:55:47,902 - INFO - Expanded 50 seed keywords to 218 variations
2025-11-12 04:55:47,902 - INFO - 🔧 Request Handler initialized - Success rate: 100.0%
2025-11-12 05:00:06,325 - INFO - Original clue keywords: smartphone camera, battery life
2025-11-12 05:00:06,325 - INFO - Niche-focused seeds: smartphone camera iphone, iphone smartphone camera, smartphone camera cheap, cheap smartphone camera, smartphone camera best, best smartphone camera, smartphone camera latest, latest smartphone camera, smartphone camera review, review smartphone camera, smartphone camera price, price smartphone camera, smartphone camera sell, sell smartphone camera, smartphone camera buy, buy smartphone camera, smartphone camera recommendation, recommendation smartphone camera, smartphone camera tips, tips smartphone camera, smartphone camera tutorial, tutorial smartphone camera, smartphone camera guide, guide smartphone camera, smartphone camera how to, how to smartphone camera, smartphone camera vs, vs smartphone camera, smartphone camera versus, versus smartphone camera, smartphone camera compared to, compared to smartphone camera, smartphone camera comparison, comparison smartphone camera, smartphone camera alternatives, alternatives smartphone camera, smartphone camera which is better, which is better smartphone camera, smartphone camera expensive, expensive smartphone camera, smartphone camera discount, discount smartphone camera, smartphone camera deals, deals smartphone camera, smartphone camera sale, sale smartphone camera, smartphone camera affordable, affordable smartphone camera, smartphone camera cost, cost smartphone camera, smartphone camera online, online smartphone camera, smartphone camera offline, offline smartphone camera, smartphone camera marketplace, marketplace smartphone camera, smartphone camera store, store smartphone camera, smartphone camera shop, shop smartphone camera, smartphone camera retailer, retailer smartphone camera, smartphone camera where to buy, where to buy smartphone camera, smartphone camera worst, worst smartphone camera, smartphone camera quality, quality smartphone camera, smartphone camera original, original smartphone camera, smartphone camera genuine, genuine smartphone camera, smartphone camera fake, fake smartphone camera, smartphone camera replica, replica smartphone camera, smartphone camera authentic, authentic smartphone camera, smartphone camera brand, brand smartphone camera, smartphone camera manufacturer, manufacturer smartphone camera, smartphone camera company, company smartphone camera, smartphone camera product, product smartphone camera, smartphone camera iphone product, iphone product smartphone camera, smartphone camera sell iphone, sell iphone smartphone camera, smartphone camera buy iphone, buy iphone smartphone camera, smartphone camera cheap iphone, cheap iphone smartphone camera, smartphone camera best iphone, best iphone smartphone camera, smartphone camera iphone review, iphone review smartphone camera, smartphone camera where to buy iphone, where to buy iphone smartphone camera, smartphone camera how to choose iphone, how to choose iphone smartphone camera, smartphone camera top iphone, top iphone smartphone camera, smartphone camera iphone guide, iphone guide smartphone camera, smartphone camera iphone for sale, iphone for sale smartphone camera, smartphone camera iphone deals, iphone deals smartphone camera, battery life iphone, iphone battery life, battery life cheap, cheap battery life, battery life best, best battery life, battery life latest, latest battery life, battery life review, review battery life, battery life price, price battery life, battery life sell, sell battery life, battery life buy, buy battery life, battery life recommendation, recommendation battery life, battery life tips, tips battery life, battery life tutorial, tutorial battery life, battery life guide, guide battery life, battery life how to, how to battery life, battery life vs, vs battery life, battery life versus, versus battery life, battery life compared to, compared to battery life, battery life comparison, comparison battery life, battery life alternatives, alternatives battery life, battery life which is better, which is better battery life, battery life expensive, expensive battery life, battery life discount, discount battery life, battery life deals, deals battery life, battery life sale, sale battery life, battery life affordable, affordable battery life, battery life cost, cost battery life, battery life online, online battery life, battery life offline, offline battery life, battery life marketplace, marketplace battery life, battery life store, store battery life, battery life shop, shop battery life, battery life retailer, retailer battery life, battery life where to buy, where to buy battery life, battery life worst, worst battery life, battery life quality, quality battery life, battery life original, original battery life, battery life genuine, genuine battery life, battery life fake, fake battery life, battery life replica, replica battery life, battery life authentic, authentic battery life, battery life brand, brand battery life, battery life manufacturer, manufacturer battery life, battery life company, company battery life, battery life product, product battery life, battery life iphone product, iphone product battery life, battery life sell iphone, sell iphone battery life, battery life buy iphone, buy iphone battery life, battery life cheap iphone, cheap iphone battery life, battery life best iphone, best iphone battery life, battery life iphone review, iphone review battery life, battery life where to buy iphone, where to buy iphone battery life, battery life how to choose iphone, how to choose iphone battery life, battery life top iphone, top iphone battery life, battery life iphone guide, iphone guide battery life, battery life iphone for sale, iphone for sale battery life, battery life iphone deals, iphone deals battery life
2025-11-12 05:00:06,329 - INFO - Expanded 220 seed keywords to 385 variations
2025-11-12 05:00:06,329 - INFO - Language: en
2025-11-12 05:00:06,329 - INFO - Region: us
2025-11-12 05:00:41,164 - INFO - 🎯 After all filtering for 'iphone': 120 relevant keywords
2025-11-12 05:00:42,091 - INFO - 🎯 Found 4 new keywords for niche 'iphone': iphone affordable battery life, iphone affordable smartphone camera, cheap alternatives battery life, best authentic battery life
2025-11-12 05:00:56,351 - INFO - ✅ Niche 'iphone' process complete! 249 total keyword results.
2025-11-12 05:00:56,352 - INFO - ✅ Completed processing niche: 'iphone'
2025-11-12 05:00:56,352 - INFO - 🔧 Request Handler final stats - Success rate: 100.0%
2025-11-12 05:00:56,352 - INFO -    Total requests: 40856, Blocks: 0
2025-11-12 05:00:56,353 - INFO - 
========================================
2025-11-12 05:00:56,353 - INFO - Process Summary:
2025-11-12 05:00:56,353 - INFO - - Current niche: 'iphone'
2025-11-12 05:00:56,353 - INFO - - Next niche will be: 'samsung'
2025-11-12 05:00:56,353 - INFO - - Keywords saved in: languages/english/keywords/iphone/
2025-11-12 05:00:56,353 - INFO - ========================================
