2025-09-15 19:23:03,808 - INFO - Log file created at: /home/runner/work/potensitech.com/potensitech.com/languages/english/keywords/logs/kw_search_20250915_192303.log
2025-09-15 19:23:03,808 - INFO - ============================================================
2025-09-15 19:23:03,808 - INFO - AUTOMATIC KEYWORD RESEARCH TOOL
2025-09-15 19:23:03,809 - INFO - ============================================================
2025-09-15 19:23:03,916 - INFO - ========================================
2025-09-15 19:23:03,916 - INFO - Found 14 niches to process: xiaomi, iphone, samsung, apple, sony, asus, philips, sandisk, intel, nvidia, amd, canon, nikon, huawei
2025-09-15 19:23:03,916 - INFO - ========================================
2025-09-15 19:23:03,916 - INFO - Continuing from last processed niche: apple
2025-09-15 19:23:03,916 - INFO - ========================================
2025-09-15 19:23:03,916 - INFO - 🎯 PROCESSING NICHE 5/14: 'sony'
2025-09-15 19:23:03,916 - INFO - ========================================
2025-09-15 19:23:03,916 - INFO - 📁 Niche directory: /home/runner/work/potensitech.com/potensitech.com/languages/english/keywords/sony
2025-09-15 19:23:03,917 - INFO - Selected region: us
2025-09-15 19:23:03,917 - INFO - Selected language: en
2025-09-15 19:23:03,917 - INFO - 🎯 Current niche: sony
2025-09-15 19:23:14,545 - INFO - 🎯 Niche terms for filtering: sony, cheap, best, latest, review, price, sell, buy, recommendation, tips, tutorial, guide, how to, vs, versus, compared to, comparison, alternatives, which is better, expensive, discount, deals, sale, affordable, cost, online, offline, marketplace, store, shop, retailer, where to buy, worst, quality, original, genuine, fake, replica, authentic, brand, manufacturer, company, product, sony product, sell sony, buy sony, cheap sony, best sony, sony review, where to buy sony, how to choose sony, top sony, sony guide, sony for sale, sony deals
2025-09-15 19:23:14,545 - INFO - Generated 50 niche-clue pairs for 'sony'.
2025-09-15 19:23:14,548 - INFO - Expanded 50 seed keywords to 218 variations
2025-09-15 19:23:14,548 - INFO - 🔧 Request Handler initialized - Success rate: 100.0%
2025-09-15 19:27:38,894 - INFO - Original clue keywords: autofocus precision, processor speed
2025-09-15 19:27:38,894 - INFO - Niche-focused seeds: autofocus precision sony, sony autofocus precision, autofocus precision cheap, cheap autofocus precision, autofocus precision best, best autofocus precision, autofocus precision latest, latest autofocus precision, autofocus precision review, review autofocus precision, autofocus precision price, price autofocus precision, autofocus precision sell, sell autofocus precision, autofocus precision buy, buy autofocus precision, autofocus precision recommendation, recommendation autofocus precision, autofocus precision tips, tips autofocus precision, autofocus precision tutorial, tutorial autofocus precision, autofocus precision guide, guide autofocus precision, autofocus precision how to, how to autofocus precision, autofocus precision vs, vs autofocus precision, autofocus precision versus, versus autofocus precision, autofocus precision compared to, compared to autofocus precision, autofocus precision comparison, comparison autofocus precision, autofocus precision alternatives, alternatives autofocus precision, autofocus precision which is better, which is better autofocus precision, autofocus precision expensive, expensive autofocus precision, autofocus precision discount, discount autofocus precision, autofocus precision deals, deals autofocus precision, autofocus precision sale, sale autofocus precision, autofocus precision affordable, affordable autofocus precision, autofocus precision cost, cost autofocus precision, autofocus precision online, online autofocus precision, autofocus precision offline, offline autofocus precision, autofocus precision marketplace, marketplace autofocus precision, autofocus precision store, store autofocus precision, autofocus precision shop, shop autofocus precision, autofocus precision retailer, retailer autofocus precision, autofocus precision where to buy, where to buy autofocus precision, autofocus precision worst, worst autofocus precision, autofocus precision quality, quality autofocus precision, autofocus precision original, original autofocus precision, autofocus precision genuine, genuine autofocus precision, autofocus precision fake, fake autofocus precision, autofocus precision replica, replica autofocus precision, autofocus precision authentic, authentic autofocus precision, autofocus precision brand, brand autofocus precision, autofocus precision manufacturer, manufacturer autofocus precision, autofocus precision company, company autofocus precision, autofocus precision product, product autofocus precision, autofocus precision sony product, sony product autofocus precision, autofocus precision sell sony, sell sony autofocus precision, autofocus precision buy sony, buy sony autofocus precision, autofocus precision cheap sony, cheap sony autofocus precision, autofocus precision best sony, best sony autofocus precision, autofocus precision sony review, sony review autofocus precision, autofocus precision where to buy sony, where to buy sony autofocus precision, autofocus precision how to choose sony, how to choose sony autofocus precision, autofocus precision top sony, top sony autofocus precision, autofocus precision sony guide, sony guide autofocus precision, autofocus precision sony for sale, sony for sale autofocus precision, autofocus precision sony deals, sony deals autofocus precision, processor speed sony, sony processor speed, processor speed cheap, cheap processor speed, processor speed best, best processor speed, processor speed latest, latest processor speed, processor speed review, review processor speed, processor speed price, price processor speed, processor speed sell, sell processor speed, processor speed buy, buy processor speed, processor speed recommendation, recommendation processor speed, processor speed tips, tips processor speed, processor speed tutorial, tutorial processor speed, processor speed guide, guide processor speed, processor speed how to, how to processor speed, processor speed vs, vs processor speed, processor speed versus, versus processor speed, processor speed compared to, compared to processor speed, processor speed comparison, comparison processor speed, processor speed alternatives, alternatives processor speed, processor speed which is better, which is better processor speed, processor speed expensive, expensive processor speed, processor speed discount, discount processor speed, processor speed deals, deals processor speed, processor speed sale, sale processor speed, processor speed affordable, affordable processor speed, processor speed cost, cost processor speed, processor speed online, online processor speed, processor speed offline, offline processor speed, processor speed marketplace, marketplace processor speed, processor speed store, store processor speed, processor speed shop, shop processor speed, processor speed retailer, retailer processor speed, processor speed where to buy, where to buy processor speed, processor speed worst, worst processor speed, processor speed quality, quality processor speed, processor speed original, original processor speed, processor speed genuine, genuine processor speed, processor speed fake, fake processor speed, processor speed replica, replica processor speed, processor speed authentic, authentic processor speed, processor speed brand, brand processor speed, processor speed manufacturer, manufacturer processor speed, processor speed company, company processor speed, processor speed product, product processor speed, processor speed sony product, sony product processor speed, processor speed sell sony, sell sony processor speed, processor speed buy sony, buy sony processor speed, processor speed cheap sony, cheap sony processor speed, processor speed best sony, best sony processor speed, processor speed sony review, sony review processor speed, processor speed where to buy sony, where to buy sony processor speed, processor speed how to choose sony, how to choose sony processor speed, processor speed top sony, top sony processor speed, processor speed sony guide, sony guide processor speed, processor speed sony for sale, sony for sale processor speed, processor speed sony deals, sony deals processor speed
2025-09-15 19:27:38,897 - INFO - Expanded 220 seed keywords to 385 variations
2025-09-15 19:27:38,897 - INFO - Language: en
2025-09-15 19:27:38,897 - INFO - Region: us
2025-09-15 19:32:07,235 - INFO - 🎯 After all filtering for 'sony': 120 relevant keywords
2025-09-15 19:32:07,260 - INFO - 🎯 Found 5 new keywords for niche 'sony': sony affordable autofocus precision, sony affordable processor speed, cheap alternatives autofocus precision, cheap alternatives processor speed, best authentic autofocus precision
2025-09-15 19:32:25,382 - INFO - ✅ Niche 'sony' process complete! 21 total keyword results.
2025-09-15 19:32:25,383 - INFO - ✅ Completed processing niche: 'sony'
2025-09-15 19:32:25,383 - INFO - 🔧 Request Handler final stats - Success rate: 100.0%
2025-09-15 19:32:25,383 - INFO -    Total requests: 3860, Blocks: 0
2025-09-15 19:32:25,384 - INFO - 
========================================
2025-09-15 19:32:25,384 - INFO - Process Summary:
2025-09-15 19:32:25,384 - INFO - - Current niche: 'sony'
2025-09-15 19:32:25,384 - INFO - - Next niche will be: 'asus'
2025-09-15 19:32:25,384 - INFO - - Keywords saved in: languages/english/keywords/sony/
2025-09-15 19:32:25,384 - INFO - ========================================
