2026-01-06 21:48:38,978 - INFO - Log file created at: /home/runner/work/potensitech.com/potensitech.com/languages/english/keywords/logs/kw_search_20260106_214838.log
2026-01-06 21:48:38,978 - INFO - ============================================================
2026-01-06 21:48:38,978 - INFO - AUTOMATIC KEYWORD RESEARCH TOOL
2026-01-06 21:48:38,978 - INFO - ============================================================
2026-01-06 21:48:39,223 - INFO - ========================================
2026-01-06 21:48:39,223 - INFO - Found 14 niches to process: xiaomi, iphone, samsung, apple, sony, asus, philips, sandisk, intel, nvidia, amd, canon, nikon, huawei
2026-01-06 21:48:39,223 - INFO - ========================================
2026-01-06 21:48:39,223 - INFO - Continuing from last processed niche: canon
2026-01-06 21:48:39,223 - INFO - ========================================
2026-01-06 21:48:39,223 - INFO - 🎯 PROCESSING NICHE 13/14: 'nikon'
2026-01-06 21:48:39,223 - INFO - ========================================
2026-01-06 21:48:39,223 - INFO - 📁 Niche directory: /home/runner/work/potensitech.com/potensitech.com/languages/english/keywords/nikon
2026-01-06 21:48:39,224 - INFO - Selected region: us
2026-01-06 21:48:39,224 - INFO - Selected language: en
2026-01-06 21:48:39,224 - INFO - 🎯 Current niche: nikon
2026-01-06 21:48:42,599 - INFO - 🎯 Niche terms for filtering: nikon, cheap, best, latest, review, price, sell, buy, recommendation, tips, tutorial, guide, how to, vs, versus, compared to, comparison, alternatives, which is better, expensive, discount, deals, sale, affordable, cost, online, offline, marketplace, store, shop, retailer, where to buy, worst, quality, original, genuine, fake, replica, authentic, brand, manufacturer, company, product, nikon product, sell nikon, buy nikon, cheap nikon, best nikon, nikon review, where to buy nikon, how to choose nikon, top nikon, nikon guide, nikon for sale, nikon deals
2026-01-06 21:48:42,599 - INFO - Generated 50 niche-clue pairs for 'nikon'.
2026-01-06 21:48:42,602 - INFO - Expanded 50 seed keywords to 218 variations
2026-01-06 21:48:42,603 - INFO - 🔧 Request Handler initialized - Success rate: 100.0%
2026-01-06 21:53:07,867 - INFO - Original clue keywords: dslr photography, camera lenses
2026-01-06 21:53:07,867 - INFO - Niche-focused seeds: dslr photography nikon, nikon dslr photography, dslr photography cheap, cheap dslr photography, dslr photography best, best dslr photography, dslr photography latest, latest dslr photography, dslr photography review, review dslr photography, dslr photography price, price dslr photography, dslr photography sell, sell dslr photography, dslr photography buy, buy dslr photography, dslr photography recommendation, recommendation dslr photography, dslr photography tips, tips dslr photography, dslr photography tutorial, tutorial dslr photography, dslr photography guide, guide dslr photography, dslr photography how to, how to dslr photography, dslr photography vs, vs dslr photography, dslr photography versus, versus dslr photography, dslr photography compared to, compared to dslr photography, dslr photography comparison, comparison dslr photography, dslr photography alternatives, alternatives dslr photography, dslr photography which is better, which is better dslr photography, dslr photography expensive, expensive dslr photography, dslr photography discount, discount dslr photography, dslr photography deals, deals dslr photography, dslr photography sale, sale dslr photography, dslr photography affordable, affordable dslr photography, dslr photography cost, cost dslr photography, dslr photography online, online dslr photography, dslr photography offline, offline dslr photography, dslr photography marketplace, marketplace dslr photography, dslr photography store, store dslr photography, dslr photography shop, shop dslr photography, dslr photography retailer, retailer dslr photography, dslr photography where to buy, where to buy dslr photography, dslr photography worst, worst dslr photography, dslr photography quality, quality dslr photography, dslr photography original, original dslr photography, dslr photography genuine, genuine dslr photography, dslr photography fake, fake dslr photography, dslr photography replica, replica dslr photography, dslr photography authentic, authentic dslr photography, dslr photography brand, brand dslr photography, dslr photography manufacturer, manufacturer dslr photography, dslr photography company, company dslr photography, dslr photography product, product dslr photography, dslr photography nikon product, nikon product dslr photography, dslr photography sell nikon, sell nikon dslr photography, dslr photography buy nikon, buy nikon dslr photography, dslr photography cheap nikon, cheap nikon dslr photography, dslr photography best nikon, best nikon dslr photography, dslr photography nikon review, nikon review dslr photography, dslr photography where to buy nikon, where to buy nikon dslr photography, dslr photography how to choose nikon, how to choose nikon dslr photography, dslr photography top nikon, top nikon dslr photography, dslr photography nikon guide, nikon guide dslr photography, dslr photography nikon for sale, nikon for sale dslr photography, dslr photography nikon deals, nikon deals dslr photography, camera lenses nikon, nikon camera lenses, camera lenses cheap, cheap camera lenses, camera lenses best, best camera lenses, camera lenses latest, latest camera lenses, camera lenses review, review camera lenses, camera lenses price, price camera lenses, camera lenses sell, sell camera lenses, camera lenses buy, buy camera lenses, camera lenses recommendation, recommendation camera lenses, camera lenses tips, tips camera lenses, camera lenses tutorial, tutorial camera lenses, camera lenses guide, guide camera lenses, camera lenses how to, how to camera lenses, camera lenses vs, vs camera lenses, camera lenses versus, versus camera lenses, camera lenses compared to, compared to camera lenses, camera lenses comparison, comparison camera lenses, camera lenses alternatives, alternatives camera lenses, camera lenses which is better, which is better camera lenses, camera lenses expensive, expensive camera lenses, camera lenses discount, discount camera lenses, camera lenses deals, deals camera lenses, camera lenses sale, sale camera lenses, camera lenses affordable, affordable camera lenses, camera lenses cost, cost camera lenses, camera lenses online, online camera lenses, camera lenses offline, offline camera lenses, camera lenses marketplace, marketplace camera lenses, camera lenses store, store camera lenses, camera lenses shop, shop camera lenses, camera lenses retailer, retailer camera lenses, camera lenses where to buy, where to buy camera lenses, camera lenses worst, worst camera lenses, camera lenses quality, quality camera lenses, camera lenses original, original camera lenses, camera lenses genuine, genuine camera lenses, camera lenses fake, fake camera lenses, camera lenses replica, replica camera lenses, camera lenses authentic, authentic camera lenses, camera lenses brand, brand camera lenses, camera lenses manufacturer, manufacturer camera lenses, camera lenses company, company camera lenses, camera lenses product, product camera lenses, camera lenses nikon product, nikon product camera lenses, camera lenses sell nikon, sell nikon camera lenses, camera lenses buy nikon, buy nikon camera lenses, camera lenses cheap nikon, cheap nikon camera lenses, camera lenses best nikon, best nikon camera lenses, camera lenses nikon review, nikon review camera lenses, camera lenses where to buy nikon, where to buy nikon camera lenses, camera lenses how to choose nikon, how to choose nikon camera lenses, camera lenses top nikon, top nikon camera lenses, camera lenses nikon guide, nikon guide camera lenses, camera lenses nikon for sale, nikon for sale camera lenses, camera lenses nikon deals, nikon deals camera lenses
2026-01-06 21:53:07,870 - INFO - Expanded 220 seed keywords to 385 variations
2026-01-06 21:53:07,870 - INFO - Language: en
2026-01-06 21:53:07,870 - INFO - Region: us
2026-01-06 21:53:42,273 - INFO - 🎯 After all filtering for 'nikon': 120 relevant keywords
2026-01-06 21:53:42,640 - INFO - 🎯 Found 2 new keywords for niche 'nikon': nikon affordable camera lenses, nikon affordable dslr photography
2026-01-06 21:53:51,424 - INFO - ✅ Niche 'nikon' process complete! 382 total keyword results.
2026-01-06 21:53:51,424 - INFO - ✅ Completed processing niche: 'nikon'
2026-01-06 21:53:51,424 - INFO - 🔧 Request Handler final stats - Success rate: 100.0%
2026-01-06 21:53:51,424 - INFO -    Total requests: 67600, Blocks: 0
2026-01-06 21:53:51,425 - INFO - 
========================================
2026-01-06 21:53:51,425 - INFO - Process Summary:
2026-01-06 21:53:51,425 - INFO - - Current niche: 'nikon'
2026-01-06 21:53:51,425 - INFO - - Next niche will be: 'huawei'
2026-01-06 21:53:51,425 - INFO - - Keywords saved in: languages/english/keywords/nikon/
2026-01-06 21:53:51,425 - INFO - ========================================
