2025-09-19 14:36:26,126 - INFO - Log file created at: /home/runner/work/potensitech.com/potensitech.com/languages/english/keywords/logs/kw_search_20250919_143626.log
2025-09-19 14:36:26,126 - INFO - ============================================================
2025-09-19 14:36:26,126 - INFO - AUTOMATIC KEYWORD RESEARCH TOOL
2025-09-19 14:36:26,126 - INFO - ============================================================
2025-09-19 14:36:26,237 - INFO - ========================================
2025-09-19 14:36:26,237 - INFO - Found 14 niches to process: xiaomi, iphone, samsung, apple, sony, asus, philips, sandisk, intel, nvidia, amd, canon, nikon, huawei
2025-09-19 14:36:26,237 - INFO - ========================================
2025-09-19 14:36:26,237 - INFO - All niches completed, starting over
2025-09-19 14:36:26,237 - INFO - ========================================
2025-09-19 14:36:26,237 - INFO - 🎯 PROCESSING NICHE 1/14: 'xiaomi'
2025-09-19 14:36:26,237 - INFO - ========================================
2025-09-19 14:36:26,237 - INFO - 📁 Niche directory: /home/runner/work/potensitech.com/potensitech.com/languages/english/keywords/xiaomi
2025-09-19 14:36:26,238 - INFO - Selected region: us
2025-09-19 14:36:26,238 - INFO - Selected language: en
2025-09-19 14:36:26,238 - INFO - 🎯 Current niche: xiaomi
2025-09-19 14:36:42,348 - INFO - 🎯 Niche terms for filtering: xiaomi, cheap, best, latest, review, price, sell, buy, recommendation, tips, tutorial, guide, how to, vs, versus, compared to, comparison, alternatives, which is better, expensive, discount, deals, sale, affordable, cost, online, offline, marketplace, store, shop, retailer, where to buy, worst, quality, original, genuine, fake, replica, authentic, brand, manufacturer, company, product, xiaomi product, sell xiaomi, buy xiaomi, cheap xiaomi, best xiaomi, xiaomi review, where to buy xiaomi, how to choose xiaomi, top xiaomi, xiaomi guide, xiaomi for sale, xiaomi deals
2025-09-19 14:36:42,348 - INFO - Generated 50 niche-clue pairs for 'xiaomi'.
2025-09-19 14:36:42,351 - INFO - Expanded 50 seed keywords to 218 variations
2025-09-19 14:36:42,351 - INFO - 🔧 Request Handler initialized - Success rate: 100.0%
2025-09-19 14:41:02,950 - INFO - Original clue keywords: dslr features, camera resolution
2025-09-19 14:41:02,950 - INFO - Niche-focused seeds: dslr features xiaomi, xiaomi dslr features, dslr features cheap, cheap dslr features, dslr features best, best dslr features, dslr features latest, latest dslr features, dslr features review, review dslr features, dslr features price, price dslr features, dslr features sell, sell dslr features, dslr features buy, buy dslr features, dslr features recommendation, recommendation dslr features, dslr features tips, tips dslr features, dslr features tutorial, tutorial dslr features, dslr features guide, guide dslr features, dslr features how to, how to dslr features, dslr features vs, vs dslr features, dslr features versus, versus dslr features, dslr features compared to, compared to dslr features, dslr features comparison, comparison dslr features, dslr features alternatives, alternatives dslr features, dslr features which is better, which is better dslr features, dslr features expensive, expensive dslr features, dslr features discount, discount dslr features, dslr features deals, deals dslr features, dslr features sale, sale dslr features, dslr features affordable, affordable dslr features, dslr features cost, cost dslr features, dslr features online, online dslr features, dslr features offline, offline dslr features, dslr features marketplace, marketplace dslr features, dslr features store, store dslr features, dslr features shop, shop dslr features, dslr features retailer, retailer dslr features, dslr features where to buy, where to buy dslr features, dslr features worst, worst dslr features, dslr features quality, quality dslr features, dslr features original, original dslr features, dslr features genuine, genuine dslr features, dslr features fake, fake dslr features, dslr features replica, replica dslr features, dslr features authentic, authentic dslr features, dslr features brand, brand dslr features, dslr features manufacturer, manufacturer dslr features, dslr features company, company dslr features, dslr features product, product dslr features, dslr features xiaomi product, xiaomi product dslr features, dslr features sell xiaomi, sell xiaomi dslr features, dslr features buy xiaomi, buy xiaomi dslr features, dslr features cheap xiaomi, cheap xiaomi dslr features, dslr features best xiaomi, best xiaomi dslr features, dslr features xiaomi review, xiaomi review dslr features, dslr features where to buy xiaomi, where to buy xiaomi dslr features, dslr features how to choose xiaomi, how to choose xiaomi dslr features, dslr features top xiaomi, top xiaomi dslr features, dslr features xiaomi guide, xiaomi guide dslr features, dslr features xiaomi for sale, xiaomi for sale dslr features, dslr features xiaomi deals, xiaomi deals dslr features, camera resolution xiaomi, xiaomi camera resolution, camera resolution cheap, cheap camera resolution, camera resolution best, best camera resolution, camera resolution latest, latest camera resolution, camera resolution review, review camera resolution, camera resolution price, price camera resolution, camera resolution sell, sell camera resolution, camera resolution buy, buy camera resolution, camera resolution recommendation, recommendation camera resolution, camera resolution tips, tips camera resolution, camera resolution tutorial, tutorial camera resolution, camera resolution guide, guide camera resolution, camera resolution how to, how to camera resolution, camera resolution vs, vs camera resolution, camera resolution versus, versus camera resolution, camera resolution compared to, compared to camera resolution, camera resolution comparison, comparison camera resolution, camera resolution alternatives, alternatives camera resolution, camera resolution which is better, which is better camera resolution, camera resolution expensive, expensive camera resolution, camera resolution discount, discount camera resolution, camera resolution deals, deals camera resolution, camera resolution sale, sale camera resolution, camera resolution affordable, affordable camera resolution, camera resolution cost, cost camera resolution, camera resolution online, online camera resolution, camera resolution offline, offline camera resolution, camera resolution marketplace, marketplace camera resolution, camera resolution store, store camera resolution, camera resolution shop, shop camera resolution, camera resolution retailer, retailer camera resolution, camera resolution where to buy, where to buy camera resolution, camera resolution worst, worst camera resolution, camera resolution quality, quality camera resolution, camera resolution original, original camera resolution, camera resolution genuine, genuine camera resolution, camera resolution fake, fake camera resolution, camera resolution replica, replica camera resolution, camera resolution authentic, authentic camera resolution, camera resolution brand, brand camera resolution, camera resolution manufacturer, manufacturer camera resolution, camera resolution company, company camera resolution, camera resolution product, product camera resolution, camera resolution xiaomi product, xiaomi product camera resolution, camera resolution sell xiaomi, sell xiaomi camera resolution, camera resolution buy xiaomi, buy xiaomi camera resolution, camera resolution cheap xiaomi, cheap xiaomi camera resolution, camera resolution best xiaomi, best xiaomi camera resolution, camera resolution xiaomi review, xiaomi review camera resolution, camera resolution where to buy xiaomi, where to buy xiaomi camera resolution, camera resolution how to choose xiaomi, how to choose xiaomi camera resolution, camera resolution top xiaomi, top xiaomi camera resolution, camera resolution xiaomi guide, xiaomi guide camera resolution, camera resolution xiaomi for sale, xiaomi for sale camera resolution, camera resolution xiaomi deals, xiaomi deals camera resolution
2025-09-19 14:41:02,953 - INFO - Expanded 220 seed keywords to 385 variations
2025-09-19 14:41:02,953 - INFO - Language: en
2025-09-19 14:41:02,953 - INFO - Region: us
2025-09-19 14:45:32,913 - INFO - 🎯 After all filtering for 'xiaomi': 120 relevant keywords
2025-09-19 14:45:32,975 - INFO - 🎯 Found 5 new keywords for niche 'xiaomi': xiaomi affordable camera resolution, xiaomi affordable dslr features, cheap alternatives camera resolution, cheap alternatives dslr features, best authentic camera resolution
2025-09-19 14:45:50,397 - INFO - ✅ Niche 'xiaomi' process complete! 36 total keyword results.
2025-09-19 14:45:50,397 - INFO - ✅ Completed processing niche: 'xiaomi'
2025-09-19 14:45:50,397 - INFO - 🔧 Request Handler final stats - Success rate: 100.0%
2025-09-19 14:45:50,397 - INFO -    Total requests: 7222, Blocks: 0
2025-09-19 14:45:50,398 - INFO - 
========================================
2025-09-19 14:45:50,399 - INFO - Process Summary:
2025-09-19 14:45:50,399 - INFO - - Current niche: 'xiaomi'
2025-09-19 14:45:50,399 - INFO - - Next niche will be: 'iphone'
2025-09-19 14:45:50,399 - INFO - - Keywords saved in: languages/english/keywords/xiaomi/
2025-09-19 14:45:50,399 - INFO - ========================================
