2025-10-23 19:25:13,838 - INFO - Log file created at: /home/runner/work/potensitech.com/potensitech.com/languages/english/keywords/logs/kw_search_20251023_192513.log
2025-10-23 19:25:13,838 - INFO - ============================================================
2025-10-23 19:25:13,838 - INFO - AUTOMATIC KEYWORD RESEARCH TOOL
2025-10-23 19:25:13,838 - INFO - ============================================================
2025-10-23 19:25:14,012 - INFO - ========================================
2025-10-23 19:25:14,012 - INFO - Found 14 niches to process: xiaomi, iphone, samsung, apple, sony, asus, philips, sandisk, intel, nvidia, amd, canon, nikon, huawei
2025-10-23 19:25:14,013 - INFO - ========================================
2025-10-23 19:25:14,013 - INFO - Continuing from last processed niche: asus
2025-10-23 19:25:14,013 - INFO - ========================================
2025-10-23 19:25:14,013 - INFO - 🎯 PROCESSING NICHE 7/14: 'philips'
2025-10-23 19:25:14,013 - INFO - ========================================
2025-10-23 19:25:14,013 - INFO - 📁 Niche directory: /home/runner/work/potensitech.com/potensitech.com/languages/english/keywords/philips
2025-10-23 19:25:14,013 - INFO - Selected region: us
2025-10-23 19:25:14,013 - INFO - Selected language: en
2025-10-23 19:25:14,013 - INFO - 🎯 Current niche: philips
2025-10-23 19:25:17,229 - INFO - 🎯 Niche terms for filtering: philips, cheap, best, latest, review, price, sell, buy, recommendation, tips, tutorial, guide, how to, vs, versus, compared to, comparison, alternatives, which is better, expensive, discount, deals, sale, affordable, cost, online, offline, marketplace, store, shop, retailer, where to buy, worst, quality, original, genuine, fake, replica, authentic, brand, manufacturer, company, product, philips product, sell philips, buy philips, cheap philips, best philips, philips review, where to buy philips, how to choose philips, top philips, philips guide, philips for sale, philips deals
2025-10-23 19:25:17,229 - INFO - Generated 50 niche-clue pairs for 'philips'.
2025-10-23 19:25:17,232 - INFO - Expanded 50 seed keywords to 218 variations
2025-10-23 19:25:17,233 - INFO - 🔧 Request Handler initialized - Success rate: 100.0%
2025-10-23 19:29:41,034 - INFO - Original clue keywords: dslr photography, camera lens
2025-10-23 19:29:41,034 - INFO - Niche-focused seeds: dslr photography philips, philips dslr photography, dslr photography cheap, cheap dslr photography, dslr photography best, best dslr photography, dslr photography latest, latest dslr photography, dslr photography review, review dslr photography, dslr photography price, price dslr photography, dslr photography sell, sell dslr photography, dslr photography buy, buy dslr photography, dslr photography recommendation, recommendation dslr photography, dslr photography tips, tips dslr photography, dslr photography tutorial, tutorial dslr photography, dslr photography guide, guide dslr photography, dslr photography how to, how to dslr photography, dslr photography vs, vs dslr photography, dslr photography versus, versus dslr photography, dslr photography compared to, compared to dslr photography, dslr photography comparison, comparison dslr photography, dslr photography alternatives, alternatives dslr photography, dslr photography which is better, which is better dslr photography, dslr photography expensive, expensive dslr photography, dslr photography discount, discount dslr photography, dslr photography deals, deals dslr photography, dslr photography sale, sale dslr photography, dslr photography affordable, affordable dslr photography, dslr photography cost, cost dslr photography, dslr photography online, online dslr photography, dslr photography offline, offline dslr photography, dslr photography marketplace, marketplace dslr photography, dslr photography store, store dslr photography, dslr photography shop, shop dslr photography, dslr photography retailer, retailer dslr photography, dslr photography where to buy, where to buy dslr photography, dslr photography worst, worst dslr photography, dslr photography quality, quality dslr photography, dslr photography original, original dslr photography, dslr photography genuine, genuine dslr photography, dslr photography fake, fake dslr photography, dslr photography replica, replica dslr photography, dslr photography authentic, authentic dslr photography, dslr photography brand, brand dslr photography, dslr photography manufacturer, manufacturer dslr photography, dslr photography company, company dslr photography, dslr photography product, product dslr photography, dslr photography philips product, philips product dslr photography, dslr photography sell philips, sell philips dslr photography, dslr photography buy philips, buy philips dslr photography, dslr photography cheap philips, cheap philips dslr photography, dslr photography best philips, best philips dslr photography, dslr photography philips review, philips review dslr photography, dslr photography where to buy philips, where to buy philips dslr photography, dslr photography how to choose philips, how to choose philips dslr photography, dslr photography top philips, top philips dslr photography, dslr photography philips guide, philips guide dslr photography, dslr photography philips for sale, philips for sale dslr photography, dslr photography philips deals, philips deals dslr photography, camera lens philips, philips camera lens, camera lens cheap, cheap camera lens, camera lens best, best camera lens, camera lens latest, latest camera lens, camera lens review, review camera lens, camera lens price, price camera lens, camera lens sell, sell camera lens, camera lens buy, buy camera lens, camera lens recommendation, recommendation camera lens, camera lens tips, tips camera lens, camera lens tutorial, tutorial camera lens, camera lens guide, guide camera lens, camera lens how to, how to camera lens, camera lens vs, vs camera lens, camera lens versus, versus camera lens, camera lens compared to, compared to camera lens, camera lens comparison, comparison camera lens, camera lens alternatives, alternatives camera lens, camera lens which is better, which is better camera lens, camera lens expensive, expensive camera lens, camera lens discount, discount camera lens, camera lens deals, deals camera lens, camera lens sale, sale camera lens, camera lens affordable, affordable camera lens, camera lens cost, cost camera lens, camera lens online, online camera lens, camera lens offline, offline camera lens, camera lens marketplace, marketplace camera lens, camera lens store, store camera lens, camera lens shop, shop camera lens, camera lens retailer, retailer camera lens, camera lens where to buy, where to buy camera lens, camera lens worst, worst camera lens, camera lens quality, quality camera lens, camera lens original, original camera lens, camera lens genuine, genuine camera lens, camera lens fake, fake camera lens, camera lens replica, replica camera lens, camera lens authentic, authentic camera lens, camera lens brand, brand camera lens, camera lens manufacturer, manufacturer camera lens, camera lens company, company camera lens, camera lens product, product camera lens, camera lens philips product, philips product camera lens, camera lens sell philips, sell philips camera lens, camera lens buy philips, buy philips camera lens, camera lens cheap philips, cheap philips camera lens, camera lens best philips, best philips camera lens, camera lens philips review, philips review camera lens, camera lens where to buy philips, where to buy philips camera lens, camera lens how to choose philips, how to choose philips camera lens, camera lens top philips, top philips camera lens, camera lens philips guide, philips guide camera lens, camera lens philips for sale, philips for sale camera lens, camera lens philips deals, philips deals camera lens
2025-10-23 19:29:41,038 - INFO - Expanded 220 seed keywords to 385 variations
2025-10-23 19:29:41,038 - INFO - Language: en
2025-10-23 19:29:41,038 - INFO - Region: us
2025-10-23 19:32:24,423 - INFO - 🎯 After all filtering for 'philips': 120 relevant keywords
2025-10-23 19:32:24,722 - INFO - 🎯 Found 5 new keywords for niche 'philips': philips affordable camera lens, philips affordable dslr photography, cheap alternatives camera lens, cheap alternatives dslr photography, best authentic camera lens
2025-10-23 19:32:32,606 - INFO - ✅ Niche 'philips' process complete! 170 total keyword results.
2025-10-23 19:32:32,607 - INFO - ✅ Completed processing niche: 'philips'
2025-10-23 19:32:32,607 - INFO - 🔧 Request Handler final stats - Success rate: 100.0%
2025-10-23 19:32:32,607 - INFO -    Total requests: 30424, Blocks: 0
2025-10-23 19:32:32,608 - INFO - 
========================================
2025-10-23 19:32:32,608 - INFO - Process Summary:
2025-10-23 19:32:32,608 - INFO - - Current niche: 'philips'
2025-10-23 19:32:32,608 - INFO - - Next niche will be: 'sandisk'
2025-10-23 19:32:32,608 - INFO - - Keywords saved in: languages/english/keywords/philips/
2025-10-23 19:32:32,608 - INFO - ========================================
