2025-09-18 01:54:15,960 - INFO - Log file created at: /home/runner/work/potensitech.com/potensitech.com/languages/english/keywords/logs/kw_search_20250918_015415.log
2025-09-18 01:54:15,960 - INFO - ============================================================
2025-09-18 01:54:15,960 - INFO - AUTOMATIC KEYWORD RESEARCH TOOL
2025-09-18 01:54:15,960 - INFO - ============================================================
2025-09-18 01:54:16,051 - INFO - ========================================
2025-09-18 01:54:16,051 - INFO - Found 14 niches to process: xiaomi, iphone, samsung, apple, sony, asus, philips, sandisk, intel, nvidia, amd, canon, nikon, huawei
2025-09-18 01:54:16,051 - INFO - ========================================
2025-09-18 01:54:16,051 - INFO - Continuing from last processed niche: canon
2025-09-18 01:54:16,051 - INFO - ========================================
2025-09-18 01:54:16,051 - INFO - 🎯 PROCESSING NICHE 13/14: 'nikon'
2025-09-18 01:54:16,051 - INFO - ========================================
2025-09-18 01:54:16,051 - INFO - 📁 Niche directory: /home/runner/work/potensitech.com/potensitech.com/languages/english/keywords/nikon
2025-09-18 01:54:16,052 - INFO - Selected region: us
2025-09-18 01:54:16,052 - INFO - Selected language: en
2025-09-18 01:54:16,052 - INFO - 🎯 Current niche: nikon
2025-09-18 01:54:26,509 - INFO - 🎯 Niche terms for filtering: nikon, cheap, best, latest, review, price, sell, buy, recommendation, tips, tutorial, guide, how to, vs, versus, compared to, comparison, alternatives, which is better, expensive, discount, deals, sale, affordable, cost, online, offline, marketplace, store, shop, retailer, where to buy, worst, quality, original, genuine, fake, replica, authentic, brand, manufacturer, company, product, nikon product, sell nikon, buy nikon, cheap nikon, best nikon, nikon review, where to buy nikon, how to choose nikon, top nikon, nikon guide, nikon for sale, nikon deals
2025-09-18 01:54:26,509 - INFO - Generated 50 niche-clue pairs for 'nikon'.
2025-09-18 01:54:26,512 - INFO - Expanded 50 seed keywords to 218 variations
2025-09-18 01:54:26,512 - INFO - 🔧 Request Handler initialized - Success rate: 100.0%
2025-09-18 01:58:47,151 - INFO - Original clue keywords: memory card, data transfer
2025-09-18 01:58:47,151 - INFO - Niche-focused seeds: memory card nikon, nikon memory card, memory card cheap, cheap memory card, memory card best, best memory card, memory card latest, latest memory card, memory card review, review memory card, memory card price, price memory card, memory card sell, sell memory card, memory card buy, buy memory card, memory card recommendation, recommendation memory card, memory card tips, tips memory card, memory card tutorial, tutorial memory card, memory card guide, guide memory card, memory card how to, how to memory card, memory card vs, vs memory card, memory card versus, versus memory card, memory card compared to, compared to memory card, memory card comparison, comparison memory card, memory card alternatives, alternatives memory card, memory card which is better, which is better memory card, memory card expensive, expensive memory card, memory card discount, discount memory card, memory card deals, deals memory card, memory card sale, sale memory card, memory card affordable, affordable memory card, memory card cost, cost memory card, memory card online, online memory card, memory card offline, offline memory card, memory card marketplace, marketplace memory card, memory card store, store memory card, memory card shop, shop memory card, memory card retailer, retailer memory card, memory card where to buy, where to buy memory card, memory card worst, worst memory card, memory card quality, quality memory card, memory card original, original memory card, memory card genuine, genuine memory card, memory card fake, fake memory card, memory card replica, replica memory card, memory card authentic, authentic memory card, memory card brand, brand memory card, memory card manufacturer, manufacturer memory card, memory card company, company memory card, memory card product, product memory card, memory card nikon product, nikon product memory card, memory card sell nikon, sell nikon memory card, memory card buy nikon, buy nikon memory card, memory card cheap nikon, cheap nikon memory card, memory card best nikon, best nikon memory card, memory card nikon review, nikon review memory card, memory card where to buy nikon, where to buy nikon memory card, memory card how to choose nikon, how to choose nikon memory card, memory card top nikon, top nikon memory card, memory card nikon guide, nikon guide memory card, memory card nikon for sale, nikon for sale memory card, memory card nikon deals, nikon deals memory card, data transfer nikon, nikon data transfer, data transfer cheap, cheap data transfer, data transfer best, best data transfer, data transfer latest, latest data transfer, data transfer review, review data transfer, data transfer price, price data transfer, data transfer sell, sell data transfer, data transfer buy, buy data transfer, data transfer recommendation, recommendation data transfer, data transfer tips, tips data transfer, data transfer tutorial, tutorial data transfer, data transfer guide, guide data transfer, data transfer how to, how to data transfer, data transfer vs, vs data transfer, data transfer versus, versus data transfer, data transfer compared to, compared to data transfer, data transfer comparison, comparison data transfer, data transfer alternatives, alternatives data transfer, data transfer which is better, which is better data transfer, data transfer expensive, expensive data transfer, data transfer discount, discount data transfer, data transfer deals, deals data transfer, data transfer sale, sale data transfer, data transfer affordable, affordable data transfer, data transfer cost, cost data transfer, data transfer online, online data transfer, data transfer offline, offline data transfer, data transfer marketplace, marketplace data transfer, data transfer store, store data transfer, data transfer shop, shop data transfer, data transfer retailer, retailer data transfer, data transfer where to buy, where to buy data transfer, data transfer worst, worst data transfer, data transfer quality, quality data transfer, data transfer original, original data transfer, data transfer genuine, genuine data transfer, data transfer fake, fake data transfer, data transfer replica, replica data transfer, data transfer authentic, authentic data transfer, data transfer brand, brand data transfer, data transfer manufacturer, manufacturer data transfer, data transfer company, company data transfer, data transfer product, product data transfer, data transfer nikon product, nikon product data transfer, data transfer sell nikon, sell nikon data transfer, data transfer buy nikon, buy nikon data transfer, data transfer cheap nikon, cheap nikon data transfer, data transfer best nikon, best nikon data transfer, data transfer nikon review, nikon review data transfer, data transfer where to buy nikon, where to buy nikon data transfer, data transfer how to choose nikon, how to choose nikon data transfer, data transfer top nikon, top nikon data transfer, data transfer nikon guide, nikon guide data transfer, data transfer nikon for sale, nikon for sale data transfer, data transfer nikon deals, nikon deals data transfer
2025-09-18 01:58:47,154 - INFO - Expanded 220 seed keywords to 385 variations
2025-09-18 01:58:47,154 - INFO - Language: en
2025-09-18 01:58:47,154 - INFO - Region: us
2025-09-18 02:03:21,222 - INFO - 🎯 After all filtering for 'nikon': 120 relevant keywords
2025-09-18 02:03:21,260 - INFO - 🎯 Found 5 new keywords for niche 'nikon': nikon affordable data transfer, nikon affordable memory card, cheap alternatives data transfer, cheap alternatives memory card, best authentic data transfer
2025-09-18 02:05:17,916 - INFO - ✅ Niche 'nikon' process complete! 24 total keyword results.
2025-09-18 02:05:17,916 - INFO - ✅ Completed processing niche: 'nikon'
2025-09-18 02:05:17,916 - INFO - 🔧 Request Handler final stats - Success rate: 100.0%
2025-09-18 02:05:17,916 - INFO -    Total requests: 5837, Blocks: 0
2025-09-18 02:05:17,917 - INFO - 
========================================
2025-09-18 02:05:17,917 - INFO - Process Summary:
2025-09-18 02:05:17,918 - INFO - - Current niche: 'nikon'
2025-09-18 02:05:17,918 - INFO - - Next niche will be: 'huawei'
2025-09-18 02:05:17,918 - INFO - - Keywords saved in: languages/english/keywords/nikon/
2025-09-18 02:05:17,918 - INFO - ========================================
