2025-12-21 07:31:16,514 - INFO - Log file created at: /home/runner/work/potensitech.com/potensitech.com/languages/english/keywords/logs/kw_search_20251221_073116.log
2025-12-21 07:31:16,514 - INFO - ============================================================
2025-12-21 07:31:16,515 - INFO - AUTOMATIC KEYWORD RESEARCH TOOL
2025-12-21 07:31:16,515 - INFO - ============================================================
2025-12-21 07:31:16,718 - INFO - ========================================
2025-12-21 07:31:16,718 - INFO - Found 14 niches to process: xiaomi, iphone, samsung, apple, sony, asus, philips, sandisk, intel, nvidia, amd, canon, nikon, huawei
2025-12-21 07:31:16,718 - INFO - ========================================
2025-12-21 07:31:16,718 - INFO - All niches completed, starting over
2025-12-21 07:31:16,718 - INFO - ========================================
2025-12-21 07:31:16,718 - INFO - 🎯 PROCESSING NICHE 1/14: 'xiaomi'
2025-12-21 07:31:16,718 - INFO - ========================================
2025-12-21 07:31:16,718 - INFO - 📁 Niche directory: /home/runner/work/potensitech.com/potensitech.com/languages/english/keywords/xiaomi
2025-12-21 07:31:16,718 - INFO - Selected region: us
2025-12-21 07:31:16,718 - INFO - Selected language: en
2025-12-21 07:31:16,718 - INFO - 🎯 Current niche: xiaomi
2025-12-21 07:31:20,713 - INFO - 🎯 Niche terms for filtering: xiaomi, cheap, best, latest, review, price, sell, buy, recommendation, tips, tutorial, guide, how to, vs, versus, compared to, comparison, alternatives, which is better, expensive, discount, deals, sale, affordable, cost, online, offline, marketplace, store, shop, retailer, where to buy, worst, quality, original, genuine, fake, replica, authentic, brand, manufacturer, company, product, xiaomi product, sell xiaomi, buy xiaomi, cheap xiaomi, best xiaomi, xiaomi review, where to buy xiaomi, how to choose xiaomi, top xiaomi, xiaomi guide, xiaomi for sale, xiaomi deals
2025-12-21 07:31:20,713 - INFO - Generated 50 niche-clue pairs for 'xiaomi'.
2025-12-21 07:31:20,716 - INFO - Expanded 50 seed keywords to 218 variations
2025-12-21 07:31:20,716 - INFO - 🔧 Request Handler initialized - Success rate: 100.0%
2025-12-21 07:35:48,335 - INFO - Original clue keywords: processor speed, chipset compatibility
2025-12-21 07:35:48,335 - INFO - Niche-focused seeds: processor speed xiaomi, xiaomi processor speed, processor speed cheap, cheap processor speed, processor speed best, best processor speed, processor speed latest, latest processor speed, processor speed review, review processor speed, processor speed price, price processor speed, processor speed sell, sell processor speed, processor speed buy, buy processor speed, processor speed recommendation, recommendation processor speed, processor speed tips, tips processor speed, processor speed tutorial, tutorial processor speed, processor speed guide, guide processor speed, processor speed how to, how to processor speed, processor speed vs, vs processor speed, processor speed versus, versus processor speed, processor speed compared to, compared to processor speed, processor speed comparison, comparison processor speed, processor speed alternatives, alternatives processor speed, processor speed which is better, which is better processor speed, processor speed expensive, expensive processor speed, processor speed discount, discount processor speed, processor speed deals, deals processor speed, processor speed sale, sale processor speed, processor speed affordable, affordable processor speed, processor speed cost, cost processor speed, processor speed online, online processor speed, processor speed offline, offline processor speed, processor speed marketplace, marketplace processor speed, processor speed store, store processor speed, processor speed shop, shop processor speed, processor speed retailer, retailer processor speed, processor speed where to buy, where to buy processor speed, processor speed worst, worst processor speed, processor speed quality, quality processor speed, processor speed original, original processor speed, processor speed genuine, genuine processor speed, processor speed fake, fake processor speed, processor speed replica, replica processor speed, processor speed authentic, authentic processor speed, processor speed brand, brand processor speed, processor speed manufacturer, manufacturer processor speed, processor speed company, company processor speed, processor speed product, product processor speed, processor speed xiaomi product, xiaomi product processor speed, processor speed sell xiaomi, sell xiaomi processor speed, processor speed buy xiaomi, buy xiaomi processor speed, processor speed cheap xiaomi, cheap xiaomi processor speed, processor speed best xiaomi, best xiaomi processor speed, processor speed xiaomi review, xiaomi review processor speed, processor speed where to buy xiaomi, where to buy xiaomi processor speed, processor speed how to choose xiaomi, how to choose xiaomi processor speed, processor speed top xiaomi, top xiaomi processor speed, processor speed xiaomi guide, xiaomi guide processor speed, processor speed xiaomi for sale, xiaomi for sale processor speed, processor speed xiaomi deals, xiaomi deals processor speed, chipset compatibility xiaomi, xiaomi chipset compatibility, chipset compatibility cheap, cheap chipset compatibility, chipset compatibility best, best chipset compatibility, chipset compatibility latest, latest chipset compatibility, chipset compatibility review, review chipset compatibility, chipset compatibility price, price chipset compatibility, chipset compatibility sell, sell chipset compatibility, chipset compatibility buy, buy chipset compatibility, chipset compatibility recommendation, recommendation chipset compatibility, chipset compatibility tips, tips chipset compatibility, chipset compatibility tutorial, tutorial chipset compatibility, chipset compatibility guide, guide chipset compatibility, chipset compatibility how to, how to chipset compatibility, chipset compatibility vs, vs chipset compatibility, chipset compatibility versus, versus chipset compatibility, chipset compatibility compared to, compared to chipset compatibility, chipset compatibility comparison, comparison chipset compatibility, chipset compatibility alternatives, alternatives chipset compatibility, chipset compatibility which is better, which is better chipset compatibility, chipset compatibility expensive, expensive chipset compatibility, chipset compatibility discount, discount chipset compatibility, chipset compatibility deals, deals chipset compatibility, chipset compatibility sale, sale chipset compatibility, chipset compatibility affordable, affordable chipset compatibility, chipset compatibility cost, cost chipset compatibility, chipset compatibility online, online chipset compatibility, chipset compatibility offline, offline chipset compatibility, chipset compatibility marketplace, marketplace chipset compatibility, chipset compatibility store, store chipset compatibility, chipset compatibility shop, shop chipset compatibility, chipset compatibility retailer, retailer chipset compatibility, chipset compatibility where to buy, where to buy chipset compatibility, chipset compatibility worst, worst chipset compatibility, chipset compatibility quality, quality chipset compatibility, chipset compatibility original, original chipset compatibility, chipset compatibility genuine, genuine chipset compatibility, chipset compatibility fake, fake chipset compatibility, chipset compatibility replica, replica chipset compatibility, chipset compatibility authentic, authentic chipset compatibility, chipset compatibility brand, brand chipset compatibility, chipset compatibility manufacturer, manufacturer chipset compatibility, chipset compatibility company, company chipset compatibility, chipset compatibility product, product chipset compatibility, chipset compatibility xiaomi product, xiaomi product chipset compatibility, chipset compatibility sell xiaomi, sell xiaomi chipset compatibility, chipset compatibility buy xiaomi, buy xiaomi chipset compatibility, chipset compatibility cheap xiaomi, cheap xiaomi chipset compatibility, chipset compatibility best xiaomi, best xiaomi chipset compatibility, chipset compatibility xiaomi review, xiaomi review chipset compatibility, chipset compatibility where to buy xiaomi, where to buy xiaomi chipset compatibility, chipset compatibility how to choose xiaomi, how to choose xiaomi chipset compatibility, chipset compatibility top xiaomi, top xiaomi chipset compatibility, chipset compatibility xiaomi guide, xiaomi guide chipset compatibility, chipset compatibility xiaomi for sale, xiaomi for sale chipset compatibility, chipset compatibility xiaomi deals, xiaomi deals chipset compatibility
2025-12-21 07:35:48,338 - INFO - Expanded 220 seed keywords to 385 variations
2025-12-21 07:35:48,338 - INFO - Language: en
2025-12-21 07:35:48,338 - INFO - Region: us
2025-12-21 07:36:19,407 - INFO - 🎯 After all filtering for 'xiaomi': 120 relevant keywords
2025-12-21 07:36:20,723 - INFO - 🎯 Found 2 new keywords for niche 'xiaomi': xiaomi affordable chipset compatibility, xiaomi affordable processor speed
2025-12-21 07:36:29,900 - INFO - ✅ Niche 'xiaomi' process complete! 318 total keyword results.
2025-12-21 07:36:29,901 - INFO - ✅ Completed processing niche: 'xiaomi'
2025-12-21 07:36:29,901 - INFO - 🔧 Request Handler final stats - Success rate: 100.0%
2025-12-21 07:36:29,901 - INFO -    Total requests: 59905, Blocks: 0
2025-12-21 07:36:29,902 - INFO - 
========================================
2025-12-21 07:36:29,902 - INFO - Process Summary:
2025-12-21 07:36:29,902 - INFO - - Current niche: 'xiaomi'
2025-12-21 07:36:29,902 - INFO - - Next niche will be: 'iphone'
2025-12-21 07:36:29,902 - INFO - - Keywords saved in: languages/english/keywords/xiaomi/
2025-12-21 07:36:29,902 - INFO - ========================================
