2025-09-23 16:53:30,339 - INFO - Log file created at: /home/runner/work/potensitech.com/potensitech.com/languages/english/keywords/logs/kw_search_20250923_165330.log
2025-09-23 16:53:30,339 - INFO - ============================================================
2025-09-23 16:53:30,339 - INFO - AUTOMATIC KEYWORD RESEARCH TOOL
2025-09-23 16:53:30,339 - INFO - ============================================================
2025-09-23 16:53:30,514 - INFO - ========================================
2025-09-23 16:53:30,514 - INFO - Found 14 niches to process: xiaomi, iphone, samsung, apple, sony, asus, philips, sandisk, intel, nvidia, amd, canon, nikon, huawei
2025-09-23 16:53:30,514 - INFO - ========================================
2025-09-23 16:53:30,514 - INFO - Continuing from last processed niche: nikon
2025-09-23 16:53:30,514 - INFO - ========================================
2025-09-23 16:53:30,515 - INFO - 🎯 PROCESSING NICHE 14/14: 'huawei'
2025-09-23 16:53:30,515 - INFO - ========================================
2025-09-23 16:53:30,515 - INFO - 📁 Niche directory: /home/runner/work/potensitech.com/potensitech.com/languages/english/keywords/huawei
2025-09-23 16:53:30,515 - INFO - Selected region: us
2025-09-23 16:53:30,515 - INFO - Selected language: en
2025-09-23 16:53:30,515 - INFO - 🎯 Current niche: huawei
2025-09-23 16:53:37,004 - INFO - 🎯 Niche terms for filtering: huawei, cheap, best, latest, review, price, sell, buy, recommendation, tips, tutorial, guide, how to, vs, versus, compared to, comparison, alternatives, which is better, expensive, discount, deals, sale, affordable, cost, online, offline, marketplace, store, shop, retailer, where to buy, worst, quality, original, genuine, fake, replica, authentic, brand, manufacturer, company, product, huawei product, sell huawei, buy huawei, cheap huawei, best huawei, huawei review, where to buy huawei, how to choose huawei, top huawei, huawei guide, huawei for sale, huawei deals
2025-09-23 16:53:37,004 - INFO - Generated 50 niche-clue pairs for 'huawei'.
2025-09-23 16:53:37,007 - INFO - Expanded 50 seed keywords to 218 variations
2025-09-23 16:53:37,007 - INFO - 🔧 Request Handler initialized - Success rate: 100.0%
2025-09-23 16:58:00,274 - INFO - Original clue keywords: ai rendering, graphics card
2025-09-23 16:58:00,274 - INFO - Niche-focused seeds: ai rendering huawei, huawei ai rendering, ai rendering cheap, cheap ai rendering, ai rendering best, best ai rendering, ai rendering latest, latest ai rendering, ai rendering review, review ai rendering, ai rendering price, price ai rendering, ai rendering sell, sell ai rendering, ai rendering buy, buy ai rendering, ai rendering recommendation, recommendation ai rendering, ai rendering tips, tips ai rendering, ai rendering tutorial, tutorial ai rendering, ai rendering guide, guide ai rendering, ai rendering how to, how to ai rendering, ai rendering vs, vs ai rendering, ai rendering versus, versus ai rendering, ai rendering compared to, compared to ai rendering, ai rendering comparison, comparison ai rendering, ai rendering alternatives, alternatives ai rendering, ai rendering which is better, which is better ai rendering, ai rendering expensive, expensive ai rendering, ai rendering discount, discount ai rendering, ai rendering deals, deals ai rendering, ai rendering sale, sale ai rendering, ai rendering affordable, affordable ai rendering, ai rendering cost, cost ai rendering, ai rendering online, online ai rendering, ai rendering offline, offline ai rendering, ai rendering marketplace, marketplace ai rendering, ai rendering store, store ai rendering, ai rendering shop, shop ai rendering, ai rendering retailer, retailer ai rendering, ai rendering where to buy, where to buy ai rendering, ai rendering worst, worst ai rendering, ai rendering quality, quality ai rendering, ai rendering original, original ai rendering, ai rendering genuine, genuine ai rendering, ai rendering fake, fake ai rendering, ai rendering replica, replica ai rendering, ai rendering authentic, authentic ai rendering, ai rendering brand, brand ai rendering, ai rendering manufacturer, manufacturer ai rendering, ai rendering company, company ai rendering, ai rendering product, product ai rendering, ai rendering huawei product, huawei product ai rendering, ai rendering sell huawei, sell huawei ai rendering, ai rendering buy huawei, buy huawei ai rendering, ai rendering cheap huawei, cheap huawei ai rendering, ai rendering best huawei, best huawei ai rendering, ai rendering huawei review, huawei review ai rendering, ai rendering where to buy huawei, where to buy huawei ai rendering, ai rendering how to choose huawei, how to choose huawei ai rendering, ai rendering top huawei, top huawei ai rendering, ai rendering huawei guide, huawei guide ai rendering, ai rendering huawei for sale, huawei for sale ai rendering, ai rendering huawei deals, huawei deals ai rendering, graphics card huawei, huawei graphics card, graphics card cheap, cheap graphics card, graphics card best, best graphics card, graphics card latest, latest graphics card, graphics card review, review graphics card, graphics card price, price graphics card, graphics card sell, sell graphics card, graphics card buy, buy graphics card, graphics card recommendation, recommendation graphics card, graphics card tips, tips graphics card, graphics card tutorial, tutorial graphics card, graphics card guide, guide graphics card, graphics card how to, how to graphics card, graphics card vs, vs graphics card, graphics card versus, versus graphics card, graphics card compared to, compared to graphics card, graphics card comparison, comparison graphics card, graphics card alternatives, alternatives graphics card, graphics card which is better, which is better graphics card, graphics card expensive, expensive graphics card, graphics card discount, discount graphics card, graphics card deals, deals graphics card, graphics card sale, sale graphics card, graphics card affordable, affordable graphics card, graphics card cost, cost graphics card, graphics card online, online graphics card, graphics card offline, offline graphics card, graphics card marketplace, marketplace graphics card, graphics card store, store graphics card, graphics card shop, shop graphics card, graphics card retailer, retailer graphics card, graphics card where to buy, where to buy graphics card, graphics card worst, worst graphics card, graphics card quality, quality graphics card, graphics card original, original graphics card, graphics card genuine, genuine graphics card, graphics card fake, fake graphics card, graphics card replica, replica graphics card, graphics card authentic, authentic graphics card, graphics card brand, brand graphics card, graphics card manufacturer, manufacturer graphics card, graphics card company, company graphics card, graphics card product, product graphics card, graphics card huawei product, huawei product graphics card, graphics card sell huawei, sell huawei graphics card, graphics card buy huawei, buy huawei graphics card, graphics card cheap huawei, cheap huawei graphics card, graphics card best huawei, best huawei graphics card, graphics card huawei review, huawei review graphics card, graphics card where to buy huawei, where to buy huawei graphics card, graphics card how to choose huawei, how to choose huawei graphics card, graphics card top huawei, top huawei graphics card, graphics card huawei guide, huawei guide graphics card, graphics card huawei for sale, huawei for sale graphics card, graphics card huawei deals, huawei deals graphics card
2025-09-23 16:58:00,277 - INFO - Expanded 220 seed keywords to 385 variations
2025-09-23 16:58:00,278 - INFO - Language: en
2025-09-23 16:58:00,278 - INFO - Region: us
2025-09-23 16:58:33,241 - INFO - 🎯 After all filtering for 'huawei': 120 relevant keywords
2025-09-23 16:58:33,334 - INFO - 🎯 Found 5 new keywords for niche 'huawei': huawei affordable ai rendering, huawei affordable graphics card, cheap ai rendering alternatives, best ai rendering authentic, how to ai rendering brand
2025-09-23 16:59:11,583 - INFO - ✅ Niche 'huawei' process complete! 42 total keyword results.
2025-09-23 16:59:11,583 - INFO - ✅ Completed processing niche: 'huawei'
2025-09-23 16:59:11,583 - INFO - 🔧 Request Handler final stats - Success rate: 100.0%
2025-09-23 16:59:11,583 - INFO -    Total requests: 10697, Blocks: 0
2025-09-23 16:59:11,584 - INFO - 
========================================
2025-09-23 16:59:11,584 - INFO - Process Summary:
2025-09-23 16:59:11,584 - INFO - - Current niche: 'huawei'
2025-09-23 16:59:11,584 - INFO - - Next niche will be: 'xiaomi'
2025-09-23 16:59:11,584 - INFO - - Keywords saved in: languages/english/keywords/huawei/
2025-09-23 16:59:11,585 - INFO - ========================================
