2025-10-31 07:29:31,111 - INFO - Log file created at: /home/runner/work/potensitech.com/potensitech.com/languages/english/keywords/logs/kw_search_20251031_072931.log
2025-10-31 07:29:31,111 - INFO - ============================================================
2025-10-31 07:29:31,111 - INFO - AUTOMATIC KEYWORD RESEARCH TOOL
2025-10-31 07:29:31,111 - INFO - ============================================================
2025-10-31 07:29:31,278 - INFO - ========================================
2025-10-31 07:29:31,278 - INFO - Found 14 niches to process: xiaomi, iphone, samsung, apple, sony, asus, philips, sandisk, intel, nvidia, amd, canon, nikon, huawei
2025-10-31 07:29:31,278 - INFO - ========================================
2025-10-31 07:29:31,278 - INFO - Continuing from last processed niche: sandisk
2025-10-31 07:29:31,278 - INFO - ========================================
2025-10-31 07:29:31,278 - INFO - 🎯 PROCESSING NICHE 9/14: 'intel'
2025-10-31 07:29:31,278 - INFO - ========================================
2025-10-31 07:29:31,279 - INFO - 📁 Niche directory: /home/runner/work/potensitech.com/potensitech.com/languages/english/keywords/intel
2025-10-31 07:29:31,279 - INFO - Selected region: us
2025-10-31 07:29:31,279 - INFO - Selected language: en
2025-10-31 07:29:31,279 - INFO - 🎯 Current niche: intel
2025-10-31 07:29:34,254 - INFO - 🎯 Niche terms for filtering: intel, cheap, best, latest, review, price, sell, buy, recommendation, tips, tutorial, guide, how to, vs, versus, compared to, comparison, alternatives, which is better, expensive, discount, deals, sale, affordable, cost, online, offline, marketplace, store, shop, retailer, where to buy, worst, quality, original, genuine, fake, replica, authentic, brand, manufacturer, company, product, intel product, sell intel, buy intel, cheap intel, best intel, intel review, where to buy intel, how to choose intel, top intel, intel guide, intel for sale, intel deals
2025-10-31 07:29:34,254 - INFO - Generated 50 niche-clue pairs for 'intel'.
2025-10-31 07:29:34,257 - INFO - Expanded 50 seed keywords to 218 variations
2025-10-31 07:29:34,257 - INFO - 🔧 Request Handler initialized - Success rate: 100.0%
2025-10-31 07:33:59,080 - INFO - Original clue keywords: usb drive, data storage
2025-10-31 07:33:59,080 - INFO - Niche-focused seeds: usb drive intel, intel usb drive, usb drive cheap, cheap usb drive, usb drive best, best usb drive, usb drive latest, latest usb drive, usb drive review, review usb drive, usb drive price, price usb drive, usb drive sell, sell usb drive, usb drive buy, buy usb drive, usb drive recommendation, recommendation usb drive, usb drive tips, tips usb drive, usb drive tutorial, tutorial usb drive, usb drive guide, guide usb drive, usb drive how to, how to usb drive, usb drive vs, vs usb drive, usb drive versus, versus usb drive, usb drive compared to, compared to usb drive, usb drive comparison, comparison usb drive, usb drive alternatives, alternatives usb drive, usb drive which is better, which is better usb drive, usb drive expensive, expensive usb drive, usb drive discount, discount usb drive, usb drive deals, deals usb drive, usb drive sale, sale usb drive, usb drive affordable, affordable usb drive, usb drive cost, cost usb drive, usb drive online, online usb drive, usb drive offline, offline usb drive, usb drive marketplace, marketplace usb drive, usb drive store, store usb drive, usb drive shop, shop usb drive, usb drive retailer, retailer usb drive, usb drive where to buy, where to buy usb drive, usb drive worst, worst usb drive, usb drive quality, quality usb drive, usb drive original, original usb drive, usb drive genuine, genuine usb drive, usb drive fake, fake usb drive, usb drive replica, replica usb drive, usb drive authentic, authentic usb drive, usb drive brand, brand usb drive, usb drive manufacturer, manufacturer usb drive, usb drive company, company usb drive, usb drive product, product usb drive, usb drive intel product, intel product usb drive, usb drive sell intel, sell intel usb drive, usb drive buy intel, buy intel usb drive, usb drive cheap intel, cheap intel usb drive, usb drive best intel, best intel usb drive, usb drive intel review, intel review usb drive, usb drive where to buy intel, where to buy intel usb drive, usb drive how to choose intel, how to choose intel usb drive, usb drive top intel, top intel usb drive, usb drive intel guide, intel guide usb drive, usb drive intel for sale, intel for sale usb drive, usb drive intel deals, intel deals usb drive, data storage intel, intel data storage, data storage cheap, cheap data storage, data storage best, best data storage, data storage latest, latest data storage, data storage review, review data storage, data storage price, price data storage, data storage sell, sell data storage, data storage buy, buy data storage, data storage recommendation, recommendation data storage, data storage tips, tips data storage, data storage tutorial, tutorial data storage, data storage guide, guide data storage, data storage how to, how to data storage, data storage vs, vs data storage, data storage versus, versus data storage, data storage compared to, compared to data storage, data storage comparison, comparison data storage, data storage alternatives, alternatives data storage, data storage which is better, which is better data storage, data storage expensive, expensive data storage, data storage discount, discount data storage, data storage deals, deals data storage, data storage sale, sale data storage, data storage affordable, affordable data storage, data storage cost, cost data storage, data storage online, online data storage, data storage offline, offline data storage, data storage marketplace, marketplace data storage, data storage store, store data storage, data storage shop, shop data storage, data storage retailer, retailer data storage, data storage where to buy, where to buy data storage, data storage worst, worst data storage, data storage quality, quality data storage, data storage original, original data storage, data storage genuine, genuine data storage, data storage fake, fake data storage, data storage replica, replica data storage, data storage authentic, authentic data storage, data storage brand, brand data storage, data storage manufacturer, manufacturer data storage, data storage company, company data storage, data storage product, product data storage, data storage intel product, intel product data storage, data storage sell intel, sell intel data storage, data storage buy intel, buy intel data storage, data storage cheap intel, cheap intel data storage, data storage best intel, best intel data storage, data storage intel review, intel review data storage, data storage where to buy intel, where to buy intel data storage, data storage how to choose intel, how to choose intel data storage, data storage top intel, top intel data storage, data storage intel guide, intel guide data storage, data storage intel for sale, intel for sale data storage, data storage intel deals, intel deals data storage
2025-10-31 07:33:59,084 - INFO - Expanded 220 seed keywords to 385 variations
2025-10-31 07:33:59,084 - INFO - Language: en
2025-10-31 07:33:59,084 - INFO - Region: us
2025-10-31 07:36:08,173 - INFO - 🎯 After all filtering for 'intel': 120 relevant keywords
2025-10-31 07:36:08,688 - INFO - 🎯 Found 5 new keywords for niche 'intel': intel affordable data storage, intel affordable usb drive, cheap alternatives usb drive, best authentic usb drive, how to brand usb drive
2025-10-31 07:36:18,651 - INFO - ✅ Niche 'intel' process complete! 193 total keyword results.
2025-10-31 07:36:18,651 - INFO - ✅ Completed processing niche: 'intel'
2025-10-31 07:36:18,651 - INFO - 🔧 Request Handler final stats - Success rate: 100.0%
2025-10-31 07:36:18,651 - INFO -    Total requests: 33813, Blocks: 0
2025-10-31 07:36:18,652 - INFO - 
========================================
2025-10-31 07:36:18,653 - INFO - Process Summary:
2025-10-31 07:36:18,653 - INFO - - Current niche: 'intel'
2025-10-31 07:36:18,653 - INFO - - Next niche will be: 'nvidia'
2025-10-31 07:36:18,653 - INFO - - Keywords saved in: languages/english/keywords/intel/
2025-10-31 07:36:18,653 - INFO - ========================================
