2025-10-30 09:44:51,231 - INFO - Log file created at: /home/runner/work/potensitech.com/potensitech.com/languages/english/keywords/logs/kw_search_20251030_094451.log
2025-10-30 09:44:51,231 - INFO - ============================================================
2025-10-30 09:44:51,231 - INFO - AUTOMATIC KEYWORD RESEARCH TOOL
2025-10-30 09:44:51,231 - INFO - ============================================================
2025-10-30 09:44:51,381 - INFO - ========================================
2025-10-30 09:44:51,381 - INFO - Found 14 niches to process: xiaomi, iphone, samsung, apple, sony, asus, philips, sandisk, intel, nvidia, amd, canon, nikon, huawei
2025-10-30 09:44:51,381 - INFO - ========================================
2025-10-30 09:44:51,381 - INFO - Continuing from last processed niche: nikon
2025-10-30 09:44:51,381 - INFO - ========================================
2025-10-30 09:44:51,381 - INFO - 🎯 PROCESSING NICHE 14/14: 'huawei'
2025-10-30 09:44:51,381 - INFO - ========================================
2025-10-30 09:44:51,381 - INFO - 📁 Niche directory: /home/runner/work/potensitech.com/potensitech.com/languages/english/keywords/huawei
2025-10-30 09:44:51,381 - INFO - Selected region: us
2025-10-30 09:44:51,381 - INFO - Selected language: en
2025-10-30 09:44:51,381 - INFO - 🎯 Current niche: huawei
2025-10-30 09:44:54,417 - INFO - 🎯 Niche terms for filtering: huawei, cheap, best, latest, review, price, sell, buy, recommendation, tips, tutorial, guide, how to, vs, versus, compared to, comparison, alternatives, which is better, expensive, discount, deals, sale, affordable, cost, online, offline, marketplace, store, shop, retailer, where to buy, worst, quality, original, genuine, fake, replica, authentic, brand, manufacturer, company, product, huawei product, sell huawei, buy huawei, cheap huawei, best huawei, huawei review, where to buy huawei, how to choose huawei, top huawei, huawei guide, huawei for sale, huawei deals
2025-10-30 09:44:54,418 - INFO - Generated 50 niche-clue pairs for 'huawei'.
2025-10-30 09:44:54,420 - INFO - Expanded 50 seed keywords to 218 variations
2025-10-30 09:44:54,420 - INFO - 🔧 Request Handler initialized - Success rate: 100.0%
2025-10-30 09:49:20,514 - INFO - Original clue keywords: dslr photography, mirrorless technology
2025-10-30 09:49:20,514 - INFO - Niche-focused seeds: dslr photography huawei, huawei dslr photography, dslr photography cheap, cheap dslr photography, dslr photography best, best dslr photography, dslr photography latest, latest dslr photography, dslr photography review, review dslr photography, dslr photography price, price dslr photography, dslr photography sell, sell dslr photography, dslr photography buy, buy dslr photography, dslr photography recommendation, recommendation dslr photography, dslr photography tips, tips dslr photography, dslr photography tutorial, tutorial dslr photography, dslr photography guide, guide dslr photography, dslr photography how to, how to dslr photography, dslr photography vs, vs dslr photography, dslr photography versus, versus dslr photography, dslr photography compared to, compared to dslr photography, dslr photography comparison, comparison dslr photography, dslr photography alternatives, alternatives dslr photography, dslr photography which is better, which is better dslr photography, dslr photography expensive, expensive dslr photography, dslr photography discount, discount dslr photography, dslr photography deals, deals dslr photography, dslr photography sale, sale dslr photography, dslr photography affordable, affordable dslr photography, dslr photography cost, cost dslr photography, dslr photography online, online dslr photography, dslr photography offline, offline dslr photography, dslr photography marketplace, marketplace dslr photography, dslr photography store, store dslr photography, dslr photography shop, shop dslr photography, dslr photography retailer, retailer dslr photography, dslr photography where to buy, where to buy dslr photography, dslr photography worst, worst dslr photography, dslr photography quality, quality dslr photography, dslr photography original, original dslr photography, dslr photography genuine, genuine dslr photography, dslr photography fake, fake dslr photography, dslr photography replica, replica dslr photography, dslr photography authentic, authentic dslr photography, dslr photography brand, brand dslr photography, dslr photography manufacturer, manufacturer dslr photography, dslr photography company, company dslr photography, dslr photography product, product dslr photography, dslr photography huawei product, huawei product dslr photography, dslr photography sell huawei, sell huawei dslr photography, dslr photography buy huawei, buy huawei dslr photography, dslr photography cheap huawei, cheap huawei dslr photography, dslr photography best huawei, best huawei dslr photography, dslr photography huawei review, huawei review dslr photography, dslr photography where to buy huawei, where to buy huawei dslr photography, dslr photography how to choose huawei, how to choose huawei dslr photography, dslr photography top huawei, top huawei dslr photography, dslr photography huawei guide, huawei guide dslr photography, dslr photography huawei for sale, huawei for sale dslr photography, dslr photography huawei deals, huawei deals dslr photography, mirrorless technology huawei, huawei mirrorless technology, mirrorless technology cheap, cheap mirrorless technology, mirrorless technology best, best mirrorless technology, mirrorless technology latest, latest mirrorless technology, mirrorless technology review, review mirrorless technology, mirrorless technology price, price mirrorless technology, mirrorless technology sell, sell mirrorless technology, mirrorless technology buy, buy mirrorless technology, mirrorless technology recommendation, recommendation mirrorless technology, mirrorless technology tips, tips mirrorless technology, mirrorless technology tutorial, tutorial mirrorless technology, mirrorless technology guide, guide mirrorless technology, mirrorless technology how to, how to mirrorless technology, mirrorless technology vs, vs mirrorless technology, mirrorless technology versus, versus mirrorless technology, mirrorless technology compared to, compared to mirrorless technology, mirrorless technology comparison, comparison mirrorless technology, mirrorless technology alternatives, alternatives mirrorless technology, mirrorless technology which is better, which is better mirrorless technology, mirrorless technology expensive, expensive mirrorless technology, mirrorless technology discount, discount mirrorless technology, mirrorless technology deals, deals mirrorless technology, mirrorless technology sale, sale mirrorless technology, mirrorless technology affordable, affordable mirrorless technology, mirrorless technology cost, cost mirrorless technology, mirrorless technology online, online mirrorless technology, mirrorless technology offline, offline mirrorless technology, mirrorless technology marketplace, marketplace mirrorless technology, mirrorless technology store, store mirrorless technology, mirrorless technology shop, shop mirrorless technology, mirrorless technology retailer, retailer mirrorless technology, mirrorless technology where to buy, where to buy mirrorless technology, mirrorless technology worst, worst mirrorless technology, mirrorless technology quality, quality mirrorless technology, mirrorless technology original, original mirrorless technology, mirrorless technology genuine, genuine mirrorless technology, mirrorless technology fake, fake mirrorless technology, mirrorless technology replica, replica mirrorless technology, mirrorless technology authentic, authentic mirrorless technology, mirrorless technology brand, brand mirrorless technology, mirrorless technology manufacturer, manufacturer mirrorless technology, mirrorless technology company, company mirrorless technology, mirrorless technology product, product mirrorless technology, mirrorless technology huawei product, huawei product mirrorless technology, mirrorless technology sell huawei, sell huawei mirrorless technology, mirrorless technology buy huawei, buy huawei mirrorless technology, mirrorless technology cheap huawei, cheap huawei mirrorless technology, mirrorless technology best huawei, best huawei mirrorless technology, mirrorless technology huawei review, huawei review mirrorless technology, mirrorless technology where to buy huawei, where to buy huawei mirrorless technology, mirrorless technology how to choose huawei, how to choose huawei mirrorless technology, mirrorless technology top huawei, top huawei mirrorless technology, mirrorless technology huawei guide, huawei guide mirrorless technology, mirrorless technology huawei for sale, huawei for sale mirrorless technology, mirrorless technology huawei deals, huawei deals mirrorless technology
2025-10-30 09:49:20,517 - INFO - Expanded 220 seed keywords to 385 variations
2025-10-30 09:49:20,517 - INFO - Language: en
2025-10-30 09:49:20,517 - INFO - Region: us
2025-10-30 09:49:56,945 - INFO - 🎯 After all filtering for 'huawei': 120 relevant keywords
2025-10-30 09:49:57,298 - INFO - 🎯 Found 5 new keywords for niche 'huawei': huawei affordable dslr photography, huawei affordable mirrorless technology, cheap alternatives dslr photography, cheap alternatives mirrorless technology, best authentic dslr photography
2025-10-30 09:50:08,100 - INFO - ✅ Niche 'huawei' process complete! 191 total keyword results.
2025-10-30 09:50:08,100 - INFO - ✅ Completed processing niche: 'huawei'
2025-10-30 09:50:08,100 - INFO - 🔧 Request Handler final stats - Success rate: 100.0%
2025-10-30 09:50:08,101 - INFO -    Total requests: 33339, Blocks: 0
2025-10-30 09:50:08,101 - INFO - 
========================================
2025-10-30 09:50:08,102 - INFO - Process Summary:
2025-10-30 09:50:08,102 - INFO - - Current niche: 'huawei'
2025-10-30 09:50:08,102 - INFO - - Next niche will be: 'xiaomi'
2025-10-30 09:50:08,102 - INFO - - Keywords saved in: languages/english/keywords/huawei/
2025-10-30 09:50:08,102 - INFO - ========================================
