2025-12-31 12:36:49,844 - INFO - Log file created at: /home/runner/work/potensitech.com/potensitech.com/languages/english/keywords/logs/kw_search_20251231_123649.log
2025-12-31 12:36:49,844 - INFO - ============================================================
2025-12-31 12:36:49,844 - INFO - AUTOMATIC KEYWORD RESEARCH TOOL
2025-12-31 12:36:49,844 - INFO - ============================================================
2025-12-31 12:36:50,089 - INFO - ========================================
2025-12-31 12:36:50,089 - INFO - Found 14 niches to process: xiaomi, iphone, samsung, apple, sony, asus, philips, sandisk, intel, nvidia, amd, canon, nikon, huawei
2025-12-31 12:36:50,090 - INFO - ========================================
2025-12-31 12:36:50,090 - INFO - Continuing from last processed niche: apple
2025-12-31 12:36:50,090 - INFO - ========================================
2025-12-31 12:36:50,090 - INFO - 🎯 PROCESSING NICHE 5/14: 'sony'
2025-12-31 12:36:50,090 - INFO - ========================================
2025-12-31 12:36:50,090 - INFO - 📁 Niche directory: /home/runner/work/potensitech.com/potensitech.com/languages/english/keywords/sony
2025-12-31 12:36:50,090 - INFO - Selected region: us
2025-12-31 12:36:50,090 - INFO - Selected language: en
2025-12-31 12:36:50,090 - INFO - 🎯 Current niche: sony
2025-12-31 12:36:52,861 - INFO - 🎯 Niche terms for filtering: sony, cheap, best, latest, review, price, sell, buy, recommendation, tips, tutorial, guide, how to, vs, versus, compared to, comparison, alternatives, which is better, expensive, discount, deals, sale, affordable, cost, online, offline, marketplace, store, shop, retailer, where to buy, worst, quality, original, genuine, fake, replica, authentic, brand, manufacturer, company, product, sony product, sell sony, buy sony, cheap sony, best sony, sony review, where to buy sony, how to choose sony, top sony, sony guide, sony for sale, sony deals
2025-12-31 12:36:52,861 - INFO - Generated 50 niche-clue pairs for 'sony'.
2025-12-31 12:36:52,864 - INFO - Expanded 50 seed keywords to 218 variations
2025-12-31 12:36:52,865 - INFO - 🔧 Request Handler initialized - Success rate: 100.0%
2025-12-31 12:41:17,365 - INFO - Original clue keywords: camera lenses, chipset compatibility
2025-12-31 12:41:17,365 - INFO - Niche-focused seeds: camera lenses sony, sony camera lenses, camera lenses cheap, cheap camera lenses, camera lenses best, best camera lenses, camera lenses latest, latest camera lenses, camera lenses review, review camera lenses, camera lenses price, price camera lenses, camera lenses sell, sell camera lenses, camera lenses buy, buy camera lenses, camera lenses recommendation, recommendation camera lenses, camera lenses tips, tips camera lenses, camera lenses tutorial, tutorial camera lenses, camera lenses guide, guide camera lenses, camera lenses how to, how to camera lenses, camera lenses vs, vs camera lenses, camera lenses versus, versus camera lenses, camera lenses compared to, compared to camera lenses, camera lenses comparison, comparison camera lenses, camera lenses alternatives, alternatives camera lenses, camera lenses which is better, which is better camera lenses, camera lenses expensive, expensive camera lenses, camera lenses discount, discount camera lenses, camera lenses deals, deals camera lenses, camera lenses sale, sale camera lenses, camera lenses affordable, affordable camera lenses, camera lenses cost, cost camera lenses, camera lenses online, online camera lenses, camera lenses offline, offline camera lenses, camera lenses marketplace, marketplace camera lenses, camera lenses store, store camera lenses, camera lenses shop, shop camera lenses, camera lenses retailer, retailer camera lenses, camera lenses where to buy, where to buy camera lenses, camera lenses worst, worst camera lenses, camera lenses quality, quality camera lenses, camera lenses original, original camera lenses, camera lenses genuine, genuine camera lenses, camera lenses fake, fake camera lenses, camera lenses replica, replica camera lenses, camera lenses authentic, authentic camera lenses, camera lenses brand, brand camera lenses, camera lenses manufacturer, manufacturer camera lenses, camera lenses company, company camera lenses, camera lenses product, product camera lenses, camera lenses sony product, sony product camera lenses, camera lenses sell sony, sell sony camera lenses, camera lenses buy sony, buy sony camera lenses, camera lenses cheap sony, cheap sony camera lenses, camera lenses best sony, best sony camera lenses, camera lenses sony review, sony review camera lenses, camera lenses where to buy sony, where to buy sony camera lenses, camera lenses how to choose sony, how to choose sony camera lenses, camera lenses top sony, top sony camera lenses, camera lenses sony guide, sony guide camera lenses, camera lenses sony for sale, sony for sale camera lenses, camera lenses sony deals, sony deals camera lenses, chipset compatibility sony, sony chipset compatibility, chipset compatibility cheap, cheap chipset compatibility, chipset compatibility best, best chipset compatibility, chipset compatibility latest, latest chipset compatibility, chipset compatibility review, review chipset compatibility, chipset compatibility price, price chipset compatibility, chipset compatibility sell, sell chipset compatibility, chipset compatibility buy, buy chipset compatibility, chipset compatibility recommendation, recommendation chipset compatibility, chipset compatibility tips, tips chipset compatibility, chipset compatibility tutorial, tutorial chipset compatibility, chipset compatibility guide, guide chipset compatibility, chipset compatibility how to, how to chipset compatibility, chipset compatibility vs, vs chipset compatibility, chipset compatibility versus, versus chipset compatibility, chipset compatibility compared to, compared to chipset compatibility, chipset compatibility comparison, comparison chipset compatibility, chipset compatibility alternatives, alternatives chipset compatibility, chipset compatibility which is better, which is better chipset compatibility, chipset compatibility expensive, expensive chipset compatibility, chipset compatibility discount, discount chipset compatibility, chipset compatibility deals, deals chipset compatibility, chipset compatibility sale, sale chipset compatibility, chipset compatibility affordable, affordable chipset compatibility, chipset compatibility cost, cost chipset compatibility, chipset compatibility online, online chipset compatibility, chipset compatibility offline, offline chipset compatibility, chipset compatibility marketplace, marketplace chipset compatibility, chipset compatibility store, store chipset compatibility, chipset compatibility shop, shop chipset compatibility, chipset compatibility retailer, retailer chipset compatibility, chipset compatibility where to buy, where to buy chipset compatibility, chipset compatibility worst, worst chipset compatibility, chipset compatibility quality, quality chipset compatibility, chipset compatibility original, original chipset compatibility, chipset compatibility genuine, genuine chipset compatibility, chipset compatibility fake, fake chipset compatibility, chipset compatibility replica, replica chipset compatibility, chipset compatibility authentic, authentic chipset compatibility, chipset compatibility brand, brand chipset compatibility, chipset compatibility manufacturer, manufacturer chipset compatibility, chipset compatibility company, company chipset compatibility, chipset compatibility product, product chipset compatibility, chipset compatibility sony product, sony product chipset compatibility, chipset compatibility sell sony, sell sony chipset compatibility, chipset compatibility buy sony, buy sony chipset compatibility, chipset compatibility cheap sony, cheap sony chipset compatibility, chipset compatibility best sony, best sony chipset compatibility, chipset compatibility sony review, sony review chipset compatibility, chipset compatibility where to buy sony, where to buy sony chipset compatibility, chipset compatibility how to choose sony, how to choose sony chipset compatibility, chipset compatibility top sony, top sony chipset compatibility, chipset compatibility sony guide, sony guide chipset compatibility, chipset compatibility sony for sale, sony for sale chipset compatibility, chipset compatibility sony deals, sony deals chipset compatibility
2025-12-31 12:41:17,369 - INFO - Expanded 220 seed keywords to 385 variations
2025-12-31 12:41:17,369 - INFO - Language: en
2025-12-31 12:41:17,369 - INFO - Region: us
2025-12-31 12:41:49,039 - INFO - 🎯 After all filtering for 'sony': 120 relevant keywords
2025-12-31 12:41:49,949 - INFO - 🎯 Found 5 new keywords for niche 'sony': sony affordable camera lenses, sony affordable chipset compatibility, cheap alternatives camera lenses, best authentic camera lenses, how to brand camera lenses
2025-12-31 12:41:57,699 - INFO - ✅ Niche 'sony' process complete! 316 total keyword results.
2025-12-31 12:41:57,700 - INFO - ✅ Completed processing niche: 'sony'
2025-12-31 12:41:57,700 - INFO - 🔧 Request Handler final stats - Success rate: 100.0%
2025-12-31 12:41:57,700 - INFO -    Total requests: 64637, Blocks: 0
2025-12-31 12:41:57,701 - INFO - 
========================================
2025-12-31 12:41:57,701 - INFO - Process Summary:
2025-12-31 12:41:57,701 - INFO - - Current niche: 'sony'
2025-12-31 12:41:57,701 - INFO - - Next niche will be: 'asus'
2025-12-31 12:41:57,701 - INFO - - Keywords saved in: languages/english/keywords/sony/
2025-12-31 12:41:57,702 - INFO - ========================================
