2025-09-18 16:52:42,587 - INFO - Log file created at: /home/runner/work/potensitech.com/potensitech.com/languages/english/keywords/logs/kw_search_20250918_165242.log
2025-09-18 16:52:42,587 - INFO - ============================================================
2025-09-18 16:52:42,587 - INFO - AUTOMATIC KEYWORD RESEARCH TOOL
2025-09-18 16:52:42,587 - INFO - ============================================================
2025-09-18 16:52:42,677 - INFO - ========================================
2025-09-18 16:52:42,677 - INFO - Found 14 niches to process: xiaomi, iphone, samsung, apple, sony, asus, philips, sandisk, intel, nvidia, amd, canon, nikon, huawei
2025-09-18 16:52:42,677 - INFO - ========================================
2025-09-18 16:52:42,677 - INFO - Continuing from last processed niche: sony
2025-09-18 16:52:42,677 - INFO - ========================================
2025-09-18 16:52:42,677 - INFO - 🎯 PROCESSING NICHE 6/14: 'asus'
2025-09-18 16:52:42,677 - INFO - ========================================
2025-09-18 16:52:42,677 - INFO - 📁 Niche directory: /home/runner/work/potensitech.com/potensitech.com/languages/english/keywords/asus
2025-09-18 16:52:42,677 - INFO - Selected region: us
2025-09-18 16:52:42,677 - INFO - Selected language: en
2025-09-18 16:52:42,677 - INFO - 🎯 Current niche: asus
2025-09-18 16:52:51,639 - INFO - 🎯 Niche terms for filtering: asus, cheap, best, latest, review, price, sell, buy, recommendation, tips, tutorial, guide, how to, vs, versus, compared to, comparison, alternatives, which is better, expensive, discount, deals, sale, affordable, cost, online, offline, marketplace, store, shop, retailer, where to buy, worst, quality, original, genuine, fake, replica, authentic, brand, manufacturer, company, product, asus product, sell asus, buy asus, cheap asus, best asus, asus review, where to buy asus, how to choose asus, top asus, asus guide, asus for sale, asus deals
2025-09-18 16:52:51,639 - INFO - Generated 50 niche-clue pairs for 'asus'.
2025-09-18 16:52:51,642 - INFO - Expanded 50 seed keywords to 218 variations
2025-09-18 16:52:51,642 - INFO - 🔧 Request Handler initialized - Success rate: 100.0%
2025-09-18 16:57:15,323 - INFO - Original clue keywords: memory card, data transfer
2025-09-18 16:57:15,324 - INFO - Niche-focused seeds: memory card asus, asus memory card, memory card cheap, cheap memory card, memory card best, best memory card, memory card latest, latest memory card, memory card review, review memory card, memory card price, price memory card, memory card sell, sell memory card, memory card buy, buy memory card, memory card recommendation, recommendation memory card, memory card tips, tips memory card, memory card tutorial, tutorial memory card, memory card guide, guide memory card, memory card how to, how to memory card, memory card vs, vs memory card, memory card versus, versus memory card, memory card compared to, compared to memory card, memory card comparison, comparison memory card, memory card alternatives, alternatives memory card, memory card which is better, which is better memory card, memory card expensive, expensive memory card, memory card discount, discount memory card, memory card deals, deals memory card, memory card sale, sale memory card, memory card affordable, affordable memory card, memory card cost, cost memory card, memory card online, online memory card, memory card offline, offline memory card, memory card marketplace, marketplace memory card, memory card store, store memory card, memory card shop, shop memory card, memory card retailer, retailer memory card, memory card where to buy, where to buy memory card, memory card worst, worst memory card, memory card quality, quality memory card, memory card original, original memory card, memory card genuine, genuine memory card, memory card fake, fake memory card, memory card replica, replica memory card, memory card authentic, authentic memory card, memory card brand, brand memory card, memory card manufacturer, manufacturer memory card, memory card company, company memory card, memory card product, product memory card, memory card asus product, asus product memory card, memory card sell asus, sell asus memory card, memory card buy asus, buy asus memory card, memory card cheap asus, cheap asus memory card, memory card best asus, best asus memory card, memory card asus review, asus review memory card, memory card where to buy asus, where to buy asus memory card, memory card how to choose asus, how to choose asus memory card, memory card top asus, top asus memory card, memory card asus guide, asus guide memory card, memory card asus for sale, asus for sale memory card, memory card asus deals, asus deals memory card, data transfer asus, asus data transfer, data transfer cheap, cheap data transfer, data transfer best, best data transfer, data transfer latest, latest data transfer, data transfer review, review data transfer, data transfer price, price data transfer, data transfer sell, sell data transfer, data transfer buy, buy data transfer, data transfer recommendation, recommendation data transfer, data transfer tips, tips data transfer, data transfer tutorial, tutorial data transfer, data transfer guide, guide data transfer, data transfer how to, how to data transfer, data transfer vs, vs data transfer, data transfer versus, versus data transfer, data transfer compared to, compared to data transfer, data transfer comparison, comparison data transfer, data transfer alternatives, alternatives data transfer, data transfer which is better, which is better data transfer, data transfer expensive, expensive data transfer, data transfer discount, discount data transfer, data transfer deals, deals data transfer, data transfer sale, sale data transfer, data transfer affordable, affordable data transfer, data transfer cost, cost data transfer, data transfer online, online data transfer, data transfer offline, offline data transfer, data transfer marketplace, marketplace data transfer, data transfer store, store data transfer, data transfer shop, shop data transfer, data transfer retailer, retailer data transfer, data transfer where to buy, where to buy data transfer, data transfer worst, worst data transfer, data transfer quality, quality data transfer, data transfer original, original data transfer, data transfer genuine, genuine data transfer, data transfer fake, fake data transfer, data transfer replica, replica data transfer, data transfer authentic, authentic data transfer, data transfer brand, brand data transfer, data transfer manufacturer, manufacturer data transfer, data transfer company, company data transfer, data transfer product, product data transfer, data transfer asus product, asus product data transfer, data transfer sell asus, sell asus data transfer, data transfer buy asus, buy asus data transfer, data transfer cheap asus, cheap asus data transfer, data transfer best asus, best asus data transfer, data transfer asus review, asus review data transfer, data transfer where to buy asus, where to buy asus data transfer, data transfer how to choose asus, how to choose asus data transfer, data transfer top asus, top asus data transfer, data transfer asus guide, asus guide data transfer, data transfer asus for sale, asus for sale data transfer, data transfer asus deals, asus deals data transfer
2025-09-18 16:57:15,327 - INFO - Expanded 220 seed keywords to 385 variations
2025-09-18 16:57:15,327 - INFO - Language: en
2025-09-18 16:57:15,327 - INFO - Region: us
2025-09-18 17:01:48,237 - INFO - 🎯 After all filtering for 'asus': 120 relevant keywords
2025-09-18 17:01:48,270 - INFO - 🎯 Found 5 new keywords for niche 'asus': asus affordable data transfer, asus affordable memory card, cheap alternatives data transfer, cheap alternatives memory card, best authentic data transfer
2025-09-18 17:02:03,276 - INFO - ✅ Niche 'asus' process complete! 24 total keyword results.
2025-09-18 17:02:03,276 - INFO - ✅ Completed processing niche: 'asus'
2025-09-18 17:02:03,276 - INFO - 🔧 Request Handler final stats - Success rate: 100.0%
2025-09-18 17:02:03,276 - INFO -    Total requests: 6472, Blocks: 0
2025-09-18 17:02:03,277 - INFO - 
========================================
2025-09-18 17:02:03,277 - INFO - Process Summary:
2025-09-18 17:02:03,277 - INFO - - Current niche: 'asus'
2025-09-18 17:02:03,277 - INFO - - Next niche will be: 'philips'
2025-09-18 17:02:03,278 - INFO - - Keywords saved in: languages/english/keywords/asus/
2025-09-18 17:02:03,278 - INFO - ========================================
