2025-09-23 21:43:03,505 - INFO - Log file created at: /home/runner/work/potensitech.com/potensitech.com/languages/english/keywords/logs/kw_search_20250923_214303.log
2025-09-23 21:43:03,505 - INFO - ============================================================
2025-09-23 21:43:03,505 - INFO - AUTOMATIC KEYWORD RESEARCH TOOL
2025-09-23 21:43:03,505 - INFO - ============================================================
2025-09-23 21:43:03,626 - INFO - ========================================
2025-09-23 21:43:03,626 - INFO - Found 14 niches to process: xiaomi, iphone, samsung, apple, sony, asus, philips, sandisk, intel, nvidia, amd, canon, nikon, huawei
2025-09-23 21:43:03,626 - INFO - ========================================
2025-09-23 21:43:03,626 - INFO - Continuing from last processed niche: xiaomi
2025-09-23 21:43:03,626 - INFO - ========================================
2025-09-23 21:43:03,626 - INFO - 🎯 PROCESSING NICHE 2/14: 'iphone'
2025-09-23 21:43:03,626 - INFO - ========================================
2025-09-23 21:43:03,626 - INFO - 📁 Niche directory: /home/runner/work/potensitech.com/potensitech.com/languages/english/keywords/iphone
2025-09-23 21:43:03,627 - INFO - Selected region: us
2025-09-23 21:43:03,627 - INFO - Selected language: en
2025-09-23 21:43:03,627 - INFO - 🎯 Current niche: iphone
2025-09-23 21:43:14,021 - INFO - 🎯 Niche terms for filtering: iphone, cheap, best, latest, review, price, sell, buy, recommendation, tips, tutorial, guide, how to, vs, versus, compared to, comparison, alternatives, which is better, expensive, discount, deals, sale, affordable, cost, online, offline, marketplace, store, shop, retailer, where to buy, worst, quality, original, genuine, fake, replica, authentic, brand, manufacturer, company, product, iphone product, sell iphone, buy iphone, cheap iphone, best iphone, iphone review, where to buy iphone, how to choose iphone, top iphone, iphone guide, iphone for sale, iphone deals
2025-09-23 21:43:14,021 - INFO - Generated 50 niche-clue pairs for 'iphone'.
2025-09-23 21:43:14,027 - INFO - Expanded 50 seed keywords to 218 variations
2025-09-23 21:43:14,027 - INFO - 🔧 Request Handler initialized - Success rate: 100.0%
2025-09-23 21:47:38,019 - INFO - Original clue keywords: smartphone features, camera quality
2025-09-23 21:47:38,019 - INFO - Niche-focused seeds: smartphone features iphone, iphone smartphone features, smartphone features cheap, cheap smartphone features, smartphone features best, best smartphone features, smartphone features latest, latest smartphone features, smartphone features review, review smartphone features, smartphone features price, price smartphone features, smartphone features sell, sell smartphone features, smartphone features buy, buy smartphone features, smartphone features recommendation, recommendation smartphone features, smartphone features tips, tips smartphone features, smartphone features tutorial, tutorial smartphone features, smartphone features guide, guide smartphone features, smartphone features how to, how to smartphone features, smartphone features vs, vs smartphone features, smartphone features versus, versus smartphone features, smartphone features compared to, compared to smartphone features, smartphone features comparison, comparison smartphone features, smartphone features alternatives, alternatives smartphone features, smartphone features which is better, which is better smartphone features, smartphone features expensive, expensive smartphone features, smartphone features discount, discount smartphone features, smartphone features deals, deals smartphone features, smartphone features sale, sale smartphone features, smartphone features affordable, affordable smartphone features, smartphone features cost, cost smartphone features, smartphone features online, online smartphone features, smartphone features offline, offline smartphone features, smartphone features marketplace, marketplace smartphone features, smartphone features store, store smartphone features, smartphone features shop, shop smartphone features, smartphone features retailer, retailer smartphone features, smartphone features where to buy, where to buy smartphone features, smartphone features worst, worst smartphone features, smartphone features quality, quality smartphone features, smartphone features original, original smartphone features, smartphone features genuine, genuine smartphone features, smartphone features fake, fake smartphone features, smartphone features replica, replica smartphone features, smartphone features authentic, authentic smartphone features, smartphone features brand, brand smartphone features, smartphone features manufacturer, manufacturer smartphone features, smartphone features company, company smartphone features, smartphone features product, product smartphone features, smartphone features iphone product, iphone product smartphone features, smartphone features sell iphone, sell iphone smartphone features, smartphone features buy iphone, buy iphone smartphone features, smartphone features cheap iphone, cheap iphone smartphone features, smartphone features best iphone, best iphone smartphone features, smartphone features iphone review, iphone review smartphone features, smartphone features where to buy iphone, where to buy iphone smartphone features, smartphone features how to choose iphone, how to choose iphone smartphone features, smartphone features top iphone, top iphone smartphone features, smartphone features iphone guide, iphone guide smartphone features, smartphone features iphone for sale, iphone for sale smartphone features, smartphone features iphone deals, iphone deals smartphone features, camera quality
2025-09-23 21:47:38,022 - INFO - Expanded 111 seed keywords to 276 variations
2025-09-23 21:47:38,022 - INFO - Language: en
2025-09-23 21:47:38,022 - INFO - Region: us
2025-09-23 21:52:07,894 - INFO - 🎯 After all filtering for 'iphone': 120 relevant keywords
2025-09-23 21:52:07,911 - INFO - 🎯 Found 5 new keywords for niche 'iphone': iphone camera quality, cheap camera quality, best camera quality, how to camera quality, iphone affordable smartphone features
2025-09-23 21:52:22,868 - INFO - ✅ Niche 'iphone' process complete! 71 total keyword results.
2025-09-23 21:52:22,869 - INFO - ✅ Completed processing niche: 'iphone'
2025-09-23 21:52:22,869 - INFO - 🔧 Request Handler final stats - Success rate: 100.0%
2025-09-23 21:52:22,869 - INFO -    Total requests: 10834, Blocks: 0
2025-09-23 21:52:22,870 - INFO - 
========================================
2025-09-23 21:52:22,870 - INFO - Process Summary:
2025-09-23 21:52:22,870 - INFO - - Current niche: 'iphone'
2025-09-23 21:52:22,870 - INFO - - Next niche will be: 'samsung'
2025-09-23 21:52:22,870 - INFO - - Keywords saved in: languages/english/keywords/iphone/
2025-09-23 21:52:22,870 - INFO - ========================================
