2025-10-02 19:21:40,463 - INFO - Log file created at: /home/runner/work/potensitech.com/potensitech.com/languages/english/keywords/logs/kw_search_20251002_192140.log
2025-10-02 19:21:40,463 - INFO - ============================================================
2025-10-02 19:21:40,463 - INFO - AUTOMATIC KEYWORD RESEARCH TOOL
2025-10-02 19:21:40,463 - INFO - ============================================================
2025-10-02 19:21:40,662 - INFO - ========================================
2025-10-02 19:21:40,662 - INFO - Found 14 niches to process: xiaomi, iphone, samsung, apple, sony, asus, philips, sandisk, intel, nvidia, amd, canon, nikon, huawei
2025-10-02 19:21:40,662 - INFO - ========================================
2025-10-02 19:21:40,662 - INFO - Continuing from last processed niche: asus
2025-10-02 19:21:40,662 - INFO - ========================================
2025-10-02 19:21:40,662 - INFO - 🎯 PROCESSING NICHE 7/14: 'philips'
2025-10-02 19:21:40,662 - INFO - ========================================
2025-10-02 19:21:40,662 - INFO - 📁 Niche directory: /home/runner/work/potensitech.com/potensitech.com/languages/english/keywords/philips
2025-10-02 19:21:40,662 - INFO - Selected region: us
2025-10-02 19:21:40,662 - INFO - Selected language: en
2025-10-02 19:21:40,662 - INFO - 🎯 Current niche: philips
2025-10-02 19:21:45,083 - INFO - 🎯 Niche terms for filtering: philips, cheap, best, latest, review, price, sell, buy, recommendation, tips, tutorial, guide, how to, vs, versus, compared to, comparison, alternatives, which is better, expensive, discount, deals, sale, affordable, cost, online, offline, marketplace, store, shop, retailer, where to buy, worst, quality, original, genuine, fake, replica, authentic, brand, manufacturer, company, product, philips product, sell philips, buy philips, cheap philips, best philips, philips review, where to buy philips, how to choose philips, top philips, philips guide, philips for sale, philips deals
2025-10-02 19:21:45,083 - INFO - Generated 50 niche-clue pairs for 'philips'.
2025-10-02 19:21:45,086 - INFO - Expanded 50 seed keywords to 218 variations
2025-10-02 19:21:45,087 - INFO - 🔧 Request Handler initialized - Success rate: 100.0%
2025-10-02 19:26:09,308 - INFO - Original clue keywords: smart lighting, audio systems
2025-10-02 19:26:09,308 - INFO - Niche-focused seeds: smart lighting philips, philips smart lighting, smart lighting cheap, cheap smart lighting, smart lighting best, best smart lighting, smart lighting latest, latest smart lighting, smart lighting review, review smart lighting, smart lighting price, price smart lighting, smart lighting sell, sell smart lighting, smart lighting buy, buy smart lighting, smart lighting recommendation, recommendation smart lighting, smart lighting tips, tips smart lighting, smart lighting tutorial, tutorial smart lighting, smart lighting guide, guide smart lighting, smart lighting how to, how to smart lighting, smart lighting vs, vs smart lighting, smart lighting versus, versus smart lighting, smart lighting compared to, compared to smart lighting, smart lighting comparison, comparison smart lighting, smart lighting alternatives, alternatives smart lighting, smart lighting which is better, which is better smart lighting, smart lighting expensive, expensive smart lighting, smart lighting discount, discount smart lighting, smart lighting deals, deals smart lighting, smart lighting sale, sale smart lighting, smart lighting affordable, affordable smart lighting, smart lighting cost, cost smart lighting, smart lighting online, online smart lighting, smart lighting offline, offline smart lighting, smart lighting marketplace, marketplace smart lighting, smart lighting store, store smart lighting, smart lighting shop, shop smart lighting, smart lighting retailer, retailer smart lighting, smart lighting where to buy, where to buy smart lighting, smart lighting worst, worst smart lighting, smart lighting quality, quality smart lighting, smart lighting original, original smart lighting, smart lighting genuine, genuine smart lighting, smart lighting fake, fake smart lighting, smart lighting replica, replica smart lighting, smart lighting authentic, authentic smart lighting, smart lighting brand, brand smart lighting, smart lighting manufacturer, manufacturer smart lighting, smart lighting company, company smart lighting, smart lighting product, product smart lighting, smart lighting philips product, philips product smart lighting, smart lighting sell philips, sell philips smart lighting, smart lighting buy philips, buy philips smart lighting, smart lighting cheap philips, cheap philips smart lighting, smart lighting best philips, best philips smart lighting, smart lighting philips review, philips review smart lighting, smart lighting where to buy philips, where to buy philips smart lighting, smart lighting how to choose philips, how to choose philips smart lighting, smart lighting top philips, top philips smart lighting, smart lighting philips guide, philips guide smart lighting, smart lighting philips for sale, philips for sale smart lighting, smart lighting philips deals, philips deals smart lighting, audio systems philips, philips audio systems, audio systems cheap, cheap audio systems, audio systems best, best audio systems, audio systems latest, latest audio systems, audio systems review, review audio systems, audio systems price, price audio systems, audio systems sell, sell audio systems, audio systems buy, buy audio systems, audio systems recommendation, recommendation audio systems, audio systems tips, tips audio systems, audio systems tutorial, tutorial audio systems, audio systems guide, guide audio systems, audio systems how to, how to audio systems, audio systems vs, vs audio systems, audio systems versus, versus audio systems, audio systems compared to, compared to audio systems, audio systems comparison, comparison audio systems, audio systems alternatives, alternatives audio systems, audio systems which is better, which is better audio systems, audio systems expensive, expensive audio systems, audio systems discount, discount audio systems, audio systems deals, deals audio systems, audio systems sale, sale audio systems, audio systems affordable, affordable audio systems, audio systems cost, cost audio systems, audio systems online, online audio systems, audio systems offline, offline audio systems, audio systems marketplace, marketplace audio systems, audio systems store, store audio systems, audio systems shop, shop audio systems, audio systems retailer, retailer audio systems, audio systems where to buy, where to buy audio systems, audio systems worst, worst audio systems, audio systems quality, quality audio systems, audio systems original, original audio systems, audio systems genuine, genuine audio systems, audio systems fake, fake audio systems, audio systems replica, replica audio systems, audio systems authentic, authentic audio systems, audio systems brand, brand audio systems, audio systems manufacturer, manufacturer audio systems, audio systems company, company audio systems, audio systems product, product audio systems, audio systems philips product, philips product audio systems, audio systems sell philips, sell philips audio systems, audio systems buy philips, buy philips audio systems, audio systems cheap philips, cheap philips audio systems, audio systems best philips, best philips audio systems, audio systems philips review, philips review audio systems, audio systems where to buy philips, where to buy philips audio systems, audio systems how to choose philips, how to choose philips audio systems, audio systems top philips, top philips audio systems, audio systems philips guide, philips guide audio systems, audio systems philips for sale, philips for sale audio systems, audio systems philips deals, philips deals audio systems
2025-10-02 19:26:09,312 - INFO - Expanded 220 seed keywords to 385 variations
2025-10-02 19:26:09,312 - INFO - Language: en
2025-10-02 19:26:09,312 - INFO - Region: us
2025-10-02 19:30:39,575 - INFO - 🎯 After all filtering for 'philips': 120 relevant keywords
2025-10-02 19:30:39,783 - INFO - 🎯 Found 5 new keywords for niche 'philips': philips affordable audio systems, philips affordable smart lighting, cheap alternatives audio systems, cheap alternatives smart lighting, best audio systems authentic
2025-10-02 19:30:47,705 - INFO - ✅ Niche 'philips' process complete! 90 total keyword results.
2025-10-02 19:30:47,705 - INFO - ✅ Completed processing niche: 'philips'
2025-10-02 19:30:47,705 - INFO - 🔧 Request Handler final stats - Success rate: 100.0%
2025-10-02 19:30:47,705 - INFO -    Total requests: 17136, Blocks: 0
2025-10-02 19:30:47,706 - INFO - 
========================================
2025-10-02 19:30:47,706 - INFO - Process Summary:
2025-10-02 19:30:47,706 - INFO - - Current niche: 'philips'
2025-10-02 19:30:47,706 - INFO - - Next niche will be: 'sandisk'
2025-10-02 19:30:47,706 - INFO - - Keywords saved in: languages/english/keywords/philips/
2025-10-02 19:30:47,707 - INFO - ========================================
