2025-09-30 21:43:48,308 - INFO - Log file created at: /home/runner/work/potensitech.com/potensitech.com/languages/english/keywords/logs/kw_search_20250930_214348.log
2025-09-30 21:43:48,308 - INFO - ============================================================
2025-09-30 21:43:48,308 - INFO - AUTOMATIC KEYWORD RESEARCH TOOL
2025-09-30 21:43:48,308 - INFO - ============================================================
2025-09-30 21:43:48,438 - INFO - ========================================
2025-09-30 21:43:48,438 - INFO - Found 14 niches to process: xiaomi, iphone, samsung, apple, sony, asus, philips, sandisk, intel, nvidia, amd, canon, nikon, huawei
2025-09-30 21:43:48,438 - INFO - ========================================
2025-09-30 21:43:48,438 - INFO - Continuing from last processed niche: xiaomi
2025-09-30 21:43:48,439 - INFO - ========================================
2025-09-30 21:43:48,439 - INFO - 🎯 PROCESSING NICHE 2/14: 'iphone'
2025-09-30 21:43:48,439 - INFO - ========================================
2025-09-30 21:43:48,439 - INFO - 📁 Niche directory: /home/runner/work/potensitech.com/potensitech.com/languages/english/keywords/iphone
2025-09-30 21:43:48,439 - INFO - Selected region: us
2025-09-30 21:43:48,439 - INFO - Selected language: en
2025-09-30 21:43:48,439 - INFO - 🎯 Current niche: iphone
2025-09-30 21:43:53,088 - INFO - 🎯 Niche terms for filtering: iphone, cheap, best, latest, review, price, sell, buy, recommendation, tips, tutorial, guide, how to, vs, versus, compared to, comparison, alternatives, which is better, expensive, discount, deals, sale, affordable, cost, online, offline, marketplace, store, shop, retailer, where to buy, worst, quality, original, genuine, fake, replica, authentic, brand, manufacturer, company, product, iphone product, sell iphone, buy iphone, cheap iphone, best iphone, iphone review, where to buy iphone, how to choose iphone, top iphone, iphone guide, iphone for sale, iphone deals
2025-09-30 21:43:53,089 - INFO - Generated 50 niche-clue pairs for 'iphone'.
2025-09-30 21:43:53,093 - INFO - Expanded 50 seed keywords to 218 variations
2025-09-30 21:43:53,093 - INFO - 🔧 Request Handler initialized - Success rate: 100.0%
2025-09-30 21:48:18,240 - INFO - Original clue keywords: graphics performance, portable ssd
2025-09-30 21:48:18,240 - INFO - Niche-focused seeds: graphics performance iphone, iphone graphics performance, graphics performance cheap, cheap graphics performance, graphics performance best, best graphics performance, graphics performance latest, latest graphics performance, graphics performance review, review graphics performance, graphics performance price, price graphics performance, graphics performance sell, sell graphics performance, graphics performance buy, buy graphics performance, graphics performance recommendation, recommendation graphics performance, graphics performance tips, tips graphics performance, graphics performance tutorial, tutorial graphics performance, graphics performance guide, guide graphics performance, graphics performance how to, how to graphics performance, graphics performance vs, vs graphics performance, graphics performance versus, versus graphics performance, graphics performance compared to, compared to graphics performance, graphics performance comparison, comparison graphics performance, graphics performance alternatives, alternatives graphics performance, graphics performance which is better, which is better graphics performance, graphics performance expensive, expensive graphics performance, graphics performance discount, discount graphics performance, graphics performance deals, deals graphics performance, graphics performance sale, sale graphics performance, graphics performance affordable, affordable graphics performance, graphics performance cost, cost graphics performance, graphics performance online, online graphics performance, graphics performance offline, offline graphics performance, graphics performance marketplace, marketplace graphics performance, graphics performance store, store graphics performance, graphics performance shop, shop graphics performance, graphics performance retailer, retailer graphics performance, graphics performance where to buy, where to buy graphics performance, graphics performance worst, worst graphics performance, graphics performance quality, quality graphics performance, graphics performance original, original graphics performance, graphics performance genuine, genuine graphics performance, graphics performance fake, fake graphics performance, graphics performance replica, replica graphics performance, graphics performance authentic, authentic graphics performance, graphics performance brand, brand graphics performance, graphics performance manufacturer, manufacturer graphics performance, graphics performance company, company graphics performance, graphics performance product, product graphics performance, graphics performance iphone product, iphone product graphics performance, graphics performance sell iphone, sell iphone graphics performance, graphics performance buy iphone, buy iphone graphics performance, graphics performance cheap iphone, cheap iphone graphics performance, graphics performance best iphone, best iphone graphics performance, graphics performance iphone review, iphone review graphics performance, graphics performance where to buy iphone, where to buy iphone graphics performance, graphics performance how to choose iphone, how to choose iphone graphics performance, graphics performance top iphone, top iphone graphics performance, graphics performance iphone guide, iphone guide graphics performance, graphics performance iphone for sale, iphone for sale graphics performance, graphics performance iphone deals, iphone deals graphics performance, portable ssd iphone, iphone portable ssd, portable ssd cheap, cheap portable ssd, portable ssd best, best portable ssd, portable ssd latest, latest portable ssd, portable ssd review, review portable ssd, portable ssd price, price portable ssd, portable ssd sell, sell portable ssd, portable ssd buy, buy portable ssd, portable ssd recommendation, recommendation portable ssd, portable ssd tips, tips portable ssd, portable ssd tutorial, tutorial portable ssd, portable ssd guide, guide portable ssd, portable ssd how to, how to portable ssd, portable ssd vs, vs portable ssd, portable ssd versus, versus portable ssd, portable ssd compared to, compared to portable ssd, portable ssd comparison, comparison portable ssd, portable ssd alternatives, alternatives portable ssd, portable ssd which is better, which is better portable ssd, portable ssd expensive, expensive portable ssd, portable ssd discount, discount portable ssd, portable ssd deals, deals portable ssd, portable ssd sale, sale portable ssd, portable ssd affordable, affordable portable ssd, portable ssd cost, cost portable ssd, portable ssd online, online portable ssd, portable ssd offline, offline portable ssd, portable ssd marketplace, marketplace portable ssd, portable ssd store, store portable ssd, portable ssd shop, shop portable ssd, portable ssd retailer, retailer portable ssd, portable ssd where to buy, where to buy portable ssd, portable ssd worst, worst portable ssd, portable ssd quality, quality portable ssd, portable ssd original, original portable ssd, portable ssd genuine, genuine portable ssd, portable ssd fake, fake portable ssd, portable ssd replica, replica portable ssd, portable ssd authentic, authentic portable ssd, portable ssd brand, brand portable ssd, portable ssd manufacturer, manufacturer portable ssd, portable ssd company, company portable ssd, portable ssd product, product portable ssd, portable ssd iphone product, iphone product portable ssd, portable ssd sell iphone, sell iphone portable ssd, portable ssd buy iphone, buy iphone portable ssd, portable ssd cheap iphone, cheap iphone portable ssd, portable ssd best iphone, best iphone portable ssd, portable ssd iphone review, iphone review portable ssd, portable ssd where to buy iphone, where to buy iphone portable ssd, portable ssd how to choose iphone, how to choose iphone portable ssd, portable ssd top iphone, top iphone portable ssd, portable ssd iphone guide, iphone guide portable ssd, portable ssd iphone for sale, iphone for sale portable ssd, portable ssd iphone deals, iphone deals portable ssd
2025-09-30 21:48:18,243 - INFO - Expanded 220 seed keywords to 385 variations
2025-09-30 21:48:18,243 - INFO - Language: en
2025-09-30 21:48:18,243 - INFO - Region: us
2025-09-30 21:50:28,182 - INFO - 🎯 After all filtering for 'iphone': 120 relevant keywords
2025-09-30 21:50:28,633 - INFO - 🎯 Found 4 new keywords for niche 'iphone': iphone affordable graphics performance, iphone affordable portable ssd, cheap alternatives portable ssd, best authentic portable ssd
2025-09-30 21:50:37,965 - INFO - ✅ Niche 'iphone' process complete! 108 total keyword results.
2025-09-30 21:50:37,966 - INFO - ✅ Completed processing niche: 'iphone'
2025-09-30 21:50:37,966 - INFO - 🔧 Request Handler final stats - Success rate: 100.0%
2025-09-30 21:50:37,966 - INFO -    Total requests: 15915, Blocks: 0
2025-09-30 21:50:37,967 - INFO - 
========================================
2025-09-30 21:50:37,967 - INFO - Process Summary:
2025-09-30 21:50:37,967 - INFO - - Current niche: 'iphone'
2025-09-30 21:50:37,967 - INFO - - Next niche will be: 'samsung'
2025-09-30 21:50:37,967 - INFO - - Keywords saved in: languages/english/keywords/iphone/
2025-09-30 21:50:37,967 - INFO - ========================================
