2025-10-01 03:29:57,942 - INFO - Log file created at: /home/runner/work/potensitech.com/potensitech.com/languages/english/keywords/logs/kw_search_20251001_032957.log
2025-10-01 03:29:57,943 - INFO - ============================================================
2025-10-01 03:29:57,943 - INFO - AUTOMATIC KEYWORD RESEARCH TOOL
2025-10-01 03:29:57,943 - INFO - ============================================================
2025-10-01 03:29:58,106 - INFO - ========================================
2025-10-01 03:29:58,106 - INFO - Found 14 niches to process: xiaomi, iphone, samsung, apple, sony, asus, philips, sandisk, intel, nvidia, amd, canon, nikon, huawei
2025-10-01 03:29:58,106 - INFO - ========================================
2025-10-01 03:29:58,106 - INFO - Continuing from last processed niche: samsung
2025-10-01 03:29:58,106 - INFO - ========================================
2025-10-01 03:29:58,106 - INFO - 🎯 PROCESSING NICHE 4/14: 'apple'
2025-10-01 03:29:58,106 - INFO - ========================================
2025-10-01 03:29:58,106 - INFO - 📁 Niche directory: /home/runner/work/potensitech.com/potensitech.com/languages/english/keywords/apple
2025-10-01 03:29:58,107 - INFO - Selected region: us
2025-10-01 03:29:58,107 - INFO - Selected language: en
2025-10-01 03:29:58,107 - INFO - 🎯 Current niche: apple
2025-10-01 03:30:01,113 - INFO - 🎯 Niche terms for filtering: apple, cheap, best, latest, review, price, sell, buy, recommendation, tips, tutorial, guide, how to, vs, versus, compared to, comparison, alternatives, which is better, expensive, discount, deals, sale, affordable, cost, online, offline, marketplace, store, shop, retailer, where to buy, worst, quality, original, genuine, fake, replica, authentic, brand, manufacturer, company, product, apple product, sell apple, buy apple, cheap apple, best apple, apple review, where to buy apple, how to choose apple, top apple, apple guide, apple for sale, apple deals
2025-10-01 03:30:01,113 - INFO - Generated 50 niche-clue pairs for 'apple'.
2025-10-01 03:30:01,116 - INFO - Expanded 50 seed keywords to 218 variations
2025-10-01 03:30:01,117 - INFO - 🔧 Request Handler initialized - Success rate: 100.0%
2025-10-01 03:34:23,825 - INFO - Original clue keywords: graphics performance, portable ssd
2025-10-01 03:34:23,826 - INFO - Niche-focused seeds: graphics performance apple, apple graphics performance, graphics performance cheap, cheap graphics performance, graphics performance best, best graphics performance, graphics performance latest, latest graphics performance, graphics performance review, review graphics performance, graphics performance price, price graphics performance, graphics performance sell, sell graphics performance, graphics performance buy, buy graphics performance, graphics performance recommendation, recommendation graphics performance, graphics performance tips, tips graphics performance, graphics performance tutorial, tutorial graphics performance, graphics performance guide, guide graphics performance, graphics performance how to, how to graphics performance, graphics performance vs, vs graphics performance, graphics performance versus, versus graphics performance, graphics performance compared to, compared to graphics performance, graphics performance comparison, comparison graphics performance, graphics performance alternatives, alternatives graphics performance, graphics performance which is better, which is better graphics performance, graphics performance expensive, expensive graphics performance, graphics performance discount, discount graphics performance, graphics performance deals, deals graphics performance, graphics performance sale, sale graphics performance, graphics performance affordable, affordable graphics performance, graphics performance cost, cost graphics performance, graphics performance online, online graphics performance, graphics performance offline, offline graphics performance, graphics performance marketplace, marketplace graphics performance, graphics performance store, store graphics performance, graphics performance shop, shop graphics performance, graphics performance retailer, retailer graphics performance, graphics performance where to buy, where to buy graphics performance, graphics performance worst, worst graphics performance, graphics performance quality, quality graphics performance, graphics performance original, original graphics performance, graphics performance genuine, genuine graphics performance, graphics performance fake, fake graphics performance, graphics performance replica, replica graphics performance, graphics performance authentic, authentic graphics performance, graphics performance brand, brand graphics performance, graphics performance manufacturer, manufacturer graphics performance, graphics performance company, company graphics performance, graphics performance product, product graphics performance, graphics performance apple product, apple product graphics performance, graphics performance sell apple, sell apple graphics performance, graphics performance buy apple, buy apple graphics performance, graphics performance cheap apple, cheap apple graphics performance, graphics performance best apple, best apple graphics performance, graphics performance apple review, apple review graphics performance, graphics performance where to buy apple, where to buy apple graphics performance, graphics performance how to choose apple, how to choose apple graphics performance, graphics performance top apple, top apple graphics performance, graphics performance apple guide, apple guide graphics performance, graphics performance apple for sale, apple for sale graphics performance, graphics performance apple deals, apple deals graphics performance, portable ssd apple, apple portable ssd, portable ssd cheap, cheap portable ssd, portable ssd best, best portable ssd, portable ssd latest, latest portable ssd, portable ssd review, review portable ssd, portable ssd price, price portable ssd, portable ssd sell, sell portable ssd, portable ssd buy, buy portable ssd, portable ssd recommendation, recommendation portable ssd, portable ssd tips, tips portable ssd, portable ssd tutorial, tutorial portable ssd, portable ssd guide, guide portable ssd, portable ssd how to, how to portable ssd, portable ssd vs, vs portable ssd, portable ssd versus, versus portable ssd, portable ssd compared to, compared to portable ssd, portable ssd comparison, comparison portable ssd, portable ssd alternatives, alternatives portable ssd, portable ssd which is better, which is better portable ssd, portable ssd expensive, expensive portable ssd, portable ssd discount, discount portable ssd, portable ssd deals, deals portable ssd, portable ssd sale, sale portable ssd, portable ssd affordable, affordable portable ssd, portable ssd cost, cost portable ssd, portable ssd online, online portable ssd, portable ssd offline, offline portable ssd, portable ssd marketplace, marketplace portable ssd, portable ssd store, store portable ssd, portable ssd shop, shop portable ssd, portable ssd retailer, retailer portable ssd, portable ssd where to buy, where to buy portable ssd, portable ssd worst, worst portable ssd, portable ssd quality, quality portable ssd, portable ssd original, original portable ssd, portable ssd genuine, genuine portable ssd, portable ssd fake, fake portable ssd, portable ssd replica, replica portable ssd, portable ssd authentic, authentic portable ssd, portable ssd brand, brand portable ssd, portable ssd manufacturer, manufacturer portable ssd, portable ssd company, company portable ssd, portable ssd product, product portable ssd, portable ssd apple product, apple product portable ssd, portable ssd sell apple, sell apple portable ssd, portable ssd buy apple, buy apple portable ssd, portable ssd cheap apple, cheap apple portable ssd, portable ssd best apple, best apple portable ssd, portable ssd apple review, apple review portable ssd, portable ssd where to buy apple, where to buy apple portable ssd, portable ssd how to choose apple, how to choose apple portable ssd, portable ssd top apple, top apple portable ssd, portable ssd apple guide, apple guide portable ssd, portable ssd apple for sale, apple for sale portable ssd, portable ssd apple deals, apple deals portable ssd
2025-10-01 03:34:23,829 - INFO - Expanded 220 seed keywords to 385 variations
2025-10-01 03:34:23,829 - INFO - Language: en
2025-10-01 03:34:23,829 - INFO - Region: us
2025-10-01 03:36:32,382 - INFO - 🎯 After all filtering for 'apple': 120 relevant keywords
2025-10-01 03:36:32,564 - INFO - 🎯 Found 5 new keywords for niche 'apple': apple affordable graphics performance, apple affordable portable ssd, cheap alternatives portable ssd, best authentic portable ssd, how to brand portable ssd
2025-10-01 03:36:40,137 - INFO - ✅ Niche 'apple' process complete! 63 total keyword results.
2025-10-01 03:36:40,137 - INFO - ✅ Completed processing niche: 'apple'
2025-10-01 03:36:40,137 - INFO - 🔧 Request Handler final stats - Success rate: 100.0%
2025-10-01 03:36:40,137 - INFO -    Total requests: 16048, Blocks: 0
2025-10-01 03:36:40,138 - INFO - 
========================================
2025-10-01 03:36:40,139 - INFO - Process Summary:
2025-10-01 03:36:40,139 - INFO - - Current niche: 'apple'
2025-10-01 03:36:40,139 - INFO - - Next niche will be: 'sony'
2025-10-01 03:36:40,139 - INFO - - Keywords saved in: languages/english/keywords/apple/
2025-10-01 03:36:40,139 - INFO - ========================================
