2025-10-13 09:45:54,954 - INFO - Log file created at: /home/runner/work/potensitech.com/potensitech.com/languages/english/keywords/logs/kw_search_20251013_094554.log
2025-10-13 09:45:54,954 - INFO - ============================================================
2025-10-13 09:45:54,954 - INFO - AUTOMATIC KEYWORD RESEARCH TOOL
2025-10-13 09:45:54,954 - INFO - ============================================================
2025-10-13 09:45:55,149 - INFO - ========================================
2025-10-13 09:45:55,149 - INFO - Found 14 niches to process: xiaomi, iphone, samsung, apple, sony, asus, philips, sandisk, intel, nvidia, amd, canon, nikon, huawei
2025-10-13 09:45:55,149 - INFO - ========================================
2025-10-13 09:45:55,149 - INFO - All niches completed, starting over
2025-10-13 09:45:55,149 - INFO - ========================================
2025-10-13 09:45:55,149 - INFO - 🎯 PROCESSING NICHE 1/14: 'xiaomi'
2025-10-13 09:45:55,149 - INFO - ========================================
2025-10-13 09:45:55,149 - INFO - 📁 Niche directory: /home/runner/work/potensitech.com/potensitech.com/languages/english/keywords/xiaomi
2025-10-13 09:45:55,149 - INFO - Selected region: us
2025-10-13 09:45:55,149 - INFO - Selected language: en
2025-10-13 09:45:55,150 - INFO - 🎯 Current niche: xiaomi
2025-10-13 09:45:58,291 - INFO - 🎯 Niche terms for filtering: xiaomi, cheap, best, latest, review, price, sell, buy, recommendation, tips, tutorial, guide, how to, vs, versus, compared to, comparison, alternatives, which is better, expensive, discount, deals, sale, affordable, cost, online, offline, marketplace, store, shop, retailer, where to buy, worst, quality, original, genuine, fake, replica, authentic, brand, manufacturer, company, product, xiaomi product, sell xiaomi, buy xiaomi, cheap xiaomi, best xiaomi, xiaomi review, where to buy xiaomi, how to choose xiaomi, top xiaomi, xiaomi guide, xiaomi for sale, xiaomi deals
2025-10-13 09:45:58,292 - INFO - Generated 50 niche-clue pairs for 'xiaomi'.
2025-10-13 09:45:58,294 - INFO - Expanded 50 seed keywords to 218 variations
2025-10-13 09:45:58,295 - INFO - 🔧 Request Handler initialized - Success rate: 100.0%
2025-10-13 09:50:26,241 - INFO - Original clue keywords: battery life, smartphone camera
2025-10-13 09:50:26,242 - INFO - Niche-focused seeds: battery life xiaomi, xiaomi battery life, battery life cheap, cheap battery life, battery life best, best battery life, battery life latest, latest battery life, battery life review, review battery life, battery life price, price battery life, battery life sell, sell battery life, battery life buy, buy battery life, battery life recommendation, recommendation battery life, battery life tips, tips battery life, battery life tutorial, tutorial battery life, battery life guide, guide battery life, battery life how to, how to battery life, battery life vs, vs battery life, battery life versus, versus battery life, battery life compared to, compared to battery life, battery life comparison, comparison battery life, battery life alternatives, alternatives battery life, battery life which is better, which is better battery life, battery life expensive, expensive battery life, battery life discount, discount battery life, battery life deals, deals battery life, battery life sale, sale battery life, battery life affordable, affordable battery life, battery life cost, cost battery life, battery life online, online battery life, battery life offline, offline battery life, battery life marketplace, marketplace battery life, battery life store, store battery life, battery life shop, shop battery life, battery life retailer, retailer battery life, battery life where to buy, where to buy battery life, battery life worst, worst battery life, battery life quality, quality battery life, battery life original, original battery life, battery life genuine, genuine battery life, battery life fake, fake battery life, battery life replica, replica battery life, battery life authentic, authentic battery life, battery life brand, brand battery life, battery life manufacturer, manufacturer battery life, battery life company, company battery life, battery life product, product battery life, battery life xiaomi product, xiaomi product battery life, battery life sell xiaomi, sell xiaomi battery life, battery life buy xiaomi, buy xiaomi battery life, battery life cheap xiaomi, cheap xiaomi battery life, battery life best xiaomi, best xiaomi battery life, battery life xiaomi review, xiaomi review battery life, battery life where to buy xiaomi, where to buy xiaomi battery life, battery life how to choose xiaomi, how to choose xiaomi battery life, battery life top xiaomi, top xiaomi battery life, battery life xiaomi guide, xiaomi guide battery life, battery life xiaomi for sale, xiaomi for sale battery life, battery life xiaomi deals, xiaomi deals battery life, smartphone camera xiaomi, xiaomi smartphone camera, smartphone camera cheap, cheap smartphone camera, smartphone camera best, best smartphone camera, smartphone camera latest, latest smartphone camera, smartphone camera review, review smartphone camera, smartphone camera price, price smartphone camera, smartphone camera sell, sell smartphone camera, smartphone camera buy, buy smartphone camera, smartphone camera recommendation, recommendation smartphone camera, smartphone camera tips, tips smartphone camera, smartphone camera tutorial, tutorial smartphone camera, smartphone camera guide, guide smartphone camera, smartphone camera how to, how to smartphone camera, smartphone camera vs, vs smartphone camera, smartphone camera versus, versus smartphone camera, smartphone camera compared to, compared to smartphone camera, smartphone camera comparison, comparison smartphone camera, smartphone camera alternatives, alternatives smartphone camera, smartphone camera which is better, which is better smartphone camera, smartphone camera expensive, expensive smartphone camera, smartphone camera discount, discount smartphone camera, smartphone camera deals, deals smartphone camera, smartphone camera sale, sale smartphone camera, smartphone camera affordable, affordable smartphone camera, smartphone camera cost, cost smartphone camera, smartphone camera online, online smartphone camera, smartphone camera offline, offline smartphone camera, smartphone camera marketplace, marketplace smartphone camera, smartphone camera store, store smartphone camera, smartphone camera shop, shop smartphone camera, smartphone camera retailer, retailer smartphone camera, smartphone camera where to buy, where to buy smartphone camera, smartphone camera worst, worst smartphone camera, smartphone camera quality, quality smartphone camera, smartphone camera original, original smartphone camera, smartphone camera genuine, genuine smartphone camera, smartphone camera fake, fake smartphone camera, smartphone camera replica, replica smartphone camera, smartphone camera authentic, authentic smartphone camera, smartphone camera brand, brand smartphone camera, smartphone camera manufacturer, manufacturer smartphone camera, smartphone camera company, company smartphone camera, smartphone camera product, product smartphone camera, smartphone camera xiaomi product, xiaomi product smartphone camera, smartphone camera sell xiaomi, sell xiaomi smartphone camera, smartphone camera buy xiaomi, buy xiaomi smartphone camera, smartphone camera cheap xiaomi, cheap xiaomi smartphone camera, smartphone camera best xiaomi, best xiaomi smartphone camera, smartphone camera xiaomi review, xiaomi review smartphone camera, smartphone camera where to buy xiaomi, where to buy xiaomi smartphone camera, smartphone camera how to choose xiaomi, how to choose xiaomi smartphone camera, smartphone camera top xiaomi, top xiaomi smartphone camera, smartphone camera xiaomi guide, xiaomi guide smartphone camera, smartphone camera xiaomi for sale, xiaomi for sale smartphone camera, smartphone camera xiaomi deals, xiaomi deals smartphone camera
2025-10-13 09:50:26,245 - INFO - Expanded 220 seed keywords to 385 variations
2025-10-13 09:50:26,245 - INFO - Language: en
2025-10-13 09:50:26,245 - INFO - Region: us
2025-10-13 09:50:59,419 - INFO - 🎯 After all filtering for 'xiaomi': 120 relevant keywords
2025-10-13 09:50:59,770 - INFO - 🎯 Found 5 new keywords for niche 'xiaomi': xiaomi affordable battery life, xiaomi affordable smartphone camera, cheap alternatives battery life, best authentic battery life, how to battery life brand
2025-10-13 09:51:10,536 - INFO - ✅ Niche 'xiaomi' process complete! 121 total keyword results.
2025-10-13 09:51:10,537 - INFO - ✅ Completed processing niche: 'xiaomi'
2025-10-13 09:51:10,537 - INFO - 🔧 Request Handler final stats - Success rate: 100.0%
2025-10-13 09:51:10,537 - INFO -    Total requests: 24956, Blocks: 0
2025-10-13 09:51:10,538 - INFO - 
========================================
2025-10-13 09:51:10,538 - INFO - Process Summary:
2025-10-13 09:51:10,538 - INFO - - Current niche: 'xiaomi'
2025-10-13 09:51:10,538 - INFO - - Next niche will be: 'iphone'
2025-10-13 09:51:10,538 - INFO - - Keywords saved in: languages/english/keywords/xiaomi/
2025-10-13 09:51:10,538 - INFO - ========================================
