2025-11-16 02:12:02,939 - INFO - Log file created at: /home/runner/work/potensitech.com/potensitech.com/languages/english/keywords/logs/kw_search_20251116_021202.log
2025-11-16 02:12:02,939 - INFO - ============================================================
2025-11-16 02:12:02,939 - INFO - AUTOMATIC KEYWORD RESEARCH TOOL
2025-11-16 02:12:02,939 - INFO - ============================================================
2025-11-16 02:12:03,129 - INFO - ========================================
2025-11-16 02:12:03,129 - INFO - Found 14 niches to process: xiaomi, iphone, samsung, apple, sony, asus, philips, sandisk, intel, nvidia, amd, canon, nikon, huawei
2025-11-16 02:12:03,129 - INFO - ========================================
2025-11-16 02:12:03,129 - INFO - Continuing from last processed niche: amd
2025-11-16 02:12:03,129 - INFO - ========================================
2025-11-16 02:12:03,129 - INFO - 🎯 PROCESSING NICHE 12/14: 'canon'
2025-11-16 02:12:03,129 - INFO - ========================================
2025-11-16 02:12:03,129 - INFO - 📁 Niche directory: /home/runner/work/potensitech.com/potensitech.com/languages/english/keywords/canon
2025-11-16 02:12:03,130 - INFO - Selected region: us
2025-11-16 02:12:03,130 - INFO - Selected language: en
2025-11-16 02:12:03,130 - INFO - 🎯 Current niche: canon
2025-11-16 02:12:06,010 - INFO - 🎯 Niche terms for filtering: canon, cheap, best, latest, review, price, sell, buy, recommendation, tips, tutorial, guide, how to, vs, versus, compared to, comparison, alternatives, which is better, expensive, discount, deals, sale, affordable, cost, online, offline, marketplace, store, shop, retailer, where to buy, worst, quality, original, genuine, fake, replica, authentic, brand, manufacturer, company, product, canon product, sell canon, buy canon, cheap canon, best canon, canon review, where to buy canon, how to choose canon, top canon, canon guide, canon for sale, canon deals
2025-11-16 02:12:06,011 - INFO - Generated 50 niche-clue pairs for 'canon'.
2025-11-16 02:12:06,013 - INFO - Expanded 50 seed keywords to 218 variations
2025-11-16 02:12:06,014 - INFO - 🔧 Request Handler initialized - Success rate: 100.0%
2025-11-16 02:16:29,761 - INFO - Original clue keywords: dslr photography, mirrorless options
2025-11-16 02:16:29,761 - INFO - Niche-focused seeds: dslr photography canon, canon dslr photography, dslr photography cheap, cheap dslr photography, dslr photography best, best dslr photography, dslr photography latest, latest dslr photography, dslr photography review, review dslr photography, dslr photography price, price dslr photography, dslr photography sell, sell dslr photography, dslr photography buy, buy dslr photography, dslr photography recommendation, recommendation dslr photography, dslr photography tips, tips dslr photography, dslr photography tutorial, tutorial dslr photography, dslr photography guide, guide dslr photography, dslr photography how to, how to dslr photography, dslr photography vs, vs dslr photography, dslr photography versus, versus dslr photography, dslr photography compared to, compared to dslr photography, dslr photography comparison, comparison dslr photography, dslr photography alternatives, alternatives dslr photography, dslr photography which is better, which is better dslr photography, dslr photography expensive, expensive dslr photography, dslr photography discount, discount dslr photography, dslr photography deals, deals dslr photography, dslr photography sale, sale dslr photography, dslr photography affordable, affordable dslr photography, dslr photography cost, cost dslr photography, dslr photography online, online dslr photography, dslr photography offline, offline dslr photography, dslr photography marketplace, marketplace dslr photography, dslr photography store, store dslr photography, dslr photography shop, shop dslr photography, dslr photography retailer, retailer dslr photography, dslr photography where to buy, where to buy dslr photography, dslr photography worst, worst dslr photography, dslr photography quality, quality dslr photography, dslr photography original, original dslr photography, dslr photography genuine, genuine dslr photography, dslr photography fake, fake dslr photography, dslr photography replica, replica dslr photography, dslr photography authentic, authentic dslr photography, dslr photography brand, brand dslr photography, dslr photography manufacturer, manufacturer dslr photography, dslr photography company, company dslr photography, dslr photography product, product dslr photography, dslr photography canon product, canon product dslr photography, dslr photography sell canon, sell canon dslr photography, dslr photography buy canon, buy canon dslr photography, dslr photography cheap canon, cheap canon dslr photography, dslr photography best canon, best canon dslr photography, dslr photography canon review, canon review dslr photography, dslr photography where to buy canon, where to buy canon dslr photography, dslr photography how to choose canon, how to choose canon dslr photography, dslr photography top canon, top canon dslr photography, dslr photography canon guide, canon guide dslr photography, dslr photography canon for sale, canon for sale dslr photography, dslr photography canon deals, canon deals dslr photography, mirrorless options canon, canon mirrorless options, mirrorless options cheap, cheap mirrorless options, mirrorless options best, best mirrorless options, mirrorless options latest, latest mirrorless options, mirrorless options review, review mirrorless options, mirrorless options price, price mirrorless options, mirrorless options sell, sell mirrorless options, mirrorless options buy, buy mirrorless options, mirrorless options recommendation, recommendation mirrorless options, mirrorless options tips, tips mirrorless options, mirrorless options tutorial, tutorial mirrorless options, mirrorless options guide, guide mirrorless options, mirrorless options how to, how to mirrorless options, mirrorless options vs, vs mirrorless options, mirrorless options versus, versus mirrorless options, mirrorless options compared to, compared to mirrorless options, mirrorless options comparison, comparison mirrorless options, mirrorless options alternatives, alternatives mirrorless options, mirrorless options which is better, which is better mirrorless options, mirrorless options expensive, expensive mirrorless options, mirrorless options discount, discount mirrorless options, mirrorless options deals, deals mirrorless options, mirrorless options sale, sale mirrorless options, mirrorless options affordable, affordable mirrorless options, mirrorless options cost, cost mirrorless options, mirrorless options online, online mirrorless options, mirrorless options offline, offline mirrorless options, mirrorless options marketplace, marketplace mirrorless options, mirrorless options store, store mirrorless options, mirrorless options shop, shop mirrorless options, mirrorless options retailer, retailer mirrorless options, mirrorless options where to buy, where to buy mirrorless options, mirrorless options worst, worst mirrorless options, mirrorless options quality, quality mirrorless options, mirrorless options original, original mirrorless options, mirrorless options genuine, genuine mirrorless options, mirrorless options fake, fake mirrorless options, mirrorless options replica, replica mirrorless options, mirrorless options authentic, authentic mirrorless options, mirrorless options brand, brand mirrorless options, mirrorless options manufacturer, manufacturer mirrorless options, mirrorless options company, company mirrorless options, mirrorless options product, product mirrorless options, mirrorless options canon product, canon product mirrorless options, mirrorless options sell canon, sell canon mirrorless options, mirrorless options buy canon, buy canon mirrorless options, mirrorless options cheap canon, cheap canon mirrorless options, mirrorless options best canon, best canon mirrorless options, mirrorless options canon review, canon review mirrorless options, mirrorless options where to buy canon, where to buy canon mirrorless options, mirrorless options how to choose canon, how to choose canon mirrorless options, mirrorless options top canon, top canon mirrorless options, mirrorless options canon guide, canon guide mirrorless options, mirrorless options canon for sale, canon for sale mirrorless options, mirrorless options canon deals, canon deals mirrorless options
2025-11-16 02:16:29,764 - INFO - Expanded 220 seed keywords to 385 variations
2025-11-16 02:16:29,764 - INFO - Language: en
2025-11-16 02:16:29,764 - INFO - Region: us
2025-11-16 02:17:12,558 - INFO - 🎯 After all filtering for 'canon': 120 relevant keywords
2025-11-16 02:17:13,000 - INFO - 🎯 Found 5 new keywords for niche 'canon': canon affordable dslr photography, canon affordable mirrorless options, cheap alternatives mirrorless options, best authentic mirrorless options, how to brand mirrorless options
2025-11-16 02:17:20,375 - INFO - ✅ Niche 'canon' process complete! 220 total keyword results.
2025-11-16 02:17:20,375 - INFO - ✅ Completed processing niche: 'canon'
2025-11-16 02:17:20,375 - INFO - 🔧 Request Handler final stats - Success rate: 100.0%
2025-11-16 02:17:20,375 - INFO -    Total requests: 43496, Blocks: 0
2025-11-16 02:17:20,376 - INFO - 
========================================
2025-11-16 02:17:20,377 - INFO - Process Summary:
2025-11-16 02:17:20,377 - INFO - - Current niche: 'canon'
2025-11-16 02:17:20,377 - INFO - - Next niche will be: 'nikon'
2025-11-16 02:17:20,377 - INFO - - Keywords saved in: languages/english/keywords/canon/
2025-11-16 02:17:20,377 - INFO - ========================================
