2025-11-06 04:56:29,857 - INFO - Log file created at: /home/runner/work/potensitech.com/potensitech.com/languages/english/keywords/logs/kw_search_20251106_045629.log
2025-11-06 04:56:29,857 - INFO - ============================================================
2025-11-06 04:56:29,857 - INFO - AUTOMATIC KEYWORD RESEARCH TOOL
2025-11-06 04:56:29,857 - INFO - ============================================================
2025-11-06 04:56:30,036 - INFO - ========================================
2025-11-06 04:56:30,036 - INFO - Found 14 niches to process: xiaomi, iphone, samsung, apple, sony, asus, philips, sandisk, intel, nvidia, amd, canon, nikon, huawei
2025-11-06 04:56:30,036 - INFO - ========================================
2025-11-06 04:56:30,036 - INFO - Continuing from last processed niche: amd
2025-11-06 04:56:30,036 - INFO - ========================================
2025-11-06 04:56:30,036 - INFO - 🎯 PROCESSING NICHE 12/14: 'canon'
2025-11-06 04:56:30,036 - INFO - ========================================
2025-11-06 04:56:30,036 - INFO - 📁 Niche directory: /home/runner/work/potensitech.com/potensitech.com/languages/english/keywords/canon
2025-11-06 04:56:30,037 - INFO - Selected region: us
2025-11-06 04:56:30,037 - INFO - Selected language: en
2025-11-06 04:56:30,037 - INFO - 🎯 Current niche: canon
2025-11-06 04:56:33,048 - INFO - 🎯 Niche terms for filtering: canon, cheap, best, latest, review, price, sell, buy, recommendation, tips, tutorial, guide, how to, vs, versus, compared to, comparison, alternatives, which is better, expensive, discount, deals, sale, affordable, cost, online, offline, marketplace, store, shop, retailer, where to buy, worst, quality, original, genuine, fake, replica, authentic, brand, manufacturer, company, product, canon product, sell canon, buy canon, cheap canon, best canon, canon review, where to buy canon, how to choose canon, top canon, canon guide, canon for sale, canon deals
2025-11-06 04:56:33,048 - INFO - Generated 50 niche-clue pairs for 'canon'.
2025-11-06 04:56:33,051 - INFO - Expanded 50 seed keywords to 218 variations
2025-11-06 04:56:33,052 - INFO - 🔧 Request Handler initialized - Success rate: 100.0%
2025-11-06 05:00:55,042 - INFO - Original clue keywords: gpu performance, processor speed
2025-11-06 05:00:55,042 - INFO - Niche-focused seeds: gpu performance canon, canon gpu performance, gpu performance cheap, cheap gpu performance, gpu performance best, best gpu performance, gpu performance latest, latest gpu performance, gpu performance review, review gpu performance, gpu performance price, price gpu performance, gpu performance sell, sell gpu performance, gpu performance buy, buy gpu performance, gpu performance recommendation, recommendation gpu performance, gpu performance tips, tips gpu performance, gpu performance tutorial, tutorial gpu performance, gpu performance guide, guide gpu performance, gpu performance how to, how to gpu performance, gpu performance vs, vs gpu performance, gpu performance versus, versus gpu performance, gpu performance compared to, compared to gpu performance, gpu performance comparison, comparison gpu performance, gpu performance alternatives, alternatives gpu performance, gpu performance which is better, which is better gpu performance, gpu performance expensive, expensive gpu performance, gpu performance discount, discount gpu performance, gpu performance deals, deals gpu performance, gpu performance sale, sale gpu performance, gpu performance affordable, affordable gpu performance, gpu performance cost, cost gpu performance, gpu performance online, online gpu performance, gpu performance offline, offline gpu performance, gpu performance marketplace, marketplace gpu performance, gpu performance store, store gpu performance, gpu performance shop, shop gpu performance, gpu performance retailer, retailer gpu performance, gpu performance where to buy, where to buy gpu performance, gpu performance worst, worst gpu performance, gpu performance quality, quality gpu performance, gpu performance original, original gpu performance, gpu performance genuine, genuine gpu performance, gpu performance fake, fake gpu performance, gpu performance replica, replica gpu performance, gpu performance authentic, authentic gpu performance, gpu performance brand, brand gpu performance, gpu performance manufacturer, manufacturer gpu performance, gpu performance company, company gpu performance, gpu performance product, product gpu performance, gpu performance canon product, canon product gpu performance, gpu performance sell canon, sell canon gpu performance, gpu performance buy canon, buy canon gpu performance, gpu performance cheap canon, cheap canon gpu performance, gpu performance best canon, best canon gpu performance, gpu performance canon review, canon review gpu performance, gpu performance where to buy canon, where to buy canon gpu performance, gpu performance how to choose canon, how to choose canon gpu performance, gpu performance top canon, top canon gpu performance, gpu performance canon guide, canon guide gpu performance, gpu performance canon for sale, canon for sale gpu performance, gpu performance canon deals, canon deals gpu performance, processor speed canon, canon processor speed, processor speed cheap, cheap processor speed, processor speed best, best processor speed, processor speed latest, latest processor speed, processor speed review, review processor speed, processor speed price, price processor speed, processor speed sell, sell processor speed, processor speed buy, buy processor speed, processor speed recommendation, recommendation processor speed, processor speed tips, tips processor speed, processor speed tutorial, tutorial processor speed, processor speed guide, guide processor speed, processor speed how to, how to processor speed, processor speed vs, vs processor speed, processor speed versus, versus processor speed, processor speed compared to, compared to processor speed, processor speed comparison, comparison processor speed, processor speed alternatives, alternatives processor speed, processor speed which is better, which is better processor speed, processor speed expensive, expensive processor speed, processor speed discount, discount processor speed, processor speed deals, deals processor speed, processor speed sale, sale processor speed, processor speed affordable, affordable processor speed, processor speed cost, cost processor speed, processor speed online, online processor speed, processor speed offline, offline processor speed, processor speed marketplace, marketplace processor speed, processor speed store, store processor speed, processor speed shop, shop processor speed, processor speed retailer, retailer processor speed, processor speed where to buy, where to buy processor speed, processor speed worst, worst processor speed, processor speed quality, quality processor speed, processor speed original, original processor speed, processor speed genuine, genuine processor speed, processor speed fake, fake processor speed, processor speed replica, replica processor speed, processor speed authentic, authentic processor speed, processor speed brand, brand processor speed, processor speed manufacturer, manufacturer processor speed, processor speed company, company processor speed, processor speed product, product processor speed, processor speed canon product, canon product processor speed, processor speed sell canon, sell canon processor speed, processor speed buy canon, buy canon processor speed, processor speed cheap canon, cheap canon processor speed, processor speed best canon, best canon processor speed, processor speed canon review, canon review processor speed, processor speed where to buy canon, where to buy canon processor speed, processor speed how to choose canon, how to choose canon processor speed, processor speed top canon, top canon processor speed, processor speed canon guide, canon guide processor speed, processor speed canon for sale, canon for sale processor speed, processor speed canon deals, canon deals processor speed
2025-11-06 05:00:55,046 - INFO - Expanded 220 seed keywords to 385 variations
2025-11-06 05:00:55,046 - INFO - Language: en
2025-11-06 05:00:55,046 - INFO - Region: us
2025-11-06 05:01:30,146 - INFO - 🎯 After all filtering for 'canon': 120 relevant keywords
2025-11-06 05:01:30,495 - INFO - 🎯 Found 5 new keywords for niche 'canon': canon affordable gpu performance, canon affordable processor speed, cheap alternatives gpu performance, cheap alternatives processor speed, best authentic gpu performance
2025-11-06 05:01:39,150 - INFO - ✅ Niche 'canon' process complete! 183 total keyword results.
2025-11-06 05:01:39,151 - INFO - ✅ Completed processing niche: 'canon'
2025-11-06 05:01:39,151 - INFO - 🔧 Request Handler final stats - Success rate: 100.0%
2025-11-06 05:01:39,151 - INFO -    Total requests: 36732, Blocks: 0
2025-11-06 05:01:39,152 - INFO - 
========================================
2025-11-06 05:01:39,152 - INFO - Process Summary:
2025-11-06 05:01:39,152 - INFO - - Current niche: 'canon'
2025-11-06 05:01:39,152 - INFO - - Next niche will be: 'nikon'
2025-11-06 05:01:39,152 - INFO - - Keywords saved in: languages/english/keywords/canon/
2025-11-06 05:01:39,153 - INFO - ========================================
