2025-09-28 03:26:24,929 - INFO - Log file created at: /home/runner/work/potensitech.com/potensitech.com/languages/english/keywords/logs/kw_search_20250928_032624.log
2025-09-28 03:26:24,929 - INFO - ============================================================
2025-09-28 03:26:24,929 - INFO - AUTOMATIC KEYWORD RESEARCH TOOL
2025-09-28 03:26:24,929 - INFO - ============================================================
2025-09-28 03:26:25,044 - INFO - ========================================
2025-09-28 03:26:25,044 - INFO - Found 14 niches to process: xiaomi, iphone, samsung, apple, sony, asus, philips, sandisk, intel, nvidia, amd, canon, nikon, huawei
2025-09-28 03:26:25,044 - INFO - ========================================
2025-09-28 03:26:25,045 - INFO - Continuing from last processed niche: xiaomi
2025-09-28 03:26:25,045 - INFO - ========================================
2025-09-28 03:26:25,045 - INFO - 🎯 PROCESSING NICHE 2/14: 'iphone'
2025-09-28 03:26:25,045 - INFO - ========================================
2025-09-28 03:26:25,045 - INFO - 📁 Niche directory: /home/runner/work/potensitech.com/potensitech.com/languages/english/keywords/iphone
2025-09-28 03:26:25,045 - INFO - Selected region: us
2025-09-28 03:26:25,045 - INFO - Selected language: en
2025-09-28 03:26:25,045 - INFO - 🎯 Current niche: iphone
2025-09-28 03:26:27,619 - INFO - 🎯 Niche terms for filtering: iphone, cheap, best, latest, review, price, sell, buy, recommendation, tips, tutorial, guide, how to, vs, versus, compared to, comparison, alternatives, which is better, expensive, discount, deals, sale, affordable, cost, online, offline, marketplace, store, shop, retailer, where to buy, worst, quality, original, genuine, fake, replica, authentic, brand, manufacturer, company, product, iphone product, sell iphone, buy iphone, cheap iphone, best iphone, iphone review, where to buy iphone, how to choose iphone, top iphone, iphone guide, iphone for sale, iphone deals
2025-09-28 03:26:27,620 - INFO - Generated 50 niche-clue pairs for 'iphone'.
2025-09-28 03:26:27,623 - INFO - Expanded 50 seed keywords to 218 variations
2025-09-28 03:26:27,623 - INFO - 🔧 Request Handler initialized - Success rate: 100.0%
2025-09-28 03:30:52,174 - INFO - Original clue keywords: autofocus speed, graphics performance
2025-09-28 03:30:52,174 - INFO - Niche-focused seeds: autofocus speed iphone, iphone autofocus speed, autofocus speed cheap, cheap autofocus speed, autofocus speed best, best autofocus speed, autofocus speed latest, latest autofocus speed, autofocus speed review, review autofocus speed, autofocus speed price, price autofocus speed, autofocus speed sell, sell autofocus speed, autofocus speed buy, buy autofocus speed, autofocus speed recommendation, recommendation autofocus speed, autofocus speed tips, tips autofocus speed, autofocus speed tutorial, tutorial autofocus speed, autofocus speed guide, guide autofocus speed, autofocus speed how to, how to autofocus speed, autofocus speed vs, vs autofocus speed, autofocus speed versus, versus autofocus speed, autofocus speed compared to, compared to autofocus speed, autofocus speed comparison, comparison autofocus speed, autofocus speed alternatives, alternatives autofocus speed, autofocus speed which is better, which is better autofocus speed, autofocus speed expensive, expensive autofocus speed, autofocus speed discount, discount autofocus speed, autofocus speed deals, deals autofocus speed, autofocus speed sale, sale autofocus speed, autofocus speed affordable, affordable autofocus speed, autofocus speed cost, cost autofocus speed, autofocus speed online, online autofocus speed, autofocus speed offline, offline autofocus speed, autofocus speed marketplace, marketplace autofocus speed, autofocus speed store, store autofocus speed, autofocus speed shop, shop autofocus speed, autofocus speed retailer, retailer autofocus speed, autofocus speed where to buy, where to buy autofocus speed, autofocus speed worst, worst autofocus speed, autofocus speed quality, quality autofocus speed, autofocus speed original, original autofocus speed, autofocus speed genuine, genuine autofocus speed, autofocus speed fake, fake autofocus speed, autofocus speed replica, replica autofocus speed, autofocus speed authentic, authentic autofocus speed, autofocus speed brand, brand autofocus speed, autofocus speed manufacturer, manufacturer autofocus speed, autofocus speed company, company autofocus speed, autofocus speed product, product autofocus speed, autofocus speed iphone product, iphone product autofocus speed, autofocus speed sell iphone, sell iphone autofocus speed, autofocus speed buy iphone, buy iphone autofocus speed, autofocus speed cheap iphone, cheap iphone autofocus speed, autofocus speed best iphone, best iphone autofocus speed, autofocus speed iphone review, iphone review autofocus speed, autofocus speed where to buy iphone, where to buy iphone autofocus speed, autofocus speed how to choose iphone, how to choose iphone autofocus speed, autofocus speed top iphone, top iphone autofocus speed, autofocus speed iphone guide, iphone guide autofocus speed, autofocus speed iphone for sale, iphone for sale autofocus speed, autofocus speed iphone deals, iphone deals autofocus speed, graphics performance iphone, iphone graphics performance, graphics performance cheap, cheap graphics performance, graphics performance best, best graphics performance, graphics performance latest, latest graphics performance, graphics performance review, review graphics performance, graphics performance price, price graphics performance, graphics performance sell, sell graphics performance, graphics performance buy, buy graphics performance, graphics performance recommendation, recommendation graphics performance, graphics performance tips, tips graphics performance, graphics performance tutorial, tutorial graphics performance, graphics performance guide, guide graphics performance, graphics performance how to, how to graphics performance, graphics performance vs, vs graphics performance, graphics performance versus, versus graphics performance, graphics performance compared to, compared to graphics performance, graphics performance comparison, comparison graphics performance, graphics performance alternatives, alternatives graphics performance, graphics performance which is better, which is better graphics performance, graphics performance expensive, expensive graphics performance, graphics performance discount, discount graphics performance, graphics performance deals, deals graphics performance, graphics performance sale, sale graphics performance, graphics performance affordable, affordable graphics performance, graphics performance cost, cost graphics performance, graphics performance online, online graphics performance, graphics performance offline, offline graphics performance, graphics performance marketplace, marketplace graphics performance, graphics performance store, store graphics performance, graphics performance shop, shop graphics performance, graphics performance retailer, retailer graphics performance, graphics performance where to buy, where to buy graphics performance, graphics performance worst, worst graphics performance, graphics performance quality, quality graphics performance, graphics performance original, original graphics performance, graphics performance genuine, genuine graphics performance, graphics performance fake, fake graphics performance, graphics performance replica, replica graphics performance, graphics performance authentic, authentic graphics performance, graphics performance brand, brand graphics performance, graphics performance manufacturer, manufacturer graphics performance, graphics performance company, company graphics performance, graphics performance product, product graphics performance, graphics performance iphone product, iphone product graphics performance, graphics performance sell iphone, sell iphone graphics performance, graphics performance buy iphone, buy iphone graphics performance, graphics performance cheap iphone, cheap iphone graphics performance, graphics performance best iphone, best iphone graphics performance, graphics performance iphone review, iphone review graphics performance, graphics performance where to buy iphone, where to buy iphone graphics performance, graphics performance how to choose iphone, how to choose iphone graphics performance, graphics performance top iphone, top iphone graphics performance, graphics performance iphone guide, iphone guide graphics performance, graphics performance iphone for sale, iphone for sale graphics performance, graphics performance iphone deals, iphone deals graphics performance
2025-09-28 03:30:52,178 - INFO - Expanded 220 seed keywords to 385 variations
2025-09-28 03:30:52,178 - INFO - Language: en
2025-09-28 03:30:52,178 - INFO - Region: us
2025-09-28 03:32:05,174 - INFO - 🎯 After all filtering for 'iphone': 120 relevant keywords
2025-09-28 03:32:05,576 - INFO - 🎯 Found 4 new keywords for niche 'iphone': iphone affordable autofocus speed, iphone affordable graphics performance, cheap alternatives graphics performance, best authentic graphics performance
2025-09-28 03:32:14,408 - INFO - ✅ Niche 'iphone' process complete! 94 total keyword results.
2025-09-28 03:32:14,408 - INFO - ✅ Completed processing niche: 'iphone'
2025-09-28 03:32:14,408 - INFO - 🔧 Request Handler final stats - Success rate: 100.0%
2025-09-28 03:32:14,408 - INFO -    Total requests: 14000, Blocks: 0
2025-09-28 03:32:14,409 - INFO - 
========================================
2025-09-28 03:32:14,410 - INFO - Process Summary:
2025-09-28 03:32:14,410 - INFO - - Current niche: 'iphone'
2025-09-28 03:32:14,410 - INFO - - Next niche will be: 'samsung'
2025-09-28 03:32:14,410 - INFO - - Keywords saved in: languages/english/keywords/iphone/
2025-09-28 03:32:14,410 - INFO - ========================================
