2025-10-04 09:39:39,617 - INFO - Log file created at: /home/runner/work/potensitech.com/potensitech.com/languages/english/keywords/logs/kw_search_20251004_093939.log
2025-10-04 09:39:39,617 - INFO - ============================================================
2025-10-04 09:39:39,617 - INFO - AUTOMATIC KEYWORD RESEARCH TOOL
2025-10-04 09:39:39,617 - INFO - ============================================================
2025-10-04 09:39:39,741 - INFO - ========================================
2025-10-04 09:39:39,742 - INFO - Found 14 niches to process: xiaomi, iphone, samsung, apple, sony, asus, philips, sandisk, intel, nvidia, amd, canon, nikon, huawei
2025-10-04 09:39:39,742 - INFO - ========================================
2025-10-04 09:39:39,742 - INFO - Continuing from last processed niche: sandisk
2025-10-04 09:39:39,742 - INFO - ========================================
2025-10-04 09:39:39,742 - INFO - 🎯 PROCESSING NICHE 9/14: 'intel'
2025-10-04 09:39:39,742 - INFO - ========================================
2025-10-04 09:39:39,742 - INFO - 📁 Niche directory: /home/runner/work/potensitech.com/potensitech.com/languages/english/keywords/intel
2025-10-04 09:39:39,742 - INFO - Selected region: us
2025-10-04 09:39:39,742 - INFO - Selected language: en
2025-10-04 09:39:39,742 - INFO - 🎯 Current niche: intel
2025-10-04 09:39:42,794 - INFO - 🎯 Niche terms for filtering: intel, cheap, best, latest, review, price, sell, buy, recommendation, tips, tutorial, guide, how to, vs, versus, compared to, comparison, alternatives, which is better, expensive, discount, deals, sale, affordable, cost, online, offline, marketplace, store, shop, retailer, where to buy, worst, quality, original, genuine, fake, replica, authentic, brand, manufacturer, company, product, intel product, sell intel, buy intel, cheap intel, best intel, intel review, where to buy intel, how to choose intel, top intel, intel guide, intel for sale, intel deals
2025-10-04 09:39:42,795 - INFO - Generated 50 niche-clue pairs for 'intel'.
2025-10-04 09:39:42,798 - INFO - Expanded 50 seed keywords to 218 variations
2025-10-04 09:39:42,798 - INFO - 🔧 Request Handler initialized - Success rate: 100.0%
2025-10-04 09:44:07,812 - INFO - Original clue keywords: chipset upgrade, core technology
2025-10-04 09:44:07,812 - INFO - Niche-focused seeds: chipset upgrade intel, intel chipset upgrade, chipset upgrade cheap, cheap chipset upgrade, chipset upgrade best, best chipset upgrade, chipset upgrade latest, latest chipset upgrade, chipset upgrade review, review chipset upgrade, chipset upgrade price, price chipset upgrade, chipset upgrade sell, sell chipset upgrade, chipset upgrade buy, buy chipset upgrade, chipset upgrade recommendation, recommendation chipset upgrade, chipset upgrade tips, tips chipset upgrade, chipset upgrade tutorial, tutorial chipset upgrade, chipset upgrade guide, guide chipset upgrade, chipset upgrade how to, how to chipset upgrade, chipset upgrade vs, vs chipset upgrade, chipset upgrade versus, versus chipset upgrade, chipset upgrade compared to, compared to chipset upgrade, chipset upgrade comparison, comparison chipset upgrade, chipset upgrade alternatives, alternatives chipset upgrade, chipset upgrade which is better, which is better chipset upgrade, chipset upgrade expensive, expensive chipset upgrade, chipset upgrade discount, discount chipset upgrade, chipset upgrade deals, deals chipset upgrade, chipset upgrade sale, sale chipset upgrade, chipset upgrade affordable, affordable chipset upgrade, chipset upgrade cost, cost chipset upgrade, chipset upgrade online, online chipset upgrade, chipset upgrade offline, offline chipset upgrade, chipset upgrade marketplace, marketplace chipset upgrade, chipset upgrade store, store chipset upgrade, chipset upgrade shop, shop chipset upgrade, chipset upgrade retailer, retailer chipset upgrade, chipset upgrade where to buy, where to buy chipset upgrade, chipset upgrade worst, worst chipset upgrade, chipset upgrade quality, quality chipset upgrade, chipset upgrade original, original chipset upgrade, chipset upgrade genuine, genuine chipset upgrade, chipset upgrade fake, fake chipset upgrade, chipset upgrade replica, replica chipset upgrade, chipset upgrade authentic, authentic chipset upgrade, chipset upgrade brand, brand chipset upgrade, chipset upgrade manufacturer, manufacturer chipset upgrade, chipset upgrade company, company chipset upgrade, chipset upgrade product, product chipset upgrade, chipset upgrade intel product, intel product chipset upgrade, chipset upgrade sell intel, sell intel chipset upgrade, chipset upgrade buy intel, buy intel chipset upgrade, chipset upgrade cheap intel, cheap intel chipset upgrade, chipset upgrade best intel, best intel chipset upgrade, chipset upgrade intel review, intel review chipset upgrade, chipset upgrade where to buy intel, where to buy intel chipset upgrade, chipset upgrade how to choose intel, how to choose intel chipset upgrade, chipset upgrade top intel, top intel chipset upgrade, chipset upgrade intel guide, intel guide chipset upgrade, chipset upgrade intel for sale, intel for sale chipset upgrade, chipset upgrade intel deals, intel deals chipset upgrade, core technology intel, intel core technology, core technology cheap, cheap core technology, core technology best, best core technology, core technology latest, latest core technology, core technology review, review core technology, core technology price, price core technology, core technology sell, sell core technology, core technology buy, buy core technology, core technology recommendation, recommendation core technology, core technology tips, tips core technology, core technology tutorial, tutorial core technology, core technology guide, guide core technology, core technology how to, how to core technology, core technology vs, vs core technology, core technology versus, versus core technology, core technology compared to, compared to core technology, core technology comparison, comparison core technology, core technology alternatives, alternatives core technology, core technology which is better, which is better core technology, core technology expensive, expensive core technology, core technology discount, discount core technology, core technology deals, deals core technology, core technology sale, sale core technology, core technology affordable, affordable core technology, core technology cost, cost core technology, core technology online, online core technology, core technology offline, offline core technology, core technology marketplace, marketplace core technology, core technology store, store core technology, core technology shop, shop core technology, core technology retailer, retailer core technology, core technology where to buy, where to buy core technology, core technology worst, worst core technology, core technology quality, quality core technology, core technology original, original core technology, core technology genuine, genuine core technology, core technology fake, fake core technology, core technology replica, replica core technology, core technology authentic, authentic core technology, core technology brand, brand core technology, core technology manufacturer, manufacturer core technology, core technology company, company core technology, core technology product, product core technology, core technology intel product, intel product core technology, core technology sell intel, sell intel core technology, core technology buy intel, buy intel core technology, core technology cheap intel, cheap intel core technology, core technology best intel, best intel core technology, core technology intel review, intel review core technology, core technology where to buy intel, where to buy intel core technology, core technology how to choose intel, how to choose intel core technology, core technology top intel, top intel core technology, core technology intel guide, intel guide core technology, core technology intel for sale, intel for sale core technology, core technology intel deals, intel deals core technology
2025-10-04 09:44:07,815 - INFO - Expanded 220 seed keywords to 385 variations
2025-10-04 09:44:07,815 - INFO - Language: en
2025-10-04 09:44:07,815 - INFO - Region: us
2025-10-04 09:48:41,297 - INFO - 🎯 After all filtering for 'intel': 120 relevant keywords
2025-10-04 09:48:41,475 - INFO - 🎯 Found 5 new keywords for niche 'intel': intel affordable chipset upgrade, intel affordable core technology, cheap alternatives chipset upgrade, cheap alternatives core technology, best authentic chipset upgrade
2025-10-04 09:48:47,133 - INFO - ✅ Niche 'intel' process complete! 99 total keyword results.
2025-10-04 09:48:47,133 - INFO - ✅ Completed processing niche: 'intel'
2025-10-04 09:48:47,133 - INFO - 🔧 Request Handler final stats - Success rate: 100.0%
2025-10-04 09:48:47,133 - INFO -    Total requests: 18498, Blocks: 0
2025-10-04 09:48:47,135 - INFO - 
========================================
2025-10-04 09:48:47,135 - INFO - Process Summary:
2025-10-04 09:48:47,135 - INFO - - Current niche: 'intel'
2025-10-04 09:48:47,135 - INFO - - Next niche will be: 'nvidia'
2025-10-04 09:48:47,135 - INFO - - Keywords saved in: languages/english/keywords/intel/
2025-10-04 09:48:47,135 - INFO - ========================================
