2025-10-09 09:43:00,316 - INFO - Log file created at: /home/runner/work/potensitech.com/potensitech.com/languages/english/keywords/logs/kw_search_20251009_094300.log
2025-10-09 09:43:00,316 - INFO - ============================================================
2025-10-09 09:43:00,316 - INFO - AUTOMATIC KEYWORD RESEARCH TOOL
2025-10-09 09:43:00,316 - INFO - ============================================================
2025-10-09 09:43:00,463 - INFO - ========================================
2025-10-09 09:43:00,463 - INFO - Found 14 niches to process: xiaomi, iphone, samsung, apple, sony, asus, philips, sandisk, intel, nvidia, amd, canon, nikon, huawei
2025-10-09 09:43:00,463 - INFO - ========================================
2025-10-09 09:43:00,463 - INFO - Continuing from last processed niche: iphone
2025-10-09 09:43:00,463 - INFO - ========================================
2025-10-09 09:43:00,463 - INFO - 🎯 PROCESSING NICHE 3/14: 'samsung'
2025-10-09 09:43:00,463 - INFO - ========================================
2025-10-09 09:43:00,464 - INFO - 📁 Niche directory: /home/runner/work/potensitech.com/potensitech.com/languages/english/keywords/samsung
2025-10-09 09:43:00,464 - INFO - Selected region: us
2025-10-09 09:43:00,464 - INFO - Selected language: en
2025-10-09 09:43:00,464 - INFO - 🎯 Current niche: samsung
2025-10-09 09:43:02,837 - INFO - 🎯 Niche terms for filtering: samsung, cheap, best, latest, review, price, sell, buy, recommendation, tips, tutorial, guide, how to, vs, versus, compared to, comparison, alternatives, which is better, expensive, discount, deals, sale, affordable, cost, online, offline, marketplace, store, shop, retailer, where to buy, worst, quality, original, genuine, fake, replica, authentic, brand, manufacturer, company, product, samsung product, sell samsung, buy samsung, cheap samsung, best samsung, samsung review, where to buy samsung, how to choose samsung, top samsung, samsung guide, samsung for sale, samsung deals
2025-10-09 09:43:02,838 - INFO - Generated 50 niche-clue pairs for 'samsung'.
2025-10-09 09:43:02,841 - INFO - Expanded 50 seed keywords to 218 variations
2025-10-09 09:43:02,841 - INFO - 🔧 Request Handler initialized - Success rate: 100.0%
2025-10-09 09:47:26,262 - INFO - Original clue keywords: performance boost, storage capacity
2025-10-09 09:47:26,262 - INFO - Niche-focused seeds: performance boost samsung, samsung performance boost, performance boost cheap, cheap performance boost, performance boost best, best performance boost, performance boost latest, latest performance boost, performance boost review, review performance boost, performance boost price, price performance boost, performance boost sell, sell performance boost, performance boost buy, buy performance boost, performance boost recommendation, recommendation performance boost, performance boost tips, tips performance boost, performance boost tutorial, tutorial performance boost, performance boost guide, guide performance boost, performance boost how to, how to performance boost, performance boost vs, vs performance boost, performance boost versus, versus performance boost, performance boost compared to, compared to performance boost, performance boost comparison, comparison performance boost, performance boost alternatives, alternatives performance boost, performance boost which is better, which is better performance boost, performance boost expensive, expensive performance boost, performance boost discount, discount performance boost, performance boost deals, deals performance boost, performance boost sale, sale performance boost, performance boost affordable, affordable performance boost, performance boost cost, cost performance boost, performance boost online, online performance boost, performance boost offline, offline performance boost, performance boost marketplace, marketplace performance boost, performance boost store, store performance boost, performance boost shop, shop performance boost, performance boost retailer, retailer performance boost, performance boost where to buy, where to buy performance boost, performance boost worst, worst performance boost, performance boost quality, quality performance boost, performance boost original, original performance boost, performance boost genuine, genuine performance boost, performance boost fake, fake performance boost, performance boost replica, replica performance boost, performance boost authentic, authentic performance boost, performance boost brand, brand performance boost, performance boost manufacturer, manufacturer performance boost, performance boost company, company performance boost, performance boost product, product performance boost, performance boost samsung product, samsung product performance boost, performance boost sell samsung, sell samsung performance boost, performance boost buy samsung, buy samsung performance boost, performance boost cheap samsung, cheap samsung performance boost, performance boost best samsung, best samsung performance boost, performance boost samsung review, samsung review performance boost, performance boost where to buy samsung, where to buy samsung performance boost, performance boost how to choose samsung, how to choose samsung performance boost, performance boost top samsung, top samsung performance boost, performance boost samsung guide, samsung guide performance boost, performance boost samsung for sale, samsung for sale performance boost, performance boost samsung deals, samsung deals performance boost, storage capacity samsung, samsung storage capacity, storage capacity cheap, cheap storage capacity, storage capacity best, best storage capacity, storage capacity latest, latest storage capacity, storage capacity review, review storage capacity, storage capacity price, price storage capacity, storage capacity sell, sell storage capacity, storage capacity buy, buy storage capacity, storage capacity recommendation, recommendation storage capacity, storage capacity tips, tips storage capacity, storage capacity tutorial, tutorial storage capacity, storage capacity guide, guide storage capacity, storage capacity how to, how to storage capacity, storage capacity vs, vs storage capacity, storage capacity versus, versus storage capacity, storage capacity compared to, compared to storage capacity, storage capacity comparison, comparison storage capacity, storage capacity alternatives, alternatives storage capacity, storage capacity which is better, which is better storage capacity, storage capacity expensive, expensive storage capacity, storage capacity discount, discount storage capacity, storage capacity deals, deals storage capacity, storage capacity sale, sale storage capacity, storage capacity affordable, affordable storage capacity, storage capacity cost, cost storage capacity, storage capacity online, online storage capacity, storage capacity offline, offline storage capacity, storage capacity marketplace, marketplace storage capacity, storage capacity store, store storage capacity, storage capacity shop, shop storage capacity, storage capacity retailer, retailer storage capacity, storage capacity where to buy, where to buy storage capacity, storage capacity worst, worst storage capacity, storage capacity quality, quality storage capacity, storage capacity original, original storage capacity, storage capacity genuine, genuine storage capacity, storage capacity fake, fake storage capacity, storage capacity replica, replica storage capacity, storage capacity authentic, authentic storage capacity, storage capacity brand, brand storage capacity, storage capacity manufacturer, manufacturer storage capacity, storage capacity company, company storage capacity, storage capacity product, product storage capacity, storage capacity samsung product, samsung product storage capacity, storage capacity sell samsung, sell samsung storage capacity, storage capacity buy samsung, buy samsung storage capacity, storage capacity cheap samsung, cheap samsung storage capacity, storage capacity best samsung, best samsung storage capacity, storage capacity samsung review, samsung review storage capacity, storage capacity where to buy samsung, where to buy samsung storage capacity, storage capacity how to choose samsung, how to choose samsung storage capacity, storage capacity top samsung, top samsung storage capacity, storage capacity samsung guide, samsung guide storage capacity, storage capacity samsung for sale, samsung for sale storage capacity, storage capacity samsung deals, samsung deals storage capacity
2025-10-09 09:47:26,265 - INFO - Expanded 220 seed keywords to 385 variations
2025-10-09 09:47:26,265 - INFO - Language: en
2025-10-09 09:47:26,265 - INFO - Region: us
2025-10-09 09:51:57,612 - INFO - 🎯 After all filtering for 'samsung': 120 relevant keywords
2025-10-09 09:51:57,884 - INFO - 🎯 Found 5 new keywords for niche 'samsung': samsung affordable performance boost, samsung affordable storage capacity, cheap alternatives performance boost, best authentic performance boost, how to brand performance boost
2025-10-09 09:52:08,194 - INFO - ✅ Niche 'samsung' process complete! 115 total keyword results.
2025-10-09 09:52:08,195 - INFO - ✅ Completed processing niche: 'samsung'
2025-10-09 09:52:08,195 - INFO - 🔧 Request Handler final stats - Success rate: 100.0%
2025-10-09 09:52:08,195 - INFO -    Total requests: 22232, Blocks: 0
2025-10-09 09:52:08,196 - INFO - 
========================================
2025-10-09 09:52:08,196 - INFO - Process Summary:
2025-10-09 09:52:08,196 - INFO - - Current niche: 'samsung'
2025-10-09 09:52:08,196 - INFO - - Next niche will be: 'apple'
2025-10-09 09:52:08,196 - INFO - - Keywords saved in: languages/english/keywords/samsung/
2025-10-09 09:52:08,197 - INFO - ========================================
