2025-10-14 12:35:21,186 - INFO - Log file created at: /home/runner/work/potensitech.com/potensitech.com/languages/english/keywords/logs/kw_search_20251014_123521.log
2025-10-14 12:35:21,186 - INFO - ============================================================
2025-10-14 12:35:21,186 - INFO - AUTOMATIC KEYWORD RESEARCH TOOL
2025-10-14 12:35:21,186 - INFO - ============================================================
2025-10-14 12:35:21,363 - INFO - ========================================
2025-10-14 12:35:21,363 - INFO - Found 14 niches to process: xiaomi, iphone, samsung, apple, sony, asus, philips, sandisk, intel, nvidia, amd, canon, nikon, huawei
2025-10-14 12:35:21,363 - INFO - ========================================
2025-10-14 12:35:21,364 - INFO - Continuing from last processed niche: amd
2025-10-14 12:35:21,364 - INFO - ========================================
2025-10-14 12:35:21,364 - INFO - 🎯 PROCESSING NICHE 12/14: 'canon'
2025-10-14 12:35:21,364 - INFO - ========================================
2025-10-14 12:35:21,364 - INFO - 📁 Niche directory: /home/runner/work/potensitech.com/potensitech.com/languages/english/keywords/canon
2025-10-14 12:35:21,364 - INFO - Selected region: us
2025-10-14 12:35:21,364 - INFO - Selected language: en
2025-10-14 12:35:21,364 - INFO - 🎯 Current niche: canon
2025-10-14 12:35:26,463 - INFO - 🎯 Niche terms for filtering: canon, cheap, best, latest, review, price, sell, buy, recommendation, tips, tutorial, guide, how to, vs, versus, compared to, comparison, alternatives, which is better, expensive, discount, deals, sale, affordable, cost, online, offline, marketplace, store, shop, retailer, where to buy, worst, quality, original, genuine, fake, replica, authentic, brand, manufacturer, company, product, canon product, sell canon, buy canon, cheap canon, best canon, canon review, where to buy canon, how to choose canon, top canon, canon guide, canon for sale, canon deals
2025-10-14 12:35:26,463 - INFO - Generated 50 niche-clue pairs for 'canon'.
2025-10-14 12:35:26,466 - INFO - Expanded 50 seed keywords to 218 variations
2025-10-14 12:35:26,467 - INFO - 🔧 Request Handler initialized - Success rate: 100.0%
2025-10-14 12:39:49,957 - INFO - Original clue keywords: mirrorless technology
2025-10-14 12:39:49,958 - INFO - Niche-focused seeds: mirrorless technology canon, canon mirrorless technology, mirrorless technology cheap, cheap mirrorless technology, mirrorless technology best, best mirrorless technology, mirrorless technology latest, latest mirrorless technology, mirrorless technology review, review mirrorless technology, mirrorless technology price, price mirrorless technology, mirrorless technology sell, sell mirrorless technology, mirrorless technology buy, buy mirrorless technology, mirrorless technology recommendation, recommendation mirrorless technology, mirrorless technology tips, tips mirrorless technology, mirrorless technology tutorial, tutorial mirrorless technology, mirrorless technology guide, guide mirrorless technology, mirrorless technology how to, how to mirrorless technology, mirrorless technology vs, vs mirrorless technology, mirrorless technology versus, versus mirrorless technology, mirrorless technology compared to, compared to mirrorless technology, mirrorless technology comparison, comparison mirrorless technology, mirrorless technology alternatives, alternatives mirrorless technology, mirrorless technology which is better, which is better mirrorless technology, mirrorless technology expensive, expensive mirrorless technology, mirrorless technology discount, discount mirrorless technology, mirrorless technology deals, deals mirrorless technology, mirrorless technology sale, sale mirrorless technology, mirrorless technology affordable, affordable mirrorless technology, mirrorless technology cost, cost mirrorless technology, mirrorless technology online, online mirrorless technology, mirrorless technology offline, offline mirrorless technology, mirrorless technology marketplace, marketplace mirrorless technology, mirrorless technology store, store mirrorless technology, mirrorless technology shop, shop mirrorless technology, mirrorless technology retailer, retailer mirrorless technology, mirrorless technology where to buy, where to buy mirrorless technology, mirrorless technology worst, worst mirrorless technology, mirrorless technology quality, quality mirrorless technology, mirrorless technology original, original mirrorless technology, mirrorless technology genuine, genuine mirrorless technology, mirrorless technology fake, fake mirrorless technology, mirrorless technology replica, replica mirrorless technology, mirrorless technology authentic, authentic mirrorless technology, mirrorless technology brand, brand mirrorless technology, mirrorless technology manufacturer, manufacturer mirrorless technology, mirrorless technology company, company mirrorless technology, mirrorless technology product, product mirrorless technology, mirrorless technology canon product, canon product mirrorless technology, mirrorless technology sell canon, sell canon mirrorless technology, mirrorless technology buy canon, buy canon mirrorless technology, mirrorless technology cheap canon, cheap canon mirrorless technology, mirrorless technology best canon, best canon mirrorless technology, mirrorless technology canon review, canon review mirrorless technology, mirrorless technology where to buy canon, where to buy canon mirrorless technology, mirrorless technology how to choose canon, how to choose canon mirrorless technology, mirrorless technology top canon, top canon mirrorless technology, mirrorless technology canon guide, canon guide mirrorless technology, mirrorless technology canon for sale, canon for sale mirrorless technology, mirrorless technology canon deals, canon deals mirrorless technology
2025-10-14 12:39:49,961 - INFO - Expanded 110 seed keywords to 275 variations
2025-10-14 12:39:49,961 - INFO - Language: en
2025-10-14 12:39:49,961 - INFO - Region: us
2025-10-14 12:44:22,073 - INFO - 🎯 After all filtering for 'canon': 120 relevant keywords
2025-10-14 12:44:22,707 - INFO - 🎯 Found 4 new keywords for niche 'canon': canon affordable mirrorless technology, cheap alternatives mirrorless technology, best authentic mirrorless technology, how to brand mirrorless technology
2025-10-14 12:44:30,863 - INFO - ✅ Niche 'canon' process complete! 122 total keyword results.
2025-10-14 12:44:30,863 - INFO - ✅ Completed processing niche: 'canon'
2025-10-14 12:44:30,863 - INFO - 🔧 Request Handler final stats - Success rate: 100.0%
2025-10-14 12:44:30,864 - INFO -    Total requests: 25546, Blocks: 0
2025-10-14 12:44:30,865 - INFO - 
========================================
2025-10-14 12:44:30,865 - INFO - Process Summary:
2025-10-14 12:44:30,865 - INFO - - Current niche: 'canon'
2025-10-14 12:44:30,865 - INFO - - Next niche will be: 'nikon'
2025-10-14 12:44:30,865 - INFO - - Keywords saved in: languages/english/keywords/canon/
2025-10-14 12:44:30,865 - INFO - ========================================
