2025-11-09 09:40:51,342 - INFO - Log file created at: /home/runner/work/potensitech.com/potensitech.com/languages/english/keywords/logs/kw_search_20251109_094051.log
2025-11-09 09:40:51,342 - INFO - ============================================================
2025-11-09 09:40:51,342 - INFO - AUTOMATIC KEYWORD RESEARCH TOOL
2025-11-09 09:40:51,342 - INFO - ============================================================
2025-11-09 09:40:51,519 - INFO - ========================================
2025-11-09 09:40:51,520 - INFO - Found 14 niches to process: xiaomi, iphone, samsung, apple, sony, asus, philips, sandisk, intel, nvidia, amd, canon, nikon, huawei
2025-11-09 09:40:51,520 - INFO - ========================================
2025-11-09 09:40:51,520 - INFO - Continuing from last processed niche: xiaomi
2025-11-09 09:40:51,520 - INFO - ========================================
2025-11-09 09:40:51,520 - INFO - 🎯 PROCESSING NICHE 2/14: 'iphone'
2025-11-09 09:40:51,520 - INFO - ========================================
2025-11-09 09:40:51,520 - INFO - 📁 Niche directory: /home/runner/work/potensitech.com/potensitech.com/languages/english/keywords/iphone
2025-11-09 09:40:51,520 - INFO - Selected region: us
2025-11-09 09:40:51,520 - INFO - Selected language: en
2025-11-09 09:40:51,520 - INFO - 🎯 Current niche: iphone
2025-11-09 09:40:54,924 - INFO - 🎯 Niche terms for filtering: iphone, cheap, best, latest, review, price, sell, buy, recommendation, tips, tutorial, guide, how to, vs, versus, compared to, comparison, alternatives, which is better, expensive, discount, deals, sale, affordable, cost, online, offline, marketplace, store, shop, retailer, where to buy, worst, quality, original, genuine, fake, replica, authentic, brand, manufacturer, company, product, iphone product, sell iphone, buy iphone, cheap iphone, best iphone, iphone review, where to buy iphone, how to choose iphone, top iphone, iphone guide, iphone for sale, iphone deals
2025-11-09 09:40:54,925 - INFO - Generated 50 niche-clue pairs for 'iphone'.
2025-11-09 09:40:54,927 - INFO - Expanded 50 seed keywords to 218 variations
2025-11-09 09:40:54,927 - INFO - 🔧 Request Handler initialized - Success rate: 100.0%
2025-11-09 09:45:22,157 - INFO - Original clue keywords: megapixels, autofocus
2025-11-09 09:45:22,157 - INFO - Niche-focused seeds: megapixels iphone, iphone megapixels, megapixels cheap, cheap megapixels, megapixels best, best megapixels, megapixels latest, latest megapixels, megapixels review, review megapixels, megapixels price, price megapixels, megapixels sell, sell megapixels, megapixels buy, buy megapixels, megapixels recommendation, recommendation megapixels, megapixels tips, tips megapixels, megapixels tutorial, tutorial megapixels, megapixels guide, guide megapixels, megapixels how to, how to megapixels, megapixels vs, vs megapixels, megapixels versus, versus megapixels, megapixels compared to, compared to megapixels, megapixels comparison, comparison megapixels, megapixels alternatives, alternatives megapixels, megapixels which is better, which is better megapixels, megapixels expensive, expensive megapixels, megapixels discount, discount megapixels, megapixels deals, deals megapixels, megapixels sale, sale megapixels, megapixels affordable, affordable megapixels, megapixels cost, cost megapixels, megapixels online, online megapixels, megapixels offline, offline megapixels, megapixels marketplace, marketplace megapixels, megapixels store, store megapixels, megapixels shop, shop megapixels, megapixels retailer, retailer megapixels, megapixels where to buy, where to buy megapixels, megapixels worst, worst megapixels, megapixels quality, quality megapixels, megapixels original, original megapixels, megapixels genuine, genuine megapixels, megapixels fake, fake megapixels, megapixels replica, replica megapixels, megapixels authentic, authentic megapixels, megapixels brand, brand megapixels, megapixels manufacturer, manufacturer megapixels, megapixels company, company megapixels, megapixels product, product megapixels, megapixels iphone product, iphone product megapixels, megapixels sell iphone, sell iphone megapixels, megapixels buy iphone, buy iphone megapixels, megapixels cheap iphone, cheap iphone megapixels, megapixels best iphone, best iphone megapixels, megapixels iphone review, iphone review megapixels, megapixels where to buy iphone, where to buy iphone megapixels, megapixels how to choose iphone, how to choose iphone megapixels, megapixels top iphone, top iphone megapixels, megapixels iphone guide, iphone guide megapixels, megapixels iphone for sale, iphone for sale megapixels, megapixels iphone deals, iphone deals megapixels, autofocus iphone, iphone autofocus, autofocus cheap, cheap autofocus, autofocus best, best autofocus, autofocus latest, latest autofocus, autofocus review, review autofocus, autofocus price, price autofocus, autofocus sell, sell autofocus, autofocus buy, buy autofocus, autofocus recommendation, recommendation autofocus, autofocus tips, tips autofocus, autofocus tutorial, tutorial autofocus, autofocus guide, guide autofocus, autofocus how to, how to autofocus, autofocus vs, vs autofocus, autofocus versus, versus autofocus, autofocus compared to, compared to autofocus, autofocus comparison, comparison autofocus, autofocus alternatives, alternatives autofocus, autofocus which is better, which is better autofocus, autofocus expensive, expensive autofocus, autofocus discount, discount autofocus, autofocus deals, deals autofocus, autofocus sale, sale autofocus, autofocus affordable, affordable autofocus, autofocus cost, cost autofocus, autofocus online, online autofocus, autofocus offline, offline autofocus, autofocus marketplace, marketplace autofocus, autofocus store, store autofocus, autofocus shop, shop autofocus, autofocus retailer, retailer autofocus, autofocus where to buy, where to buy autofocus, autofocus worst, worst autofocus, autofocus quality, quality autofocus, autofocus original, original autofocus, autofocus genuine, genuine autofocus, autofocus fake, fake autofocus, autofocus replica, replica autofocus, autofocus authentic, authentic autofocus, autofocus brand, brand autofocus, autofocus manufacturer, manufacturer autofocus, autofocus company, company autofocus, autofocus product, product autofocus, autofocus iphone product, iphone product autofocus, autofocus sell iphone, sell iphone autofocus, autofocus buy iphone, buy iphone autofocus, autofocus cheap iphone, cheap iphone autofocus, autofocus best iphone, best iphone autofocus, autofocus iphone review, iphone review autofocus, autofocus where to buy iphone, where to buy iphone autofocus, autofocus how to choose iphone, how to choose iphone autofocus, autofocus top iphone, top iphone autofocus, autofocus iphone guide, iphone guide autofocus, autofocus iphone for sale, iphone for sale autofocus, autofocus iphone deals, iphone deals autofocus
2025-11-09 09:45:22,159 - INFO - Expanded 220 seed keywords to 385 variations
2025-11-09 09:45:22,159 - INFO - Language: en
2025-11-09 09:45:22,160 - INFO - Region: us
2025-11-09 09:49:51,144 - INFO - 🎯 After all filtering for 'iphone': 120 relevant keywords
2025-11-09 09:49:51,219 - INFO - 🎯 Found 5 new keywords for niche 'iphone': iphone affordable autofocus, cheap affordable autofocus, best affordable autofocus, iphone affordable megapixels, cheap affordable megapixels
2025-11-09 09:49:58,976 - INFO - ✅ Niche 'iphone' process complete! 240 total keyword results.
2025-11-09 09:49:58,977 - INFO - ✅ Completed processing niche: 'iphone'
2025-11-09 09:49:58,977 - INFO - 🔧 Request Handler final stats - Success rate: 100.0%
2025-11-09 09:49:58,977 - INFO -    Total requests: 38805, Blocks: 0
2025-11-09 09:49:58,978 - INFO - 
========================================
2025-11-09 09:49:58,978 - INFO - Process Summary:
2025-11-09 09:49:58,978 - INFO - - Current niche: 'iphone'
2025-11-09 09:49:58,978 - INFO - - Next niche will be: 'samsung'
2025-11-09 09:49:58,978 - INFO - - Keywords saved in: languages/english/keywords/iphone/
2025-11-09 09:49:58,978 - INFO - ========================================
