2025-09-16 16:53:17,092 - INFO - Log file created at: /home/runner/work/potensitech.com/potensitech.com/languages/english/keywords/logs/kw_search_20250916_165317.log
2025-09-16 16:53:17,092 - INFO - ============================================================
2025-09-16 16:53:17,092 - INFO - AUTOMATIC KEYWORD RESEARCH TOOL
2025-09-16 16:53:17,092 - INFO - ============================================================
2025-09-16 16:53:17,254 - INFO - ========================================
2025-09-16 16:53:17,254 - INFO - Found 14 niches to process: xiaomi, iphone, samsung, apple, sony, asus, philips, sandisk, intel, nvidia, amd, canon, nikon, huawei
2025-09-16 16:53:17,254 - INFO - ========================================
2025-09-16 16:53:17,254 - INFO - Continuing from last processed niche: nikon
2025-09-16 16:53:17,254 - INFO - ========================================
2025-09-16 16:53:17,254 - INFO - 🎯 PROCESSING NICHE 14/14: 'huawei'
2025-09-16 16:53:17,254 - INFO - ========================================
2025-09-16 16:53:17,254 - INFO - 📁 Niche directory: /home/runner/work/potensitech.com/potensitech.com/languages/english/keywords/huawei
2025-09-16 16:53:17,254 - INFO - Selected region: us
2025-09-16 16:53:17,255 - INFO - Selected language: en
2025-09-16 16:53:17,255 - INFO - 🎯 Current niche: huawei
2025-09-16 16:54:21,531 - INFO - 🎯 Niche terms for filtering: huawei, cheap, best, latest, review, price, sell, buy, recommendation, tips, tutorial, guide, how to, vs, versus, compared to, comparison, alternatives, which is better, expensive, discount, deals, sale, affordable, cost, online, offline, marketplace, store, shop, retailer, where to buy, worst, quality, original, genuine, fake, replica, authentic, brand, manufacturer, company, product, huawei product, sell huawei, buy huawei, cheap huawei, best huawei, huawei review, where to buy huawei, how to choose huawei, top huawei, huawei guide, huawei for sale, huawei deals
2025-09-16 16:54:21,531 - INFO - Generated 50 niche-clue pairs for 'huawei'.
2025-09-16 16:54:21,534 - INFO - Expanded 50 seed keywords to 218 variations
2025-09-16 16:54:21,534 - INFO - 🔧 Request Handler initialized - Success rate: 100.0%
2025-09-16 16:58:44,101 - INFO - Original clue keywords: digital photography, lens compatibility
2025-09-16 16:58:44,101 - INFO - Niche-focused seeds: digital photography huawei, huawei digital photography, digital photography cheap, cheap digital photography, digital photography best, best digital photography, digital photography latest, latest digital photography, digital photography review, review digital photography, digital photography price, price digital photography, digital photography sell, sell digital photography, digital photography buy, buy digital photography, digital photography recommendation, recommendation digital photography, digital photography tips, tips digital photography, digital photography tutorial, tutorial digital photography, digital photography guide, guide digital photography, digital photography how to, how to digital photography, digital photography vs, vs digital photography, digital photography versus, versus digital photography, digital photography compared to, compared to digital photography, digital photography comparison, comparison digital photography, digital photography alternatives, alternatives digital photography, digital photography which is better, which is better digital photography, digital photography expensive, expensive digital photography, digital photography discount, discount digital photography, digital photography deals, deals digital photography, digital photography sale, sale digital photography, digital photography affordable, affordable digital photography, digital photography cost, cost digital photography, digital photography online, online digital photography, digital photography offline, offline digital photography, digital photography marketplace, marketplace digital photography, digital photography store, store digital photography, digital photography shop, shop digital photography, digital photography retailer, retailer digital photography, digital photography where to buy, where to buy digital photography, digital photography worst, worst digital photography, digital photography quality, quality digital photography, digital photography original, original digital photography, digital photography genuine, genuine digital photography, digital photography fake, fake digital photography, digital photography replica, replica digital photography, digital photography authentic, authentic digital photography, digital photography brand, brand digital photography, digital photography manufacturer, manufacturer digital photography, digital photography company, company digital photography, digital photography product, product digital photography, digital photography huawei product, huawei product digital photography, digital photography sell huawei, sell huawei digital photography, digital photography buy huawei, buy huawei digital photography, digital photography cheap huawei, cheap huawei digital photography, digital photography best huawei, best huawei digital photography, digital photography huawei review, huawei review digital photography, digital photography where to buy huawei, where to buy huawei digital photography, digital photography how to choose huawei, how to choose huawei digital photography, digital photography top huawei, top huawei digital photography, digital photography huawei guide, huawei guide digital photography, digital photography huawei for sale, huawei for sale digital photography, digital photography huawei deals, huawei deals digital photography, lens compatibility huawei, huawei lens compatibility, lens compatibility cheap, cheap lens compatibility, lens compatibility best, best lens compatibility, lens compatibility latest, latest lens compatibility, lens compatibility review, review lens compatibility, lens compatibility price, price lens compatibility, lens compatibility sell, sell lens compatibility, lens compatibility buy, buy lens compatibility, lens compatibility recommendation, recommendation lens compatibility, lens compatibility tips, tips lens compatibility, lens compatibility tutorial, tutorial lens compatibility, lens compatibility guide, guide lens compatibility, lens compatibility how to, how to lens compatibility, lens compatibility vs, vs lens compatibility, lens compatibility versus, versus lens compatibility, lens compatibility compared to, compared to lens compatibility, lens compatibility comparison, comparison lens compatibility, lens compatibility alternatives, alternatives lens compatibility, lens compatibility which is better, which is better lens compatibility, lens compatibility expensive, expensive lens compatibility, lens compatibility discount, discount lens compatibility, lens compatibility deals, deals lens compatibility, lens compatibility sale, sale lens compatibility, lens compatibility affordable, affordable lens compatibility, lens compatibility cost, cost lens compatibility, lens compatibility online, online lens compatibility, lens compatibility offline, offline lens compatibility, lens compatibility marketplace, marketplace lens compatibility, lens compatibility store, store lens compatibility, lens compatibility shop, shop lens compatibility, lens compatibility retailer, retailer lens compatibility, lens compatibility where to buy, where to buy lens compatibility, lens compatibility worst, worst lens compatibility, lens compatibility quality, quality lens compatibility, lens compatibility original, original lens compatibility, lens compatibility genuine, genuine lens compatibility, lens compatibility fake, fake lens compatibility, lens compatibility replica, replica lens compatibility, lens compatibility authentic, authentic lens compatibility, lens compatibility brand, brand lens compatibility, lens compatibility manufacturer, manufacturer lens compatibility, lens compatibility company, company lens compatibility, lens compatibility product, product lens compatibility, lens compatibility huawei product, huawei product lens compatibility, lens compatibility sell huawei, sell huawei lens compatibility, lens compatibility buy huawei, buy huawei lens compatibility, lens compatibility cheap huawei, cheap huawei lens compatibility, lens compatibility best huawei, best huawei lens compatibility, lens compatibility huawei review, huawei review lens compatibility, lens compatibility where to buy huawei, where to buy huawei lens compatibility, lens compatibility how to choose huawei, how to choose huawei lens compatibility, lens compatibility top huawei, top huawei lens compatibility, lens compatibility huawei guide, huawei guide lens compatibility, lens compatibility huawei for sale, huawei for sale lens compatibility, lens compatibility huawei deals, huawei deals lens compatibility
2025-09-16 16:58:44,104 - INFO - Expanded 220 seed keywords to 385 variations
2025-09-16 16:58:44,104 - INFO - Language: en
2025-09-16 16:58:44,104 - INFO - Region: us
2025-09-16 17:03:15,139 - INFO - 🎯 After all filtering for 'huawei': 120 relevant keywords
2025-09-16 17:03:15,161 - INFO - 🎯 Found 5 new keywords for niche 'huawei': huawei affordable digital photography, huawei affordable lens compatibility, cheap alternatives digital photography, cheap alternatives lens compatibility, best authentic digital photography
2025-09-16 17:03:30,974 - INFO - ✅ Niche 'huawei' process complete! 16 total keyword results.
2025-09-16 17:03:30,974 - INFO - ✅ Completed processing niche: 'huawei'
2025-09-16 17:03:30,974 - INFO - 🔧 Request Handler final stats - Success rate: 100.0%
2025-09-16 17:03:30,974 - INFO -    Total requests: 4680, Blocks: 0
2025-09-16 17:03:30,976 - INFO - 
========================================
2025-09-16 17:03:30,976 - INFO - Process Summary:
2025-09-16 17:03:30,976 - INFO - - Current niche: 'huawei'
2025-09-16 17:03:30,976 - INFO - - Next niche will be: 'xiaomi'
2025-09-16 17:03:30,976 - INFO - - Keywords saved in: languages/english/keywords/huawei/
2025-09-16 17:03:30,976 - INFO - ========================================
