2025-10-11 21:43:07,916 - INFO - Log file created at: /home/runner/work/potensitech.com/potensitech.com/languages/english/keywords/logs/kw_search_20251011_214307.log
2025-10-11 21:43:07,916 - INFO - ============================================================
2025-10-11 21:43:07,916 - INFO - AUTOMATIC KEYWORD RESEARCH TOOL
2025-10-11 21:43:07,917 - INFO - ============================================================
2025-10-11 21:43:08,074 - INFO - ========================================
2025-10-11 21:43:08,074 - INFO - Found 14 niches to process: xiaomi, iphone, samsung, apple, sony, asus, philips, sandisk, intel, nvidia, amd, canon, nikon, huawei
2025-10-11 21:43:08,074 - INFO - ========================================
2025-10-11 21:43:08,074 - INFO - Continuing from last processed niche: nikon
2025-10-11 21:43:08,074 - INFO - ========================================
2025-10-11 21:43:08,074 - INFO - 🎯 PROCESSING NICHE 14/14: 'huawei'
2025-10-11 21:43:08,074 - INFO - ========================================
2025-10-11 21:43:08,074 - INFO - 📁 Niche directory: /home/runner/work/potensitech.com/potensitech.com/languages/english/keywords/huawei
2025-10-11 21:43:08,074 - INFO - Selected region: us
2025-10-11 21:43:08,075 - INFO - Selected language: en
2025-10-11 21:43:08,075 - INFO - 🎯 Current niche: huawei
2025-10-11 21:43:10,365 - INFO - 🎯 Niche terms for filtering: huawei, cheap, best, latest, review, price, sell, buy, recommendation, tips, tutorial, guide, how to, vs, versus, compared to, comparison, alternatives, which is better, expensive, discount, deals, sale, affordable, cost, online, offline, marketplace, store, shop, retailer, where to buy, worst, quality, original, genuine, fake, replica, authentic, brand, manufacturer, company, product, huawei product, sell huawei, buy huawei, cheap huawei, best huawei, huawei review, where to buy huawei, how to choose huawei, top huawei, huawei guide, huawei for sale, huawei deals
2025-10-11 21:43:10,365 - INFO - Generated 50 niche-clue pairs for 'huawei'.
2025-10-11 21:43:10,368 - INFO - Expanded 50 seed keywords to 218 variations
2025-10-11 21:43:10,369 - INFO - 🔧 Request Handler initialized - Success rate: 100.0%
2025-10-11 21:47:34,147 - INFO - Original clue keywords: smartphone camera, battery life
2025-10-11 21:47:34,147 - INFO - Niche-focused seeds: smartphone camera huawei, huawei smartphone camera, smartphone camera cheap, cheap smartphone camera, smartphone camera best, best smartphone camera, smartphone camera latest, latest smartphone camera, smartphone camera review, review smartphone camera, smartphone camera price, price smartphone camera, smartphone camera sell, sell smartphone camera, smartphone camera buy, buy smartphone camera, smartphone camera recommendation, recommendation smartphone camera, smartphone camera tips, tips smartphone camera, smartphone camera tutorial, tutorial smartphone camera, smartphone camera guide, guide smartphone camera, smartphone camera how to, how to smartphone camera, smartphone camera vs, vs smartphone camera, smartphone camera versus, versus smartphone camera, smartphone camera compared to, compared to smartphone camera, smartphone camera comparison, comparison smartphone camera, smartphone camera alternatives, alternatives smartphone camera, smartphone camera which is better, which is better smartphone camera, smartphone camera expensive, expensive smartphone camera, smartphone camera discount, discount smartphone camera, smartphone camera deals, deals smartphone camera, smartphone camera sale, sale smartphone camera, smartphone camera affordable, affordable smartphone camera, smartphone camera cost, cost smartphone camera, smartphone camera online, online smartphone camera, smartphone camera offline, offline smartphone camera, smartphone camera marketplace, marketplace smartphone camera, smartphone camera store, store smartphone camera, smartphone camera shop, shop smartphone camera, smartphone camera retailer, retailer smartphone camera, smartphone camera where to buy, where to buy smartphone camera, smartphone camera worst, worst smartphone camera, smartphone camera quality, quality smartphone camera, smartphone camera original, original smartphone camera, smartphone camera genuine, genuine smartphone camera, smartphone camera fake, fake smartphone camera, smartphone camera replica, replica smartphone camera, smartphone camera authentic, authentic smartphone camera, smartphone camera brand, brand smartphone camera, smartphone camera manufacturer, manufacturer smartphone camera, smartphone camera company, company smartphone camera, smartphone camera product, product smartphone camera, smartphone camera huawei product, huawei product smartphone camera, smartphone camera sell huawei, sell huawei smartphone camera, smartphone camera buy huawei, buy huawei smartphone camera, smartphone camera cheap huawei, cheap huawei smartphone camera, smartphone camera best huawei, best huawei smartphone camera, smartphone camera huawei review, huawei review smartphone camera, smartphone camera where to buy huawei, where to buy huawei smartphone camera, smartphone camera how to choose huawei, how to choose huawei smartphone camera, smartphone camera top huawei, top huawei smartphone camera, smartphone camera huawei guide, huawei guide smartphone camera, smartphone camera huawei for sale, huawei for sale smartphone camera, smartphone camera huawei deals, huawei deals smartphone camera, battery life huawei, huawei battery life, battery life cheap, cheap battery life, battery life best, best battery life, battery life latest, latest battery life, battery life review, review battery life, battery life price, price battery life, battery life sell, sell battery life, battery life buy, buy battery life, battery life recommendation, recommendation battery life, battery life tips, tips battery life, battery life tutorial, tutorial battery life, battery life guide, guide battery life, battery life how to, how to battery life, battery life vs, vs battery life, battery life versus, versus battery life, battery life compared to, compared to battery life, battery life comparison, comparison battery life, battery life alternatives, alternatives battery life, battery life which is better, which is better battery life, battery life expensive, expensive battery life, battery life discount, discount battery life, battery life deals, deals battery life, battery life sale, sale battery life, battery life affordable, affordable battery life, battery life cost, cost battery life, battery life online, online battery life, battery life offline, offline battery life, battery life marketplace, marketplace battery life, battery life store, store battery life, battery life shop, shop battery life, battery life retailer, retailer battery life, battery life where to buy, where to buy battery life, battery life worst, worst battery life, battery life quality, quality battery life, battery life original, original battery life, battery life genuine, genuine battery life, battery life fake, fake battery life, battery life replica, replica battery life, battery life authentic, authentic battery life, battery life brand, brand battery life, battery life manufacturer, manufacturer battery life, battery life company, company battery life, battery life product, product battery life, battery life huawei product, huawei product battery life, battery life sell huawei, sell huawei battery life, battery life buy huawei, buy huawei battery life, battery life cheap huawei, cheap huawei battery life, battery life best huawei, best huawei battery life, battery life huawei review, huawei review battery life, battery life where to buy huawei, where to buy huawei battery life, battery life how to choose huawei, how to choose huawei battery life, battery life top huawei, top huawei battery life, battery life huawei guide, huawei guide battery life, battery life huawei for sale, huawei for sale battery life, battery life huawei deals, huawei deals battery life
2025-10-11 21:47:34,151 - INFO - Expanded 220 seed keywords to 385 variations
2025-10-11 21:47:34,151 - INFO - Language: en
2025-10-11 21:47:34,151 - INFO - Region: us
2025-10-11 21:52:05,016 - INFO - 🎯 After all filtering for 'huawei': 120 relevant keywords
2025-10-11 21:52:05,170 - INFO - 🎯 Found 2 new keywords for niche 'huawei': huawei affordable battery life, huawei affordable smartphone camera
2025-10-11 21:52:14,653 - INFO - ✅ Niche 'huawei' process complete! 113 total keyword results.
2025-10-11 21:52:14,653 - INFO - ✅ Completed processing niche: 'huawei'
2025-10-11 21:52:14,653 - INFO - 🔧 Request Handler final stats - Success rate: 100.0%
2025-10-11 21:52:14,653 - INFO -    Total requests: 24155, Blocks: 0
2025-10-11 21:52:14,654 - INFO - 
========================================
2025-10-11 21:52:14,655 - INFO - Process Summary:
2025-10-11 21:52:14,655 - INFO - - Current niche: 'huawei'
2025-10-11 21:52:14,655 - INFO - - Next niche will be: 'xiaomi'
2025-10-11 21:52:14,655 - INFO - - Keywords saved in: languages/english/keywords/huawei/
2025-10-11 21:52:14,655 - INFO - ========================================
