2025-12-31 02:20:47,373 - INFO - Log file created at: /home/runner/work/potensitech.com/potensitech.com/languages/english/keywords/logs/kw_search_20251231_022047.log
2025-12-31 02:20:47,373 - INFO - ============================================================
2025-12-31 02:20:47,373 - INFO - AUTOMATIC KEYWORD RESEARCH TOOL
2025-12-31 02:20:47,373 - INFO - ============================================================
2025-12-31 02:20:47,585 - INFO - ========================================
2025-12-31 02:20:47,585 - INFO - Found 14 niches to process: xiaomi, iphone, samsung, apple, sony, asus, philips, sandisk, intel, nvidia, amd, canon, nikon, huawei
2025-12-31 02:20:47,585 - INFO - ========================================
2025-12-31 02:20:47,585 - INFO - Continuing from last processed niche: nikon
2025-12-31 02:20:47,585 - INFO - ========================================
2025-12-31 02:20:47,585 - INFO - 🎯 PROCESSING NICHE 14/14: 'huawei'
2025-12-31 02:20:47,585 - INFO - ========================================
2025-12-31 02:20:47,585 - INFO - 📁 Niche directory: /home/runner/work/potensitech.com/potensitech.com/languages/english/keywords/huawei
2025-12-31 02:20:47,585 - INFO - Selected region: us
2025-12-31 02:20:47,585 - INFO - Selected language: en
2025-12-31 02:20:47,585 - INFO - 🎯 Current niche: huawei
2025-12-31 02:20:50,889 - INFO - 🎯 Niche terms for filtering: huawei, cheap, best, latest, review, price, sell, buy, recommendation, tips, tutorial, guide, how to, vs, versus, compared to, comparison, alternatives, which is better, expensive, discount, deals, sale, affordable, cost, online, offline, marketplace, store, shop, retailer, where to buy, worst, quality, original, genuine, fake, replica, authentic, brand, manufacturer, company, product, huawei product, sell huawei, buy huawei, cheap huawei, best huawei, huawei review, where to buy huawei, how to choose huawei, top huawei, huawei guide, huawei for sale, huawei deals
2025-12-31 02:20:50,889 - INFO - Generated 50 niche-clue pairs for 'huawei'.
2025-12-31 02:20:50,892 - INFO - Expanded 50 seed keywords to 218 variations
2025-12-31 02:20:50,892 - INFO - 🔧 Request Handler initialized - Success rate: 100.0%
2025-12-31 02:25:14,745 - INFO - Original clue keywords: camera lenses, chipset compatibility
2025-12-31 02:25:14,745 - INFO - Niche-focused seeds: camera lenses huawei, huawei camera lenses, camera lenses cheap, cheap camera lenses, camera lenses best, best camera lenses, camera lenses latest, latest camera lenses, camera lenses review, review camera lenses, camera lenses price, price camera lenses, camera lenses sell, sell camera lenses, camera lenses buy, buy camera lenses, camera lenses recommendation, recommendation camera lenses, camera lenses tips, tips camera lenses, camera lenses tutorial, tutorial camera lenses, camera lenses guide, guide camera lenses, camera lenses how to, how to camera lenses, camera lenses vs, vs camera lenses, camera lenses versus, versus camera lenses, camera lenses compared to, compared to camera lenses, camera lenses comparison, comparison camera lenses, camera lenses alternatives, alternatives camera lenses, camera lenses which is better, which is better camera lenses, camera lenses expensive, expensive camera lenses, camera lenses discount, discount camera lenses, camera lenses deals, deals camera lenses, camera lenses sale, sale camera lenses, camera lenses affordable, affordable camera lenses, camera lenses cost, cost camera lenses, camera lenses online, online camera lenses, camera lenses offline, offline camera lenses, camera lenses marketplace, marketplace camera lenses, camera lenses store, store camera lenses, camera lenses shop, shop camera lenses, camera lenses retailer, retailer camera lenses, camera lenses where to buy, where to buy camera lenses, camera lenses worst, worst camera lenses, camera lenses quality, quality camera lenses, camera lenses original, original camera lenses, camera lenses genuine, genuine camera lenses, camera lenses fake, fake camera lenses, camera lenses replica, replica camera lenses, camera lenses authentic, authentic camera lenses, camera lenses brand, brand camera lenses, camera lenses manufacturer, manufacturer camera lenses, camera lenses company, company camera lenses, camera lenses product, product camera lenses, camera lenses huawei product, huawei product camera lenses, camera lenses sell huawei, sell huawei camera lenses, camera lenses buy huawei, buy huawei camera lenses, camera lenses cheap huawei, cheap huawei camera lenses, camera lenses best huawei, best huawei camera lenses, camera lenses huawei review, huawei review camera lenses, camera lenses where to buy huawei, where to buy huawei camera lenses, camera lenses how to choose huawei, how to choose huawei camera lenses, camera lenses top huawei, top huawei camera lenses, camera lenses huawei guide, huawei guide camera lenses, camera lenses huawei for sale, huawei for sale camera lenses, camera lenses huawei deals, huawei deals camera lenses, chipset compatibility huawei, huawei chipset compatibility, chipset compatibility cheap, cheap chipset compatibility, chipset compatibility best, best chipset compatibility, chipset compatibility latest, latest chipset compatibility, chipset compatibility review, review chipset compatibility, chipset compatibility price, price chipset compatibility, chipset compatibility sell, sell chipset compatibility, chipset compatibility buy, buy chipset compatibility, chipset compatibility recommendation, recommendation chipset compatibility, chipset compatibility tips, tips chipset compatibility, chipset compatibility tutorial, tutorial chipset compatibility, chipset compatibility guide, guide chipset compatibility, chipset compatibility how to, how to chipset compatibility, chipset compatibility vs, vs chipset compatibility, chipset compatibility versus, versus chipset compatibility, chipset compatibility compared to, compared to chipset compatibility, chipset compatibility comparison, comparison chipset compatibility, chipset compatibility alternatives, alternatives chipset compatibility, chipset compatibility which is better, which is better chipset compatibility, chipset compatibility expensive, expensive chipset compatibility, chipset compatibility discount, discount chipset compatibility, chipset compatibility deals, deals chipset compatibility, chipset compatibility sale, sale chipset compatibility, chipset compatibility affordable, affordable chipset compatibility, chipset compatibility cost, cost chipset compatibility, chipset compatibility online, online chipset compatibility, chipset compatibility offline, offline chipset compatibility, chipset compatibility marketplace, marketplace chipset compatibility, chipset compatibility store, store chipset compatibility, chipset compatibility shop, shop chipset compatibility, chipset compatibility retailer, retailer chipset compatibility, chipset compatibility where to buy, where to buy chipset compatibility, chipset compatibility worst, worst chipset compatibility, chipset compatibility quality, quality chipset compatibility, chipset compatibility original, original chipset compatibility, chipset compatibility genuine, genuine chipset compatibility, chipset compatibility fake, fake chipset compatibility, chipset compatibility replica, replica chipset compatibility, chipset compatibility authentic, authentic chipset compatibility, chipset compatibility brand, brand chipset compatibility, chipset compatibility manufacturer, manufacturer chipset compatibility, chipset compatibility company, company chipset compatibility, chipset compatibility product, product chipset compatibility, chipset compatibility huawei product, huawei product chipset compatibility, chipset compatibility sell huawei, sell huawei chipset compatibility, chipset compatibility buy huawei, buy huawei chipset compatibility, chipset compatibility cheap huawei, cheap huawei chipset compatibility, chipset compatibility best huawei, best huawei chipset compatibility, chipset compatibility huawei review, huawei review chipset compatibility, chipset compatibility where to buy huawei, where to buy huawei chipset compatibility, chipset compatibility how to choose huawei, how to choose huawei chipset compatibility, chipset compatibility top huawei, top huawei chipset compatibility, chipset compatibility huawei guide, huawei guide chipset compatibility, chipset compatibility huawei for sale, huawei for sale chipset compatibility, chipset compatibility huawei deals, huawei deals chipset compatibility
2025-12-31 02:25:14,748 - INFO - Expanded 220 seed keywords to 385 variations
2025-12-31 02:25:14,748 - INFO - Language: en
2025-12-31 02:25:14,748 - INFO - Region: us
2025-12-31 02:25:47,053 - INFO - 🎯 After all filtering for 'huawei': 120 relevant keywords
2025-12-31 02:25:48,735 - INFO - 🎯 Found 2 new keywords for niche 'huawei': huawei affordable camera lenses, huawei affordable chipset compatibility
2025-12-31 02:25:56,317 - INFO - ✅ Niche 'huawei' process complete! 368 total keyword results.
2025-12-31 02:25:56,317 - INFO - ✅ Completed processing niche: 'huawei'
2025-12-31 02:25:56,317 - INFO - 🔧 Request Handler final stats - Success rate: 100.0%
2025-12-31 02:25:56,317 - INFO -    Total requests: 64405, Blocks: 0
2025-12-31 02:25:56,318 - INFO - 
========================================
2025-12-31 02:25:56,318 - INFO - Process Summary:
2025-12-31 02:25:56,318 - INFO - - Current niche: 'huawei'
2025-12-31 02:25:56,318 - INFO - - Next niche will be: 'xiaomi'
2025-12-31 02:25:56,318 - INFO - - Keywords saved in: languages/english/keywords/huawei/
2025-12-31 02:25:56,319 - INFO - ========================================
