2025-11-16 07:28:20,222 - INFO - Log file created at: /home/runner/work/potensitech.com/potensitech.com/languages/english/keywords/logs/kw_search_20251116_072820.log
2025-11-16 07:28:20,222 - INFO - ============================================================
2025-11-16 07:28:20,222 - INFO - AUTOMATIC KEYWORD RESEARCH TOOL
2025-11-16 07:28:20,222 - INFO - ============================================================
2025-11-16 07:28:20,411 - INFO - ========================================
2025-11-16 07:28:20,411 - INFO - Found 14 niches to process: xiaomi, iphone, samsung, apple, sony, asus, philips, sandisk, intel, nvidia, amd, canon, nikon, huawei
2025-11-16 07:28:20,411 - INFO - ========================================
2025-11-16 07:28:20,411 - INFO - All niches completed, starting over
2025-11-16 07:28:20,411 - INFO - ========================================
2025-11-16 07:28:20,411 - INFO - 🎯 PROCESSING NICHE 1/14: 'xiaomi'
2025-11-16 07:28:20,411 - INFO - ========================================
2025-11-16 07:28:20,411 - INFO - 📁 Niche directory: /home/runner/work/potensitech.com/potensitech.com/languages/english/keywords/xiaomi
2025-11-16 07:28:20,411 - INFO - Selected region: us
2025-11-16 07:28:20,411 - INFO - Selected language: en
2025-11-16 07:28:20,411 - INFO - 🎯 Current niche: xiaomi
2025-11-16 07:28:24,257 - INFO - 🎯 Niche terms for filtering: xiaomi, cheap, best, latest, review, price, sell, buy, recommendation, tips, tutorial, guide, how to, vs, versus, compared to, comparison, alternatives, which is better, expensive, discount, deals, sale, affordable, cost, online, offline, marketplace, store, shop, retailer, where to buy, worst, quality, original, genuine, fake, replica, authentic, brand, manufacturer, company, product, xiaomi product, sell xiaomi, buy xiaomi, cheap xiaomi, best xiaomi, xiaomi review, where to buy xiaomi, how to choose xiaomi, top xiaomi, xiaomi guide, xiaomi for sale, xiaomi deals
2025-11-16 07:28:24,258 - INFO - Generated 50 niche-clue pairs for 'xiaomi'.
2025-11-16 07:28:24,261 - INFO - Expanded 50 seed keywords to 218 variations
2025-11-16 07:28:24,261 - INFO - 🔧 Request Handler initialized - Success rate: 100.0%
2025-11-16 07:32:51,169 - INFO - Original clue keywords: dslr photography, mirrorless options
2025-11-16 07:32:51,169 - INFO - Niche-focused seeds: dslr photography xiaomi, xiaomi dslr photography, dslr photography cheap, cheap dslr photography, dslr photography best, best dslr photography, dslr photography latest, latest dslr photography, dslr photography review, review dslr photography, dslr photography price, price dslr photography, dslr photography sell, sell dslr photography, dslr photography buy, buy dslr photography, dslr photography recommendation, recommendation dslr photography, dslr photography tips, tips dslr photography, dslr photography tutorial, tutorial dslr photography, dslr photography guide, guide dslr photography, dslr photography how to, how to dslr photography, dslr photography vs, vs dslr photography, dslr photography versus, versus dslr photography, dslr photography compared to, compared to dslr photography, dslr photography comparison, comparison dslr photography, dslr photography alternatives, alternatives dslr photography, dslr photography which is better, which is better dslr photography, dslr photography expensive, expensive dslr photography, dslr photography discount, discount dslr photography, dslr photography deals, deals dslr photography, dslr photography sale, sale dslr photography, dslr photography affordable, affordable dslr photography, dslr photography cost, cost dslr photography, dslr photography online, online dslr photography, dslr photography offline, offline dslr photography, dslr photography marketplace, marketplace dslr photography, dslr photography store, store dslr photography, dslr photography shop, shop dslr photography, dslr photography retailer, retailer dslr photography, dslr photography where to buy, where to buy dslr photography, dslr photography worst, worst dslr photography, dslr photography quality, quality dslr photography, dslr photography original, original dslr photography, dslr photography genuine, genuine dslr photography, dslr photography fake, fake dslr photography, dslr photography replica, replica dslr photography, dslr photography authentic, authentic dslr photography, dslr photography brand, brand dslr photography, dslr photography manufacturer, manufacturer dslr photography, dslr photography company, company dslr photography, dslr photography product, product dslr photography, dslr photography xiaomi product, xiaomi product dslr photography, dslr photography sell xiaomi, sell xiaomi dslr photography, dslr photography buy xiaomi, buy xiaomi dslr photography, dslr photography cheap xiaomi, cheap xiaomi dslr photography, dslr photography best xiaomi, best xiaomi dslr photography, dslr photography xiaomi review, xiaomi review dslr photography, dslr photography where to buy xiaomi, where to buy xiaomi dslr photography, dslr photography how to choose xiaomi, how to choose xiaomi dslr photography, dslr photography top xiaomi, top xiaomi dslr photography, dslr photography xiaomi guide, xiaomi guide dslr photography, dslr photography xiaomi for sale, xiaomi for sale dslr photography, dslr photography xiaomi deals, xiaomi deals dslr photography, mirrorless options xiaomi, xiaomi mirrorless options, mirrorless options cheap, cheap mirrorless options, mirrorless options best, best mirrorless options, mirrorless options latest, latest mirrorless options, mirrorless options review, review mirrorless options, mirrorless options price, price mirrorless options, mirrorless options sell, sell mirrorless options, mirrorless options buy, buy mirrorless options, mirrorless options recommendation, recommendation mirrorless options, mirrorless options tips, tips mirrorless options, mirrorless options tutorial, tutorial mirrorless options, mirrorless options guide, guide mirrorless options, mirrorless options how to, how to mirrorless options, mirrorless options vs, vs mirrorless options, mirrorless options versus, versus mirrorless options, mirrorless options compared to, compared to mirrorless options, mirrorless options comparison, comparison mirrorless options, mirrorless options alternatives, alternatives mirrorless options, mirrorless options which is better, which is better mirrorless options, mirrorless options expensive, expensive mirrorless options, mirrorless options discount, discount mirrorless options, mirrorless options deals, deals mirrorless options, mirrorless options sale, sale mirrorless options, mirrorless options affordable, affordable mirrorless options, mirrorless options cost, cost mirrorless options, mirrorless options online, online mirrorless options, mirrorless options offline, offline mirrorless options, mirrorless options marketplace, marketplace mirrorless options, mirrorless options store, store mirrorless options, mirrorless options shop, shop mirrorless options, mirrorless options retailer, retailer mirrorless options, mirrorless options where to buy, where to buy mirrorless options, mirrorless options worst, worst mirrorless options, mirrorless options quality, quality mirrorless options, mirrorless options original, original mirrorless options, mirrorless options genuine, genuine mirrorless options, mirrorless options fake, fake mirrorless options, mirrorless options replica, replica mirrorless options, mirrorless options authentic, authentic mirrorless options, mirrorless options brand, brand mirrorless options, mirrorless options manufacturer, manufacturer mirrorless options, mirrorless options company, company mirrorless options, mirrorless options product, product mirrorless options, mirrorless options xiaomi product, xiaomi product mirrorless options, mirrorless options sell xiaomi, sell xiaomi mirrorless options, mirrorless options buy xiaomi, buy xiaomi mirrorless options, mirrorless options cheap xiaomi, cheap xiaomi mirrorless options, mirrorless options best xiaomi, best xiaomi mirrorless options, mirrorless options xiaomi review, xiaomi review mirrorless options, mirrorless options where to buy xiaomi, where to buy xiaomi mirrorless options, mirrorless options how to choose xiaomi, how to choose xiaomi mirrorless options, mirrorless options top xiaomi, top xiaomi mirrorless options, mirrorless options xiaomi guide, xiaomi guide mirrorless options, mirrorless options xiaomi for sale, xiaomi for sale mirrorless options, mirrorless options xiaomi deals, xiaomi deals mirrorless options
2025-11-16 07:32:51,173 - INFO - Expanded 220 seed keywords to 385 variations
2025-11-16 07:32:51,173 - INFO - Language: en
2025-11-16 07:32:51,173 - INFO - Region: us
2025-11-16 07:35:01,469 - INFO - 🎯 After all filtering for 'xiaomi': 120 relevant keywords
2025-11-16 07:35:01,891 - INFO - 🎯 Found 5 new keywords for niche 'xiaomi': xiaomi affordable dslr photography, xiaomi affordable mirrorless options, cheap alternatives dslr photography, cheap alternatives mirrorless options, best authentic dslr photography
2025-11-16 07:35:10,338 - INFO - ✅ Niche 'xiaomi' process complete! 222 total keyword results.
2025-11-16 07:35:10,338 - INFO - ✅ Completed processing niche: 'xiaomi'
2025-11-16 07:35:10,338 - INFO - 🔧 Request Handler final stats - Success rate: 100.0%
2025-11-16 07:35:10,338 - INFO -    Total requests: 43697, Blocks: 0
2025-11-16 07:35:10,339 - INFO - 
========================================
2025-11-16 07:35:10,340 - INFO - Process Summary:
2025-11-16 07:35:10,340 - INFO - - Current niche: 'xiaomi'
2025-11-16 07:35:10,340 - INFO - - Next niche will be: 'iphone'
2025-11-16 07:35:10,340 - INFO - - Keywords saved in: languages/english/keywords/xiaomi/
2025-11-16 07:35:10,340 - INFO - ========================================
