2025-09-27 19:21:26,389 - INFO - Log file created at: /home/runner/work/potensitech.com/potensitech.com/languages/english/keywords/logs/kw_search_20250927_192126.log
2025-09-27 19:21:26,389 - INFO - ============================================================
2025-09-27 19:21:26,389 - INFO - AUTOMATIC KEYWORD RESEARCH TOOL
2025-09-27 19:21:26,389 - INFO - ============================================================
2025-09-27 19:21:26,548 - INFO - ========================================
2025-09-27 19:21:26,548 - INFO - Found 14 niches to process: xiaomi, iphone, samsung, apple, sony, asus, philips, sandisk, intel, nvidia, amd, canon, nikon, huawei
2025-09-27 19:21:26,548 - INFO - ========================================
2025-09-27 19:21:26,548 - INFO - Continuing from last processed niche: canon
2025-09-27 19:21:26,548 - INFO - ========================================
2025-09-27 19:21:26,548 - INFO - 🎯 PROCESSING NICHE 13/14: 'nikon'
2025-09-27 19:21:26,548 - INFO - ========================================
2025-09-27 19:21:26,548 - INFO - 📁 Niche directory: /home/runner/work/potensitech.com/potensitech.com/languages/english/keywords/nikon
2025-09-27 19:21:26,549 - INFO - Selected region: us
2025-09-27 19:21:26,549 - INFO - Selected language: en
2025-09-27 19:21:26,549 - INFO - 🎯 Current niche: nikon
2025-09-27 19:21:29,908 - INFO - 🎯 Niche terms for filtering: nikon, cheap, best, latest, review, price, sell, buy, recommendation, tips, tutorial, guide, how to, vs, versus, compared to, comparison, alternatives, which is better, expensive, discount, deals, sale, affordable, cost, online, offline, marketplace, store, shop, retailer, where to buy, worst, quality, original, genuine, fake, replica, authentic, brand, manufacturer, company, product, nikon product, sell nikon, buy nikon, cheap nikon, best nikon, nikon review, where to buy nikon, how to choose nikon, top nikon, nikon guide, nikon for sale, nikon deals
2025-09-27 19:21:29,908 - INFO - Generated 50 niche-clue pairs for 'nikon'.
2025-09-27 19:21:29,910 - INFO - Expanded 50 seed keywords to 218 variations
2025-09-27 19:21:29,911 - INFO - 🔧 Request Handler initialized - Success rate: 100.0%
2025-09-27 19:25:51,884 - INFO - Original clue keywords: camera quality, image stabilization
2025-09-27 19:25:51,884 - INFO - Niche-focused seeds: camera quality, image stabilization nikon, nikon image stabilization, image stabilization cheap, cheap image stabilization, image stabilization best, best image stabilization, image stabilization latest, latest image stabilization, image stabilization review, review image stabilization, image stabilization price, price image stabilization, image stabilization sell, sell image stabilization, image stabilization buy, buy image stabilization, image stabilization recommendation, recommendation image stabilization, image stabilization tips, tips image stabilization, image stabilization tutorial, tutorial image stabilization, image stabilization guide, guide image stabilization, image stabilization how to, how to image stabilization, image stabilization vs, vs image stabilization, image stabilization versus, versus image stabilization, image stabilization compared to, compared to image stabilization, image stabilization comparison, comparison image stabilization, image stabilization alternatives, alternatives image stabilization, image stabilization which is better, which is better image stabilization, image stabilization expensive, expensive image stabilization, image stabilization discount, discount image stabilization, image stabilization deals, deals image stabilization, image stabilization sale, sale image stabilization, image stabilization affordable, affordable image stabilization, image stabilization cost, cost image stabilization, image stabilization online, online image stabilization, image stabilization offline, offline image stabilization, image stabilization marketplace, marketplace image stabilization, image stabilization store, store image stabilization, image stabilization shop, shop image stabilization, image stabilization retailer, retailer image stabilization, image stabilization where to buy, where to buy image stabilization, image stabilization worst, worst image stabilization, image stabilization quality, quality image stabilization, image stabilization original, original image stabilization, image stabilization genuine, genuine image stabilization, image stabilization fake, fake image stabilization, image stabilization replica, replica image stabilization, image stabilization authentic, authentic image stabilization, image stabilization brand, brand image stabilization, image stabilization manufacturer, manufacturer image stabilization, image stabilization company, company image stabilization, image stabilization product, product image stabilization, image stabilization nikon product, nikon product image stabilization, image stabilization sell nikon, sell nikon image stabilization, image stabilization buy nikon, buy nikon image stabilization, image stabilization cheap nikon, cheap nikon image stabilization, image stabilization best nikon, best nikon image stabilization, image stabilization nikon review, nikon review image stabilization, image stabilization where to buy nikon, where to buy nikon image stabilization, image stabilization how to choose nikon, how to choose nikon image stabilization, image stabilization top nikon, top nikon image stabilization, image stabilization nikon guide, nikon guide image stabilization, image stabilization nikon for sale, nikon for sale image stabilization, image stabilization nikon deals, nikon deals image stabilization
2025-09-27 19:25:51,887 - INFO - Expanded 111 seed keywords to 276 variations
2025-09-27 19:25:51,887 - INFO - Language: en
2025-09-27 19:25:51,887 - INFO - Region: us
2025-09-27 19:28:10,260 - INFO - 🎯 After all filtering for 'nikon': 120 relevant keywords
2025-09-27 19:28:10,273 - INFO - 🎯 Found 5 new keywords for niche 'nikon': nikon camera quality, cheap camera quality, best camera quality, how to camera quality, nikon affordable image stabilization
2025-09-27 19:28:20,118 - INFO - ✅ Niche 'nikon' process complete! 67 total keyword results.
2025-09-27 19:28:20,118 - INFO - ✅ Completed processing niche: 'nikon'
2025-09-27 19:28:20,118 - INFO - 🔧 Request Handler final stats - Success rate: 100.0%
2025-09-27 19:28:20,118 - INFO -    Total requests: 13845, Blocks: 0
2025-09-27 19:28:20,119 - INFO - 
========================================
2025-09-27 19:28:20,119 - INFO - Process Summary:
2025-09-27 19:28:20,119 - INFO - - Current niche: 'nikon'
2025-09-27 19:28:20,119 - INFO - - Next niche will be: 'huawei'
2025-09-27 19:28:20,119 - INFO - - Keywords saved in: languages/english/keywords/nikon/
2025-09-27 19:28:20,120 - INFO - ========================================
