2025-09-21 04:54:06,972 - INFO - Log file created at: /home/runner/work/potensitech.com/potensitech.com/languages/english/keywords/logs/kw_search_20250921_045406.log
2025-09-21 04:54:06,973 - INFO - ============================================================
2025-09-21 04:54:06,973 - INFO - AUTOMATIC KEYWORD RESEARCH TOOL
2025-09-21 04:54:06,973 - INFO - ============================================================
2025-09-21 04:54:07,089 - INFO - ========================================
2025-09-21 04:54:07,089 - INFO - Found 14 niches to process: xiaomi, iphone, samsung, apple, sony, asus, philips, sandisk, intel, nvidia, amd, canon, nikon, huawei
2025-09-21 04:54:07,089 - INFO - ========================================
2025-09-21 04:54:07,089 - INFO - Continuing from last processed niche: iphone
2025-09-21 04:54:07,090 - INFO - ========================================
2025-09-21 04:54:07,090 - INFO - 🎯 PROCESSING NICHE 3/14: 'samsung'
2025-09-21 04:54:07,090 - INFO - ========================================
2025-09-21 04:54:07,090 - INFO - 📁 Niche directory: /home/runner/work/potensitech.com/potensitech.com/languages/english/keywords/samsung
2025-09-21 04:54:07,090 - INFO - Selected region: us
2025-09-21 04:54:07,090 - INFO - Selected language: en
2025-09-21 04:54:07,090 - INFO - 🎯 Current niche: samsung
2025-09-21 04:54:13,354 - INFO - 🎯 Niche terms for filtering: samsung, cheap, best, latest, review, price, sell, buy, recommendation, tips, tutorial, guide, how to, vs, versus, compared to, comparison, alternatives, which is better, expensive, discount, deals, sale, affordable, cost, online, offline, marketplace, store, shop, retailer, where to buy, worst, quality, original, genuine, fake, replica, authentic, brand, manufacturer, company, product, samsung product, sell samsung, buy samsung, cheap samsung, best samsung, samsung review, where to buy samsung, how to choose samsung, top samsung, samsung guide, samsung for sale, samsung deals
2025-09-21 04:54:13,355 - INFO - Generated 50 niche-clue pairs for 'samsung'.
2025-09-21 04:54:13,358 - INFO - Expanded 50 seed keywords to 218 variations
2025-09-21 04:54:13,358 - INFO - 🔧 Request Handler initialized - Success rate: 100.0%
2025-09-21 04:58:38,251 - INFO - Original clue keywords: camera lens, image stabilization
2025-09-21 04:58:38,251 - INFO - Niche-focused seeds: camera lens samsung, samsung camera lens, camera lens cheap, cheap camera lens, camera lens best, best camera lens, camera lens latest, latest camera lens, camera lens review, review camera lens, camera lens price, price camera lens, camera lens sell, sell camera lens, camera lens buy, buy camera lens, camera lens recommendation, recommendation camera lens, camera lens tips, tips camera lens, camera lens tutorial, tutorial camera lens, camera lens guide, guide camera lens, camera lens how to, how to camera lens, camera lens vs, vs camera lens, camera lens versus, versus camera lens, camera lens compared to, compared to camera lens, camera lens comparison, comparison camera lens, camera lens alternatives, alternatives camera lens, camera lens which is better, which is better camera lens, camera lens expensive, expensive camera lens, camera lens discount, discount camera lens, camera lens deals, deals camera lens, camera lens sale, sale camera lens, camera lens affordable, affordable camera lens, camera lens cost, cost camera lens, camera lens online, online camera lens, camera lens offline, offline camera lens, camera lens marketplace, marketplace camera lens, camera lens store, store camera lens, camera lens shop, shop camera lens, camera lens retailer, retailer camera lens, camera lens where to buy, where to buy camera lens, camera lens worst, worst camera lens, camera lens quality, quality camera lens, camera lens original, original camera lens, camera lens genuine, genuine camera lens, camera lens fake, fake camera lens, camera lens replica, replica camera lens, camera lens authentic, authentic camera lens, camera lens brand, brand camera lens, camera lens manufacturer, manufacturer camera lens, camera lens company, company camera lens, camera lens product, product camera lens, camera lens samsung product, samsung product camera lens, camera lens sell samsung, sell samsung camera lens, camera lens buy samsung, buy samsung camera lens, camera lens cheap samsung, cheap samsung camera lens, camera lens best samsung, best samsung camera lens, camera lens samsung review, samsung review camera lens, camera lens where to buy samsung, where to buy samsung camera lens, camera lens how to choose samsung, how to choose samsung camera lens, camera lens top samsung, top samsung camera lens, camera lens samsung guide, samsung guide camera lens, camera lens samsung for sale, samsung for sale camera lens, camera lens samsung deals, samsung deals camera lens, image stabilization samsung, samsung image stabilization, image stabilization cheap, cheap image stabilization, image stabilization best, best image stabilization, image stabilization latest, latest image stabilization, image stabilization review, review image stabilization, image stabilization price, price image stabilization, image stabilization sell, sell image stabilization, image stabilization buy, buy image stabilization, image stabilization recommendation, recommendation image stabilization, image stabilization tips, tips image stabilization, image stabilization tutorial, tutorial image stabilization, image stabilization guide, guide image stabilization, image stabilization how to, how to image stabilization, image stabilization vs, vs image stabilization, image stabilization versus, versus image stabilization, image stabilization compared to, compared to image stabilization, image stabilization comparison, comparison image stabilization, image stabilization alternatives, alternatives image stabilization, image stabilization which is better, which is better image stabilization, image stabilization expensive, expensive image stabilization, image stabilization discount, discount image stabilization, image stabilization deals, deals image stabilization, image stabilization sale, sale image stabilization, image stabilization affordable, affordable image stabilization, image stabilization cost, cost image stabilization, image stabilization online, online image stabilization, image stabilization offline, offline image stabilization, image stabilization marketplace, marketplace image stabilization, image stabilization store, store image stabilization, image stabilization shop, shop image stabilization, image stabilization retailer, retailer image stabilization, image stabilization where to buy, where to buy image stabilization, image stabilization worst, worst image stabilization, image stabilization quality, quality image stabilization, image stabilization original, original image stabilization, image stabilization genuine, genuine image stabilization, image stabilization fake, fake image stabilization, image stabilization replica, replica image stabilization, image stabilization authentic, authentic image stabilization, image stabilization brand, brand image stabilization, image stabilization manufacturer, manufacturer image stabilization, image stabilization company, company image stabilization, image stabilization product, product image stabilization, image stabilization samsung product, samsung product image stabilization, image stabilization sell samsung, sell samsung image stabilization, image stabilization buy samsung, buy samsung image stabilization, image stabilization cheap samsung, cheap samsung image stabilization, image stabilization best samsung, best samsung image stabilization, image stabilization samsung review, samsung review image stabilization, image stabilization where to buy samsung, where to buy samsung image stabilization, image stabilization how to choose samsung, how to choose samsung image stabilization, image stabilization top samsung, top samsung image stabilization, image stabilization samsung guide, samsung guide image stabilization, image stabilization samsung for sale, samsung for sale image stabilization, image stabilization samsung deals, samsung deals image stabilization
2025-09-21 04:58:38,254 - INFO - Expanded 220 seed keywords to 385 variations
2025-09-21 04:58:38,254 - INFO - Language: en
2025-09-21 04:58:38,254 - INFO - Region: us
2025-09-21 05:03:08,455 - INFO - 🎯 After all filtering for 'samsung': 120 relevant keywords
2025-09-21 05:03:08,516 - INFO - 🎯 Found 5 new keywords for niche 'samsung': samsung affordable camera lens, samsung affordable image stabilization, cheap alternatives camera lens, cheap alternatives image stabilization, best authentic camera lens
2025-09-21 05:03:19,532 - INFO - ✅ Niche 'samsung' process complete! 40 total keyword results.
2025-09-21 05:03:19,532 - INFO - ✅ Completed processing niche: 'samsung'
2025-09-21 05:03:19,533 - INFO - 🔧 Request Handler final stats - Success rate: 100.0%
2025-09-21 05:03:19,533 - INFO -    Total requests: 8652, Blocks: 0
2025-09-21 05:03:19,534 - INFO - 
========================================
2025-09-21 05:03:19,534 - INFO - Process Summary:
2025-09-21 05:03:19,534 - INFO - - Current niche: 'samsung'
2025-09-21 05:03:19,534 - INFO - - Next niche will be: 'apple'
2025-09-21 05:03:19,534 - INFO - - Keywords saved in: languages/english/keywords/samsung/
2025-09-21 05:03:19,534 - INFO - ========================================
