2025-10-03 12:31:29,742 - INFO - Log file created at: /home/runner/work/potensitech.com/potensitech.com/languages/english/keywords/logs/kw_search_20251003_123129.log
2025-10-03 12:31:29,743 - INFO - ============================================================
2025-10-03 12:31:29,743 - INFO - AUTOMATIC KEYWORD RESEARCH TOOL
2025-10-03 12:31:29,743 - INFO - ============================================================
2025-10-03 12:31:29,874 - INFO - ========================================
2025-10-03 12:31:29,874 - INFO - Found 14 niches to process: xiaomi, iphone, samsung, apple, sony, asus, philips, sandisk, intel, nvidia, amd, canon, nikon, huawei
2025-10-03 12:31:29,874 - INFO - ========================================
2025-10-03 12:31:29,874 - INFO - Continuing from last processed niche: nikon
2025-10-03 12:31:29,874 - INFO - ========================================
2025-10-03 12:31:29,874 - INFO - 🎯 PROCESSING NICHE 14/14: 'huawei'
2025-10-03 12:31:29,874 - INFO - ========================================
2025-10-03 12:31:29,875 - INFO - 📁 Niche directory: /home/runner/work/potensitech.com/potensitech.com/languages/english/keywords/huawei
2025-10-03 12:31:29,875 - INFO - Selected region: us
2025-10-03 12:31:29,875 - INFO - Selected language: en
2025-10-03 12:31:29,875 - INFO - 🎯 Current niche: huawei
2025-10-03 12:31:33,102 - INFO - 🎯 Niche terms for filtering: huawei, cheap, best, latest, review, price, sell, buy, recommendation, tips, tutorial, guide, how to, vs, versus, compared to, comparison, alternatives, which is better, expensive, discount, deals, sale, affordable, cost, online, offline, marketplace, store, shop, retailer, where to buy, worst, quality, original, genuine, fake, replica, authentic, brand, manufacturer, company, product, huawei product, sell huawei, buy huawei, cheap huawei, best huawei, huawei review, where to buy huawei, how to choose huawei, top huawei, huawei guide, huawei for sale, huawei deals
2025-10-03 12:31:33,102 - INFO - Generated 50 niche-clue pairs for 'huawei'.
2025-10-03 12:31:33,105 - INFO - Expanded 50 seed keywords to 218 variations
2025-10-03 12:31:33,105 - INFO - 🔧 Request Handler initialized - Success rate: 100.0%
2025-10-03 12:35:52,048 - INFO - Original clue keywords: dslr quality, image quality
2025-10-03 12:35:52,048 - INFO - Niche-focused seeds: dslr quality, image quality
2025-10-03 12:35:52,051 - INFO - Expanded 2 seed keywords to 32 variations
2025-10-03 12:35:52,051 - INFO - Language: en
2025-10-03 12:35:52,051 - INFO - Region: us
2025-10-03 12:39:47,223 - INFO - 🎯 After all filtering for 'huawei': 120 relevant keywords
2025-10-03 12:39:47,243 - INFO - 🎯 Found 5 new keywords for niche 'huawei': huawei dslr quality, cheap dslr quality, best dslr quality, how to dslr quality, huawei image quality
2025-10-03 12:39:54,260 - INFO - ✅ Niche 'huawei' process complete! 79 total keyword results.
2025-10-03 12:39:54,260 - INFO - ✅ Completed processing niche: 'huawei'
2025-10-03 12:39:54,260 - INFO - 🔧 Request Handler final stats - Success rate: 100.0%
2025-10-03 12:39:54,260 - INFO -    Total requests: 17713, Blocks: 0
2025-10-03 12:39:54,261 - INFO - 
========================================
2025-10-03 12:39:54,261 - INFO - Process Summary:
2025-10-03 12:39:54,261 - INFO - - Current niche: 'huawei'
2025-10-03 12:39:54,261 - INFO - - Next niche will be: 'xiaomi'
2025-10-03 12:39:54,261 - INFO - - Keywords saved in: languages/english/keywords/huawei/
2025-10-03 12:39:54,262 - INFO - ========================================
