2025-09-19 19:22:44,972 - INFO - Log file created at: /home/runner/work/potensitech.com/potensitech.com/languages/english/keywords/logs/kw_search_20250919_192244.log
2025-09-19 19:22:44,972 - INFO - ============================================================
2025-09-19 19:22:44,972 - INFO - AUTOMATIC KEYWORD RESEARCH TOOL
2025-09-19 19:22:44,972 - INFO - ============================================================
2025-09-19 19:22:45,082 - INFO - ========================================
2025-09-19 19:22:45,083 - INFO - Found 14 niches to process: xiaomi, iphone, samsung, apple, sony, asus, philips, sandisk, intel, nvidia, amd, canon, nikon, huawei
2025-09-19 19:22:45,083 - INFO - ========================================
2025-09-19 19:22:45,083 - INFO - Continuing from last processed niche: iphone
2025-09-19 19:22:45,083 - INFO - ========================================
2025-09-19 19:22:45,083 - INFO - 🎯 PROCESSING NICHE 3/14: 'samsung'
2025-09-19 19:22:45,083 - INFO - ========================================
2025-09-19 19:22:45,083 - INFO - 📁 Niche directory: /home/runner/work/potensitech.com/potensitech.com/languages/english/keywords/samsung
2025-09-19 19:22:45,083 - INFO - Selected region: us
2025-09-19 19:22:45,083 - INFO - Selected language: en
2025-09-19 19:22:45,083 - INFO - 🎯 Current niche: samsung
2025-09-19 19:22:52,250 - INFO - 🎯 Niche terms for filtering: samsung, cheap, best, latest, review, price, sell, buy, recommendation, tips, tutorial, guide, how to, vs, versus, compared to, comparison, alternatives, which is better, expensive, discount, deals, sale, affordable, cost, online, offline, marketplace, store, shop, retailer, where to buy, worst, quality, original, genuine, fake, replica, authentic, brand, manufacturer, company, product, samsung product, sell samsung, buy samsung, cheap samsung, best samsung, samsung review, where to buy samsung, how to choose samsung, top samsung, samsung guide, samsung for sale, samsung deals
2025-09-19 19:22:52,251 - INFO - Generated 50 niche-clue pairs for 'samsung'.
2025-09-19 19:22:52,253 - INFO - Expanded 50 seed keywords to 218 variations
2025-09-19 19:22:52,254 - INFO - 🔧 Request Handler initialized - Success rate: 100.0%
2025-09-19 19:27:15,714 - INFO - Original clue keywords: camera resolution, autofocus speed
2025-09-19 19:27:15,715 - INFO - Niche-focused seeds: camera resolution samsung, samsung camera resolution, camera resolution cheap, cheap camera resolution, camera resolution best, best camera resolution, camera resolution latest, latest camera resolution, camera resolution review, review camera resolution, camera resolution price, price camera resolution, camera resolution sell, sell camera resolution, camera resolution buy, buy camera resolution, camera resolution recommendation, recommendation camera resolution, camera resolution tips, tips camera resolution, camera resolution tutorial, tutorial camera resolution, camera resolution guide, guide camera resolution, camera resolution how to, how to camera resolution, camera resolution vs, vs camera resolution, camera resolution versus, versus camera resolution, camera resolution compared to, compared to camera resolution, camera resolution comparison, comparison camera resolution, camera resolution alternatives, alternatives camera resolution, camera resolution which is better, which is better camera resolution, camera resolution expensive, expensive camera resolution, camera resolution discount, discount camera resolution, camera resolution deals, deals camera resolution, camera resolution sale, sale camera resolution, camera resolution affordable, affordable camera resolution, camera resolution cost, cost camera resolution, camera resolution online, online camera resolution, camera resolution offline, offline camera resolution, camera resolution marketplace, marketplace camera resolution, camera resolution store, store camera resolution, camera resolution shop, shop camera resolution, camera resolution retailer, retailer camera resolution, camera resolution where to buy, where to buy camera resolution, camera resolution worst, worst camera resolution, camera resolution quality, quality camera resolution, camera resolution original, original camera resolution, camera resolution genuine, genuine camera resolution, camera resolution fake, fake camera resolution, camera resolution replica, replica camera resolution, camera resolution authentic, authentic camera resolution, camera resolution brand, brand camera resolution, camera resolution manufacturer, manufacturer camera resolution, camera resolution company, company camera resolution, camera resolution product, product camera resolution, camera resolution samsung product, samsung product camera resolution, camera resolution sell samsung, sell samsung camera resolution, camera resolution buy samsung, buy samsung camera resolution, camera resolution cheap samsung, cheap samsung camera resolution, camera resolution best samsung, best samsung camera resolution, camera resolution samsung review, samsung review camera resolution, camera resolution where to buy samsung, where to buy samsung camera resolution, camera resolution how to choose samsung, how to choose samsung camera resolution, camera resolution top samsung, top samsung camera resolution, camera resolution samsung guide, samsung guide camera resolution, camera resolution samsung for sale, samsung for sale camera resolution, camera resolution samsung deals, samsung deals camera resolution, autofocus speed samsung, samsung autofocus speed, autofocus speed cheap, cheap autofocus speed, autofocus speed best, best autofocus speed, autofocus speed latest, latest autofocus speed, autofocus speed review, review autofocus speed, autofocus speed price, price autofocus speed, autofocus speed sell, sell autofocus speed, autofocus speed buy, buy autofocus speed, autofocus speed recommendation, recommendation autofocus speed, autofocus speed tips, tips autofocus speed, autofocus speed tutorial, tutorial autofocus speed, autofocus speed guide, guide autofocus speed, autofocus speed how to, how to autofocus speed, autofocus speed vs, vs autofocus speed, autofocus speed versus, versus autofocus speed, autofocus speed compared to, compared to autofocus speed, autofocus speed comparison, comparison autofocus speed, autofocus speed alternatives, alternatives autofocus speed, autofocus speed which is better, which is better autofocus speed, autofocus speed expensive, expensive autofocus speed, autofocus speed discount, discount autofocus speed, autofocus speed deals, deals autofocus speed, autofocus speed sale, sale autofocus speed, autofocus speed affordable, affordable autofocus speed, autofocus speed cost, cost autofocus speed, autofocus speed online, online autofocus speed, autofocus speed offline, offline autofocus speed, autofocus speed marketplace, marketplace autofocus speed, autofocus speed store, store autofocus speed, autofocus speed shop, shop autofocus speed, autofocus speed retailer, retailer autofocus speed, autofocus speed where to buy, where to buy autofocus speed, autofocus speed worst, worst autofocus speed, autofocus speed quality, quality autofocus speed, autofocus speed original, original autofocus speed, autofocus speed genuine, genuine autofocus speed, autofocus speed fake, fake autofocus speed, autofocus speed replica, replica autofocus speed, autofocus speed authentic, authentic autofocus speed, autofocus speed brand, brand autofocus speed, autofocus speed manufacturer, manufacturer autofocus speed, autofocus speed company, company autofocus speed, autofocus speed product, product autofocus speed, autofocus speed samsung product, samsung product autofocus speed, autofocus speed sell samsung, sell samsung autofocus speed, autofocus speed buy samsung, buy samsung autofocus speed, autofocus speed cheap samsung, cheap samsung autofocus speed, autofocus speed best samsung, best samsung autofocus speed, autofocus speed samsung review, samsung review autofocus speed, autofocus speed where to buy samsung, where to buy samsung autofocus speed, autofocus speed how to choose samsung, how to choose samsung autofocus speed, autofocus speed top samsung, top samsung autofocus speed, autofocus speed samsung guide, samsung guide autofocus speed, autofocus speed samsung for sale, samsung for sale autofocus speed, autofocus speed samsung deals, samsung deals autofocus speed
2025-09-19 19:27:15,718 - INFO - Expanded 220 seed keywords to 385 variations
2025-09-19 19:27:15,718 - INFO - Language: en
2025-09-19 19:27:15,718 - INFO - Region: us
2025-09-19 19:31:50,640 - INFO - 🎯 After all filtering for 'samsung': 120 relevant keywords
2025-09-19 19:31:50,696 - INFO - 🎯 Found 5 new keywords for niche 'samsung': samsung affordable autofocus speed, samsung affordable camera resolution, cheap alternatives autofocus speed, cheap alternatives camera resolution, best authentic autofocus speed
2025-09-19 19:32:08,800 - INFO - ✅ Niche 'samsung' process complete! 36 total keyword results.
2025-09-19 19:32:08,800 - INFO - ✅ Completed processing niche: 'samsung'
2025-09-19 19:32:08,800 - INFO - 🔧 Request Handler final stats - Success rate: 100.0%
2025-09-19 19:32:08,800 - INFO -    Total requests: 7403, Blocks: 0
2025-09-19 19:32:08,801 - INFO - 
========================================
2025-09-19 19:32:08,801 - INFO - Process Summary:
2025-09-19 19:32:08,801 - INFO - - Current niche: 'samsung'
2025-09-19 19:32:08,802 - INFO - - Next niche will be: 'apple'
2025-09-19 19:32:08,802 - INFO - - Keywords saved in: languages/english/keywords/samsung/
2025-09-19 19:32:08,802 - INFO - ========================================
