2025-11-10 14:39:51,626 - INFO - Log file created at: /home/runner/work/potensitech.com/potensitech.com/languages/english/keywords/logs/kw_search_20251110_143951.log
2025-11-10 14:39:51,626 - INFO - ============================================================
2025-11-10 14:39:51,626 - INFO - AUTOMATIC KEYWORD RESEARCH TOOL
2025-11-10 14:39:51,626 - INFO - ============================================================
2025-11-10 14:39:51,821 - INFO - ========================================
2025-11-10 14:39:51,821 - INFO - Found 14 niches to process: xiaomi, iphone, samsung, apple, sony, asus, philips, sandisk, intel, nvidia, amd, canon, nikon, huawei
2025-11-10 14:39:51,821 - INFO - ========================================
2025-11-10 14:39:51,821 - INFO - Continuing from last processed niche: nikon
2025-11-10 14:39:51,821 - INFO - ========================================
2025-11-10 14:39:51,821 - INFO - 🎯 PROCESSING NICHE 14/14: 'huawei'
2025-11-10 14:39:51,821 - INFO - ========================================
2025-11-10 14:39:51,821 - INFO - 📁 Niche directory: /home/runner/work/potensitech.com/potensitech.com/languages/english/keywords/huawei
2025-11-10 14:39:51,822 - INFO - Selected region: us
2025-11-10 14:39:51,822 - INFO - Selected language: en
2025-11-10 14:39:51,822 - INFO - 🎯 Current niche: huawei
2025-11-10 14:39:54,878 - INFO - 🎯 Niche terms for filtering: huawei, cheap, best, latest, review, price, sell, buy, recommendation, tips, tutorial, guide, how to, vs, versus, compared to, comparison, alternatives, which is better, expensive, discount, deals, sale, affordable, cost, online, offline, marketplace, store, shop, retailer, where to buy, worst, quality, original, genuine, fake, replica, authentic, brand, manufacturer, company, product, huawei product, sell huawei, buy huawei, cheap huawei, best huawei, huawei review, where to buy huawei, how to choose huawei, top huawei, huawei guide, huawei for sale, huawei deals
2025-11-10 14:39:54,879 - INFO - Generated 50 niche-clue pairs for 'huawei'.
2025-11-10 14:39:54,882 - INFO - Expanded 50 seed keywords to 218 variations
2025-11-10 14:39:54,882 - INFO - 🔧 Request Handler initialized - Success rate: 100.0%
2025-11-10 14:44:19,091 - INFO - Original clue keywords: processor performance, core efficiency
2025-11-10 14:44:19,091 - INFO - Niche-focused seeds: processor performance huawei, huawei processor performance, processor performance cheap, cheap processor performance, processor performance best, best processor performance, processor performance latest, latest processor performance, processor performance review, review processor performance, processor performance price, price processor performance, processor performance sell, sell processor performance, processor performance buy, buy processor performance, processor performance recommendation, recommendation processor performance, processor performance tips, tips processor performance, processor performance tutorial, tutorial processor performance, processor performance guide, guide processor performance, processor performance how to, how to processor performance, processor performance vs, vs processor performance, processor performance versus, versus processor performance, processor performance compared to, compared to processor performance, processor performance comparison, comparison processor performance, processor performance alternatives, alternatives processor performance, processor performance which is better, which is better processor performance, processor performance expensive, expensive processor performance, processor performance discount, discount processor performance, processor performance deals, deals processor performance, processor performance sale, sale processor performance, processor performance affordable, affordable processor performance, processor performance cost, cost processor performance, processor performance online, online processor performance, processor performance offline, offline processor performance, processor performance marketplace, marketplace processor performance, processor performance store, store processor performance, processor performance shop, shop processor performance, processor performance retailer, retailer processor performance, processor performance where to buy, where to buy processor performance, processor performance worst, worst processor performance, processor performance quality, quality processor performance, processor performance original, original processor performance, processor performance genuine, genuine processor performance, processor performance fake, fake processor performance, processor performance replica, replica processor performance, processor performance authentic, authentic processor performance, processor performance brand, brand processor performance, processor performance manufacturer, manufacturer processor performance, processor performance company, company processor performance, processor performance product, product processor performance, processor performance huawei product, huawei product processor performance, processor performance sell huawei, sell huawei processor performance, processor performance buy huawei, buy huawei processor performance, processor performance cheap huawei, cheap huawei processor performance, processor performance best huawei, best huawei processor performance, processor performance huawei review, huawei review processor performance, processor performance where to buy huawei, where to buy huawei processor performance, processor performance how to choose huawei, how to choose huawei processor performance, processor performance top huawei, top huawei processor performance, processor performance huawei guide, huawei guide processor performance, processor performance huawei for sale, huawei for sale processor performance, processor performance huawei deals, huawei deals processor performance, core efficiency huawei, huawei core efficiency, core efficiency cheap, cheap core efficiency, core efficiency best, best core efficiency, core efficiency latest, latest core efficiency, core efficiency review, review core efficiency, core efficiency price, price core efficiency, core efficiency sell, sell core efficiency, core efficiency buy, buy core efficiency, core efficiency recommendation, recommendation core efficiency, core efficiency tips, tips core efficiency, core efficiency tutorial, tutorial core efficiency, core efficiency guide, guide core efficiency, core efficiency how to, how to core efficiency, core efficiency vs, vs core efficiency, core efficiency versus, versus core efficiency, core efficiency compared to, compared to core efficiency, core efficiency comparison, comparison core efficiency, core efficiency alternatives, alternatives core efficiency, core efficiency which is better, which is better core efficiency, core efficiency expensive, expensive core efficiency, core efficiency discount, discount core efficiency, core efficiency deals, deals core efficiency, core efficiency sale, sale core efficiency, core efficiency affordable, affordable core efficiency, core efficiency cost, cost core efficiency, core efficiency online, online core efficiency, core efficiency offline, offline core efficiency, core efficiency marketplace, marketplace core efficiency, core efficiency store, store core efficiency, core efficiency shop, shop core efficiency, core efficiency retailer, retailer core efficiency, core efficiency where to buy, where to buy core efficiency, core efficiency worst, worst core efficiency, core efficiency quality, quality core efficiency, core efficiency original, original core efficiency, core efficiency genuine, genuine core efficiency, core efficiency fake, fake core efficiency, core efficiency replica, replica core efficiency, core efficiency authentic, authentic core efficiency, core efficiency brand, brand core efficiency, core efficiency manufacturer, manufacturer core efficiency, core efficiency company, company core efficiency, core efficiency product, product core efficiency, core efficiency huawei product, huawei product core efficiency, core efficiency sell huawei, sell huawei core efficiency, core efficiency buy huawei, buy huawei core efficiency, core efficiency cheap huawei, cheap huawei core efficiency, core efficiency best huawei, best huawei core efficiency, core efficiency huawei review, huawei review core efficiency, core efficiency where to buy huawei, where to buy huawei core efficiency, core efficiency how to choose huawei, how to choose huawei core efficiency, core efficiency top huawei, top huawei core efficiency, core efficiency huawei guide, huawei guide core efficiency, core efficiency huawei for sale, huawei for sale core efficiency, core efficiency huawei deals, huawei deals core efficiency
2025-11-10 14:44:19,094 - INFO - Expanded 220 seed keywords to 385 variations
2025-11-10 14:44:19,094 - INFO - Language: en
2025-11-10 14:44:19,094 - INFO - Region: us
2025-11-10 14:48:47,643 - INFO - 🎯 After all filtering for 'huawei': 120 relevant keywords
2025-11-10 14:48:48,215 - INFO - 🎯 Found 5 new keywords for niche 'huawei': huawei affordable core efficiency, huawei affordable processor performance, cheap alternatives core efficiency, best authentic core efficiency, how to brand core efficiency
2025-11-10 14:49:00,090 - INFO - ✅ Niche 'huawei' process complete! 226 total keyword results.
2025-11-10 14:49:00,090 - INFO - ✅ Completed processing niche: 'huawei'
2025-11-10 14:49:00,090 - INFO - 🔧 Request Handler final stats - Success rate: 100.0%
2025-11-10 14:49:00,090 - INFO -    Total requests: 39852, Blocks: 0
2025-11-10 14:49:00,091 - INFO - 
========================================
2025-11-10 14:49:00,092 - INFO - Process Summary:
2025-11-10 14:49:00,092 - INFO - - Current niche: 'huawei'
2025-11-10 14:49:00,092 - INFO - - Next niche will be: 'xiaomi'
2025-11-10 14:49:00,092 - INFO - - Keywords saved in: languages/english/keywords/huawei/
2025-11-10 14:49:00,092 - INFO - ========================================
