2025-10-05 07:25:43,944 - INFO - Log file created at: /home/runner/work/potensitech.com/potensitech.com/languages/english/keywords/logs/kw_search_20251005_072543.log
2025-10-05 07:25:43,944 - INFO - ============================================================
2025-10-05 07:25:43,945 - INFO - AUTOMATIC KEYWORD RESEARCH TOOL
2025-10-05 07:25:43,945 - INFO - ============================================================
2025-10-05 07:25:44,110 - INFO - ========================================
2025-10-05 07:25:44,111 - INFO - Found 14 niches to process: xiaomi, iphone, samsung, apple, sony, asus, philips, sandisk, intel, nvidia, amd, canon, nikon, huawei
2025-10-05 07:25:44,111 - INFO - ========================================
2025-10-05 07:25:44,111 - INFO - Continuing from last processed niche: samsung
2025-10-05 07:25:44,111 - INFO - ========================================
2025-10-05 07:25:44,111 - INFO - 🎯 PROCESSING NICHE 4/14: 'apple'
2025-10-05 07:25:44,111 - INFO - ========================================
2025-10-05 07:25:44,111 - INFO - 📁 Niche directory: /home/runner/work/potensitech.com/potensitech.com/languages/english/keywords/apple
2025-10-05 07:25:44,111 - INFO - Selected region: us
2025-10-05 07:25:44,112 - INFO - Selected language: en
2025-10-05 07:25:44,112 - INFO - 🎯 Current niche: apple
2025-10-05 07:25:47,087 - INFO - 🎯 Niche terms for filtering: apple, cheap, best, latest, review, price, sell, buy, recommendation, tips, tutorial, guide, how to, vs, versus, compared to, comparison, alternatives, which is better, expensive, discount, deals, sale, affordable, cost, online, offline, marketplace, store, shop, retailer, where to buy, worst, quality, original, genuine, fake, replica, authentic, brand, manufacturer, company, product, apple product, sell apple, buy apple, cheap apple, best apple, apple review, where to buy apple, how to choose apple, top apple, apple guide, apple for sale, apple deals
2025-10-05 07:25:47,088 - INFO - Generated 50 niche-clue pairs for 'apple'.
2025-10-05 07:25:47,091 - INFO - Expanded 50 seed keywords to 218 variations
2025-10-05 07:25:47,091 - INFO - 🔧 Request Handler initialized - Success rate: 100.0%
2025-10-05 07:30:10,131 - INFO - Original clue keywords: dslr quality, processor performance
2025-10-05 07:30:10,131 - INFO - Niche-focused seeds: dslr quality, processor performance apple, apple processor performance, processor performance cheap, cheap processor performance, processor performance best, best processor performance, processor performance latest, latest processor performance, processor performance review, review processor performance, processor performance price, price processor performance, processor performance sell, sell processor performance, processor performance buy, buy processor performance, processor performance recommendation, recommendation processor performance, processor performance tips, tips processor performance, processor performance tutorial, tutorial processor performance, processor performance guide, guide processor performance, processor performance how to, how to processor performance, processor performance vs, vs processor performance, processor performance versus, versus processor performance, processor performance compared to, compared to processor performance, processor performance comparison, comparison processor performance, processor performance alternatives, alternatives processor performance, processor performance which is better, which is better processor performance, processor performance expensive, expensive processor performance, processor performance discount, discount processor performance, processor performance deals, deals processor performance, processor performance sale, sale processor performance, processor performance affordable, affordable processor performance, processor performance cost, cost processor performance, processor performance online, online processor performance, processor performance offline, offline processor performance, processor performance marketplace, marketplace processor performance, processor performance store, store processor performance, processor performance shop, shop processor performance, processor performance retailer, retailer processor performance, processor performance where to buy, where to buy processor performance, processor performance worst, worst processor performance, processor performance quality, quality processor performance, processor performance original, original processor performance, processor performance genuine, genuine processor performance, processor performance fake, fake processor performance, processor performance replica, replica processor performance, processor performance authentic, authentic processor performance, processor performance brand, brand processor performance, processor performance manufacturer, manufacturer processor performance, processor performance company, company processor performance, processor performance product, product processor performance, processor performance apple product, apple product processor performance, processor performance sell apple, sell apple processor performance, processor performance buy apple, buy apple processor performance, processor performance cheap apple, cheap apple processor performance, processor performance best apple, best apple processor performance, processor performance apple review, apple review processor performance, processor performance where to buy apple, where to buy apple processor performance, processor performance how to choose apple, how to choose apple processor performance, processor performance top apple, top apple processor performance, processor performance apple guide, apple guide processor performance, processor performance apple for sale, apple for sale processor performance, processor performance apple deals, apple deals processor performance
2025-10-05 07:30:10,134 - INFO - Expanded 111 seed keywords to 276 variations
2025-10-05 07:30:10,134 - INFO - Language: en
2025-10-05 07:30:10,134 - INFO - Region: us
2025-10-05 07:34:05,539 - INFO - 🎯 After all filtering for 'apple': 120 relevant keywords
2025-10-05 07:34:05,560 - INFO - 🎯 Found 5 new keywords for niche 'apple': apple dslr quality, cheap dslr quality, best dslr quality, how to dslr quality, apple affordable processor performance
2025-10-05 07:34:15,675 - INFO - ✅ Niche 'apple' process complete! 78 total keyword results.
2025-10-05 07:34:15,675 - INFO - ✅ Completed processing niche: 'apple'
2025-10-05 07:34:15,675 - INFO - 🔧 Request Handler final stats - Success rate: 100.0%
2025-10-05 07:34:15,675 - INFO -    Total requests: 19211, Blocks: 0
2025-10-05 07:34:15,676 - INFO - 
========================================
2025-10-05 07:34:15,677 - INFO - Process Summary:
2025-10-05 07:34:15,677 - INFO - - Current niche: 'apple'
2025-10-05 07:34:15,677 - INFO - - Next niche will be: 'sony'
2025-10-05 07:34:15,677 - INFO - - Keywords saved in: languages/english/keywords/apple/
2025-10-05 07:34:15,677 - INFO - ========================================
