2025-11-15 07:27:27,445 - INFO - Log file created at: /home/runner/work/potensitech.com/potensitech.com/languages/english/keywords/logs/kw_search_20251115_072727.log
2025-11-15 07:27:27,445 - INFO - ============================================================
2025-11-15 07:27:27,445 - INFO - AUTOMATIC KEYWORD RESEARCH TOOL
2025-11-15 07:27:27,445 - INFO - ============================================================
2025-11-15 07:27:27,645 - INFO - ========================================
2025-11-15 07:27:27,645 - INFO - Found 14 niches to process: xiaomi, iphone, samsung, apple, sony, asus, philips, sandisk, intel, nvidia, amd, canon, nikon, huawei
2025-11-15 07:27:27,645 - INFO - ========================================
2025-11-15 07:27:27,645 - INFO - Continuing from last processed niche: apple
2025-11-15 07:27:27,645 - INFO - ========================================
2025-11-15 07:27:27,645 - INFO - 🎯 PROCESSING NICHE 5/14: 'sony'
2025-11-15 07:27:27,645 - INFO - ========================================
2025-11-15 07:27:27,646 - INFO - 📁 Niche directory: /home/runner/work/potensitech.com/potensitech.com/languages/english/keywords/sony
2025-11-15 07:27:27,646 - INFO - Selected region: us
2025-11-15 07:27:27,646 - INFO - Selected language: en
2025-11-15 07:27:27,646 - INFO - 🎯 Current niche: sony
2025-11-15 07:27:31,080 - INFO - 🎯 Niche terms for filtering: sony, cheap, best, latest, review, price, sell, buy, recommendation, tips, tutorial, guide, how to, vs, versus, compared to, comparison, alternatives, which is better, expensive, discount, deals, sale, affordable, cost, online, offline, marketplace, store, shop, retailer, where to buy, worst, quality, original, genuine, fake, replica, authentic, brand, manufacturer, company, product, sony product, sell sony, buy sony, cheap sony, best sony, sony review, where to buy sony, how to choose sony, top sony, sony guide, sony for sale, sony deals
2025-11-15 07:27:31,080 - INFO - Generated 50 niche-clue pairs for 'sony'.
2025-11-15 07:27:31,083 - INFO - Expanded 50 seed keywords to 218 variations
2025-11-15 07:27:31,083 - INFO - 🔧 Request Handler initialized - Success rate: 100.0%
2025-11-15 07:31:55,278 - INFO - Original clue keywords: camera lenses, dslr photography
2025-11-15 07:31:55,278 - INFO - Niche-focused seeds: camera lenses sony, sony camera lenses, camera lenses cheap, cheap camera lenses, camera lenses best, best camera lenses, camera lenses latest, latest camera lenses, camera lenses review, review camera lenses, camera lenses price, price camera lenses, camera lenses sell, sell camera lenses, camera lenses buy, buy camera lenses, camera lenses recommendation, recommendation camera lenses, camera lenses tips, tips camera lenses, camera lenses tutorial, tutorial camera lenses, camera lenses guide, guide camera lenses, camera lenses how to, how to camera lenses, camera lenses vs, vs camera lenses, camera lenses versus, versus camera lenses, camera lenses compared to, compared to camera lenses, camera lenses comparison, comparison camera lenses, camera lenses alternatives, alternatives camera lenses, camera lenses which is better, which is better camera lenses, camera lenses expensive, expensive camera lenses, camera lenses discount, discount camera lenses, camera lenses deals, deals camera lenses, camera lenses sale, sale camera lenses, camera lenses affordable, affordable camera lenses, camera lenses cost, cost camera lenses, camera lenses online, online camera lenses, camera lenses offline, offline camera lenses, camera lenses marketplace, marketplace camera lenses, camera lenses store, store camera lenses, camera lenses shop, shop camera lenses, camera lenses retailer, retailer camera lenses, camera lenses where to buy, where to buy camera lenses, camera lenses worst, worst camera lenses, camera lenses quality, quality camera lenses, camera lenses original, original camera lenses, camera lenses genuine, genuine camera lenses, camera lenses fake, fake camera lenses, camera lenses replica, replica camera lenses, camera lenses authentic, authentic camera lenses, camera lenses brand, brand camera lenses, camera lenses manufacturer, manufacturer camera lenses, camera lenses company, company camera lenses, camera lenses product, product camera lenses, camera lenses sony product, sony product camera lenses, camera lenses sell sony, sell sony camera lenses, camera lenses buy sony, buy sony camera lenses, camera lenses cheap sony, cheap sony camera lenses, camera lenses best sony, best sony camera lenses, camera lenses sony review, sony review camera lenses, camera lenses where to buy sony, where to buy sony camera lenses, camera lenses how to choose sony, how to choose sony camera lenses, camera lenses top sony, top sony camera lenses, camera lenses sony guide, sony guide camera lenses, camera lenses sony for sale, sony for sale camera lenses, camera lenses sony deals, sony deals camera lenses, dslr photography sony, sony dslr photography, dslr photography cheap, cheap dslr photography, dslr photography best, best dslr photography, dslr photography latest, latest dslr photography, dslr photography review, review dslr photography, dslr photography price, price dslr photography, dslr photography sell, sell dslr photography, dslr photography buy, buy dslr photography, dslr photography recommendation, recommendation dslr photography, dslr photography tips, tips dslr photography, dslr photography tutorial, tutorial dslr photography, dslr photography guide, guide dslr photography, dslr photography how to, how to dslr photography, dslr photography vs, vs dslr photography, dslr photography versus, versus dslr photography, dslr photography compared to, compared to dslr photography, dslr photography comparison, comparison dslr photography, dslr photography alternatives, alternatives dslr photography, dslr photography which is better, which is better dslr photography, dslr photography expensive, expensive dslr photography, dslr photography discount, discount dslr photography, dslr photography deals, deals dslr photography, dslr photography sale, sale dslr photography, dslr photography affordable, affordable dslr photography, dslr photography cost, cost dslr photography, dslr photography online, online dslr photography, dslr photography offline, offline dslr photography, dslr photography marketplace, marketplace dslr photography, dslr photography store, store dslr photography, dslr photography shop, shop dslr photography, dslr photography retailer, retailer dslr photography, dslr photography where to buy, where to buy dslr photography, dslr photography worst, worst dslr photography, dslr photography quality, quality dslr photography, dslr photography original, original dslr photography, dslr photography genuine, genuine dslr photography, dslr photography fake, fake dslr photography, dslr photography replica, replica dslr photography, dslr photography authentic, authentic dslr photography, dslr photography brand, brand dslr photography, dslr photography manufacturer, manufacturer dslr photography, dslr photography company, company dslr photography, dslr photography product, product dslr photography, dslr photography sony product, sony product dslr photography, dslr photography sell sony, sell sony dslr photography, dslr photography buy sony, buy sony dslr photography, dslr photography cheap sony, cheap sony dslr photography, dslr photography best sony, best sony dslr photography, dslr photography sony review, sony review dslr photography, dslr photography where to buy sony, where to buy sony dslr photography, dslr photography how to choose sony, how to choose sony dslr photography, dslr photography top sony, top sony dslr photography, dslr photography sony guide, sony guide dslr photography, dslr photography sony for sale, sony for sale dslr photography, dslr photography sony deals, sony deals dslr photography
2025-11-15 07:31:55,281 - INFO - Expanded 220 seed keywords to 385 variations
2025-11-15 07:31:55,281 - INFO - Language: en
2025-11-15 07:31:55,281 - INFO - Region: us
2025-11-15 07:34:37,109 - INFO - 🎯 After all filtering for 'sony': 120 relevant keywords
2025-11-15 07:34:37,470 - INFO - 🎯 Found 5 new keywords for niche 'sony': sony affordable camera lenses, sony affordable dslr photography, cheap alternatives camera lenses, cheap alternatives dslr photography, best authentic camera lenses
2025-11-15 07:34:46,358 - INFO - ✅ Niche 'sony' process complete! 203 total keyword results.
2025-11-15 07:34:46,359 - INFO - ✅ Completed processing niche: 'sony'
2025-11-15 07:34:46,359 - INFO - 🔧 Request Handler final stats - Success rate: 100.0%
2025-11-15 07:34:46,359 - INFO -    Total requests: 43107, Blocks: 0
2025-11-15 07:34:46,360 - INFO - 
========================================
2025-11-15 07:34:46,360 - INFO - Process Summary:
2025-11-15 07:34:46,360 - INFO - - Current niche: 'sony'
2025-11-15 07:34:46,360 - INFO - - Next niche will be: 'asus'
2025-11-15 07:34:46,360 - INFO - - Keywords saved in: languages/english/keywords/sony/
2025-11-15 07:34:46,360 - INFO - ========================================
