2025-09-27 03:06:31,234 - INFO - Log file created at: /home/runner/work/potensitech.com/potensitech.com/languages/english/keywords/logs/kw_search_20250927_030631.log
2025-09-27 03:06:31,234 - INFO - ============================================================
2025-09-27 03:06:31,234 - INFO - AUTOMATIC KEYWORD RESEARCH TOOL
2025-09-27 03:06:31,234 - INFO - ============================================================
2025-09-27 03:06:31,371 - INFO - ========================================
2025-09-27 03:06:31,371 - INFO - Found 14 niches to process: xiaomi, iphone, samsung, apple, sony, asus, philips, sandisk, intel, nvidia, amd, canon, nikon, huawei
2025-09-27 03:06:31,371 - INFO - ========================================
2025-09-27 03:06:31,371 - INFO - Continuing from last processed niche: sony
2025-09-27 03:06:31,371 - INFO - ========================================
2025-09-27 03:06:31,372 - INFO - 🎯 PROCESSING NICHE 6/14: 'asus'
2025-09-27 03:06:31,372 - INFO - ========================================
2025-09-27 03:06:31,372 - INFO - 📁 Niche directory: /home/runner/work/potensitech.com/potensitech.com/languages/english/keywords/asus
2025-09-27 03:06:31,372 - INFO - Selected region: us
2025-09-27 03:06:31,372 - INFO - Selected language: en
2025-09-27 03:06:31,372 - INFO - 🎯 Current niche: asus
2025-09-27 03:06:33,948 - INFO - 🎯 Niche terms for filtering: asus, cheap, best, latest, review, price, sell, buy, recommendation, tips, tutorial, guide, how to, vs, versus, compared to, comparison, alternatives, which is better, expensive, discount, deals, sale, affordable, cost, online, offline, marketplace, store, shop, retailer, where to buy, worst, quality, original, genuine, fake, replica, authentic, brand, manufacturer, company, product, asus product, sell asus, buy asus, cheap asus, best asus, asus review, where to buy asus, how to choose asus, top asus, asus guide, asus for sale, asus deals
2025-09-27 03:06:33,948 - INFO - Generated 50 niche-clue pairs for 'asus'.
2025-09-27 03:06:33,951 - INFO - Expanded 50 seed keywords to 218 variations
2025-09-27 03:06:33,952 - INFO - 🔧 Request Handler initialized - Success rate: 100.0%
2025-09-27 03:11:02,236 - INFO - Original clue keywords: camera quality, image stabilization
2025-09-27 03:11:02,236 - INFO - Niche-focused seeds: camera quality, image stabilization asus, asus image stabilization, image stabilization cheap, cheap image stabilization, image stabilization best, best image stabilization, image stabilization latest, latest image stabilization, image stabilization review, review image stabilization, image stabilization price, price image stabilization, image stabilization sell, sell image stabilization, image stabilization buy, buy image stabilization, image stabilization recommendation, recommendation image stabilization, image stabilization tips, tips image stabilization, image stabilization tutorial, tutorial image stabilization, image stabilization guide, guide image stabilization, image stabilization how to, how to image stabilization, image stabilization vs, vs image stabilization, image stabilization versus, versus image stabilization, image stabilization compared to, compared to image stabilization, image stabilization comparison, comparison image stabilization, image stabilization alternatives, alternatives image stabilization, image stabilization which is better, which is better image stabilization, image stabilization expensive, expensive image stabilization, image stabilization discount, discount image stabilization, image stabilization deals, deals image stabilization, image stabilization sale, sale image stabilization, image stabilization affordable, affordable image stabilization, image stabilization cost, cost image stabilization, image stabilization online, online image stabilization, image stabilization offline, offline image stabilization, image stabilization marketplace, marketplace image stabilization, image stabilization store, store image stabilization, image stabilization shop, shop image stabilization, image stabilization retailer, retailer image stabilization, image stabilization where to buy, where to buy image stabilization, image stabilization worst, worst image stabilization, image stabilization quality, quality image stabilization, image stabilization original, original image stabilization, image stabilization genuine, genuine image stabilization, image stabilization fake, fake image stabilization, image stabilization replica, replica image stabilization, image stabilization authentic, authentic image stabilization, image stabilization brand, brand image stabilization, image stabilization manufacturer, manufacturer image stabilization, image stabilization company, company image stabilization, image stabilization product, product image stabilization, image stabilization asus product, asus product image stabilization, image stabilization sell asus, sell asus image stabilization, image stabilization buy asus, buy asus image stabilization, image stabilization cheap asus, cheap asus image stabilization, image stabilization best asus, best asus image stabilization, image stabilization asus review, asus review image stabilization, image stabilization where to buy asus, where to buy asus image stabilization, image stabilization how to choose asus, how to choose asus image stabilization, image stabilization top asus, top asus image stabilization, image stabilization asus guide, asus guide image stabilization, image stabilization asus for sale, asus for sale image stabilization, image stabilization asus deals, asus deals image stabilization
2025-09-27 03:11:02,239 - INFO - Expanded 111 seed keywords to 276 variations
2025-09-27 03:11:02,239 - INFO - Language: en
2025-09-27 03:11:02,239 - INFO - Region: us
2025-09-27 03:13:22,384 - INFO - 🎯 After all filtering for 'asus': 120 relevant keywords
2025-09-27 03:13:22,400 - INFO - 🎯 Found 5 new keywords for niche 'asus': asus camera quality, cheap camera quality, best camera quality, how to camera quality, asus affordable image stabilization
2025-09-27 03:13:32,677 - INFO - ✅ Niche 'asus' process complete! 63 total keyword results.
2025-09-27 03:13:32,677 - INFO - ✅ Completed processing niche: 'asus'
2025-09-27 03:13:32,677 - INFO - 🔧 Request Handler final stats - Success rate: 100.0%
2025-09-27 03:13:32,677 - INFO -    Total requests: 13310, Blocks: 0
2025-09-27 03:13:32,678 - INFO - 
========================================
2025-09-27 03:13:32,678 - INFO - Process Summary:
2025-09-27 03:13:32,678 - INFO - - Current niche: 'asus'
2025-09-27 03:13:32,678 - INFO - - Next niche will be: 'philips'
2025-09-27 03:13:32,679 - INFO - - Keywords saved in: languages/english/keywords/asus/
2025-09-27 03:13:32,679 - INFO - ========================================
