2025-09-25 03:12:52,641 - INFO - Log file created at: /home/runner/work/potensitech.com/potensitech.com/languages/english/keywords/logs/kw_search_20250925_031252.log
2025-09-25 03:12:52,641 - INFO - ============================================================
2025-09-25 03:12:52,641 - INFO - AUTOMATIC KEYWORD RESEARCH TOOL
2025-09-25 03:12:52,641 - INFO - ============================================================
2025-09-25 03:12:52,764 - INFO - ========================================
2025-09-25 03:12:52,764 - INFO - Found 14 niches to process: xiaomi, iphone, samsung, apple, sony, asus, philips, sandisk, intel, nvidia, amd, canon, nikon, huawei
2025-09-25 03:12:52,764 - INFO - ========================================
2025-09-25 03:12:52,764 - INFO - Continuing from last processed niche: nikon
2025-09-25 03:12:52,764 - INFO - ========================================
2025-09-25 03:12:52,764 - INFO - 🎯 PROCESSING NICHE 14/14: 'huawei'
2025-09-25 03:12:52,764 - INFO - ========================================
2025-09-25 03:12:52,765 - INFO - 📁 Niche directory: /home/runner/work/potensitech.com/potensitech.com/languages/english/keywords/huawei
2025-09-25 03:12:52,765 - INFO - Selected region: us
2025-09-25 03:12:52,765 - INFO - Selected language: en
2025-09-25 03:12:52,765 - INFO - 🎯 Current niche: huawei
2025-09-25 03:12:55,478 - INFO - 🎯 Niche terms for filtering: huawei, cheap, best, latest, review, price, sell, buy, recommendation, tips, tutorial, guide, how to, vs, versus, compared to, comparison, alternatives, which is better, expensive, discount, deals, sale, affordable, cost, online, offline, marketplace, store, shop, retailer, where to buy, worst, quality, original, genuine, fake, replica, authentic, brand, manufacturer, company, product, huawei product, sell huawei, buy huawei, cheap huawei, best huawei, huawei review, where to buy huawei, how to choose huawei, top huawei, huawei guide, huawei for sale, huawei deals
2025-09-25 03:12:55,478 - INFO - Generated 50 niche-clue pairs for 'huawei'.
2025-09-25 03:12:55,481 - INFO - Expanded 50 seed keywords to 218 variations
2025-09-25 03:12:55,482 - INFO - 🔧 Request Handler initialized - Success rate: 100.0%
2025-09-25 03:17:22,152 - INFO - Original clue keywords: camera quality, autofocus speed
2025-09-25 03:17:22,152 - INFO - Niche-focused seeds: camera quality, autofocus speed huawei, huawei autofocus speed, autofocus speed cheap, cheap autofocus speed, autofocus speed best, best autofocus speed, autofocus speed latest, latest autofocus speed, autofocus speed review, review autofocus speed, autofocus speed price, price autofocus speed, autofocus speed sell, sell autofocus speed, autofocus speed buy, buy autofocus speed, autofocus speed recommendation, recommendation autofocus speed, autofocus speed tips, tips autofocus speed, autofocus speed tutorial, tutorial autofocus speed, autofocus speed guide, guide autofocus speed, autofocus speed how to, how to autofocus speed, autofocus speed vs, vs autofocus speed, autofocus speed versus, versus autofocus speed, autofocus speed compared to, compared to autofocus speed, autofocus speed comparison, comparison autofocus speed, autofocus speed alternatives, alternatives autofocus speed, autofocus speed which is better, which is better autofocus speed, autofocus speed expensive, expensive autofocus speed, autofocus speed discount, discount autofocus speed, autofocus speed deals, deals autofocus speed, autofocus speed sale, sale autofocus speed, autofocus speed affordable, affordable autofocus speed, autofocus speed cost, cost autofocus speed, autofocus speed online, online autofocus speed, autofocus speed offline, offline autofocus speed, autofocus speed marketplace, marketplace autofocus speed, autofocus speed store, store autofocus speed, autofocus speed shop, shop autofocus speed, autofocus speed retailer, retailer autofocus speed, autofocus speed where to buy, where to buy autofocus speed, autofocus speed worst, worst autofocus speed, autofocus speed quality, quality autofocus speed, autofocus speed original, original autofocus speed, autofocus speed genuine, genuine autofocus speed, autofocus speed fake, fake autofocus speed, autofocus speed replica, replica autofocus speed, autofocus speed authentic, authentic autofocus speed, autofocus speed brand, brand autofocus speed, autofocus speed manufacturer, manufacturer autofocus speed, autofocus speed company, company autofocus speed, autofocus speed product, product autofocus speed, autofocus speed huawei product, huawei product autofocus speed, autofocus speed sell huawei, sell huawei autofocus speed, autofocus speed buy huawei, buy huawei autofocus speed, autofocus speed cheap huawei, cheap huawei autofocus speed, autofocus speed best huawei, best huawei autofocus speed, autofocus speed huawei review, huawei review autofocus speed, autofocus speed where to buy huawei, where to buy huawei autofocus speed, autofocus speed how to choose huawei, how to choose huawei autofocus speed, autofocus speed top huawei, top huawei autofocus speed, autofocus speed huawei guide, huawei guide autofocus speed, autofocus speed huawei for sale, huawei for sale autofocus speed, autofocus speed huawei deals, huawei deals autofocus speed
2025-09-25 03:17:22,156 - INFO - Expanded 111 seed keywords to 276 variations
2025-09-25 03:17:22,156 - INFO - Language: en
2025-09-25 03:17:22,156 - INFO - Region: us
2025-09-25 03:21:53,759 - INFO - 🎯 After all filtering for 'huawei': 120 relevant keywords
2025-09-25 03:21:53,772 - INFO - 🎯 Found 5 new keywords for niche 'huawei': huawei camera quality, cheap camera quality, best camera quality, how to camera quality, huawei affordable autofocus speed
2025-09-25 03:22:04,852 - INFO - ✅ Niche 'huawei' process complete! 48 total keyword results.
2025-09-25 03:22:04,852 - INFO - ✅ Completed processing niche: 'huawei'
2025-09-25 03:22:04,852 - INFO - 🔧 Request Handler final stats - Success rate: 100.0%
2025-09-25 03:22:04,852 - INFO -    Total requests: 11927, Blocks: 0
2025-09-25 03:22:04,853 - INFO - 
========================================
2025-09-25 03:22:04,854 - INFO - Process Summary:
2025-09-25 03:22:04,854 - INFO - - Current niche: 'huawei'
2025-09-25 03:22:04,854 - INFO - - Next niche will be: 'xiaomi'
2025-09-25 03:22:04,854 - INFO - - Keywords saved in: languages/english/keywords/huawei/
2025-09-25 03:22:04,854 - INFO - ========================================
