2025-10-10 04:54:05,429 - INFO - Log file created at: /home/runner/work/potensitech.com/potensitech.com/languages/english/keywords/logs/kw_search_20251010_045405.log
2025-10-10 04:54:05,429 - INFO - ============================================================
2025-10-10 04:54:05,429 - INFO - AUTOMATIC KEYWORD RESEARCH TOOL
2025-10-10 04:54:05,429 - INFO - ============================================================
2025-10-10 04:54:05,588 - INFO - ========================================
2025-10-10 04:54:05,588 - INFO - Found 14 niches to process: xiaomi, iphone, samsung, apple, sony, asus, philips, sandisk, intel, nvidia, amd, canon, nikon, huawei
2025-10-10 04:54:05,588 - INFO - ========================================
2025-10-10 04:54:05,588 - INFO - Continuing from last processed niche: nvidia
2025-10-10 04:54:05,588 - INFO - ========================================
2025-10-10 04:54:05,588 - INFO - 🎯 PROCESSING NICHE 11/14: 'amd'
2025-10-10 04:54:05,588 - INFO - ========================================
2025-10-10 04:54:05,588 - INFO - 📁 Niche directory: /home/runner/work/potensitech.com/potensitech.com/languages/english/keywords/amd
2025-10-10 04:54:05,588 - INFO - Selected region: us
2025-10-10 04:54:05,588 - INFO - Selected language: en
2025-10-10 04:54:05,588 - INFO - 🎯 Current niche: amd
2025-10-10 04:54:07,619 - INFO - 🎯 Niche terms for filtering: amd, cheap, best, latest, review, price, sell, buy, recommendation, tips, tutorial, guide, how to, vs, versus, compared to, comparison, alternatives, which is better, expensive, discount, deals, sale, affordable, cost, online, offline, marketplace, store, shop, retailer, where to buy, worst, quality, original, genuine, fake, replica, authentic, brand, manufacturer, company, product, amd product, sell amd, buy amd, cheap amd, best amd, amd review, where to buy amd, how to choose amd, top amd, amd guide, amd for sale, amd deals
2025-10-10 04:54:07,619 - INFO - Generated 50 niche-clue pairs for 'amd'.
2025-10-10 04:54:07,622 - INFO - Expanded 50 seed keywords to 218 variations
2025-10-10 04:54:07,623 - INFO - 🔧 Request Handler initialized - Success rate: 100.0%
2025-10-10 04:58:33,208 - INFO - Original clue keywords: performance boost, graphics card
2025-10-10 04:58:33,208 - INFO - Niche-focused seeds: performance boost amd, amd performance boost, performance boost cheap, cheap performance boost, performance boost best, best performance boost, performance boost latest, latest performance boost, performance boost review, review performance boost, performance boost price, price performance boost, performance boost sell, sell performance boost, performance boost buy, buy performance boost, performance boost recommendation, recommendation performance boost, performance boost tips, tips performance boost, performance boost tutorial, tutorial performance boost, performance boost guide, guide performance boost, performance boost how to, how to performance boost, performance boost vs, vs performance boost, performance boost versus, versus performance boost, performance boost compared to, compared to performance boost, performance boost comparison, comparison performance boost, performance boost alternatives, alternatives performance boost, performance boost which is better, which is better performance boost, performance boost expensive, expensive performance boost, performance boost discount, discount performance boost, performance boost deals, deals performance boost, performance boost sale, sale performance boost, performance boost affordable, affordable performance boost, performance boost cost, cost performance boost, performance boost online, online performance boost, performance boost offline, offline performance boost, performance boost marketplace, marketplace performance boost, performance boost store, store performance boost, performance boost shop, shop performance boost, performance boost retailer, retailer performance boost, performance boost where to buy, where to buy performance boost, performance boost worst, worst performance boost, performance boost quality, quality performance boost, performance boost original, original performance boost, performance boost genuine, genuine performance boost, performance boost fake, fake performance boost, performance boost replica, replica performance boost, performance boost authentic, authentic performance boost, performance boost brand, brand performance boost, performance boost manufacturer, manufacturer performance boost, performance boost company, company performance boost, performance boost product, product performance boost, performance boost amd product, amd product performance boost, performance boost sell amd, sell amd performance boost, performance boost buy amd, buy amd performance boost, performance boost cheap amd, cheap amd performance boost, performance boost best amd, best amd performance boost, performance boost amd review, amd review performance boost, performance boost where to buy amd, where to buy amd performance boost, performance boost how to choose amd, how to choose amd performance boost, performance boost top amd, top amd performance boost, performance boost amd guide, amd guide performance boost, performance boost amd for sale, amd for sale performance boost, performance boost amd deals, amd deals performance boost, graphics card amd, amd graphics card, graphics card cheap, cheap graphics card, graphics card best, best graphics card, graphics card latest, latest graphics card, graphics card review, review graphics card, graphics card price, price graphics card, graphics card sell, sell graphics card, graphics card buy, buy graphics card, graphics card recommendation, recommendation graphics card, graphics card tips, tips graphics card, graphics card tutorial, tutorial graphics card, graphics card guide, guide graphics card, graphics card how to, how to graphics card, graphics card vs, vs graphics card, graphics card versus, versus graphics card, graphics card compared to, compared to graphics card, graphics card comparison, comparison graphics card, graphics card alternatives, alternatives graphics card, graphics card which is better, which is better graphics card, graphics card expensive, expensive graphics card, graphics card discount, discount graphics card, graphics card deals, deals graphics card, graphics card sale, sale graphics card, graphics card affordable, affordable graphics card, graphics card cost, cost graphics card, graphics card online, online graphics card, graphics card offline, offline graphics card, graphics card marketplace, marketplace graphics card, graphics card store, store graphics card, graphics card shop, shop graphics card, graphics card retailer, retailer graphics card, graphics card where to buy, where to buy graphics card, graphics card worst, worst graphics card, graphics card quality, quality graphics card, graphics card original, original graphics card, graphics card genuine, genuine graphics card, graphics card fake, fake graphics card, graphics card replica, replica graphics card, graphics card authentic, authentic graphics card, graphics card brand, brand graphics card, graphics card manufacturer, manufacturer graphics card, graphics card company, company graphics card, graphics card product, product graphics card, graphics card amd product, amd product graphics card, graphics card sell amd, sell amd graphics card, graphics card buy amd, buy amd graphics card, graphics card cheap amd, cheap amd graphics card, graphics card best amd, best amd graphics card, graphics card amd review, amd review graphics card, graphics card where to buy amd, where to buy amd graphics card, graphics card how to choose amd, how to choose amd graphics card, graphics card top amd, top amd graphics card, graphics card amd guide, amd guide graphics card, graphics card amd for sale, amd for sale graphics card, graphics card amd deals, amd deals graphics card
2025-10-10 04:58:33,211 - INFO - Expanded 220 seed keywords to 385 variations
2025-10-10 04:58:33,211 - INFO - Language: en
2025-10-10 04:58:33,211 - INFO - Region: us
2025-10-10 05:00:43,525 - INFO - 🎯 After all filtering for 'amd': 120 relevant keywords
2025-10-10 05:00:43,765 - INFO - 🎯 Found 5 new keywords for niche 'amd': amd affordable graphics card, amd affordable performance boost, cheap alternatives performance boost, best authentic performance boost, how to brand performance boost
2025-10-10 05:00:51,842 - INFO - ✅ Niche 'amd' process complete! 134 total keyword results.
2025-10-10 05:00:51,842 - INFO - ✅ Completed processing niche: 'amd'
2025-10-10 05:00:51,842 - INFO - 🔧 Request Handler final stats - Success rate: 100.0%
2025-10-10 05:00:51,842 - INFO -    Total requests: 22848, Blocks: 0
2025-10-10 05:00:51,843 - INFO - 
========================================
2025-10-10 05:00:51,844 - INFO - Process Summary:
2025-10-10 05:00:51,844 - INFO - - Current niche: 'amd'
2025-10-10 05:00:51,844 - INFO - - Next niche will be: 'canon'
2025-10-10 05:00:51,844 - INFO - - Keywords saved in: languages/english/keywords/amd/
2025-10-10 05:00:51,844 - INFO - ========================================
