2025-09-27 04:53:48,825 - INFO - Log file created at: /home/runner/work/potensitech.com/potensitech.com/languages/english/keywords/logs/kw_search_20250927_045348.log
2025-09-27 04:53:48,825 - INFO - ============================================================
2025-09-27 04:53:48,826 - INFO - AUTOMATIC KEYWORD RESEARCH TOOL
2025-09-27 04:53:48,826 - INFO - ============================================================
2025-09-27 04:53:48,945 - INFO - ========================================
2025-09-27 04:53:48,945 - INFO - Found 14 niches to process: xiaomi, iphone, samsung, apple, sony, asus, philips, sandisk, intel, nvidia, amd, canon, nikon, huawei
2025-09-27 04:53:48,945 - INFO - ========================================
2025-09-27 04:53:48,945 - INFO - Continuing from last processed niche: asus
2025-09-27 04:53:48,945 - INFO - ========================================
2025-09-27 04:53:48,945 - INFO - 🎯 PROCESSING NICHE 7/14: 'philips'
2025-09-27 04:53:48,945 - INFO - ========================================
2025-09-27 04:53:48,945 - INFO - 📁 Niche directory: /home/runner/work/potensitech.com/potensitech.com/languages/english/keywords/philips
2025-09-27 04:53:48,945 - INFO - Selected region: us
2025-09-27 04:53:48,946 - INFO - Selected language: en
2025-09-27 04:53:48,946 - INFO - 🎯 Current niche: philips
2025-09-27 04:53:51,645 - INFO - 🎯 Niche terms for filtering: philips, cheap, best, latest, review, price, sell, buy, recommendation, tips, tutorial, guide, how to, vs, versus, compared to, comparison, alternatives, which is better, expensive, discount, deals, sale, affordable, cost, online, offline, marketplace, store, shop, retailer, where to buy, worst, quality, original, genuine, fake, replica, authentic, brand, manufacturer, company, product, philips product, sell philips, buy philips, cheap philips, best philips, philips review, where to buy philips, how to choose philips, top philips, philips guide, philips for sale, philips deals
2025-09-27 04:53:51,645 - INFO - Generated 50 niche-clue pairs for 'philips'.
2025-09-27 04:53:51,648 - INFO - Expanded 50 seed keywords to 218 variations
2025-09-27 04:53:51,648 - INFO - 🔧 Request Handler initialized - Success rate: 100.0%
2025-09-27 04:58:13,290 - INFO - Original clue keywords: camera quality, image stabilization
2025-09-27 04:58:13,290 - INFO - Niche-focused seeds: camera quality, image stabilization philips, philips image stabilization, image stabilization cheap, cheap image stabilization, image stabilization best, best image stabilization, image stabilization latest, latest image stabilization, image stabilization review, review image stabilization, image stabilization price, price image stabilization, image stabilization sell, sell image stabilization, image stabilization buy, buy image stabilization, image stabilization recommendation, recommendation image stabilization, image stabilization tips, tips image stabilization, image stabilization tutorial, tutorial image stabilization, image stabilization guide, guide image stabilization, image stabilization how to, how to image stabilization, image stabilization vs, vs image stabilization, image stabilization versus, versus image stabilization, image stabilization compared to, compared to image stabilization, image stabilization comparison, comparison image stabilization, image stabilization alternatives, alternatives image stabilization, image stabilization which is better, which is better image stabilization, image stabilization expensive, expensive image stabilization, image stabilization discount, discount image stabilization, image stabilization deals, deals image stabilization, image stabilization sale, sale image stabilization, image stabilization affordable, affordable image stabilization, image stabilization cost, cost image stabilization, image stabilization online, online image stabilization, image stabilization offline, offline image stabilization, image stabilization marketplace, marketplace image stabilization, image stabilization store, store image stabilization, image stabilization shop, shop image stabilization, image stabilization retailer, retailer image stabilization, image stabilization where to buy, where to buy image stabilization, image stabilization worst, worst image stabilization, image stabilization quality, quality image stabilization, image stabilization original, original image stabilization, image stabilization genuine, genuine image stabilization, image stabilization fake, fake image stabilization, image stabilization replica, replica image stabilization, image stabilization authentic, authentic image stabilization, image stabilization brand, brand image stabilization, image stabilization manufacturer, manufacturer image stabilization, image stabilization company, company image stabilization, image stabilization product, product image stabilization, image stabilization philips product, philips product image stabilization, image stabilization sell philips, sell philips image stabilization, image stabilization buy philips, buy philips image stabilization, image stabilization cheap philips, cheap philips image stabilization, image stabilization best philips, best philips image stabilization, image stabilization philips review, philips review image stabilization, image stabilization where to buy philips, where to buy philips image stabilization, image stabilization how to choose philips, how to choose philips image stabilization, image stabilization top philips, top philips image stabilization, image stabilization philips guide, philips guide image stabilization, image stabilization philips for sale, philips for sale image stabilization, image stabilization philips deals, philips deals image stabilization
2025-09-27 04:58:13,293 - INFO - Expanded 111 seed keywords to 276 variations
2025-09-27 04:58:13,293 - INFO - Language: en
2025-09-27 04:58:13,293 - INFO - Region: us
2025-09-27 05:00:30,793 - INFO - 🎯 After all filtering for 'philips': 120 relevant keywords
2025-09-27 05:00:30,810 - INFO - 🎯 Found 5 new keywords for niche 'philips': philips camera quality, cheap camera quality, best camera quality, how to camera quality, philips affordable image stabilization
2025-09-27 05:00:40,304 - INFO - ✅ Niche 'philips' process complete! 70 total keyword results.
2025-09-27 05:00:40,305 - INFO - ✅ Completed processing niche: 'philips'
2025-09-27 05:00:40,305 - INFO - 🔧 Request Handler final stats - Success rate: 100.0%
2025-09-27 05:00:40,305 - INFO -    Total requests: 13376, Blocks: 0
2025-09-27 05:00:40,306 - INFO - 
========================================
2025-09-27 05:00:40,306 - INFO - Process Summary:
2025-09-27 05:00:40,306 - INFO - - Current niche: 'philips'
2025-09-27 05:00:40,306 - INFO - - Next niche will be: 'sandisk'
2025-09-27 05:00:40,306 - INFO - - Keywords saved in: languages/english/keywords/philips/
2025-09-27 05:00:40,306 - INFO - ========================================
