2026-01-08 02:22:43,543 - INFO - Log file created at: /home/runner/work/potensitech.com/potensitech.com/languages/english/keywords/logs/kw_search_20260108_022243.log
2026-01-08 02:22:43,543 - INFO - ============================================================
2026-01-08 02:22:43,543 - INFO - AUTOMATIC KEYWORD RESEARCH TOOL
2026-01-08 02:22:43,543 - INFO - ============================================================
2026-01-08 02:22:43,757 - INFO - ========================================
2026-01-08 02:22:43,757 - INFO - Found 14 niches to process: xiaomi, iphone, samsung, apple, sony, asus, philips, sandisk, intel, nvidia, amd, canon, nikon, huawei
2026-01-08 02:22:43,757 - INFO - ========================================
2026-01-08 02:22:43,757 - INFO - Continuing from last processed niche: intel
2026-01-08 02:22:43,757 - INFO - ========================================
2026-01-08 02:22:43,757 - INFO - 🎯 PROCESSING NICHE 10/14: 'nvidia'
2026-01-08 02:22:43,757 - INFO - ========================================
2026-01-08 02:22:43,757 - INFO - 📁 Niche directory: /home/runner/work/potensitech.com/potensitech.com/languages/english/keywords/nvidia
2026-01-08 02:22:43,757 - INFO - Selected region: us
2026-01-08 02:22:43,757 - INFO - Selected language: en
2026-01-08 02:22:43,757 - INFO - 🎯 Current niche: nvidia
2026-01-08 02:22:46,456 - INFO - 🎯 Niche terms for filtering: nvidia, cheap, best, latest, review, price, sell, buy, recommendation, tips, tutorial, guide, how to, vs, versus, compared to, comparison, alternatives, which is better, expensive, discount, deals, sale, affordable, cost, online, offline, marketplace, store, shop, retailer, where to buy, worst, quality, original, genuine, fake, replica, authentic, brand, manufacturer, company, product, nvidia product, sell nvidia, buy nvidia, cheap nvidia, best nvidia, nvidia review, where to buy nvidia, how to choose nvidia, top nvidia, nvidia guide, nvidia for sale, nvidia deals
2026-01-08 02:22:46,456 - INFO - Generated 50 niche-clue pairs for 'nvidia'.
2026-01-08 02:22:46,459 - INFO - Expanded 50 seed keywords to 218 variations
2026-01-08 02:22:46,459 - INFO - 🔧 Request Handler initialized - Success rate: 100.0%
2026-01-08 02:27:10,507 - INFO - Original clue keywords: chipset compatibility, processor speed
2026-01-08 02:27:10,507 - INFO - Niche-focused seeds: chipset compatibility nvidia, nvidia chipset compatibility, chipset compatibility cheap, cheap chipset compatibility, chipset compatibility best, best chipset compatibility, chipset compatibility latest, latest chipset compatibility, chipset compatibility review, review chipset compatibility, chipset compatibility price, price chipset compatibility, chipset compatibility sell, sell chipset compatibility, chipset compatibility buy, buy chipset compatibility, chipset compatibility recommendation, recommendation chipset compatibility, chipset compatibility tips, tips chipset compatibility, chipset compatibility tutorial, tutorial chipset compatibility, chipset compatibility guide, guide chipset compatibility, chipset compatibility how to, how to chipset compatibility, chipset compatibility vs, vs chipset compatibility, chipset compatibility versus, versus chipset compatibility, chipset compatibility compared to, compared to chipset compatibility, chipset compatibility comparison, comparison chipset compatibility, chipset compatibility alternatives, alternatives chipset compatibility, chipset compatibility which is better, which is better chipset compatibility, chipset compatibility expensive, expensive chipset compatibility, chipset compatibility discount, discount chipset compatibility, chipset compatibility deals, deals chipset compatibility, chipset compatibility sale, sale chipset compatibility, chipset compatibility affordable, affordable chipset compatibility, chipset compatibility cost, cost chipset compatibility, chipset compatibility online, online chipset compatibility, chipset compatibility offline, offline chipset compatibility, chipset compatibility marketplace, marketplace chipset compatibility, chipset compatibility store, store chipset compatibility, chipset compatibility shop, shop chipset compatibility, chipset compatibility retailer, retailer chipset compatibility, chipset compatibility where to buy, where to buy chipset compatibility, chipset compatibility worst, worst chipset compatibility, chipset compatibility quality, quality chipset compatibility, chipset compatibility original, original chipset compatibility, chipset compatibility genuine, genuine chipset compatibility, chipset compatibility fake, fake chipset compatibility, chipset compatibility replica, replica chipset compatibility, chipset compatibility authentic, authentic chipset compatibility, chipset compatibility brand, brand chipset compatibility, chipset compatibility manufacturer, manufacturer chipset compatibility, chipset compatibility company, company chipset compatibility, chipset compatibility product, product chipset compatibility, chipset compatibility nvidia product, nvidia product chipset compatibility, chipset compatibility sell nvidia, sell nvidia chipset compatibility, chipset compatibility buy nvidia, buy nvidia chipset compatibility, chipset compatibility cheap nvidia, cheap nvidia chipset compatibility, chipset compatibility best nvidia, best nvidia chipset compatibility, chipset compatibility nvidia review, nvidia review chipset compatibility, chipset compatibility where to buy nvidia, where to buy nvidia chipset compatibility, chipset compatibility how to choose nvidia, how to choose nvidia chipset compatibility, chipset compatibility top nvidia, top nvidia chipset compatibility, chipset compatibility nvidia guide, nvidia guide chipset compatibility, chipset compatibility nvidia for sale, nvidia for sale chipset compatibility, chipset compatibility nvidia deals, nvidia deals chipset compatibility, processor speed nvidia, nvidia processor speed, processor speed cheap, cheap processor speed, processor speed best, best processor speed, processor speed latest, latest processor speed, processor speed review, review processor speed, processor speed price, price processor speed, processor speed sell, sell processor speed, processor speed buy, buy processor speed, processor speed recommendation, recommendation processor speed, processor speed tips, tips processor speed, processor speed tutorial, tutorial processor speed, processor speed guide, guide processor speed, processor speed how to, how to processor speed, processor speed vs, vs processor speed, processor speed versus, versus processor speed, processor speed compared to, compared to processor speed, processor speed comparison, comparison processor speed, processor speed alternatives, alternatives processor speed, processor speed which is better, which is better processor speed, processor speed expensive, expensive processor speed, processor speed discount, discount processor speed, processor speed deals, deals processor speed, processor speed sale, sale processor speed, processor speed affordable, affordable processor speed, processor speed cost, cost processor speed, processor speed online, online processor speed, processor speed offline, offline processor speed, processor speed marketplace, marketplace processor speed, processor speed store, store processor speed, processor speed shop, shop processor speed, processor speed retailer, retailer processor speed, processor speed where to buy, where to buy processor speed, processor speed worst, worst processor speed, processor speed quality, quality processor speed, processor speed original, original processor speed, processor speed genuine, genuine processor speed, processor speed fake, fake processor speed, processor speed replica, replica processor speed, processor speed authentic, authentic processor speed, processor speed brand, brand processor speed, processor speed manufacturer, manufacturer processor speed, processor speed company, company processor speed, processor speed product, product processor speed, processor speed nvidia product, nvidia product processor speed, processor speed sell nvidia, sell nvidia processor speed, processor speed buy nvidia, buy nvidia processor speed, processor speed cheap nvidia, cheap nvidia processor speed, processor speed best nvidia, best nvidia processor speed, processor speed nvidia review, nvidia review processor speed, processor speed where to buy nvidia, where to buy nvidia processor speed, processor speed how to choose nvidia, how to choose nvidia processor speed, processor speed top nvidia, top nvidia processor speed, processor speed nvidia guide, nvidia guide processor speed, processor speed nvidia for sale, nvidia for sale processor speed, processor speed nvidia deals, nvidia deals processor speed
2026-01-08 02:27:10,510 - INFO - Expanded 220 seed keywords to 385 variations
2026-01-08 02:27:10,510 - INFO - Language: en
2026-01-08 02:27:10,511 - INFO - Region: us
2026-01-08 02:27:44,139 - INFO - 🎯 After all filtering for 'nvidia': 120 relevant keywords
2026-01-08 02:27:45,347 - INFO - 🎯 Found 2 new keywords for niche 'nvidia': nvidia affordable chipset compatibility, nvidia affordable processor speed
2026-01-08 02:27:51,108 - INFO - ✅ Niche 'nvidia' process complete! 401 total keyword results.
2026-01-08 02:27:51,108 - INFO - ✅ Completed processing niche: 'nvidia'
2026-01-08 02:27:51,108 - INFO - 🔧 Request Handler final stats - Success rate: 100.0%
2026-01-08 02:27:51,108 - INFO -    Total requests: 68104, Blocks: 0
2026-01-08 02:27:51,109 - INFO - 
========================================
2026-01-08 02:27:51,110 - INFO - Process Summary:
2026-01-08 02:27:51,110 - INFO - - Current niche: 'nvidia'
2026-01-08 02:27:51,110 - INFO - - Next niche will be: 'amd'
2026-01-08 02:27:51,110 - INFO - - Keywords saved in: languages/english/keywords/nvidia/
2026-01-08 02:27:51,110 - INFO - ========================================
