2025-09-16 12:32:24,652 - INFO - Log file created at: /home/runner/work/potensitech.com/potensitech.com/languages/english/keywords/logs/kw_search_20250916_123224.log
2025-09-16 12:32:24,652 - INFO - ============================================================
2025-09-16 12:32:24,652 - INFO - AUTOMATIC KEYWORD RESEARCH TOOL
2025-09-16 12:32:24,652 - INFO - ============================================================
2025-09-16 12:32:24,786 - INFO - ========================================
2025-09-16 12:32:24,786 - INFO - Found 14 niches to process: xiaomi, iphone, samsung, apple, sony, asus, philips, sandisk, intel, nvidia, amd, canon, nikon, huawei
2025-09-16 12:32:24,786 - INFO - ========================================
2025-09-16 12:32:24,786 - INFO - Continuing from last processed niche: amd
2025-09-16 12:32:24,786 - INFO - ========================================
2025-09-16 12:32:24,786 - INFO - 🎯 PROCESSING NICHE 12/14: 'canon'
2025-09-16 12:32:24,786 - INFO - ========================================
2025-09-16 12:32:24,786 - INFO - 📁 Niche directory: /home/runner/work/potensitech.com/potensitech.com/languages/english/keywords/canon
2025-09-16 12:32:24,786 - INFO - Selected region: us
2025-09-16 12:32:24,786 - INFO - Selected language: en
2025-09-16 12:32:24,787 - INFO - 🎯 Current niche: canon
2025-09-16 12:32:34,821 - INFO - 🎯 Niche terms for filtering: canon, cheap, best, latest, review, price, sell, buy, recommendation, tips, tutorial, guide, how to, vs, versus, compared to, comparison, alternatives, which is better, expensive, discount, deals, sale, affordable, cost, online, offline, marketplace, store, shop, retailer, where to buy, worst, quality, original, genuine, fake, replica, authentic, brand, manufacturer, company, product, canon product, sell canon, buy canon, cheap canon, best canon, canon review, where to buy canon, how to choose canon, top canon, canon guide, canon for sale, canon deals
2025-09-16 12:32:34,822 - INFO - Generated 50 niche-clue pairs for 'canon'.
2025-09-16 12:32:34,825 - INFO - Expanded 50 seed keywords to 218 variations
2025-09-16 12:32:34,825 - INFO - 🔧 Request Handler initialized - Success rate: 100.0%
2025-09-16 12:37:00,053 - INFO - Original clue keywords: digital photography, image stabilization
2025-09-16 12:37:00,053 - INFO - Niche-focused seeds: digital photography canon, canon digital photography, digital photography cheap, cheap digital photography, digital photography best, best digital photography, digital photography latest, latest digital photography, digital photography review, review digital photography, digital photography price, price digital photography, digital photography sell, sell digital photography, digital photography buy, buy digital photography, digital photography recommendation, recommendation digital photography, digital photography tips, tips digital photography, digital photography tutorial, tutorial digital photography, digital photography guide, guide digital photography, digital photography how to, how to digital photography, digital photography vs, vs digital photography, digital photography versus, versus digital photography, digital photography compared to, compared to digital photography, digital photography comparison, comparison digital photography, digital photography alternatives, alternatives digital photography, digital photography which is better, which is better digital photography, digital photography expensive, expensive digital photography, digital photography discount, discount digital photography, digital photography deals, deals digital photography, digital photography sale, sale digital photography, digital photography affordable, affordable digital photography, digital photography cost, cost digital photography, digital photography online, online digital photography, digital photography offline, offline digital photography, digital photography marketplace, marketplace digital photography, digital photography store, store digital photography, digital photography shop, shop digital photography, digital photography retailer, retailer digital photography, digital photography where to buy, where to buy digital photography, digital photography worst, worst digital photography, digital photography quality, quality digital photography, digital photography original, original digital photography, digital photography genuine, genuine digital photography, digital photography fake, fake digital photography, digital photography replica, replica digital photography, digital photography authentic, authentic digital photography, digital photography brand, brand digital photography, digital photography manufacturer, manufacturer digital photography, digital photography company, company digital photography, digital photography product, product digital photography, digital photography canon product, canon product digital photography, digital photography sell canon, sell canon digital photography, digital photography buy canon, buy canon digital photography, digital photography cheap canon, cheap canon digital photography, digital photography best canon, best canon digital photography, digital photography canon review, canon review digital photography, digital photography where to buy canon, where to buy canon digital photography, digital photography how to choose canon, how to choose canon digital photography, digital photography top canon, top canon digital photography, digital photography canon guide, canon guide digital photography, digital photography canon for sale, canon for sale digital photography, digital photography canon deals, canon deals digital photography, image stabilization canon, canon image stabilization, image stabilization cheap, cheap image stabilization, image stabilization best, best image stabilization, image stabilization latest, latest image stabilization, image stabilization review, review image stabilization, image stabilization price, price image stabilization, image stabilization sell, sell image stabilization, image stabilization buy, buy image stabilization, image stabilization recommendation, recommendation image stabilization, image stabilization tips, tips image stabilization, image stabilization tutorial, tutorial image stabilization, image stabilization guide, guide image stabilization, image stabilization how to, how to image stabilization, image stabilization vs, vs image stabilization, image stabilization versus, versus image stabilization, image stabilization compared to, compared to image stabilization, image stabilization comparison, comparison image stabilization, image stabilization alternatives, alternatives image stabilization, image stabilization which is better, which is better image stabilization, image stabilization expensive, expensive image stabilization, image stabilization discount, discount image stabilization, image stabilization deals, deals image stabilization, image stabilization sale, sale image stabilization, image stabilization affordable, affordable image stabilization, image stabilization cost, cost image stabilization, image stabilization online, online image stabilization, image stabilization offline, offline image stabilization, image stabilization marketplace, marketplace image stabilization, image stabilization store, store image stabilization, image stabilization shop, shop image stabilization, image stabilization retailer, retailer image stabilization, image stabilization where to buy, where to buy image stabilization, image stabilization worst, worst image stabilization, image stabilization quality, quality image stabilization, image stabilization original, original image stabilization, image stabilization genuine, genuine image stabilization, image stabilization fake, fake image stabilization, image stabilization replica, replica image stabilization, image stabilization authentic, authentic image stabilization, image stabilization brand, brand image stabilization, image stabilization manufacturer, manufacturer image stabilization, image stabilization company, company image stabilization, image stabilization product, product image stabilization, image stabilization canon product, canon product image stabilization, image stabilization sell canon, sell canon image stabilization, image stabilization buy canon, buy canon image stabilization, image stabilization cheap canon, cheap canon image stabilization, image stabilization best canon, best canon image stabilization, image stabilization canon review, canon review image stabilization, image stabilization where to buy canon, where to buy canon image stabilization, image stabilization how to choose canon, how to choose canon image stabilization, image stabilization top canon, top canon image stabilization, image stabilization canon guide, canon guide image stabilization, image stabilization canon for sale, canon for sale image stabilization, image stabilization canon deals, canon deals image stabilization
2025-09-16 12:37:00,056 - INFO - Expanded 220 seed keywords to 385 variations
2025-09-16 12:37:00,056 - INFO - Language: en
2025-09-16 12:37:00,057 - INFO - Region: us
2025-09-16 12:41:32,465 - INFO - 🎯 After all filtering for 'canon': 120 relevant keywords
2025-09-16 12:41:32,484 - INFO - 🎯 Found 5 new keywords for niche 'canon': canon affordable digital photography, canon affordable image stabilization, cheap alternatives digital photography, cheap alternatives image stabilization, best authentic digital photography
2025-09-16 12:41:42,969 - INFO - ✅ Niche 'canon' process complete! 13 total keyword results.
2025-09-16 12:41:42,969 - INFO - ✅ Completed processing niche: 'canon'
2025-09-16 12:41:42,969 - INFO - 🔧 Request Handler final stats - Success rate: 100.0%
2025-09-16 12:41:42,969 - INFO -    Total requests: 4497, Blocks: 0
2025-09-16 12:41:42,970 - INFO - 
========================================
2025-09-16 12:41:42,971 - INFO - Process Summary:
2025-09-16 12:41:42,971 - INFO - - Current niche: 'canon'
2025-09-16 12:41:42,971 - INFO - - Next niche will be: 'nikon'
2025-09-16 12:41:42,971 - INFO - - Keywords saved in: languages/english/keywords/canon/
2025-09-16 12:41:42,971 - INFO - ========================================
