2025-10-11 14:30:18,361 - INFO - Log file created at: /home/runner/work/potensitech.com/potensitech.com/languages/english/keywords/logs/kw_search_20251011_143018.log
2025-10-11 14:30:18,361 - INFO - ============================================================
2025-10-11 14:30:18,361 - INFO - AUTOMATIC KEYWORD RESEARCH TOOL
2025-10-11 14:30:18,361 - INFO - ============================================================
2025-10-11 14:30:18,519 - INFO - ========================================
2025-10-11 14:30:18,519 - INFO - Found 14 niches to process: xiaomi, iphone, samsung, apple, sony, asus, philips, sandisk, intel, nvidia, amd, canon, nikon, huawei
2025-10-11 14:30:18,519 - INFO - ========================================
2025-10-11 14:30:18,519 - INFO - Continuing from last processed niche: nvidia
2025-10-11 14:30:18,519 - INFO - ========================================
2025-10-11 14:30:18,519 - INFO - 🎯 PROCESSING NICHE 11/14: 'amd'
2025-10-11 14:30:18,519 - INFO - ========================================
2025-10-11 14:30:18,519 - INFO - 📁 Niche directory: /home/runner/work/potensitech.com/potensitech.com/languages/english/keywords/amd
2025-10-11 14:30:18,520 - INFO - Selected region: us
2025-10-11 14:30:18,520 - INFO - Selected language: en
2025-10-11 14:30:18,520 - INFO - 🎯 Current niche: amd
2025-10-11 14:30:21,113 - INFO - 🎯 Niche terms for filtering: amd, cheap, best, latest, review, price, sell, buy, recommendation, tips, tutorial, guide, how to, vs, versus, compared to, comparison, alternatives, which is better, expensive, discount, deals, sale, affordable, cost, online, offline, marketplace, store, shop, retailer, where to buy, worst, quality, original, genuine, fake, replica, authentic, brand, manufacturer, company, product, amd product, sell amd, buy amd, cheap amd, best amd, amd review, where to buy amd, how to choose amd, top amd, amd guide, amd for sale, amd deals
2025-10-11 14:30:21,113 - INFO - Generated 50 niche-clue pairs for 'amd'.
2025-10-11 14:30:21,116 - INFO - Expanded 50 seed keywords to 218 variations
2025-10-11 14:30:21,117 - INFO - 🔧 Request Handler initialized - Success rate: 100.0%
2025-10-11 14:34:41,005 - INFO - Original clue keywords: flash drive, portable storage
2025-10-11 14:34:41,005 - INFO - Niche-focused seeds: flash drive amd, amd flash drive, flash drive cheap, cheap flash drive, flash drive best, best flash drive, flash drive latest, latest flash drive, flash drive review, review flash drive, flash drive price, price flash drive, flash drive sell, sell flash drive, flash drive buy, buy flash drive, flash drive recommendation, recommendation flash drive, flash drive tips, tips flash drive, flash drive tutorial, tutorial flash drive, flash drive guide, guide flash drive, flash drive how to, how to flash drive, flash drive vs, vs flash drive, flash drive versus, versus flash drive, flash drive compared to, compared to flash drive, flash drive comparison, comparison flash drive, flash drive alternatives, alternatives flash drive, flash drive which is better, which is better flash drive, flash drive expensive, expensive flash drive, flash drive discount, discount flash drive, flash drive deals, deals flash drive, flash drive sale, sale flash drive, flash drive affordable, affordable flash drive, flash drive cost, cost flash drive, flash drive online, online flash drive, flash drive offline, offline flash drive, flash drive marketplace, marketplace flash drive, flash drive store, store flash drive, flash drive shop, shop flash drive, flash drive retailer, retailer flash drive, flash drive where to buy, where to buy flash drive, flash drive worst, worst flash drive, flash drive quality, quality flash drive, flash drive original, original flash drive, flash drive genuine, genuine flash drive, flash drive fake, fake flash drive, flash drive replica, replica flash drive, flash drive authentic, authentic flash drive, flash drive brand, brand flash drive, flash drive manufacturer, manufacturer flash drive, flash drive company, company flash drive, flash drive product, product flash drive, flash drive amd product, amd product flash drive, flash drive sell amd, sell amd flash drive, flash drive buy amd, buy amd flash drive, flash drive cheap amd, cheap amd flash drive, flash drive best amd, best amd flash drive, flash drive amd review, amd review flash drive, flash drive where to buy amd, where to buy amd flash drive, flash drive how to choose amd, how to choose amd flash drive, flash drive top amd, top amd flash drive, flash drive amd guide, amd guide flash drive, flash drive amd for sale, amd for sale flash drive, flash drive amd deals, amd deals flash drive, portable storage amd, amd portable storage, portable storage cheap, cheap portable storage, portable storage best, best portable storage, portable storage latest, latest portable storage, portable storage review, review portable storage, portable storage price, price portable storage, portable storage sell, sell portable storage, portable storage buy, buy portable storage, portable storage recommendation, recommendation portable storage, portable storage tips, tips portable storage, portable storage tutorial, tutorial portable storage, portable storage guide, guide portable storage, portable storage how to, how to portable storage, portable storage vs, vs portable storage, portable storage versus, versus portable storage, portable storage compared to, compared to portable storage, portable storage comparison, comparison portable storage, portable storage alternatives, alternatives portable storage, portable storage which is better, which is better portable storage, portable storage expensive, expensive portable storage, portable storage discount, discount portable storage, portable storage deals, deals portable storage, portable storage sale, sale portable storage, portable storage affordable, affordable portable storage, portable storage cost, cost portable storage, portable storage online, online portable storage, portable storage offline, offline portable storage, portable storage marketplace, marketplace portable storage, portable storage store, store portable storage, portable storage shop, shop portable storage, portable storage retailer, retailer portable storage, portable storage where to buy, where to buy portable storage, portable storage worst, worst portable storage, portable storage quality, quality portable storage, portable storage original, original portable storage, portable storage genuine, genuine portable storage, portable storage fake, fake portable storage, portable storage replica, replica portable storage, portable storage authentic, authentic portable storage, portable storage brand, brand portable storage, portable storage manufacturer, manufacturer portable storage, portable storage company, company portable storage, portable storage product, product portable storage, portable storage amd product, amd product portable storage, portable storage sell amd, sell amd portable storage, portable storage buy amd, buy amd portable storage, portable storage cheap amd, cheap amd portable storage, portable storage best amd, best amd portable storage, portable storage amd review, amd review portable storage, portable storage where to buy amd, where to buy amd portable storage, portable storage how to choose amd, how to choose amd portable storage, portable storage top amd, top amd portable storage, portable storage amd guide, amd guide portable storage, portable storage amd for sale, amd for sale portable storage, portable storage amd deals, amd deals portable storage
2025-10-11 14:34:41,008 - INFO - Expanded 220 seed keywords to 385 variations
2025-10-11 14:34:41,008 - INFO - Language: en
2025-10-11 14:34:41,008 - INFO - Region: us
2025-10-11 14:39:11,170 - INFO - 🎯 After all filtering for 'amd': 120 relevant keywords
2025-10-11 14:39:11,410 - INFO - 🎯 Found 5 new keywords for niche 'amd': amd affordable flash drive, amd affordable portable storage, cheap alternatives flash drive, cheap alternatives portable storage, best authentic flash drive
2025-10-11 14:39:18,273 - INFO - ✅ Niche 'amd' process complete! 140 total keyword results.
2025-10-11 14:39:18,273 - INFO - ✅ Completed processing niche: 'amd'
2025-10-11 14:39:18,273 - INFO - 🔧 Request Handler final stats - Success rate: 100.0%
2025-10-11 14:39:18,273 - INFO -    Total requests: 23883, Blocks: 0
2025-10-11 14:39:18,274 - INFO - 
========================================
2025-10-11 14:39:18,274 - INFO - Process Summary:
2025-10-11 14:39:18,274 - INFO - - Current niche: 'amd'
2025-10-11 14:39:18,274 - INFO - - Next niche will be: 'canon'
2025-10-11 14:39:18,274 - INFO - - Keywords saved in: languages/english/keywords/amd/
2025-10-11 14:39:18,275 - INFO - ========================================
