2025-09-22 16:52:33,112 - INFO - Log file created at: /home/runner/work/potensitech.com/potensitech.com/languages/english/keywords/logs/kw_search_20250922_165233.log
2025-09-22 16:52:33,113 - INFO - ============================================================
2025-09-22 16:52:33,113 - INFO - AUTOMATIC KEYWORD RESEARCH TOOL
2025-09-22 16:52:33,113 - INFO - ============================================================
2025-09-22 16:52:33,229 - INFO - ========================================
2025-09-22 16:52:33,229 - INFO - Found 14 niches to process: xiaomi, iphone, samsung, apple, sony, asus, philips, sandisk, intel, nvidia, amd, canon, nikon, huawei
2025-09-22 16:52:33,229 - INFO - ========================================
2025-09-22 16:52:33,229 - INFO - Continuing from last processed niche: samsung
2025-09-22 16:52:33,229 - INFO - ========================================
2025-09-22 16:52:33,229 - INFO - 🎯 PROCESSING NICHE 4/14: 'apple'
2025-09-22 16:52:33,229 - INFO - ========================================
2025-09-22 16:52:33,229 - INFO - 📁 Niche directory: /home/runner/work/potensitech.com/potensitech.com/languages/english/keywords/apple
2025-09-22 16:52:33,229 - INFO - Selected region: us
2025-09-22 16:52:33,229 - INFO - Selected language: en
2025-09-22 16:52:33,230 - INFO - 🎯 Current niche: apple
2025-09-22 16:52:39,552 - INFO - 🎯 Niche terms for filtering: apple, cheap, best, latest, review, price, sell, buy, recommendation, tips, tutorial, guide, how to, vs, versus, compared to, comparison, alternatives, which is better, expensive, discount, deals, sale, affordable, cost, online, offline, marketplace, store, shop, retailer, where to buy, worst, quality, original, genuine, fake, replica, authentic, brand, manufacturer, company, product, apple product, sell apple, buy apple, cheap apple, best apple, apple review, where to buy apple, how to choose apple, top apple, apple guide, apple for sale, apple deals
2025-09-22 16:52:39,552 - INFO - Generated 50 niche-clue pairs for 'apple'.
2025-09-22 16:52:39,555 - INFO - Expanded 50 seed keywords to 218 variations
2025-09-22 16:52:39,555 - INFO - 🔧 Request Handler initialized - Success rate: 100.0%
2025-09-22 16:57:03,145 - INFO - Original clue keywords: smartphone battery, smartphone camera
2025-09-22 16:57:03,145 - INFO - Niche-focused seeds: smartphone battery apple, apple smartphone battery, smartphone battery cheap, cheap smartphone battery, smartphone battery best, best smartphone battery, smartphone battery latest, latest smartphone battery, smartphone battery review, review smartphone battery, smartphone battery price, price smartphone battery, smartphone battery sell, sell smartphone battery, smartphone battery buy, buy smartphone battery, smartphone battery recommendation, recommendation smartphone battery, smartphone battery tips, tips smartphone battery, smartphone battery tutorial, tutorial smartphone battery, smartphone battery guide, guide smartphone battery, smartphone battery how to, how to smartphone battery, smartphone battery vs, vs smartphone battery, smartphone battery versus, versus smartphone battery, smartphone battery compared to, compared to smartphone battery, smartphone battery comparison, comparison smartphone battery, smartphone battery alternatives, alternatives smartphone battery, smartphone battery which is better, which is better smartphone battery, smartphone battery expensive, expensive smartphone battery, smartphone battery discount, discount smartphone battery, smartphone battery deals, deals smartphone battery, smartphone battery sale, sale smartphone battery, smartphone battery affordable, affordable smartphone battery, smartphone battery cost, cost smartphone battery, smartphone battery online, online smartphone battery, smartphone battery offline, offline smartphone battery, smartphone battery marketplace, marketplace smartphone battery, smartphone battery store, store smartphone battery, smartphone battery shop, shop smartphone battery, smartphone battery retailer, retailer smartphone battery, smartphone battery where to buy, where to buy smartphone battery, smartphone battery worst, worst smartphone battery, smartphone battery quality, quality smartphone battery, smartphone battery original, original smartphone battery, smartphone battery genuine, genuine smartphone battery, smartphone battery fake, fake smartphone battery, smartphone battery replica, replica smartphone battery, smartphone battery authentic, authentic smartphone battery, smartphone battery brand, brand smartphone battery, smartphone battery manufacturer, manufacturer smartphone battery, smartphone battery company, company smartphone battery, smartphone battery product, product smartphone battery, smartphone battery apple product, apple product smartphone battery, smartphone battery sell apple, sell apple smartphone battery, smartphone battery buy apple, buy apple smartphone battery, smartphone battery cheap apple, cheap apple smartphone battery, smartphone battery best apple, best apple smartphone battery, smartphone battery apple review, apple review smartphone battery, smartphone battery where to buy apple, where to buy apple smartphone battery, smartphone battery how to choose apple, how to choose apple smartphone battery, smartphone battery top apple, top apple smartphone battery, smartphone battery apple guide, apple guide smartphone battery, smartphone battery apple for sale, apple for sale smartphone battery, smartphone battery apple deals, apple deals smartphone battery, smartphone camera apple, apple smartphone camera, smartphone camera cheap, cheap smartphone camera, smartphone camera best, best smartphone camera, smartphone camera latest, latest smartphone camera, smartphone camera review, review smartphone camera, smartphone camera price, price smartphone camera, smartphone camera sell, sell smartphone camera, smartphone camera buy, buy smartphone camera, smartphone camera recommendation, recommendation smartphone camera, smartphone camera tips, tips smartphone camera, smartphone camera tutorial, tutorial smartphone camera, smartphone camera guide, guide smartphone camera, smartphone camera how to, how to smartphone camera, smartphone camera vs, vs smartphone camera, smartphone camera versus, versus smartphone camera, smartphone camera compared to, compared to smartphone camera, smartphone camera comparison, comparison smartphone camera, smartphone camera alternatives, alternatives smartphone camera, smartphone camera which is better, which is better smartphone camera, smartphone camera expensive, expensive smartphone camera, smartphone camera discount, discount smartphone camera, smartphone camera deals, deals smartphone camera, smartphone camera sale, sale smartphone camera, smartphone camera affordable, affordable smartphone camera, smartphone camera cost, cost smartphone camera, smartphone camera online, online smartphone camera, smartphone camera offline, offline smartphone camera, smartphone camera marketplace, marketplace smartphone camera, smartphone camera store, store smartphone camera, smartphone camera shop, shop smartphone camera, smartphone camera retailer, retailer smartphone camera, smartphone camera where to buy, where to buy smartphone camera, smartphone camera worst, worst smartphone camera, smartphone camera quality, quality smartphone camera, smartphone camera original, original smartphone camera, smartphone camera genuine, genuine smartphone camera, smartphone camera fake, fake smartphone camera, smartphone camera replica, replica smartphone camera, smartphone camera authentic, authentic smartphone camera, smartphone camera brand, brand smartphone camera, smartphone camera manufacturer, manufacturer smartphone camera, smartphone camera company, company smartphone camera, smartphone camera product, product smartphone camera, smartphone camera apple product, apple product smartphone camera, smartphone camera sell apple, sell apple smartphone camera, smartphone camera buy apple, buy apple smartphone camera, smartphone camera cheap apple, cheap apple smartphone camera, smartphone camera best apple, best apple smartphone camera, smartphone camera apple review, apple review smartphone camera, smartphone camera where to buy apple, where to buy apple smartphone camera, smartphone camera how to choose apple, how to choose apple smartphone camera, smartphone camera top apple, top apple smartphone camera, smartphone camera apple guide, apple guide smartphone camera, smartphone camera apple for sale, apple for sale smartphone camera, smartphone camera apple deals, apple deals smartphone camera
2025-09-22 16:57:03,148 - INFO - Expanded 220 seed keywords to 385 variations
2025-09-22 16:57:03,148 - INFO - Language: en
2025-09-22 16:57:03,148 - INFO - Region: us
2025-09-22 17:01:31,785 - INFO - 🎯 After all filtering for 'apple': 120 relevant keywords
2025-09-22 17:01:31,860 - INFO - 🎯 Found 5 new keywords for niche 'apple': apple affordable smartphone battery, cheap alternatives smartphone battery, apple alternatives smartphone camera, best authentic smartphone battery, how to brand smartphone battery
2025-09-22 17:01:43,829 - INFO - ✅ Niche 'apple' process complete! 29 total keyword results.
2025-09-22 17:01:43,829 - INFO - ✅ Completed processing niche: 'apple'
2025-09-22 17:01:43,829 - INFO - 🔧 Request Handler final stats - Success rate: 100.0%
2025-09-22 17:01:43,829 - INFO -    Total requests: 9926, Blocks: 0
2025-09-22 17:01:43,830 - INFO - 
========================================
2025-09-22 17:01:43,830 - INFO - Process Summary:
2025-09-22 17:01:43,830 - INFO - - Current niche: 'apple'
2025-09-22 17:01:43,830 - INFO - - Next niche will be: 'sony'
2025-09-22 17:01:43,831 - INFO - - Keywords saved in: languages/english/keywords/apple/
2025-09-22 17:01:43,831 - INFO - ========================================
