2025-11-10 16:57:47,521 - INFO - Log file created at: /home/runner/work/potensitech.com/potensitech.com/languages/english/keywords/logs/kw_search_20251110_165747.log
2025-11-10 16:57:47,521 - INFO - ============================================================
2025-11-10 16:57:47,521 - INFO - AUTOMATIC KEYWORD RESEARCH TOOL
2025-11-10 16:57:47,521 - INFO - ============================================================
2025-11-10 16:57:47,684 - INFO - ========================================
2025-11-10 16:57:47,684 - INFO - Found 14 niches to process: xiaomi, iphone, samsung, apple, sony, asus, philips, sandisk, intel, nvidia, amd, canon, nikon, huawei
2025-11-10 16:57:47,684 - INFO - ========================================
2025-11-10 16:57:47,684 - INFO - All niches completed, starting over
2025-11-10 16:57:47,684 - INFO - ========================================
2025-11-10 16:57:47,684 - INFO - 🎯 PROCESSING NICHE 1/14: 'xiaomi'
2025-11-10 16:57:47,684 - INFO - ========================================
2025-11-10 16:57:47,684 - INFO - 📁 Niche directory: /home/runner/work/potensitech.com/potensitech.com/languages/english/keywords/xiaomi
2025-11-10 16:57:47,684 - INFO - Selected region: us
2025-11-10 16:57:47,684 - INFO - Selected language: en
2025-11-10 16:57:47,684 - INFO - 🎯 Current niche: xiaomi
2025-11-10 16:57:51,237 - INFO - 🎯 Niche terms for filtering: xiaomi, cheap, best, latest, review, price, sell, buy, recommendation, tips, tutorial, guide, how to, vs, versus, compared to, comparison, alternatives, which is better, expensive, discount, deals, sale, affordable, cost, online, offline, marketplace, store, shop, retailer, where to buy, worst, quality, original, genuine, fake, replica, authentic, brand, manufacturer, company, product, xiaomi product, sell xiaomi, buy xiaomi, cheap xiaomi, best xiaomi, xiaomi review, where to buy xiaomi, how to choose xiaomi, top xiaomi, xiaomi guide, xiaomi for sale, xiaomi deals
2025-11-10 16:57:51,238 - INFO - Generated 50 niche-clue pairs for 'xiaomi'.
2025-11-10 16:57:51,240 - INFO - Expanded 50 seed keywords to 218 variations
2025-11-10 16:57:51,240 - INFO - 🔧 Request Handler initialized - Success rate: 100.0%
2025-11-10 17:02:15,268 - INFO - Original clue keywords: processor performance, core efficiency
2025-11-10 17:02:15,268 - INFO - Niche-focused seeds: processor performance xiaomi, xiaomi processor performance, processor performance cheap, cheap processor performance, processor performance best, best processor performance, processor performance latest, latest processor performance, processor performance review, review processor performance, processor performance price, price processor performance, processor performance sell, sell processor performance, processor performance buy, buy processor performance, processor performance recommendation, recommendation processor performance, processor performance tips, tips processor performance, processor performance tutorial, tutorial processor performance, processor performance guide, guide processor performance, processor performance how to, how to processor performance, processor performance vs, vs processor performance, processor performance versus, versus processor performance, processor performance compared to, compared to processor performance, processor performance comparison, comparison processor performance, processor performance alternatives, alternatives processor performance, processor performance which is better, which is better processor performance, processor performance expensive, expensive processor performance, processor performance discount, discount processor performance, processor performance deals, deals processor performance, processor performance sale, sale processor performance, processor performance affordable, affordable processor performance, processor performance cost, cost processor performance, processor performance online, online processor performance, processor performance offline, offline processor performance, processor performance marketplace, marketplace processor performance, processor performance store, store processor performance, processor performance shop, shop processor performance, processor performance retailer, retailer processor performance, processor performance where to buy, where to buy processor performance, processor performance worst, worst processor performance, processor performance quality, quality processor performance, processor performance original, original processor performance, processor performance genuine, genuine processor performance, processor performance fake, fake processor performance, processor performance replica, replica processor performance, processor performance authentic, authentic processor performance, processor performance brand, brand processor performance, processor performance manufacturer, manufacturer processor performance, processor performance company, company processor performance, processor performance product, product processor performance, processor performance xiaomi product, xiaomi product processor performance, processor performance sell xiaomi, sell xiaomi processor performance, processor performance buy xiaomi, buy xiaomi processor performance, processor performance cheap xiaomi, cheap xiaomi processor performance, processor performance best xiaomi, best xiaomi processor performance, processor performance xiaomi review, xiaomi review processor performance, processor performance where to buy xiaomi, where to buy xiaomi processor performance, processor performance how to choose xiaomi, how to choose xiaomi processor performance, processor performance top xiaomi, top xiaomi processor performance, processor performance xiaomi guide, xiaomi guide processor performance, processor performance xiaomi for sale, xiaomi for sale processor performance, processor performance xiaomi deals, xiaomi deals processor performance, core efficiency xiaomi, xiaomi core efficiency, core efficiency cheap, cheap core efficiency, core efficiency best, best core efficiency, core efficiency latest, latest core efficiency, core efficiency review, review core efficiency, core efficiency price, price core efficiency, core efficiency sell, sell core efficiency, core efficiency buy, buy core efficiency, core efficiency recommendation, recommendation core efficiency, core efficiency tips, tips core efficiency, core efficiency tutorial, tutorial core efficiency, core efficiency guide, guide core efficiency, core efficiency how to, how to core efficiency, core efficiency vs, vs core efficiency, core efficiency versus, versus core efficiency, core efficiency compared to, compared to core efficiency, core efficiency comparison, comparison core efficiency, core efficiency alternatives, alternatives core efficiency, core efficiency which is better, which is better core efficiency, core efficiency expensive, expensive core efficiency, core efficiency discount, discount core efficiency, core efficiency deals, deals core efficiency, core efficiency sale, sale core efficiency, core efficiency affordable, affordable core efficiency, core efficiency cost, cost core efficiency, core efficiency online, online core efficiency, core efficiency offline, offline core efficiency, core efficiency marketplace, marketplace core efficiency, core efficiency store, store core efficiency, core efficiency shop, shop core efficiency, core efficiency retailer, retailer core efficiency, core efficiency where to buy, where to buy core efficiency, core efficiency worst, worst core efficiency, core efficiency quality, quality core efficiency, core efficiency original, original core efficiency, core efficiency genuine, genuine core efficiency, core efficiency fake, fake core efficiency, core efficiency replica, replica core efficiency, core efficiency authentic, authentic core efficiency, core efficiency brand, brand core efficiency, core efficiency manufacturer, manufacturer core efficiency, core efficiency company, company core efficiency, core efficiency product, product core efficiency, core efficiency xiaomi product, xiaomi product core efficiency, core efficiency sell xiaomi, sell xiaomi core efficiency, core efficiency buy xiaomi, buy xiaomi core efficiency, core efficiency cheap xiaomi, cheap xiaomi core efficiency, core efficiency best xiaomi, best xiaomi core efficiency, core efficiency xiaomi review, xiaomi review core efficiency, core efficiency where to buy xiaomi, where to buy xiaomi core efficiency, core efficiency how to choose xiaomi, how to choose xiaomi core efficiency, core efficiency top xiaomi, top xiaomi core efficiency, core efficiency xiaomi guide, xiaomi guide core efficiency, core efficiency xiaomi for sale, xiaomi for sale core efficiency, core efficiency xiaomi deals, xiaomi deals core efficiency
2025-11-10 17:02:15,270 - INFO - Expanded 220 seed keywords to 385 variations
2025-11-10 17:02:15,271 - INFO - Language: en
2025-11-10 17:02:15,271 - INFO - Region: us
2025-11-10 17:04:40,468 - INFO - 🎯 After all filtering for 'xiaomi': 120 relevant keywords
2025-11-10 17:04:40,812 - INFO - 🎯 Found 5 new keywords for niche 'xiaomi': xiaomi affordable core efficiency, xiaomi affordable processor performance, cheap alternatives core efficiency, cheap alternatives processor performance, best authentic core efficiency
2025-11-10 17:04:50,736 - INFO - ✅ Niche 'xiaomi' process complete! 197 total keyword results.
2025-11-10 17:04:50,736 - INFO - ✅ Completed processing niche: 'xiaomi'
2025-11-10 17:04:50,737 - INFO - 🔧 Request Handler final stats - Success rate: 100.0%
2025-11-10 17:04:50,737 - INFO -    Total requests: 39921, Blocks: 0
2025-11-10 17:04:50,737 - INFO - 
========================================
2025-11-10 17:04:50,738 - INFO - Process Summary:
2025-11-10 17:04:50,738 - INFO - - Current niche: 'xiaomi'
2025-11-10 17:04:50,738 - INFO - - Next niche will be: 'iphone'
2025-11-10 17:04:50,738 - INFO - - Keywords saved in: languages/english/keywords/xiaomi/
2025-11-10 17:04:50,738 - INFO - ========================================
