2025-10-22 16:57:24,739 - INFO - Log file created at: /home/runner/work/potensitech.com/potensitech.com/languages/english/keywords/logs/kw_search_20251022_165724.log
2025-10-22 16:57:24,739 - INFO - ============================================================
2025-10-22 16:57:24,739 - INFO - AUTOMATIC KEYWORD RESEARCH TOOL
2025-10-22 16:57:24,739 - INFO - ============================================================
2025-10-22 16:57:24,905 - INFO - ========================================
2025-10-22 16:57:24,905 - INFO - Found 14 niches to process: xiaomi, iphone, samsung, apple, sony, asus, philips, sandisk, intel, nvidia, amd, canon, nikon, huawei
2025-10-22 16:57:24,905 - INFO - ========================================
2025-10-22 16:57:24,905 - INFO - Continuing from last processed niche: intel
2025-10-22 16:57:24,906 - INFO - ========================================
2025-10-22 16:57:24,906 - INFO - 🎯 PROCESSING NICHE 10/14: 'nvidia'
2025-10-22 16:57:24,906 - INFO - ========================================
2025-10-22 16:57:24,906 - INFO - 📁 Niche directory: /home/runner/work/potensitech.com/potensitech.com/languages/english/keywords/nvidia
2025-10-22 16:57:24,906 - INFO - Selected region: us
2025-10-22 16:57:24,906 - INFO - Selected language: en
2025-10-22 16:57:24,906 - INFO - 🎯 Current niche: nvidia
2025-10-22 16:57:27,097 - INFO - 🎯 Niche terms for filtering: nvidia, cheap, best, latest, review, price, sell, buy, recommendation, tips, tutorial, guide, how to, vs, versus, compared to, comparison, alternatives, which is better, expensive, discount, deals, sale, affordable, cost, online, offline, marketplace, store, shop, retailer, where to buy, worst, quality, original, genuine, fake, replica, authentic, brand, manufacturer, company, product, nvidia product, sell nvidia, buy nvidia, cheap nvidia, best nvidia, nvidia review, where to buy nvidia, how to choose nvidia, top nvidia, nvidia guide, nvidia for sale, nvidia deals
2025-10-22 16:57:27,097 - INFO - Generated 50 niche-clue pairs for 'nvidia'.
2025-10-22 16:57:27,100 - INFO - Expanded 50 seed keywords to 218 variations
2025-10-22 16:57:27,101 - INFO - 🔧 Request Handler initialized - Success rate: 100.0%
2025-10-22 17:01:50,778 - INFO - Original clue keywords: gpu performance, processor speed
2025-10-22 17:01:50,779 - INFO - Niche-focused seeds: gpu performance nvidia, nvidia gpu performance, gpu performance cheap, cheap gpu performance, gpu performance best, best gpu performance, gpu performance latest, latest gpu performance, gpu performance review, review gpu performance, gpu performance price, price gpu performance, gpu performance sell, sell gpu performance, gpu performance buy, buy gpu performance, gpu performance recommendation, recommendation gpu performance, gpu performance tips, tips gpu performance, gpu performance tutorial, tutorial gpu performance, gpu performance guide, guide gpu performance, gpu performance how to, how to gpu performance, gpu performance vs, vs gpu performance, gpu performance versus, versus gpu performance, gpu performance compared to, compared to gpu performance, gpu performance comparison, comparison gpu performance, gpu performance alternatives, alternatives gpu performance, gpu performance which is better, which is better gpu performance, gpu performance expensive, expensive gpu performance, gpu performance discount, discount gpu performance, gpu performance deals, deals gpu performance, gpu performance sale, sale gpu performance, gpu performance affordable, affordable gpu performance, gpu performance cost, cost gpu performance, gpu performance online, online gpu performance, gpu performance offline, offline gpu performance, gpu performance marketplace, marketplace gpu performance, gpu performance store, store gpu performance, gpu performance shop, shop gpu performance, gpu performance retailer, retailer gpu performance, gpu performance where to buy, where to buy gpu performance, gpu performance worst, worst gpu performance, gpu performance quality, quality gpu performance, gpu performance original, original gpu performance, gpu performance genuine, genuine gpu performance, gpu performance fake, fake gpu performance, gpu performance replica, replica gpu performance, gpu performance authentic, authentic gpu performance, gpu performance brand, brand gpu performance, gpu performance manufacturer, manufacturer gpu performance, gpu performance company, company gpu performance, gpu performance product, product gpu performance, gpu performance nvidia product, nvidia product gpu performance, gpu performance sell nvidia, sell nvidia gpu performance, gpu performance buy nvidia, buy nvidia gpu performance, gpu performance cheap nvidia, cheap nvidia gpu performance, gpu performance best nvidia, best nvidia gpu performance, gpu performance nvidia review, nvidia review gpu performance, gpu performance where to buy nvidia, where to buy nvidia gpu performance, gpu performance how to choose nvidia, how to choose nvidia gpu performance, gpu performance top nvidia, top nvidia gpu performance, gpu performance nvidia guide, nvidia guide gpu performance, gpu performance nvidia for sale, nvidia for sale gpu performance, gpu performance nvidia deals, nvidia deals gpu performance, processor speed nvidia, nvidia processor speed, processor speed cheap, cheap processor speed, processor speed best, best processor speed, processor speed latest, latest processor speed, processor speed review, review processor speed, processor speed price, price processor speed, processor speed sell, sell processor speed, processor speed buy, buy processor speed, processor speed recommendation, recommendation processor speed, processor speed tips, tips processor speed, processor speed tutorial, tutorial processor speed, processor speed guide, guide processor speed, processor speed how to, how to processor speed, processor speed vs, vs processor speed, processor speed versus, versus processor speed, processor speed compared to, compared to processor speed, processor speed comparison, comparison processor speed, processor speed alternatives, alternatives processor speed, processor speed which is better, which is better processor speed, processor speed expensive, expensive processor speed, processor speed discount, discount processor speed, processor speed deals, deals processor speed, processor speed sale, sale processor speed, processor speed affordable, affordable processor speed, processor speed cost, cost processor speed, processor speed online, online processor speed, processor speed offline, offline processor speed, processor speed marketplace, marketplace processor speed, processor speed store, store processor speed, processor speed shop, shop processor speed, processor speed retailer, retailer processor speed, processor speed where to buy, where to buy processor speed, processor speed worst, worst processor speed, processor speed quality, quality processor speed, processor speed original, original processor speed, processor speed genuine, genuine processor speed, processor speed fake, fake processor speed, processor speed replica, replica processor speed, processor speed authentic, authentic processor speed, processor speed brand, brand processor speed, processor speed manufacturer, manufacturer processor speed, processor speed company, company processor speed, processor speed product, product processor speed, processor speed nvidia product, nvidia product processor speed, processor speed sell nvidia, sell nvidia processor speed, processor speed buy nvidia, buy nvidia processor speed, processor speed cheap nvidia, cheap nvidia processor speed, processor speed best nvidia, best nvidia processor speed, processor speed nvidia review, nvidia review processor speed, processor speed where to buy nvidia, where to buy nvidia processor speed, processor speed how to choose nvidia, how to choose nvidia processor speed, processor speed top nvidia, top nvidia processor speed, processor speed nvidia guide, nvidia guide processor speed, processor speed nvidia for sale, nvidia for sale processor speed, processor speed nvidia deals, nvidia deals processor speed
2025-10-22 17:01:50,782 - INFO - Expanded 220 seed keywords to 385 variations
2025-10-22 17:01:50,782 - INFO - Language: en
2025-10-22 17:01:50,782 - INFO - Region: us
2025-10-22 17:02:25,063 - INFO - 🎯 After all filtering for 'nvidia': 120 relevant keywords
2025-10-22 17:02:25,500 - INFO - 🎯 Found 2 new keywords for niche 'nvidia': nvidia affordable gpu performance, nvidia affordable processor speed
2025-10-22 17:02:33,980 - INFO - ✅ Niche 'nvidia' process complete! 184 total keyword results.
2025-10-22 17:02:33,980 - INFO - ✅ Completed processing niche: 'nvidia'
2025-10-22 17:02:33,980 - INFO - 🔧 Request Handler final stats - Success rate: 100.0%
2025-10-22 17:02:33,980 - INFO -    Total requests: 29894, Blocks: 0
2025-10-22 17:02:33,981 - INFO - 
========================================
2025-10-22 17:02:33,982 - INFO - Process Summary:
2025-10-22 17:02:33,982 - INFO - - Current niche: 'nvidia'
2025-10-22 17:02:33,982 - INFO - - Next niche will be: 'amd'
2025-10-22 17:02:33,982 - INFO - - Keywords saved in: languages/english/keywords/nvidia/
2025-10-22 17:02:33,982 - INFO - ========================================
