2025-10-04 12:28:27,986 - INFO - Log file created at: /home/runner/work/potensitech.com/potensitech.com/languages/english/keywords/logs/kw_search_20251004_122827.log
2025-10-04 12:28:27,986 - INFO - ============================================================
2025-10-04 12:28:27,986 - INFO - AUTOMATIC KEYWORD RESEARCH TOOL
2025-10-04 12:28:27,986 - INFO - ============================================================
2025-10-04 12:28:28,144 - INFO - ========================================
2025-10-04 12:28:28,144 - INFO - Found 14 niches to process: xiaomi, iphone, samsung, apple, sony, asus, philips, sandisk, intel, nvidia, amd, canon, nikon, huawei
2025-10-04 12:28:28,144 - INFO - ========================================
2025-10-04 12:28:28,144 - INFO - Continuing from last processed niche: intel
2025-10-04 12:28:28,144 - INFO - ========================================
2025-10-04 12:28:28,144 - INFO - 🎯 PROCESSING NICHE 10/14: 'nvidia'
2025-10-04 12:28:28,144 - INFO - ========================================
2025-10-04 12:28:28,144 - INFO - 📁 Niche directory: /home/runner/work/potensitech.com/potensitech.com/languages/english/keywords/nvidia
2025-10-04 12:28:28,144 - INFO - Selected region: us
2025-10-04 12:28:28,144 - INFO - Selected language: en
2025-10-04 12:28:28,144 - INFO - 🎯 Current niche: nvidia
2025-10-04 12:28:31,102 - INFO - 🎯 Niche terms for filtering: nvidia, cheap, best, latest, review, price, sell, buy, recommendation, tips, tutorial, guide, how to, vs, versus, compared to, comparison, alternatives, which is better, expensive, discount, deals, sale, affordable, cost, online, offline, marketplace, store, shop, retailer, where to buy, worst, quality, original, genuine, fake, replica, authentic, brand, manufacturer, company, product, nvidia product, sell nvidia, buy nvidia, cheap nvidia, best nvidia, nvidia review, where to buy nvidia, how to choose nvidia, top nvidia, nvidia guide, nvidia for sale, nvidia deals
2025-10-04 12:28:31,102 - INFO - Generated 50 niche-clue pairs for 'nvidia'.
2025-10-04 12:28:31,105 - INFO - Expanded 50 seed keywords to 218 variations
2025-10-04 12:28:31,106 - INFO - 🔧 Request Handler initialized - Success rate: 100.0%
2025-10-04 12:32:58,402 - INFO - Original clue keywords: image quality, processor performance
2025-10-04 12:32:58,402 - INFO - Niche-focused seeds: image quality, processor performance nvidia, nvidia processor performance, processor performance cheap, cheap processor performance, processor performance best, best processor performance, processor performance latest, latest processor performance, processor performance review, review processor performance, processor performance price, price processor performance, processor performance sell, sell processor performance, processor performance buy, buy processor performance, processor performance recommendation, recommendation processor performance, processor performance tips, tips processor performance, processor performance tutorial, tutorial processor performance, processor performance guide, guide processor performance, processor performance how to, how to processor performance, processor performance vs, vs processor performance, processor performance versus, versus processor performance, processor performance compared to, compared to processor performance, processor performance comparison, comparison processor performance, processor performance alternatives, alternatives processor performance, processor performance which is better, which is better processor performance, processor performance expensive, expensive processor performance, processor performance discount, discount processor performance, processor performance deals, deals processor performance, processor performance sale, sale processor performance, processor performance affordable, affordable processor performance, processor performance cost, cost processor performance, processor performance online, online processor performance, processor performance offline, offline processor performance, processor performance marketplace, marketplace processor performance, processor performance store, store processor performance, processor performance shop, shop processor performance, processor performance retailer, retailer processor performance, processor performance where to buy, where to buy processor performance, processor performance worst, worst processor performance, processor performance quality, quality processor performance, processor performance original, original processor performance, processor performance genuine, genuine processor performance, processor performance fake, fake processor performance, processor performance replica, replica processor performance, processor performance authentic, authentic processor performance, processor performance brand, brand processor performance, processor performance manufacturer, manufacturer processor performance, processor performance company, company processor performance, processor performance product, product processor performance, processor performance nvidia product, nvidia product processor performance, processor performance sell nvidia, sell nvidia processor performance, processor performance buy nvidia, buy nvidia processor performance, processor performance cheap nvidia, cheap nvidia processor performance, processor performance best nvidia, best nvidia processor performance, processor performance nvidia review, nvidia review processor performance, processor performance where to buy nvidia, where to buy nvidia processor performance, processor performance how to choose nvidia, how to choose nvidia processor performance, processor performance top nvidia, top nvidia processor performance, processor performance nvidia guide, nvidia guide processor performance, processor performance nvidia for sale, nvidia for sale processor performance, processor performance nvidia deals, nvidia deals processor performance
2025-10-04 12:32:58,405 - INFO - Expanded 111 seed keywords to 276 variations
2025-10-04 12:32:58,405 - INFO - Language: en
2025-10-04 12:32:58,405 - INFO - Region: us
2025-10-04 12:37:30,171 - INFO - 🎯 After all filtering for 'nvidia': 120 relevant keywords
2025-10-04 12:37:30,200 - INFO - 🎯 Found 5 new keywords for niche 'nvidia': nvidia image quality, cheap image quality, best image quality, how to image quality, nvidia affordable processor performance
2025-10-04 12:37:37,487 - INFO - ✅ Niche 'nvidia' process complete! 105 total keyword results.
2025-10-04 12:37:37,487 - INFO - ✅ Completed processing niche: 'nvidia'
2025-10-04 12:37:37,487 - INFO - 🔧 Request Handler final stats - Success rate: 100.0%
2025-10-04 12:37:37,487 - INFO -    Total requests: 18588, Blocks: 0
2025-10-04 12:37:37,489 - INFO - 
========================================
2025-10-04 12:37:37,489 - INFO - Process Summary:
2025-10-04 12:37:37,489 - INFO - - Current niche: 'nvidia'
2025-10-04 12:37:37,489 - INFO - - Next niche will be: 'amd'
2025-10-04 12:37:37,489 - INFO - - Keywords saved in: languages/english/keywords/nvidia/
2025-10-04 12:37:37,489 - INFO - ========================================
