2025-10-11 07:26:03,055 - INFO - Log file created at: /home/runner/work/potensitech.com/potensitech.com/languages/english/keywords/logs/kw_search_20251011_072603.log
2025-10-11 07:26:03,055 - INFO - ============================================================
2025-10-11 07:26:03,055 - INFO - AUTOMATIC KEYWORD RESEARCH TOOL
2025-10-11 07:26:03,055 - INFO - ============================================================
2025-10-11 07:26:03,267 - INFO - ========================================
2025-10-11 07:26:03,267 - INFO - Found 14 niches to process: xiaomi, iphone, samsung, apple, sony, asus, philips, sandisk, intel, nvidia, amd, canon, nikon, huawei
2025-10-11 07:26:03,267 - INFO - ========================================
2025-10-11 07:26:03,267 - INFO - Continuing from last processed niche: philips
2025-10-11 07:26:03,267 - INFO - ========================================
2025-10-11 07:26:03,268 - INFO - 🎯 PROCESSING NICHE 8/14: 'sandisk'
2025-10-11 07:26:03,268 - INFO - ========================================
2025-10-11 07:26:03,268 - INFO - 📁 Niche directory: /home/runner/work/potensitech.com/potensitech.com/languages/english/keywords/sandisk
2025-10-11 07:26:03,268 - INFO - Selected region: us
2025-10-11 07:26:03,268 - INFO - Selected language: en
2025-10-11 07:26:03,268 - INFO - 🎯 Current niche: sandisk
2025-10-11 07:26:06,761 - INFO - 🎯 Niche terms for filtering: sandisk, cheap, best, latest, review, price, sell, buy, recommendation, tips, tutorial, guide, how to, vs, versus, compared to, comparison, alternatives, which is better, expensive, discount, deals, sale, affordable, cost, online, offline, marketplace, store, shop, retailer, where to buy, worst, quality, original, genuine, fake, replica, authentic, brand, manufacturer, company, product, sandisk product, sell sandisk, buy sandisk, cheap sandisk, best sandisk, sandisk review, where to buy sandisk, how to choose sandisk, top sandisk, sandisk guide, sandisk for sale, sandisk deals
2025-10-11 07:26:06,762 - INFO - Generated 50 niche-clue pairs for 'sandisk'.
2025-10-11 07:26:06,765 - INFO - Expanded 50 seed keywords to 218 variations
2025-10-11 07:26:06,765 - INFO - 🔧 Request Handler initialized - Success rate: 100.0%
2025-10-11 07:30:32,261 - INFO - Original clue keywords: usb stick
2025-10-11 07:30:32,262 - INFO - Niche-focused seeds: usb stick sandisk, sandisk usb stick, usb stick cheap, cheap usb stick, usb stick best, best usb stick, usb stick latest, latest usb stick, usb stick review, review usb stick, usb stick price, price usb stick, usb stick sell, sell usb stick, usb stick buy, buy usb stick, usb stick recommendation, recommendation usb stick, usb stick tips, tips usb stick, usb stick tutorial, tutorial usb stick, usb stick guide, guide usb stick, usb stick how to, how to usb stick, usb stick vs, vs usb stick, usb stick versus, versus usb stick, usb stick compared to, compared to usb stick, usb stick comparison, comparison usb stick, usb stick alternatives, alternatives usb stick, usb stick which is better, which is better usb stick, usb stick expensive, expensive usb stick, usb stick discount, discount usb stick, usb stick deals, deals usb stick, usb stick sale, sale usb stick, usb stick affordable, affordable usb stick, usb stick cost, cost usb stick, usb stick online, online usb stick, usb stick offline, offline usb stick, usb stick marketplace, marketplace usb stick, usb stick store, store usb stick, usb stick shop, shop usb stick, usb stick retailer, retailer usb stick, usb stick where to buy, where to buy usb stick, usb stick worst, worst usb stick, usb stick quality, quality usb stick, usb stick original, original usb stick, usb stick genuine, genuine usb stick, usb stick fake, fake usb stick, usb stick replica, replica usb stick, usb stick authentic, authentic usb stick, usb stick brand, brand usb stick, usb stick manufacturer, manufacturer usb stick, usb stick company, company usb stick, usb stick product, product usb stick, usb stick sandisk product, sandisk product usb stick, usb stick sell sandisk, sell sandisk usb stick, usb stick buy sandisk, buy sandisk usb stick, usb stick cheap sandisk, cheap sandisk usb stick, usb stick best sandisk, best sandisk usb stick, usb stick sandisk review, sandisk review usb stick, usb stick where to buy sandisk, where to buy sandisk usb stick, usb stick how to choose sandisk, how to choose sandisk usb stick, usb stick top sandisk, top sandisk usb stick, usb stick sandisk guide, sandisk guide usb stick, usb stick sandisk for sale, sandisk for sale usb stick, usb stick sandisk deals, sandisk deals usb stick
2025-10-11 07:30:32,265 - INFO - Expanded 110 seed keywords to 275 variations
2025-10-11 07:30:32,265 - INFO - Language: en
2025-10-11 07:30:32,265 - INFO - Region: us
2025-10-11 07:35:05,572 - INFO - 🎯 After all filtering for 'sandisk': 120 relevant keywords
2025-10-11 07:35:05,991 - INFO - 🎯 Found 4 new keywords for niche 'sandisk': sandisk affordable usb stick, cheap alternatives usb stick, best authentic usb stick, how to brand usb stick
2025-10-11 07:35:14,341 - INFO - ✅ Niche 'sandisk' process complete! 99 total keyword results.
2025-10-11 07:35:14,341 - INFO - ✅ Completed processing niche: 'sandisk'
2025-10-11 07:35:14,341 - INFO - 🔧 Request Handler final stats - Success rate: 100.0%
2025-10-11 07:35:14,341 - INFO -    Total requests: 23634, Blocks: 0
2025-10-11 07:35:14,342 - INFO - 
========================================
2025-10-11 07:35:14,343 - INFO - Process Summary:
2025-10-11 07:35:14,343 - INFO - - Current niche: 'sandisk'
2025-10-11 07:35:14,343 - INFO - - Next niche will be: 'intel'
2025-10-11 07:35:14,343 - INFO - - Keywords saved in: languages/english/keywords/sandisk/
2025-10-11 07:35:14,343 - INFO - ========================================
