2025-09-23 01:54:58,245 - INFO - Log file created at: /home/runner/work/potensitech.com/potensitech.com/languages/english/keywords/logs/kw_search_20250923_015458.log
2025-09-23 01:54:58,245 - INFO - ============================================================
2025-09-23 01:54:58,245 - INFO - AUTOMATIC KEYWORD RESEARCH TOOL
2025-09-23 01:54:58,245 - INFO - ============================================================
2025-09-23 01:54:58,363 - INFO - ========================================
2025-09-23 01:54:58,363 - INFO - Found 14 niches to process: xiaomi, iphone, samsung, apple, sony, asus, philips, sandisk, intel, nvidia, amd, canon, nikon, huawei
2025-09-23 01:54:58,363 - INFO - ========================================
2025-09-23 01:54:58,363 - INFO - Continuing from last processed niche: asus
2025-09-23 01:54:58,363 - INFO - ========================================
2025-09-23 01:54:58,363 - INFO - 🎯 PROCESSING NICHE 7/14: 'philips'
2025-09-23 01:54:58,363 - INFO - ========================================
2025-09-23 01:54:58,363 - INFO - 📁 Niche directory: /home/runner/work/potensitech.com/potensitech.com/languages/english/keywords/philips
2025-09-23 01:54:58,364 - INFO - Selected region: us
2025-09-23 01:54:58,364 - INFO - Selected language: en
2025-09-23 01:54:58,364 - INFO - 🎯 Current niche: philips
2025-09-23 01:55:05,160 - INFO - 🎯 Niche terms for filtering: philips, cheap, best, latest, review, price, sell, buy, recommendation, tips, tutorial, guide, how to, vs, versus, compared to, comparison, alternatives, which is better, expensive, discount, deals, sale, affordable, cost, online, offline, marketplace, store, shop, retailer, where to buy, worst, quality, original, genuine, fake, replica, authentic, brand, manufacturer, company, product, philips product, sell philips, buy philips, cheap philips, best philips, philips review, where to buy philips, how to choose philips, top philips, philips guide, philips for sale, philips deals
2025-09-23 01:55:05,160 - INFO - Generated 50 niche-clue pairs for 'philips'.
2025-09-23 01:55:05,163 - INFO - Expanded 50 seed keywords to 218 variations
2025-09-23 01:55:05,163 - INFO - 🔧 Request Handler initialized - Success rate: 100.0%
2025-09-23 01:59:30,495 - INFO - Original clue keywords: smartphone battery, smartphone camera
2025-09-23 01:59:30,495 - INFO - Niche-focused seeds: smartphone battery philips, philips smartphone battery, smartphone battery cheap, cheap smartphone battery, smartphone battery best, best smartphone battery, smartphone battery latest, latest smartphone battery, smartphone battery review, review smartphone battery, smartphone battery price, price smartphone battery, smartphone battery sell, sell smartphone battery, smartphone battery buy, buy smartphone battery, smartphone battery recommendation, recommendation smartphone battery, smartphone battery tips, tips smartphone battery, smartphone battery tutorial, tutorial smartphone battery, smartphone battery guide, guide smartphone battery, smartphone battery how to, how to smartphone battery, smartphone battery vs, vs smartphone battery, smartphone battery versus, versus smartphone battery, smartphone battery compared to, compared to smartphone battery, smartphone battery comparison, comparison smartphone battery, smartphone battery alternatives, alternatives smartphone battery, smartphone battery which is better, which is better smartphone battery, smartphone battery expensive, expensive smartphone battery, smartphone battery discount, discount smartphone battery, smartphone battery deals, deals smartphone battery, smartphone battery sale, sale smartphone battery, smartphone battery affordable, affordable smartphone battery, smartphone battery cost, cost smartphone battery, smartphone battery online, online smartphone battery, smartphone battery offline, offline smartphone battery, smartphone battery marketplace, marketplace smartphone battery, smartphone battery store, store smartphone battery, smartphone battery shop, shop smartphone battery, smartphone battery retailer, retailer smartphone battery, smartphone battery where to buy, where to buy smartphone battery, smartphone battery worst, worst smartphone battery, smartphone battery quality, quality smartphone battery, smartphone battery original, original smartphone battery, smartphone battery genuine, genuine smartphone battery, smartphone battery fake, fake smartphone battery, smartphone battery replica, replica smartphone battery, smartphone battery authentic, authentic smartphone battery, smartphone battery brand, brand smartphone battery, smartphone battery manufacturer, manufacturer smartphone battery, smartphone battery company, company smartphone battery, smartphone battery product, product smartphone battery, smartphone battery philips product, philips product smartphone battery, smartphone battery sell philips, sell philips smartphone battery, smartphone battery buy philips, buy philips smartphone battery, smartphone battery cheap philips, cheap philips smartphone battery, smartphone battery best philips, best philips smartphone battery, smartphone battery philips review, philips review smartphone battery, smartphone battery where to buy philips, where to buy philips smartphone battery, smartphone battery how to choose philips, how to choose philips smartphone battery, smartphone battery top philips, top philips smartphone battery, smartphone battery philips guide, philips guide smartphone battery, smartphone battery philips for sale, philips for sale smartphone battery, smartphone battery philips deals, philips deals smartphone battery, smartphone camera philips, philips smartphone camera, smartphone camera cheap, cheap smartphone camera, smartphone camera best, best smartphone camera, smartphone camera latest, latest smartphone camera, smartphone camera review, review smartphone camera, smartphone camera price, price smartphone camera, smartphone camera sell, sell smartphone camera, smartphone camera buy, buy smartphone camera, smartphone camera recommendation, recommendation smartphone camera, smartphone camera tips, tips smartphone camera, smartphone camera tutorial, tutorial smartphone camera, smartphone camera guide, guide smartphone camera, smartphone camera how to, how to smartphone camera, smartphone camera vs, vs smartphone camera, smartphone camera versus, versus smartphone camera, smartphone camera compared to, compared to smartphone camera, smartphone camera comparison, comparison smartphone camera, smartphone camera alternatives, alternatives smartphone camera, smartphone camera which is better, which is better smartphone camera, smartphone camera expensive, expensive smartphone camera, smartphone camera discount, discount smartphone camera, smartphone camera deals, deals smartphone camera, smartphone camera sale, sale smartphone camera, smartphone camera affordable, affordable smartphone camera, smartphone camera cost, cost smartphone camera, smartphone camera online, online smartphone camera, smartphone camera offline, offline smartphone camera, smartphone camera marketplace, marketplace smartphone camera, smartphone camera store, store smartphone camera, smartphone camera shop, shop smartphone camera, smartphone camera retailer, retailer smartphone camera, smartphone camera where to buy, where to buy smartphone camera, smartphone camera worst, worst smartphone camera, smartphone camera quality, quality smartphone camera, smartphone camera original, original smartphone camera, smartphone camera genuine, genuine smartphone camera, smartphone camera fake, fake smartphone camera, smartphone camera replica, replica smartphone camera, smartphone camera authentic, authentic smartphone camera, smartphone camera brand, brand smartphone camera, smartphone camera manufacturer, manufacturer smartphone camera, smartphone camera company, company smartphone camera, smartphone camera product, product smartphone camera, smartphone camera philips product, philips product smartphone camera, smartphone camera sell philips, sell philips smartphone camera, smartphone camera buy philips, buy philips smartphone camera, smartphone camera cheap philips, cheap philips smartphone camera, smartphone camera best philips, best philips smartphone camera, smartphone camera philips review, philips review smartphone camera, smartphone camera where to buy philips, where to buy philips smartphone camera, smartphone camera how to choose philips, how to choose philips smartphone camera, smartphone camera top philips, top philips smartphone camera, smartphone camera philips guide, philips guide smartphone camera, smartphone camera philips for sale, philips for sale smartphone camera, smartphone camera philips deals, philips deals smartphone camera
2025-09-23 01:59:30,498 - INFO - Expanded 220 seed keywords to 385 variations
2025-09-23 01:59:30,499 - INFO - Language: en
2025-09-23 01:59:30,499 - INFO - Region: us
2025-09-23 02:04:04,217 - INFO - 🎯 After all filtering for 'philips': 120 relevant keywords
2025-09-23 02:04:04,285 - INFO - 🎯 Found 5 new keywords for niche 'philips': philips affordable smartphone battery, cheap affordable smartphone camera, cheap alternatives smartphone battery, philips alternatives smartphone camera, best authentic smartphone battery
2025-09-23 02:04:26,846 - INFO - ✅ Niche 'philips' process complete! 45 total keyword results.
2025-09-23 02:04:26,846 - INFO - ✅ Completed processing niche: 'philips'
2025-09-23 02:04:26,846 - INFO - 🔧 Request Handler final stats - Success rate: 100.0%
2025-09-23 02:04:26,846 - INFO -    Total requests: 10199, Blocks: 0
2025-09-23 02:04:26,847 - INFO - 
========================================
2025-09-23 02:04:26,847 - INFO - Process Summary:
2025-09-23 02:04:26,847 - INFO - - Current niche: 'philips'
2025-09-23 02:04:26,847 - INFO - - Next niche will be: 'sandisk'
2025-09-23 02:04:26,848 - INFO - - Keywords saved in: languages/english/keywords/philips/
2025-09-23 02:04:26,848 - INFO - ========================================
