2025-09-18 09:43:01,902 - INFO - Log file created at: /home/runner/work/potensitech.com/potensitech.com/languages/english/keywords/logs/kw_search_20250918_094301.log
2025-09-18 09:43:01,902 - INFO - ============================================================
2025-09-18 09:43:01,902 - INFO - AUTOMATIC KEYWORD RESEARCH TOOL
2025-09-18 09:43:01,902 - INFO - ============================================================
2025-09-18 09:43:01,985 - INFO - ========================================
2025-09-18 09:43:01,985 - INFO - Found 14 niches to process: xiaomi, iphone, samsung, apple, sony, asus, philips, sandisk, intel, nvidia, amd, canon, nikon, huawei
2025-09-18 09:43:01,985 - INFO - ========================================
2025-09-18 09:43:01,985 - INFO - Continuing from last processed niche: iphone
2025-09-18 09:43:01,985 - INFO - ========================================
2025-09-18 09:43:01,985 - INFO - 🎯 PROCESSING NICHE 3/14: 'samsung'
2025-09-18 09:43:01,985 - INFO - ========================================
2025-09-18 09:43:01,986 - INFO - 📁 Niche directory: /home/runner/work/potensitech.com/potensitech.com/languages/english/keywords/samsung
2025-09-18 09:43:01,986 - INFO - Selected region: us
2025-09-18 09:43:01,986 - INFO - Selected language: en
2025-09-18 09:43:01,986 - INFO - 🎯 Current niche: samsung
2025-09-18 09:43:05,376 - INFO - 🎯 Niche terms for filtering: samsung, cheap, best, latest, review, price, sell, buy, recommendation, tips, tutorial, guide, how to, vs, versus, compared to, comparison, alternatives, which is better, expensive, discount, deals, sale, affordable, cost, online, offline, marketplace, store, shop, retailer, where to buy, worst, quality, original, genuine, fake, replica, authentic, brand, manufacturer, company, product, samsung product, sell samsung, buy samsung, cheap samsung, best samsung, samsung review, where to buy samsung, how to choose samsung, top samsung, samsung guide, samsung for sale, samsung deals
2025-09-18 09:43:05,376 - INFO - Generated 50 niche-clue pairs for 'samsung'.
2025-09-18 09:43:05,379 - INFO - Expanded 50 seed keywords to 218 variations
2025-09-18 09:43:05,380 - INFO - 🔧 Request Handler initialized - Success rate: 100.0%
2025-09-18 09:47:26,018 - INFO - Original clue keywords: memory card, data transfer
2025-09-18 09:47:26,018 - INFO - Niche-focused seeds: memory card samsung, samsung memory card, memory card cheap, cheap memory card, memory card best, best memory card, memory card latest, latest memory card, memory card review, review memory card, memory card price, price memory card, memory card sell, sell memory card, memory card buy, buy memory card, memory card recommendation, recommendation memory card, memory card tips, tips memory card, memory card tutorial, tutorial memory card, memory card guide, guide memory card, memory card how to, how to memory card, memory card vs, vs memory card, memory card versus, versus memory card, memory card compared to, compared to memory card, memory card comparison, comparison memory card, memory card alternatives, alternatives memory card, memory card which is better, which is better memory card, memory card expensive, expensive memory card, memory card discount, discount memory card, memory card deals, deals memory card, memory card sale, sale memory card, memory card affordable, affordable memory card, memory card cost, cost memory card, memory card online, online memory card, memory card offline, offline memory card, memory card marketplace, marketplace memory card, memory card store, store memory card, memory card shop, shop memory card, memory card retailer, retailer memory card, memory card where to buy, where to buy memory card, memory card worst, worst memory card, memory card quality, quality memory card, memory card original, original memory card, memory card genuine, genuine memory card, memory card fake, fake memory card, memory card replica, replica memory card, memory card authentic, authentic memory card, memory card brand, brand memory card, memory card manufacturer, manufacturer memory card, memory card company, company memory card, memory card product, product memory card, memory card samsung product, samsung product memory card, memory card sell samsung, sell samsung memory card, memory card buy samsung, buy samsung memory card, memory card cheap samsung, cheap samsung memory card, memory card best samsung, best samsung memory card, memory card samsung review, samsung review memory card, memory card where to buy samsung, where to buy samsung memory card, memory card how to choose samsung, how to choose samsung memory card, memory card top samsung, top samsung memory card, memory card samsung guide, samsung guide memory card, memory card samsung for sale, samsung for sale memory card, memory card samsung deals, samsung deals memory card, data transfer samsung, samsung data transfer, data transfer cheap, cheap data transfer, data transfer best, best data transfer, data transfer latest, latest data transfer, data transfer review, review data transfer, data transfer price, price data transfer, data transfer sell, sell data transfer, data transfer buy, buy data transfer, data transfer recommendation, recommendation data transfer, data transfer tips, tips data transfer, data transfer tutorial, tutorial data transfer, data transfer guide, guide data transfer, data transfer how to, how to data transfer, data transfer vs, vs data transfer, data transfer versus, versus data transfer, data transfer compared to, compared to data transfer, data transfer comparison, comparison data transfer, data transfer alternatives, alternatives data transfer, data transfer which is better, which is better data transfer, data transfer expensive, expensive data transfer, data transfer discount, discount data transfer, data transfer deals, deals data transfer, data transfer sale, sale data transfer, data transfer affordable, affordable data transfer, data transfer cost, cost data transfer, data transfer online, online data transfer, data transfer offline, offline data transfer, data transfer marketplace, marketplace data transfer, data transfer store, store data transfer, data transfer shop, shop data transfer, data transfer retailer, retailer data transfer, data transfer where to buy, where to buy data transfer, data transfer worst, worst data transfer, data transfer quality, quality data transfer, data transfer original, original data transfer, data transfer genuine, genuine data transfer, data transfer fake, fake data transfer, data transfer replica, replica data transfer, data transfer authentic, authentic data transfer, data transfer brand, brand data transfer, data transfer manufacturer, manufacturer data transfer, data transfer company, company data transfer, data transfer product, product data transfer, data transfer samsung product, samsung product data transfer, data transfer sell samsung, sell samsung data transfer, data transfer buy samsung, buy samsung data transfer, data transfer cheap samsung, cheap samsung data transfer, data transfer best samsung, best samsung data transfer, data transfer samsung review, samsung review data transfer, data transfer where to buy samsung, where to buy samsung data transfer, data transfer how to choose samsung, how to choose samsung data transfer, data transfer top samsung, top samsung data transfer, data transfer samsung guide, samsung guide data transfer, data transfer samsung for sale, samsung for sale data transfer, data transfer samsung deals, samsung deals data transfer
2025-09-18 09:47:26,021 - INFO - Expanded 220 seed keywords to 385 variations
2025-09-18 09:47:26,021 - INFO - Language: en
2025-09-18 09:47:26,021 - INFO - Region: us
2025-09-18 09:51:57,727 - INFO - 🎯 After all filtering for 'samsung': 120 relevant keywords
2025-09-18 09:51:57,771 - INFO - 🎯 Found 5 new keywords for niche 'samsung': samsung affordable data transfer, samsung affordable memory card, cheap alternatives data transfer, cheap alternatives memory card, best authentic data transfer
2025-09-18 09:53:27,009 - INFO - ✅ Niche 'samsung' process complete! 32 total keyword results.
2025-09-18 09:53:27,009 - INFO - ✅ Completed processing niche: 'samsung'
2025-09-18 09:53:27,010 - INFO - 🔧 Request Handler final stats - Success rate: 100.0%
2025-09-18 09:53:27,010 - INFO -    Total requests: 6199, Blocks: 0
2025-09-18 09:53:27,011 - INFO - 
========================================
2025-09-18 09:53:27,011 - INFO - Process Summary:
2025-09-18 09:53:27,011 - INFO - - Current niche: 'samsung'
2025-09-18 09:53:27,011 - INFO - - Next niche will be: 'apple'
2025-09-18 09:53:27,011 - INFO - - Keywords saved in: languages/english/keywords/samsung/
2025-09-18 09:53:27,011 - INFO - ========================================
