2025-10-01 19:23:27,310 - INFO - Log file created at: /home/runner/work/potensitech.com/potensitech.com/languages/english/keywords/logs/kw_search_20251001_192327.log
2025-10-01 19:23:27,310 - INFO - ============================================================
2025-10-01 19:23:27,310 - INFO - AUTOMATIC KEYWORD RESEARCH TOOL
2025-10-01 19:23:27,310 - INFO - ============================================================
2025-10-01 19:23:27,524 - INFO - ========================================
2025-10-01 19:23:27,525 - INFO - Found 14 niches to process: xiaomi, iphone, samsung, apple, sony, asus, philips, sandisk, intel, nvidia, amd, canon, nikon, huawei
2025-10-01 19:23:27,525 - INFO - ========================================
2025-10-01 19:23:27,525 - INFO - Continuing from last processed niche: nvidia
2025-10-01 19:23:27,525 - INFO - ========================================
2025-10-01 19:23:27,525 - INFO - 🎯 PROCESSING NICHE 11/14: 'amd'
2025-10-01 19:23:27,525 - INFO - ========================================
2025-10-01 19:23:27,525 - INFO - 📁 Niche directory: /home/runner/work/potensitech.com/potensitech.com/languages/english/keywords/amd
2025-10-01 19:23:27,525 - INFO - Selected region: us
2025-10-01 19:23:27,525 - INFO - Selected language: en
2025-10-01 19:23:27,525 - INFO - 🎯 Current niche: amd
2025-10-01 19:23:29,755 - INFO - 🎯 Niche terms for filtering: amd, cheap, best, latest, review, price, sell, buy, recommendation, tips, tutorial, guide, how to, vs, versus, compared to, comparison, alternatives, which is better, expensive, discount, deals, sale, affordable, cost, online, offline, marketplace, store, shop, retailer, where to buy, worst, quality, original, genuine, fake, replica, authentic, brand, manufacturer, company, product, amd product, sell amd, buy amd, cheap amd, best amd, amd review, where to buy amd, how to choose amd, top amd, amd guide, amd for sale, amd deals
2025-10-01 19:23:29,755 - INFO - Generated 50 niche-clue pairs for 'amd'.
2025-10-01 19:23:29,758 - INFO - Expanded 50 seed keywords to 218 variations
2025-10-01 19:23:29,758 - INFO - 🔧 Request Handler initialized - Success rate: 100.0%
2025-10-01 19:27:56,425 - INFO - Original clue keywords: graphics performance, processor efficiency
2025-10-01 19:27:56,425 - INFO - Niche-focused seeds: graphics performance amd, amd graphics performance, graphics performance cheap, cheap graphics performance, graphics performance best, best graphics performance, graphics performance latest, latest graphics performance, graphics performance review, review graphics performance, graphics performance price, price graphics performance, graphics performance sell, sell graphics performance, graphics performance buy, buy graphics performance, graphics performance recommendation, recommendation graphics performance, graphics performance tips, tips graphics performance, graphics performance tutorial, tutorial graphics performance, graphics performance guide, guide graphics performance, graphics performance how to, how to graphics performance, graphics performance vs, vs graphics performance, graphics performance versus, versus graphics performance, graphics performance compared to, compared to graphics performance, graphics performance comparison, comparison graphics performance, graphics performance alternatives, alternatives graphics performance, graphics performance which is better, which is better graphics performance, graphics performance expensive, expensive graphics performance, graphics performance discount, discount graphics performance, graphics performance deals, deals graphics performance, graphics performance sale, sale graphics performance, graphics performance affordable, affordable graphics performance, graphics performance cost, cost graphics performance, graphics performance online, online graphics performance, graphics performance offline, offline graphics performance, graphics performance marketplace, marketplace graphics performance, graphics performance store, store graphics performance, graphics performance shop, shop graphics performance, graphics performance retailer, retailer graphics performance, graphics performance where to buy, where to buy graphics performance, graphics performance worst, worst graphics performance, graphics performance quality, quality graphics performance, graphics performance original, original graphics performance, graphics performance genuine, genuine graphics performance, graphics performance fake, fake graphics performance, graphics performance replica, replica graphics performance, graphics performance authentic, authentic graphics performance, graphics performance brand, brand graphics performance, graphics performance manufacturer, manufacturer graphics performance, graphics performance company, company graphics performance, graphics performance product, product graphics performance, graphics performance amd product, amd product graphics performance, graphics performance sell amd, sell amd graphics performance, graphics performance buy amd, buy amd graphics performance, graphics performance cheap amd, cheap amd graphics performance, graphics performance best amd, best amd graphics performance, graphics performance amd review, amd review graphics performance, graphics performance where to buy amd, where to buy amd graphics performance, graphics performance how to choose amd, how to choose amd graphics performance, graphics performance top amd, top amd graphics performance, graphics performance amd guide, amd guide graphics performance, graphics performance amd for sale, amd for sale graphics performance, graphics performance amd deals, amd deals graphics performance, processor efficiency amd, amd processor efficiency, processor efficiency cheap, cheap processor efficiency, processor efficiency best, best processor efficiency, processor efficiency latest, latest processor efficiency, processor efficiency review, review processor efficiency, processor efficiency price, price processor efficiency, processor efficiency sell, sell processor efficiency, processor efficiency buy, buy processor efficiency, processor efficiency recommendation, recommendation processor efficiency, processor efficiency tips, tips processor efficiency, processor efficiency tutorial, tutorial processor efficiency, processor efficiency guide, guide processor efficiency, processor efficiency how to, how to processor efficiency, processor efficiency vs, vs processor efficiency, processor efficiency versus, versus processor efficiency, processor efficiency compared to, compared to processor efficiency, processor efficiency comparison, comparison processor efficiency, processor efficiency alternatives, alternatives processor efficiency, processor efficiency which is better, which is better processor efficiency, processor efficiency expensive, expensive processor efficiency, processor efficiency discount, discount processor efficiency, processor efficiency deals, deals processor efficiency, processor efficiency sale, sale processor efficiency, processor efficiency affordable, affordable processor efficiency, processor efficiency cost, cost processor efficiency, processor efficiency online, online processor efficiency, processor efficiency offline, offline processor efficiency, processor efficiency marketplace, marketplace processor efficiency, processor efficiency store, store processor efficiency, processor efficiency shop, shop processor efficiency, processor efficiency retailer, retailer processor efficiency, processor efficiency where to buy, where to buy processor efficiency, processor efficiency worst, worst processor efficiency, processor efficiency quality, quality processor efficiency, processor efficiency original, original processor efficiency, processor efficiency genuine, genuine processor efficiency, processor efficiency fake, fake processor efficiency, processor efficiency replica, replica processor efficiency, processor efficiency authentic, authentic processor efficiency, processor efficiency brand, brand processor efficiency, processor efficiency manufacturer, manufacturer processor efficiency, processor efficiency company, company processor efficiency, processor efficiency product, product processor efficiency, processor efficiency amd product, amd product processor efficiency, processor efficiency sell amd, sell amd processor efficiency, processor efficiency buy amd, buy amd processor efficiency, processor efficiency cheap amd, cheap amd processor efficiency, processor efficiency best amd, best amd processor efficiency, processor efficiency amd review, amd review processor efficiency, processor efficiency where to buy amd, where to buy amd processor efficiency, processor efficiency how to choose amd, how to choose amd processor efficiency, processor efficiency top amd, top amd processor efficiency, processor efficiency amd guide, amd guide processor efficiency, processor efficiency amd for sale, amd for sale processor efficiency, processor efficiency amd deals, amd deals processor efficiency
2025-10-01 19:27:56,428 - INFO - Expanded 220 seed keywords to 385 variations
2025-10-01 19:27:56,429 - INFO - Language: en
2025-10-01 19:27:56,429 - INFO - Region: us
2025-10-01 19:28:29,764 - INFO - 🎯 After all filtering for 'amd': 120 relevant keywords
2025-10-01 19:28:30,095 - INFO - 🎯 Found 2 new keywords for niche 'amd': amd affordable graphics performance, amd affordable processor efficiency
2025-10-01 19:28:36,703 - INFO - ✅ Niche 'amd' process complete! 102 total keyword results.
2025-10-01 19:28:36,703 - INFO - ✅ Completed processing niche: 'amd'
2025-10-01 19:28:36,703 - INFO - 🔧 Request Handler final stats - Success rate: 100.0%
2025-10-01 19:28:36,703 - INFO -    Total requests: 16434, Blocks: 0
2025-10-01 19:28:36,704 - INFO - 
========================================
2025-10-01 19:28:36,704 - INFO - Process Summary:
2025-10-01 19:28:36,704 - INFO - - Current niche: 'amd'
2025-10-01 19:28:36,705 - INFO - - Next niche will be: 'canon'
2025-10-01 19:28:36,705 - INFO - - Keywords saved in: languages/english/keywords/amd/
2025-10-01 19:28:36,705 - INFO - ========================================
