2025-09-16 14:37:14,391 - INFO - Log file created at: /home/runner/work/potensitech.com/potensitech.com/languages/english/keywords/logs/kw_search_20250916_143714.log
2025-09-16 14:37:14,391 - INFO - ============================================================
2025-09-16 14:37:14,391 - INFO - AUTOMATIC KEYWORD RESEARCH TOOL
2025-09-16 14:37:14,391 - INFO - ============================================================
2025-09-16 14:37:14,576 - INFO - ========================================
2025-09-16 14:37:14,576 - INFO - Found 14 niches to process: xiaomi, iphone, samsung, apple, sony, asus, philips, sandisk, intel, nvidia, amd, canon, nikon, huawei
2025-09-16 14:37:14,576 - INFO - ========================================
2025-09-16 14:37:14,576 - INFO - Continuing from last processed niche: canon
2025-09-16 14:37:14,576 - INFO - ========================================
2025-09-16 14:37:14,576 - INFO - 🎯 PROCESSING NICHE 13/14: 'nikon'
2025-09-16 14:37:14,576 - INFO - ========================================
2025-09-16 14:37:14,576 - INFO - 📁 Niche directory: /home/runner/work/potensitech.com/potensitech.com/languages/english/keywords/nikon
2025-09-16 14:37:14,576 - INFO - Selected region: us
2025-09-16 14:37:14,577 - INFO - Selected language: en
2025-09-16 14:37:14,577 - INFO - 🎯 Current niche: nikon
2025-09-16 14:37:25,091 - INFO - 🎯 Niche terms for filtering: nikon, cheap, best, latest, review, price, sell, buy, recommendation, tips, tutorial, guide, how to, vs, versus, compared to, comparison, alternatives, which is better, expensive, discount, deals, sale, affordable, cost, online, offline, marketplace, store, shop, retailer, where to buy, worst, quality, original, genuine, fake, replica, authentic, brand, manufacturer, company, product, nikon product, sell nikon, buy nikon, cheap nikon, best nikon, nikon review, where to buy nikon, how to choose nikon, top nikon, nikon guide, nikon for sale, nikon deals
2025-09-16 14:37:25,091 - INFO - Generated 50 niche-clue pairs for 'nikon'.
2025-09-16 14:37:25,094 - INFO - Expanded 50 seed keywords to 218 variations
2025-09-16 14:37:25,095 - INFO - 🔧 Request Handler initialized - Success rate: 100.0%
2025-09-16 14:41:49,829 - INFO - Original clue keywords: autofocus speed
2025-09-16 14:41:49,830 - INFO - Niche-focused seeds: autofocus speed nikon, nikon autofocus speed, autofocus speed cheap, cheap autofocus speed, autofocus speed best, best autofocus speed, autofocus speed latest, latest autofocus speed, autofocus speed review, review autofocus speed, autofocus speed price, price autofocus speed, autofocus speed sell, sell autofocus speed, autofocus speed buy, buy autofocus speed, autofocus speed recommendation, recommendation autofocus speed, autofocus speed tips, tips autofocus speed, autofocus speed tutorial, tutorial autofocus speed, autofocus speed guide, guide autofocus speed, autofocus speed how to, how to autofocus speed, autofocus speed vs, vs autofocus speed, autofocus speed versus, versus autofocus speed, autofocus speed compared to, compared to autofocus speed, autofocus speed comparison, comparison autofocus speed, autofocus speed alternatives, alternatives autofocus speed, autofocus speed which is better, which is better autofocus speed, autofocus speed expensive, expensive autofocus speed, autofocus speed discount, discount autofocus speed, autofocus speed deals, deals autofocus speed, autofocus speed sale, sale autofocus speed, autofocus speed affordable, affordable autofocus speed, autofocus speed cost, cost autofocus speed, autofocus speed online, online autofocus speed, autofocus speed offline, offline autofocus speed, autofocus speed marketplace, marketplace autofocus speed, autofocus speed store, store autofocus speed, autofocus speed shop, shop autofocus speed, autofocus speed retailer, retailer autofocus speed, autofocus speed where to buy, where to buy autofocus speed, autofocus speed worst, worst autofocus speed, autofocus speed quality, quality autofocus speed, autofocus speed original, original autofocus speed, autofocus speed genuine, genuine autofocus speed, autofocus speed fake, fake autofocus speed, autofocus speed replica, replica autofocus speed, autofocus speed authentic, authentic autofocus speed, autofocus speed brand, brand autofocus speed, autofocus speed manufacturer, manufacturer autofocus speed, autofocus speed company, company autofocus speed, autofocus speed product, product autofocus speed, autofocus speed nikon product, nikon product autofocus speed, autofocus speed sell nikon, sell nikon autofocus speed, autofocus speed buy nikon, buy nikon autofocus speed, autofocus speed cheap nikon, cheap nikon autofocus speed, autofocus speed best nikon, best nikon autofocus speed, autofocus speed nikon review, nikon review autofocus speed, autofocus speed where to buy nikon, where to buy nikon autofocus speed, autofocus speed how to choose nikon, how to choose nikon autofocus speed, autofocus speed top nikon, top nikon autofocus speed, autofocus speed nikon guide, nikon guide autofocus speed, autofocus speed nikon for sale, nikon for sale autofocus speed, autofocus speed nikon deals, nikon deals autofocus speed
2025-09-16 14:41:49,833 - INFO - Expanded 110 seed keywords to 275 variations
2025-09-16 14:41:49,833 - INFO - Language: en
2025-09-16 14:41:49,833 - INFO - Region: us
2025-09-16 14:46:24,604 - INFO - 🎯 After all filtering for 'nikon': 120 relevant keywords
2025-09-16 14:46:24,675 - INFO - 🎯 Found 4 new keywords for niche 'nikon': nikon affordable autofocus speed, cheap alternatives autofocus speed, best authentic autofocus speed, how to autofocus speed brand
2025-09-16 14:46:39,886 - INFO - ✅ Niche 'nikon' process complete! 23 total keyword results.
2025-09-16 14:46:39,886 - INFO - ✅ Completed processing niche: 'nikon'
2025-09-16 14:46:39,886 - INFO - 🔧 Request Handler final stats - Success rate: 100.0%
2025-09-16 14:46:39,886 - INFO -    Total requests: 4588, Blocks: 0
2025-09-16 14:46:39,887 - INFO - 
========================================
2025-09-16 14:46:39,888 - INFO - Process Summary:
2025-09-16 14:46:39,888 - INFO - - Current niche: 'nikon'
2025-09-16 14:46:39,888 - INFO - - Next niche will be: 'huawei'
2025-09-16 14:46:39,888 - INFO - - Keywords saved in: languages/english/keywords/nikon/
2025-09-16 14:46:39,888 - INFO - ========================================
