2025-09-22 21:43:16,157 - INFO - Log file created at: /home/runner/work/potensitech.com/potensitech.com/languages/english/keywords/logs/kw_search_20250922_214316.log
2025-09-22 21:43:16,157 - INFO - ============================================================
2025-09-22 21:43:16,157 - INFO - AUTOMATIC KEYWORD RESEARCH TOOL
2025-09-22 21:43:16,157 - INFO - ============================================================
2025-09-22 21:43:16,288 - INFO - ========================================
2025-09-22 21:43:16,288 - INFO - Found 14 niches to process: xiaomi, iphone, samsung, apple, sony, asus, philips, sandisk, intel, nvidia, amd, canon, nikon, huawei
2025-09-22 21:43:16,288 - INFO - ========================================
2025-09-22 21:43:16,288 - INFO - Continuing from last processed niche: sony
2025-09-22 21:43:16,289 - INFO - ========================================
2025-09-22 21:43:16,289 - INFO - 🎯 PROCESSING NICHE 6/14: 'asus'
2025-09-22 21:43:16,289 - INFO - ========================================
2025-09-22 21:43:16,289 - INFO - 📁 Niche directory: /home/runner/work/potensitech.com/potensitech.com/languages/english/keywords/asus
2025-09-22 21:43:16,289 - INFO - Selected region: us
2025-09-22 21:43:16,289 - INFO - Selected language: en
2025-09-22 21:43:16,289 - INFO - 🎯 Current niche: asus
2025-09-22 21:43:22,980 - INFO - 🎯 Niche terms for filtering: asus, cheap, best, latest, review, price, sell, buy, recommendation, tips, tutorial, guide, how to, vs, versus, compared to, comparison, alternatives, which is better, expensive, discount, deals, sale, affordable, cost, online, offline, marketplace, store, shop, retailer, where to buy, worst, quality, original, genuine, fake, replica, authentic, brand, manufacturer, company, product, asus product, sell asus, buy asus, cheap asus, best asus, asus review, where to buy asus, how to choose asus, top asus, asus guide, asus for sale, asus deals
2025-09-22 21:43:22,981 - INFO - Generated 50 niche-clue pairs for 'asus'.
2025-09-22 21:43:22,983 - INFO - Expanded 50 seed keywords to 218 variations
2025-09-22 21:43:22,984 - INFO - 🔧 Request Handler initialized - Success rate: 100.0%
2025-09-22 21:47:49,439 - INFO - Original clue keywords: smartphone battery, smartphone camera
2025-09-22 21:47:49,439 - INFO - Niche-focused seeds: smartphone battery asus, asus smartphone battery, smartphone battery cheap, cheap smartphone battery, smartphone battery best, best smartphone battery, smartphone battery latest, latest smartphone battery, smartphone battery review, review smartphone battery, smartphone battery price, price smartphone battery, smartphone battery sell, sell smartphone battery, smartphone battery buy, buy smartphone battery, smartphone battery recommendation, recommendation smartphone battery, smartphone battery tips, tips smartphone battery, smartphone battery tutorial, tutorial smartphone battery, smartphone battery guide, guide smartphone battery, smartphone battery how to, how to smartphone battery, smartphone battery vs, vs smartphone battery, smartphone battery versus, versus smartphone battery, smartphone battery compared to, compared to smartphone battery, smartphone battery comparison, comparison smartphone battery, smartphone battery alternatives, alternatives smartphone battery, smartphone battery which is better, which is better smartphone battery, smartphone battery expensive, expensive smartphone battery, smartphone battery discount, discount smartphone battery, smartphone battery deals, deals smartphone battery, smartphone battery sale, sale smartphone battery, smartphone battery affordable, affordable smartphone battery, smartphone battery cost, cost smartphone battery, smartphone battery online, online smartphone battery, smartphone battery offline, offline smartphone battery, smartphone battery marketplace, marketplace smartphone battery, smartphone battery store, store smartphone battery, smartphone battery shop, shop smartphone battery, smartphone battery retailer, retailer smartphone battery, smartphone battery where to buy, where to buy smartphone battery, smartphone battery worst, worst smartphone battery, smartphone battery quality, quality smartphone battery, smartphone battery original, original smartphone battery, smartphone battery genuine, genuine smartphone battery, smartphone battery fake, fake smartphone battery, smartphone battery replica, replica smartphone battery, smartphone battery authentic, authentic smartphone battery, smartphone battery brand, brand smartphone battery, smartphone battery manufacturer, manufacturer smartphone battery, smartphone battery company, company smartphone battery, smartphone battery product, product smartphone battery, smartphone battery asus product, asus product smartphone battery, smartphone battery sell asus, sell asus smartphone battery, smartphone battery buy asus, buy asus smartphone battery, smartphone battery cheap asus, cheap asus smartphone battery, smartphone battery best asus, best asus smartphone battery, smartphone battery asus review, asus review smartphone battery, smartphone battery where to buy asus, where to buy asus smartphone battery, smartphone battery how to choose asus, how to choose asus smartphone battery, smartphone battery top asus, top asus smartphone battery, smartphone battery asus guide, asus guide smartphone battery, smartphone battery asus for sale, asus for sale smartphone battery, smartphone battery asus deals, asus deals smartphone battery, smartphone camera asus, asus smartphone camera, smartphone camera cheap, cheap smartphone camera, smartphone camera best, best smartphone camera, smartphone camera latest, latest smartphone camera, smartphone camera review, review smartphone camera, smartphone camera price, price smartphone camera, smartphone camera sell, sell smartphone camera, smartphone camera buy, buy smartphone camera, smartphone camera recommendation, recommendation smartphone camera, smartphone camera tips, tips smartphone camera, smartphone camera tutorial, tutorial smartphone camera, smartphone camera guide, guide smartphone camera, smartphone camera how to, how to smartphone camera, smartphone camera vs, vs smartphone camera, smartphone camera versus, versus smartphone camera, smartphone camera compared to, compared to smartphone camera, smartphone camera comparison, comparison smartphone camera, smartphone camera alternatives, alternatives smartphone camera, smartphone camera which is better, which is better smartphone camera, smartphone camera expensive, expensive smartphone camera, smartphone camera discount, discount smartphone camera, smartphone camera deals, deals smartphone camera, smartphone camera sale, sale smartphone camera, smartphone camera affordable, affordable smartphone camera, smartphone camera cost, cost smartphone camera, smartphone camera online, online smartphone camera, smartphone camera offline, offline smartphone camera, smartphone camera marketplace, marketplace smartphone camera, smartphone camera store, store smartphone camera, smartphone camera shop, shop smartphone camera, smartphone camera retailer, retailer smartphone camera, smartphone camera where to buy, where to buy smartphone camera, smartphone camera worst, worst smartphone camera, smartphone camera quality, quality smartphone camera, smartphone camera original, original smartphone camera, smartphone camera genuine, genuine smartphone camera, smartphone camera fake, fake smartphone camera, smartphone camera replica, replica smartphone camera, smartphone camera authentic, authentic smartphone camera, smartphone camera brand, brand smartphone camera, smartphone camera manufacturer, manufacturer smartphone camera, smartphone camera company, company smartphone camera, smartphone camera product, product smartphone camera, smartphone camera asus product, asus product smartphone camera, smartphone camera sell asus, sell asus smartphone camera, smartphone camera buy asus, buy asus smartphone camera, smartphone camera cheap asus, cheap asus smartphone camera, smartphone camera best asus, best asus smartphone camera, smartphone camera asus review, asus review smartphone camera, smartphone camera where to buy asus, where to buy asus smartphone camera, smartphone camera how to choose asus, how to choose asus smartphone camera, smartphone camera top asus, top asus smartphone camera, smartphone camera asus guide, asus guide smartphone camera, smartphone camera asus for sale, asus for sale smartphone camera, smartphone camera asus deals, asus deals smartphone camera
2025-09-22 21:47:49,443 - INFO - Expanded 220 seed keywords to 385 variations
2025-09-22 21:47:49,443 - INFO - Language: en
2025-09-22 21:47:49,443 - INFO - Region: us
2025-09-22 21:52:23,968 - INFO - 🎯 After all filtering for 'asus': 120 relevant keywords
2025-09-22 21:52:24,035 - INFO - 🎯 Found 5 new keywords for niche 'asus': asus affordable smartphone battery, cheap affordable smartphone camera, cheap alternatives smartphone battery, asus alternatives smartphone camera, best authentic smartphone battery
2025-09-22 21:52:38,303 - INFO - ✅ Niche 'asus' process complete! 40 total keyword results.
2025-09-22 21:52:38,303 - INFO - ✅ Completed processing niche: 'asus'
2025-09-22 21:52:38,303 - INFO - 🔧 Request Handler final stats - Success rate: 100.0%
2025-09-22 21:52:38,303 - INFO -    Total requests: 10108, Blocks: 0
2025-09-22 21:52:38,304 - INFO - 
========================================
2025-09-22 21:52:38,305 - INFO - Process Summary:
2025-09-22 21:52:38,305 - INFO - - Current niche: 'asus'
2025-09-22 21:52:38,305 - INFO - - Next niche will be: 'philips'
2025-09-22 21:52:38,305 - INFO - - Keywords saved in: languages/english/keywords/asus/
2025-09-22 21:52:38,305 - INFO - ========================================
