2025-09-26 07:28:55,099 - INFO - Log file created at: /home/runner/work/potensitech.com/potensitech.com/languages/english/keywords/logs/kw_search_20250926_072855.log
2025-09-26 07:28:55,099 - INFO - ============================================================
2025-09-26 07:28:55,099 - INFO - AUTOMATIC KEYWORD RESEARCH TOOL
2025-09-26 07:28:55,099 - INFO - ============================================================
2025-09-26 07:28:55,242 - INFO - ========================================
2025-09-26 07:28:55,243 - INFO - Found 14 niches to process: xiaomi, iphone, samsung, apple, sony, asus, philips, sandisk, intel, nvidia, amd, canon, nikon, huawei
2025-09-26 07:28:55,243 - INFO - ========================================
2025-09-26 07:28:55,243 - INFO - Continuing from last processed niche: amd
2025-09-26 07:28:55,243 - INFO - ========================================
2025-09-26 07:28:55,243 - INFO - 🎯 PROCESSING NICHE 12/14: 'canon'
2025-09-26 07:28:55,243 - INFO - ========================================
2025-09-26 07:28:55,243 - INFO - 📁 Niche directory: /home/runner/work/potensitech.com/potensitech.com/languages/english/keywords/canon
2025-09-26 07:28:55,243 - INFO - Selected region: us
2025-09-26 07:28:55,243 - INFO - Selected language: en
2025-09-26 07:28:55,243 - INFO - 🎯 Current niche: canon
2025-09-26 07:28:59,666 - INFO - 🎯 Niche terms for filtering: canon, cheap, best, latest, review, price, sell, buy, recommendation, tips, tutorial, guide, how to, vs, versus, compared to, comparison, alternatives, which is better, expensive, discount, deals, sale, affordable, cost, online, offline, marketplace, store, shop, retailer, where to buy, worst, quality, original, genuine, fake, replica, authentic, brand, manufacturer, company, product, canon product, sell canon, buy canon, cheap canon, best canon, canon review, where to buy canon, how to choose canon, top canon, canon guide, canon for sale, canon deals
2025-09-26 07:28:59,666 - INFO - Generated 50 niche-clue pairs for 'canon'.
2025-09-26 07:28:59,669 - INFO - Expanded 50 seed keywords to 218 variations
2025-09-26 07:28:59,671 - INFO - 🔧 Request Handler initialized - Success rate: 100.0%
2025-09-26 07:33:24,152 - INFO - Original clue keywords: dslr settings
2025-09-26 07:33:24,152 - INFO - Niche-focused seeds: dslr settings canon, canon dslr settings, dslr settings cheap, cheap dslr settings, dslr settings best, best dslr settings, dslr settings latest, latest dslr settings, dslr settings review, review dslr settings, dslr settings price, price dslr settings, dslr settings sell, sell dslr settings, dslr settings buy, buy dslr settings, dslr settings recommendation, recommendation dslr settings, dslr settings tips, tips dslr settings, dslr settings tutorial, tutorial dslr settings, dslr settings guide, guide dslr settings, dslr settings how to, how to dslr settings, dslr settings vs, vs dslr settings, dslr settings versus, versus dslr settings, dslr settings compared to, compared to dslr settings, dslr settings comparison, comparison dslr settings, dslr settings alternatives, alternatives dslr settings, dslr settings which is better, which is better dslr settings, dslr settings expensive, expensive dslr settings, dslr settings discount, discount dslr settings, dslr settings deals, deals dslr settings, dslr settings sale, sale dslr settings, dslr settings affordable, affordable dslr settings, dslr settings cost, cost dslr settings, dslr settings online, online dslr settings, dslr settings offline, offline dslr settings, dslr settings marketplace, marketplace dslr settings, dslr settings store, store dslr settings, dslr settings shop, shop dslr settings, dslr settings retailer, retailer dslr settings, dslr settings where to buy, where to buy dslr settings, dslr settings worst, worst dslr settings, dslr settings quality, quality dslr settings, dslr settings original, original dslr settings, dslr settings genuine, genuine dslr settings, dslr settings fake, fake dslr settings, dslr settings replica, replica dslr settings, dslr settings authentic, authentic dslr settings, dslr settings brand, brand dslr settings, dslr settings manufacturer, manufacturer dslr settings, dslr settings company, company dslr settings, dslr settings product, product dslr settings, dslr settings canon product, canon product dslr settings, dslr settings sell canon, sell canon dslr settings, dslr settings buy canon, buy canon dslr settings, dslr settings cheap canon, cheap canon dslr settings, dslr settings best canon, best canon dslr settings, dslr settings canon review, canon review dslr settings, dslr settings where to buy canon, where to buy canon dslr settings, dslr settings how to choose canon, how to choose canon dslr settings, dslr settings top canon, top canon dslr settings, dslr settings canon guide, canon guide dslr settings, dslr settings canon for sale, canon for sale dslr settings, dslr settings canon deals, canon deals dslr settings
2025-09-26 07:33:24,155 - INFO - Expanded 110 seed keywords to 275 variations
2025-09-26 07:33:24,155 - INFO - Language: en
2025-09-26 07:33:24,155 - INFO - Region: us
2025-09-26 07:37:56,097 - INFO - 🎯 After all filtering for 'canon': 120 relevant keywords
2025-09-26 07:37:56,315 - INFO - 🎯 Found 4 new keywords for niche 'canon': canon affordable dslr settings, cheap alternatives dslr settings, best authentic dslr settings, how to brand dslr settings
2025-09-26 07:38:07,476 - INFO - ✅ Niche 'canon' process complete! 53 total keyword results.
2025-09-26 07:38:07,476 - INFO - ✅ Completed processing niche: 'canon'
2025-09-26 07:38:07,476 - INFO - 🔧 Request Handler final stats - Success rate: 100.0%
2025-09-26 07:38:07,476 - INFO -    Total requests: 12783, Blocks: 0
2025-09-26 07:38:07,477 - INFO - 
========================================
2025-09-26 07:38:07,478 - INFO - Process Summary:
2025-09-26 07:38:07,478 - INFO - - Current niche: 'canon'
2025-09-26 07:38:07,478 - INFO - - Next niche will be: 'nikon'
2025-09-26 07:38:07,478 - INFO - - Keywords saved in: languages/english/keywords/canon/
2025-09-26 07:38:07,478 - INFO - ========================================
