2025-11-09 07:28:27,702 - INFO - Log file created at: /home/runner/work/potensitech.com/potensitech.com/languages/english/keywords/logs/kw_search_20251109_072827.log
2025-11-09 07:28:27,702 - INFO - ============================================================
2025-11-09 07:28:27,702 - INFO - AUTOMATIC KEYWORD RESEARCH TOOL
2025-11-09 07:28:27,702 - INFO - ============================================================
2025-11-09 07:28:27,873 - INFO - ========================================
2025-11-09 07:28:27,873 - INFO - Found 14 niches to process: xiaomi, iphone, samsung, apple, sony, asus, philips, sandisk, intel, nvidia, amd, canon, nikon, huawei
2025-11-09 07:28:27,873 - INFO - ========================================
2025-11-09 07:28:27,873 - INFO - All niches completed, starting over
2025-11-09 07:28:27,873 - INFO - ========================================
2025-11-09 07:28:27,873 - INFO - 🎯 PROCESSING NICHE 1/14: 'xiaomi'
2025-11-09 07:28:27,873 - INFO - ========================================
2025-11-09 07:28:27,873 - INFO - 📁 Niche directory: /home/runner/work/potensitech.com/potensitech.com/languages/english/keywords/xiaomi
2025-11-09 07:28:27,873 - INFO - Selected region: us
2025-11-09 07:28:27,873 - INFO - Selected language: en
2025-11-09 07:28:27,873 - INFO - 🎯 Current niche: xiaomi
2025-11-09 07:28:30,614 - INFO - 🎯 Niche terms for filtering: xiaomi, cheap, best, latest, review, price, sell, buy, recommendation, tips, tutorial, guide, how to, vs, versus, compared to, comparison, alternatives, which is better, expensive, discount, deals, sale, affordable, cost, online, offline, marketplace, store, shop, retailer, where to buy, worst, quality, original, genuine, fake, replica, authentic, brand, manufacturer, company, product, xiaomi product, sell xiaomi, buy xiaomi, cheap xiaomi, best xiaomi, xiaomi review, where to buy xiaomi, how to choose xiaomi, top xiaomi, xiaomi guide, xiaomi for sale, xiaomi deals
2025-11-09 07:28:30,614 - INFO - Generated 50 niche-clue pairs for 'xiaomi'.
2025-11-09 07:28:30,617 - INFO - Expanded 50 seed keywords to 218 variations
2025-11-09 07:28:30,618 - INFO - 🔧 Request Handler initialized - Success rate: 100.0%
2025-11-09 07:32:55,824 - INFO - Original clue keywords: megapixels, autofocus
2025-11-09 07:32:55,824 - INFO - Niche-focused seeds: megapixels xiaomi, xiaomi megapixels, megapixels cheap, cheap megapixels, megapixels best, best megapixels, megapixels latest, latest megapixels, megapixels review, review megapixels, megapixels price, price megapixels, megapixels sell, sell megapixels, megapixels buy, buy megapixels, megapixels recommendation, recommendation megapixels, megapixels tips, tips megapixels, megapixels tutorial, tutorial megapixels, megapixels guide, guide megapixels, megapixels how to, how to megapixels, megapixels vs, vs megapixels, megapixels versus, versus megapixels, megapixels compared to, compared to megapixels, megapixels comparison, comparison megapixels, megapixels alternatives, alternatives megapixels, megapixels which is better, which is better megapixels, megapixels expensive, expensive megapixels, megapixels discount, discount megapixels, megapixels deals, deals megapixels, megapixels sale, sale megapixels, megapixels affordable, affordable megapixels, megapixels cost, cost megapixels, megapixels online, online megapixels, megapixels offline, offline megapixels, megapixels marketplace, marketplace megapixels, megapixels store, store megapixels, megapixels shop, shop megapixels, megapixels retailer, retailer megapixels, megapixels where to buy, where to buy megapixels, megapixels worst, worst megapixels, megapixels quality, quality megapixels, megapixels original, original megapixels, megapixels genuine, genuine megapixels, megapixels fake, fake megapixels, megapixels replica, replica megapixels, megapixels authentic, authentic megapixels, megapixels brand, brand megapixels, megapixels manufacturer, manufacturer megapixels, megapixels company, company megapixels, megapixels product, product megapixels, megapixels xiaomi product, xiaomi product megapixels, megapixels sell xiaomi, sell xiaomi megapixels, megapixels buy xiaomi, buy xiaomi megapixels, megapixels cheap xiaomi, cheap xiaomi megapixels, megapixels best xiaomi, best xiaomi megapixels, megapixels xiaomi review, xiaomi review megapixels, megapixels where to buy xiaomi, where to buy xiaomi megapixels, megapixels how to choose xiaomi, how to choose xiaomi megapixels, megapixels top xiaomi, top xiaomi megapixels, megapixels xiaomi guide, xiaomi guide megapixels, megapixels xiaomi for sale, xiaomi for sale megapixels, megapixels xiaomi deals, xiaomi deals megapixels, autofocus xiaomi, xiaomi autofocus, autofocus cheap, cheap autofocus, autofocus best, best autofocus, autofocus latest, latest autofocus, autofocus review, review autofocus, autofocus price, price autofocus, autofocus sell, sell autofocus, autofocus buy, buy autofocus, autofocus recommendation, recommendation autofocus, autofocus tips, tips autofocus, autofocus tutorial, tutorial autofocus, autofocus guide, guide autofocus, autofocus how to, how to autofocus, autofocus vs, vs autofocus, autofocus versus, versus autofocus, autofocus compared to, compared to autofocus, autofocus comparison, comparison autofocus, autofocus alternatives, alternatives autofocus, autofocus which is better, which is better autofocus, autofocus expensive, expensive autofocus, autofocus discount, discount autofocus, autofocus deals, deals autofocus, autofocus sale, sale autofocus, autofocus affordable, affordable autofocus, autofocus cost, cost autofocus, autofocus online, online autofocus, autofocus offline, offline autofocus, autofocus marketplace, marketplace autofocus, autofocus store, store autofocus, autofocus shop, shop autofocus, autofocus retailer, retailer autofocus, autofocus where to buy, where to buy autofocus, autofocus worst, worst autofocus, autofocus quality, quality autofocus, autofocus original, original autofocus, autofocus genuine, genuine autofocus, autofocus fake, fake autofocus, autofocus replica, replica autofocus, autofocus authentic, authentic autofocus, autofocus brand, brand autofocus, autofocus manufacturer, manufacturer autofocus, autofocus company, company autofocus, autofocus product, product autofocus, autofocus xiaomi product, xiaomi product autofocus, autofocus sell xiaomi, sell xiaomi autofocus, autofocus buy xiaomi, buy xiaomi autofocus, autofocus cheap xiaomi, cheap xiaomi autofocus, autofocus best xiaomi, best xiaomi autofocus, autofocus xiaomi review, xiaomi review autofocus, autofocus where to buy xiaomi, where to buy xiaomi autofocus, autofocus how to choose xiaomi, how to choose xiaomi autofocus, autofocus top xiaomi, top xiaomi autofocus, autofocus xiaomi guide, xiaomi guide autofocus, autofocus xiaomi for sale, xiaomi for sale autofocus, autofocus xiaomi deals, xiaomi deals autofocus
2025-11-09 07:32:55,827 - INFO - Expanded 220 seed keywords to 385 variations
2025-11-09 07:32:55,828 - INFO - Language: en
2025-11-09 07:32:55,828 - INFO - Region: us
2025-11-09 07:37:28,797 - INFO - 🎯 After all filtering for 'xiaomi': 120 relevant keywords
2025-11-09 07:37:28,862 - INFO - 🎯 Found 5 new keywords for niche 'xiaomi': xiaomi affordable autofocus, cheap affordable autofocus, best affordable autofocus, how to affordable autofocus, xiaomi affordable megapixels
2025-11-09 07:37:39,621 - INFO - ✅ Niche 'xiaomi' process complete! 193 total keyword results.
2025-11-09 07:37:39,621 - INFO - ✅ Completed processing niche: 'xiaomi'
2025-11-09 07:37:39,621 - INFO - 🔧 Request Handler final stats - Success rate: 100.0%
2025-11-09 07:37:39,621 - INFO -    Total requests: 38714, Blocks: 0
2025-11-09 07:37:39,622 - INFO - 
========================================
2025-11-09 07:37:39,623 - INFO - Process Summary:
2025-11-09 07:37:39,623 - INFO - - Current niche: 'xiaomi'
2025-11-09 07:37:39,623 - INFO - - Next niche will be: 'iphone'
2025-11-09 07:37:39,623 - INFO - - Keywords saved in: languages/english/keywords/xiaomi/
2025-11-09 07:37:39,623 - INFO - ========================================
