2025-09-17 09:43:11,024 - INFO - Log file created at: /home/runner/work/potensitech.com/potensitech.com/languages/english/keywords/logs/kw_search_20250917_094311.log
2025-09-17 09:43:11,024 - INFO - ============================================================
2025-09-17 09:43:11,024 - INFO - AUTOMATIC KEYWORD RESEARCH TOOL
2025-09-17 09:43:11,024 - INFO - ============================================================
2025-09-17 09:43:11,133 - INFO - ========================================
2025-09-17 09:43:11,133 - INFO - Found 14 niches to process: xiaomi, iphone, samsung, apple, sony, asus, philips, sandisk, intel, nvidia, amd, canon, nikon, huawei
2025-09-17 09:43:11,133 - INFO - ========================================
2025-09-17 09:43:11,133 - INFO - Continuing from last processed niche: asus
2025-09-17 09:43:11,133 - INFO - ========================================
2025-09-17 09:43:11,133 - INFO - 🎯 PROCESSING NICHE 7/14: 'philips'
2025-09-17 09:43:11,133 - INFO - ========================================
2025-09-17 09:43:11,133 - INFO - 📁 Niche directory: /home/runner/work/potensitech.com/potensitech.com/languages/english/keywords/philips
2025-09-17 09:43:11,134 - INFO - Selected region: us
2025-09-17 09:43:11,134 - INFO - Selected language: en
2025-09-17 09:43:11,134 - INFO - 🎯 Current niche: philips
2025-09-17 09:43:20,477 - INFO - 🎯 Niche terms for filtering: philips, cheap, best, latest, review, price, sell, buy, recommendation, tips, tutorial, guide, how to, vs, versus, compared to, comparison, alternatives, which is better, expensive, discount, deals, sale, affordable, cost, online, offline, marketplace, store, shop, retailer, where to buy, worst, quality, original, genuine, fake, replica, authentic, brand, manufacturer, company, product, philips product, sell philips, buy philips, cheap philips, best philips, philips review, where to buy philips, how to choose philips, top philips, philips guide, philips for sale, philips deals
2025-09-17 09:43:20,477 - INFO - Generated 50 niche-clue pairs for 'philips'.
2025-09-17 09:43:20,480 - INFO - Expanded 50 seed keywords to 218 variations
2025-09-17 09:43:20,481 - INFO - 🔧 Request Handler initialized - Success rate: 100.0%
2025-09-17 09:47:45,151 - INFO - Original clue keywords: digital photography, lens compatibility
2025-09-17 09:47:45,151 - INFO - Niche-focused seeds: digital photography philips, philips digital photography, digital photography cheap, cheap digital photography, digital photography best, best digital photography, digital photography latest, latest digital photography, digital photography review, review digital photography, digital photography price, price digital photography, digital photography sell, sell digital photography, digital photography buy, buy digital photography, digital photography recommendation, recommendation digital photography, digital photography tips, tips digital photography, digital photography tutorial, tutorial digital photography, digital photography guide, guide digital photography, digital photography how to, how to digital photography, digital photography vs, vs digital photography, digital photography versus, versus digital photography, digital photography compared to, compared to digital photography, digital photography comparison, comparison digital photography, digital photography alternatives, alternatives digital photography, digital photography which is better, which is better digital photography, digital photography expensive, expensive digital photography, digital photography discount, discount digital photography, digital photography deals, deals digital photography, digital photography sale, sale digital photography, digital photography affordable, affordable digital photography, digital photography cost, cost digital photography, digital photography online, online digital photography, digital photography offline, offline digital photography, digital photography marketplace, marketplace digital photography, digital photography store, store digital photography, digital photography shop, shop digital photography, digital photography retailer, retailer digital photography, digital photography where to buy, where to buy digital photography, digital photography worst, worst digital photography, digital photography quality, quality digital photography, digital photography original, original digital photography, digital photography genuine, genuine digital photography, digital photography fake, fake digital photography, digital photography replica, replica digital photography, digital photography authentic, authentic digital photography, digital photography brand, brand digital photography, digital photography manufacturer, manufacturer digital photography, digital photography company, company digital photography, digital photography product, product digital photography, digital photography philips product, philips product digital photography, digital photography sell philips, sell philips digital photography, digital photography buy philips, buy philips digital photography, digital photography cheap philips, cheap philips digital photography, digital photography best philips, best philips digital photography, digital photography philips review, philips review digital photography, digital photography where to buy philips, where to buy philips digital photography, digital photography how to choose philips, how to choose philips digital photography, digital photography top philips, top philips digital photography, digital photography philips guide, philips guide digital photography, digital photography philips for sale, philips for sale digital photography, digital photography philips deals, philips deals digital photography, lens compatibility philips, philips lens compatibility, lens compatibility cheap, cheap lens compatibility, lens compatibility best, best lens compatibility, lens compatibility latest, latest lens compatibility, lens compatibility review, review lens compatibility, lens compatibility price, price lens compatibility, lens compatibility sell, sell lens compatibility, lens compatibility buy, buy lens compatibility, lens compatibility recommendation, recommendation lens compatibility, lens compatibility tips, tips lens compatibility, lens compatibility tutorial, tutorial lens compatibility, lens compatibility guide, guide lens compatibility, lens compatibility how to, how to lens compatibility, lens compatibility vs, vs lens compatibility, lens compatibility versus, versus lens compatibility, lens compatibility compared to, compared to lens compatibility, lens compatibility comparison, comparison lens compatibility, lens compatibility alternatives, alternatives lens compatibility, lens compatibility which is better, which is better lens compatibility, lens compatibility expensive, expensive lens compatibility, lens compatibility discount, discount lens compatibility, lens compatibility deals, deals lens compatibility, lens compatibility sale, sale lens compatibility, lens compatibility affordable, affordable lens compatibility, lens compatibility cost, cost lens compatibility, lens compatibility online, online lens compatibility, lens compatibility offline, offline lens compatibility, lens compatibility marketplace, marketplace lens compatibility, lens compatibility store, store lens compatibility, lens compatibility shop, shop lens compatibility, lens compatibility retailer, retailer lens compatibility, lens compatibility where to buy, where to buy lens compatibility, lens compatibility worst, worst lens compatibility, lens compatibility quality, quality lens compatibility, lens compatibility original, original lens compatibility, lens compatibility genuine, genuine lens compatibility, lens compatibility fake, fake lens compatibility, lens compatibility replica, replica lens compatibility, lens compatibility authentic, authentic lens compatibility, lens compatibility brand, brand lens compatibility, lens compatibility manufacturer, manufacturer lens compatibility, lens compatibility company, company lens compatibility, lens compatibility product, product lens compatibility, lens compatibility philips product, philips product lens compatibility, lens compatibility sell philips, sell philips lens compatibility, lens compatibility buy philips, buy philips lens compatibility, lens compatibility cheap philips, cheap philips lens compatibility, lens compatibility best philips, best philips lens compatibility, lens compatibility philips review, philips review lens compatibility, lens compatibility where to buy philips, where to buy philips lens compatibility, lens compatibility how to choose philips, how to choose philips lens compatibility, lens compatibility top philips, top philips lens compatibility, lens compatibility philips guide, philips guide lens compatibility, lens compatibility philips for sale, philips for sale lens compatibility, lens compatibility philips deals, philips deals lens compatibility
2025-09-17 09:47:45,154 - INFO - Expanded 220 seed keywords to 385 variations
2025-09-17 09:47:45,154 - INFO - Language: en
2025-09-17 09:47:45,155 - INFO - Region: us
2025-09-17 09:52:16,617 - INFO - 🎯 After all filtering for 'philips': 120 relevant keywords
2025-09-17 09:52:16,644 - INFO - 🎯 Found 5 new keywords for niche 'philips': philips affordable digital photography, philips affordable lens compatibility, cheap alternatives digital photography, cheap alternatives lens compatibility, best authentic digital photography
2025-09-17 09:52:37,740 - INFO - ✅ Niche 'philips' process complete! 21 total keyword results.
2025-09-17 09:52:37,740 - INFO - ✅ Completed processing niche: 'philips'
2025-09-17 09:52:37,740 - INFO - 🔧 Request Handler final stats - Success rate: 100.0%
2025-09-17 09:52:37,741 - INFO -    Total requests: 5292, Blocks: 0
2025-09-17 09:52:37,742 - INFO - 
========================================
2025-09-17 09:52:37,742 - INFO - Process Summary:
2025-09-17 09:52:37,742 - INFO - - Current niche: 'philips'
2025-09-17 09:52:37,742 - INFO - - Next niche will be: 'sandisk'
2025-09-17 09:52:37,742 - INFO - - Keywords saved in: languages/english/keywords/philips/
2025-09-17 09:52:37,742 - INFO - ========================================
