2025-09-24 19:24:29,276 - INFO - Log file created at: /home/runner/work/potensitech.com/potensitech.com/languages/english/keywords/logs/kw_search_20250924_192429.log
2025-09-24 19:24:29,276 - INFO - ============================================================
2025-09-24 19:24:29,276 - INFO - AUTOMATIC KEYWORD RESEARCH TOOL
2025-09-24 19:24:29,276 - INFO - ============================================================
2025-09-24 19:24:29,425 - INFO - ========================================
2025-09-24 19:24:29,425 - INFO - Found 14 niches to process: xiaomi, iphone, samsung, apple, sony, asus, philips, sandisk, intel, nvidia, amd, canon, nikon, huawei
2025-09-24 19:24:29,425 - INFO - ========================================
2025-09-24 19:24:29,425 - INFO - Continuing from last processed niche: nvidia
2025-09-24 19:24:29,425 - INFO - ========================================
2025-09-24 19:24:29,425 - INFO - 🎯 PROCESSING NICHE 11/14: 'amd'
2025-09-24 19:24:29,425 - INFO - ========================================
2025-09-24 19:24:29,425 - INFO - 📁 Niche directory: /home/runner/work/potensitech.com/potensitech.com/languages/english/keywords/amd
2025-09-24 19:24:29,425 - INFO - Selected region: us
2025-09-24 19:24:29,425 - INFO - Selected language: en
2025-09-24 19:24:29,425 - INFO - 🎯 Current niche: amd
2025-09-24 19:24:35,538 - INFO - 🎯 Niche terms for filtering: amd, cheap, best, latest, review, price, sell, buy, recommendation, tips, tutorial, guide, how to, vs, versus, compared to, comparison, alternatives, which is better, expensive, discount, deals, sale, affordable, cost, online, offline, marketplace, store, shop, retailer, where to buy, worst, quality, original, genuine, fake, replica, authentic, brand, manufacturer, company, product, amd product, sell amd, buy amd, cheap amd, best amd, amd review, where to buy amd, how to choose amd, top amd, amd guide, amd for sale, amd deals
2025-09-24 19:24:35,539 - INFO - Generated 50 niche-clue pairs for 'amd'.
2025-09-24 19:24:35,542 - INFO - Expanded 50 seed keywords to 218 variations
2025-09-24 19:24:35,542 - INFO - 🔧 Request Handler initialized - Success rate: 100.0%
2025-09-24 19:28:58,770 - INFO - Original clue keywords: processor performance, core speed
2025-09-24 19:28:58,770 - INFO - Niche-focused seeds: processor performance amd, amd processor performance, processor performance cheap, cheap processor performance, processor performance best, best processor performance, processor performance latest, latest processor performance, processor performance review, review processor performance, processor performance price, price processor performance, processor performance sell, sell processor performance, processor performance buy, buy processor performance, processor performance recommendation, recommendation processor performance, processor performance tips, tips processor performance, processor performance tutorial, tutorial processor performance, processor performance guide, guide processor performance, processor performance how to, how to processor performance, processor performance vs, vs processor performance, processor performance versus, versus processor performance, processor performance compared to, compared to processor performance, processor performance comparison, comparison processor performance, processor performance alternatives, alternatives processor performance, processor performance which is better, which is better processor performance, processor performance expensive, expensive processor performance, processor performance discount, discount processor performance, processor performance deals, deals processor performance, processor performance sale, sale processor performance, processor performance affordable, affordable processor performance, processor performance cost, cost processor performance, processor performance online, online processor performance, processor performance offline, offline processor performance, processor performance marketplace, marketplace processor performance, processor performance store, store processor performance, processor performance shop, shop processor performance, processor performance retailer, retailer processor performance, processor performance where to buy, where to buy processor performance, processor performance worst, worst processor performance, processor performance quality, quality processor performance, processor performance original, original processor performance, processor performance genuine, genuine processor performance, processor performance fake, fake processor performance, processor performance replica, replica processor performance, processor performance authentic, authentic processor performance, processor performance brand, brand processor performance, processor performance manufacturer, manufacturer processor performance, processor performance company, company processor performance, processor performance product, product processor performance, processor performance amd product, amd product processor performance, processor performance sell amd, sell amd processor performance, processor performance buy amd, buy amd processor performance, processor performance cheap amd, cheap amd processor performance, processor performance best amd, best amd processor performance, processor performance amd review, amd review processor performance, processor performance where to buy amd, where to buy amd processor performance, processor performance how to choose amd, how to choose amd processor performance, processor performance top amd, top amd processor performance, processor performance amd guide, amd guide processor performance, processor performance amd for sale, amd for sale processor performance, processor performance amd deals, amd deals processor performance, core speed amd, amd core speed, core speed cheap, cheap core speed, core speed best, best core speed, core speed latest, latest core speed, core speed review, review core speed, core speed price, price core speed, core speed sell, sell core speed, core speed buy, buy core speed, core speed recommendation, recommendation core speed, core speed tips, tips core speed, core speed tutorial, tutorial core speed, core speed guide, guide core speed, core speed how to, how to core speed, core speed vs, vs core speed, core speed versus, versus core speed, core speed compared to, compared to core speed, core speed comparison, comparison core speed, core speed alternatives, alternatives core speed, core speed which is better, which is better core speed, core speed expensive, expensive core speed, core speed discount, discount core speed, core speed deals, deals core speed, core speed sale, sale core speed, core speed affordable, affordable core speed, core speed cost, cost core speed, core speed online, online core speed, core speed offline, offline core speed, core speed marketplace, marketplace core speed, core speed store, store core speed, core speed shop, shop core speed, core speed retailer, retailer core speed, core speed where to buy, where to buy core speed, core speed worst, worst core speed, core speed quality, quality core speed, core speed original, original core speed, core speed genuine, genuine core speed, core speed fake, fake core speed, core speed replica, replica core speed, core speed authentic, authentic core speed, core speed brand, brand core speed, core speed manufacturer, manufacturer core speed, core speed company, company core speed, core speed product, product core speed, core speed amd product, amd product core speed, core speed sell amd, sell amd core speed, core speed buy amd, buy amd core speed, core speed cheap amd, cheap amd core speed, core speed best amd, best amd core speed, core speed amd review, amd review core speed, core speed where to buy amd, where to buy amd core speed, core speed how to choose amd, how to choose amd core speed, core speed top amd, top amd core speed, core speed amd guide, amd guide core speed, core speed amd for sale, amd for sale core speed, core speed amd deals, amd deals core speed
2025-09-24 19:28:58,773 - INFO - Expanded 220 seed keywords to 385 variations
2025-09-24 19:28:58,773 - INFO - Language: en
2025-09-24 19:28:58,773 - INFO - Region: us
2025-09-24 19:33:29,356 - INFO - 🎯 After all filtering for 'amd': 120 relevant keywords
2025-09-24 19:33:29,483 - INFO - 🎯 Found 5 new keywords for niche 'amd': amd affordable core speed, amd affordable processor performance, cheap alternatives core speed, best authentic core speed, how to brand core speed
2025-09-24 19:33:43,613 - INFO - ✅ Niche 'amd' process complete! 60 total keyword results.
2025-09-24 19:33:43,613 - INFO - ✅ Completed processing niche: 'amd'
2025-09-24 19:33:43,613 - INFO - 🔧 Request Handler final stats - Success rate: 100.0%
2025-09-24 19:33:43,614 - INFO -    Total requests: 11653, Blocks: 0
2025-09-24 19:33:43,617 - INFO - 
========================================
2025-09-24 19:33:43,618 - INFO - Process Summary:
2025-09-24 19:33:43,618 - INFO - - Current niche: 'amd'
2025-09-24 19:33:43,618 - INFO - - Next niche will be: 'canon'
2025-09-24 19:33:43,618 - INFO - - Keywords saved in: languages/english/keywords/amd/
2025-09-24 19:33:43,619 - INFO - ========================================
