2025-10-10 16:53:30,056 - INFO - Log file created at: /home/runner/work/potensitech.com/potensitech.com/languages/english/keywords/logs/kw_search_20251010_165330.log
2025-10-10 16:53:30,056 - INFO - ============================================================
2025-10-10 16:53:30,056 - INFO - AUTOMATIC KEYWORD RESEARCH TOOL
2025-10-10 16:53:30,056 - INFO - ============================================================
2025-10-10 16:53:30,215 - INFO - ========================================
2025-10-10 16:53:30,215 - INFO - Found 14 niches to process: xiaomi, iphone, samsung, apple, sony, asus, philips, sandisk, intel, nvidia, amd, canon, nikon, huawei
2025-10-10 16:53:30,215 - INFO - ========================================
2025-10-10 16:53:30,215 - INFO - Continuing from last processed niche: xiaomi
2025-10-10 16:53:30,215 - INFO - ========================================
2025-10-10 16:53:30,215 - INFO - 🎯 PROCESSING NICHE 2/14: 'iphone'
2025-10-10 16:53:30,216 - INFO - ========================================
2025-10-10 16:53:30,216 - INFO - 📁 Niche directory: /home/runner/work/potensitech.com/potensitech.com/languages/english/keywords/iphone
2025-10-10 16:53:30,216 - INFO - Selected region: us
2025-10-10 16:53:30,216 - INFO - Selected language: en
2025-10-10 16:53:30,216 - INFO - 🎯 Current niche: iphone
2025-10-10 16:53:35,251 - INFO - 🎯 Niche terms for filtering: iphone, cheap, best, latest, review, price, sell, buy, recommendation, tips, tutorial, guide, how to, vs, versus, compared to, comparison, alternatives, which is better, expensive, discount, deals, sale, affordable, cost, online, offline, marketplace, store, shop, retailer, where to buy, worst, quality, original, genuine, fake, replica, authentic, brand, manufacturer, company, product, iphone product, sell iphone, buy iphone, cheap iphone, best iphone, iphone review, where to buy iphone, how to choose iphone, top iphone, iphone guide, iphone for sale, iphone deals
2025-10-10 16:53:35,252 - INFO - Generated 50 niche-clue pairs for 'iphone'.
2025-10-10 16:53:35,255 - INFO - Expanded 50 seed keywords to 218 variations
2025-10-10 16:53:35,255 - INFO - 🔧 Request Handler initialized - Success rate: 100.0%
2025-10-10 16:58:01,707 - INFO - Original clue keywords: wireless charging
2025-10-10 16:58:01,707 - INFO - Niche-focused seeds: wireless charging iphone, iphone wireless charging, wireless charging cheap, cheap wireless charging, wireless charging best, best wireless charging, wireless charging latest, latest wireless charging, wireless charging review, review wireless charging, wireless charging price, price wireless charging, wireless charging sell, sell wireless charging, wireless charging buy, buy wireless charging, wireless charging recommendation, recommendation wireless charging, wireless charging tips, tips wireless charging, wireless charging tutorial, tutorial wireless charging, wireless charging guide, guide wireless charging, wireless charging how to, how to wireless charging, wireless charging vs, vs wireless charging, wireless charging versus, versus wireless charging, wireless charging compared to, compared to wireless charging, wireless charging comparison, comparison wireless charging, wireless charging alternatives, alternatives wireless charging, wireless charging which is better, which is better wireless charging, wireless charging expensive, expensive wireless charging, wireless charging discount, discount wireless charging, wireless charging deals, deals wireless charging, wireless charging sale, sale wireless charging, wireless charging affordable, affordable wireless charging, wireless charging cost, cost wireless charging, wireless charging online, online wireless charging, wireless charging offline, offline wireless charging, wireless charging marketplace, marketplace wireless charging, wireless charging store, store wireless charging, wireless charging shop, shop wireless charging, wireless charging retailer, retailer wireless charging, wireless charging where to buy, where to buy wireless charging, wireless charging worst, worst wireless charging, wireless charging quality, quality wireless charging, wireless charging original, original wireless charging, wireless charging genuine, genuine wireless charging, wireless charging fake, fake wireless charging, wireless charging replica, replica wireless charging, wireless charging authentic, authentic wireless charging, wireless charging brand, brand wireless charging, wireless charging manufacturer, manufacturer wireless charging, wireless charging company, company wireless charging, wireless charging product, product wireless charging, wireless charging iphone product, iphone product wireless charging, wireless charging sell iphone, sell iphone wireless charging, wireless charging buy iphone, buy iphone wireless charging, wireless charging cheap iphone, cheap iphone wireless charging, wireless charging best iphone, best iphone wireless charging, wireless charging iphone review, iphone review wireless charging, wireless charging where to buy iphone, where to buy iphone wireless charging, wireless charging how to choose iphone, how to choose iphone wireless charging, wireless charging top iphone, top iphone wireless charging, wireless charging iphone guide, iphone guide wireless charging, wireless charging iphone for sale, iphone for sale wireless charging, wireless charging iphone deals, iphone deals wireless charging
2025-10-10 16:58:01,711 - INFO - Expanded 110 seed keywords to 275 variations
2025-10-10 16:58:01,711 - INFO - Language: en
2025-10-10 16:58:01,711 - INFO - Region: us
2025-10-10 17:02:33,698 - INFO - 🎯 After all filtering for 'iphone': 120 relevant keywords
2025-10-10 17:02:34,464 - INFO - 🎯 Found 3 new keywords for niche 'iphone': iphone affordable wireless charging, cheap alternatives wireless charging, best authentic wireless charging
2025-10-10 17:02:41,109 - INFO - ✅ Niche 'iphone' process complete! 160 total keyword results.
2025-10-10 17:02:41,109 - INFO - ✅ Completed processing niche: 'iphone'
2025-10-10 17:02:41,109 - INFO - 🔧 Request Handler final stats - Success rate: 100.0%
2025-10-10 17:02:41,109 - INFO -    Total requests: 23168, Blocks: 0
2025-10-10 17:02:41,110 - INFO - 
========================================
2025-10-10 17:02:41,111 - INFO - Process Summary:
2025-10-10 17:02:41,111 - INFO - - Current niche: 'iphone'
2025-10-10 17:02:41,111 - INFO - - Next niche will be: 'samsung'
2025-10-10 17:02:41,111 - INFO - - Keywords saved in: languages/english/keywords/iphone/
2025-10-10 17:02:41,111 - INFO - ========================================
