2025-09-20 12:29:09,115 - INFO - Log file created at: /home/runner/work/potensitech.com/potensitech.com/languages/english/keywords/logs/kw_search_20250920_122909.log
2025-09-20 12:29:09,115 - INFO - ============================================================
2025-09-20 12:29:09,115 - INFO - AUTOMATIC KEYWORD RESEARCH TOOL
2025-09-20 12:29:09,115 - INFO - ============================================================
2025-09-20 12:29:09,237 - INFO - ========================================
2025-09-20 12:29:09,237 - INFO - Found 14 niches to process: xiaomi, iphone, samsung, apple, sony, asus, philips, sandisk, intel, nvidia, amd, canon, nikon, huawei
2025-09-20 12:29:09,237 - INFO - ========================================
2025-09-20 12:29:09,237 - INFO - Continuing from last processed niche: intel
2025-09-20 12:29:09,238 - INFO - ========================================
2025-09-20 12:29:09,238 - INFO - 🎯 PROCESSING NICHE 10/14: 'nvidia'
2025-09-20 12:29:09,238 - INFO - ========================================
2025-09-20 12:29:09,238 - INFO - 📁 Niche directory: /home/runner/work/potensitech.com/potensitech.com/languages/english/keywords/nvidia
2025-09-20 12:29:09,238 - INFO - Selected region: us
2025-09-20 12:29:09,238 - INFO - Selected language: en
2025-09-20 12:29:09,238 - INFO - 🎯 Current niche: nvidia
2025-09-20 12:29:18,953 - INFO - 🎯 Niche terms for filtering: nvidia, cheap, best, latest, review, price, sell, buy, recommendation, tips, tutorial, guide, how to, vs, versus, compared to, comparison, alternatives, which is better, expensive, discount, deals, sale, affordable, cost, online, offline, marketplace, store, shop, retailer, where to buy, worst, quality, original, genuine, fake, replica, authentic, brand, manufacturer, company, product, nvidia product, sell nvidia, buy nvidia, cheap nvidia, best nvidia, nvidia review, where to buy nvidia, how to choose nvidia, top nvidia, nvidia guide, nvidia for sale, nvidia deals
2025-09-20 12:29:18,954 - INFO - Generated 50 niche-clue pairs for 'nvidia'.
2025-09-20 12:29:18,957 - INFO - Expanded 50 seed keywords to 218 variations
2025-09-20 12:29:18,957 - INFO - 🔧 Request Handler initialized - Success rate: 100.0%
2025-09-20 12:33:41,688 - INFO - Original clue keywords: thermal performance
2025-09-20 12:33:41,688 - INFO - Niche-focused seeds: thermal performance nvidia, nvidia thermal performance, thermal performance cheap, cheap thermal performance, thermal performance best, best thermal performance, thermal performance latest, latest thermal performance, thermal performance review, review thermal performance, thermal performance price, price thermal performance, thermal performance sell, sell thermal performance, thermal performance buy, buy thermal performance, thermal performance recommendation, recommendation thermal performance, thermal performance tips, tips thermal performance, thermal performance tutorial, tutorial thermal performance, thermal performance guide, guide thermal performance, thermal performance how to, how to thermal performance, thermal performance vs, vs thermal performance, thermal performance versus, versus thermal performance, thermal performance compared to, compared to thermal performance, thermal performance comparison, comparison thermal performance, thermal performance alternatives, alternatives thermal performance, thermal performance which is better, which is better thermal performance, thermal performance expensive, expensive thermal performance, thermal performance discount, discount thermal performance, thermal performance deals, deals thermal performance, thermal performance sale, sale thermal performance, thermal performance affordable, affordable thermal performance, thermal performance cost, cost thermal performance, thermal performance online, online thermal performance, thermal performance offline, offline thermal performance, thermal performance marketplace, marketplace thermal performance, thermal performance store, store thermal performance, thermal performance shop, shop thermal performance, thermal performance retailer, retailer thermal performance, thermal performance where to buy, where to buy thermal performance, thermal performance worst, worst thermal performance, thermal performance quality, quality thermal performance, thermal performance original, original thermal performance, thermal performance genuine, genuine thermal performance, thermal performance fake, fake thermal performance, thermal performance replica, replica thermal performance, thermal performance authentic, authentic thermal performance, thermal performance brand, brand thermal performance, thermal performance manufacturer, manufacturer thermal performance, thermal performance company, company thermal performance, thermal performance product, product thermal performance, thermal performance nvidia product, nvidia product thermal performance, thermal performance sell nvidia, sell nvidia thermal performance, thermal performance buy nvidia, buy nvidia thermal performance, thermal performance cheap nvidia, cheap nvidia thermal performance, thermal performance best nvidia, best nvidia thermal performance, thermal performance nvidia review, nvidia review thermal performance, thermal performance where to buy nvidia, where to buy nvidia thermal performance, thermal performance how to choose nvidia, how to choose nvidia thermal performance, thermal performance top nvidia, top nvidia thermal performance, thermal performance nvidia guide, nvidia guide thermal performance, thermal performance nvidia for sale, nvidia for sale thermal performance, thermal performance nvidia deals, nvidia deals thermal performance
2025-09-20 12:33:41,691 - INFO - Expanded 110 seed keywords to 275 variations
2025-09-20 12:33:41,691 - INFO - Language: en
2025-09-20 12:33:41,691 - INFO - Region: us
2025-09-20 12:38:13,823 - INFO - 🎯 After all filtering for 'nvidia': 120 relevant keywords
2025-09-20 12:38:13,992 - INFO - 🎯 Found 4 new keywords for niche 'nvidia': nvidia affordable thermal performance, cheap alternatives thermal performance, best authentic thermal performance, how to brand thermal performance
2025-09-20 12:38:22,898 - INFO - ✅ Niche 'nvidia' process complete! 35 total keyword results.
2025-09-20 12:38:22,898 - INFO - ✅ Completed processing niche: 'nvidia'
2025-09-20 12:38:22,898 - INFO - 🔧 Request Handler final stats - Success rate: 100.0%
2025-09-20 12:38:22,899 - INFO -    Total requests: 8037, Blocks: 0
2025-09-20 12:38:22,900 - INFO - 
========================================
2025-09-20 12:38:22,900 - INFO - Process Summary:
2025-09-20 12:38:22,900 - INFO - - Current niche: 'nvidia'
2025-09-20 12:38:22,900 - INFO - - Next niche will be: 'amd'
2025-09-20 12:38:22,900 - INFO - - Keywords saved in: languages/english/keywords/nvidia/
2025-09-20 12:38:22,900 - INFO - ========================================
