2025-10-30 04:53:20,558 - INFO - Log file created at: /home/runner/work/potensitech.com/potensitech.com/languages/english/keywords/logs/kw_search_20251030_045320.log
2025-10-30 04:53:20,558 - INFO - ============================================================
2025-10-30 04:53:20,558 - INFO - AUTOMATIC KEYWORD RESEARCH TOOL
2025-10-30 04:53:20,558 - INFO - ============================================================
2025-10-30 04:53:20,729 - INFO - ========================================
2025-10-30 04:53:20,729 - INFO - Found 14 niches to process: xiaomi, iphone, samsung, apple, sony, asus, philips, sandisk, intel, nvidia, amd, canon, nikon, huawei
2025-10-30 04:53:20,729 - INFO - ========================================
2025-10-30 04:53:20,729 - INFO - Continuing from last processed niche: amd
2025-10-30 04:53:20,729 - INFO - ========================================
2025-10-30 04:53:20,729 - INFO - 🎯 PROCESSING NICHE 12/14: 'canon'
2025-10-30 04:53:20,729 - INFO - ========================================
2025-10-30 04:53:20,730 - INFO - 📁 Niche directory: /home/runner/work/potensitech.com/potensitech.com/languages/english/keywords/canon
2025-10-30 04:53:20,730 - INFO - Selected region: us
2025-10-30 04:53:20,730 - INFO - Selected language: en
2025-10-30 04:53:20,730 - INFO - 🎯 Current niche: canon
2025-10-30 04:53:24,545 - INFO - 🎯 Niche terms for filtering: canon, cheap, best, latest, review, price, sell, buy, recommendation, tips, tutorial, guide, how to, vs, versus, compared to, comparison, alternatives, which is better, expensive, discount, deals, sale, affordable, cost, online, offline, marketplace, store, shop, retailer, where to buy, worst, quality, original, genuine, fake, replica, authentic, brand, manufacturer, company, product, canon product, sell canon, buy canon, cheap canon, best canon, canon review, where to buy canon, how to choose canon, top canon, canon guide, canon for sale, canon deals
2025-10-30 04:53:24,546 - INFO - Generated 50 niche-clue pairs for 'canon'.
2025-10-30 04:53:24,549 - INFO - Expanded 50 seed keywords to 218 variations
2025-10-30 04:53:24,549 - INFO - 🔧 Request Handler initialized - Success rate: 100.0%
2025-10-30 04:57:51,645 - INFO - Original clue keywords: dslr photography, mirrorless technology
2025-10-30 04:57:51,645 - INFO - Niche-focused seeds: dslr photography canon, canon dslr photography, dslr photography cheap, cheap dslr photography, dslr photography best, best dslr photography, dslr photography latest, latest dslr photography, dslr photography review, review dslr photography, dslr photography price, price dslr photography, dslr photography sell, sell dslr photography, dslr photography buy, buy dslr photography, dslr photography recommendation, recommendation dslr photography, dslr photography tips, tips dslr photography, dslr photography tutorial, tutorial dslr photography, dslr photography guide, guide dslr photography, dslr photography how to, how to dslr photography, dslr photography vs, vs dslr photography, dslr photography versus, versus dslr photography, dslr photography compared to, compared to dslr photography, dslr photography comparison, comparison dslr photography, dslr photography alternatives, alternatives dslr photography, dslr photography which is better, which is better dslr photography, dslr photography expensive, expensive dslr photography, dslr photography discount, discount dslr photography, dslr photography deals, deals dslr photography, dslr photography sale, sale dslr photography, dslr photography affordable, affordable dslr photography, dslr photography cost, cost dslr photography, dslr photography online, online dslr photography, dslr photography offline, offline dslr photography, dslr photography marketplace, marketplace dslr photography, dslr photography store, store dslr photography, dslr photography shop, shop dslr photography, dslr photography retailer, retailer dslr photography, dslr photography where to buy, where to buy dslr photography, dslr photography worst, worst dslr photography, dslr photography quality, quality dslr photography, dslr photography original, original dslr photography, dslr photography genuine, genuine dslr photography, dslr photography fake, fake dslr photography, dslr photography replica, replica dslr photography, dslr photography authentic, authentic dslr photography, dslr photography brand, brand dslr photography, dslr photography manufacturer, manufacturer dslr photography, dslr photography company, company dslr photography, dslr photography product, product dslr photography, dslr photography canon product, canon product dslr photography, dslr photography sell canon, sell canon dslr photography, dslr photography buy canon, buy canon dslr photography, dslr photography cheap canon, cheap canon dslr photography, dslr photography best canon, best canon dslr photography, dslr photography canon review, canon review dslr photography, dslr photography where to buy canon, where to buy canon dslr photography, dslr photography how to choose canon, how to choose canon dslr photography, dslr photography top canon, top canon dslr photography, dslr photography canon guide, canon guide dslr photography, dslr photography canon for sale, canon for sale dslr photography, dslr photography canon deals, canon deals dslr photography, mirrorless technology canon, canon mirrorless technology, mirrorless technology cheap, cheap mirrorless technology, mirrorless technology best, best mirrorless technology, mirrorless technology latest, latest mirrorless technology, mirrorless technology review, review mirrorless technology, mirrorless technology price, price mirrorless technology, mirrorless technology sell, sell mirrorless technology, mirrorless technology buy, buy mirrorless technology, mirrorless technology recommendation, recommendation mirrorless technology, mirrorless technology tips, tips mirrorless technology, mirrorless technology tutorial, tutorial mirrorless technology, mirrorless technology guide, guide mirrorless technology, mirrorless technology how to, how to mirrorless technology, mirrorless technology vs, vs mirrorless technology, mirrorless technology versus, versus mirrorless technology, mirrorless technology compared to, compared to mirrorless technology, mirrorless technology comparison, comparison mirrorless technology, mirrorless technology alternatives, alternatives mirrorless technology, mirrorless technology which is better, which is better mirrorless technology, mirrorless technology expensive, expensive mirrorless technology, mirrorless technology discount, discount mirrorless technology, mirrorless technology deals, deals mirrorless technology, mirrorless technology sale, sale mirrorless technology, mirrorless technology affordable, affordable mirrorless technology, mirrorless technology cost, cost mirrorless technology, mirrorless technology online, online mirrorless technology, mirrorless technology offline, offline mirrorless technology, mirrorless technology marketplace, marketplace mirrorless technology, mirrorless technology store, store mirrorless technology, mirrorless technology shop, shop mirrorless technology, mirrorless technology retailer, retailer mirrorless technology, mirrorless technology where to buy, where to buy mirrorless technology, mirrorless technology worst, worst mirrorless technology, mirrorless technology quality, quality mirrorless technology, mirrorless technology original, original mirrorless technology, mirrorless technology genuine, genuine mirrorless technology, mirrorless technology fake, fake mirrorless technology, mirrorless technology replica, replica mirrorless technology, mirrorless technology authentic, authentic mirrorless technology, mirrorless technology brand, brand mirrorless technology, mirrorless technology manufacturer, manufacturer mirrorless technology, mirrorless technology company, company mirrorless technology, mirrorless technology product, product mirrorless technology, mirrorless technology canon product, canon product mirrorless technology, mirrorless technology sell canon, sell canon mirrorless technology, mirrorless technology buy canon, buy canon mirrorless technology, mirrorless technology cheap canon, cheap canon mirrorless technology, mirrorless technology best canon, best canon mirrorless technology, mirrorless technology canon review, canon review mirrorless technology, mirrorless technology where to buy canon, where to buy canon mirrorless technology, mirrorless technology how to choose canon, how to choose canon mirrorless technology, mirrorless technology top canon, top canon mirrorless technology, mirrorless technology canon guide, canon guide mirrorless technology, mirrorless technology canon for sale, canon for sale mirrorless technology, mirrorless technology canon deals, canon deals mirrorless technology
2025-10-30 04:57:51,648 - INFO - Expanded 220 seed keywords to 385 variations
2025-10-30 04:57:51,648 - INFO - Language: en
2025-10-30 04:57:51,648 - INFO - Region: us
2025-10-30 04:58:25,819 - INFO - 🎯 After all filtering for 'canon': 120 relevant keywords
2025-10-30 04:58:26,101 - INFO - 🎯 Found 2 new keywords for niche 'canon': canon affordable dslr photography, canon affordable mirrorless technology
2025-10-30 04:58:34,357 - INFO - ✅ Niche 'canon' process complete! 172 total keyword results.
2025-10-30 04:58:34,357 - INFO - ✅ Completed processing niche: 'canon'
2025-10-30 04:58:34,357 - INFO - 🔧 Request Handler final stats - Success rate: 100.0%
2025-10-30 04:58:34,357 - INFO -    Total requests: 33250, Blocks: 0
2025-10-30 04:58:34,358 - INFO - 
========================================
2025-10-30 04:58:34,358 - INFO - Process Summary:
2025-10-30 04:58:34,358 - INFO - - Current niche: 'canon'
2025-10-30 04:58:34,358 - INFO - - Next niche will be: 'nikon'
2025-10-30 04:58:34,358 - INFO - - Keywords saved in: languages/english/keywords/canon/
2025-10-30 04:58:34,359 - INFO - ========================================
