2025-09-21 21:43:24,510 - INFO - Log file created at: /home/runner/work/potensitech.com/potensitech.com/languages/english/keywords/logs/kw_search_20250921_214324.log
2025-09-21 21:43:24,510 - INFO - ============================================================
2025-09-21 21:43:24,510 - INFO - AUTOMATIC KEYWORD RESEARCH TOOL
2025-09-21 21:43:24,510 - INFO - ============================================================
2025-09-21 21:43:24,640 - INFO - ========================================
2025-09-21 21:43:24,640 - INFO - Found 14 niches to process: xiaomi, iphone, samsung, apple, sony, asus, philips, sandisk, intel, nvidia, amd, canon, nikon, huawei
2025-09-21 21:43:24,640 - INFO - ========================================
2025-09-21 21:43:24,640 - INFO - Continuing from last processed niche: intel
2025-09-21 21:43:24,640 - INFO - ========================================
2025-09-21 21:43:24,640 - INFO - 🎯 PROCESSING NICHE 10/14: 'nvidia'
2025-09-21 21:43:24,640 - INFO - ========================================
2025-09-21 21:43:24,640 - INFO - 📁 Niche directory: /home/runner/work/potensitech.com/potensitech.com/languages/english/keywords/nvidia
2025-09-21 21:43:24,640 - INFO - Selected region: us
2025-09-21 21:43:24,640 - INFO - Selected language: en
2025-09-21 21:43:24,640 - INFO - 🎯 Current niche: nvidia
2025-09-21 21:46:26,847 - INFO - 🎯 Niche terms for filtering: nvidia, cheap, best, latest, review, price, sell, buy, recommendation, tips, tutorial, guide, how to, vs, versus, compared to, comparison, alternatives, which is better, expensive, discount, deals, sale, affordable, cost, online, offline, marketplace, store, shop, retailer, where to buy, worst, quality, original, genuine, fake, replica, authentic, brand, manufacturer, company, product, nvidia product, sell nvidia, buy nvidia, cheap nvidia, best nvidia, nvidia review, where to buy nvidia, how to choose nvidia, top nvidia, nvidia guide, nvidia for sale, nvidia deals
2025-09-21 21:46:26,848 - INFO - Generated 50 niche-clue pairs for 'nvidia'.
2025-09-21 21:46:26,851 - INFO - Expanded 50 seed keywords to 218 variations
2025-09-21 21:46:26,851 - INFO - 🔧 Request Handler initialized - Success rate: 100.0%
2025-09-21 21:50:50,939 - INFO - Original clue keywords: gaming performance, ai rendering
2025-09-21 21:50:50,939 - INFO - Niche-focused seeds: gaming performance nvidia, nvidia gaming performance, gaming performance cheap, cheap gaming performance, gaming performance best, best gaming performance, gaming performance latest, latest gaming performance, gaming performance review, review gaming performance, gaming performance price, price gaming performance, gaming performance sell, sell gaming performance, gaming performance buy, buy gaming performance, gaming performance recommendation, recommendation gaming performance, gaming performance tips, tips gaming performance, gaming performance tutorial, tutorial gaming performance, gaming performance guide, guide gaming performance, gaming performance how to, how to gaming performance, gaming performance vs, vs gaming performance, gaming performance versus, versus gaming performance, gaming performance compared to, compared to gaming performance, gaming performance comparison, comparison gaming performance, gaming performance alternatives, alternatives gaming performance, gaming performance which is better, which is better gaming performance, gaming performance expensive, expensive gaming performance, gaming performance discount, discount gaming performance, gaming performance deals, deals gaming performance, gaming performance sale, sale gaming performance, gaming performance affordable, affordable gaming performance, gaming performance cost, cost gaming performance, gaming performance online, online gaming performance, gaming performance offline, offline gaming performance, gaming performance marketplace, marketplace gaming performance, gaming performance store, store gaming performance, gaming performance shop, shop gaming performance, gaming performance retailer, retailer gaming performance, gaming performance where to buy, where to buy gaming performance, gaming performance worst, worst gaming performance, gaming performance quality, quality gaming performance, gaming performance original, original gaming performance, gaming performance genuine, genuine gaming performance, gaming performance fake, fake gaming performance, gaming performance replica, replica gaming performance, gaming performance authentic, authentic gaming performance, gaming performance brand, brand gaming performance, gaming performance manufacturer, manufacturer gaming performance, gaming performance company, company gaming performance, gaming performance product, product gaming performance, gaming performance nvidia product, nvidia product gaming performance, gaming performance sell nvidia, sell nvidia gaming performance, gaming performance buy nvidia, buy nvidia gaming performance, gaming performance cheap nvidia, cheap nvidia gaming performance, gaming performance best nvidia, best nvidia gaming performance, gaming performance nvidia review, nvidia review gaming performance, gaming performance where to buy nvidia, where to buy nvidia gaming performance, gaming performance how to choose nvidia, how to choose nvidia gaming performance, gaming performance top nvidia, top nvidia gaming performance, gaming performance nvidia guide, nvidia guide gaming performance, gaming performance nvidia for sale, nvidia for sale gaming performance, gaming performance nvidia deals, nvidia deals gaming performance, ai rendering nvidia, nvidia ai rendering, ai rendering cheap, cheap ai rendering, ai rendering best, best ai rendering, ai rendering latest, latest ai rendering, ai rendering review, review ai rendering, ai rendering price, price ai rendering, ai rendering sell, sell ai rendering, ai rendering buy, buy ai rendering, ai rendering recommendation, recommendation ai rendering, ai rendering tips, tips ai rendering, ai rendering tutorial, tutorial ai rendering, ai rendering guide, guide ai rendering, ai rendering how to, how to ai rendering, ai rendering vs, vs ai rendering, ai rendering versus, versus ai rendering, ai rendering compared to, compared to ai rendering, ai rendering comparison, comparison ai rendering, ai rendering alternatives, alternatives ai rendering, ai rendering which is better, which is better ai rendering, ai rendering expensive, expensive ai rendering, ai rendering discount, discount ai rendering, ai rendering deals, deals ai rendering, ai rendering sale, sale ai rendering, ai rendering affordable, affordable ai rendering, ai rendering cost, cost ai rendering, ai rendering online, online ai rendering, ai rendering offline, offline ai rendering, ai rendering marketplace, marketplace ai rendering, ai rendering store, store ai rendering, ai rendering shop, shop ai rendering, ai rendering retailer, retailer ai rendering, ai rendering where to buy, where to buy ai rendering, ai rendering worst, worst ai rendering, ai rendering quality, quality ai rendering, ai rendering original, original ai rendering, ai rendering genuine, genuine ai rendering, ai rendering fake, fake ai rendering, ai rendering replica, replica ai rendering, ai rendering authentic, authentic ai rendering, ai rendering brand, brand ai rendering, ai rendering manufacturer, manufacturer ai rendering, ai rendering company, company ai rendering, ai rendering product, product ai rendering, ai rendering nvidia product, nvidia product ai rendering, ai rendering sell nvidia, sell nvidia ai rendering, ai rendering buy nvidia, buy nvidia ai rendering, ai rendering cheap nvidia, cheap nvidia ai rendering, ai rendering best nvidia, best nvidia ai rendering, ai rendering nvidia review, nvidia review ai rendering, ai rendering where to buy nvidia, where to buy nvidia ai rendering, ai rendering how to choose nvidia, how to choose nvidia ai rendering, ai rendering top nvidia, top nvidia ai rendering, ai rendering nvidia guide, nvidia guide ai rendering, ai rendering nvidia for sale, nvidia for sale ai rendering, ai rendering nvidia deals, nvidia deals ai rendering
2025-09-21 21:50:50,942 - INFO - Expanded 220 seed keywords to 385 variations
2025-09-21 21:50:50,942 - INFO - Language: en
2025-09-21 21:50:50,942 - INFO - Region: us
2025-09-21 21:55:22,122 - INFO - 🎯 After all filtering for 'nvidia': 120 relevant keywords
2025-09-21 21:55:22,207 - INFO - 🎯 Found 5 new keywords for niche 'nvidia': nvidia affordable ai rendering, nvidia affordable gaming performance, cheap ai rendering alternatives, best ai rendering authentic, how to ai rendering brand
2025-09-21 21:58:14,327 - INFO - ✅ Niche 'nvidia' process complete! 44 total keyword results.
2025-09-21 21:58:14,328 - INFO - ✅ Completed processing niche: 'nvidia'
2025-09-21 21:58:14,328 - INFO - 🔧 Request Handler final stats - Success rate: 100.0%
2025-09-21 21:58:14,328 - INFO -    Total requests: 9244, Blocks: 0
2025-09-21 21:58:14,329 - INFO - 
========================================
2025-09-21 21:58:14,329 - INFO - Process Summary:
2025-09-21 21:58:14,329 - INFO - - Current niche: 'nvidia'
2025-09-21 21:58:14,329 - INFO - - Next niche will be: 'amd'
2025-09-21 21:58:14,329 - INFO - - Keywords saved in: languages/english/keywords/nvidia/
2025-09-21 21:58:14,329 - INFO - ========================================
