2025-11-11 21:44:26,555 - INFO - Log file created at: /home/runner/work/potensitech.com/potensitech.com/languages/english/keywords/logs/kw_search_20251111_214426.log
2025-11-11 21:44:26,555 - INFO - ============================================================
2025-11-11 21:44:26,555 - INFO - AUTOMATIC KEYWORD RESEARCH TOOL
2025-11-11 21:44:26,556 - INFO - ============================================================
2025-11-11 21:44:26,737 - INFO - ========================================
2025-11-11 21:44:26,737 - INFO - Found 14 niches to process: xiaomi, iphone, samsung, apple, sony, asus, philips, sandisk, intel, nvidia, amd, canon, nikon, huawei
2025-11-11 21:44:26,737 - INFO - ========================================
2025-11-11 21:44:26,737 - INFO - Continuing from last processed niche: canon
2025-11-11 21:44:26,737 - INFO - ========================================
2025-11-11 21:44:26,737 - INFO - 🎯 PROCESSING NICHE 13/14: 'nikon'
2025-11-11 21:44:26,737 - INFO - ========================================
2025-11-11 21:44:26,737 - INFO - 📁 Niche directory: /home/runner/work/potensitech.com/potensitech.com/languages/english/keywords/nikon
2025-11-11 21:44:26,737 - INFO - Selected region: us
2025-11-11 21:44:26,737 - INFO - Selected language: en
2025-11-11 21:44:26,737 - INFO - 🎯 Current niche: nikon
2025-11-11 21:44:29,987 - INFO - 🎯 Niche terms for filtering: nikon, cheap, best, latest, review, price, sell, buy, recommendation, tips, tutorial, guide, how to, vs, versus, compared to, comparison, alternatives, which is better, expensive, discount, deals, sale, affordable, cost, online, offline, marketplace, store, shop, retailer, where to buy, worst, quality, original, genuine, fake, replica, authentic, brand, manufacturer, company, product, nikon product, sell nikon, buy nikon, cheap nikon, best nikon, nikon review, where to buy nikon, how to choose nikon, top nikon, nikon guide, nikon for sale, nikon deals
2025-11-11 21:44:29,988 - INFO - Generated 50 niche-clue pairs for 'nikon'.
2025-11-11 21:44:29,991 - INFO - Expanded 50 seed keywords to 218 variations
2025-11-11 21:44:29,991 - INFO - 🔧 Request Handler initialized - Success rate: 100.0%
2025-11-11 21:48:50,773 - INFO - Original clue keywords: mirrorless camera, dslr photography
2025-11-11 21:48:50,774 - INFO - Niche-focused seeds: mirrorless camera nikon, nikon mirrorless camera, mirrorless camera cheap, cheap mirrorless camera, mirrorless camera best, best mirrorless camera, mirrorless camera latest, latest mirrorless camera, mirrorless camera review, review mirrorless camera, mirrorless camera price, price mirrorless camera, mirrorless camera sell, sell mirrorless camera, mirrorless camera buy, buy mirrorless camera, mirrorless camera recommendation, recommendation mirrorless camera, mirrorless camera tips, tips mirrorless camera, mirrorless camera tutorial, tutorial mirrorless camera, mirrorless camera guide, guide mirrorless camera, mirrorless camera how to, how to mirrorless camera, mirrorless camera vs, vs mirrorless camera, mirrorless camera versus, versus mirrorless camera, mirrorless camera compared to, compared to mirrorless camera, mirrorless camera comparison, comparison mirrorless camera, mirrorless camera alternatives, alternatives mirrorless camera, mirrorless camera which is better, which is better mirrorless camera, mirrorless camera expensive, expensive mirrorless camera, mirrorless camera discount, discount mirrorless camera, mirrorless camera deals, deals mirrorless camera, mirrorless camera sale, sale mirrorless camera, mirrorless camera affordable, affordable mirrorless camera, mirrorless camera cost, cost mirrorless camera, mirrorless camera online, online mirrorless camera, mirrorless camera offline, offline mirrorless camera, mirrorless camera marketplace, marketplace mirrorless camera, mirrorless camera store, store mirrorless camera, mirrorless camera shop, shop mirrorless camera, mirrorless camera retailer, retailer mirrorless camera, mirrorless camera where to buy, where to buy mirrorless camera, mirrorless camera worst, worst mirrorless camera, mirrorless camera quality, quality mirrorless camera, mirrorless camera original, original mirrorless camera, mirrorless camera genuine, genuine mirrorless camera, mirrorless camera fake, fake mirrorless camera, mirrorless camera replica, replica mirrorless camera, mirrorless camera authentic, authentic mirrorless camera, mirrorless camera brand, brand mirrorless camera, mirrorless camera manufacturer, manufacturer mirrorless camera, mirrorless camera company, company mirrorless camera, mirrorless camera product, product mirrorless camera, mirrorless camera nikon product, nikon product mirrorless camera, mirrorless camera sell nikon, sell nikon mirrorless camera, mirrorless camera buy nikon, buy nikon mirrorless camera, mirrorless camera cheap nikon, cheap nikon mirrorless camera, mirrorless camera best nikon, best nikon mirrorless camera, mirrorless camera nikon review, nikon review mirrorless camera, mirrorless camera where to buy nikon, where to buy nikon mirrorless camera, mirrorless camera how to choose nikon, how to choose nikon mirrorless camera, mirrorless camera top nikon, top nikon mirrorless camera, mirrorless camera nikon guide, nikon guide mirrorless camera, mirrorless camera nikon for sale, nikon for sale mirrorless camera, mirrorless camera nikon deals, nikon deals mirrorless camera, dslr photography nikon, nikon dslr photography, dslr photography cheap, cheap dslr photography, dslr photography best, best dslr photography, dslr photography latest, latest dslr photography, dslr photography review, review dslr photography, dslr photography price, price dslr photography, dslr photography sell, sell dslr photography, dslr photography buy, buy dslr photography, dslr photography recommendation, recommendation dslr photography, dslr photography tips, tips dslr photography, dslr photography tutorial, tutorial dslr photography, dslr photography guide, guide dslr photography, dslr photography how to, how to dslr photography, dslr photography vs, vs dslr photography, dslr photography versus, versus dslr photography, dslr photography compared to, compared to dslr photography, dslr photography comparison, comparison dslr photography, dslr photography alternatives, alternatives dslr photography, dslr photography which is better, which is better dslr photography, dslr photography expensive, expensive dslr photography, dslr photography discount, discount dslr photography, dslr photography deals, deals dslr photography, dslr photography sale, sale dslr photography, dslr photography affordable, affordable dslr photography, dslr photography cost, cost dslr photography, dslr photography online, online dslr photography, dslr photography offline, offline dslr photography, dslr photography marketplace, marketplace dslr photography, dslr photography store, store dslr photography, dslr photography shop, shop dslr photography, dslr photography retailer, retailer dslr photography, dslr photography where to buy, where to buy dslr photography, dslr photography worst, worst dslr photography, dslr photography quality, quality dslr photography, dslr photography original, original dslr photography, dslr photography genuine, genuine dslr photography, dslr photography fake, fake dslr photography, dslr photography replica, replica dslr photography, dslr photography authentic, authentic dslr photography, dslr photography brand, brand dslr photography, dslr photography manufacturer, manufacturer dslr photography, dslr photography company, company dslr photography, dslr photography product, product dslr photography, dslr photography nikon product, nikon product dslr photography, dslr photography sell nikon, sell nikon dslr photography, dslr photography buy nikon, buy nikon dslr photography, dslr photography cheap nikon, cheap nikon dslr photography, dslr photography best nikon, best nikon dslr photography, dslr photography nikon review, nikon review dslr photography, dslr photography where to buy nikon, where to buy nikon dslr photography, dslr photography how to choose nikon, how to choose nikon dslr photography, dslr photography top nikon, top nikon dslr photography, dslr photography nikon guide, nikon guide dslr photography, dslr photography nikon for sale, nikon for sale dslr photography, dslr photography nikon deals, nikon deals dslr photography
2025-11-11 21:48:50,777 - INFO - Expanded 220 seed keywords to 385 variations
2025-11-11 21:48:50,777 - INFO - Language: en
2025-11-11 21:48:50,777 - INFO - Region: us
2025-11-11 21:49:22,391 - INFO - 🎯 After all filtering for 'nikon': 120 relevant keywords
2025-11-11 21:49:22,554 - INFO - 🎯 Found 2 new keywords for niche 'nikon': nikon affordable dslr photography, nikon affordable mirrorless camera
2025-11-11 21:49:31,771 - INFO - ✅ Niche 'nikon' process complete! 238 total keyword results.
2025-11-11 21:49:31,771 - INFO - ✅ Completed processing niche: 'nikon'
2025-11-11 21:49:31,771 - INFO - 🔧 Request Handler final stats - Success rate: 100.0%
2025-11-11 21:49:31,771 - INFO -    Total requests: 40675, Blocks: 0
2025-11-11 21:49:31,772 - INFO - 
========================================
2025-11-11 21:49:31,772 - INFO - Process Summary:
2025-11-11 21:49:31,772 - INFO - - Current niche: 'nikon'
2025-11-11 21:49:31,772 - INFO - - Next niche will be: 'huawei'
2025-11-11 21:49:31,772 - INFO - - Keywords saved in: languages/english/keywords/nikon/
2025-11-11 21:49:31,772 - INFO - ========================================
