2025-09-19 09:42:56,249 - INFO - Log file created at: /home/runner/work/potensitech.com/potensitech.com/languages/english/keywords/logs/kw_search_20250919_094256.log
2025-09-19 09:42:56,249 - INFO - ============================================================
2025-09-19 09:42:56,249 - INFO - AUTOMATIC KEYWORD RESEARCH TOOL
2025-09-19 09:42:56,249 - INFO - ============================================================
2025-09-19 09:42:56,366 - INFO - ========================================
2025-09-19 09:42:56,366 - INFO - Found 14 niches to process: xiaomi, iphone, samsung, apple, sony, asus, philips, sandisk, intel, nvidia, amd, canon, nikon, huawei
2025-09-19 09:42:56,366 - INFO - ========================================
2025-09-19 09:42:56,366 - INFO - Continuing from last processed niche: canon
2025-09-19 09:42:56,367 - INFO - ========================================
2025-09-19 09:42:56,367 - INFO - 🎯 PROCESSING NICHE 13/14: 'nikon'
2025-09-19 09:42:56,367 - INFO - ========================================
2025-09-19 09:42:56,367 - INFO - 📁 Niche directory: /home/runner/work/potensitech.com/potensitech.com/languages/english/keywords/nikon
2025-09-19 09:42:56,367 - INFO - Selected region: us
2025-09-19 09:42:56,367 - INFO - Selected language: en
2025-09-19 09:42:56,367 - INFO - 🎯 Current niche: nikon
2025-09-19 09:43:00,663 - INFO - 🎯 Niche terms for filtering: nikon, cheap, best, latest, review, price, sell, buy, recommendation, tips, tutorial, guide, how to, vs, versus, compared to, comparison, alternatives, which is better, expensive, discount, deals, sale, affordable, cost, online, offline, marketplace, store, shop, retailer, where to buy, worst, quality, original, genuine, fake, replica, authentic, brand, manufacturer, company, product, nikon product, sell nikon, buy nikon, cheap nikon, best nikon, nikon review, where to buy nikon, how to choose nikon, top nikon, nikon guide, nikon for sale, nikon deals
2025-09-19 09:43:00,663 - INFO - Generated 50 niche-clue pairs for 'nikon'.
2025-09-19 09:43:00,666 - INFO - Expanded 50 seed keywords to 218 variations
2025-09-19 09:43:00,666 - INFO - 🔧 Request Handler initialized - Success rate: 100.0%
2025-09-19 09:47:25,678 - INFO - Original clue keywords: dslr features, camera resolution
2025-09-19 09:47:25,678 - INFO - Niche-focused seeds: dslr features nikon, nikon dslr features, dslr features cheap, cheap dslr features, dslr features best, best dslr features, dslr features latest, latest dslr features, dslr features review, review dslr features, dslr features price, price dslr features, dslr features sell, sell dslr features, dslr features buy, buy dslr features, dslr features recommendation, recommendation dslr features, dslr features tips, tips dslr features, dslr features tutorial, tutorial dslr features, dslr features guide, guide dslr features, dslr features how to, how to dslr features, dslr features vs, vs dslr features, dslr features versus, versus dslr features, dslr features compared to, compared to dslr features, dslr features comparison, comparison dslr features, dslr features alternatives, alternatives dslr features, dslr features which is better, which is better dslr features, dslr features expensive, expensive dslr features, dslr features discount, discount dslr features, dslr features deals, deals dslr features, dslr features sale, sale dslr features, dslr features affordable, affordable dslr features, dslr features cost, cost dslr features, dslr features online, online dslr features, dslr features offline, offline dslr features, dslr features marketplace, marketplace dslr features, dslr features store, store dslr features, dslr features shop, shop dslr features, dslr features retailer, retailer dslr features, dslr features where to buy, where to buy dslr features, dslr features worst, worst dslr features, dslr features quality, quality dslr features, dslr features original, original dslr features, dslr features genuine, genuine dslr features, dslr features fake, fake dslr features, dslr features replica, replica dslr features, dslr features authentic, authentic dslr features, dslr features brand, brand dslr features, dslr features manufacturer, manufacturer dslr features, dslr features company, company dslr features, dslr features product, product dslr features, dslr features nikon product, nikon product dslr features, dslr features sell nikon, sell nikon dslr features, dslr features buy nikon, buy nikon dslr features, dslr features cheap nikon, cheap nikon dslr features, dslr features best nikon, best nikon dslr features, dslr features nikon review, nikon review dslr features, dslr features where to buy nikon, where to buy nikon dslr features, dslr features how to choose nikon, how to choose nikon dslr features, dslr features top nikon, top nikon dslr features, dslr features nikon guide, nikon guide dslr features, dslr features nikon for sale, nikon for sale dslr features, dslr features nikon deals, nikon deals dslr features, camera resolution nikon, nikon camera resolution, camera resolution cheap, cheap camera resolution, camera resolution best, best camera resolution, camera resolution latest, latest camera resolution, camera resolution review, review camera resolution, camera resolution price, price camera resolution, camera resolution sell, sell camera resolution, camera resolution buy, buy camera resolution, camera resolution recommendation, recommendation camera resolution, camera resolution tips, tips camera resolution, camera resolution tutorial, tutorial camera resolution, camera resolution guide, guide camera resolution, camera resolution how to, how to camera resolution, camera resolution vs, vs camera resolution, camera resolution versus, versus camera resolution, camera resolution compared to, compared to camera resolution, camera resolution comparison, comparison camera resolution, camera resolution alternatives, alternatives camera resolution, camera resolution which is better, which is better camera resolution, camera resolution expensive, expensive camera resolution, camera resolution discount, discount camera resolution, camera resolution deals, deals camera resolution, camera resolution sale, sale camera resolution, camera resolution affordable, affordable camera resolution, camera resolution cost, cost camera resolution, camera resolution online, online camera resolution, camera resolution offline, offline camera resolution, camera resolution marketplace, marketplace camera resolution, camera resolution store, store camera resolution, camera resolution shop, shop camera resolution, camera resolution retailer, retailer camera resolution, camera resolution where to buy, where to buy camera resolution, camera resolution worst, worst camera resolution, camera resolution quality, quality camera resolution, camera resolution original, original camera resolution, camera resolution genuine, genuine camera resolution, camera resolution fake, fake camera resolution, camera resolution replica, replica camera resolution, camera resolution authentic, authentic camera resolution, camera resolution brand, brand camera resolution, camera resolution manufacturer, manufacturer camera resolution, camera resolution company, company camera resolution, camera resolution product, product camera resolution, camera resolution nikon product, nikon product camera resolution, camera resolution sell nikon, sell nikon camera resolution, camera resolution buy nikon, buy nikon camera resolution, camera resolution cheap nikon, cheap nikon camera resolution, camera resolution best nikon, best nikon camera resolution, camera resolution nikon review, nikon review camera resolution, camera resolution where to buy nikon, where to buy nikon camera resolution, camera resolution how to choose nikon, how to choose nikon camera resolution, camera resolution top nikon, top nikon camera resolution, camera resolution nikon guide, nikon guide camera resolution, camera resolution nikon for sale, nikon for sale camera resolution, camera resolution nikon deals, nikon deals camera resolution
2025-09-19 09:47:25,681 - INFO - Expanded 220 seed keywords to 385 variations
2025-09-19 09:47:25,681 - INFO - Language: en
2025-09-19 09:47:25,681 - INFO - Region: us
2025-09-19 09:51:55,778 - INFO - 🎯 After all filtering for 'nikon': 120 relevant keywords
2025-09-19 09:51:55,821 - INFO - 🎯 Found 5 new keywords for niche 'nikon': nikon affordable camera resolution, nikon affordable dslr features, cheap alternatives camera resolution, cheap alternatives dslr features, best authentic camera resolution
2025-09-19 09:53:05,843 - INFO - ✅ Niche 'nikon' process complete! 26 total keyword results.
2025-09-19 09:53:05,843 - INFO - ✅ Completed processing niche: 'nikon'
2025-09-19 09:53:05,843 - INFO - 🔧 Request Handler final stats - Success rate: 100.0%
2025-09-19 09:53:05,843 - INFO -    Total requests: 7060, Blocks: 0
2025-09-19 09:53:05,844 - INFO - 
========================================
2025-09-19 09:53:05,844 - INFO - Process Summary:
2025-09-19 09:53:05,844 - INFO - - Current niche: 'nikon'
2025-09-19 09:53:05,844 - INFO - - Next niche will be: 'huawei'
2025-09-19 09:53:05,845 - INFO - - Keywords saved in: languages/english/keywords/nikon/
2025-09-19 09:53:05,845 - INFO - ========================================
