2025-11-16 14:33:24,722 - INFO - Log file created at: /home/runner/work/potensitech.com/potensitech.com/languages/english/keywords/logs/kw_search_20251116_143324.log
2025-11-16 14:33:24,722 - INFO - ============================================================
2025-11-16 14:33:24,722 - INFO - AUTOMATIC KEYWORD RESEARCH TOOL
2025-11-16 14:33:24,722 - INFO - ============================================================
2025-11-16 14:33:24,907 - INFO - ========================================
2025-11-16 14:33:24,907 - INFO - Found 14 niches to process: xiaomi, iphone, samsung, apple, sony, asus, philips, sandisk, intel, nvidia, amd, canon, nikon, huawei
2025-11-16 14:33:24,907 - INFO - ========================================
2025-11-16 14:33:24,908 - INFO - Continuing from last processed niche: samsung
2025-11-16 14:33:24,908 - INFO - ========================================
2025-11-16 14:33:24,908 - INFO - 🎯 PROCESSING NICHE 4/14: 'apple'
2025-11-16 14:33:24,908 - INFO - ========================================
2025-11-16 14:33:24,908 - INFO - 📁 Niche directory: /home/runner/work/potensitech.com/potensitech.com/languages/english/keywords/apple
2025-11-16 14:33:24,908 - INFO - Selected region: us
2025-11-16 14:33:24,908 - INFO - Selected language: en
2025-11-16 14:33:24,908 - INFO - 🎯 Current niche: apple
2025-11-16 14:33:27,650 - INFO - 🎯 Niche terms for filtering: apple, cheap, best, latest, review, price, sell, buy, recommendation, tips, tutorial, guide, how to, vs, versus, compared to, comparison, alternatives, which is better, expensive, discount, deals, sale, affordable, cost, online, offline, marketplace, store, shop, retailer, where to buy, worst, quality, original, genuine, fake, replica, authentic, brand, manufacturer, company, product, apple product, sell apple, buy apple, cheap apple, best apple, apple review, where to buy apple, how to choose apple, top apple, apple guide, apple for sale, apple deals
2025-11-16 14:33:27,651 - INFO - Generated 50 niche-clue pairs for 'apple'.
2025-11-16 14:33:27,654 - INFO - Expanded 50 seed keywords to 218 variations
2025-11-16 14:33:27,654 - INFO - 🔧 Request Handler initialized - Success rate: 100.0%
2025-11-16 14:37:50,420 - INFO - Original clue keywords: camera lenses, processor speed
2025-11-16 14:37:50,420 - INFO - Niche-focused seeds: camera lenses apple, apple camera lenses, camera lenses cheap, cheap camera lenses, camera lenses best, best camera lenses, camera lenses latest, latest camera lenses, camera lenses review, review camera lenses, camera lenses price, price camera lenses, camera lenses sell, sell camera lenses, camera lenses buy, buy camera lenses, camera lenses recommendation, recommendation camera lenses, camera lenses tips, tips camera lenses, camera lenses tutorial, tutorial camera lenses, camera lenses guide, guide camera lenses, camera lenses how to, how to camera lenses, camera lenses vs, vs camera lenses, camera lenses versus, versus camera lenses, camera lenses compared to, compared to camera lenses, camera lenses comparison, comparison camera lenses, camera lenses alternatives, alternatives camera lenses, camera lenses which is better, which is better camera lenses, camera lenses expensive, expensive camera lenses, camera lenses discount, discount camera lenses, camera lenses deals, deals camera lenses, camera lenses sale, sale camera lenses, camera lenses affordable, affordable camera lenses, camera lenses cost, cost camera lenses, camera lenses online, online camera lenses, camera lenses offline, offline camera lenses, camera lenses marketplace, marketplace camera lenses, camera lenses store, store camera lenses, camera lenses shop, shop camera lenses, camera lenses retailer, retailer camera lenses, camera lenses where to buy, where to buy camera lenses, camera lenses worst, worst camera lenses, camera lenses quality, quality camera lenses, camera lenses original, original camera lenses, camera lenses genuine, genuine camera lenses, camera lenses fake, fake camera lenses, camera lenses replica, replica camera lenses, camera lenses authentic, authentic camera lenses, camera lenses brand, brand camera lenses, camera lenses manufacturer, manufacturer camera lenses, camera lenses company, company camera lenses, camera lenses product, product camera lenses, camera lenses apple product, apple product camera lenses, camera lenses sell apple, sell apple camera lenses, camera lenses buy apple, buy apple camera lenses, camera lenses cheap apple, cheap apple camera lenses, camera lenses best apple, best apple camera lenses, camera lenses apple review, apple review camera lenses, camera lenses where to buy apple, where to buy apple camera lenses, camera lenses how to choose apple, how to choose apple camera lenses, camera lenses top apple, top apple camera lenses, camera lenses apple guide, apple guide camera lenses, camera lenses apple for sale, apple for sale camera lenses, camera lenses apple deals, apple deals camera lenses, processor speed apple, apple processor speed, processor speed cheap, cheap processor speed, processor speed best, best processor speed, processor speed latest, latest processor speed, processor speed review, review processor speed, processor speed price, price processor speed, processor speed sell, sell processor speed, processor speed buy, buy processor speed, processor speed recommendation, recommendation processor speed, processor speed tips, tips processor speed, processor speed tutorial, tutorial processor speed, processor speed guide, guide processor speed, processor speed how to, how to processor speed, processor speed vs, vs processor speed, processor speed versus, versus processor speed, processor speed compared to, compared to processor speed, processor speed comparison, comparison processor speed, processor speed alternatives, alternatives processor speed, processor speed which is better, which is better processor speed, processor speed expensive, expensive processor speed, processor speed discount, discount processor speed, processor speed deals, deals processor speed, processor speed sale, sale processor speed, processor speed affordable, affordable processor speed, processor speed cost, cost processor speed, processor speed online, online processor speed, processor speed offline, offline processor speed, processor speed marketplace, marketplace processor speed, processor speed store, store processor speed, processor speed shop, shop processor speed, processor speed retailer, retailer processor speed, processor speed where to buy, where to buy processor speed, processor speed worst, worst processor speed, processor speed quality, quality processor speed, processor speed original, original processor speed, processor speed genuine, genuine processor speed, processor speed fake, fake processor speed, processor speed replica, replica processor speed, processor speed authentic, authentic processor speed, processor speed brand, brand processor speed, processor speed manufacturer, manufacturer processor speed, processor speed company, company processor speed, processor speed product, product processor speed, processor speed apple product, apple product processor speed, processor speed sell apple, sell apple processor speed, processor speed buy apple, buy apple processor speed, processor speed cheap apple, cheap apple processor speed, processor speed best apple, best apple processor speed, processor speed apple review, apple review processor speed, processor speed where to buy apple, where to buy apple processor speed, processor speed how to choose apple, how to choose apple processor speed, processor speed top apple, top apple processor speed, processor speed apple guide, apple guide processor speed, processor speed apple for sale, apple for sale processor speed, processor speed apple deals, apple deals processor speed
2025-11-16 14:37:50,423 - INFO - Expanded 220 seed keywords to 385 variations
2025-11-16 14:37:50,423 - INFO - Language: en
2025-11-16 14:37:50,423 - INFO - Region: us
2025-11-16 14:38:25,274 - INFO - 🎯 After all filtering for 'apple': 120 relevant keywords
2025-11-16 14:38:25,567 - INFO - 🎯 Found 2 new keywords for niche 'apple': apple affordable camera lenses, apple affordable processor speed
2025-11-16 14:38:29,412 - INFO - ✅ Niche 'apple' process complete! 181 total keyword results.
2025-11-16 14:38:29,413 - INFO - ✅ Completed processing niche: 'apple'
2025-11-16 14:38:29,413 - INFO - 🔧 Request Handler final stats - Success rate: 100.0%
2025-11-16 14:38:29,413 - INFO -    Total requests: 43831, Blocks: 0
2025-11-16 14:38:29,414 - INFO - 
========================================
2025-11-16 14:38:29,414 - INFO - Process Summary:
2025-11-16 14:38:29,414 - INFO - - Current niche: 'apple'
2025-11-16 14:38:29,414 - INFO - - Next niche will be: 'sony'
2025-11-16 14:38:29,414 - INFO - - Keywords saved in: languages/english/keywords/apple/
2025-11-16 14:38:29,414 - INFO - ========================================
