2026-01-01 12:36:50,814 - INFO - Log file created at: /home/runner/work/potensitech.com/potensitech.com/languages/english/keywords/logs/kw_search_20260101_123650.log
2026-01-01 12:36:50,814 - INFO - ============================================================
2026-01-01 12:36:50,814 - INFO - AUTOMATIC KEYWORD RESEARCH TOOL
2026-01-01 12:36:50,814 - INFO - ============================================================
2026-01-01 12:36:51,027 - INFO - ========================================
2026-01-01 12:36:51,027 - INFO - Found 14 niches to process: xiaomi, iphone, samsung, apple, sony, asus, philips, sandisk, intel, nvidia, amd, canon, nikon, huawei
2026-01-01 12:36:51,027 - INFO - ========================================
2026-01-01 12:36:51,027 - INFO - All niches completed, starting over
2026-01-01 12:36:51,027 - INFO - ========================================
2026-01-01 12:36:51,027 - INFO - 🎯 PROCESSING NICHE 1/14: 'xiaomi'
2026-01-01 12:36:51,027 - INFO - ========================================
2026-01-01 12:36:51,027 - INFO - 📁 Niche directory: /home/runner/work/potensitech.com/potensitech.com/languages/english/keywords/xiaomi
2026-01-01 12:36:51,028 - INFO - Selected region: us
2026-01-01 12:36:51,028 - INFO - Selected language: en
2026-01-01 12:36:51,028 - INFO - 🎯 Current niche: xiaomi
2026-01-01 12:36:53,823 - INFO - 🎯 Niche terms for filtering: xiaomi, cheap, best, latest, review, price, sell, buy, recommendation, tips, tutorial, guide, how to, vs, versus, compared to, comparison, alternatives, which is better, expensive, discount, deals, sale, affordable, cost, online, offline, marketplace, store, shop, retailer, where to buy, worst, quality, original, genuine, fake, replica, authentic, brand, manufacturer, company, product, xiaomi product, sell xiaomi, buy xiaomi, cheap xiaomi, best xiaomi, xiaomi review, where to buy xiaomi, how to choose xiaomi, top xiaomi, xiaomi guide, xiaomi for sale, xiaomi deals
2026-01-01 12:36:53,823 - INFO - Generated 50 niche-clue pairs for 'xiaomi'.
2026-01-01 12:36:53,826 - INFO - Expanded 50 seed keywords to 218 variations
2026-01-01 12:36:53,826 - INFO - 🔧 Request Handler initialized - Success rate: 100.0%
2026-01-01 12:41:20,982 - INFO - Original clue keywords: camera lenses, chipset compatibility
2026-01-01 12:41:20,982 - INFO - Niche-focused seeds: camera lenses xiaomi, xiaomi camera lenses, camera lenses cheap, cheap camera lenses, camera lenses best, best camera lenses, camera lenses latest, latest camera lenses, camera lenses review, review camera lenses, camera lenses price, price camera lenses, camera lenses sell, sell camera lenses, camera lenses buy, buy camera lenses, camera lenses recommendation, recommendation camera lenses, camera lenses tips, tips camera lenses, camera lenses tutorial, tutorial camera lenses, camera lenses guide, guide camera lenses, camera lenses how to, how to camera lenses, camera lenses vs, vs camera lenses, camera lenses versus, versus camera lenses, camera lenses compared to, compared to camera lenses, camera lenses comparison, comparison camera lenses, camera lenses alternatives, alternatives camera lenses, camera lenses which is better, which is better camera lenses, camera lenses expensive, expensive camera lenses, camera lenses discount, discount camera lenses, camera lenses deals, deals camera lenses, camera lenses sale, sale camera lenses, camera lenses affordable, affordable camera lenses, camera lenses cost, cost camera lenses, camera lenses online, online camera lenses, camera lenses offline, offline camera lenses, camera lenses marketplace, marketplace camera lenses, camera lenses store, store camera lenses, camera lenses shop, shop camera lenses, camera lenses retailer, retailer camera lenses, camera lenses where to buy, where to buy camera lenses, camera lenses worst, worst camera lenses, camera lenses quality, quality camera lenses, camera lenses original, original camera lenses, camera lenses genuine, genuine camera lenses, camera lenses fake, fake camera lenses, camera lenses replica, replica camera lenses, camera lenses authentic, authentic camera lenses, camera lenses brand, brand camera lenses, camera lenses manufacturer, manufacturer camera lenses, camera lenses company, company camera lenses, camera lenses product, product camera lenses, camera lenses xiaomi product, xiaomi product camera lenses, camera lenses sell xiaomi, sell xiaomi camera lenses, camera lenses buy xiaomi, buy xiaomi camera lenses, camera lenses cheap xiaomi, cheap xiaomi camera lenses, camera lenses best xiaomi, best xiaomi camera lenses, camera lenses xiaomi review, xiaomi review camera lenses, camera lenses where to buy xiaomi, where to buy xiaomi camera lenses, camera lenses how to choose xiaomi, how to choose xiaomi camera lenses, camera lenses top xiaomi, top xiaomi camera lenses, camera lenses xiaomi guide, xiaomi guide camera lenses, camera lenses xiaomi for sale, xiaomi for sale camera lenses, camera lenses xiaomi deals, xiaomi deals camera lenses, chipset compatibility xiaomi, xiaomi chipset compatibility, chipset compatibility cheap, cheap chipset compatibility, chipset compatibility best, best chipset compatibility, chipset compatibility latest, latest chipset compatibility, chipset compatibility review, review chipset compatibility, chipset compatibility price, price chipset compatibility, chipset compatibility sell, sell chipset compatibility, chipset compatibility buy, buy chipset compatibility, chipset compatibility recommendation, recommendation chipset compatibility, chipset compatibility tips, tips chipset compatibility, chipset compatibility tutorial, tutorial chipset compatibility, chipset compatibility guide, guide chipset compatibility, chipset compatibility how to, how to chipset compatibility, chipset compatibility vs, vs chipset compatibility, chipset compatibility versus, versus chipset compatibility, chipset compatibility compared to, compared to chipset compatibility, chipset compatibility comparison, comparison chipset compatibility, chipset compatibility alternatives, alternatives chipset compatibility, chipset compatibility which is better, which is better chipset compatibility, chipset compatibility expensive, expensive chipset compatibility, chipset compatibility discount, discount chipset compatibility, chipset compatibility deals, deals chipset compatibility, chipset compatibility sale, sale chipset compatibility, chipset compatibility affordable, affordable chipset compatibility, chipset compatibility cost, cost chipset compatibility, chipset compatibility online, online chipset compatibility, chipset compatibility offline, offline chipset compatibility, chipset compatibility marketplace, marketplace chipset compatibility, chipset compatibility store, store chipset compatibility, chipset compatibility shop, shop chipset compatibility, chipset compatibility retailer, retailer chipset compatibility, chipset compatibility where to buy, where to buy chipset compatibility, chipset compatibility worst, worst chipset compatibility, chipset compatibility quality, quality chipset compatibility, chipset compatibility original, original chipset compatibility, chipset compatibility genuine, genuine chipset compatibility, chipset compatibility fake, fake chipset compatibility, chipset compatibility replica, replica chipset compatibility, chipset compatibility authentic, authentic chipset compatibility, chipset compatibility brand, brand chipset compatibility, chipset compatibility manufacturer, manufacturer chipset compatibility, chipset compatibility company, company chipset compatibility, chipset compatibility product, product chipset compatibility, chipset compatibility xiaomi product, xiaomi product chipset compatibility, chipset compatibility sell xiaomi, sell xiaomi chipset compatibility, chipset compatibility buy xiaomi, buy xiaomi chipset compatibility, chipset compatibility cheap xiaomi, cheap xiaomi chipset compatibility, chipset compatibility best xiaomi, best xiaomi chipset compatibility, chipset compatibility xiaomi review, xiaomi review chipset compatibility, chipset compatibility where to buy xiaomi, where to buy xiaomi chipset compatibility, chipset compatibility how to choose xiaomi, how to choose xiaomi chipset compatibility, chipset compatibility top xiaomi, top xiaomi chipset compatibility, chipset compatibility xiaomi guide, xiaomi guide chipset compatibility, chipset compatibility xiaomi for sale, xiaomi for sale chipset compatibility, chipset compatibility xiaomi deals, xiaomi deals chipset compatibility
2026-01-01 12:41:20,986 - INFO - Expanded 220 seed keywords to 385 variations
2026-01-01 12:41:20,986 - INFO - Language: en
2026-01-01 12:41:20,986 - INFO - Region: us
2026-01-01 12:41:52,223 - INFO - 🎯 After all filtering for 'xiaomi': 120 relevant keywords
2026-01-01 12:41:53,533 - INFO - 🎯 Found 2 new keywords for niche 'xiaomi': xiaomi affordable camera lenses, xiaomi affordable chipset compatibility
2026-01-01 12:42:00,583 - INFO - ✅ Niche 'xiaomi' process complete! 356 total keyword results.
2026-01-01 12:42:00,583 - INFO - ✅ Completed processing niche: 'xiaomi'
2026-01-01 12:42:00,584 - INFO - 🔧 Request Handler final stats - Success rate: 100.0%
2026-01-01 12:42:00,584 - INFO -    Total requests: 65094, Blocks: 0
2026-01-01 12:42:00,585 - INFO - 
========================================
2026-01-01 12:42:00,585 - INFO - Process Summary:
2026-01-01 12:42:00,585 - INFO - - Current niche: 'xiaomi'
2026-01-01 12:42:00,585 - INFO - - Next niche will be: 'iphone'
2026-01-01 12:42:00,585 - INFO - - Keywords saved in: languages/english/keywords/xiaomi/
2026-01-01 12:42:00,585 - INFO - ========================================
