2025-10-03 16:53:08,091 - INFO - Log file created at: /home/runner/work/potensitech.com/potensitech.com/languages/english/keywords/logs/kw_search_20251003_165308.log
2025-10-03 16:53:08,091 - INFO - ============================================================
2025-10-03 16:53:08,091 - INFO - AUTOMATIC KEYWORD RESEARCH TOOL
2025-10-03 16:53:08,091 - INFO - ============================================================
2025-10-03 16:53:08,231 - INFO - ========================================
2025-10-03 16:53:08,231 - INFO - Found 14 niches to process: xiaomi, iphone, samsung, apple, sony, asus, philips, sandisk, intel, nvidia, amd, canon, nikon, huawei
2025-10-03 16:53:08,231 - INFO - ========================================
2025-10-03 16:53:08,231 - INFO - Continuing from last processed niche: xiaomi
2025-10-03 16:53:08,231 - INFO - ========================================
2025-10-03 16:53:08,231 - INFO - 🎯 PROCESSING NICHE 2/14: 'iphone'
2025-10-03 16:53:08,231 - INFO - ========================================
2025-10-03 16:53:08,231 - INFO - 📁 Niche directory: /home/runner/work/potensitech.com/potensitech.com/languages/english/keywords/iphone
2025-10-03 16:53:08,232 - INFO - Selected region: us
2025-10-03 16:53:08,232 - INFO - Selected language: en
2025-10-03 16:53:08,232 - INFO - 🎯 Current niche: iphone
2025-10-03 16:53:10,696 - INFO - 🎯 Niche terms for filtering: iphone, cheap, best, latest, review, price, sell, buy, recommendation, tips, tutorial, guide, how to, vs, versus, compared to, comparison, alternatives, which is better, expensive, discount, deals, sale, affordable, cost, online, offline, marketplace, store, shop, retailer, where to buy, worst, quality, original, genuine, fake, replica, authentic, brand, manufacturer, company, product, iphone product, sell iphone, buy iphone, cheap iphone, best iphone, iphone review, where to buy iphone, how to choose iphone, top iphone, iphone guide, iphone for sale, iphone deals
2025-10-03 16:53:10,696 - INFO - Generated 50 niche-clue pairs for 'iphone'.
2025-10-03 16:53:10,699 - INFO - Expanded 50 seed keywords to 218 variations
2025-10-03 16:53:10,699 - INFO - 🔧 Request Handler initialized - Success rate: 100.0%
2025-10-03 16:57:30,274 - INFO - Original clue keywords: dslr quality, image quality
2025-10-03 16:57:30,274 - INFO - Niche-focused seeds: dslr quality, image quality
2025-10-03 16:57:30,277 - INFO - Expanded 2 seed keywords to 32 variations
2025-10-03 16:57:30,277 - INFO - Language: en
2025-10-03 16:57:30,277 - INFO - Region: us
2025-10-03 17:01:24,136 - INFO - 🎯 After all filtering for 'iphone': 120 relevant keywords
2025-10-03 17:01:24,169 - INFO - 🎯 Found 5 new keywords for niche 'iphone': iphone dslr quality, cheap dslr quality, best dslr quality, iphone image quality, cheap image quality
2025-10-03 17:01:31,774 - INFO - ✅ Niche 'iphone' process complete! 121 total keyword results.
2025-10-03 17:01:31,774 - INFO - ✅ Completed processing niche: 'iphone'
2025-10-03 17:01:31,774 - INFO - 🔧 Request Handler final stats - Success rate: 100.0%
2025-10-03 17:01:31,774 - INFO -    Total requests: 17884, Blocks: 0
2025-10-03 17:01:31,775 - INFO - 
========================================
2025-10-03 17:01:31,776 - INFO - Process Summary:
2025-10-03 17:01:31,776 - INFO - - Current niche: 'iphone'
2025-10-03 17:01:31,776 - INFO - - Next niche will be: 'samsung'
2025-10-03 17:01:31,776 - INFO - - Keywords saved in: languages/english/keywords/iphone/
2025-10-03 17:01:31,776 - INFO - ========================================
