2025-09-26 09:42:42,333 - INFO - Log file created at: /home/runner/work/potensitech.com/potensitech.com/languages/english/keywords/logs/kw_search_20250926_094242.log
2025-09-26 09:42:42,333 - INFO - ============================================================
2025-09-26 09:42:42,333 - INFO - AUTOMATIC KEYWORD RESEARCH TOOL
2025-09-26 09:42:42,333 - INFO - ============================================================
2025-09-26 09:42:42,450 - INFO - ========================================
2025-09-26 09:42:42,450 - INFO - Found 14 niches to process: xiaomi, iphone, samsung, apple, sony, asus, philips, sandisk, intel, nvidia, amd, canon, nikon, huawei
2025-09-26 09:42:42,450 - INFO - ========================================
2025-09-26 09:42:42,450 - INFO - Continuing from last processed niche: canon
2025-09-26 09:42:42,450 - INFO - ========================================
2025-09-26 09:42:42,450 - INFO - 🎯 PROCESSING NICHE 13/14: 'nikon'
2025-09-26 09:42:42,450 - INFO - ========================================
2025-09-26 09:42:42,450 - INFO - 📁 Niche directory: /home/runner/work/potensitech.com/potensitech.com/languages/english/keywords/nikon
2025-09-26 09:42:42,450 - INFO - Selected region: us
2025-09-26 09:42:42,450 - INFO - Selected language: en
2025-09-26 09:42:42,451 - INFO - 🎯 Current niche: nikon
2025-09-26 09:42:45,994 - INFO - 🎯 Niche terms for filtering: nikon, cheap, best, latest, review, price, sell, buy, recommendation, tips, tutorial, guide, how to, vs, versus, compared to, comparison, alternatives, which is better, expensive, discount, deals, sale, affordable, cost, online, offline, marketplace, store, shop, retailer, where to buy, worst, quality, original, genuine, fake, replica, authentic, brand, manufacturer, company, product, nikon product, sell nikon, buy nikon, cheap nikon, best nikon, nikon review, where to buy nikon, how to choose nikon, top nikon, nikon guide, nikon for sale, nikon deals
2025-09-26 09:42:45,994 - INFO - Generated 50 niche-clue pairs for 'nikon'.
2025-09-26 09:42:45,997 - INFO - Expanded 50 seed keywords to 218 variations
2025-09-26 09:42:45,998 - INFO - 🔧 Request Handler initialized - Success rate: 100.0%
2025-09-26 09:47:09,622 - INFO - Original clue keywords: camera quality, dslr settings
2025-09-26 09:47:09,622 - INFO - Niche-focused seeds: camera quality, dslr settings nikon, nikon dslr settings, dslr settings cheap, cheap dslr settings, dslr settings best, best dslr settings, dslr settings latest, latest dslr settings, dslr settings review, review dslr settings, dslr settings price, price dslr settings, dslr settings sell, sell dslr settings, dslr settings buy, buy dslr settings, dslr settings recommendation, recommendation dslr settings, dslr settings tips, tips dslr settings, dslr settings tutorial, tutorial dslr settings, dslr settings guide, guide dslr settings, dslr settings how to, how to dslr settings, dslr settings vs, vs dslr settings, dslr settings versus, versus dslr settings, dslr settings compared to, compared to dslr settings, dslr settings comparison, comparison dslr settings, dslr settings alternatives, alternatives dslr settings, dslr settings which is better, which is better dslr settings, dslr settings expensive, expensive dslr settings, dslr settings discount, discount dslr settings, dslr settings deals, deals dslr settings, dslr settings sale, sale dslr settings, dslr settings affordable, affordable dslr settings, dslr settings cost, cost dslr settings, dslr settings online, online dslr settings, dslr settings offline, offline dslr settings, dslr settings marketplace, marketplace dslr settings, dslr settings store, store dslr settings, dslr settings shop, shop dslr settings, dslr settings retailer, retailer dslr settings, dslr settings where to buy, where to buy dslr settings, dslr settings worst, worst dslr settings, dslr settings quality, quality dslr settings, dslr settings original, original dslr settings, dslr settings genuine, genuine dslr settings, dslr settings fake, fake dslr settings, dslr settings replica, replica dslr settings, dslr settings authentic, authentic dslr settings, dslr settings brand, brand dslr settings, dslr settings manufacturer, manufacturer dslr settings, dslr settings company, company dslr settings, dslr settings product, product dslr settings, dslr settings nikon product, nikon product dslr settings, dslr settings sell nikon, sell nikon dslr settings, dslr settings buy nikon, buy nikon dslr settings, dslr settings cheap nikon, cheap nikon dslr settings, dslr settings best nikon, best nikon dslr settings, dslr settings nikon review, nikon review dslr settings, dslr settings where to buy nikon, where to buy nikon dslr settings, dslr settings how to choose nikon, how to choose nikon dslr settings, dslr settings top nikon, top nikon dslr settings, dslr settings nikon guide, nikon guide dslr settings, dslr settings nikon for sale, nikon for sale dslr settings, dslr settings nikon deals, nikon deals dslr settings
2025-09-26 09:47:09,625 - INFO - Expanded 111 seed keywords to 276 variations
2025-09-26 09:47:09,625 - INFO - Language: en
2025-09-26 09:47:09,625 - INFO - Region: us
2025-09-26 09:49:26,439 - INFO - 🎯 After all filtering for 'nikon': 120 relevant keywords
2025-09-26 09:49:26,454 - INFO - 🎯 Found 5 new keywords for niche 'nikon': nikon camera quality, cheap camera quality, best camera quality, how to camera quality, nikon affordable dslr settings
2025-09-26 09:49:37,010 - INFO - ✅ Niche 'nikon' process complete! 62 total keyword results.
2025-09-26 09:49:37,010 - INFO - ✅ Completed processing niche: 'nikon'
2025-09-26 09:49:37,010 - INFO - 🔧 Request Handler final stats - Success rate: 100.0%
2025-09-26 09:49:37,010 - INFO -    Total requests: 12850, Blocks: 0
2025-09-26 09:49:37,011 - INFO - 
========================================
2025-09-26 09:49:37,012 - INFO - Process Summary:
2025-09-26 09:49:37,012 - INFO - - Current niche: 'nikon'
2025-09-26 09:49:37,012 - INFO - - Next niche will be: 'huawei'
2025-09-26 09:49:37,012 - INFO - - Keywords saved in: languages/english/keywords/nikon/
2025-09-26 09:49:37,012 - INFO - ========================================
