2025-09-23 14:38:03,001 - INFO - Log file created at: /home/runner/work/potensitech.com/potensitech.com/languages/english/keywords/logs/kw_search_20250923_143803.log
2025-09-23 14:38:03,001 - INFO - ============================================================
2025-09-23 14:38:03,001 - INFO - AUTOMATIC KEYWORD RESEARCH TOOL
2025-09-23 14:38:03,001 - INFO - ============================================================
2025-09-23 14:38:03,126 - INFO - ========================================
2025-09-23 14:38:03,126 - INFO - Found 14 niches to process: xiaomi, iphone, samsung, apple, sony, asus, philips, sandisk, intel, nvidia, amd, canon, nikon, huawei
2025-09-23 14:38:03,126 - INFO - ========================================
2025-09-23 14:38:03,127 - INFO - Continuing from last processed niche: canon
2025-09-23 14:38:03,127 - INFO - ========================================
2025-09-23 14:38:03,127 - INFO - 🎯 PROCESSING NICHE 13/14: 'nikon'
2025-09-23 14:38:03,127 - INFO - ========================================
2025-09-23 14:38:03,127 - INFO - 📁 Niche directory: /home/runner/work/potensitech.com/potensitech.com/languages/english/keywords/nikon
2025-09-23 14:38:03,127 - INFO - Selected region: us
2025-09-23 14:38:03,127 - INFO - Selected language: en
2025-09-23 14:38:03,127 - INFO - 🎯 Current niche: nikon
2025-09-23 14:38:47,738 - INFO - 🎯 Niche terms for filtering: nikon, cheap, best, latest, review, price, sell, buy, recommendation, tips, tutorial, guide, how to, vs, versus, compared to, comparison, alternatives, which is better, expensive, discount, deals, sale, affordable, cost, online, offline, marketplace, store, shop, retailer, where to buy, worst, quality, original, genuine, fake, replica, authentic, brand, manufacturer, company, product, nikon product, sell nikon, buy nikon, cheap nikon, best nikon, nikon review, where to buy nikon, how to choose nikon, top nikon, nikon guide, nikon for sale, nikon deals
2025-09-23 14:38:47,738 - INFO - Generated 50 niche-clue pairs for 'nikon'.
2025-09-23 14:38:47,744 - INFO - Expanded 50 seed keywords to 218 variations
2025-09-23 14:38:47,744 - INFO - 🔧 Request Handler initialized - Success rate: 100.0%
2025-09-23 14:43:08,919 - INFO - Original clue keywords: ray tracing, ai rendering
2025-09-23 14:43:08,919 - INFO - Niche-focused seeds: ray tracing nikon, nikon ray tracing, ray tracing cheap, cheap ray tracing, ray tracing best, best ray tracing, ray tracing latest, latest ray tracing, ray tracing review, review ray tracing, ray tracing price, price ray tracing, ray tracing sell, sell ray tracing, ray tracing buy, buy ray tracing, ray tracing recommendation, recommendation ray tracing, ray tracing tips, tips ray tracing, ray tracing tutorial, tutorial ray tracing, ray tracing guide, guide ray tracing, ray tracing how to, how to ray tracing, ray tracing vs, vs ray tracing, ray tracing versus, versus ray tracing, ray tracing compared to, compared to ray tracing, ray tracing comparison, comparison ray tracing, ray tracing alternatives, alternatives ray tracing, ray tracing which is better, which is better ray tracing, ray tracing expensive, expensive ray tracing, ray tracing discount, discount ray tracing, ray tracing deals, deals ray tracing, ray tracing sale, sale ray tracing, ray tracing affordable, affordable ray tracing, ray tracing cost, cost ray tracing, ray tracing online, online ray tracing, ray tracing offline, offline ray tracing, ray tracing marketplace, marketplace ray tracing, ray tracing store, store ray tracing, ray tracing shop, shop ray tracing, ray tracing retailer, retailer ray tracing, ray tracing where to buy, where to buy ray tracing, ray tracing worst, worst ray tracing, ray tracing quality, quality ray tracing, ray tracing original, original ray tracing, ray tracing genuine, genuine ray tracing, ray tracing fake, fake ray tracing, ray tracing replica, replica ray tracing, ray tracing authentic, authentic ray tracing, ray tracing brand, brand ray tracing, ray tracing manufacturer, manufacturer ray tracing, ray tracing company, company ray tracing, ray tracing product, product ray tracing, ray tracing nikon product, nikon product ray tracing, ray tracing sell nikon, sell nikon ray tracing, ray tracing buy nikon, buy nikon ray tracing, ray tracing cheap nikon, cheap nikon ray tracing, ray tracing best nikon, best nikon ray tracing, ray tracing nikon review, nikon review ray tracing, ray tracing where to buy nikon, where to buy nikon ray tracing, ray tracing how to choose nikon, how to choose nikon ray tracing, ray tracing top nikon, top nikon ray tracing, ray tracing nikon guide, nikon guide ray tracing, ray tracing nikon for sale, nikon for sale ray tracing, ray tracing nikon deals, nikon deals ray tracing, ai rendering nikon, nikon ai rendering, ai rendering cheap, cheap ai rendering, ai rendering best, best ai rendering, ai rendering latest, latest ai rendering, ai rendering review, review ai rendering, ai rendering price, price ai rendering, ai rendering sell, sell ai rendering, ai rendering buy, buy ai rendering, ai rendering recommendation, recommendation ai rendering, ai rendering tips, tips ai rendering, ai rendering tutorial, tutorial ai rendering, ai rendering guide, guide ai rendering, ai rendering how to, how to ai rendering, ai rendering vs, vs ai rendering, ai rendering versus, versus ai rendering, ai rendering compared to, compared to ai rendering, ai rendering comparison, comparison ai rendering, ai rendering alternatives, alternatives ai rendering, ai rendering which is better, which is better ai rendering, ai rendering expensive, expensive ai rendering, ai rendering discount, discount ai rendering, ai rendering deals, deals ai rendering, ai rendering sale, sale ai rendering, ai rendering affordable, affordable ai rendering, ai rendering cost, cost ai rendering, ai rendering online, online ai rendering, ai rendering offline, offline ai rendering, ai rendering marketplace, marketplace ai rendering, ai rendering store, store ai rendering, ai rendering shop, shop ai rendering, ai rendering retailer, retailer ai rendering, ai rendering where to buy, where to buy ai rendering, ai rendering worst, worst ai rendering, ai rendering quality, quality ai rendering, ai rendering original, original ai rendering, ai rendering genuine, genuine ai rendering, ai rendering fake, fake ai rendering, ai rendering replica, replica ai rendering, ai rendering authentic, authentic ai rendering, ai rendering brand, brand ai rendering, ai rendering manufacturer, manufacturer ai rendering, ai rendering company, company ai rendering, ai rendering product, product ai rendering, ai rendering nikon product, nikon product ai rendering, ai rendering sell nikon, sell nikon ai rendering, ai rendering buy nikon, buy nikon ai rendering, ai rendering cheap nikon, cheap nikon ai rendering, ai rendering best nikon, best nikon ai rendering, ai rendering nikon review, nikon review ai rendering, ai rendering where to buy nikon, where to buy nikon ai rendering, ai rendering how to choose nikon, how to choose nikon ai rendering, ai rendering top nikon, top nikon ai rendering, ai rendering nikon guide, nikon guide ai rendering, ai rendering nikon for sale, nikon for sale ai rendering, ai rendering nikon deals, nikon deals ai rendering
2025-09-23 14:43:08,922 - INFO - Expanded 220 seed keywords to 385 variations
2025-09-23 14:43:08,922 - INFO - Language: en
2025-09-23 14:43:08,922 - INFO - Region: us
2025-09-23 14:47:20,132 - INFO - 🎯 After all filtering for 'nikon': 120 relevant keywords
2025-09-23 14:47:20,233 - INFO - 🎯 Found 5 new keywords for niche 'nikon': nikon affordable ai rendering, nikon affordable ray tracing, cheap ai rendering alternatives, best ai rendering authentic, how to ai rendering brand
2025-09-23 14:48:23,998 - INFO - ✅ Niche 'nikon' process complete! 47 total keyword results.
2025-09-23 14:48:23,998 - INFO - ✅ Completed processing niche: 'nikon'
2025-09-23 14:48:23,998 - INFO - 🔧 Request Handler final stats - Success rate: 100.0%
2025-09-23 14:48:23,998 - INFO -    Total requests: 10651, Blocks: 0
2025-09-23 14:48:23,999 - INFO - 
========================================
2025-09-23 14:48:24,000 - INFO - Process Summary:
2025-09-23 14:48:24,000 - INFO - - Current niche: 'nikon'
2025-09-23 14:48:24,000 - INFO - - Next niche will be: 'huawei'
2025-09-23 14:48:24,000 - INFO - - Keywords saved in: languages/english/keywords/nikon/
2025-09-23 14:48:24,000 - INFO - ========================================
