2025-12-19 12:35:25,692 - INFO - Log file created at: /home/runner/work/potensitech.com/potensitech.com/languages/english/keywords/logs/kw_search_20251219_123525.log
2025-12-19 12:35:25,692 - INFO - ============================================================
2025-12-19 12:35:25,692 - INFO - AUTOMATIC KEYWORD RESEARCH TOOL
2025-12-19 12:35:25,692 - INFO - ============================================================
2025-12-19 12:35:25,889 - INFO - ========================================
2025-12-19 12:35:25,889 - INFO - Found 14 niches to process: xiaomi, iphone, samsung, apple, sony, asus, philips, sandisk, intel, nvidia, amd, canon, nikon, huawei
2025-12-19 12:35:25,889 - INFO - ========================================
2025-12-19 12:35:25,890 - INFO - Continuing from last processed niche: nvidia
2025-12-19 12:35:25,890 - INFO - ========================================
2025-12-19 12:35:25,890 - INFO - 🎯 PROCESSING NICHE 11/14: 'amd'
2025-12-19 12:35:25,890 - INFO - ========================================
2025-12-19 12:35:25,890 - INFO - 📁 Niche directory: /home/runner/work/potensitech.com/potensitech.com/languages/english/keywords/amd
2025-12-19 12:35:25,890 - INFO - Selected region: us
2025-12-19 12:35:25,890 - INFO - Selected language: en
2025-12-19 12:35:25,890 - INFO - 🎯 Current niche: amd
2025-12-19 12:35:29,054 - INFO - 🎯 Niche terms for filtering: amd, cheap, best, latest, review, price, sell, buy, recommendation, tips, tutorial, guide, how to, vs, versus, compared to, comparison, alternatives, which is better, expensive, discount, deals, sale, affordable, cost, online, offline, marketplace, store, shop, retailer, where to buy, worst, quality, original, genuine, fake, replica, authentic, brand, manufacturer, company, product, amd product, sell amd, buy amd, cheap amd, best amd, amd review, where to buy amd, how to choose amd, top amd, amd guide, amd for sale, amd deals
2025-12-19 12:35:29,054 - INFO - Generated 50 niche-clue pairs for 'amd'.
2025-12-19 12:35:29,057 - INFO - Expanded 50 seed keywords to 218 variations
2025-12-19 12:35:29,058 - INFO - 🔧 Request Handler initialized - Success rate: 100.0%
2025-12-19 12:39:52,703 - INFO - Original clue keywords: processor speed, chipset compatibility
2025-12-19 12:39:52,703 - INFO - Niche-focused seeds: processor speed amd, amd processor speed, processor speed cheap, cheap processor speed, processor speed best, best processor speed, processor speed latest, latest processor speed, processor speed review, review processor speed, processor speed price, price processor speed, processor speed sell, sell processor speed, processor speed buy, buy processor speed, processor speed recommendation, recommendation processor speed, processor speed tips, tips processor speed, processor speed tutorial, tutorial processor speed, processor speed guide, guide processor speed, processor speed how to, how to processor speed, processor speed vs, vs processor speed, processor speed versus, versus processor speed, processor speed compared to, compared to processor speed, processor speed comparison, comparison processor speed, processor speed alternatives, alternatives processor speed, processor speed which is better, which is better processor speed, processor speed expensive, expensive processor speed, processor speed discount, discount processor speed, processor speed deals, deals processor speed, processor speed sale, sale processor speed, processor speed affordable, affordable processor speed, processor speed cost, cost processor speed, processor speed online, online processor speed, processor speed offline, offline processor speed, processor speed marketplace, marketplace processor speed, processor speed store, store processor speed, processor speed shop, shop processor speed, processor speed retailer, retailer processor speed, processor speed where to buy, where to buy processor speed, processor speed worst, worst processor speed, processor speed quality, quality processor speed, processor speed original, original processor speed, processor speed genuine, genuine processor speed, processor speed fake, fake processor speed, processor speed replica, replica processor speed, processor speed authentic, authentic processor speed, processor speed brand, brand processor speed, processor speed manufacturer, manufacturer processor speed, processor speed company, company processor speed, processor speed product, product processor speed, processor speed amd product, amd product processor speed, processor speed sell amd, sell amd processor speed, processor speed buy amd, buy amd processor speed, processor speed cheap amd, cheap amd processor speed, processor speed best amd, best amd processor speed, processor speed amd review, amd review processor speed, processor speed where to buy amd, where to buy amd processor speed, processor speed how to choose amd, how to choose amd processor speed, processor speed top amd, top amd processor speed, processor speed amd guide, amd guide processor speed, processor speed amd for sale, amd for sale processor speed, processor speed amd deals, amd deals processor speed, chipset compatibility amd, amd chipset compatibility, chipset compatibility cheap, cheap chipset compatibility, chipset compatibility best, best chipset compatibility, chipset compatibility latest, latest chipset compatibility, chipset compatibility review, review chipset compatibility, chipset compatibility price, price chipset compatibility, chipset compatibility sell, sell chipset compatibility, chipset compatibility buy, buy chipset compatibility, chipset compatibility recommendation, recommendation chipset compatibility, chipset compatibility tips, tips chipset compatibility, chipset compatibility tutorial, tutorial chipset compatibility, chipset compatibility guide, guide chipset compatibility, chipset compatibility how to, how to chipset compatibility, chipset compatibility vs, vs chipset compatibility, chipset compatibility versus, versus chipset compatibility, chipset compatibility compared to, compared to chipset compatibility, chipset compatibility comparison, comparison chipset compatibility, chipset compatibility alternatives, alternatives chipset compatibility, chipset compatibility which is better, which is better chipset compatibility, chipset compatibility expensive, expensive chipset compatibility, chipset compatibility discount, discount chipset compatibility, chipset compatibility deals, deals chipset compatibility, chipset compatibility sale, sale chipset compatibility, chipset compatibility affordable, affordable chipset compatibility, chipset compatibility cost, cost chipset compatibility, chipset compatibility online, online chipset compatibility, chipset compatibility offline, offline chipset compatibility, chipset compatibility marketplace, marketplace chipset compatibility, chipset compatibility store, store chipset compatibility, chipset compatibility shop, shop chipset compatibility, chipset compatibility retailer, retailer chipset compatibility, chipset compatibility where to buy, where to buy chipset compatibility, chipset compatibility worst, worst chipset compatibility, chipset compatibility quality, quality chipset compatibility, chipset compatibility original, original chipset compatibility, chipset compatibility genuine, genuine chipset compatibility, chipset compatibility fake, fake chipset compatibility, chipset compatibility replica, replica chipset compatibility, chipset compatibility authentic, authentic chipset compatibility, chipset compatibility brand, brand chipset compatibility, chipset compatibility manufacturer, manufacturer chipset compatibility, chipset compatibility company, company chipset compatibility, chipset compatibility product, product chipset compatibility, chipset compatibility amd product, amd product chipset compatibility, chipset compatibility sell amd, sell amd chipset compatibility, chipset compatibility buy amd, buy amd chipset compatibility, chipset compatibility cheap amd, cheap amd chipset compatibility, chipset compatibility best amd, best amd chipset compatibility, chipset compatibility amd review, amd review chipset compatibility, chipset compatibility where to buy amd, where to buy amd chipset compatibility, chipset compatibility how to choose amd, how to choose amd chipset compatibility, chipset compatibility top amd, top amd chipset compatibility, chipset compatibility amd guide, amd guide chipset compatibility, chipset compatibility amd for sale, amd for sale chipset compatibility, chipset compatibility amd deals, amd deals chipset compatibility
2025-12-19 12:39:52,706 - INFO - Expanded 220 seed keywords to 385 variations
2025-12-19 12:39:52,706 - INFO - Language: en
2025-12-19 12:39:52,706 - INFO - Region: us
2025-12-19 12:40:28,374 - INFO - 🎯 After all filtering for 'amd': 120 relevant keywords
2025-12-19 12:40:29,416 - INFO - 🎯 Found 2 new keywords for niche 'amd': amd affordable chipset compatibility, amd affordable processor speed
2025-12-19 12:40:36,072 - INFO - ✅ Niche 'amd' process complete! 365 total keyword results.
2025-12-19 12:40:36,072 - INFO - ✅ Completed processing niche: 'amd'
2025-12-19 12:40:36,072 - INFO - 🔧 Request Handler final stats - Success rate: 100.0%
2025-12-19 12:40:36,072 - INFO -    Total requests: 59078, Blocks: 0
2025-12-19 12:40:36,073 - INFO - 
========================================
2025-12-19 12:40:36,073 - INFO - Process Summary:
2025-12-19 12:40:36,073 - INFO - - Current niche: 'amd'
2025-12-19 12:40:36,073 - INFO - - Next niche will be: 'canon'
2025-12-19 12:40:36,073 - INFO - - Keywords saved in: languages/english/keywords/amd/
2025-12-19 12:40:36,074 - INFO - ========================================
