2025-11-11 02:06:11,428 - INFO - Log file created at: /home/runner/work/potensitech.com/potensitech.com/languages/english/keywords/logs/kw_search_20251111_020611.log
2025-11-11 02:06:11,428 - INFO - ============================================================
2025-11-11 02:06:11,428 - INFO - AUTOMATIC KEYWORD RESEARCH TOOL
2025-11-11 02:06:11,428 - INFO - ============================================================
2025-11-11 02:06:11,617 - INFO - ========================================
2025-11-11 02:06:11,618 - INFO - Found 14 niches to process: xiaomi, iphone, samsung, apple, sony, asus, philips, sandisk, intel, nvidia, amd, canon, nikon, huawei
2025-11-11 02:06:11,618 - INFO - ========================================
2025-11-11 02:06:11,618 - INFO - Continuing from last processed niche: samsung
2025-11-11 02:06:11,618 - INFO - ========================================
2025-11-11 02:06:11,618 - INFO - 🎯 PROCESSING NICHE 4/14: 'apple'
2025-11-11 02:06:11,618 - INFO - ========================================
2025-11-11 02:06:11,618 - INFO - 📁 Niche directory: /home/runner/work/potensitech.com/potensitech.com/languages/english/keywords/apple
2025-11-11 02:06:11,618 - INFO - Selected region: us
2025-11-11 02:06:11,618 - INFO - Selected language: en
2025-11-11 02:06:11,618 - INFO - 🎯 Current niche: apple
2025-11-11 02:06:14,948 - INFO - 🎯 Niche terms for filtering: apple, cheap, best, latest, review, price, sell, buy, recommendation, tips, tutorial, guide, how to, vs, versus, compared to, comparison, alternatives, which is better, expensive, discount, deals, sale, affordable, cost, online, offline, marketplace, store, shop, retailer, where to buy, worst, quality, original, genuine, fake, replica, authentic, brand, manufacturer, company, product, apple product, sell apple, buy apple, cheap apple, best apple, apple review, where to buy apple, how to choose apple, top apple, apple guide, apple for sale, apple deals
2025-11-11 02:06:14,948 - INFO - Generated 50 niche-clue pairs for 'apple'.
2025-11-11 02:06:14,951 - INFO - Expanded 50 seed keywords to 218 variations
2025-11-11 02:06:14,951 - INFO - 🔧 Request Handler initialized - Success rate: 100.0%
2025-11-11 02:10:39,297 - INFO - Original clue keywords: processor performance, core efficiency
2025-11-11 02:10:39,298 - INFO - Niche-focused seeds: processor performance apple, apple processor performance, processor performance cheap, cheap processor performance, processor performance best, best processor performance, processor performance latest, latest processor performance, processor performance review, review processor performance, processor performance price, price processor performance, processor performance sell, sell processor performance, processor performance buy, buy processor performance, processor performance recommendation, recommendation processor performance, processor performance tips, tips processor performance, processor performance tutorial, tutorial processor performance, processor performance guide, guide processor performance, processor performance how to, how to processor performance, processor performance vs, vs processor performance, processor performance versus, versus processor performance, processor performance compared to, compared to processor performance, processor performance comparison, comparison processor performance, processor performance alternatives, alternatives processor performance, processor performance which is better, which is better processor performance, processor performance expensive, expensive processor performance, processor performance discount, discount processor performance, processor performance deals, deals processor performance, processor performance sale, sale processor performance, processor performance affordable, affordable processor performance, processor performance cost, cost processor performance, processor performance online, online processor performance, processor performance offline, offline processor performance, processor performance marketplace, marketplace processor performance, processor performance store, store processor performance, processor performance shop, shop processor performance, processor performance retailer, retailer processor performance, processor performance where to buy, where to buy processor performance, processor performance worst, worst processor performance, processor performance quality, quality processor performance, processor performance original, original processor performance, processor performance genuine, genuine processor performance, processor performance fake, fake processor performance, processor performance replica, replica processor performance, processor performance authentic, authentic processor performance, processor performance brand, brand processor performance, processor performance manufacturer, manufacturer processor performance, processor performance company, company processor performance, processor performance product, product processor performance, processor performance apple product, apple product processor performance, processor performance sell apple, sell apple processor performance, processor performance buy apple, buy apple processor performance, processor performance cheap apple, cheap apple processor performance, processor performance best apple, best apple processor performance, processor performance apple review, apple review processor performance, processor performance where to buy apple, where to buy apple processor performance, processor performance how to choose apple, how to choose apple processor performance, processor performance top apple, top apple processor performance, processor performance apple guide, apple guide processor performance, processor performance apple for sale, apple for sale processor performance, processor performance apple deals, apple deals processor performance, core efficiency apple, apple core efficiency, core efficiency cheap, cheap core efficiency, core efficiency best, best core efficiency, core efficiency latest, latest core efficiency, core efficiency review, review core efficiency, core efficiency price, price core efficiency, core efficiency sell, sell core efficiency, core efficiency buy, buy core efficiency, core efficiency recommendation, recommendation core efficiency, core efficiency tips, tips core efficiency, core efficiency tutorial, tutorial core efficiency, core efficiency guide, guide core efficiency, core efficiency how to, how to core efficiency, core efficiency vs, vs core efficiency, core efficiency versus, versus core efficiency, core efficiency compared to, compared to core efficiency, core efficiency comparison, comparison core efficiency, core efficiency alternatives, alternatives core efficiency, core efficiency which is better, which is better core efficiency, core efficiency expensive, expensive core efficiency, core efficiency discount, discount core efficiency, core efficiency deals, deals core efficiency, core efficiency sale, sale core efficiency, core efficiency affordable, affordable core efficiency, core efficiency cost, cost core efficiency, core efficiency online, online core efficiency, core efficiency offline, offline core efficiency, core efficiency marketplace, marketplace core efficiency, core efficiency store, store core efficiency, core efficiency shop, shop core efficiency, core efficiency retailer, retailer core efficiency, core efficiency where to buy, where to buy core efficiency, core efficiency worst, worst core efficiency, core efficiency quality, quality core efficiency, core efficiency original, original core efficiency, core efficiency genuine, genuine core efficiency, core efficiency fake, fake core efficiency, core efficiency replica, replica core efficiency, core efficiency authentic, authentic core efficiency, core efficiency brand, brand core efficiency, core efficiency manufacturer, manufacturer core efficiency, core efficiency company, company core efficiency, core efficiency product, product core efficiency, core efficiency apple product, apple product core efficiency, core efficiency sell apple, sell apple core efficiency, core efficiency buy apple, buy apple core efficiency, core efficiency cheap apple, cheap apple core efficiency, core efficiency best apple, best apple core efficiency, core efficiency apple review, apple review core efficiency, core efficiency where to buy apple, where to buy apple core efficiency, core efficiency how to choose apple, how to choose apple core efficiency, core efficiency top apple, top apple core efficiency, core efficiency apple guide, apple guide core efficiency, core efficiency apple for sale, apple for sale core efficiency, core efficiency apple deals, apple deals core efficiency
2025-11-11 02:10:39,301 - INFO - Expanded 220 seed keywords to 385 variations
2025-11-11 02:10:39,301 - INFO - Language: en
2025-11-11 02:10:39,301 - INFO - Region: us
2025-11-11 02:13:05,373 - INFO - 🎯 After all filtering for 'apple': 120 relevant keywords
2025-11-11 02:13:05,861 - INFO - 🎯 Found 5 new keywords for niche 'apple': apple affordable core efficiency, apple affordable processor performance, cheap alternatives core efficiency, best authentic core efficiency, how to brand core efficiency
2025-11-11 02:13:19,626 - INFO - ✅ Niche 'apple' process complete! 170 total keyword results.
2025-11-11 02:13:19,626 - INFO - ✅ Completed processing niche: 'apple'
2025-11-11 02:13:19,626 - INFO - 🔧 Request Handler final stats - Success rate: 100.0%
2025-11-11 02:13:19,626 - INFO -    Total requests: 40127, Blocks: 0
2025-11-11 02:13:19,627 - INFO - 
========================================
2025-11-11 02:13:19,627 - INFO - Process Summary:
2025-11-11 02:13:19,627 - INFO - - Current niche: 'apple'
2025-11-11 02:13:19,627 - INFO - - Next niche will be: 'sony'
2025-11-11 02:13:19,627 - INFO - - Keywords saved in: languages/english/keywords/apple/
2025-11-11 02:13:19,628 - INFO - ========================================
