2025-12-02 03:38:37,928 - INFO - Log file created at: /home/runner/work/potensitech.com/potensitech.com/languages/english/keywords/logs/kw_search_20251202_033837.log
2025-12-02 03:38:37,928 - INFO - ============================================================
2025-12-02 03:38:37,928 - INFO - AUTOMATIC KEYWORD RESEARCH TOOL
2025-12-02 03:38:37,928 - INFO - ============================================================
2025-12-02 03:38:38,106 - INFO - ========================================
2025-12-02 03:38:38,106 - INFO - Found 14 niches to process: xiaomi, iphone, samsung, apple, sony, asus, philips, sandisk, intel, nvidia, amd, canon, nikon, huawei
2025-12-02 03:38:38,107 - INFO - ========================================
2025-12-02 03:38:38,107 - INFO - Continuing from last processed niche: apple
2025-12-02 03:38:38,107 - INFO - ========================================
2025-12-02 03:38:38,107 - INFO - 🎯 PROCESSING NICHE 5/14: 'sony'
2025-12-02 03:38:38,107 - INFO - ========================================
2025-12-02 03:38:38,107 - INFO - 📁 Niche directory: /home/runner/work/potensitech.com/potensitech.com/languages/english/keywords/sony
2025-12-02 03:38:38,107 - INFO - Selected region: us
2025-12-02 03:38:38,107 - INFO - Selected language: en
2025-12-02 03:38:38,107 - INFO - 🎯 Current niche: sony
2025-12-02 03:38:42,781 - INFO - 🎯 Niche terms for filtering: sony, cheap, best, latest, review, price, sell, buy, recommendation, tips, tutorial, guide, how to, vs, versus, compared to, comparison, alternatives, which is better, expensive, discount, deals, sale, affordable, cost, online, offline, marketplace, store, shop, retailer, where to buy, worst, quality, original, genuine, fake, replica, authentic, brand, manufacturer, company, product, sony product, sell sony, buy sony, cheap sony, best sony, sony review, where to buy sony, how to choose sony, top sony, sony guide, sony for sale, sony deals
2025-12-02 03:38:42,781 - INFO - Generated 50 niche-clue pairs for 'sony'.
2025-12-02 03:38:42,783 - INFO - Expanded 50 seed keywords to 218 variations
2025-12-02 03:38:42,784 - INFO - 🔧 Request Handler initialized - Success rate: 100.0%
2025-12-02 03:43:08,923 - INFO - Original clue keywords: camera lenses, processor speed
2025-12-02 03:43:08,923 - INFO - Niche-focused seeds: camera lenses sony, sony camera lenses, camera lenses cheap, cheap camera lenses, camera lenses best, best camera lenses, camera lenses latest, latest camera lenses, camera lenses review, review camera lenses, camera lenses price, price camera lenses, camera lenses sell, sell camera lenses, camera lenses buy, buy camera lenses, camera lenses recommendation, recommendation camera lenses, camera lenses tips, tips camera lenses, camera lenses tutorial, tutorial camera lenses, camera lenses guide, guide camera lenses, camera lenses how to, how to camera lenses, camera lenses vs, vs camera lenses, camera lenses versus, versus camera lenses, camera lenses compared to, compared to camera lenses, camera lenses comparison, comparison camera lenses, camera lenses alternatives, alternatives camera lenses, camera lenses which is better, which is better camera lenses, camera lenses expensive, expensive camera lenses, camera lenses discount, discount camera lenses, camera lenses deals, deals camera lenses, camera lenses sale, sale camera lenses, camera lenses affordable, affordable camera lenses, camera lenses cost, cost camera lenses, camera lenses online, online camera lenses, camera lenses offline, offline camera lenses, camera lenses marketplace, marketplace camera lenses, camera lenses store, store camera lenses, camera lenses shop, shop camera lenses, camera lenses retailer, retailer camera lenses, camera lenses where to buy, where to buy camera lenses, camera lenses worst, worst camera lenses, camera lenses quality, quality camera lenses, camera lenses original, original camera lenses, camera lenses genuine, genuine camera lenses, camera lenses fake, fake camera lenses, camera lenses replica, replica camera lenses, camera lenses authentic, authentic camera lenses, camera lenses brand, brand camera lenses, camera lenses manufacturer, manufacturer camera lenses, camera lenses company, company camera lenses, camera lenses product, product camera lenses, camera lenses sony product, sony product camera lenses, camera lenses sell sony, sell sony camera lenses, camera lenses buy sony, buy sony camera lenses, camera lenses cheap sony, cheap sony camera lenses, camera lenses best sony, best sony camera lenses, camera lenses sony review, sony review camera lenses, camera lenses where to buy sony, where to buy sony camera lenses, camera lenses how to choose sony, how to choose sony camera lenses, camera lenses top sony, top sony camera lenses, camera lenses sony guide, sony guide camera lenses, camera lenses sony for sale, sony for sale camera lenses, camera lenses sony deals, sony deals camera lenses, processor speed sony, sony processor speed, processor speed cheap, cheap processor speed, processor speed best, best processor speed, processor speed latest, latest processor speed, processor speed review, review processor speed, processor speed price, price processor speed, processor speed sell, sell processor speed, processor speed buy, buy processor speed, processor speed recommendation, recommendation processor speed, processor speed tips, tips processor speed, processor speed tutorial, tutorial processor speed, processor speed guide, guide processor speed, processor speed how to, how to processor speed, processor speed vs, vs processor speed, processor speed versus, versus processor speed, processor speed compared to, compared to processor speed, processor speed comparison, comparison processor speed, processor speed alternatives, alternatives processor speed, processor speed which is better, which is better processor speed, processor speed expensive, expensive processor speed, processor speed discount, discount processor speed, processor speed deals, deals processor speed, processor speed sale, sale processor speed, processor speed affordable, affordable processor speed, processor speed cost, cost processor speed, processor speed online, online processor speed, processor speed offline, offline processor speed, processor speed marketplace, marketplace processor speed, processor speed store, store processor speed, processor speed shop, shop processor speed, processor speed retailer, retailer processor speed, processor speed where to buy, where to buy processor speed, processor speed worst, worst processor speed, processor speed quality, quality processor speed, processor speed original, original processor speed, processor speed genuine, genuine processor speed, processor speed fake, fake processor speed, processor speed replica, replica processor speed, processor speed authentic, authentic processor speed, processor speed brand, brand processor speed, processor speed manufacturer, manufacturer processor speed, processor speed company, company processor speed, processor speed product, product processor speed, processor speed sony product, sony product processor speed, processor speed sell sony, sell sony processor speed, processor speed buy sony, buy sony processor speed, processor speed cheap sony, cheap sony processor speed, processor speed best sony, best sony processor speed, processor speed sony review, sony review processor speed, processor speed where to buy sony, where to buy sony processor speed, processor speed how to choose sony, how to choose sony processor speed, processor speed top sony, top sony processor speed, processor speed sony guide, sony guide processor speed, processor speed sony for sale, sony for sale processor speed, processor speed sony deals, sony deals processor speed
2025-12-02 03:43:08,925 - INFO - Expanded 220 seed keywords to 385 variations
2025-12-02 03:43:08,925 - INFO - Language: en
2025-12-02 03:43:08,925 - INFO - Region: us
2025-12-02 03:43:41,118 - INFO - 🎯 After all filtering for 'sony': 120 relevant keywords
2025-12-02 03:43:41,725 - INFO - 🎯 Found 5 new keywords for niche 'sony': sony affordable camera lenses, sony affordable processor speed, cheap alternatives camera lenses, best authentic camera lenses, how to brand camera lenses
2025-12-02 03:43:52,502 - INFO - ✅ Niche 'sony' process complete! 249 total keyword results.
2025-12-02 03:43:52,502 - INFO - ✅ Completed processing niche: 'sony'
2025-12-02 03:43:52,502 - INFO - 🔧 Request Handler final stats - Success rate: 100.0%
2025-12-02 03:43:52,502 - INFO -    Total requests: 51162, Blocks: 0
2025-12-02 03:43:52,503 - INFO - 
========================================
2025-12-02 03:43:52,503 - INFO - Process Summary:
2025-12-02 03:43:52,503 - INFO - - Current niche: 'sony'
2025-12-02 03:43:52,503 - INFO - - Next niche will be: 'asus'
2025-12-02 03:43:52,503 - INFO - - Keywords saved in: languages/english/keywords/sony/
2025-12-02 03:43:52,503 - INFO - ========================================
