2026-01-17 16:55:09,603 - INFO - Log file created at: /home/runner/work/potensitech.com/potensitech.com/languages/english/keywords/logs/kw_search_20260117_165509.log
2026-01-17 16:55:09,603 - INFO - ============================================================
2026-01-17 16:55:09,603 - INFO - AUTOMATIC KEYWORD RESEARCH TOOL
2026-01-17 16:55:09,603 - INFO - ============================================================
2026-01-17 16:55:09,827 - INFO - ========================================
2026-01-17 16:55:09,827 - INFO - Found 14 niches to process: xiaomi, iphone, samsung, apple, sony, asus, philips, sandisk, intel, nvidia, amd, canon, nikon, huawei
2026-01-17 16:55:09,827 - INFO - ========================================
2026-01-17 16:55:09,827 - INFO - Continuing from last processed niche: sandisk
2026-01-17 16:55:09,827 - INFO - ========================================
2026-01-17 16:55:09,827 - INFO - 🎯 PROCESSING NICHE 9/14: 'intel'
2026-01-17 16:55:09,827 - INFO - ========================================
2026-01-17 16:55:09,828 - INFO - 📁 Niche directory: /home/runner/work/potensitech.com/potensitech.com/languages/english/keywords/intel
2026-01-17 16:55:09,828 - INFO - Selected region: us
2026-01-17 16:55:09,828 - INFO - Selected language: en
2026-01-17 16:55:09,828 - INFO - 🎯 Current niche: intel
2026-01-17 16:55:16,519 - INFO - 🎯 Niche terms for filtering: intel, cheap, best, latest, review, price, sell, buy, recommendation, tips, tutorial, guide, how to, vs, versus, compared to, comparison, alternatives, which is better, expensive, discount, deals, sale, affordable, cost, online, offline, marketplace, store, shop, retailer, where to buy, worst, quality, original, genuine, fake, replica, authentic, brand, manufacturer, company, product, intel product, sell intel, buy intel, cheap intel, best intel, intel review, where to buy intel, how to choose intel, top intel, intel guide, intel for sale, intel deals
2026-01-17 16:55:16,520 - INFO - Generated 50 niche-clue pairs for 'intel'.
2026-01-17 16:55:16,523 - INFO - Expanded 50 seed keywords to 218 variations
2026-01-17 16:55:16,523 - INFO - 🔧 Request Handler initialized - Success rate: 100.0%
2026-01-17 16:59:36,916 - INFO - Original clue keywords: solid state, chipset compatibility
2026-01-17 16:59:36,916 - INFO - Niche-focused seeds: solid state intel, intel solid state, solid state cheap, cheap solid state, solid state best, best solid state, solid state latest, latest solid state, solid state review, review solid state, solid state price, price solid state, solid state sell, sell solid state, solid state buy, buy solid state, solid state recommendation, recommendation solid state, solid state tips, tips solid state, solid state tutorial, tutorial solid state, solid state guide, guide solid state, solid state how to, how to solid state, solid state vs, vs solid state, solid state versus, versus solid state, solid state compared to, compared to solid state, solid state comparison, comparison solid state, solid state alternatives, alternatives solid state, solid state which is better, which is better solid state, solid state expensive, expensive solid state, solid state discount, discount solid state, solid state deals, deals solid state, solid state sale, sale solid state, solid state affordable, affordable solid state, solid state cost, cost solid state, solid state online, online solid state, solid state offline, offline solid state, solid state marketplace, marketplace solid state, solid state store, store solid state, solid state shop, shop solid state, solid state retailer, retailer solid state, solid state where to buy, where to buy solid state, solid state worst, worst solid state, solid state quality, quality solid state, solid state original, original solid state, solid state genuine, genuine solid state, solid state fake, fake solid state, solid state replica, replica solid state, solid state authentic, authentic solid state, solid state brand, brand solid state, solid state manufacturer, manufacturer solid state, solid state company, company solid state, solid state product, product solid state, solid state intel product, intel product solid state, solid state sell intel, sell intel solid state, solid state buy intel, buy intel solid state, solid state cheap intel, cheap intel solid state, solid state best intel, best intel solid state, solid state intel review, intel review solid state, solid state where to buy intel, where to buy intel solid state, solid state how to choose intel, how to choose intel solid state, solid state top intel, top intel solid state, solid state intel guide, intel guide solid state, solid state intel for sale, intel for sale solid state, solid state intel deals, intel deals solid state, chipset compatibility intel, intel chipset compatibility, chipset compatibility cheap, cheap chipset compatibility, chipset compatibility best, best chipset compatibility, chipset compatibility latest, latest chipset compatibility, chipset compatibility review, review chipset compatibility, chipset compatibility price, price chipset compatibility, chipset compatibility sell, sell chipset compatibility, chipset compatibility buy, buy chipset compatibility, chipset compatibility recommendation, recommendation chipset compatibility, chipset compatibility tips, tips chipset compatibility, chipset compatibility tutorial, tutorial chipset compatibility, chipset compatibility guide, guide chipset compatibility, chipset compatibility how to, how to chipset compatibility, chipset compatibility vs, vs chipset compatibility, chipset compatibility versus, versus chipset compatibility, chipset compatibility compared to, compared to chipset compatibility, chipset compatibility comparison, comparison chipset compatibility, chipset compatibility alternatives, alternatives chipset compatibility, chipset compatibility which is better, which is better chipset compatibility, chipset compatibility expensive, expensive chipset compatibility, chipset compatibility discount, discount chipset compatibility, chipset compatibility deals, deals chipset compatibility, chipset compatibility sale, sale chipset compatibility, chipset compatibility affordable, affordable chipset compatibility, chipset compatibility cost, cost chipset compatibility, chipset compatibility online, online chipset compatibility, chipset compatibility offline, offline chipset compatibility, chipset compatibility marketplace, marketplace chipset compatibility, chipset compatibility store, store chipset compatibility, chipset compatibility shop, shop chipset compatibility, chipset compatibility retailer, retailer chipset compatibility, chipset compatibility where to buy, where to buy chipset compatibility, chipset compatibility worst, worst chipset compatibility, chipset compatibility quality, quality chipset compatibility, chipset compatibility original, original chipset compatibility, chipset compatibility genuine, genuine chipset compatibility, chipset compatibility fake, fake chipset compatibility, chipset compatibility replica, replica chipset compatibility, chipset compatibility authentic, authentic chipset compatibility, chipset compatibility brand, brand chipset compatibility, chipset compatibility manufacturer, manufacturer chipset compatibility, chipset compatibility company, company chipset compatibility, chipset compatibility product, product chipset compatibility, chipset compatibility intel product, intel product chipset compatibility, chipset compatibility sell intel, sell intel chipset compatibility, chipset compatibility buy intel, buy intel chipset compatibility, chipset compatibility cheap intel, cheap intel chipset compatibility, chipset compatibility best intel, best intel chipset compatibility, chipset compatibility intel review, intel review chipset compatibility, chipset compatibility where to buy intel, where to buy intel chipset compatibility, chipset compatibility how to choose intel, how to choose intel chipset compatibility, chipset compatibility top intel, top intel chipset compatibility, chipset compatibility intel guide, intel guide chipset compatibility, chipset compatibility intel for sale, intel for sale chipset compatibility, chipset compatibility intel deals, intel deals chipset compatibility
2026-01-17 16:59:36,920 - INFO - Expanded 220 seed keywords to 385 variations
2026-01-17 16:59:36,920 - INFO - Language: en
2026-01-17 16:59:36,920 - INFO - Region: us
2026-01-17 17:00:09,752 - INFO - 🎯 After all filtering for 'intel': 120 relevant keywords
2026-01-17 17:00:10,426 - INFO - 🎯 Found 2 new keywords for niche 'intel': intel affordable chipset compatibility, intel affordable solid state
2026-01-17 17:00:22,596 - INFO - ✅ Niche 'intel' process complete! 486 total keyword results.
2026-01-17 17:00:22,596 - INFO - ✅ Completed processing niche: 'intel'
2026-01-17 17:00:22,596 - INFO - 🔧 Request Handler final stats - Success rate: 100.0%
2026-01-17 17:00:22,596 - INFO -    Total requests: 72593, Blocks: 0
2026-01-17 17:00:22,597 - INFO - 
========================================
2026-01-17 17:00:22,597 - INFO - Process Summary:
2026-01-17 17:00:22,597 - INFO - - Current niche: 'intel'
2026-01-17 17:00:22,597 - INFO - - Next niche will be: 'nvidia'
2026-01-17 17:00:22,597 - INFO - - Keywords saved in: languages/english/keywords/intel/
2026-01-17 17:00:22,598 - INFO - ========================================
