2025-10-01 21:43:18,497 - INFO - Log file created at: /home/runner/work/potensitech.com/potensitech.com/languages/english/keywords/logs/kw_search_20251001_214318.log
2025-10-01 21:43:18,497 - INFO - ============================================================
2025-10-01 21:43:18,497 - INFO - AUTOMATIC KEYWORD RESEARCH TOOL
2025-10-01 21:43:18,497 - INFO - ============================================================
2025-10-01 21:43:18,640 - INFO - ========================================
2025-10-01 21:43:18,641 - INFO - Found 14 niches to process: xiaomi, iphone, samsung, apple, sony, asus, philips, sandisk, intel, nvidia, amd, canon, nikon, huawei
2025-10-01 21:43:18,641 - INFO - ========================================
2025-10-01 21:43:18,641 - INFO - Continuing from last processed niche: amd
2025-10-01 21:43:18,641 - INFO - ========================================
2025-10-01 21:43:18,641 - INFO - 🎯 PROCESSING NICHE 12/14: 'canon'
2025-10-01 21:43:18,641 - INFO - ========================================
2025-10-01 21:43:18,641 - INFO - 📁 Niche directory: /home/runner/work/potensitech.com/potensitech.com/languages/english/keywords/canon
2025-10-01 21:43:18,641 - INFO - Selected region: us
2025-10-01 21:43:18,641 - INFO - Selected language: en
2025-10-01 21:43:18,641 - INFO - 🎯 Current niche: canon
2025-10-01 21:43:21,850 - INFO - 🎯 Niche terms for filtering: canon, cheap, best, latest, review, price, sell, buy, recommendation, tips, tutorial, guide, how to, vs, versus, compared to, comparison, alternatives, which is better, expensive, discount, deals, sale, affordable, cost, online, offline, marketplace, store, shop, retailer, where to buy, worst, quality, original, genuine, fake, replica, authentic, brand, manufacturer, company, product, canon product, sell canon, buy canon, cheap canon, best canon, canon review, where to buy canon, how to choose canon, top canon, canon guide, canon for sale, canon deals
2025-10-01 21:43:21,850 - INFO - Generated 50 niche-clue pairs for 'canon'.
2025-10-01 21:43:21,852 - INFO - Expanded 50 seed keywords to 218 variations
2025-10-01 21:43:21,853 - INFO - 🔧 Request Handler initialized - Success rate: 100.0%
2025-10-01 21:47:45,199 - INFO - Original clue keywords: graphics performance, ssd storage
2025-10-01 21:47:45,200 - INFO - Niche-focused seeds: graphics performance canon, canon graphics performance, graphics performance cheap, cheap graphics performance, graphics performance best, best graphics performance, graphics performance latest, latest graphics performance, graphics performance review, review graphics performance, graphics performance price, price graphics performance, graphics performance sell, sell graphics performance, graphics performance buy, buy graphics performance, graphics performance recommendation, recommendation graphics performance, graphics performance tips, tips graphics performance, graphics performance tutorial, tutorial graphics performance, graphics performance guide, guide graphics performance, graphics performance how to, how to graphics performance, graphics performance vs, vs graphics performance, graphics performance versus, versus graphics performance, graphics performance compared to, compared to graphics performance, graphics performance comparison, comparison graphics performance, graphics performance alternatives, alternatives graphics performance, graphics performance which is better, which is better graphics performance, graphics performance expensive, expensive graphics performance, graphics performance discount, discount graphics performance, graphics performance deals, deals graphics performance, graphics performance sale, sale graphics performance, graphics performance affordable, affordable graphics performance, graphics performance cost, cost graphics performance, graphics performance online, online graphics performance, graphics performance offline, offline graphics performance, graphics performance marketplace, marketplace graphics performance, graphics performance store, store graphics performance, graphics performance shop, shop graphics performance, graphics performance retailer, retailer graphics performance, graphics performance where to buy, where to buy graphics performance, graphics performance worst, worst graphics performance, graphics performance quality, quality graphics performance, graphics performance original, original graphics performance, graphics performance genuine, genuine graphics performance, graphics performance fake, fake graphics performance, graphics performance replica, replica graphics performance, graphics performance authentic, authentic graphics performance, graphics performance brand, brand graphics performance, graphics performance manufacturer, manufacturer graphics performance, graphics performance company, company graphics performance, graphics performance product, product graphics performance, graphics performance canon product, canon product graphics performance, graphics performance sell canon, sell canon graphics performance, graphics performance buy canon, buy canon graphics performance, graphics performance cheap canon, cheap canon graphics performance, graphics performance best canon, best canon graphics performance, graphics performance canon review, canon review graphics performance, graphics performance where to buy canon, where to buy canon graphics performance, graphics performance how to choose canon, how to choose canon graphics performance, graphics performance top canon, top canon graphics performance, graphics performance canon guide, canon guide graphics performance, graphics performance canon for sale, canon for sale graphics performance, graphics performance canon deals, canon deals graphics performance, ssd storage canon, canon ssd storage, ssd storage cheap, cheap ssd storage, ssd storage best, best ssd storage, ssd storage latest, latest ssd storage, ssd storage review, review ssd storage, ssd storage price, price ssd storage, ssd storage sell, sell ssd storage, ssd storage buy, buy ssd storage, ssd storage recommendation, recommendation ssd storage, ssd storage tips, tips ssd storage, ssd storage tutorial, tutorial ssd storage, ssd storage guide, guide ssd storage, ssd storage how to, how to ssd storage, ssd storage vs, vs ssd storage, ssd storage versus, versus ssd storage, ssd storage compared to, compared to ssd storage, ssd storage comparison, comparison ssd storage, ssd storage alternatives, alternatives ssd storage, ssd storage which is better, which is better ssd storage, ssd storage expensive, expensive ssd storage, ssd storage discount, discount ssd storage, ssd storage deals, deals ssd storage, ssd storage sale, sale ssd storage, ssd storage affordable, affordable ssd storage, ssd storage cost, cost ssd storage, ssd storage online, online ssd storage, ssd storage offline, offline ssd storage, ssd storage marketplace, marketplace ssd storage, ssd storage store, store ssd storage, ssd storage shop, shop ssd storage, ssd storage retailer, retailer ssd storage, ssd storage where to buy, where to buy ssd storage, ssd storage worst, worst ssd storage, ssd storage quality, quality ssd storage, ssd storage original, original ssd storage, ssd storage genuine, genuine ssd storage, ssd storage fake, fake ssd storage, ssd storage replica, replica ssd storage, ssd storage authentic, authentic ssd storage, ssd storage brand, brand ssd storage, ssd storage manufacturer, manufacturer ssd storage, ssd storage company, company ssd storage, ssd storage product, product ssd storage, ssd storage canon product, canon product ssd storage, ssd storage sell canon, sell canon ssd storage, ssd storage buy canon, buy canon ssd storage, ssd storage cheap canon, cheap canon ssd storage, ssd storage best canon, best canon ssd storage, ssd storage canon review, canon review ssd storage, ssd storage where to buy canon, where to buy canon ssd storage, ssd storage how to choose canon, how to choose canon ssd storage, ssd storage top canon, top canon ssd storage, ssd storage canon guide, canon guide ssd storage, ssd storage canon for sale, canon for sale ssd storage, ssd storage canon deals, canon deals ssd storage
2025-10-01 21:47:45,202 - INFO - Expanded 220 seed keywords to 385 variations
2025-10-01 21:47:45,202 - INFO - Language: en
2025-10-01 21:47:45,202 - INFO - Region: us
2025-10-01 21:49:53,066 - INFO - 🎯 After all filtering for 'canon': 120 relevant keywords
2025-10-01 21:49:53,260 - INFO - 🎯 Found 5 new keywords for niche 'canon': canon affordable graphics performance, canon affordable ssd storage, cheap alternatives graphics performance, best authentic graphics performance, how to brand graphics performance
2025-10-01 21:50:02,544 - INFO - ✅ Niche 'canon' process complete! 67 total keyword results.
2025-10-01 21:50:02,544 - INFO - ✅ Completed processing niche: 'canon'
2025-10-01 21:50:02,544 - INFO - 🔧 Request Handler final stats - Success rate: 100.0%
2025-10-01 21:50:02,544 - INFO -    Total requests: 16502, Blocks: 0
2025-10-01 21:50:02,545 - INFO - 
========================================
2025-10-01 21:50:02,545 - INFO - Process Summary:
2025-10-01 21:50:02,545 - INFO - - Current niche: 'canon'
2025-10-01 21:50:02,545 - INFO - - Next niche will be: 'nikon'
2025-10-01 21:50:02,545 - INFO - - Keywords saved in: languages/english/keywords/canon/
2025-10-01 21:50:02,546 - INFO - ========================================
