2025-09-15 07:30:38,647 - INFO - Log file created at: /home/runner/work/potensitech.com/potensitech.com/languages/english/keywords/logs/kw_search_20250915_073038.log
2025-09-15 07:30:38,647 - INFO - ============================================================
2025-09-15 07:30:38,647 - INFO - AUTOMATIC KEYWORD RESEARCH TOOL
2025-09-15 07:30:38,647 - INFO - ============================================================
2025-09-15 07:30:38,735 - INFO - ========================================
2025-09-15 07:30:38,735 - INFO - Found 14 niches to process: xiaomi, iphone, samsung, apple, sony, asus, philips, sandisk, intel, nvidia, amd, canon, nikon, huawei
2025-09-15 07:30:38,735 - INFO - ========================================
2025-09-15 07:30:38,735 - INFO - Continuing from last processed niche: nikon
2025-09-15 07:30:38,735 - INFO - ========================================
2025-09-15 07:30:38,735 - INFO - 🎯 PROCESSING NICHE 14/14: 'huawei'
2025-09-15 07:30:38,736 - INFO - ========================================
2025-09-15 07:30:38,736 - INFO - 📁 Niche directory: /home/runner/work/potensitech.com/potensitech.com/languages/english/keywords/huawei
2025-09-15 07:30:38,736 - INFO - Selected region: us
2025-09-15 07:30:38,736 - INFO - Selected language: en
2025-09-15 07:30:38,736 - INFO - 🎯 Current niche: huawei
2025-09-15 07:30:41,363 - INFO - 🎯 Niche terms for filtering: huawei, cheap, best, latest, review, price, sell, buy, recommendation, tips, tutorial, guide, how to, vs, versus, compared to, comparison, alternatives, which is better, expensive, discount, deals, sale, affordable, cost, online, offline, marketplace, store, shop, retailer, where to buy, worst, quality, original, genuine, fake, replica, authentic, brand, manufacturer, company, product, huawei product, sell huawei, buy huawei, cheap huawei, best huawei, huawei review, where to buy huawei, how to choose huawei, top huawei, huawei guide, huawei for sale, huawei deals
2025-09-15 07:30:41,363 - INFO - Generated 50 niche-clue pairs for 'huawei'.
2025-09-15 07:30:41,366 - INFO - Expanded 50 seed keywords to 218 variations
2025-09-15 07:30:41,367 - INFO - 🔧 Request Handler initialized - Success rate: 100.0%
2025-09-15 07:35:04,824 - INFO - Original clue keywords: dslr photography, mirrorless innovation
2025-09-15 07:35:04,824 - INFO - Niche-focused seeds: dslr photography huawei, huawei dslr photography, dslr photography cheap, cheap dslr photography, dslr photography best, best dslr photography, dslr photography latest, latest dslr photography, dslr photography review, review dslr photography, dslr photography price, price dslr photography, dslr photography sell, sell dslr photography, dslr photography buy, buy dslr photography, dslr photography recommendation, recommendation dslr photography, dslr photography tips, tips dslr photography, dslr photography tutorial, tutorial dslr photography, dslr photography guide, guide dslr photography, dslr photography how to, how to dslr photography, dslr photography vs, vs dslr photography, dslr photography versus, versus dslr photography, dslr photography compared to, compared to dslr photography, dslr photography comparison, comparison dslr photography, dslr photography alternatives, alternatives dslr photography, dslr photography which is better, which is better dslr photography, dslr photography expensive, expensive dslr photography, dslr photography discount, discount dslr photography, dslr photography deals, deals dslr photography, dslr photography sale, sale dslr photography, dslr photography affordable, affordable dslr photography, dslr photography cost, cost dslr photography, dslr photography online, online dslr photography, dslr photography offline, offline dslr photography, dslr photography marketplace, marketplace dslr photography, dslr photography store, store dslr photography, dslr photography shop, shop dslr photography, dslr photography retailer, retailer dslr photography, dslr photography where to buy, where to buy dslr photography, dslr photography worst, worst dslr photography, dslr photography quality, quality dslr photography, dslr photography original, original dslr photography, dslr photography genuine, genuine dslr photography, dslr photography fake, fake dslr photography, dslr photography replica, replica dslr photography, dslr photography authentic, authentic dslr photography, dslr photography brand, brand dslr photography, dslr photography manufacturer, manufacturer dslr photography, dslr photography company, company dslr photography, dslr photography product, product dslr photography, dslr photography huawei product, huawei product dslr photography, dslr photography sell huawei, sell huawei dslr photography, dslr photography buy huawei, buy huawei dslr photography, dslr photography cheap huawei, cheap huawei dslr photography, dslr photography best huawei, best huawei dslr photography, dslr photography huawei review, huawei review dslr photography, dslr photography where to buy huawei, where to buy huawei dslr photography, dslr photography how to choose huawei, how to choose huawei dslr photography, dslr photography top huawei, top huawei dslr photography, dslr photography huawei guide, huawei guide dslr photography, dslr photography huawei for sale, huawei for sale dslr photography, dslr photography huawei deals, huawei deals dslr photography, mirrorless innovation huawei, huawei mirrorless innovation, mirrorless innovation cheap, cheap mirrorless innovation, mirrorless innovation best, best mirrorless innovation, mirrorless innovation latest, latest mirrorless innovation, mirrorless innovation review, review mirrorless innovation, mirrorless innovation price, price mirrorless innovation, mirrorless innovation sell, sell mirrorless innovation, mirrorless innovation buy, buy mirrorless innovation, mirrorless innovation recommendation, recommendation mirrorless innovation, mirrorless innovation tips, tips mirrorless innovation, mirrorless innovation tutorial, tutorial mirrorless innovation, mirrorless innovation guide, guide mirrorless innovation, mirrorless innovation how to, how to mirrorless innovation, mirrorless innovation vs, vs mirrorless innovation, mirrorless innovation versus, versus mirrorless innovation, mirrorless innovation compared to, compared to mirrorless innovation, mirrorless innovation comparison, comparison mirrorless innovation, mirrorless innovation alternatives, alternatives mirrorless innovation, mirrorless innovation which is better, which is better mirrorless innovation, mirrorless innovation expensive, expensive mirrorless innovation, mirrorless innovation discount, discount mirrorless innovation, mirrorless innovation deals, deals mirrorless innovation, mirrorless innovation sale, sale mirrorless innovation, mirrorless innovation affordable, affordable mirrorless innovation, mirrorless innovation cost, cost mirrorless innovation, mirrorless innovation online, online mirrorless innovation, mirrorless innovation offline, offline mirrorless innovation, mirrorless innovation marketplace, marketplace mirrorless innovation, mirrorless innovation store, store mirrorless innovation, mirrorless innovation shop, shop mirrorless innovation, mirrorless innovation retailer, retailer mirrorless innovation, mirrorless innovation where to buy, where to buy mirrorless innovation, mirrorless innovation worst, worst mirrorless innovation, mirrorless innovation quality, quality mirrorless innovation, mirrorless innovation original, original mirrorless innovation, mirrorless innovation genuine, genuine mirrorless innovation, mirrorless innovation fake, fake mirrorless innovation, mirrorless innovation replica, replica mirrorless innovation, mirrorless innovation authentic, authentic mirrorless innovation, mirrorless innovation brand, brand mirrorless innovation, mirrorless innovation manufacturer, manufacturer mirrorless innovation, mirrorless innovation company, company mirrorless innovation, mirrorless innovation product, product mirrorless innovation, mirrorless innovation huawei product, huawei product mirrorless innovation, mirrorless innovation sell huawei, sell huawei mirrorless innovation, mirrorless innovation buy huawei, buy huawei mirrorless innovation, mirrorless innovation cheap huawei, cheap huawei mirrorless innovation, mirrorless innovation best huawei, best huawei mirrorless innovation, mirrorless innovation huawei review, huawei review mirrorless innovation, mirrorless innovation where to buy huawei, where to buy huawei mirrorless innovation, mirrorless innovation how to choose huawei, how to choose huawei mirrorless innovation, mirrorless innovation top huawei, top huawei mirrorless innovation, mirrorless innovation huawei guide, huawei guide mirrorless innovation, mirrorless innovation huawei for sale, huawei for sale mirrorless innovation, mirrorless innovation huawei deals, huawei deals mirrorless innovation
2025-09-15 07:35:04,827 - INFO - Expanded 220 seed keywords to 385 variations
2025-09-15 07:35:04,827 - INFO - Language: en
2025-09-15 07:35:04,827 - INFO - Region: us
2025-09-15 07:39:38,554 - INFO - 🎯 After all filtering for 'huawei': 120 relevant keywords
2025-09-15 07:39:38,560 - INFO - 🎯 Found 5 new keywords for niche 'huawei': huawei affordable dslr photography, huawei affordable mirrorless innovation, cheap alternatives dslr photography, cheap alternatives mirrorless innovation, best authentic dslr photography
2025-09-15 07:39:50,690 - INFO - ✅ Niche 'huawei' process complete! 11 total keyword results.
2025-09-15 07:39:50,691 - INFO - ✅ Completed processing niche: 'huawei'
2025-09-15 07:39:50,691 - INFO - 🔧 Request Handler final stats - Success rate: 100.0%
2025-09-15 07:39:50,691 - INFO -    Total requests: 3407, Blocks: 0
2025-09-15 07:39:50,692 - INFO - 
========================================
2025-09-15 07:39:50,692 - INFO - Process Summary:
2025-09-15 07:39:50,692 - INFO - - Current niche: 'huawei'
2025-09-15 07:39:50,692 - INFO - - Next niche will be: 'xiaomi'
2025-09-15 07:39:50,692 - INFO - - Keywords saved in: languages/english/keywords/huawei/
2025-09-15 07:39:50,692 - INFO - ========================================
