2025-09-25 21:42:57,521 - INFO - Log file created at: /home/runner/work/potensitech.com/potensitech.com/languages/english/keywords/logs/kw_search_20250925_214257.log
2025-09-25 21:42:57,521 - INFO - ============================================================
2025-09-25 21:42:57,521 - INFO - AUTOMATIC KEYWORD RESEARCH TOOL
2025-09-25 21:42:57,521 - INFO - ============================================================
2025-09-25 21:42:57,649 - INFO - ========================================
2025-09-25 21:42:57,649 - INFO - Found 14 niches to process: xiaomi, iphone, samsung, apple, sony, asus, philips, sandisk, intel, nvidia, amd, canon, nikon, huawei
2025-09-25 21:42:57,649 - INFO - ========================================
2025-09-25 21:42:57,649 - INFO - Continuing from last processed niche: philips
2025-09-25 21:42:57,649 - INFO - ========================================
2025-09-25 21:42:57,649 - INFO - 🎯 PROCESSING NICHE 8/14: 'sandisk'
2025-09-25 21:42:57,649 - INFO - ========================================
2025-09-25 21:42:57,650 - INFO - 📁 Niche directory: /home/runner/work/potensitech.com/potensitech.com/languages/english/keywords/sandisk
2025-09-25 21:42:57,650 - INFO - Selected region: us
2025-09-25 21:42:57,650 - INFO - Selected language: en
2025-09-25 21:42:57,650 - INFO - 🎯 Current niche: sandisk
2025-09-25 21:43:00,250 - INFO - 🎯 Niche terms for filtering: sandisk, cheap, best, latest, review, price, sell, buy, recommendation, tips, tutorial, guide, how to, vs, versus, compared to, comparison, alternatives, which is better, expensive, discount, deals, sale, affordable, cost, online, offline, marketplace, store, shop, retailer, where to buy, worst, quality, original, genuine, fake, replica, authentic, brand, manufacturer, company, product, sandisk product, sell sandisk, buy sandisk, cheap sandisk, best sandisk, sandisk review, where to buy sandisk, how to choose sandisk, top sandisk, sandisk guide, sandisk for sale, sandisk deals
2025-09-25 21:43:00,250 - INFO - Generated 50 niche-clue pairs for 'sandisk'.
2025-09-25 21:43:00,253 - INFO - Expanded 50 seed keywords to 218 variations
2025-09-25 21:43:00,253 - INFO - 🔧 Request Handler initialized - Success rate: 100.0%
2025-09-25 21:47:19,530 - INFO - Original clue keywords: camera quality, autofocus speed
2025-09-25 21:47:19,530 - INFO - Niche-focused seeds: camera quality, autofocus speed sandisk, sandisk autofocus speed, autofocus speed cheap, cheap autofocus speed, autofocus speed best, best autofocus speed, autofocus speed latest, latest autofocus speed, autofocus speed review, review autofocus speed, autofocus speed price, price autofocus speed, autofocus speed sell, sell autofocus speed, autofocus speed buy, buy autofocus speed, autofocus speed recommendation, recommendation autofocus speed, autofocus speed tips, tips autofocus speed, autofocus speed tutorial, tutorial autofocus speed, autofocus speed guide, guide autofocus speed, autofocus speed how to, how to autofocus speed, autofocus speed vs, vs autofocus speed, autofocus speed versus, versus autofocus speed, autofocus speed compared to, compared to autofocus speed, autofocus speed comparison, comparison autofocus speed, autofocus speed alternatives, alternatives autofocus speed, autofocus speed which is better, which is better autofocus speed, autofocus speed expensive, expensive autofocus speed, autofocus speed discount, discount autofocus speed, autofocus speed deals, deals autofocus speed, autofocus speed sale, sale autofocus speed, autofocus speed affordable, affordable autofocus speed, autofocus speed cost, cost autofocus speed, autofocus speed online, online autofocus speed, autofocus speed offline, offline autofocus speed, autofocus speed marketplace, marketplace autofocus speed, autofocus speed store, store autofocus speed, autofocus speed shop, shop autofocus speed, autofocus speed retailer, retailer autofocus speed, autofocus speed where to buy, where to buy autofocus speed, autofocus speed worst, worst autofocus speed, autofocus speed quality, quality autofocus speed, autofocus speed original, original autofocus speed, autofocus speed genuine, genuine autofocus speed, autofocus speed fake, fake autofocus speed, autofocus speed replica, replica autofocus speed, autofocus speed authentic, authentic autofocus speed, autofocus speed brand, brand autofocus speed, autofocus speed manufacturer, manufacturer autofocus speed, autofocus speed company, company autofocus speed, autofocus speed product, product autofocus speed, autofocus speed sandisk product, sandisk product autofocus speed, autofocus speed sell sandisk, sell sandisk autofocus speed, autofocus speed buy sandisk, buy sandisk autofocus speed, autofocus speed cheap sandisk, cheap sandisk autofocus speed, autofocus speed best sandisk, best sandisk autofocus speed, autofocus speed sandisk review, sandisk review autofocus speed, autofocus speed where to buy sandisk, where to buy sandisk autofocus speed, autofocus speed how to choose sandisk, how to choose sandisk autofocus speed, autofocus speed top sandisk, top sandisk autofocus speed, autofocus speed sandisk guide, sandisk guide autofocus speed, autofocus speed sandisk for sale, sandisk for sale autofocus speed, autofocus speed sandisk deals, sandisk deals autofocus speed
2025-09-25 21:47:19,533 - INFO - Expanded 111 seed keywords to 276 variations
2025-09-25 21:47:19,533 - INFO - Language: en
2025-09-25 21:47:19,533 - INFO - Region: us
2025-09-25 21:48:23,350 - INFO - 🎯 After all filtering for 'sandisk': 120 relevant keywords
2025-09-25 21:48:23,365 - INFO - 🎯 Found 5 new keywords for niche 'sandisk': sandisk camera quality, cheap camera quality, best camera quality, how to camera quality, sandisk affordable autofocus speed
2025-09-25 21:48:32,720 - INFO - ✅ Niche 'sandisk' process complete! 54 total keyword results.
2025-09-25 21:48:32,720 - INFO - ✅ Completed processing niche: 'sandisk'
2025-09-25 21:48:32,721 - INFO - 🔧 Request Handler final stats - Success rate: 100.0%
2025-09-25 21:48:32,721 - INFO -    Total requests: 12421, Blocks: 0
2025-09-25 21:48:32,722 - INFO - 
========================================
2025-09-25 21:48:32,722 - INFO - Process Summary:
2025-09-25 21:48:32,722 - INFO - - Current niche: 'sandisk'
2025-09-25 21:48:32,722 - INFO - - Next niche will be: 'intel'
2025-09-25 21:48:32,722 - INFO - - Keywords saved in: languages/english/keywords/sandisk/
2025-09-25 21:48:32,722 - INFO - ========================================
