2025-10-05 12:28:36,600 - INFO - Log file created at: /home/runner/work/potensitech.com/potensitech.com/languages/english/keywords/logs/kw_search_20251005_122836.log
2025-10-05 12:28:36,600 - INFO - ============================================================
2025-10-05 12:28:36,600 - INFO - AUTOMATIC KEYWORD RESEARCH TOOL
2025-10-05 12:28:36,601 - INFO - ============================================================
2025-10-05 12:28:36,731 - INFO - ========================================
2025-10-05 12:28:36,731 - INFO - Found 14 niches to process: xiaomi, iphone, samsung, apple, sony, asus, philips, sandisk, intel, nvidia, amd, canon, nikon, huawei
2025-10-05 12:28:36,731 - INFO - ========================================
2025-10-05 12:28:36,731 - INFO - Continuing from last processed niche: sony
2025-10-05 12:28:36,731 - INFO - ========================================
2025-10-05 12:28:36,731 - INFO - 🎯 PROCESSING NICHE 6/14: 'asus'
2025-10-05 12:28:36,731 - INFO - ========================================
2025-10-05 12:28:36,731 - INFO - 📁 Niche directory: /home/runner/work/potensitech.com/potensitech.com/languages/english/keywords/asus
2025-10-05 12:28:36,731 - INFO - Selected region: us
2025-10-05 12:28:36,732 - INFO - Selected language: en
2025-10-05 12:28:36,732 - INFO - 🎯 Current niche: asus
2025-10-05 12:28:39,803 - INFO - 🎯 Niche terms for filtering: asus, cheap, best, latest, review, price, sell, buy, recommendation, tips, tutorial, guide, how to, vs, versus, compared to, comparison, alternatives, which is better, expensive, discount, deals, sale, affordable, cost, online, offline, marketplace, store, shop, retailer, where to buy, worst, quality, original, genuine, fake, replica, authentic, brand, manufacturer, company, product, asus product, sell asus, buy asus, cheap asus, best asus, asus review, where to buy asus, how to choose asus, top asus, asus guide, asus for sale, asus deals
2025-10-05 12:28:39,804 - INFO - Generated 50 niche-clue pairs for 'asus'.
2025-10-05 12:28:39,807 - INFO - Expanded 50 seed keywords to 218 variations
2025-10-05 12:28:39,807 - INFO - 🔧 Request Handler initialized - Success rate: 100.0%
2025-10-05 12:33:02,532 - INFO - Original clue keywords: processor performance, chipset upgrade
2025-10-05 12:33:02,532 - INFO - Niche-focused seeds: processor performance asus, asus processor performance, processor performance cheap, cheap processor performance, processor performance best, best processor performance, processor performance latest, latest processor performance, processor performance review, review processor performance, processor performance price, price processor performance, processor performance sell, sell processor performance, processor performance buy, buy processor performance, processor performance recommendation, recommendation processor performance, processor performance tips, tips processor performance, processor performance tutorial, tutorial processor performance, processor performance guide, guide processor performance, processor performance how to, how to processor performance, processor performance vs, vs processor performance, processor performance versus, versus processor performance, processor performance compared to, compared to processor performance, processor performance comparison, comparison processor performance, processor performance alternatives, alternatives processor performance, processor performance which is better, which is better processor performance, processor performance expensive, expensive processor performance, processor performance discount, discount processor performance, processor performance deals, deals processor performance, processor performance sale, sale processor performance, processor performance affordable, affordable processor performance, processor performance cost, cost processor performance, processor performance online, online processor performance, processor performance offline, offline processor performance, processor performance marketplace, marketplace processor performance, processor performance store, store processor performance, processor performance shop, shop processor performance, processor performance retailer, retailer processor performance, processor performance where to buy, where to buy processor performance, processor performance worst, worst processor performance, processor performance quality, quality processor performance, processor performance original, original processor performance, processor performance genuine, genuine processor performance, processor performance fake, fake processor performance, processor performance replica, replica processor performance, processor performance authentic, authentic processor performance, processor performance brand, brand processor performance, processor performance manufacturer, manufacturer processor performance, processor performance company, company processor performance, processor performance product, product processor performance, processor performance asus product, asus product processor performance, processor performance sell asus, sell asus processor performance, processor performance buy asus, buy asus processor performance, processor performance cheap asus, cheap asus processor performance, processor performance best asus, best asus processor performance, processor performance asus review, asus review processor performance, processor performance where to buy asus, where to buy asus processor performance, processor performance how to choose asus, how to choose asus processor performance, processor performance top asus, top asus processor performance, processor performance asus guide, asus guide processor performance, processor performance asus for sale, asus for sale processor performance, processor performance asus deals, asus deals processor performance, chipset upgrade asus, asus chipset upgrade, chipset upgrade cheap, cheap chipset upgrade, chipset upgrade best, best chipset upgrade, chipset upgrade latest, latest chipset upgrade, chipset upgrade review, review chipset upgrade, chipset upgrade price, price chipset upgrade, chipset upgrade sell, sell chipset upgrade, chipset upgrade buy, buy chipset upgrade, chipset upgrade recommendation, recommendation chipset upgrade, chipset upgrade tips, tips chipset upgrade, chipset upgrade tutorial, tutorial chipset upgrade, chipset upgrade guide, guide chipset upgrade, chipset upgrade how to, how to chipset upgrade, chipset upgrade vs, vs chipset upgrade, chipset upgrade versus, versus chipset upgrade, chipset upgrade compared to, compared to chipset upgrade, chipset upgrade comparison, comparison chipset upgrade, chipset upgrade alternatives, alternatives chipset upgrade, chipset upgrade which is better, which is better chipset upgrade, chipset upgrade expensive, expensive chipset upgrade, chipset upgrade discount, discount chipset upgrade, chipset upgrade deals, deals chipset upgrade, chipset upgrade sale, sale chipset upgrade, chipset upgrade affordable, affordable chipset upgrade, chipset upgrade cost, cost chipset upgrade, chipset upgrade online, online chipset upgrade, chipset upgrade offline, offline chipset upgrade, chipset upgrade marketplace, marketplace chipset upgrade, chipset upgrade store, store chipset upgrade, chipset upgrade shop, shop chipset upgrade, chipset upgrade retailer, retailer chipset upgrade, chipset upgrade where to buy, where to buy chipset upgrade, chipset upgrade worst, worst chipset upgrade, chipset upgrade quality, quality chipset upgrade, chipset upgrade original, original chipset upgrade, chipset upgrade genuine, genuine chipset upgrade, chipset upgrade fake, fake chipset upgrade, chipset upgrade replica, replica chipset upgrade, chipset upgrade authentic, authentic chipset upgrade, chipset upgrade brand, brand chipset upgrade, chipset upgrade manufacturer, manufacturer chipset upgrade, chipset upgrade company, company chipset upgrade, chipset upgrade product, product chipset upgrade, chipset upgrade asus product, asus product chipset upgrade, chipset upgrade sell asus, sell asus chipset upgrade, chipset upgrade buy asus, buy asus chipset upgrade, chipset upgrade cheap asus, cheap asus chipset upgrade, chipset upgrade best asus, best asus chipset upgrade, chipset upgrade asus review, asus review chipset upgrade, chipset upgrade where to buy asus, where to buy asus chipset upgrade, chipset upgrade how to choose asus, how to choose asus chipset upgrade, chipset upgrade top asus, top asus chipset upgrade, chipset upgrade asus guide, asus guide chipset upgrade, chipset upgrade asus for sale, asus for sale chipset upgrade, chipset upgrade asus deals, asus deals chipset upgrade
2025-10-05 12:33:02,535 - INFO - Expanded 220 seed keywords to 385 variations
2025-10-05 12:33:02,535 - INFO - Language: en
2025-10-05 12:33:02,535 - INFO - Region: us
2025-10-05 12:37:34,234 - INFO - 🎯 After all filtering for 'asus': 120 relevant keywords
2025-10-05 12:37:34,418 - INFO - 🎯 Found 5 new keywords for niche 'asus': asus affordable chipset upgrade, asus affordable processor performance, cheap alternatives chipset upgrade, cheap alternatives processor performance, best authentic chipset upgrade
2025-10-05 12:37:39,449 - INFO - ✅ Niche 'asus' process complete! 96 total keyword results.
2025-10-05 12:37:39,449 - INFO - ✅ Completed processing niche: 'asus'
2025-10-05 12:37:39,449 - INFO - 🔧 Request Handler final stats - Success rate: 100.0%
2025-10-05 12:37:39,449 - INFO -    Total requests: 19383, Blocks: 0
2025-10-05 12:37:39,450 - INFO - 
========================================
2025-10-05 12:37:39,451 - INFO - Process Summary:
2025-10-05 12:37:39,451 - INFO - - Current niche: 'asus'
2025-10-05 12:37:39,451 - INFO - - Next niche will be: 'philips'
2025-10-05 12:37:39,451 - INFO - - Keywords saved in: languages/english/keywords/asus/
2025-10-05 12:37:39,451 - INFO - ========================================
