2025-10-27 16:57:05,501 - INFO - Log file created at: /home/runner/work/potensitech.com/potensitech.com/languages/english/keywords/logs/kw_search_20251027_165705.log
2025-10-27 16:57:05,501 - INFO - ============================================================
2025-10-27 16:57:05,501 - INFO - AUTOMATIC KEYWORD RESEARCH TOOL
2025-10-27 16:57:05,501 - INFO - ============================================================
2025-10-27 16:57:05,663 - INFO - ========================================
2025-10-27 16:57:05,663 - INFO - Found 14 niches to process: xiaomi, iphone, samsung, apple, sony, asus, philips, sandisk, intel, nvidia, amd, canon, nikon, huawei
2025-10-27 16:57:05,663 - INFO - ========================================
2025-10-27 16:57:05,663 - INFO - Continuing from last processed niche: iphone
2025-10-27 16:57:05,663 - INFO - ========================================
2025-10-27 16:57:05,663 - INFO - 🎯 PROCESSING NICHE 3/14: 'samsung'
2025-10-27 16:57:05,664 - INFO - ========================================
2025-10-27 16:57:05,664 - INFO - 📁 Niche directory: /home/runner/work/potensitech.com/potensitech.com/languages/english/keywords/samsung
2025-10-27 16:57:05,664 - INFO - Selected region: us
2025-10-27 16:57:05,664 - INFO - Selected language: en
2025-10-27 16:57:05,664 - INFO - 🎯 Current niche: samsung
2025-10-27 16:57:08,262 - INFO - 🎯 Niche terms for filtering: samsung, cheap, best, latest, review, price, sell, buy, recommendation, tips, tutorial, guide, how to, vs, versus, compared to, comparison, alternatives, which is better, expensive, discount, deals, sale, affordable, cost, online, offline, marketplace, store, shop, retailer, where to buy, worst, quality, original, genuine, fake, replica, authentic, brand, manufacturer, company, product, samsung product, sell samsung, buy samsung, cheap samsung, best samsung, samsung review, where to buy samsung, how to choose samsung, top samsung, samsung guide, samsung for sale, samsung deals
2025-10-27 16:57:08,263 - INFO - Generated 50 niche-clue pairs for 'samsung'.
2025-10-27 16:57:08,266 - INFO - Expanded 50 seed keywords to 218 variations
2025-10-27 16:57:08,266 - INFO - 🔧 Request Handler initialized - Success rate: 100.0%
2025-10-27 17:01:33,647 - INFO - Original clue keywords: camera lens, gpu performance
2025-10-27 17:01:33,647 - INFO - Niche-focused seeds: camera lens samsung, samsung camera lens, camera lens cheap, cheap camera lens, camera lens best, best camera lens, camera lens latest, latest camera lens, camera lens review, review camera lens, camera lens price, price camera lens, camera lens sell, sell camera lens, camera lens buy, buy camera lens, camera lens recommendation, recommendation camera lens, camera lens tips, tips camera lens, camera lens tutorial, tutorial camera lens, camera lens guide, guide camera lens, camera lens how to, how to camera lens, camera lens vs, vs camera lens, camera lens versus, versus camera lens, camera lens compared to, compared to camera lens, camera lens comparison, comparison camera lens, camera lens alternatives, alternatives camera lens, camera lens which is better, which is better camera lens, camera lens expensive, expensive camera lens, camera lens discount, discount camera lens, camera lens deals, deals camera lens, camera lens sale, sale camera lens, camera lens affordable, affordable camera lens, camera lens cost, cost camera lens, camera lens online, online camera lens, camera lens offline, offline camera lens, camera lens marketplace, marketplace camera lens, camera lens store, store camera lens, camera lens shop, shop camera lens, camera lens retailer, retailer camera lens, camera lens where to buy, where to buy camera lens, camera lens worst, worst camera lens, camera lens quality, quality camera lens, camera lens original, original camera lens, camera lens genuine, genuine camera lens, camera lens fake, fake camera lens, camera lens replica, replica camera lens, camera lens authentic, authentic camera lens, camera lens brand, brand camera lens, camera lens manufacturer, manufacturer camera lens, camera lens company, company camera lens, camera lens product, product camera lens, camera lens samsung product, samsung product camera lens, camera lens sell samsung, sell samsung camera lens, camera lens buy samsung, buy samsung camera lens, camera lens cheap samsung, cheap samsung camera lens, camera lens best samsung, best samsung camera lens, camera lens samsung review, samsung review camera lens, camera lens where to buy samsung, where to buy samsung camera lens, camera lens how to choose samsung, how to choose samsung camera lens, camera lens top samsung, top samsung camera lens, camera lens samsung guide, samsung guide camera lens, camera lens samsung for sale, samsung for sale camera lens, camera lens samsung deals, samsung deals camera lens, gpu performance samsung, samsung gpu performance, gpu performance cheap, cheap gpu performance, gpu performance best, best gpu performance, gpu performance latest, latest gpu performance, gpu performance review, review gpu performance, gpu performance price, price gpu performance, gpu performance sell, sell gpu performance, gpu performance buy, buy gpu performance, gpu performance recommendation, recommendation gpu performance, gpu performance tips, tips gpu performance, gpu performance tutorial, tutorial gpu performance, gpu performance guide, guide gpu performance, gpu performance how to, how to gpu performance, gpu performance vs, vs gpu performance, gpu performance versus, versus gpu performance, gpu performance compared to, compared to gpu performance, gpu performance comparison, comparison gpu performance, gpu performance alternatives, alternatives gpu performance, gpu performance which is better, which is better gpu performance, gpu performance expensive, expensive gpu performance, gpu performance discount, discount gpu performance, gpu performance deals, deals gpu performance, gpu performance sale, sale gpu performance, gpu performance affordable, affordable gpu performance, gpu performance cost, cost gpu performance, gpu performance online, online gpu performance, gpu performance offline, offline gpu performance, gpu performance marketplace, marketplace gpu performance, gpu performance store, store gpu performance, gpu performance shop, shop gpu performance, gpu performance retailer, retailer gpu performance, gpu performance where to buy, where to buy gpu performance, gpu performance worst, worst gpu performance, gpu performance quality, quality gpu performance, gpu performance original, original gpu performance, gpu performance genuine, genuine gpu performance, gpu performance fake, fake gpu performance, gpu performance replica, replica gpu performance, gpu performance authentic, authentic gpu performance, gpu performance brand, brand gpu performance, gpu performance manufacturer, manufacturer gpu performance, gpu performance company, company gpu performance, gpu performance product, product gpu performance, gpu performance samsung product, samsung product gpu performance, gpu performance sell samsung, sell samsung gpu performance, gpu performance buy samsung, buy samsung gpu performance, gpu performance cheap samsung, cheap samsung gpu performance, gpu performance best samsung, best samsung gpu performance, gpu performance samsung review, samsung review gpu performance, gpu performance where to buy samsung, where to buy samsung gpu performance, gpu performance how to choose samsung, how to choose samsung gpu performance, gpu performance top samsung, top samsung gpu performance, gpu performance samsung guide, samsung guide gpu performance, gpu performance samsung for sale, samsung for sale gpu performance, gpu performance samsung deals, samsung deals gpu performance
2025-10-27 17:01:33,651 - INFO - Expanded 220 seed keywords to 385 variations
2025-10-27 17:01:33,651 - INFO - Language: en
2025-10-27 17:01:33,651 - INFO - Region: us
2025-10-27 17:02:06,450 - INFO - 🎯 After all filtering for 'samsung': 120 relevant keywords
2025-10-27 17:02:06,784 - INFO - 🎯 Found 5 new keywords for niche 'samsung': samsung affordable camera lens, samsung affordable gpu performance, cheap alternatives gpu performance, best authentic gpu performance, how to brand gpu performance
2025-10-27 17:02:13,698 - INFO - ✅ Niche 'samsung' process complete! 149 total keyword results.
2025-10-27 17:02:13,698 - INFO - ✅ Completed processing niche: 'samsung'
2025-10-27 17:02:13,698 - INFO - 🔧 Request Handler final stats - Success rate: 100.0%
2025-10-27 17:02:13,698 - INFO -    Total requests: 32152, Blocks: 0
2025-10-27 17:02:13,699 - INFO - 
========================================
2025-10-27 17:02:13,699 - INFO - Process Summary:
2025-10-27 17:02:13,699 - INFO - - Current niche: 'samsung'
2025-10-27 17:02:13,699 - INFO - - Next niche will be: 'apple'
2025-10-27 17:02:13,700 - INFO - - Keywords saved in: languages/english/keywords/samsung/
2025-10-27 17:02:13,700 - INFO - ========================================
