2026-01-10 02:15:55,005 - INFO - Log file created at: /home/runner/work/potensitech.com/potensitech.com/languages/english/keywords/logs/kw_search_20260110_021555.log
2026-01-10 02:15:55,005 - INFO - ============================================================
2026-01-10 02:15:55,005 - INFO - AUTOMATIC KEYWORD RESEARCH TOOL
2026-01-10 02:15:55,005 - INFO - ============================================================
2026-01-10 02:15:55,226 - INFO - ========================================
2026-01-10 02:15:55,226 - INFO - Found 14 niches to process: xiaomi, iphone, samsung, apple, sony, asus, philips, sandisk, intel, nvidia, amd, canon, nikon, huawei
2026-01-10 02:15:55,226 - INFO - ========================================
2026-01-10 02:15:55,226 - INFO - Continuing from last processed niche: xiaomi
2026-01-10 02:15:55,226 - INFO - ========================================
2026-01-10 02:15:55,226 - INFO - 🎯 PROCESSING NICHE 2/14: 'iphone'
2026-01-10 02:15:55,226 - INFO - ========================================
2026-01-10 02:15:55,226 - INFO - 📁 Niche directory: /home/runner/work/potensitech.com/potensitech.com/languages/english/keywords/iphone
2026-01-10 02:15:55,226 - INFO - Selected region: us
2026-01-10 02:15:55,226 - INFO - Selected language: en
2026-01-10 02:15:55,226 - INFO - 🎯 Current niche: iphone
2026-01-10 02:15:58,478 - INFO - 🎯 Niche terms for filtering: iphone, cheap, best, latest, review, price, sell, buy, recommendation, tips, tutorial, guide, how to, vs, versus, compared to, comparison, alternatives, which is better, expensive, discount, deals, sale, affordable, cost, online, offline, marketplace, store, shop, retailer, where to buy, worst, quality, original, genuine, fake, replica, authentic, brand, manufacturer, company, product, iphone product, sell iphone, buy iphone, cheap iphone, best iphone, iphone review, where to buy iphone, how to choose iphone, top iphone, iphone guide, iphone for sale, iphone deals
2026-01-10 02:15:58,479 - INFO - Generated 50 niche-clue pairs for 'iphone'.
2026-01-10 02:15:58,481 - INFO - Expanded 50 seed keywords to 218 variations
2026-01-10 02:15:58,482 - INFO - 🔧 Request Handler initialized - Success rate: 100.0%
2026-01-10 02:20:23,174 - INFO - Original clue keywords: dslr photography, camera lenses
2026-01-10 02:20:23,174 - INFO - Niche-focused seeds: dslr photography iphone, iphone dslr photography, dslr photography cheap, cheap dslr photography, dslr photography best, best dslr photography, dslr photography latest, latest dslr photography, dslr photography review, review dslr photography, dslr photography price, price dslr photography, dslr photography sell, sell dslr photography, dslr photography buy, buy dslr photography, dslr photography recommendation, recommendation dslr photography, dslr photography tips, tips dslr photography, dslr photography tutorial, tutorial dslr photography, dslr photography guide, guide dslr photography, dslr photography how to, how to dslr photography, dslr photography vs, vs dslr photography, dslr photography versus, versus dslr photography, dslr photography compared to, compared to dslr photography, dslr photography comparison, comparison dslr photography, dslr photography alternatives, alternatives dslr photography, dslr photography which is better, which is better dslr photography, dslr photography expensive, expensive dslr photography, dslr photography discount, discount dslr photography, dslr photography deals, deals dslr photography, dslr photography sale, sale dslr photography, dslr photography affordable, affordable dslr photography, dslr photography cost, cost dslr photography, dslr photography online, online dslr photography, dslr photography offline, offline dslr photography, dslr photography marketplace, marketplace dslr photography, dslr photography store, store dslr photography, dslr photography shop, shop dslr photography, dslr photography retailer, retailer dslr photography, dslr photography where to buy, where to buy dslr photography, dslr photography worst, worst dslr photography, dslr photography quality, quality dslr photography, dslr photography original, original dslr photography, dslr photography genuine, genuine dslr photography, dslr photography fake, fake dslr photography, dslr photography replica, replica dslr photography, dslr photography authentic, authentic dslr photography, dslr photography brand, brand dslr photography, dslr photography manufacturer, manufacturer dslr photography, dslr photography company, company dslr photography, dslr photography product, product dslr photography, dslr photography iphone product, iphone product dslr photography, dslr photography sell iphone, sell iphone dslr photography, dslr photography buy iphone, buy iphone dslr photography, dslr photography cheap iphone, cheap iphone dslr photography, dslr photography best iphone, best iphone dslr photography, dslr photography iphone review, iphone review dslr photography, dslr photography where to buy iphone, where to buy iphone dslr photography, dslr photography how to choose iphone, how to choose iphone dslr photography, dslr photography top iphone, top iphone dslr photography, dslr photography iphone guide, iphone guide dslr photography, dslr photography iphone for sale, iphone for sale dslr photography, dslr photography iphone deals, iphone deals dslr photography, camera lenses iphone, iphone camera lenses, camera lenses cheap, cheap camera lenses, camera lenses best, best camera lenses, camera lenses latest, latest camera lenses, camera lenses review, review camera lenses, camera lenses price, price camera lenses, camera lenses sell, sell camera lenses, camera lenses buy, buy camera lenses, camera lenses recommendation, recommendation camera lenses, camera lenses tips, tips camera lenses, camera lenses tutorial, tutorial camera lenses, camera lenses guide, guide camera lenses, camera lenses how to, how to camera lenses, camera lenses vs, vs camera lenses, camera lenses versus, versus camera lenses, camera lenses compared to, compared to camera lenses, camera lenses comparison, comparison camera lenses, camera lenses alternatives, alternatives camera lenses, camera lenses which is better, which is better camera lenses, camera lenses expensive, expensive camera lenses, camera lenses discount, discount camera lenses, camera lenses deals, deals camera lenses, camera lenses sale, sale camera lenses, camera lenses affordable, affordable camera lenses, camera lenses cost, cost camera lenses, camera lenses online, online camera lenses, camera lenses offline, offline camera lenses, camera lenses marketplace, marketplace camera lenses, camera lenses store, store camera lenses, camera lenses shop, shop camera lenses, camera lenses retailer, retailer camera lenses, camera lenses where to buy, where to buy camera lenses, camera lenses worst, worst camera lenses, camera lenses quality, quality camera lenses, camera lenses original, original camera lenses, camera lenses genuine, genuine camera lenses, camera lenses fake, fake camera lenses, camera lenses replica, replica camera lenses, camera lenses authentic, authentic camera lenses, camera lenses brand, brand camera lenses, camera lenses manufacturer, manufacturer camera lenses, camera lenses company, company camera lenses, camera lenses product, product camera lenses, camera lenses iphone product, iphone product camera lenses, camera lenses sell iphone, sell iphone camera lenses, camera lenses buy iphone, buy iphone camera lenses, camera lenses cheap iphone, cheap iphone camera lenses, camera lenses best iphone, best iphone camera lenses, camera lenses iphone review, iphone review camera lenses, camera lenses where to buy iphone, where to buy iphone camera lenses, camera lenses how to choose iphone, how to choose iphone camera lenses, camera lenses top iphone, top iphone camera lenses, camera lenses iphone guide, iphone guide camera lenses, camera lenses iphone for sale, iphone for sale camera lenses, camera lenses iphone deals, iphone deals camera lenses
2026-01-10 02:20:23,177 - INFO - Expanded 220 seed keywords to 385 variations
2026-01-10 02:20:23,177 - INFO - Language: en
2026-01-10 02:20:23,177 - INFO - Region: us
2026-01-10 02:20:57,575 - INFO - 🎯 After all filtering for 'iphone': 120 relevant keywords
2026-01-10 02:20:58,577 - INFO - 🎯 Found 2 new keywords for niche 'iphone': iphone affordable camera lenses, iphone affordable dslr photography
2026-01-10 02:21:05,771 - INFO - ✅ Niche 'iphone' process complete! 418 total keyword results.
2026-01-10 02:21:05,771 - INFO - ✅ Completed processing niche: 'iphone'
2026-01-10 02:21:05,771 - INFO - 🔧 Request Handler final stats - Success rate: 100.0%
2026-01-10 02:21:05,771 - INFO -    Total requests: 69030, Blocks: 0
2026-01-10 02:21:05,772 - INFO - 
========================================
2026-01-10 02:21:05,772 - INFO - Process Summary:
2026-01-10 02:21:05,773 - INFO - - Current niche: 'iphone'
2026-01-10 02:21:05,773 - INFO - - Next niche will be: 'samsung'
2026-01-10 02:21:05,773 - INFO - - Keywords saved in: languages/english/keywords/iphone/
2026-01-10 02:21:05,773 - INFO - ========================================
