2025-10-29 07:30:55,165 - INFO - Log file created at: /home/runner/work/potensitech.com/potensitech.com/languages/english/keywords/logs/kw_search_20251029_073055.log
2025-10-29 07:30:55,165 - INFO - ============================================================
2025-10-29 07:30:55,165 - INFO - AUTOMATIC KEYWORD RESEARCH TOOL
2025-10-29 07:30:55,165 - INFO - ============================================================
2025-10-29 07:30:55,333 - INFO - ========================================
2025-10-29 07:30:55,333 - INFO - Found 14 niches to process: xiaomi, iphone, samsung, apple, sony, asus, philips, sandisk, intel, nvidia, amd, canon, nikon, huawei
2025-10-29 07:30:55,333 - INFO - ========================================
2025-10-29 07:30:55,333 - INFO - Continuing from last processed niche: iphone
2025-10-29 07:30:55,333 - INFO - ========================================
2025-10-29 07:30:55,333 - INFO - 🎯 PROCESSING NICHE 3/14: 'samsung'
2025-10-29 07:30:55,333 - INFO - ========================================
2025-10-29 07:30:55,333 - INFO - 📁 Niche directory: /home/runner/work/potensitech.com/potensitech.com/languages/english/keywords/samsung
2025-10-29 07:30:55,333 - INFO - Selected region: us
2025-10-29 07:30:55,333 - INFO - Selected language: en
2025-10-29 07:30:55,333 - INFO - 🎯 Current niche: samsung
2025-10-29 07:30:59,172 - INFO - 🎯 Niche terms for filtering: samsung, cheap, best, latest, review, price, sell, buy, recommendation, tips, tutorial, guide, how to, vs, versus, compared to, comparison, alternatives, which is better, expensive, discount, deals, sale, affordable, cost, online, offline, marketplace, store, shop, retailer, where to buy, worst, quality, original, genuine, fake, replica, authentic, brand, manufacturer, company, product, samsung product, sell samsung, buy samsung, cheap samsung, best samsung, samsung review, where to buy samsung, how to choose samsung, top samsung, samsung guide, samsung for sale, samsung deals
2025-10-29 07:30:59,172 - INFO - Generated 50 niche-clue pairs for 'samsung'.
2025-10-29 07:30:59,175 - INFO - Expanded 50 seed keywords to 218 variations
2025-10-29 07:30:59,176 - INFO - 🔧 Request Handler initialized - Success rate: 100.0%
2025-10-29 07:35:22,070 - INFO - Original clue keywords: dslr photography, mirrorless technology
2025-10-29 07:35:22,070 - INFO - Niche-focused seeds: dslr photography samsung, samsung dslr photography, dslr photography cheap, cheap dslr photography, dslr photography best, best dslr photography, dslr photography latest, latest dslr photography, dslr photography review, review dslr photography, dslr photography price, price dslr photography, dslr photography sell, sell dslr photography, dslr photography buy, buy dslr photography, dslr photography recommendation, recommendation dslr photography, dslr photography tips, tips dslr photography, dslr photography tutorial, tutorial dslr photography, dslr photography guide, guide dslr photography, dslr photography how to, how to dslr photography, dslr photography vs, vs dslr photography, dslr photography versus, versus dslr photography, dslr photography compared to, compared to dslr photography, dslr photography comparison, comparison dslr photography, dslr photography alternatives, alternatives dslr photography, dslr photography which is better, which is better dslr photography, dslr photography expensive, expensive dslr photography, dslr photography discount, discount dslr photography, dslr photography deals, deals dslr photography, dslr photography sale, sale dslr photography, dslr photography affordable, affordable dslr photography, dslr photography cost, cost dslr photography, dslr photography online, online dslr photography, dslr photography offline, offline dslr photography, dslr photography marketplace, marketplace dslr photography, dslr photography store, store dslr photography, dslr photography shop, shop dslr photography, dslr photography retailer, retailer dslr photography, dslr photography where to buy, where to buy dslr photography, dslr photography worst, worst dslr photography, dslr photography quality, quality dslr photography, dslr photography original, original dslr photography, dslr photography genuine, genuine dslr photography, dslr photography fake, fake dslr photography, dslr photography replica, replica dslr photography, dslr photography authentic, authentic dslr photography, dslr photography brand, brand dslr photography, dslr photography manufacturer, manufacturer dslr photography, dslr photography company, company dslr photography, dslr photography product, product dslr photography, dslr photography samsung product, samsung product dslr photography, dslr photography sell samsung, sell samsung dslr photography, dslr photography buy samsung, buy samsung dslr photography, dslr photography cheap samsung, cheap samsung dslr photography, dslr photography best samsung, best samsung dslr photography, dslr photography samsung review, samsung review dslr photography, dslr photography where to buy samsung, where to buy samsung dslr photography, dslr photography how to choose samsung, how to choose samsung dslr photography, dslr photography top samsung, top samsung dslr photography, dslr photography samsung guide, samsung guide dslr photography, dslr photography samsung for sale, samsung for sale dslr photography, dslr photography samsung deals, samsung deals dslr photography, mirrorless technology samsung, samsung mirrorless technology, mirrorless technology cheap, cheap mirrorless technology, mirrorless technology best, best mirrorless technology, mirrorless technology latest, latest mirrorless technology, mirrorless technology review, review mirrorless technology, mirrorless technology price, price mirrorless technology, mirrorless technology sell, sell mirrorless technology, mirrorless technology buy, buy mirrorless technology, mirrorless technology recommendation, recommendation mirrorless technology, mirrorless technology tips, tips mirrorless technology, mirrorless technology tutorial, tutorial mirrorless technology, mirrorless technology guide, guide mirrorless technology, mirrorless technology how to, how to mirrorless technology, mirrorless technology vs, vs mirrorless technology, mirrorless technology versus, versus mirrorless technology, mirrorless technology compared to, compared to mirrorless technology, mirrorless technology comparison, comparison mirrorless technology, mirrorless technology alternatives, alternatives mirrorless technology, mirrorless technology which is better, which is better mirrorless technology, mirrorless technology expensive, expensive mirrorless technology, mirrorless technology discount, discount mirrorless technology, mirrorless technology deals, deals mirrorless technology, mirrorless technology sale, sale mirrorless technology, mirrorless technology affordable, affordable mirrorless technology, mirrorless technology cost, cost mirrorless technology, mirrorless technology online, online mirrorless technology, mirrorless technology offline, offline mirrorless technology, mirrorless technology marketplace, marketplace mirrorless technology, mirrorless technology store, store mirrorless technology, mirrorless technology shop, shop mirrorless technology, mirrorless technology retailer, retailer mirrorless technology, mirrorless technology where to buy, where to buy mirrorless technology, mirrorless technology worst, worst mirrorless technology, mirrorless technology quality, quality mirrorless technology, mirrorless technology original, original mirrorless technology, mirrorless technology genuine, genuine mirrorless technology, mirrorless technology fake, fake mirrorless technology, mirrorless technology replica, replica mirrorless technology, mirrorless technology authentic, authentic mirrorless technology, mirrorless technology brand, brand mirrorless technology, mirrorless technology manufacturer, manufacturer mirrorless technology, mirrorless technology company, company mirrorless technology, mirrorless technology product, product mirrorless technology, mirrorless technology samsung product, samsung product mirrorless technology, mirrorless technology sell samsung, sell samsung mirrorless technology, mirrorless technology buy samsung, buy samsung mirrorless technology, mirrorless technology cheap samsung, cheap samsung mirrorless technology, mirrorless technology best samsung, best samsung mirrorless technology, mirrorless technology samsung review, samsung review mirrorless technology, mirrorless technology where to buy samsung, where to buy samsung mirrorless technology, mirrorless technology how to choose samsung, how to choose samsung mirrorless technology, mirrorless technology top samsung, top samsung mirrorless technology, mirrorless technology samsung guide, samsung guide mirrorless technology, mirrorless technology samsung for sale, samsung for sale mirrorless technology, mirrorless technology samsung deals, samsung deals mirrorless technology
2025-10-29 07:35:22,073 - INFO - Expanded 220 seed keywords to 385 variations
2025-10-29 07:35:22,073 - INFO - Language: en
2025-10-29 07:35:22,073 - INFO - Region: us
2025-10-29 07:35:55,335 - INFO - 🎯 After all filtering for 'samsung': 120 relevant keywords
2025-10-29 07:35:55,839 - INFO - 🎯 Found 5 new keywords for niche 'samsung': samsung affordable dslr photography, samsung affordable mirrorless technology, cheap alternatives dslr photography, best authentic dslr photography, how to brand dslr photography
2025-10-29 07:36:08,609 - INFO - ✅ Niche 'samsung' process complete! 153 total keyword results.
2025-10-29 07:36:08,609 - INFO - ✅ Completed processing niche: 'samsung'
2025-10-29 07:36:08,609 - INFO - 🔧 Request Handler final stats - Success rate: 100.0%
2025-10-29 07:36:08,609 - INFO -    Total requests: 32791, Blocks: 0
2025-10-29 07:36:08,610 - INFO - 
========================================
2025-10-29 07:36:08,610 - INFO - Process Summary:
2025-10-29 07:36:08,610 - INFO - - Current niche: 'samsung'
2025-10-29 07:36:08,610 - INFO - - Next niche will be: 'apple'
2025-10-29 07:36:08,610 - INFO - - Keywords saved in: languages/english/keywords/samsung/
2025-10-29 07:36:08,611 - INFO - ========================================
