2025-10-31 02:03:31,457 - INFO - Log file created at: /home/runner/work/potensitech.com/potensitech.com/languages/english/keywords/logs/kw_search_20251031_020331.log
2025-10-31 02:03:31,457 - INFO - ============================================================
2025-10-31 02:03:31,457 - INFO - AUTOMATIC KEYWORD RESEARCH TOOL
2025-10-31 02:03:31,457 - INFO - ============================================================
2025-10-31 02:03:31,627 - INFO - ========================================
2025-10-31 02:03:31,627 - INFO - Found 14 niches to process: xiaomi, iphone, samsung, apple, sony, asus, philips, sandisk, intel, nvidia, amd, canon, nikon, huawei
2025-10-31 02:03:31,627 - INFO - ========================================
2025-10-31 02:03:31,627 - INFO - Continuing from last processed niche: sony
2025-10-31 02:03:31,627 - INFO - ========================================
2025-10-31 02:03:31,627 - INFO - 🎯 PROCESSING NICHE 6/14: 'asus'
2025-10-31 02:03:31,627 - INFO - ========================================
2025-10-31 02:03:31,627 - INFO - 📁 Niche directory: /home/runner/work/potensitech.com/potensitech.com/languages/english/keywords/asus
2025-10-31 02:03:31,627 - INFO - Selected region: us
2025-10-31 02:03:31,627 - INFO - Selected language: en
2025-10-31 02:03:31,627 - INFO - 🎯 Current niche: asus
2025-10-31 02:03:34,407 - INFO - 🎯 Niche terms for filtering: asus, cheap, best, latest, review, price, sell, buy, recommendation, tips, tutorial, guide, how to, vs, versus, compared to, comparison, alternatives, which is better, expensive, discount, deals, sale, affordable, cost, online, offline, marketplace, store, shop, retailer, where to buy, worst, quality, original, genuine, fake, replica, authentic, brand, manufacturer, company, product, asus product, sell asus, buy asus, cheap asus, best asus, asus review, where to buy asus, how to choose asus, top asus, asus guide, asus for sale, asus deals
2025-10-31 02:03:34,407 - INFO - Generated 50 niche-clue pairs for 'asus'.
2025-10-31 02:03:34,410 - INFO - Expanded 50 seed keywords to 218 variations
2025-10-31 02:03:34,410 - INFO - 🔧 Request Handler initialized - Success rate: 100.0%
2025-10-31 02:07:58,894 - INFO - Original clue keywords: gpu performance, processor speed
2025-10-31 02:07:58,894 - INFO - Niche-focused seeds: gpu performance asus, asus gpu performance, gpu performance cheap, cheap gpu performance, gpu performance best, best gpu performance, gpu performance latest, latest gpu performance, gpu performance review, review gpu performance, gpu performance price, price gpu performance, gpu performance sell, sell gpu performance, gpu performance buy, buy gpu performance, gpu performance recommendation, recommendation gpu performance, gpu performance tips, tips gpu performance, gpu performance tutorial, tutorial gpu performance, gpu performance guide, guide gpu performance, gpu performance how to, how to gpu performance, gpu performance vs, vs gpu performance, gpu performance versus, versus gpu performance, gpu performance compared to, compared to gpu performance, gpu performance comparison, comparison gpu performance, gpu performance alternatives, alternatives gpu performance, gpu performance which is better, which is better gpu performance, gpu performance expensive, expensive gpu performance, gpu performance discount, discount gpu performance, gpu performance deals, deals gpu performance, gpu performance sale, sale gpu performance, gpu performance affordable, affordable gpu performance, gpu performance cost, cost gpu performance, gpu performance online, online gpu performance, gpu performance offline, offline gpu performance, gpu performance marketplace, marketplace gpu performance, gpu performance store, store gpu performance, gpu performance shop, shop gpu performance, gpu performance retailer, retailer gpu performance, gpu performance where to buy, where to buy gpu performance, gpu performance worst, worst gpu performance, gpu performance quality, quality gpu performance, gpu performance original, original gpu performance, gpu performance genuine, genuine gpu performance, gpu performance fake, fake gpu performance, gpu performance replica, replica gpu performance, gpu performance authentic, authentic gpu performance, gpu performance brand, brand gpu performance, gpu performance manufacturer, manufacturer gpu performance, gpu performance company, company gpu performance, gpu performance product, product gpu performance, gpu performance asus product, asus product gpu performance, gpu performance sell asus, sell asus gpu performance, gpu performance buy asus, buy asus gpu performance, gpu performance cheap asus, cheap asus gpu performance, gpu performance best asus, best asus gpu performance, gpu performance asus review, asus review gpu performance, gpu performance where to buy asus, where to buy asus gpu performance, gpu performance how to choose asus, how to choose asus gpu performance, gpu performance top asus, top asus gpu performance, gpu performance asus guide, asus guide gpu performance, gpu performance asus for sale, asus for sale gpu performance, gpu performance asus deals, asus deals gpu performance, processor speed asus, asus processor speed, processor speed cheap, cheap processor speed, processor speed best, best processor speed, processor speed latest, latest processor speed, processor speed review, review processor speed, processor speed price, price processor speed, processor speed sell, sell processor speed, processor speed buy, buy processor speed, processor speed recommendation, recommendation processor speed, processor speed tips, tips processor speed, processor speed tutorial, tutorial processor speed, processor speed guide, guide processor speed, processor speed how to, how to processor speed, processor speed vs, vs processor speed, processor speed versus, versus processor speed, processor speed compared to, compared to processor speed, processor speed comparison, comparison processor speed, processor speed alternatives, alternatives processor speed, processor speed which is better, which is better processor speed, processor speed expensive, expensive processor speed, processor speed discount, discount processor speed, processor speed deals, deals processor speed, processor speed sale, sale processor speed, processor speed affordable, affordable processor speed, processor speed cost, cost processor speed, processor speed online, online processor speed, processor speed offline, offline processor speed, processor speed marketplace, marketplace processor speed, processor speed store, store processor speed, processor speed shop, shop processor speed, processor speed retailer, retailer processor speed, processor speed where to buy, where to buy processor speed, processor speed worst, worst processor speed, processor speed quality, quality processor speed, processor speed original, original processor speed, processor speed genuine, genuine processor speed, processor speed fake, fake processor speed, processor speed replica, replica processor speed, processor speed authentic, authentic processor speed, processor speed brand, brand processor speed, processor speed manufacturer, manufacturer processor speed, processor speed company, company processor speed, processor speed product, product processor speed, processor speed asus product, asus product processor speed, processor speed sell asus, sell asus processor speed, processor speed buy asus, buy asus processor speed, processor speed cheap asus, cheap asus processor speed, processor speed best asus, best asus processor speed, processor speed asus review, asus review processor speed, processor speed where to buy asus, where to buy asus processor speed, processor speed how to choose asus, how to choose asus processor speed, processor speed top asus, top asus processor speed, processor speed asus guide, asus guide processor speed, processor speed asus for sale, asus for sale processor speed, processor speed asus deals, asus deals processor speed
2025-10-31 02:07:58,897 - INFO - Expanded 220 seed keywords to 385 variations
2025-10-31 02:07:58,897 - INFO - Language: en
2025-10-31 02:07:58,897 - INFO - Region: us
2025-10-31 02:08:31,863 - INFO - 🎯 After all filtering for 'asus': 120 relevant keywords
2025-10-31 02:08:32,478 - INFO - 🎯 Found 2 new keywords for niche 'asus': asus affordable gpu performance, asus affordable processor speed
2025-10-31 02:08:39,894 - INFO - ✅ Niche 'asus' process complete! 203 total keyword results.
2025-10-31 02:08:39,894 - INFO - ✅ Completed processing niche: 'asus'
2025-10-31 02:08:39,894 - INFO - 🔧 Request Handler final stats - Success rate: 100.0%
2025-10-31 02:08:39,894 - INFO -    Total requests: 33611, Blocks: 0
2025-10-31 02:08:39,895 - INFO - 
========================================
2025-10-31 02:08:39,895 - INFO - Process Summary:
2025-10-31 02:08:39,895 - INFO - - Current niche: 'asus'
2025-10-31 02:08:39,895 - INFO - - Next niche will be: 'philips'
2025-10-31 02:08:39,895 - INFO - - Keywords saved in: languages/english/keywords/asus/
2025-10-31 02:08:39,896 - INFO - ========================================
