2025-11-21 09:44:46,589 - INFO - Log file created at: /home/runner/work/potensitech.com/potensitech.com/languages/english/keywords/logs/kw_search_20251121_094446.log
2025-11-21 09:44:46,589 - INFO - ============================================================
2025-11-21 09:44:46,590 - INFO - AUTOMATIC KEYWORD RESEARCH TOOL
2025-11-21 09:44:46,590 - INFO - ============================================================
2025-11-21 09:44:51,704 - INFO - ========================================
2025-11-21 09:44:51,704 - INFO - Found 14 niches to process: xiaomi, iphone, samsung, apple, sony, asus, philips, sandisk, intel, nvidia, amd, canon, nikon, huawei
2025-11-21 09:44:51,704 - INFO - ========================================
2025-11-21 09:44:51,704 - INFO - Continuing from last processed niche: intel
2025-11-21 09:44:51,704 - INFO - ========================================
2025-11-21 09:44:51,704 - INFO - 🎯 PROCESSING NICHE 10/14: 'nvidia'
2025-11-21 09:44:51,704 - INFO - ========================================
2025-11-21 09:44:51,704 - INFO - 📁 Niche directory: /home/runner/work/potensitech.com/potensitech.com/languages/english/keywords/nvidia
2025-11-21 09:44:51,705 - INFO - Selected region: us
2025-11-21 09:44:51,705 - INFO - Selected language: en
2025-11-21 09:44:51,705 - INFO - 🎯 Current niche: nvidia
2025-11-21 09:44:55,431 - INFO - 🎯 Niche terms for filtering: nvidia, cheap, best, latest, review, price, sell, buy, recommendation, tips, tutorial, guide, how to, vs, versus, compared to, comparison, alternatives, which is better, expensive, discount, deals, sale, affordable, cost, online, offline, marketplace, store, shop, retailer, where to buy, worst, quality, original, genuine, fake, replica, authentic, brand, manufacturer, company, product, nvidia product, sell nvidia, buy nvidia, cheap nvidia, best nvidia, nvidia review, where to buy nvidia, how to choose nvidia, top nvidia, nvidia guide, nvidia for sale, nvidia deals
2025-11-21 09:44:55,431 - INFO - Generated 50 niche-clue pairs for 'nvidia'.
2025-11-21 09:44:55,434 - INFO - Expanded 50 seed keywords to 218 variations
2025-11-21 09:44:55,435 - INFO - 🔧 Request Handler initialized - Success rate: 100.0%
2025-11-21 09:49:19,957 - INFO - Original clue keywords: solid state, processor speed
2025-11-21 09:49:19,957 - INFO - Niche-focused seeds: solid state nvidia, nvidia solid state, solid state cheap, cheap solid state, solid state best, best solid state, solid state latest, latest solid state, solid state review, review solid state, solid state price, price solid state, solid state sell, sell solid state, solid state buy, buy solid state, solid state recommendation, recommendation solid state, solid state tips, tips solid state, solid state tutorial, tutorial solid state, solid state guide, guide solid state, solid state how to, how to solid state, solid state vs, vs solid state, solid state versus, versus solid state, solid state compared to, compared to solid state, solid state comparison, comparison solid state, solid state alternatives, alternatives solid state, solid state which is better, which is better solid state, solid state expensive, expensive solid state, solid state discount, discount solid state, solid state deals, deals solid state, solid state sale, sale solid state, solid state affordable, affordable solid state, solid state cost, cost solid state, solid state online, online solid state, solid state offline, offline solid state, solid state marketplace, marketplace solid state, solid state store, store solid state, solid state shop, shop solid state, solid state retailer, retailer solid state, solid state where to buy, where to buy solid state, solid state worst, worst solid state, solid state quality, quality solid state, solid state original, original solid state, solid state genuine, genuine solid state, solid state fake, fake solid state, solid state replica, replica solid state, solid state authentic, authentic solid state, solid state brand, brand solid state, solid state manufacturer, manufacturer solid state, solid state company, company solid state, solid state product, product solid state, solid state nvidia product, nvidia product solid state, solid state sell nvidia, sell nvidia solid state, solid state buy nvidia, buy nvidia solid state, solid state cheap nvidia, cheap nvidia solid state, solid state best nvidia, best nvidia solid state, solid state nvidia review, nvidia review solid state, solid state where to buy nvidia, where to buy nvidia solid state, solid state how to choose nvidia, how to choose nvidia solid state, solid state top nvidia, top nvidia solid state, solid state nvidia guide, nvidia guide solid state, solid state nvidia for sale, nvidia for sale solid state, solid state nvidia deals, nvidia deals solid state, processor speed nvidia, nvidia processor speed, processor speed cheap, cheap processor speed, processor speed best, best processor speed, processor speed latest, latest processor speed, processor speed review, review processor speed, processor speed price, price processor speed, processor speed sell, sell processor speed, processor speed buy, buy processor speed, processor speed recommendation, recommendation processor speed, processor speed tips, tips processor speed, processor speed tutorial, tutorial processor speed, processor speed guide, guide processor speed, processor speed how to, how to processor speed, processor speed vs, vs processor speed, processor speed versus, versus processor speed, processor speed compared to, compared to processor speed, processor speed comparison, comparison processor speed, processor speed alternatives, alternatives processor speed, processor speed which is better, which is better processor speed, processor speed expensive, expensive processor speed, processor speed discount, discount processor speed, processor speed deals, deals processor speed, processor speed sale, sale processor speed, processor speed affordable, affordable processor speed, processor speed cost, cost processor speed, processor speed online, online processor speed, processor speed offline, offline processor speed, processor speed marketplace, marketplace processor speed, processor speed store, store processor speed, processor speed shop, shop processor speed, processor speed retailer, retailer processor speed, processor speed where to buy, where to buy processor speed, processor speed worst, worst processor speed, processor speed quality, quality processor speed, processor speed original, original processor speed, processor speed genuine, genuine processor speed, processor speed fake, fake processor speed, processor speed replica, replica processor speed, processor speed authentic, authentic processor speed, processor speed brand, brand processor speed, processor speed manufacturer, manufacturer processor speed, processor speed company, company processor speed, processor speed product, product processor speed, processor speed nvidia product, nvidia product processor speed, processor speed sell nvidia, sell nvidia processor speed, processor speed buy nvidia, buy nvidia processor speed, processor speed cheap nvidia, cheap nvidia processor speed, processor speed best nvidia, best nvidia processor speed, processor speed nvidia review, nvidia review processor speed, processor speed where to buy nvidia, where to buy nvidia processor speed, processor speed how to choose nvidia, how to choose nvidia processor speed, processor speed top nvidia, top nvidia processor speed, processor speed nvidia guide, nvidia guide processor speed, processor speed nvidia for sale, nvidia for sale processor speed, processor speed nvidia deals, nvidia deals processor speed
2025-11-21 09:49:19,960 - INFO - Expanded 220 seed keywords to 385 variations
2025-11-21 09:49:19,960 - INFO - Language: en
2025-11-21 09:49:19,960 - INFO - Region: us
2025-11-21 09:49:51,697 - INFO - 🎯 After all filtering for 'nvidia': 120 relevant keywords
2025-11-21 09:49:52,418 - INFO - 🎯 Found 5 new keywords for niche 'nvidia': nvidia affordable processor speed, nvidia affordable solid state, cheap alternatives solid state, best authentic solid state, how to brand solid state
2025-11-21 09:50:02,432 - INFO - ✅ Niche 'nvidia' process complete! 283 total keyword results.
2025-11-21 09:50:02,432 - INFO - ✅ Completed processing niche: 'nvidia'
2025-11-21 09:50:02,433 - INFO - 🔧 Request Handler final stats - Success rate: 100.0%
2025-11-21 09:50:02,433 - INFO -    Total requests: 46239, Blocks: 0
2025-11-21 09:50:02,434 - INFO - 
========================================
2025-11-21 09:50:02,434 - INFO - Process Summary:
2025-11-21 09:50:02,434 - INFO - - Current niche: 'nvidia'
2025-11-21 09:50:02,434 - INFO - - Next niche will be: 'amd'
2025-11-21 09:50:02,434 - INFO - - Keywords saved in: languages/english/keywords/nvidia/
2025-11-21 09:50:02,434 - INFO - ========================================
