2025-09-27 12:28:26,888 - INFO - Log file created at: /home/runner/work/potensitech.com/potensitech.com/languages/english/keywords/logs/kw_search_20250927_122826.log
2025-09-27 12:28:26,888 - INFO - ============================================================
2025-09-27 12:28:26,888 - INFO - AUTOMATIC KEYWORD RESEARCH TOOL
2025-09-27 12:28:26,888 - INFO - ============================================================
2025-09-27 12:28:27,010 - INFO - ========================================
2025-09-27 12:28:27,010 - INFO - Found 14 niches to process: xiaomi, iphone, samsung, apple, sony, asus, philips, sandisk, intel, nvidia, amd, canon, nikon, huawei
2025-09-27 12:28:27,010 - INFO - ========================================
2025-09-27 12:28:27,010 - INFO - Continuing from last processed niche: intel
2025-09-27 12:28:27,010 - INFO - ========================================
2025-09-27 12:28:27,010 - INFO - 🎯 PROCESSING NICHE 10/14: 'nvidia'
2025-09-27 12:28:27,010 - INFO - ========================================
2025-09-27 12:28:27,010 - INFO - 📁 Niche directory: /home/runner/work/potensitech.com/potensitech.com/languages/english/keywords/nvidia
2025-09-27 12:28:27,010 - INFO - Selected region: us
2025-09-27 12:28:27,010 - INFO - Selected language: en
2025-09-27 12:28:27,010 - INFO - 🎯 Current niche: nvidia
2025-09-27 12:28:30,152 - INFO - 🎯 Niche terms for filtering: nvidia, cheap, best, latest, review, price, sell, buy, recommendation, tips, tutorial, guide, how to, vs, versus, compared to, comparison, alternatives, which is better, expensive, discount, deals, sale, affordable, cost, online, offline, marketplace, store, shop, retailer, where to buy, worst, quality, original, genuine, fake, replica, authentic, brand, manufacturer, company, product, nvidia product, sell nvidia, buy nvidia, cheap nvidia, best nvidia, nvidia review, where to buy nvidia, how to choose nvidia, top nvidia, nvidia guide, nvidia for sale, nvidia deals
2025-09-27 12:28:30,153 - INFO - Generated 50 niche-clue pairs for 'nvidia'.
2025-09-27 12:28:30,156 - INFO - Expanded 50 seed keywords to 218 variations
2025-09-27 12:28:30,156 - INFO - 🔧 Request Handler initialized - Success rate: 100.0%
2025-09-27 12:32:53,811 - INFO - Original clue keywords: camera quality, image stabilization
2025-09-27 12:32:53,811 - INFO - Niche-focused seeds: camera quality, image stabilization nvidia, nvidia image stabilization, image stabilization cheap, cheap image stabilization, image stabilization best, best image stabilization, image stabilization latest, latest image stabilization, image stabilization review, review image stabilization, image stabilization price, price image stabilization, image stabilization sell, sell image stabilization, image stabilization buy, buy image stabilization, image stabilization recommendation, recommendation image stabilization, image stabilization tips, tips image stabilization, image stabilization tutorial, tutorial image stabilization, image stabilization guide, guide image stabilization, image stabilization how to, how to image stabilization, image stabilization vs, vs image stabilization, image stabilization versus, versus image stabilization, image stabilization compared to, compared to image stabilization, image stabilization comparison, comparison image stabilization, image stabilization alternatives, alternatives image stabilization, image stabilization which is better, which is better image stabilization, image stabilization expensive, expensive image stabilization, image stabilization discount, discount image stabilization, image stabilization deals, deals image stabilization, image stabilization sale, sale image stabilization, image stabilization affordable, affordable image stabilization, image stabilization cost, cost image stabilization, image stabilization online, online image stabilization, image stabilization offline, offline image stabilization, image stabilization marketplace, marketplace image stabilization, image stabilization store, store image stabilization, image stabilization shop, shop image stabilization, image stabilization retailer, retailer image stabilization, image stabilization where to buy, where to buy image stabilization, image stabilization worst, worst image stabilization, image stabilization quality, quality image stabilization, image stabilization original, original image stabilization, image stabilization genuine, genuine image stabilization, image stabilization fake, fake image stabilization, image stabilization replica, replica image stabilization, image stabilization authentic, authentic image stabilization, image stabilization brand, brand image stabilization, image stabilization manufacturer, manufacturer image stabilization, image stabilization company, company image stabilization, image stabilization product, product image stabilization, image stabilization nvidia product, nvidia product image stabilization, image stabilization sell nvidia, sell nvidia image stabilization, image stabilization buy nvidia, buy nvidia image stabilization, image stabilization cheap nvidia, cheap nvidia image stabilization, image stabilization best nvidia, best nvidia image stabilization, image stabilization nvidia review, nvidia review image stabilization, image stabilization where to buy nvidia, where to buy nvidia image stabilization, image stabilization how to choose nvidia, how to choose nvidia image stabilization, image stabilization top nvidia, top nvidia image stabilization, image stabilization nvidia guide, nvidia guide image stabilization, image stabilization nvidia for sale, nvidia for sale image stabilization, image stabilization nvidia deals, nvidia deals image stabilization
2025-09-27 12:32:53,814 - INFO - Expanded 111 seed keywords to 276 variations
2025-09-27 12:32:53,814 - INFO - Language: en
2025-09-27 12:32:53,814 - INFO - Region: us
2025-09-27 12:37:03,833 - INFO - 🎯 After all filtering for 'nvidia': 120 relevant keywords
2025-09-27 12:37:03,851 - INFO - 🎯 Found 5 new keywords for niche 'nvidia': nvidia camera quality, cheap camera quality, best camera quality, how to camera quality, nvidia affordable image stabilization
2025-09-27 12:37:14,157 - INFO - ✅ Niche 'nvidia' process complete! 68 total keyword results.
2025-09-27 12:37:14,157 - INFO - ✅ Completed processing niche: 'nvidia'
2025-09-27 12:37:14,157 - INFO - 🔧 Request Handler final stats - Success rate: 100.0%
2025-09-27 12:37:14,157 - INFO -    Total requests: 13619, Blocks: 0
2025-09-27 12:37:14,158 - INFO - 
========================================
2025-09-27 12:37:14,159 - INFO - Process Summary:
2025-09-27 12:37:14,159 - INFO - - Current niche: 'nvidia'
2025-09-27 12:37:14,159 - INFO - - Next niche will be: 'amd'
2025-09-27 12:37:14,159 - INFO - - Keywords saved in: languages/english/keywords/nvidia/
2025-09-27 12:37:14,159 - INFO - ========================================
