2025-10-30 21:43:56,249 - INFO - Log file created at: /home/runner/work/potensitech.com/potensitech.com/languages/english/keywords/logs/kw_search_20251030_214356.log
2025-10-30 21:43:56,249 - INFO - ============================================================
2025-10-30 21:43:56,249 - INFO - AUTOMATIC KEYWORD RESEARCH TOOL
2025-10-30 21:43:56,249 - INFO - ============================================================
2025-10-30 21:43:56,455 - INFO - ========================================
2025-10-30 21:43:56,455 - INFO - Found 14 niches to process: xiaomi, iphone, samsung, apple, sony, asus, philips, sandisk, intel, nvidia, amd, canon, nikon, huawei
2025-10-30 21:43:56,455 - INFO - ========================================
2025-10-30 21:43:56,455 - INFO - Continuing from last processed niche: apple
2025-10-30 21:43:56,455 - INFO - ========================================
2025-10-30 21:43:56,455 - INFO - 🎯 PROCESSING NICHE 5/14: 'sony'
2025-10-30 21:43:56,455 - INFO - ========================================
2025-10-30 21:43:56,455 - INFO - 📁 Niche directory: /home/runner/work/potensitech.com/potensitech.com/languages/english/keywords/sony
2025-10-30 21:43:56,456 - INFO - Selected region: us
2025-10-30 21:43:56,456 - INFO - Selected language: en
2025-10-30 21:43:56,456 - INFO - 🎯 Current niche: sony
2025-10-30 21:43:59,550 - INFO - 🎯 Niche terms for filtering: sony, cheap, best, latest, review, price, sell, buy, recommendation, tips, tutorial, guide, how to, vs, versus, compared to, comparison, alternatives, which is better, expensive, discount, deals, sale, affordable, cost, online, offline, marketplace, store, shop, retailer, where to buy, worst, quality, original, genuine, fake, replica, authentic, brand, manufacturer, company, product, sony product, sell sony, buy sony, cheap sony, best sony, sony review, where to buy sony, how to choose sony, top sony, sony guide, sony for sale, sony deals
2025-10-30 21:43:59,551 - INFO - Generated 50 niche-clue pairs for 'sony'.
2025-10-30 21:43:59,554 - INFO - Expanded 50 seed keywords to 218 variations
2025-10-30 21:43:59,554 - INFO - 🔧 Request Handler initialized - Success rate: 100.0%
2025-10-30 21:48:20,938 - INFO - Original clue keywords: camera lens, mirrorless technology
2025-10-30 21:48:20,938 - INFO - Niche-focused seeds: camera lens sony, sony camera lens, camera lens cheap, cheap camera lens, camera lens best, best camera lens, camera lens latest, latest camera lens, camera lens review, review camera lens, camera lens price, price camera lens, camera lens sell, sell camera lens, camera lens buy, buy camera lens, camera lens recommendation, recommendation camera lens, camera lens tips, tips camera lens, camera lens tutorial, tutorial camera lens, camera lens guide, guide camera lens, camera lens how to, how to camera lens, camera lens vs, vs camera lens, camera lens versus, versus camera lens, camera lens compared to, compared to camera lens, camera lens comparison, comparison camera lens, camera lens alternatives, alternatives camera lens, camera lens which is better, which is better camera lens, camera lens expensive, expensive camera lens, camera lens discount, discount camera lens, camera lens deals, deals camera lens, camera lens sale, sale camera lens, camera lens affordable, affordable camera lens, camera lens cost, cost camera lens, camera lens online, online camera lens, camera lens offline, offline camera lens, camera lens marketplace, marketplace camera lens, camera lens store, store camera lens, camera lens shop, shop camera lens, camera lens retailer, retailer camera lens, camera lens where to buy, where to buy camera lens, camera lens worst, worst camera lens, camera lens quality, quality camera lens, camera lens original, original camera lens, camera lens genuine, genuine camera lens, camera lens fake, fake camera lens, camera lens replica, replica camera lens, camera lens authentic, authentic camera lens, camera lens brand, brand camera lens, camera lens manufacturer, manufacturer camera lens, camera lens company, company camera lens, camera lens product, product camera lens, camera lens sony product, sony product camera lens, camera lens sell sony, sell sony camera lens, camera lens buy sony, buy sony camera lens, camera lens cheap sony, cheap sony camera lens, camera lens best sony, best sony camera lens, camera lens sony review, sony review camera lens, camera lens where to buy sony, where to buy sony camera lens, camera lens how to choose sony, how to choose sony camera lens, camera lens top sony, top sony camera lens, camera lens sony guide, sony guide camera lens, camera lens sony for sale, sony for sale camera lens, camera lens sony deals, sony deals camera lens, mirrorless technology sony, sony mirrorless technology, mirrorless technology cheap, cheap mirrorless technology, mirrorless technology best, best mirrorless technology, mirrorless technology latest, latest mirrorless technology, mirrorless technology review, review mirrorless technology, mirrorless technology price, price mirrorless technology, mirrorless technology sell, sell mirrorless technology, mirrorless technology buy, buy mirrorless technology, mirrorless technology recommendation, recommendation mirrorless technology, mirrorless technology tips, tips mirrorless technology, mirrorless technology tutorial, tutorial mirrorless technology, mirrorless technology guide, guide mirrorless technology, mirrorless technology how to, how to mirrorless technology, mirrorless technology vs, vs mirrorless technology, mirrorless technology versus, versus mirrorless technology, mirrorless technology compared to, compared to mirrorless technology, mirrorless technology comparison, comparison mirrorless technology, mirrorless technology alternatives, alternatives mirrorless technology, mirrorless technology which is better, which is better mirrorless technology, mirrorless technology expensive, expensive mirrorless technology, mirrorless technology discount, discount mirrorless technology, mirrorless technology deals, deals mirrorless technology, mirrorless technology sale, sale mirrorless technology, mirrorless technology affordable, affordable mirrorless technology, mirrorless technology cost, cost mirrorless technology, mirrorless technology online, online mirrorless technology, mirrorless technology offline, offline mirrorless technology, mirrorless technology marketplace, marketplace mirrorless technology, mirrorless technology store, store mirrorless technology, mirrorless technology shop, shop mirrorless technology, mirrorless technology retailer, retailer mirrorless technology, mirrorless technology where to buy, where to buy mirrorless technology, mirrorless technology worst, worst mirrorless technology, mirrorless technology quality, quality mirrorless technology, mirrorless technology original, original mirrorless technology, mirrorless technology genuine, genuine mirrorless technology, mirrorless technology fake, fake mirrorless technology, mirrorless technology replica, replica mirrorless technology, mirrorless technology authentic, authentic mirrorless technology, mirrorless technology brand, brand mirrorless technology, mirrorless technology manufacturer, manufacturer mirrorless technology, mirrorless technology company, company mirrorless technology, mirrorless technology product, product mirrorless technology, mirrorless technology sony product, sony product mirrorless technology, mirrorless technology sell sony, sell sony mirrorless technology, mirrorless technology buy sony, buy sony mirrorless technology, mirrorless technology cheap sony, cheap sony mirrorless technology, mirrorless technology best sony, best sony mirrorless technology, mirrorless technology sony review, sony review mirrorless technology, mirrorless technology where to buy sony, where to buy sony mirrorless technology, mirrorless technology how to choose sony, how to choose sony mirrorless technology, mirrorless technology top sony, top sony mirrorless technology, mirrorless technology sony guide, sony guide mirrorless technology, mirrorless technology sony for sale, sony for sale mirrorless technology, mirrorless technology sony deals, sony deals mirrorless technology
2025-10-30 21:48:20,941 - INFO - Expanded 220 seed keywords to 385 variations
2025-10-30 21:48:20,942 - INFO - Language: en
2025-10-30 21:48:20,942 - INFO - Region: us
2025-10-30 21:48:54,519 - INFO - 🎯 After all filtering for 'sony': 120 relevant keywords
2025-10-30 21:48:54,840 - INFO - 🎯 Found 5 new keywords for niche 'sony': sony affordable camera lens, sony affordable mirrorless technology, cheap alternatives camera lens, cheap alternatives mirrorless technology, best authentic camera lens
2025-10-30 21:49:03,007 - INFO - ✅ Niche 'sony' process complete! 180 total keyword results.
2025-10-30 21:49:03,007 - INFO - ✅ Completed processing niche: 'sony'
2025-10-30 21:49:03,007 - INFO - 🔧 Request Handler final stats - Success rate: 100.0%
2025-10-30 21:49:03,007 - INFO -    Total requests: 33565, Blocks: 0
2025-10-30 21:49:03,008 - INFO - 
========================================
2025-10-30 21:49:03,008 - INFO - Process Summary:
2025-10-30 21:49:03,008 - INFO - - Current niche: 'sony'
2025-10-30 21:49:03,008 - INFO - - Next niche will be: 'asus'
2025-10-30 21:49:03,008 - INFO - - Keywords saved in: languages/english/keywords/sony/
2025-10-30 21:49:03,009 - INFO - ========================================
