2025-10-20 14:38:00,447 - INFO - Log file created at: /home/runner/work/potensitech.com/potensitech.com/languages/english/keywords/logs/kw_search_20251020_143800.log
2025-10-20 14:38:00,447 - INFO - ============================================================
2025-10-20 14:38:00,447 - INFO - AUTOMATIC KEYWORD RESEARCH TOOL
2025-10-20 14:38:00,447 - INFO - ============================================================
2025-10-20 14:38:00,620 - INFO - ========================================
2025-10-20 14:38:00,620 - INFO - Found 14 niches to process: xiaomi, iphone, samsung, apple, sony, asus, philips, sandisk, intel, nvidia, amd, canon, nikon, huawei
2025-10-20 14:38:00,620 - INFO - ========================================
2025-10-20 14:38:00,620 - INFO - Continuing from last processed niche: iphone
2025-10-20 14:38:00,620 - INFO - ========================================
2025-10-20 14:38:00,621 - INFO - 🎯 PROCESSING NICHE 3/14: 'samsung'
2025-10-20 14:38:00,621 - INFO - ========================================
2025-10-20 14:38:00,621 - INFO - 📁 Niche directory: /home/runner/work/potensitech.com/potensitech.com/languages/english/keywords/samsung
2025-10-20 14:38:00,621 - INFO - Selected region: us
2025-10-20 14:38:00,621 - INFO - Selected language: en
2025-10-20 14:38:00,621 - INFO - 🎯 Current niche: samsung
2025-10-20 14:38:03,590 - INFO - 🎯 Niche terms for filtering: samsung, cheap, best, latest, review, price, sell, buy, recommendation, tips, tutorial, guide, how to, vs, versus, compared to, comparison, alternatives, which is better, expensive, discount, deals, sale, affordable, cost, online, offline, marketplace, store, shop, retailer, where to buy, worst, quality, original, genuine, fake, replica, authentic, brand, manufacturer, company, product, samsung product, sell samsung, buy samsung, cheap samsung, best samsung, samsung review, where to buy samsung, how to choose samsung, top samsung, samsung guide, samsung for sale, samsung deals
2025-10-20 14:38:03,591 - INFO - Generated 50 niche-clue pairs for 'samsung'.
2025-10-20 14:38:03,594 - INFO - Expanded 50 seed keywords to 218 variations
2025-10-20 14:38:03,594 - INFO - 🔧 Request Handler initialized - Success rate: 100.0%
2025-10-20 14:42:30,485 - INFO - Original clue keywords: dslr photography, camera lens
2025-10-20 14:42:30,485 - INFO - Niche-focused seeds: dslr photography samsung, samsung dslr photography, dslr photography cheap, cheap dslr photography, dslr photography best, best dslr photography, dslr photography latest, latest dslr photography, dslr photography review, review dslr photography, dslr photography price, price dslr photography, dslr photography sell, sell dslr photography, dslr photography buy, buy dslr photography, dslr photography recommendation, recommendation dslr photography, dslr photography tips, tips dslr photography, dslr photography tutorial, tutorial dslr photography, dslr photography guide, guide dslr photography, dslr photography how to, how to dslr photography, dslr photography vs, vs dslr photography, dslr photography versus, versus dslr photography, dslr photography compared to, compared to dslr photography, dslr photography comparison, comparison dslr photography, dslr photography alternatives, alternatives dslr photography, dslr photography which is better, which is better dslr photography, dslr photography expensive, expensive dslr photography, dslr photography discount, discount dslr photography, dslr photography deals, deals dslr photography, dslr photography sale, sale dslr photography, dslr photography affordable, affordable dslr photography, dslr photography cost, cost dslr photography, dslr photography online, online dslr photography, dslr photography offline, offline dslr photography, dslr photography marketplace, marketplace dslr photography, dslr photography store, store dslr photography, dslr photography shop, shop dslr photography, dslr photography retailer, retailer dslr photography, dslr photography where to buy, where to buy dslr photography, dslr photography worst, worst dslr photography, dslr photography quality, quality dslr photography, dslr photography original, original dslr photography, dslr photography genuine, genuine dslr photography, dslr photography fake, fake dslr photography, dslr photography replica, replica dslr photography, dslr photography authentic, authentic dslr photography, dslr photography brand, brand dslr photography, dslr photography manufacturer, manufacturer dslr photography, dslr photography company, company dslr photography, dslr photography product, product dslr photography, dslr photography samsung product, samsung product dslr photography, dslr photography sell samsung, sell samsung dslr photography, dslr photography buy samsung, buy samsung dslr photography, dslr photography cheap samsung, cheap samsung dslr photography, dslr photography best samsung, best samsung dslr photography, dslr photography samsung review, samsung review dslr photography, dslr photography where to buy samsung, where to buy samsung dslr photography, dslr photography how to choose samsung, how to choose samsung dslr photography, dslr photography top samsung, top samsung dslr photography, dslr photography samsung guide, samsung guide dslr photography, dslr photography samsung for sale, samsung for sale dslr photography, dslr photography samsung deals, samsung deals dslr photography, camera lens samsung, samsung camera lens, camera lens cheap, cheap camera lens, camera lens best, best camera lens, camera lens latest, latest camera lens, camera lens review, review camera lens, camera lens price, price camera lens, camera lens sell, sell camera lens, camera lens buy, buy camera lens, camera lens recommendation, recommendation camera lens, camera lens tips, tips camera lens, camera lens tutorial, tutorial camera lens, camera lens guide, guide camera lens, camera lens how to, how to camera lens, camera lens vs, vs camera lens, camera lens versus, versus camera lens, camera lens compared to, compared to camera lens, camera lens comparison, comparison camera lens, camera lens alternatives, alternatives camera lens, camera lens which is better, which is better camera lens, camera lens expensive, expensive camera lens, camera lens discount, discount camera lens, camera lens deals, deals camera lens, camera lens sale, sale camera lens, camera lens affordable, affordable camera lens, camera lens cost, cost camera lens, camera lens online, online camera lens, camera lens offline, offline camera lens, camera lens marketplace, marketplace camera lens, camera lens store, store camera lens, camera lens shop, shop camera lens, camera lens retailer, retailer camera lens, camera lens where to buy, where to buy camera lens, camera lens worst, worst camera lens, camera lens quality, quality camera lens, camera lens original, original camera lens, camera lens genuine, genuine camera lens, camera lens fake, fake camera lens, camera lens replica, replica camera lens, camera lens authentic, authentic camera lens, camera lens brand, brand camera lens, camera lens manufacturer, manufacturer camera lens, camera lens company, company camera lens, camera lens product, product camera lens, camera lens samsung product, samsung product camera lens, camera lens sell samsung, sell samsung camera lens, camera lens buy samsung, buy samsung camera lens, camera lens cheap samsung, cheap samsung camera lens, camera lens best samsung, best samsung camera lens, camera lens samsung review, samsung review camera lens, camera lens where to buy samsung, where to buy samsung camera lens, camera lens how to choose samsung, how to choose samsung camera lens, camera lens top samsung, top samsung camera lens, camera lens samsung guide, samsung guide camera lens, camera lens samsung for sale, samsung for sale camera lens, camera lens samsung deals, samsung deals camera lens
2025-10-20 14:42:30,488 - INFO - Expanded 220 seed keywords to 385 variations
2025-10-20 14:42:30,488 - INFO - Language: en
2025-10-20 14:42:30,488 - INFO - Region: us
2025-10-20 14:43:03,097 - INFO - 🎯 After all filtering for 'samsung': 120 relevant keywords
2025-10-20 14:43:03,413 - INFO - 🎯 Found 5 new keywords for niche 'samsung': samsung affordable camera lens, samsung affordable dslr photography, cheap alternatives dslr photography, best authentic dslr photography, how to brand dslr photography
2025-10-20 14:43:11,771 - INFO - ✅ Niche 'samsung' process complete! 139 total keyword results.
2025-10-20 14:43:11,771 - INFO - ✅ Completed processing niche: 'samsung'
2025-10-20 14:43:11,771 - INFO - 🔧 Request Handler final stats - Success rate: 100.0%
2025-10-20 14:43:11,771 - INFO -    Total requests: 28910, Blocks: 0
2025-10-20 14:43:11,772 - INFO - 
========================================
2025-10-20 14:43:11,772 - INFO - Process Summary:
2025-10-20 14:43:11,772 - INFO - - Current niche: 'samsung'
2025-10-20 14:43:11,772 - INFO - - Next niche will be: 'apple'
2025-10-20 14:43:11,772 - INFO - - Keywords saved in: languages/english/keywords/samsung/
2025-10-20 14:43:11,773 - INFO - ========================================
