2025-09-19 01:57:36,412 - INFO - Log file created at: /home/runner/work/potensitech.com/potensitech.com/languages/english/keywords/logs/kw_search_20250919_015736.log
2025-09-19 01:57:36,413 - INFO - ============================================================
2025-09-19 01:57:36,413 - INFO - AUTOMATIC KEYWORD RESEARCH TOOL
2025-09-19 01:57:36,413 - INFO - ============================================================
2025-09-19 01:57:36,523 - INFO - ========================================
2025-09-19 01:57:36,523 - INFO - Found 14 niches to process: xiaomi, iphone, samsung, apple, sony, asus, philips, sandisk, intel, nvidia, amd, canon, nikon, huawei
2025-09-19 01:57:36,523 - INFO - ========================================
2025-09-19 01:57:36,523 - INFO - Continuing from last processed niche: sandisk
2025-09-19 01:57:36,523 - INFO - ========================================
2025-09-19 01:57:36,523 - INFO - 🎯 PROCESSING NICHE 9/14: 'intel'
2025-09-19 01:57:36,524 - INFO - ========================================
2025-09-19 01:57:36,524 - INFO - 📁 Niche directory: /home/runner/work/potensitech.com/potensitech.com/languages/english/keywords/intel
2025-09-19 01:57:36,524 - INFO - Selected region: us
2025-09-19 01:57:36,524 - INFO - Selected language: en
2025-09-19 01:57:36,524 - INFO - 🎯 Current niche: intel
2025-09-19 01:57:42,464 - INFO - 🎯 Niche terms for filtering: intel, cheap, best, latest, review, price, sell, buy, recommendation, tips, tutorial, guide, how to, vs, versus, compared to, comparison, alternatives, which is better, expensive, discount, deals, sale, affordable, cost, online, offline, marketplace, store, shop, retailer, where to buy, worst, quality, original, genuine, fake, replica, authentic, brand, manufacturer, company, product, intel product, sell intel, buy intel, cheap intel, best intel, intel review, where to buy intel, how to choose intel, top intel, intel guide, intel for sale, intel deals
2025-09-19 01:57:42,464 - INFO - Generated 50 niche-clue pairs for 'intel'.
2025-09-19 01:57:42,467 - INFO - Expanded 50 seed keywords to 218 variations
2025-09-19 01:57:42,467 - INFO - 🔧 Request Handler initialized - Success rate: 100.0%
2025-09-19 02:02:04,182 - INFO - Original clue keywords: memory card, data transfer
2025-09-19 02:02:04,183 - INFO - Niche-focused seeds: memory card intel, intel memory card, memory card cheap, cheap memory card, memory card best, best memory card, memory card latest, latest memory card, memory card review, review memory card, memory card price, price memory card, memory card sell, sell memory card, memory card buy, buy memory card, memory card recommendation, recommendation memory card, memory card tips, tips memory card, memory card tutorial, tutorial memory card, memory card guide, guide memory card, memory card how to, how to memory card, memory card vs, vs memory card, memory card versus, versus memory card, memory card compared to, compared to memory card, memory card comparison, comparison memory card, memory card alternatives, alternatives memory card, memory card which is better, which is better memory card, memory card expensive, expensive memory card, memory card discount, discount memory card, memory card deals, deals memory card, memory card sale, sale memory card, memory card affordable, affordable memory card, memory card cost, cost memory card, memory card online, online memory card, memory card offline, offline memory card, memory card marketplace, marketplace memory card, memory card store, store memory card, memory card shop, shop memory card, memory card retailer, retailer memory card, memory card where to buy, where to buy memory card, memory card worst, worst memory card, memory card quality, quality memory card, memory card original, original memory card, memory card genuine, genuine memory card, memory card fake, fake memory card, memory card replica, replica memory card, memory card authentic, authentic memory card, memory card brand, brand memory card, memory card manufacturer, manufacturer memory card, memory card company, company memory card, memory card product, product memory card, memory card intel product, intel product memory card, memory card sell intel, sell intel memory card, memory card buy intel, buy intel memory card, memory card cheap intel, cheap intel memory card, memory card best intel, best intel memory card, memory card intel review, intel review memory card, memory card where to buy intel, where to buy intel memory card, memory card how to choose intel, how to choose intel memory card, memory card top intel, top intel memory card, memory card intel guide, intel guide memory card, memory card intel for sale, intel for sale memory card, memory card intel deals, intel deals memory card, data transfer intel, intel data transfer, data transfer cheap, cheap data transfer, data transfer best, best data transfer, data transfer latest, latest data transfer, data transfer review, review data transfer, data transfer price, price data transfer, data transfer sell, sell data transfer, data transfer buy, buy data transfer, data transfer recommendation, recommendation data transfer, data transfer tips, tips data transfer, data transfer tutorial, tutorial data transfer, data transfer guide, guide data transfer, data transfer how to, how to data transfer, data transfer vs, vs data transfer, data transfer versus, versus data transfer, data transfer compared to, compared to data transfer, data transfer comparison, comparison data transfer, data transfer alternatives, alternatives data transfer, data transfer which is better, which is better data transfer, data transfer expensive, expensive data transfer, data transfer discount, discount data transfer, data transfer deals, deals data transfer, data transfer sale, sale data transfer, data transfer affordable, affordable data transfer, data transfer cost, cost data transfer, data transfer online, online data transfer, data transfer offline, offline data transfer, data transfer marketplace, marketplace data transfer, data transfer store, store data transfer, data transfer shop, shop data transfer, data transfer retailer, retailer data transfer, data transfer where to buy, where to buy data transfer, data transfer worst, worst data transfer, data transfer quality, quality data transfer, data transfer original, original data transfer, data transfer genuine, genuine data transfer, data transfer fake, fake data transfer, data transfer replica, replica data transfer, data transfer authentic, authentic data transfer, data transfer brand, brand data transfer, data transfer manufacturer, manufacturer data transfer, data transfer company, company data transfer, data transfer product, product data transfer, data transfer intel product, intel product data transfer, data transfer sell intel, sell intel data transfer, data transfer buy intel, buy intel data transfer, data transfer cheap intel, cheap intel data transfer, data transfer best intel, best intel data transfer, data transfer intel review, intel review data transfer, data transfer where to buy intel, where to buy intel data transfer, data transfer how to choose intel, how to choose intel data transfer, data transfer top intel, top intel data transfer, data transfer intel guide, intel guide data transfer, data transfer intel for sale, intel for sale data transfer, data transfer intel deals, intel deals data transfer
2025-09-19 02:02:04,186 - INFO - Expanded 220 seed keywords to 385 variations
2025-09-19 02:02:04,186 - INFO - Language: en
2025-09-19 02:02:04,186 - INFO - Region: us
2025-09-19 02:04:13,990 - INFO - 🎯 After all filtering for 'intel': 120 relevant keywords
2025-09-19 02:04:14,032 - INFO - 🎯 Found 5 new keywords for niche 'intel': intel affordable data transfer, intel affordable memory card, cheap alternatives data transfer, cheap alternatives memory card, best authentic data transfer
2025-09-19 02:04:31,638 - INFO - ✅ Niche 'intel' process complete! 27 total keyword results.
2025-09-19 02:04:31,638 - INFO - ✅ Completed processing niche: 'intel'
2025-09-19 02:04:31,638 - INFO - 🔧 Request Handler final stats - Success rate: 100.0%
2025-09-19 02:04:31,638 - INFO -    Total requests: 6699, Blocks: 0
2025-09-19 02:04:31,639 - INFO - 
========================================
2025-09-19 02:04:31,639 - INFO - Process Summary:
2025-09-19 02:04:31,639 - INFO - - Current niche: 'intel'
2025-09-19 02:04:31,639 - INFO - - Next niche will be: 'nvidia'
2025-09-19 02:04:31,639 - INFO - - Keywords saved in: languages/english/keywords/intel/
2025-09-19 02:04:31,639 - INFO - ========================================
