2025-10-24 07:29:43,891 - INFO - Log file created at: /home/runner/work/potensitech.com/potensitech.com/languages/english/keywords/logs/kw_search_20251024_072943.log
2025-10-24 07:29:43,891 - INFO - ============================================================
2025-10-24 07:29:43,891 - INFO - AUTOMATIC KEYWORD RESEARCH TOOL
2025-10-24 07:29:43,891 - INFO - ============================================================
2025-10-24 07:29:44,077 - INFO - ========================================
2025-10-24 07:29:44,077 - INFO - Found 14 niches to process: xiaomi, iphone, samsung, apple, sony, asus, philips, sandisk, intel, nvidia, amd, canon, nikon, huawei
2025-10-24 07:29:44,077 - INFO - ========================================
2025-10-24 07:29:44,077 - INFO - Continuing from last processed niche: amd
2025-10-24 07:29:44,077 - INFO - ========================================
2025-10-24 07:29:44,077 - INFO - 🎯 PROCESSING NICHE 12/14: 'canon'
2025-10-24 07:29:44,077 - INFO - ========================================
2025-10-24 07:29:44,077 - INFO - 📁 Niche directory: /home/runner/work/potensitech.com/potensitech.com/languages/english/keywords/canon
2025-10-24 07:29:44,077 - INFO - Selected region: us
2025-10-24 07:29:44,077 - INFO - Selected language: en
2025-10-24 07:29:44,077 - INFO - 🎯 Current niche: canon
2025-10-24 07:29:47,501 - INFO - 🎯 Niche terms for filtering: canon, cheap, best, latest, review, price, sell, buy, recommendation, tips, tutorial, guide, how to, vs, versus, compared to, comparison, alternatives, which is better, expensive, discount, deals, sale, affordable, cost, online, offline, marketplace, store, shop, retailer, where to buy, worst, quality, original, genuine, fake, replica, authentic, brand, manufacturer, company, product, canon product, sell canon, buy canon, cheap canon, best canon, canon review, where to buy canon, how to choose canon, top canon, canon guide, canon for sale, canon deals
2025-10-24 07:29:47,501 - INFO - Generated 50 niche-clue pairs for 'canon'.
2025-10-24 07:29:47,504 - INFO - Expanded 50 seed keywords to 218 variations
2025-10-24 07:29:47,504 - INFO - 🔧 Request Handler initialized - Success rate: 100.0%
2025-10-24 07:34:11,779 - INFO - Original clue keywords: dslr photography, camera lens
2025-10-24 07:34:11,779 - INFO - Niche-focused seeds: dslr photography canon, canon dslr photography, dslr photography cheap, cheap dslr photography, dslr photography best, best dslr photography, dslr photography latest, latest dslr photography, dslr photography review, review dslr photography, dslr photography price, price dslr photography, dslr photography sell, sell dslr photography, dslr photography buy, buy dslr photography, dslr photography recommendation, recommendation dslr photography, dslr photography tips, tips dslr photography, dslr photography tutorial, tutorial dslr photography, dslr photography guide, guide dslr photography, dslr photography how to, how to dslr photography, dslr photography vs, vs dslr photography, dslr photography versus, versus dslr photography, dslr photography compared to, compared to dslr photography, dslr photography comparison, comparison dslr photography, dslr photography alternatives, alternatives dslr photography, dslr photography which is better, which is better dslr photography, dslr photography expensive, expensive dslr photography, dslr photography discount, discount dslr photography, dslr photography deals, deals dslr photography, dslr photography sale, sale dslr photography, dslr photography affordable, affordable dslr photography, dslr photography cost, cost dslr photography, dslr photography online, online dslr photography, dslr photography offline, offline dslr photography, dslr photography marketplace, marketplace dslr photography, dslr photography store, store dslr photography, dslr photography shop, shop dslr photography, dslr photography retailer, retailer dslr photography, dslr photography where to buy, where to buy dslr photography, dslr photography worst, worst dslr photography, dslr photography quality, quality dslr photography, dslr photography original, original dslr photography, dslr photography genuine, genuine dslr photography, dslr photography fake, fake dslr photography, dslr photography replica, replica dslr photography, dslr photography authentic, authentic dslr photography, dslr photography brand, brand dslr photography, dslr photography manufacturer, manufacturer dslr photography, dslr photography company, company dslr photography, dslr photography product, product dslr photography, dslr photography canon product, canon product dslr photography, dslr photography sell canon, sell canon dslr photography, dslr photography buy canon, buy canon dslr photography, dslr photography cheap canon, cheap canon dslr photography, dslr photography best canon, best canon dslr photography, dslr photography canon review, canon review dslr photography, dslr photography where to buy canon, where to buy canon dslr photography, dslr photography how to choose canon, how to choose canon dslr photography, dslr photography top canon, top canon dslr photography, dslr photography canon guide, canon guide dslr photography, dslr photography canon for sale, canon for sale dslr photography, dslr photography canon deals, canon deals dslr photography, camera lens canon, canon camera lens, camera lens cheap, cheap camera lens, camera lens best, best camera lens, camera lens latest, latest camera lens, camera lens review, review camera lens, camera lens price, price camera lens, camera lens sell, sell camera lens, camera lens buy, buy camera lens, camera lens recommendation, recommendation camera lens, camera lens tips, tips camera lens, camera lens tutorial, tutorial camera lens, camera lens guide, guide camera lens, camera lens how to, how to camera lens, camera lens vs, vs camera lens, camera lens versus, versus camera lens, camera lens compared to, compared to camera lens, camera lens comparison, comparison camera lens, camera lens alternatives, alternatives camera lens, camera lens which is better, which is better camera lens, camera lens expensive, expensive camera lens, camera lens discount, discount camera lens, camera lens deals, deals camera lens, camera lens sale, sale camera lens, camera lens affordable, affordable camera lens, camera lens cost, cost camera lens, camera lens online, online camera lens, camera lens offline, offline camera lens, camera lens marketplace, marketplace camera lens, camera lens store, store camera lens, camera lens shop, shop camera lens, camera lens retailer, retailer camera lens, camera lens where to buy, where to buy camera lens, camera lens worst, worst camera lens, camera lens quality, quality camera lens, camera lens original, original camera lens, camera lens genuine, genuine camera lens, camera lens fake, fake camera lens, camera lens replica, replica camera lens, camera lens authentic, authentic camera lens, camera lens brand, brand camera lens, camera lens manufacturer, manufacturer camera lens, camera lens company, company camera lens, camera lens product, product camera lens, camera lens canon product, canon product camera lens, camera lens sell canon, sell canon camera lens, camera lens buy canon, buy canon camera lens, camera lens cheap canon, cheap canon camera lens, camera lens best canon, best canon camera lens, camera lens canon review, canon review camera lens, camera lens where to buy canon, where to buy canon camera lens, camera lens how to choose canon, how to choose canon camera lens, camera lens top canon, top canon camera lens, camera lens canon guide, canon guide camera lens, camera lens canon for sale, canon for sale camera lens, camera lens canon deals, canon deals camera lens
2025-10-24 07:34:11,782 - INFO - Expanded 220 seed keywords to 385 variations
2025-10-24 07:34:11,782 - INFO - Language: en
2025-10-24 07:34:11,782 - INFO - Region: us
2025-10-24 07:34:45,865 - INFO - 🎯 After all filtering for 'canon': 120 relevant keywords
2025-10-24 07:34:46,184 - INFO - 🎯 Found 2 new keywords for niche 'canon': canon affordable camera lens, canon affordable dslr photography
2025-10-24 07:34:55,687 - INFO - ✅ Niche 'canon' process complete! 159 total keyword results.
2025-10-24 07:34:55,687 - INFO - ✅ Completed processing niche: 'canon'
2025-10-24 07:34:55,687 - INFO - 🔧 Request Handler final stats - Success rate: 100.0%
2025-10-24 07:34:55,688 - INFO -    Total requests: 30649, Blocks: 0
2025-10-24 07:34:55,688 - INFO - 
========================================
2025-10-24 07:34:55,689 - INFO - Process Summary:
2025-10-24 07:34:55,689 - INFO - - Current niche: 'canon'
2025-10-24 07:34:55,689 - INFO - - Next niche will be: 'nikon'
2025-10-24 07:34:55,689 - INFO - - Keywords saved in: languages/english/keywords/canon/
2025-10-24 07:34:55,689 - INFO - ========================================
