2025-10-01 07:30:03,718 - INFO - Log file created at: /home/runner/work/potensitech.com/potensitech.com/languages/english/keywords/logs/kw_search_20251001_073003.log
2025-10-01 07:30:03,718 - INFO - ============================================================
2025-10-01 07:30:03,719 - INFO - AUTOMATIC KEYWORD RESEARCH TOOL
2025-10-01 07:30:03,719 - INFO - ============================================================
2025-10-01 07:30:03,854 - INFO - ========================================
2025-10-01 07:30:03,854 - INFO - Found 14 niches to process: xiaomi, iphone, samsung, apple, sony, asus, philips, sandisk, intel, nvidia, amd, canon, nikon, huawei
2025-10-01 07:30:03,854 - INFO - ========================================
2025-10-01 07:30:03,854 - INFO - Continuing from last processed niche: sony
2025-10-01 07:30:03,854 - INFO - ========================================
2025-10-01 07:30:03,854 - INFO - 🎯 PROCESSING NICHE 6/14: 'asus'
2025-10-01 07:30:03,854 - INFO - ========================================
2025-10-01 07:30:03,854 - INFO - 📁 Niche directory: /home/runner/work/potensitech.com/potensitech.com/languages/english/keywords/asus
2025-10-01 07:30:03,854 - INFO - Selected region: us
2025-10-01 07:30:03,855 - INFO - Selected language: en
2025-10-01 07:30:03,855 - INFO - 🎯 Current niche: asus
2025-10-01 07:30:06,457 - INFO - 🎯 Niche terms for filtering: asus, cheap, best, latest, review, price, sell, buy, recommendation, tips, tutorial, guide, how to, vs, versus, compared to, comparison, alternatives, which is better, expensive, discount, deals, sale, affordable, cost, online, offline, marketplace, store, shop, retailer, where to buy, worst, quality, original, genuine, fake, replica, authentic, brand, manufacturer, company, product, asus product, sell asus, buy asus, cheap asus, best asus, asus review, where to buy asus, how to choose asus, top asus, asus guide, asus for sale, asus deals
2025-10-01 07:30:06,457 - INFO - Generated 50 niche-clue pairs for 'asus'.
2025-10-01 07:30:06,460 - INFO - Expanded 50 seed keywords to 218 variations
2025-10-01 07:30:06,461 - INFO - 🔧 Request Handler initialized - Success rate: 100.0%
2025-10-01 07:34:31,608 - INFO - Original clue keywords: graphics performance, portable ssd
2025-10-01 07:34:31,608 - INFO - Niche-focused seeds: graphics performance asus, asus graphics performance, graphics performance cheap, cheap graphics performance, graphics performance best, best graphics performance, graphics performance latest, latest graphics performance, graphics performance review, review graphics performance, graphics performance price, price graphics performance, graphics performance sell, sell graphics performance, graphics performance buy, buy graphics performance, graphics performance recommendation, recommendation graphics performance, graphics performance tips, tips graphics performance, graphics performance tutorial, tutorial graphics performance, graphics performance guide, guide graphics performance, graphics performance how to, how to graphics performance, graphics performance vs, vs graphics performance, graphics performance versus, versus graphics performance, graphics performance compared to, compared to graphics performance, graphics performance comparison, comparison graphics performance, graphics performance alternatives, alternatives graphics performance, graphics performance which is better, which is better graphics performance, graphics performance expensive, expensive graphics performance, graphics performance discount, discount graphics performance, graphics performance deals, deals graphics performance, graphics performance sale, sale graphics performance, graphics performance affordable, affordable graphics performance, graphics performance cost, cost graphics performance, graphics performance online, online graphics performance, graphics performance offline, offline graphics performance, graphics performance marketplace, marketplace graphics performance, graphics performance store, store graphics performance, graphics performance shop, shop graphics performance, graphics performance retailer, retailer graphics performance, graphics performance where to buy, where to buy graphics performance, graphics performance worst, worst graphics performance, graphics performance quality, quality graphics performance, graphics performance original, original graphics performance, graphics performance genuine, genuine graphics performance, graphics performance fake, fake graphics performance, graphics performance replica, replica graphics performance, graphics performance authentic, authentic graphics performance, graphics performance brand, brand graphics performance, graphics performance manufacturer, manufacturer graphics performance, graphics performance company, company graphics performance, graphics performance product, product graphics performance, graphics performance asus product, asus product graphics performance, graphics performance sell asus, sell asus graphics performance, graphics performance buy asus, buy asus graphics performance, graphics performance cheap asus, cheap asus graphics performance, graphics performance best asus, best asus graphics performance, graphics performance asus review, asus review graphics performance, graphics performance where to buy asus, where to buy asus graphics performance, graphics performance how to choose asus, how to choose asus graphics performance, graphics performance top asus, top asus graphics performance, graphics performance asus guide, asus guide graphics performance, graphics performance asus for sale, asus for sale graphics performance, graphics performance asus deals, asus deals graphics performance, portable ssd asus, asus portable ssd, portable ssd cheap, cheap portable ssd, portable ssd best, best portable ssd, portable ssd latest, latest portable ssd, portable ssd review, review portable ssd, portable ssd price, price portable ssd, portable ssd sell, sell portable ssd, portable ssd buy, buy portable ssd, portable ssd recommendation, recommendation portable ssd, portable ssd tips, tips portable ssd, portable ssd tutorial, tutorial portable ssd, portable ssd guide, guide portable ssd, portable ssd how to, how to portable ssd, portable ssd vs, vs portable ssd, portable ssd versus, versus portable ssd, portable ssd compared to, compared to portable ssd, portable ssd comparison, comparison portable ssd, portable ssd alternatives, alternatives portable ssd, portable ssd which is better, which is better portable ssd, portable ssd expensive, expensive portable ssd, portable ssd discount, discount portable ssd, portable ssd deals, deals portable ssd, portable ssd sale, sale portable ssd, portable ssd affordable, affordable portable ssd, portable ssd cost, cost portable ssd, portable ssd online, online portable ssd, portable ssd offline, offline portable ssd, portable ssd marketplace, marketplace portable ssd, portable ssd store, store portable ssd, portable ssd shop, shop portable ssd, portable ssd retailer, retailer portable ssd, portable ssd where to buy, where to buy portable ssd, portable ssd worst, worst portable ssd, portable ssd quality, quality portable ssd, portable ssd original, original portable ssd, portable ssd genuine, genuine portable ssd, portable ssd fake, fake portable ssd, portable ssd replica, replica portable ssd, portable ssd authentic, authentic portable ssd, portable ssd brand, brand portable ssd, portable ssd manufacturer, manufacturer portable ssd, portable ssd company, company portable ssd, portable ssd product, product portable ssd, portable ssd asus product, asus product portable ssd, portable ssd sell asus, sell asus portable ssd, portable ssd buy asus, buy asus portable ssd, portable ssd cheap asus, cheap asus portable ssd, portable ssd best asus, best asus portable ssd, portable ssd asus review, asus review portable ssd, portable ssd where to buy asus, where to buy asus portable ssd, portable ssd how to choose asus, how to choose asus portable ssd, portable ssd top asus, top asus portable ssd, portable ssd asus guide, asus guide portable ssd, portable ssd asus for sale, asus for sale portable ssd, portable ssd asus deals, asus deals portable ssd
2025-10-01 07:34:31,611 - INFO - Expanded 220 seed keywords to 385 variations
2025-10-01 07:34:31,611 - INFO - Language: en
2025-10-01 07:34:31,611 - INFO - Region: us
2025-10-01 07:36:40,925 - INFO - 🎯 After all filtering for 'asus': 120 relevant keywords
2025-10-01 07:36:41,186 - INFO - 🎯 Found 5 new keywords for niche 'asus': asus affordable graphics performance, asus affordable portable ssd, cheap alternatives portable ssd, best authentic portable ssd, how to brand portable ssd
2025-10-01 07:36:48,683 - INFO - ✅ Niche 'asus' process complete! 82 total keyword results.
2025-10-01 07:36:48,683 - INFO - ✅ Completed processing niche: 'asus'
2025-10-01 07:36:48,683 - INFO - 🔧 Request Handler final stats - Success rate: 100.0%
2025-10-01 07:36:48,683 - INFO -    Total requests: 16180, Blocks: 0
2025-10-01 07:36:48,684 - INFO - 
========================================
2025-10-01 07:36:48,684 - INFO - Process Summary:
2025-10-01 07:36:48,685 - INFO - - Current niche: 'asus'
2025-10-01 07:36:48,685 - INFO - - Next niche will be: 'philips'
2025-10-01 07:36:48,685 - INFO - - Keywords saved in: languages/english/keywords/asus/
2025-10-01 07:36:48,685 - INFO - ========================================
