2026-01-17 03:42:21,478 - INFO - Log file created at: /home/runner/work/potensitech.com/potensitech.com/languages/english/keywords/logs/kw_search_20260117_034221.log
2026-01-17 03:42:21,478 - INFO - ============================================================
2026-01-17 03:42:21,478 - INFO - AUTOMATIC KEYWORD RESEARCH TOOL
2026-01-17 03:42:21,478 - INFO - ============================================================
2026-01-17 03:42:21,745 - INFO - ========================================
2026-01-17 03:42:21,745 - INFO - Found 14 niches to process: xiaomi, iphone, samsung, apple, sony, asus, philips, sandisk, intel, nvidia, amd, canon, nikon, huawei
2026-01-17 03:42:21,745 - INFO - ========================================
2026-01-17 03:42:21,745 - INFO - Continuing from last processed niche: iphone
2026-01-17 03:42:21,745 - INFO - ========================================
2026-01-17 03:42:21,745 - INFO - 🎯 PROCESSING NICHE 3/14: 'samsung'
2026-01-17 03:42:21,746 - INFO - ========================================
2026-01-17 03:42:21,746 - INFO - 📁 Niche directory: /home/runner/work/potensitech.com/potensitech.com/languages/english/keywords/samsung
2026-01-17 03:42:21,746 - INFO - Selected region: us
2026-01-17 03:42:21,746 - INFO - Selected language: en
2026-01-17 03:42:21,746 - INFO - 🎯 Current niche: samsung
2026-01-17 03:42:26,634 - INFO - 🎯 Niche terms for filtering: samsung, cheap, best, latest, review, price, sell, buy, recommendation, tips, tutorial, guide, how to, vs, versus, compared to, comparison, alternatives, which is better, expensive, discount, deals, sale, affordable, cost, online, offline, marketplace, store, shop, retailer, where to buy, worst, quality, original, genuine, fake, replica, authentic, brand, manufacturer, company, product, samsung product, sell samsung, buy samsung, cheap samsung, best samsung, samsung review, where to buy samsung, how to choose samsung, top samsung, samsung guide, samsung for sale, samsung deals
2026-01-17 03:42:26,634 - INFO - Generated 50 niche-clue pairs for 'samsung'.
2026-01-17 03:42:26,639 - INFO - Expanded 50 seed keywords to 218 variations
2026-01-17 03:42:26,639 - INFO - 🔧 Request Handler initialized - Success rate: 100.0%
2026-01-17 03:46:49,716 - INFO - Original clue keywords: camera lenses, chipset compatibility
2026-01-17 03:46:49,716 - INFO - Niche-focused seeds: camera lenses samsung, samsung camera lenses, camera lenses cheap, cheap camera lenses, camera lenses best, best camera lenses, camera lenses latest, latest camera lenses, camera lenses review, review camera lenses, camera lenses price, price camera lenses, camera lenses sell, sell camera lenses, camera lenses buy, buy camera lenses, camera lenses recommendation, recommendation camera lenses, camera lenses tips, tips camera lenses, camera lenses tutorial, tutorial camera lenses, camera lenses guide, guide camera lenses, camera lenses how to, how to camera lenses, camera lenses vs, vs camera lenses, camera lenses versus, versus camera lenses, camera lenses compared to, compared to camera lenses, camera lenses comparison, comparison camera lenses, camera lenses alternatives, alternatives camera lenses, camera lenses which is better, which is better camera lenses, camera lenses expensive, expensive camera lenses, camera lenses discount, discount camera lenses, camera lenses deals, deals camera lenses, camera lenses sale, sale camera lenses, camera lenses affordable, affordable camera lenses, camera lenses cost, cost camera lenses, camera lenses online, online camera lenses, camera lenses offline, offline camera lenses, camera lenses marketplace, marketplace camera lenses, camera lenses store, store camera lenses, camera lenses shop, shop camera lenses, camera lenses retailer, retailer camera lenses, camera lenses where to buy, where to buy camera lenses, camera lenses worst, worst camera lenses, camera lenses quality, quality camera lenses, camera lenses original, original camera lenses, camera lenses genuine, genuine camera lenses, camera lenses fake, fake camera lenses, camera lenses replica, replica camera lenses, camera lenses authentic, authentic camera lenses, camera lenses brand, brand camera lenses, camera lenses manufacturer, manufacturer camera lenses, camera lenses company, company camera lenses, camera lenses product, product camera lenses, camera lenses samsung product, samsung product camera lenses, camera lenses sell samsung, sell samsung camera lenses, camera lenses buy samsung, buy samsung camera lenses, camera lenses cheap samsung, cheap samsung camera lenses, camera lenses best samsung, best samsung camera lenses, camera lenses samsung review, samsung review camera lenses, camera lenses where to buy samsung, where to buy samsung camera lenses, camera lenses how to choose samsung, how to choose samsung camera lenses, camera lenses top samsung, top samsung camera lenses, camera lenses samsung guide, samsung guide camera lenses, camera lenses samsung for sale, samsung for sale camera lenses, camera lenses samsung deals, samsung deals camera lenses, chipset compatibility samsung, samsung chipset compatibility, chipset compatibility cheap, cheap chipset compatibility, chipset compatibility best, best chipset compatibility, chipset compatibility latest, latest chipset compatibility, chipset compatibility review, review chipset compatibility, chipset compatibility price, price chipset compatibility, chipset compatibility sell, sell chipset compatibility, chipset compatibility buy, buy chipset compatibility, chipset compatibility recommendation, recommendation chipset compatibility, chipset compatibility tips, tips chipset compatibility, chipset compatibility tutorial, tutorial chipset compatibility, chipset compatibility guide, guide chipset compatibility, chipset compatibility how to, how to chipset compatibility, chipset compatibility vs, vs chipset compatibility, chipset compatibility versus, versus chipset compatibility, chipset compatibility compared to, compared to chipset compatibility, chipset compatibility comparison, comparison chipset compatibility, chipset compatibility alternatives, alternatives chipset compatibility, chipset compatibility which is better, which is better chipset compatibility, chipset compatibility expensive, expensive chipset compatibility, chipset compatibility discount, discount chipset compatibility, chipset compatibility deals, deals chipset compatibility, chipset compatibility sale, sale chipset compatibility, chipset compatibility affordable, affordable chipset compatibility, chipset compatibility cost, cost chipset compatibility, chipset compatibility online, online chipset compatibility, chipset compatibility offline, offline chipset compatibility, chipset compatibility marketplace, marketplace chipset compatibility, chipset compatibility store, store chipset compatibility, chipset compatibility shop, shop chipset compatibility, chipset compatibility retailer, retailer chipset compatibility, chipset compatibility where to buy, where to buy chipset compatibility, chipset compatibility worst, worst chipset compatibility, chipset compatibility quality, quality chipset compatibility, chipset compatibility original, original chipset compatibility, chipset compatibility genuine, genuine chipset compatibility, chipset compatibility fake, fake chipset compatibility, chipset compatibility replica, replica chipset compatibility, chipset compatibility authentic, authentic chipset compatibility, chipset compatibility brand, brand chipset compatibility, chipset compatibility manufacturer, manufacturer chipset compatibility, chipset compatibility company, company chipset compatibility, chipset compatibility product, product chipset compatibility, chipset compatibility samsung product, samsung product chipset compatibility, chipset compatibility sell samsung, sell samsung chipset compatibility, chipset compatibility buy samsung, buy samsung chipset compatibility, chipset compatibility cheap samsung, cheap samsung chipset compatibility, chipset compatibility best samsung, best samsung chipset compatibility, chipset compatibility samsung review, samsung review chipset compatibility, chipset compatibility where to buy samsung, where to buy samsung chipset compatibility, chipset compatibility how to choose samsung, how to choose samsung chipset compatibility, chipset compatibility top samsung, top samsung chipset compatibility, chipset compatibility samsung guide, samsung guide chipset compatibility, chipset compatibility samsung for sale, samsung for sale chipset compatibility, chipset compatibility samsung deals, samsung deals chipset compatibility
2026-01-17 03:46:49,719 - INFO - Expanded 220 seed keywords to 385 variations
2026-01-17 03:46:49,719 - INFO - Language: en
2026-01-17 03:46:49,720 - INFO - Region: us
2026-01-17 03:47:24,633 - INFO - 🎯 After all filtering for 'samsung': 120 relevant keywords
2026-01-17 03:47:25,722 - INFO - 🎯 Found 2 new keywords for niche 'samsung': samsung affordable camera lenses, samsung affordable chipset compatibility
2026-01-17 03:47:34,366 - INFO - ✅ Niche 'samsung' process complete! 354 total keyword results.
2026-01-17 03:47:34,366 - INFO - ✅ Completed processing niche: 'samsung'
2026-01-17 03:47:34,366 - INFO - 🔧 Request Handler final stats - Success rate: 100.0%
2026-01-17 03:47:34,366 - INFO -    Total requests: 72289, Blocks: 0
2026-01-17 03:47:34,367 - INFO - 
========================================
2026-01-17 03:47:34,367 - INFO - Process Summary:
2026-01-17 03:47:34,367 - INFO - - Current niche: 'samsung'
2026-01-17 03:47:34,368 - INFO - - Next niche will be: 'apple'
2026-01-17 03:47:34,368 - INFO - - Keywords saved in: languages/english/keywords/samsung/
2026-01-17 03:47:34,368 - INFO - ========================================
