2025-10-16 03:15:26,144 - INFO - Log file created at: /home/runner/work/potensitech.com/potensitech.com/languages/english/keywords/logs/kw_search_20251016_031526.log
2025-10-16 03:15:26,144 - INFO - ============================================================
2025-10-16 03:15:26,144 - INFO - AUTOMATIC KEYWORD RESEARCH TOOL
2025-10-16 03:15:26,145 - INFO - ============================================================
2025-10-16 03:15:26,319 - INFO - ========================================
2025-10-16 03:15:26,319 - INFO - Found 14 niches to process: xiaomi, iphone, samsung, apple, sony, asus, philips, sandisk, intel, nvidia, amd, canon, nikon, huawei
2025-10-16 03:15:26,319 - INFO - ========================================
2025-10-16 03:15:26,320 - INFO - Continuing from last processed niche: nikon
2025-10-16 03:15:26,320 - INFO - ========================================
2025-10-16 03:15:26,320 - INFO - 🎯 PROCESSING NICHE 14/14: 'huawei'
2025-10-16 03:15:26,320 - INFO - ========================================
2025-10-16 03:15:26,320 - INFO - 📁 Niche directory: /home/runner/work/potensitech.com/potensitech.com/languages/english/keywords/huawei
2025-10-16 03:15:26,320 - INFO - Selected region: us
2025-10-16 03:15:26,320 - INFO - Selected language: en
2025-10-16 03:15:26,320 - INFO - 🎯 Current niche: huawei
2025-10-16 03:15:29,125 - INFO - 🎯 Niche terms for filtering: huawei, cheap, best, latest, review, price, sell, buy, recommendation, tips, tutorial, guide, how to, vs, versus, compared to, comparison, alternatives, which is better, expensive, discount, deals, sale, affordable, cost, online, offline, marketplace, store, shop, retailer, where to buy, worst, quality, original, genuine, fake, replica, authentic, brand, manufacturer, company, product, huawei product, sell huawei, buy huawei, cheap huawei, best huawei, huawei review, where to buy huawei, how to choose huawei, top huawei, huawei guide, huawei for sale, huawei deals
2025-10-16 03:15:29,125 - INFO - Generated 50 niche-clue pairs for 'huawei'.
2025-10-16 03:15:29,128 - INFO - Expanded 50 seed keywords to 218 variations
2025-10-16 03:15:29,128 - INFO - 🔧 Request Handler initialized - Success rate: 100.0%
2025-10-16 03:19:57,217 - INFO - Original clue keywords: camera lens, gpu performance
2025-10-16 03:19:57,217 - INFO - Niche-focused seeds: camera lens huawei, huawei camera lens, camera lens cheap, cheap camera lens, camera lens best, best camera lens, camera lens latest, latest camera lens, camera lens review, review camera lens, camera lens price, price camera lens, camera lens sell, sell camera lens, camera lens buy, buy camera lens, camera lens recommendation, recommendation camera lens, camera lens tips, tips camera lens, camera lens tutorial, tutorial camera lens, camera lens guide, guide camera lens, camera lens how to, how to camera lens, camera lens vs, vs camera lens, camera lens versus, versus camera lens, camera lens compared to, compared to camera lens, camera lens comparison, comparison camera lens, camera lens alternatives, alternatives camera lens, camera lens which is better, which is better camera lens, camera lens expensive, expensive camera lens, camera lens discount, discount camera lens, camera lens deals, deals camera lens, camera lens sale, sale camera lens, camera lens affordable, affordable camera lens, camera lens cost, cost camera lens, camera lens online, online camera lens, camera lens offline, offline camera lens, camera lens marketplace, marketplace camera lens, camera lens store, store camera lens, camera lens shop, shop camera lens, camera lens retailer, retailer camera lens, camera lens where to buy, where to buy camera lens, camera lens worst, worst camera lens, camera lens quality, quality camera lens, camera lens original, original camera lens, camera lens genuine, genuine camera lens, camera lens fake, fake camera lens, camera lens replica, replica camera lens, camera lens authentic, authentic camera lens, camera lens brand, brand camera lens, camera lens manufacturer, manufacturer camera lens, camera lens company, company camera lens, camera lens product, product camera lens, camera lens huawei product, huawei product camera lens, camera lens sell huawei, sell huawei camera lens, camera lens buy huawei, buy huawei camera lens, camera lens cheap huawei, cheap huawei camera lens, camera lens best huawei, best huawei camera lens, camera lens huawei review, huawei review camera lens, camera lens where to buy huawei, where to buy huawei camera lens, camera lens how to choose huawei, how to choose huawei camera lens, camera lens top huawei, top huawei camera lens, camera lens huawei guide, huawei guide camera lens, camera lens huawei for sale, huawei for sale camera lens, camera lens huawei deals, huawei deals camera lens, gpu performance huawei, huawei gpu performance, gpu performance cheap, cheap gpu performance, gpu performance best, best gpu performance, gpu performance latest, latest gpu performance, gpu performance review, review gpu performance, gpu performance price, price gpu performance, gpu performance sell, sell gpu performance, gpu performance buy, buy gpu performance, gpu performance recommendation, recommendation gpu performance, gpu performance tips, tips gpu performance, gpu performance tutorial, tutorial gpu performance, gpu performance guide, guide gpu performance, gpu performance how to, how to gpu performance, gpu performance vs, vs gpu performance, gpu performance versus, versus gpu performance, gpu performance compared to, compared to gpu performance, gpu performance comparison, comparison gpu performance, gpu performance alternatives, alternatives gpu performance, gpu performance which is better, which is better gpu performance, gpu performance expensive, expensive gpu performance, gpu performance discount, discount gpu performance, gpu performance deals, deals gpu performance, gpu performance sale, sale gpu performance, gpu performance affordable, affordable gpu performance, gpu performance cost, cost gpu performance, gpu performance online, online gpu performance, gpu performance offline, offline gpu performance, gpu performance marketplace, marketplace gpu performance, gpu performance store, store gpu performance, gpu performance shop, shop gpu performance, gpu performance retailer, retailer gpu performance, gpu performance where to buy, where to buy gpu performance, gpu performance worst, worst gpu performance, gpu performance quality, quality gpu performance, gpu performance original, original gpu performance, gpu performance genuine, genuine gpu performance, gpu performance fake, fake gpu performance, gpu performance replica, replica gpu performance, gpu performance authentic, authentic gpu performance, gpu performance brand, brand gpu performance, gpu performance manufacturer, manufacturer gpu performance, gpu performance company, company gpu performance, gpu performance product, product gpu performance, gpu performance huawei product, huawei product gpu performance, gpu performance sell huawei, sell huawei gpu performance, gpu performance buy huawei, buy huawei gpu performance, gpu performance cheap huawei, cheap huawei gpu performance, gpu performance best huawei, best huawei gpu performance, gpu performance huawei review, huawei review gpu performance, gpu performance where to buy huawei, where to buy huawei gpu performance, gpu performance how to choose huawei, how to choose huawei gpu performance, gpu performance top huawei, top huawei gpu performance, gpu performance huawei guide, huawei guide gpu performance, gpu performance huawei for sale, huawei for sale gpu performance, gpu performance huawei deals, huawei deals gpu performance
2025-10-16 03:19:57,220 - INFO - Expanded 220 seed keywords to 385 variations
2025-10-16 03:19:57,221 - INFO - Language: en
2025-10-16 03:19:57,221 - INFO - Region: us
2025-10-16 03:20:29,599 - INFO - 🎯 After all filtering for 'huawei': 120 relevant keywords
2025-10-16 03:20:29,959 - INFO - 🎯 Found 5 new keywords for niche 'huawei': huawei affordable camera lens, huawei affordable gpu performance, cheap alternatives gpu performance, best authentic gpu performance, how to brand gpu performance
2025-10-16 03:20:38,652 - INFO - ✅ Niche 'huawei' process complete! 126 total keyword results.
2025-10-16 03:20:38,653 - INFO - ✅ Completed processing niche: 'huawei'
2025-10-16 03:20:38,653 - INFO - 🔧 Request Handler final stats - Success rate: 100.0%
2025-10-16 03:20:38,653 - INFO -    Total requests: 26591, Blocks: 0
2025-10-16 03:20:38,654 - INFO - 
========================================
2025-10-16 03:20:38,654 - INFO - Process Summary:
2025-10-16 03:20:38,654 - INFO - - Current niche: 'huawei'
2025-10-16 03:20:38,654 - INFO - - Next niche will be: 'xiaomi'
2025-10-16 03:20:38,654 - INFO - - Keywords saved in: languages/english/keywords/huawei/
2025-10-16 03:20:38,654 - INFO - ========================================
