2025-10-02 07:28:08,134 - INFO - Log file created at: /home/runner/work/potensitech.com/potensitech.com/languages/english/keywords/logs/kw_search_20251002_072808.log
2025-10-02 07:28:08,134 - INFO - ============================================================
2025-10-02 07:28:08,134 - INFO - AUTOMATIC KEYWORD RESEARCH TOOL
2025-10-02 07:28:08,134 - INFO - ============================================================
2025-10-02 07:28:08,271 - INFO - ========================================
2025-10-02 07:28:08,271 - INFO - Found 14 niches to process: xiaomi, iphone, samsung, apple, sony, asus, philips, sandisk, intel, nvidia, amd, canon, nikon, huawei
2025-10-02 07:28:08,271 - INFO - ========================================
2025-10-02 07:28:08,271 - INFO - Continuing from last processed niche: xiaomi
2025-10-02 07:28:08,271 - INFO - ========================================
2025-10-02 07:28:08,271 - INFO - 🎯 PROCESSING NICHE 2/14: 'iphone'
2025-10-02 07:28:08,271 - INFO - ========================================
2025-10-02 07:28:08,271 - INFO - 📁 Niche directory: /home/runner/work/potensitech.com/potensitech.com/languages/english/keywords/iphone
2025-10-02 07:28:08,271 - INFO - Selected region: us
2025-10-02 07:28:08,271 - INFO - Selected language: en
2025-10-02 07:28:08,271 - INFO - 🎯 Current niche: iphone
2025-10-02 07:28:11,833 - INFO - 🎯 Niche terms for filtering: iphone, cheap, best, latest, review, price, sell, buy, recommendation, tips, tutorial, guide, how to, vs, versus, compared to, comparison, alternatives, which is better, expensive, discount, deals, sale, affordable, cost, online, offline, marketplace, store, shop, retailer, where to buy, worst, quality, original, genuine, fake, replica, authentic, brand, manufacturer, company, product, iphone product, sell iphone, buy iphone, cheap iphone, best iphone, iphone review, where to buy iphone, how to choose iphone, top iphone, iphone guide, iphone for sale, iphone deals
2025-10-02 07:28:11,834 - INFO - Generated 50 niche-clue pairs for 'iphone'.
2025-10-02 07:28:11,836 - INFO - Expanded 50 seed keywords to 218 variations
2025-10-02 07:28:11,837 - INFO - 🔧 Request Handler initialized - Success rate: 100.0%
2025-10-02 07:32:32,364 - INFO - Original clue keywords: image quality, camera lens
2025-10-02 07:32:32,364 - INFO - Niche-focused seeds: image quality, camera lens iphone, iphone camera lens, camera lens cheap, cheap camera lens, camera lens best, best camera lens, camera lens latest, latest camera lens, camera lens review, review camera lens, camera lens price, price camera lens, camera lens sell, sell camera lens, camera lens buy, buy camera lens, camera lens recommendation, recommendation camera lens, camera lens tips, tips camera lens, camera lens tutorial, tutorial camera lens, camera lens guide, guide camera lens, camera lens how to, how to camera lens, camera lens vs, vs camera lens, camera lens versus, versus camera lens, camera lens compared to, compared to camera lens, camera lens comparison, comparison camera lens, camera lens alternatives, alternatives camera lens, camera lens which is better, which is better camera lens, camera lens expensive, expensive camera lens, camera lens discount, discount camera lens, camera lens deals, deals camera lens, camera lens sale, sale camera lens, camera lens affordable, affordable camera lens, camera lens cost, cost camera lens, camera lens online, online camera lens, camera lens offline, offline camera lens, camera lens marketplace, marketplace camera lens, camera lens store, store camera lens, camera lens shop, shop camera lens, camera lens retailer, retailer camera lens, camera lens where to buy, where to buy camera lens, camera lens worst, worst camera lens, camera lens quality, quality camera lens, camera lens original, original camera lens, camera lens genuine, genuine camera lens, camera lens fake, fake camera lens, camera lens replica, replica camera lens, camera lens authentic, authentic camera lens, camera lens brand, brand camera lens, camera lens manufacturer, manufacturer camera lens, camera lens company, company camera lens, camera lens product, product camera lens, camera lens iphone product, iphone product camera lens, camera lens sell iphone, sell iphone camera lens, camera lens buy iphone, buy iphone camera lens, camera lens cheap iphone, cheap iphone camera lens, camera lens best iphone, best iphone camera lens, camera lens iphone review, iphone review camera lens, camera lens where to buy iphone, where to buy iphone camera lens, camera lens how to choose iphone, how to choose iphone camera lens, camera lens top iphone, top iphone camera lens, camera lens iphone guide, iphone guide camera lens, camera lens iphone for sale, iphone for sale camera lens, camera lens iphone deals, iphone deals camera lens
2025-10-02 07:32:32,367 - INFO - Expanded 111 seed keywords to 276 variations
2025-10-02 07:32:32,367 - INFO - Language: en
2025-10-02 07:32:32,368 - INFO - Region: us
2025-10-02 07:34:38,411 - INFO - 🎯 After all filtering for 'iphone': 119 relevant keywords
2025-10-02 07:34:38,679 - INFO - 🎯 Found 4 new keywords for niche 'iphone': iphone image quality, cheap image quality, best image quality, iphone affordable camera lens
2025-10-02 07:34:46,211 - INFO - ✅ Niche 'iphone' process complete! 112 total keyword results.
2025-10-02 07:34:46,211 - INFO - ✅ Completed processing niche: 'iphone'
2025-10-02 07:34:46,211 - INFO - 🔧 Request Handler final stats - Success rate: 100.0%
2025-10-02 07:34:46,211 - INFO -    Total requests: 16782, Blocks: 0
2025-10-02 07:34:46,212 - INFO - 
========================================
2025-10-02 07:34:46,213 - INFO - Process Summary:
2025-10-02 07:34:46,213 - INFO - - Current niche: 'iphone'
2025-10-02 07:34:46,213 - INFO - - Next niche will be: 'samsung'
2025-10-02 07:34:46,213 - INFO - - Keywords saved in: languages/english/keywords/iphone/
2025-10-02 07:34:46,213 - INFO - ========================================
