2025-12-15 02:23:11,553 - INFO - Log file created at: /home/runner/work/potensitech.com/potensitech.com/languages/english/keywords/logs/kw_search_20251215_022311.log
2025-12-15 02:23:11,553 - INFO - ============================================================
2025-12-15 02:23:11,553 - INFO - AUTOMATIC KEYWORD RESEARCH TOOL
2025-12-15 02:23:11,553 - INFO - ============================================================
2025-12-15 02:23:12,779 - INFO - ========================================
2025-12-15 02:23:12,779 - INFO - Found 14 niches to process: xiaomi, iphone, samsung, apple, sony, asus, philips, sandisk, intel, nvidia, amd, canon, nikon, huawei
2025-12-15 02:23:12,779 - INFO - ========================================
2025-12-15 02:23:12,779 - INFO - Continuing from last processed niche: philips
2025-12-15 02:23:12,779 - INFO - ========================================
2025-12-15 02:23:12,779 - INFO - 🎯 PROCESSING NICHE 8/14: 'sandisk'
2025-12-15 02:23:12,779 - INFO - ========================================
2025-12-15 02:23:12,779 - INFO - 📁 Niche directory: /home/runner/work/potensitech.com/potensitech.com/languages/english/keywords/sandisk
2025-12-15 02:23:12,780 - INFO - Selected region: us
2025-12-15 02:23:12,780 - INFO - Selected language: en
2025-12-15 02:23:12,780 - INFO - 🎯 Current niche: sandisk
2025-12-15 02:23:15,577 - INFO - 🎯 Niche terms for filtering: sandisk, cheap, best, latest, review, price, sell, buy, recommendation, tips, tutorial, guide, how to, vs, versus, compared to, comparison, alternatives, which is better, expensive, discount, deals, sale, affordable, cost, online, offline, marketplace, store, shop, retailer, where to buy, worst, quality, original, genuine, fake, replica, authentic, brand, manufacturer, company, product, sandisk product, sell sandisk, buy sandisk, cheap sandisk, best sandisk, sandisk review, where to buy sandisk, how to choose sandisk, top sandisk, sandisk guide, sandisk for sale, sandisk deals
2025-12-15 02:23:15,578 - INFO - Generated 50 niche-clue pairs for 'sandisk'.
2025-12-15 02:23:15,581 - INFO - Expanded 50 seed keywords to 218 variations
2025-12-15 02:23:15,581 - INFO - 🔧 Request Handler initialized - Success rate: 100.0%
2025-12-15 02:27:40,411 - INFO - Original clue keywords: solid state, dslr photography
2025-12-15 02:27:40,411 - INFO - Niche-focused seeds: solid state sandisk, sandisk solid state, solid state cheap, cheap solid state, solid state best, best solid state, solid state latest, latest solid state, solid state review, review solid state, solid state price, price solid state, solid state sell, sell solid state, solid state buy, buy solid state, solid state recommendation, recommendation solid state, solid state tips, tips solid state, solid state tutorial, tutorial solid state, solid state guide, guide solid state, solid state how to, how to solid state, solid state vs, vs solid state, solid state versus, versus solid state, solid state compared to, compared to solid state, solid state comparison, comparison solid state, solid state alternatives, alternatives solid state, solid state which is better, which is better solid state, solid state expensive, expensive solid state, solid state discount, discount solid state, solid state deals, deals solid state, solid state sale, sale solid state, solid state affordable, affordable solid state, solid state cost, cost solid state, solid state online, online solid state, solid state offline, offline solid state, solid state marketplace, marketplace solid state, solid state store, store solid state, solid state shop, shop solid state, solid state retailer, retailer solid state, solid state where to buy, where to buy solid state, solid state worst, worst solid state, solid state quality, quality solid state, solid state original, original solid state, solid state genuine, genuine solid state, solid state fake, fake solid state, solid state replica, replica solid state, solid state authentic, authentic solid state, solid state brand, brand solid state, solid state manufacturer, manufacturer solid state, solid state company, company solid state, solid state product, product solid state, solid state sandisk product, sandisk product solid state, solid state sell sandisk, sell sandisk solid state, solid state buy sandisk, buy sandisk solid state, solid state cheap sandisk, cheap sandisk solid state, solid state best sandisk, best sandisk solid state, solid state sandisk review, sandisk review solid state, solid state where to buy sandisk, where to buy sandisk solid state, solid state how to choose sandisk, how to choose sandisk solid state, solid state top sandisk, top sandisk solid state, solid state sandisk guide, sandisk guide solid state, solid state sandisk for sale, sandisk for sale solid state, solid state sandisk deals, sandisk deals solid state, dslr photography sandisk, sandisk dslr photography, dslr photography cheap, cheap dslr photography, dslr photography best, best dslr photography, dslr photography latest, latest dslr photography, dslr photography review, review dslr photography, dslr photography price, price dslr photography, dslr photography sell, sell dslr photography, dslr photography buy, buy dslr photography, dslr photography recommendation, recommendation dslr photography, dslr photography tips, tips dslr photography, dslr photography tutorial, tutorial dslr photography, dslr photography guide, guide dslr photography, dslr photography how to, how to dslr photography, dslr photography vs, vs dslr photography, dslr photography versus, versus dslr photography, dslr photography compared to, compared to dslr photography, dslr photography comparison, comparison dslr photography, dslr photography alternatives, alternatives dslr photography, dslr photography which is better, which is better dslr photography, dslr photography expensive, expensive dslr photography, dslr photography discount, discount dslr photography, dslr photography deals, deals dslr photography, dslr photography sale, sale dslr photography, dslr photography affordable, affordable dslr photography, dslr photography cost, cost dslr photography, dslr photography online, online dslr photography, dslr photography offline, offline dslr photography, dslr photography marketplace, marketplace dslr photography, dslr photography store, store dslr photography, dslr photography shop, shop dslr photography, dslr photography retailer, retailer dslr photography, dslr photography where to buy, where to buy dslr photography, dslr photography worst, worst dslr photography, dslr photography quality, quality dslr photography, dslr photography original, original dslr photography, dslr photography genuine, genuine dslr photography, dslr photography fake, fake dslr photography, dslr photography replica, replica dslr photography, dslr photography authentic, authentic dslr photography, dslr photography brand, brand dslr photography, dslr photography manufacturer, manufacturer dslr photography, dslr photography company, company dslr photography, dslr photography product, product dslr photography, dslr photography sandisk product, sandisk product dslr photography, dslr photography sell sandisk, sell sandisk dslr photography, dslr photography buy sandisk, buy sandisk dslr photography, dslr photography cheap sandisk, cheap sandisk dslr photography, dslr photography best sandisk, best sandisk dslr photography, dslr photography sandisk review, sandisk review dslr photography, dslr photography where to buy sandisk, where to buy sandisk dslr photography, dslr photography how to choose sandisk, how to choose sandisk dslr photography, dslr photography top sandisk, top sandisk dslr photography, dslr photography sandisk guide, sandisk guide dslr photography, dslr photography sandisk for sale, sandisk for sale dslr photography, dslr photography sandisk deals, sandisk deals dslr photography
2025-12-15 02:27:40,414 - INFO - Expanded 220 seed keywords to 385 variations
2025-12-15 02:27:40,414 - INFO - Language: en
2025-12-15 02:27:40,414 - INFO - Region: us
2025-12-15 02:28:12,899 - INFO - 🎯 After all filtering for 'sandisk': 120 relevant keywords
2025-12-15 02:28:14,056 - INFO - 🎯 Found 2 new keywords for niche 'sandisk': sandisk affordable dslr photography, sandisk affordable solid state
2025-12-15 02:28:23,527 - INFO - ✅ Niche 'sandisk' process complete! 379 total keyword results.
2025-12-15 02:28:23,527 - INFO - ✅ Completed processing niche: 'sandisk'
2025-12-15 02:28:23,527 - INFO - 🔧 Request Handler final stats - Success rate: 100.0%
2025-12-15 02:28:23,527 - INFO -    Total requests: 57070, Blocks: 0
2025-12-15 02:28:23,528 - INFO - 
========================================
2025-12-15 02:28:23,528 - INFO - Process Summary:
2025-12-15 02:28:23,528 - INFO - - Current niche: 'sandisk'
2025-12-15 02:28:23,528 - INFO - - Next niche will be: 'intel'
2025-12-15 02:28:23,528 - INFO - - Keywords saved in: languages/english/keywords/sandisk/
2025-12-15 02:28:23,529 - INFO - ========================================
