2025-09-22 09:45:14,866 - INFO - Log file created at: /home/runner/work/potensitech.com/potensitech.com/languages/english/keywords/logs/kw_search_20250922_094514.log
2025-09-22 09:45:14,866 - INFO - ============================================================
2025-09-22 09:45:14,866 - INFO - AUTOMATIC KEYWORD RESEARCH TOOL
2025-09-22 09:45:14,866 - INFO - ============================================================
2025-09-22 09:45:15,021 - INFO - ========================================
2025-09-22 09:45:15,021 - INFO - Found 14 niches to process: xiaomi, iphone, samsung, apple, sony, asus, philips, sandisk, intel, nvidia, amd, canon, nikon, huawei
2025-09-22 09:45:15,021 - INFO - ========================================
2025-09-22 09:45:15,021 - INFO - All niches completed, starting over
2025-09-22 09:45:15,021 - INFO - ========================================
2025-09-22 09:45:15,021 - INFO - 🎯 PROCESSING NICHE 1/14: 'xiaomi'
2025-09-22 09:45:15,021 - INFO - ========================================
2025-09-22 09:45:15,021 - INFO - 📁 Niche directory: /home/runner/work/potensitech.com/potensitech.com/languages/english/keywords/xiaomi
2025-09-22 09:45:15,021 - INFO - Selected region: us
2025-09-22 09:45:15,021 - INFO - Selected language: en
2025-09-22 09:45:15,021 - INFO - 🎯 Current niche: xiaomi
2025-09-22 09:45:18,273 - INFO - 🎯 Niche terms for filtering: xiaomi, cheap, best, latest, review, price, sell, buy, recommendation, tips, tutorial, guide, how to, vs, versus, compared to, comparison, alternatives, which is better, expensive, discount, deals, sale, affordable, cost, online, offline, marketplace, store, shop, retailer, where to buy, worst, quality, original, genuine, fake, replica, authentic, brand, manufacturer, company, product, xiaomi product, sell xiaomi, buy xiaomi, cheap xiaomi, best xiaomi, xiaomi review, where to buy xiaomi, how to choose xiaomi, top xiaomi, xiaomi guide, xiaomi for sale, xiaomi deals
2025-09-22 09:45:18,273 - INFO - Generated 50 niche-clue pairs for 'xiaomi'.
2025-09-22 09:45:18,276 - INFO - Expanded 50 seed keywords to 218 variations
2025-09-22 09:45:18,277 - INFO - 🔧 Request Handler initialized - Success rate: 100.0%
2025-09-22 09:49:41,255 - INFO - Original clue keywords: graphics card, ai rendering
2025-09-22 09:49:41,255 - INFO - Niche-focused seeds: graphics card xiaomi, xiaomi graphics card, graphics card cheap, cheap graphics card, graphics card best, best graphics card, graphics card latest, latest graphics card, graphics card review, review graphics card, graphics card price, price graphics card, graphics card sell, sell graphics card, graphics card buy, buy graphics card, graphics card recommendation, recommendation graphics card, graphics card tips, tips graphics card, graphics card tutorial, tutorial graphics card, graphics card guide, guide graphics card, graphics card how to, how to graphics card, graphics card vs, vs graphics card, graphics card versus, versus graphics card, graphics card compared to, compared to graphics card, graphics card comparison, comparison graphics card, graphics card alternatives, alternatives graphics card, graphics card which is better, which is better graphics card, graphics card expensive, expensive graphics card, graphics card discount, discount graphics card, graphics card deals, deals graphics card, graphics card sale, sale graphics card, graphics card affordable, affordable graphics card, graphics card cost, cost graphics card, graphics card online, online graphics card, graphics card offline, offline graphics card, graphics card marketplace, marketplace graphics card, graphics card store, store graphics card, graphics card shop, shop graphics card, graphics card retailer, retailer graphics card, graphics card where to buy, where to buy graphics card, graphics card worst, worst graphics card, graphics card quality, quality graphics card, graphics card original, original graphics card, graphics card genuine, genuine graphics card, graphics card fake, fake graphics card, graphics card replica, replica graphics card, graphics card authentic, authentic graphics card, graphics card brand, brand graphics card, graphics card manufacturer, manufacturer graphics card, graphics card company, company graphics card, graphics card product, product graphics card, graphics card xiaomi product, xiaomi product graphics card, graphics card sell xiaomi, sell xiaomi graphics card, graphics card buy xiaomi, buy xiaomi graphics card, graphics card cheap xiaomi, cheap xiaomi graphics card, graphics card best xiaomi, best xiaomi graphics card, graphics card xiaomi review, xiaomi review graphics card, graphics card where to buy xiaomi, where to buy xiaomi graphics card, graphics card how to choose xiaomi, how to choose xiaomi graphics card, graphics card top xiaomi, top xiaomi graphics card, graphics card xiaomi guide, xiaomi guide graphics card, graphics card xiaomi for sale, xiaomi for sale graphics card, graphics card xiaomi deals, xiaomi deals graphics card, ai rendering xiaomi, xiaomi ai rendering, ai rendering cheap, cheap ai rendering, ai rendering best, best ai rendering, ai rendering latest, latest ai rendering, ai rendering review, review ai rendering, ai rendering price, price ai rendering, ai rendering sell, sell ai rendering, ai rendering buy, buy ai rendering, ai rendering recommendation, recommendation ai rendering, ai rendering tips, tips ai rendering, ai rendering tutorial, tutorial ai rendering, ai rendering guide, guide ai rendering, ai rendering how to, how to ai rendering, ai rendering vs, vs ai rendering, ai rendering versus, versus ai rendering, ai rendering compared to, compared to ai rendering, ai rendering comparison, comparison ai rendering, ai rendering alternatives, alternatives ai rendering, ai rendering which is better, which is better ai rendering, ai rendering expensive, expensive ai rendering, ai rendering discount, discount ai rendering, ai rendering deals, deals ai rendering, ai rendering sale, sale ai rendering, ai rendering affordable, affordable ai rendering, ai rendering cost, cost ai rendering, ai rendering online, online ai rendering, ai rendering offline, offline ai rendering, ai rendering marketplace, marketplace ai rendering, ai rendering store, store ai rendering, ai rendering shop, shop ai rendering, ai rendering retailer, retailer ai rendering, ai rendering where to buy, where to buy ai rendering, ai rendering worst, worst ai rendering, ai rendering quality, quality ai rendering, ai rendering original, original ai rendering, ai rendering genuine, genuine ai rendering, ai rendering fake, fake ai rendering, ai rendering replica, replica ai rendering, ai rendering authentic, authentic ai rendering, ai rendering brand, brand ai rendering, ai rendering manufacturer, manufacturer ai rendering, ai rendering company, company ai rendering, ai rendering product, product ai rendering, ai rendering xiaomi product, xiaomi product ai rendering, ai rendering sell xiaomi, sell xiaomi ai rendering, ai rendering buy xiaomi, buy xiaomi ai rendering, ai rendering cheap xiaomi, cheap xiaomi ai rendering, ai rendering best xiaomi, best xiaomi ai rendering, ai rendering xiaomi review, xiaomi review ai rendering, ai rendering where to buy xiaomi, where to buy xiaomi ai rendering, ai rendering how to choose xiaomi, how to choose xiaomi ai rendering, ai rendering top xiaomi, top xiaomi ai rendering, ai rendering xiaomi guide, xiaomi guide ai rendering, ai rendering xiaomi for sale, xiaomi for sale ai rendering, ai rendering xiaomi deals, xiaomi deals ai rendering
2025-09-22 09:49:41,258 - INFO - Expanded 220 seed keywords to 385 variations
2025-09-22 09:49:41,258 - INFO - Language: en
2025-09-22 09:49:41,258 - INFO - Region: us
2025-09-22 09:54:15,652 - INFO - 🎯 After all filtering for 'xiaomi': 120 relevant keywords
2025-09-22 09:54:15,751 - INFO - 🎯 Found 5 new keywords for niche 'xiaomi': xiaomi affordable ai rendering, xiaomi affordable graphics card, cheap ai rendering alternatives, best ai rendering authentic, how to ai rendering brand
2025-09-22 09:54:25,637 - INFO - ✅ Niche 'xiaomi' process complete! 44 total keyword results.
2025-09-22 09:54:25,638 - INFO - ✅ Completed processing niche: 'xiaomi'
2025-09-22 09:54:25,638 - INFO - 🔧 Request Handler final stats - Success rate: 100.0%
2025-09-22 09:54:25,638 - INFO -    Total requests: 9655, Blocks: 0
2025-09-22 09:54:25,639 - INFO - 
========================================
2025-09-22 09:54:25,639 - INFO - Process Summary:
2025-09-22 09:54:25,639 - INFO - - Current niche: 'xiaomi'
2025-09-22 09:54:25,639 - INFO - - Next niche will be: 'iphone'
2025-09-22 09:54:25,639 - INFO - - Keywords saved in: languages/english/keywords/xiaomi/
2025-09-22 09:54:25,639 - INFO - ========================================
