2025-11-05 04:54:47,966 - INFO - Log file created at: /home/runner/work/potensitech.com/potensitech.com/languages/english/keywords/logs/kw_search_20251105_045447.log
2025-11-05 04:54:47,966 - INFO - ============================================================
2025-11-05 04:54:47,966 - INFO - AUTOMATIC KEYWORD RESEARCH TOOL
2025-11-05 04:54:47,966 - INFO - ============================================================
2025-11-05 04:54:48,681 - INFO - ========================================
2025-11-05 04:54:48,681 - INFO - Found 14 niches to process: xiaomi, iphone, samsung, apple, sony, asus, philips, sandisk, intel, nvidia, amd, canon, nikon, huawei
2025-11-05 04:54:48,681 - INFO - ========================================
2025-11-05 04:54:48,681 - INFO - Continuing from last processed niche: xiaomi
2025-11-05 04:54:48,681 - INFO - ========================================
2025-11-05 04:54:48,681 - INFO - 🎯 PROCESSING NICHE 2/14: 'iphone'
2025-11-05 04:54:48,681 - INFO - ========================================
2025-11-05 04:54:48,681 - INFO - 📁 Niche directory: /home/runner/work/potensitech.com/potensitech.com/languages/english/keywords/iphone
2025-11-05 04:54:48,682 - INFO - Selected region: us
2025-11-05 04:54:48,682 - INFO - Selected language: en
2025-11-05 04:54:48,682 - INFO - 🎯 Current niche: iphone
2025-11-05 04:54:52,433 - INFO - 🎯 Niche terms for filtering: iphone, cheap, best, latest, review, price, sell, buy, recommendation, tips, tutorial, guide, how to, vs, versus, compared to, comparison, alternatives, which is better, expensive, discount, deals, sale, affordable, cost, online, offline, marketplace, store, shop, retailer, where to buy, worst, quality, original, genuine, fake, replica, authentic, brand, manufacturer, company, product, iphone product, sell iphone, buy iphone, cheap iphone, best iphone, iphone review, where to buy iphone, how to choose iphone, top iphone, iphone guide, iphone for sale, iphone deals
2025-11-05 04:54:52,433 - INFO - Generated 50 niche-clue pairs for 'iphone'.
2025-11-05 04:54:52,436 - INFO - Expanded 50 seed keywords to 218 variations
2025-11-05 04:54:52,436 - INFO - 🔧 Request Handler initialized - Success rate: 100.0%
2025-11-05 04:59:17,880 - INFO - Original clue keywords: gpu performance, processor speed
2025-11-05 04:59:17,880 - INFO - Niche-focused seeds: gpu performance iphone, iphone gpu performance, gpu performance cheap, cheap gpu performance, gpu performance best, best gpu performance, gpu performance latest, latest gpu performance, gpu performance review, review gpu performance, gpu performance price, price gpu performance, gpu performance sell, sell gpu performance, gpu performance buy, buy gpu performance, gpu performance recommendation, recommendation gpu performance, gpu performance tips, tips gpu performance, gpu performance tutorial, tutorial gpu performance, gpu performance guide, guide gpu performance, gpu performance how to, how to gpu performance, gpu performance vs, vs gpu performance, gpu performance versus, versus gpu performance, gpu performance compared to, compared to gpu performance, gpu performance comparison, comparison gpu performance, gpu performance alternatives, alternatives gpu performance, gpu performance which is better, which is better gpu performance, gpu performance expensive, expensive gpu performance, gpu performance discount, discount gpu performance, gpu performance deals, deals gpu performance, gpu performance sale, sale gpu performance, gpu performance affordable, affordable gpu performance, gpu performance cost, cost gpu performance, gpu performance online, online gpu performance, gpu performance offline, offline gpu performance, gpu performance marketplace, marketplace gpu performance, gpu performance store, store gpu performance, gpu performance shop, shop gpu performance, gpu performance retailer, retailer gpu performance, gpu performance where to buy, where to buy gpu performance, gpu performance worst, worst gpu performance, gpu performance quality, quality gpu performance, gpu performance original, original gpu performance, gpu performance genuine, genuine gpu performance, gpu performance fake, fake gpu performance, gpu performance replica, replica gpu performance, gpu performance authentic, authentic gpu performance, gpu performance brand, brand gpu performance, gpu performance manufacturer, manufacturer gpu performance, gpu performance company, company gpu performance, gpu performance product, product gpu performance, gpu performance iphone product, iphone product gpu performance, gpu performance sell iphone, sell iphone gpu performance, gpu performance buy iphone, buy iphone gpu performance, gpu performance cheap iphone, cheap iphone gpu performance, gpu performance best iphone, best iphone gpu performance, gpu performance iphone review, iphone review gpu performance, gpu performance where to buy iphone, where to buy iphone gpu performance, gpu performance how to choose iphone, how to choose iphone gpu performance, gpu performance top iphone, top iphone gpu performance, gpu performance iphone guide, iphone guide gpu performance, gpu performance iphone for sale, iphone for sale gpu performance, gpu performance iphone deals, iphone deals gpu performance, processor speed iphone, iphone processor speed, processor speed cheap, cheap processor speed, processor speed best, best processor speed, processor speed latest, latest processor speed, processor speed review, review processor speed, processor speed price, price processor speed, processor speed sell, sell processor speed, processor speed buy, buy processor speed, processor speed recommendation, recommendation processor speed, processor speed tips, tips processor speed, processor speed tutorial, tutorial processor speed, processor speed guide, guide processor speed, processor speed how to, how to processor speed, processor speed vs, vs processor speed, processor speed versus, versus processor speed, processor speed compared to, compared to processor speed, processor speed comparison, comparison processor speed, processor speed alternatives, alternatives processor speed, processor speed which is better, which is better processor speed, processor speed expensive, expensive processor speed, processor speed discount, discount processor speed, processor speed deals, deals processor speed, processor speed sale, sale processor speed, processor speed affordable, affordable processor speed, processor speed cost, cost processor speed, processor speed online, online processor speed, processor speed offline, offline processor speed, processor speed marketplace, marketplace processor speed, processor speed store, store processor speed, processor speed shop, shop processor speed, processor speed retailer, retailer processor speed, processor speed where to buy, where to buy processor speed, processor speed worst, worst processor speed, processor speed quality, quality processor speed, processor speed original, original processor speed, processor speed genuine, genuine processor speed, processor speed fake, fake processor speed, processor speed replica, replica processor speed, processor speed authentic, authentic processor speed, processor speed brand, brand processor speed, processor speed manufacturer, manufacturer processor speed, processor speed company, company processor speed, processor speed product, product processor speed, processor speed iphone product, iphone product processor speed, processor speed sell iphone, sell iphone processor speed, processor speed buy iphone, buy iphone processor speed, processor speed cheap iphone, cheap iphone processor speed, processor speed best iphone, best iphone processor speed, processor speed iphone review, iphone review processor speed, processor speed where to buy iphone, where to buy iphone processor speed, processor speed how to choose iphone, how to choose iphone processor speed, processor speed top iphone, top iphone processor speed, processor speed iphone guide, iphone guide processor speed, processor speed iphone for sale, iphone for sale processor speed, processor speed iphone deals, iphone deals processor speed
2025-11-05 04:59:17,883 - INFO - Expanded 220 seed keywords to 385 variations
2025-11-05 04:59:17,883 - INFO - Language: en
2025-11-05 04:59:17,883 - INFO - Region: us
2025-11-05 04:59:49,124 - INFO - 🎯 After all filtering for 'iphone': 120 relevant keywords
2025-11-05 04:59:50,003 - INFO - 🎯 Found 2 new keywords for niche 'iphone': iphone affordable gpu performance, iphone affordable processor speed
2025-11-05 04:59:58,382 - INFO - ✅ Niche 'iphone' process complete! 223 total keyword results.
2025-11-05 04:59:58,382 - INFO - ✅ Completed processing niche: 'iphone'
2025-11-05 04:59:58,382 - INFO - 🔧 Request Handler final stats - Success rate: 100.0%
2025-11-05 04:59:58,382 - INFO -    Total requests: 36278, Blocks: 0
2025-11-05 04:59:58,383 - INFO - 
========================================
2025-11-05 04:59:58,383 - INFO - Process Summary:
2025-11-05 04:59:58,383 - INFO - - Current niche: 'iphone'
2025-11-05 04:59:58,383 - INFO - - Next niche will be: 'samsung'
2025-11-05 04:59:58,383 - INFO - - Keywords saved in: languages/english/keywords/iphone/
2025-11-05 04:59:58,384 - INFO - ========================================
