2025-09-23 04:53:34,017 - INFO - Log file created at: /home/runner/work/potensitech.com/potensitech.com/languages/english/keywords/logs/kw_search_20250923_045334.log
2025-09-23 04:53:34,017 - INFO - ============================================================
2025-09-23 04:53:34,017 - INFO - AUTOMATIC KEYWORD RESEARCH TOOL
2025-09-23 04:53:34,017 - INFO - ============================================================
2025-09-23 04:53:34,153 - INFO - ========================================
2025-09-23 04:53:34,153 - INFO - Found 14 niches to process: xiaomi, iphone, samsung, apple, sony, asus, philips, sandisk, intel, nvidia, amd, canon, nikon, huawei
2025-09-23 04:53:34,153 - INFO - ========================================
2025-09-23 04:53:34,153 - INFO - Continuing from last processed niche: sandisk
2025-09-23 04:53:34,153 - INFO - ========================================
2025-09-23 04:53:34,153 - INFO - 🎯 PROCESSING NICHE 9/14: 'intel'
2025-09-23 04:53:34,153 - INFO - ========================================
2025-09-23 04:53:34,153 - INFO - 📁 Niche directory: /home/runner/work/potensitech.com/potensitech.com/languages/english/keywords/intel
2025-09-23 04:53:34,154 - INFO - Selected region: us
2025-09-23 04:53:34,154 - INFO - Selected language: en
2025-09-23 04:53:34,154 - INFO - 🎯 Current niche: intel
2025-09-23 04:54:14,242 - INFO - 🎯 Niche terms for filtering: intel, cheap, best, latest, review, price, sell, buy, recommendation, tips, tutorial, guide, how to, vs, versus, compared to, comparison, alternatives, which is better, expensive, discount, deals, sale, affordable, cost, online, offline, marketplace, store, shop, retailer, where to buy, worst, quality, original, genuine, fake, replica, authentic, brand, manufacturer, company, product, intel product, sell intel, buy intel, cheap intel, best intel, intel review, where to buy intel, how to choose intel, top intel, intel guide, intel for sale, intel deals
2025-09-23 04:54:14,243 - INFO - Generated 50 niche-clue pairs for 'intel'.
2025-09-23 04:54:14,245 - INFO - Expanded 50 seed keywords to 218 variations
2025-09-23 04:54:14,246 - INFO - 🔧 Request Handler initialized - Success rate: 100.0%
2025-09-23 04:58:40,513 - INFO - Original clue keywords: flash drive, solid-state
2025-09-23 04:58:40,513 - INFO - Niche-focused seeds: flash drive intel, intel flash drive, flash drive cheap, cheap flash drive, flash drive best, best flash drive, flash drive latest, latest flash drive, flash drive review, review flash drive, flash drive price, price flash drive, flash drive sell, sell flash drive, flash drive buy, buy flash drive, flash drive recommendation, recommendation flash drive, flash drive tips, tips flash drive, flash drive tutorial, tutorial flash drive, flash drive guide, guide flash drive, flash drive how to, how to flash drive, flash drive vs, vs flash drive, flash drive versus, versus flash drive, flash drive compared to, compared to flash drive, flash drive comparison, comparison flash drive, flash drive alternatives, alternatives flash drive, flash drive which is better, which is better flash drive, flash drive expensive, expensive flash drive, flash drive discount, discount flash drive, flash drive deals, deals flash drive, flash drive sale, sale flash drive, flash drive affordable, affordable flash drive, flash drive cost, cost flash drive, flash drive online, online flash drive, flash drive offline, offline flash drive, flash drive marketplace, marketplace flash drive, flash drive store, store flash drive, flash drive shop, shop flash drive, flash drive retailer, retailer flash drive, flash drive where to buy, where to buy flash drive, flash drive worst, worst flash drive, flash drive quality, quality flash drive, flash drive original, original flash drive, flash drive genuine, genuine flash drive, flash drive fake, fake flash drive, flash drive replica, replica flash drive, flash drive authentic, authentic flash drive, flash drive brand, brand flash drive, flash drive manufacturer, manufacturer flash drive, flash drive company, company flash drive, flash drive product, product flash drive, flash drive intel product, intel product flash drive, flash drive sell intel, sell intel flash drive, flash drive buy intel, buy intel flash drive, flash drive cheap intel, cheap intel flash drive, flash drive best intel, best intel flash drive, flash drive intel review, intel review flash drive, flash drive where to buy intel, where to buy intel flash drive, flash drive how to choose intel, how to choose intel flash drive, flash drive top intel, top intel flash drive, flash drive intel guide, intel guide flash drive, flash drive intel for sale, intel for sale flash drive, flash drive intel deals, intel deals flash drive, solid-state intel, intel solid-state, solid-state cheap, cheap solid-state, solid-state best, best solid-state, solid-state latest, latest solid-state, solid-state review, review solid-state, solid-state price, price solid-state, solid-state sell, sell solid-state, solid-state buy, buy solid-state, solid-state recommendation, recommendation solid-state, solid-state tips, tips solid-state, solid-state tutorial, tutorial solid-state, solid-state guide, guide solid-state, solid-state how to, how to solid-state, solid-state vs, vs solid-state, solid-state versus, versus solid-state, solid-state compared to, compared to solid-state, solid-state comparison, comparison solid-state, solid-state alternatives, alternatives solid-state, solid-state which is better, which is better solid-state, solid-state expensive, expensive solid-state, solid-state discount, discount solid-state, solid-state deals, deals solid-state, solid-state sale, sale solid-state, solid-state affordable, affordable solid-state, solid-state cost, cost solid-state, solid-state online, online solid-state, solid-state offline, offline solid-state, solid-state marketplace, marketplace solid-state, solid-state store, store solid-state, solid-state shop, shop solid-state, solid-state retailer, retailer solid-state, solid-state where to buy, where to buy solid-state, solid-state worst, worst solid-state, solid-state quality, quality solid-state, solid-state original, original solid-state, solid-state genuine, genuine solid-state, solid-state fake, fake solid-state, solid-state replica, replica solid-state, solid-state authentic, authentic solid-state, solid-state brand, brand solid-state, solid-state manufacturer, manufacturer solid-state, solid-state company, company solid-state, solid-state product, product solid-state, solid-state intel product, intel product solid-state, solid-state sell intel, sell intel solid-state, solid-state buy intel, buy intel solid-state, solid-state cheap intel, cheap intel solid-state, solid-state best intel, best intel solid-state, solid-state intel review, intel review solid-state, solid-state where to buy intel, where to buy intel solid-state, solid-state how to choose intel, how to choose intel solid-state, solid-state top intel, top intel solid-state, solid-state intel guide, intel guide solid-state, solid-state intel for sale, intel for sale solid-state, solid-state intel deals, intel deals solid-state
2025-09-23 04:58:40,516 - INFO - Expanded 220 seed keywords to 385 variations
2025-09-23 04:58:40,516 - INFO - Language: en
2025-09-23 04:58:40,516 - INFO - Region: us
2025-09-23 05:03:08,762 - INFO - 🎯 After all filtering for 'intel': 120 relevant keywords
2025-09-23 05:03:08,776 - INFO - 🎯 Found 5 new keywords for niche 'intel': intel affordable solid-state, cheap affordable solid-state, best affordable solid-state, how to affordable solid-state, intel alternatives solid-state
2025-09-23 05:03:18,039 - INFO - ✅ Niche 'intel' process complete! 46 total keyword results.
2025-09-23 05:03:18,039 - INFO - ✅ Completed processing niche: 'intel'
2025-09-23 05:03:18,039 - INFO - 🔧 Request Handler final stats - Success rate: 100.0%
2025-09-23 05:03:18,039 - INFO -    Total requests: 10381, Blocks: 0
2025-09-23 05:03:18,040 - INFO - 
========================================
2025-09-23 05:03:18,040 - INFO - Process Summary:
2025-09-23 05:03:18,040 - INFO - - Current niche: 'intel'
2025-09-23 05:03:18,040 - INFO - - Next niche will be: 'nvidia'
2025-09-23 05:03:18,040 - INFO - - Keywords saved in: languages/english/keywords/intel/
2025-09-23 05:03:18,041 - INFO - ========================================
