2025-09-26 19:22:38,604 - INFO - Log file created at: /home/runner/work/potensitech.com/potensitech.com/languages/english/keywords/logs/kw_search_20250926_192238.log
2025-09-26 19:22:38,605 - INFO - ============================================================
2025-09-26 19:22:38,605 - INFO - AUTOMATIC KEYWORD RESEARCH TOOL
2025-09-26 19:22:38,605 - INFO - ============================================================
2025-09-26 19:22:38,751 - INFO - ========================================
2025-09-26 19:22:38,751 - INFO - Found 14 niches to process: xiaomi, iphone, samsung, apple, sony, asus, philips, sandisk, intel, nvidia, amd, canon, nikon, huawei
2025-09-26 19:22:38,751 - INFO - ========================================
2025-09-26 19:22:38,752 - INFO - Continuing from last processed niche: iphone
2025-09-26 19:22:38,752 - INFO - ========================================
2025-09-26 19:22:38,752 - INFO - 🎯 PROCESSING NICHE 3/14: 'samsung'
2025-09-26 19:22:38,752 - INFO - ========================================
2025-09-26 19:22:38,752 - INFO - 📁 Niche directory: /home/runner/work/potensitech.com/potensitech.com/languages/english/keywords/samsung
2025-09-26 19:22:38,752 - INFO - Selected region: us
2025-09-26 19:22:38,752 - INFO - Selected language: en
2025-09-26 19:22:38,752 - INFO - 🎯 Current niche: samsung
2025-09-26 19:22:46,983 - INFO - 🎯 Niche terms for filtering: samsung, cheap, best, latest, review, price, sell, buy, recommendation, tips, tutorial, guide, how to, vs, versus, compared to, comparison, alternatives, which is better, expensive, discount, deals, sale, affordable, cost, online, offline, marketplace, store, shop, retailer, where to buy, worst, quality, original, genuine, fake, replica, authentic, brand, manufacturer, company, product, samsung product, sell samsung, buy samsung, cheap samsung, best samsung, samsung review, where to buy samsung, how to choose samsung, top samsung, samsung guide, samsung for sale, samsung deals
2025-09-26 19:22:46,984 - INFO - Generated 50 niche-clue pairs for 'samsung'.
2025-09-26 19:22:46,986 - INFO - Expanded 50 seed keywords to 218 variations
2025-09-26 19:22:46,987 - INFO - 🔧 Request Handler initialized - Success rate: 100.0%
2025-09-26 19:27:09,590 - INFO - Original clue keywords: camera quality, image stabilization
2025-09-26 19:27:09,590 - INFO - Niche-focused seeds: camera quality, image stabilization samsung, samsung image stabilization, image stabilization cheap, cheap image stabilization, image stabilization best, best image stabilization, image stabilization latest, latest image stabilization, image stabilization review, review image stabilization, image stabilization price, price image stabilization, image stabilization sell, sell image stabilization, image stabilization buy, buy image stabilization, image stabilization recommendation, recommendation image stabilization, image stabilization tips, tips image stabilization, image stabilization tutorial, tutorial image stabilization, image stabilization guide, guide image stabilization, image stabilization how to, how to image stabilization, image stabilization vs, vs image stabilization, image stabilization versus, versus image stabilization, image stabilization compared to, compared to image stabilization, image stabilization comparison, comparison image stabilization, image stabilization alternatives, alternatives image stabilization, image stabilization which is better, which is better image stabilization, image stabilization expensive, expensive image stabilization, image stabilization discount, discount image stabilization, image stabilization deals, deals image stabilization, image stabilization sale, sale image stabilization, image stabilization affordable, affordable image stabilization, image stabilization cost, cost image stabilization, image stabilization online, online image stabilization, image stabilization offline, offline image stabilization, image stabilization marketplace, marketplace image stabilization, image stabilization store, store image stabilization, image stabilization shop, shop image stabilization, image stabilization retailer, retailer image stabilization, image stabilization where to buy, where to buy image stabilization, image stabilization worst, worst image stabilization, image stabilization quality, quality image stabilization, image stabilization original, original image stabilization, image stabilization genuine, genuine image stabilization, image stabilization fake, fake image stabilization, image stabilization replica, replica image stabilization, image stabilization authentic, authentic image stabilization, image stabilization brand, brand image stabilization, image stabilization manufacturer, manufacturer image stabilization, image stabilization company, company image stabilization, image stabilization product, product image stabilization, image stabilization samsung product, samsung product image stabilization, image stabilization sell samsung, sell samsung image stabilization, image stabilization buy samsung, buy samsung image stabilization, image stabilization cheap samsung, cheap samsung image stabilization, image stabilization best samsung, best samsung image stabilization, image stabilization samsung review, samsung review image stabilization, image stabilization where to buy samsung, where to buy samsung image stabilization, image stabilization how to choose samsung, how to choose samsung image stabilization, image stabilization top samsung, top samsung image stabilization, image stabilization samsung guide, samsung guide image stabilization, image stabilization samsung for sale, samsung for sale image stabilization, image stabilization samsung deals, samsung deals image stabilization
2025-09-26 19:27:09,593 - INFO - Expanded 111 seed keywords to 276 variations
2025-09-26 19:27:09,593 - INFO - Language: en
2025-09-26 19:27:09,593 - INFO - Region: us
2025-09-26 19:29:41,457 - INFO - 🎯 After all filtering for 'samsung': 120 relevant keywords
2025-09-26 19:29:41,472 - INFO - 🎯 Found 5 new keywords for niche 'samsung': samsung camera quality, cheap camera quality, best camera quality, how to camera quality, samsung affordable image stabilization
2025-09-26 19:29:51,500 - INFO - ✅ Niche 'samsung' process complete! 58 total keyword results.
2025-09-26 19:29:51,500 - INFO - ✅ Completed processing niche: 'samsung'
2025-09-26 19:29:51,500 - INFO - 🔧 Request Handler final stats - Success rate: 100.0%
2025-09-26 19:29:51,500 - INFO -    Total requests: 13148, Blocks: 0
2025-09-26 19:29:51,501 - INFO - 
========================================
2025-09-26 19:29:51,502 - INFO - Process Summary:
2025-09-26 19:29:51,502 - INFO - - Current niche: 'samsung'
2025-09-26 19:29:51,502 - INFO - - Next niche will be: 'apple'
2025-09-26 19:29:51,502 - INFO - - Keywords saved in: languages/english/keywords/samsung/
2025-09-26 19:29:51,502 - INFO - ========================================
