2025-11-10 02:09:57,215 - INFO - Log file created at: /home/runner/work/potensitech.com/potensitech.com/languages/english/keywords/logs/kw_search_20251110_020957.log
2025-11-10 02:09:57,215 - INFO - ============================================================
2025-11-10 02:09:57,215 - INFO - AUTOMATIC KEYWORD RESEARCH TOOL
2025-11-10 02:09:57,215 - INFO - ============================================================
2025-11-10 02:09:57,384 - INFO - ========================================
2025-11-10 02:09:57,384 - INFO - Found 14 niches to process: xiaomi, iphone, samsung, apple, sony, asus, philips, sandisk, intel, nvidia, amd, canon, nikon, huawei
2025-11-10 02:09:57,384 - INFO - ========================================
2025-11-10 02:09:57,384 - INFO - Continuing from last processed niche: philips
2025-11-10 02:09:57,384 - INFO - ========================================
2025-11-10 02:09:57,384 - INFO - 🎯 PROCESSING NICHE 8/14: 'sandisk'
2025-11-10 02:09:57,384 - INFO - ========================================
2025-11-10 02:09:57,384 - INFO - 📁 Niche directory: /home/runner/work/potensitech.com/potensitech.com/languages/english/keywords/sandisk
2025-11-10 02:09:57,385 - INFO - Selected region: us
2025-11-10 02:09:57,385 - INFO - Selected language: en
2025-11-10 02:09:57,385 - INFO - 🎯 Current niche: sandisk
2025-11-10 02:09:59,786 - INFO - 🎯 Niche terms for filtering: sandisk, cheap, best, latest, review, price, sell, buy, recommendation, tips, tutorial, guide, how to, vs, versus, compared to, comparison, alternatives, which is better, expensive, discount, deals, sale, affordable, cost, online, offline, marketplace, store, shop, retailer, where to buy, worst, quality, original, genuine, fake, replica, authentic, brand, manufacturer, company, product, sandisk product, sell sandisk, buy sandisk, cheap sandisk, best sandisk, sandisk review, where to buy sandisk, how to choose sandisk, top sandisk, sandisk guide, sandisk for sale, sandisk deals
2025-11-10 02:09:59,786 - INFO - Generated 50 niche-clue pairs for 'sandisk'.
2025-11-10 02:09:59,789 - INFO - Expanded 50 seed keywords to 218 variations
2025-11-10 02:09:59,789 - INFO - 🔧 Request Handler initialized - Success rate: 100.0%
2025-11-10 02:14:28,244 - INFO - Original clue keywords: high-performance, gaming smartphone
2025-11-10 02:14:28,244 - INFO - Niche-focused seeds: high-performance sandisk, sandisk high-performance, high-performance cheap, cheap high-performance, high-performance best, best high-performance, high-performance latest, latest high-performance, high-performance review, review high-performance, high-performance price, price high-performance, high-performance sell, sell high-performance, high-performance buy, buy high-performance, high-performance recommendation, recommendation high-performance, high-performance tips, tips high-performance, high-performance tutorial, tutorial high-performance, high-performance guide, guide high-performance, high-performance how to, how to high-performance, high-performance vs, vs high-performance, high-performance versus, versus high-performance, high-performance compared to, compared to high-performance, high-performance comparison, comparison high-performance, high-performance alternatives, alternatives high-performance, high-performance which is better, which is better high-performance, high-performance expensive, expensive high-performance, high-performance discount, discount high-performance, high-performance deals, deals high-performance, high-performance sale, sale high-performance, high-performance affordable, affordable high-performance, high-performance cost, cost high-performance, high-performance online, online high-performance, high-performance offline, offline high-performance, high-performance marketplace, marketplace high-performance, high-performance store, store high-performance, high-performance shop, shop high-performance, high-performance retailer, retailer high-performance, high-performance where to buy, where to buy high-performance, high-performance worst, worst high-performance, high-performance quality, quality high-performance, high-performance original, original high-performance, high-performance genuine, genuine high-performance, high-performance fake, fake high-performance, high-performance replica, replica high-performance, high-performance authentic, authentic high-performance, high-performance brand, brand high-performance, high-performance manufacturer, manufacturer high-performance, high-performance company, company high-performance, high-performance product, product high-performance, high-performance sandisk product, sandisk product high-performance, high-performance sell sandisk, sell sandisk high-performance, high-performance buy sandisk, buy sandisk high-performance, high-performance cheap sandisk, cheap sandisk high-performance, high-performance best sandisk, best sandisk high-performance, high-performance sandisk review, sandisk review high-performance, high-performance where to buy sandisk, where to buy sandisk high-performance, high-performance how to choose sandisk, how to choose sandisk high-performance, high-performance top sandisk, top sandisk high-performance, high-performance sandisk guide, sandisk guide high-performance, high-performance sandisk for sale, sandisk for sale high-performance, high-performance sandisk deals, sandisk deals high-performance, gaming smartphone sandisk, sandisk gaming smartphone, gaming smartphone cheap, cheap gaming smartphone, gaming smartphone best, best gaming smartphone, gaming smartphone latest, latest gaming smartphone, gaming smartphone review, review gaming smartphone, gaming smartphone price, price gaming smartphone, gaming smartphone sell, sell gaming smartphone, gaming smartphone buy, buy gaming smartphone, gaming smartphone recommendation, recommendation gaming smartphone, gaming smartphone tips, tips gaming smartphone, gaming smartphone tutorial, tutorial gaming smartphone, gaming smartphone guide, guide gaming smartphone, gaming smartphone how to, how to gaming smartphone, gaming smartphone vs, vs gaming smartphone, gaming smartphone versus, versus gaming smartphone, gaming smartphone compared to, compared to gaming smartphone, gaming smartphone comparison, comparison gaming smartphone, gaming smartphone alternatives, alternatives gaming smartphone, gaming smartphone which is better, which is better gaming smartphone, gaming smartphone expensive, expensive gaming smartphone, gaming smartphone discount, discount gaming smartphone, gaming smartphone deals, deals gaming smartphone, gaming smartphone sale, sale gaming smartphone, gaming smartphone affordable, affordable gaming smartphone, gaming smartphone cost, cost gaming smartphone, gaming smartphone online, online gaming smartphone, gaming smartphone offline, offline gaming smartphone, gaming smartphone marketplace, marketplace gaming smartphone, gaming smartphone store, store gaming smartphone, gaming smartphone shop, shop gaming smartphone, gaming smartphone retailer, retailer gaming smartphone, gaming smartphone where to buy, where to buy gaming smartphone, gaming smartphone worst, worst gaming smartphone, gaming smartphone quality, quality gaming smartphone, gaming smartphone original, original gaming smartphone, gaming smartphone genuine, genuine gaming smartphone, gaming smartphone fake, fake gaming smartphone, gaming smartphone replica, replica gaming smartphone, gaming smartphone authentic, authentic gaming smartphone, gaming smartphone brand, brand gaming smartphone, gaming smartphone manufacturer, manufacturer gaming smartphone, gaming smartphone company, company gaming smartphone, gaming smartphone product, product gaming smartphone, gaming smartphone sandisk product, sandisk product gaming smartphone, gaming smartphone sell sandisk, sell sandisk gaming smartphone, gaming smartphone buy sandisk, buy sandisk gaming smartphone, gaming smartphone cheap sandisk, cheap sandisk gaming smartphone, gaming smartphone best sandisk, best sandisk gaming smartphone, gaming smartphone sandisk review, sandisk review gaming smartphone, gaming smartphone where to buy sandisk, where to buy sandisk gaming smartphone, gaming smartphone how to choose sandisk, how to choose sandisk gaming smartphone, gaming smartphone top sandisk, top sandisk gaming smartphone, gaming smartphone sandisk guide, sandisk guide gaming smartphone, gaming smartphone sandisk for sale, sandisk for sale gaming smartphone, gaming smartphone sandisk deals, sandisk deals gaming smartphone
2025-11-10 02:14:28,247 - INFO - Expanded 220 seed keywords to 385 variations
2025-11-10 02:14:28,248 - INFO - Language: en
2025-11-10 02:14:28,248 - INFO - Region: us
2025-11-10 02:18:57,746 - INFO - 🎯 After all filtering for 'sandisk': 120 relevant keywords
2025-11-10 02:18:57,819 - INFO - 🎯 Found 5 new keywords for niche 'sandisk': sandisk affordable high-performance, cheap affordable high-performance, best affordable high-performance, how to affordable high-performance, sandisk alternatives high-performance
2025-11-10 02:19:05,490 - INFO - ✅ Niche 'sandisk' process complete! 195 total keyword results.
2025-11-10 02:19:05,490 - INFO - ✅ Completed processing niche: 'sandisk'
2025-11-10 02:19:05,490 - INFO - 🔧 Request Handler final stats - Success rate: 100.0%
2025-11-10 02:19:05,490 - INFO -    Total requests: 39350, Blocks: 0
2025-11-10 02:19:05,491 - INFO - 
========================================
2025-11-10 02:19:05,492 - INFO - Process Summary:
2025-11-10 02:19:05,492 - INFO - - Current niche: 'sandisk'
2025-11-10 02:19:05,492 - INFO - - Next niche will be: 'intel'
2025-11-10 02:19:05,492 - INFO - - Keywords saved in: languages/english/keywords/sandisk/
2025-11-10 02:19:05,492 - INFO - ========================================
