2025-10-26 16:52:39,674 - INFO - Log file created at: /home/runner/work/potensitech.com/potensitech.com/languages/english/keywords/logs/kw_search_20251026_165239.log
2025-10-26 16:52:39,674 - INFO - ============================================================
2025-10-26 16:52:39,674 - INFO - AUTOMATIC KEYWORD RESEARCH TOOL
2025-10-26 16:52:39,674 - INFO - ============================================================
2025-10-26 16:52:39,898 - INFO - ========================================
2025-10-26 16:52:39,898 - INFO - Found 14 niches to process: xiaomi, iphone, samsung, apple, sony, asus, philips, sandisk, intel, nvidia, amd, canon, nikon, huawei
2025-10-26 16:52:39,899 - INFO - ========================================
2025-10-26 16:52:39,899 - INFO - Continuing from last processed niche: philips
2025-10-26 16:52:39,899 - INFO - ========================================
2025-10-26 16:52:39,899 - INFO - 🎯 PROCESSING NICHE 8/14: 'sandisk'
2025-10-26 16:52:39,899 - INFO - ========================================
2025-10-26 16:52:39,899 - INFO - 📁 Niche directory: /home/runner/work/potensitech.com/potensitech.com/languages/english/keywords/sandisk
2025-10-26 16:52:39,899 - INFO - Selected region: us
2025-10-26 16:52:39,899 - INFO - Selected language: en
2025-10-26 16:52:39,899 - INFO - 🎯 Current niche: sandisk
2025-10-26 16:52:42,951 - INFO - 🎯 Niche terms for filtering: sandisk, cheap, best, latest, review, price, sell, buy, recommendation, tips, tutorial, guide, how to, vs, versus, compared to, comparison, alternatives, which is better, expensive, discount, deals, sale, affordable, cost, online, offline, marketplace, store, shop, retailer, where to buy, worst, quality, original, genuine, fake, replica, authentic, brand, manufacturer, company, product, sandisk product, sell sandisk, buy sandisk, cheap sandisk, best sandisk, sandisk review, where to buy sandisk, how to choose sandisk, top sandisk, sandisk guide, sandisk for sale, sandisk deals
2025-10-26 16:52:42,951 - INFO - Generated 50 niche-clue pairs for 'sandisk'.
2025-10-26 16:52:42,954 - INFO - Expanded 50 seed keywords to 218 variations
2025-10-26 16:52:42,954 - INFO - 🔧 Request Handler initialized - Success rate: 100.0%
2025-10-26 16:57:05,942 - INFO - Original clue keywords: camera lens, dslr photography
2025-10-26 16:57:05,942 - INFO - Niche-focused seeds: camera lens sandisk, sandisk camera lens, camera lens cheap, cheap camera lens, camera lens best, best camera lens, camera lens latest, latest camera lens, camera lens review, review camera lens, camera lens price, price camera lens, camera lens sell, sell camera lens, camera lens buy, buy camera lens, camera lens recommendation, recommendation camera lens, camera lens tips, tips camera lens, camera lens tutorial, tutorial camera lens, camera lens guide, guide camera lens, camera lens how to, how to camera lens, camera lens vs, vs camera lens, camera lens versus, versus camera lens, camera lens compared to, compared to camera lens, camera lens comparison, comparison camera lens, camera lens alternatives, alternatives camera lens, camera lens which is better, which is better camera lens, camera lens expensive, expensive camera lens, camera lens discount, discount camera lens, camera lens deals, deals camera lens, camera lens sale, sale camera lens, camera lens affordable, affordable camera lens, camera lens cost, cost camera lens, camera lens online, online camera lens, camera lens offline, offline camera lens, camera lens marketplace, marketplace camera lens, camera lens store, store camera lens, camera lens shop, shop camera lens, camera lens retailer, retailer camera lens, camera lens where to buy, where to buy camera lens, camera lens worst, worst camera lens, camera lens quality, quality camera lens, camera lens original, original camera lens, camera lens genuine, genuine camera lens, camera lens fake, fake camera lens, camera lens replica, replica camera lens, camera lens authentic, authentic camera lens, camera lens brand, brand camera lens, camera lens manufacturer, manufacturer camera lens, camera lens company, company camera lens, camera lens product, product camera lens, camera lens sandisk product, sandisk product camera lens, camera lens sell sandisk, sell sandisk camera lens, camera lens buy sandisk, buy sandisk camera lens, camera lens cheap sandisk, cheap sandisk camera lens, camera lens best sandisk, best sandisk camera lens, camera lens sandisk review, sandisk review camera lens, camera lens where to buy sandisk, where to buy sandisk camera lens, camera lens how to choose sandisk, how to choose sandisk camera lens, camera lens top sandisk, top sandisk camera lens, camera lens sandisk guide, sandisk guide camera lens, camera lens sandisk for sale, sandisk for sale camera lens, camera lens sandisk deals, sandisk deals camera lens, dslr photography sandisk, sandisk dslr photography, dslr photography cheap, cheap dslr photography, dslr photography best, best dslr photography, dslr photography latest, latest dslr photography, dslr photography review, review dslr photography, dslr photography price, price dslr photography, dslr photography sell, sell dslr photography, dslr photography buy, buy dslr photography, dslr photography recommendation, recommendation dslr photography, dslr photography tips, tips dslr photography, dslr photography tutorial, tutorial dslr photography, dslr photography guide, guide dslr photography, dslr photography how to, how to dslr photography, dslr photography vs, vs dslr photography, dslr photography versus, versus dslr photography, dslr photography compared to, compared to dslr photography, dslr photography comparison, comparison dslr photography, dslr photography alternatives, alternatives dslr photography, dslr photography which is better, which is better dslr photography, dslr photography expensive, expensive dslr photography, dslr photography discount, discount dslr photography, dslr photography deals, deals dslr photography, dslr photography sale, sale dslr photography, dslr photography affordable, affordable dslr photography, dslr photography cost, cost dslr photography, dslr photography online, online dslr photography, dslr photography offline, offline dslr photography, dslr photography marketplace, marketplace dslr photography, dslr photography store, store dslr photography, dslr photography shop, shop dslr photography, dslr photography retailer, retailer dslr photography, dslr photography where to buy, where to buy dslr photography, dslr photography worst, worst dslr photography, dslr photography quality, quality dslr photography, dslr photography original, original dslr photography, dslr photography genuine, genuine dslr photography, dslr photography fake, fake dslr photography, dslr photography replica, replica dslr photography, dslr photography authentic, authentic dslr photography, dslr photography brand, brand dslr photography, dslr photography manufacturer, manufacturer dslr photography, dslr photography company, company dslr photography, dslr photography product, product dslr photography, dslr photography sandisk product, sandisk product dslr photography, dslr photography sell sandisk, sell sandisk dslr photography, dslr photography buy sandisk, buy sandisk dslr photography, dslr photography cheap sandisk, cheap sandisk dslr photography, dslr photography best sandisk, best sandisk dslr photography, dslr photography sandisk review, sandisk review dslr photography, dslr photography where to buy sandisk, where to buy sandisk dslr photography, dslr photography how to choose sandisk, how to choose sandisk dslr photography, dslr photography top sandisk, top sandisk dslr photography, dslr photography sandisk guide, sandisk guide dslr photography, dslr photography sandisk for sale, sandisk for sale dslr photography, dslr photography sandisk deals, sandisk deals dslr photography
2025-10-26 16:57:05,946 - INFO - Expanded 220 seed keywords to 385 variations
2025-10-26 16:57:05,946 - INFO - Language: en
2025-10-26 16:57:05,946 - INFO - Region: us
2025-10-26 16:57:39,651 - INFO - 🎯 After all filtering for 'sandisk': 120 relevant keywords
2025-10-26 16:57:39,908 - INFO - 🎯 Found 5 new keywords for niche 'sandisk': sandisk affordable camera lens, sandisk affordable dslr photography, cheap alternatives camera lens, cheap alternatives dslr photography, best authentic camera lens
2025-10-26 16:57:53,115 - INFO - ✅ Niche 'sandisk' process complete! 154 total keyword results.
2025-10-26 16:57:53,115 - INFO - ✅ Completed processing niche: 'sandisk'
2025-10-26 16:57:53,115 - INFO - 🔧 Request Handler final stats - Success rate: 100.0%
2025-10-26 16:57:53,115 - INFO -    Total requests: 31742, Blocks: 0
2025-10-26 16:57:53,116 - INFO - 
========================================
2025-10-26 16:57:53,117 - INFO - Process Summary:
2025-10-26 16:57:53,117 - INFO - - Current niche: 'sandisk'
2025-10-26 16:57:53,117 - INFO - - Next niche will be: 'intel'
2025-10-26 16:57:53,117 - INFO - - Keywords saved in: languages/english/keywords/sandisk/
2025-10-26 16:57:53,117 - INFO - ========================================
