2025-11-07 07:30:50,773 - INFO - Log file created at: /home/runner/work/potensitech.com/potensitech.com/languages/english/keywords/logs/kw_search_20251107_073050.log
2025-11-07 07:30:50,773 - INFO - ============================================================
2025-11-07 07:30:50,773 - INFO - AUTOMATIC KEYWORD RESEARCH TOOL
2025-11-07 07:30:50,773 - INFO - ============================================================
2025-11-07 07:30:50,948 - INFO - ========================================
2025-11-07 07:30:50,948 - INFO - Found 14 niches to process: xiaomi, iphone, samsung, apple, sony, asus, philips, sandisk, intel, nvidia, amd, canon, nikon, huawei
2025-11-07 07:30:50,948 - INFO - ========================================
2025-11-07 07:30:50,948 - INFO - Continuing from last processed niche: sandisk
2025-11-07 07:30:50,948 - INFO - ========================================
2025-11-07 07:30:50,948 - INFO - 🎯 PROCESSING NICHE 9/14: 'intel'
2025-11-07 07:30:50,948 - INFO - ========================================
2025-11-07 07:30:50,948 - INFO - 📁 Niche directory: /home/runner/work/potensitech.com/potensitech.com/languages/english/keywords/intel
2025-11-07 07:30:50,948 - INFO - Selected region: us
2025-11-07 07:30:50,948 - INFO - Selected language: en
2025-11-07 07:30:50,948 - INFO - 🎯 Current niche: intel
2025-11-07 07:30:54,015 - INFO - 🎯 Niche terms for filtering: intel, cheap, best, latest, review, price, sell, buy, recommendation, tips, tutorial, guide, how to, vs, versus, compared to, comparison, alternatives, which is better, expensive, discount, deals, sale, affordable, cost, online, offline, marketplace, store, shop, retailer, where to buy, worst, quality, original, genuine, fake, replica, authentic, brand, manufacturer, company, product, intel product, sell intel, buy intel, cheap intel, best intel, intel review, where to buy intel, how to choose intel, top intel, intel guide, intel for sale, intel deals
2025-11-07 07:30:54,015 - INFO - Generated 50 niche-clue pairs for 'intel'.
2025-11-07 07:30:54,018 - INFO - Expanded 50 seed keywords to 218 variations
2025-11-07 07:30:54,019 - INFO - 🔧 Request Handler initialized - Success rate: 100.0%
2025-11-07 07:35:17,085 - INFO - Original clue keywords: usb drive, flash drive
2025-11-07 07:35:17,085 - INFO - Niche-focused seeds: usb drive intel, intel usb drive, usb drive cheap, cheap usb drive, usb drive best, best usb drive, usb drive latest, latest usb drive, usb drive review, review usb drive, usb drive price, price usb drive, usb drive sell, sell usb drive, usb drive buy, buy usb drive, usb drive recommendation, recommendation usb drive, usb drive tips, tips usb drive, usb drive tutorial, tutorial usb drive, usb drive guide, guide usb drive, usb drive how to, how to usb drive, usb drive vs, vs usb drive, usb drive versus, versus usb drive, usb drive compared to, compared to usb drive, usb drive comparison, comparison usb drive, usb drive alternatives, alternatives usb drive, usb drive which is better, which is better usb drive, usb drive expensive, expensive usb drive, usb drive discount, discount usb drive, usb drive deals, deals usb drive, usb drive sale, sale usb drive, usb drive affordable, affordable usb drive, usb drive cost, cost usb drive, usb drive online, online usb drive, usb drive offline, offline usb drive, usb drive marketplace, marketplace usb drive, usb drive store, store usb drive, usb drive shop, shop usb drive, usb drive retailer, retailer usb drive, usb drive where to buy, where to buy usb drive, usb drive worst, worst usb drive, usb drive quality, quality usb drive, usb drive original, original usb drive, usb drive genuine, genuine usb drive, usb drive fake, fake usb drive, usb drive replica, replica usb drive, usb drive authentic, authentic usb drive, usb drive brand, brand usb drive, usb drive manufacturer, manufacturer usb drive, usb drive company, company usb drive, usb drive product, product usb drive, usb drive intel product, intel product usb drive, usb drive sell intel, sell intel usb drive, usb drive buy intel, buy intel usb drive, usb drive cheap intel, cheap intel usb drive, usb drive best intel, best intel usb drive, usb drive intel review, intel review usb drive, usb drive where to buy intel, where to buy intel usb drive, usb drive how to choose intel, how to choose intel usb drive, usb drive top intel, top intel usb drive, usb drive intel guide, intel guide usb drive, usb drive intel for sale, intel for sale usb drive, usb drive intel deals, intel deals usb drive, flash drive intel, intel flash drive, flash drive cheap, cheap flash drive, flash drive best, best flash drive, flash drive latest, latest flash drive, flash drive review, review flash drive, flash drive price, price flash drive, flash drive sell, sell flash drive, flash drive buy, buy flash drive, flash drive recommendation, recommendation flash drive, flash drive tips, tips flash drive, flash drive tutorial, tutorial flash drive, flash drive guide, guide flash drive, flash drive how to, how to flash drive, flash drive vs, vs flash drive, flash drive versus, versus flash drive, flash drive compared to, compared to flash drive, flash drive comparison, comparison flash drive, flash drive alternatives, alternatives flash drive, flash drive which is better, which is better flash drive, flash drive expensive, expensive flash drive, flash drive discount, discount flash drive, flash drive deals, deals flash drive, flash drive sale, sale flash drive, flash drive affordable, affordable flash drive, flash drive cost, cost flash drive, flash drive online, online flash drive, flash drive offline, offline flash drive, flash drive marketplace, marketplace flash drive, flash drive store, store flash drive, flash drive shop, shop flash drive, flash drive retailer, retailer flash drive, flash drive where to buy, where to buy flash drive, flash drive worst, worst flash drive, flash drive quality, quality flash drive, flash drive original, original flash drive, flash drive genuine, genuine flash drive, flash drive fake, fake flash drive, flash drive replica, replica flash drive, flash drive authentic, authentic flash drive, flash drive brand, brand flash drive, flash drive manufacturer, manufacturer flash drive, flash drive company, company flash drive, flash drive product, product flash drive, flash drive intel product, intel product flash drive, flash drive sell intel, sell intel flash drive, flash drive buy intel, buy intel flash drive, flash drive cheap intel, cheap intel flash drive, flash drive best intel, best intel flash drive, flash drive intel review, intel review flash drive, flash drive where to buy intel, where to buy intel flash drive, flash drive how to choose intel, how to choose intel flash drive, flash drive top intel, top intel flash drive, flash drive intel guide, intel guide flash drive, flash drive intel for sale, intel for sale flash drive, flash drive intel deals, intel deals flash drive
2025-11-07 07:35:17,088 - INFO - Expanded 220 seed keywords to 385 variations
2025-11-07 07:35:17,088 - INFO - Language: en
2025-11-07 07:35:17,088 - INFO - Region: us
2025-11-07 07:35:50,262 - INFO - 🎯 After all filtering for 'intel': 120 relevant keywords
2025-11-07 07:35:50,860 - INFO - 🎯 Found 5 new keywords for niche 'intel': intel affordable flash drive, cheap affordable usb drive, intel alternatives usb drive, best authentic usb drive, how to brand usb drive
2025-11-07 07:36:02,521 - INFO - ✅ Niche 'intel' process complete! 236 total keyword results.
2025-11-07 07:36:02,522 - INFO - ✅ Completed processing niche: 'intel'
2025-11-07 07:36:02,522 - INFO - 🔧 Request Handler final stats - Success rate: 100.0%
2025-11-07 07:36:02,522 - INFO -    Total requests: 37236, Blocks: 0
2025-11-07 07:36:02,523 - INFO - 
========================================
2025-11-07 07:36:02,523 - INFO - Process Summary:
2025-11-07 07:36:02,523 - INFO - - Current niche: 'intel'
2025-11-07 07:36:02,523 - INFO - - Next niche will be: 'nvidia'
2025-11-07 07:36:02,523 - INFO - - Keywords saved in: languages/english/keywords/intel/
2025-11-07 07:36:02,523 - INFO - ========================================
