2025-09-17 07:28:05,736 - INFO - Log file created at: /home/runner/work/potensitech.com/potensitech.com/languages/english/keywords/logs/kw_search_20250917_072805.log
2025-09-17 07:28:05,736 - INFO - ============================================================
2025-09-17 07:28:05,736 - INFO - AUTOMATIC KEYWORD RESEARCH TOOL
2025-09-17 07:28:05,736 - INFO - ============================================================
2025-09-17 07:28:05,864 - INFO - ========================================
2025-09-17 07:28:05,864 - INFO - Found 14 niches to process: xiaomi, iphone, samsung, apple, sony, asus, philips, sandisk, intel, nvidia, amd, canon, nikon, huawei
2025-09-17 07:28:05,864 - INFO - ========================================
2025-09-17 07:28:05,864 - INFO - Continuing from last processed niche: sony
2025-09-17 07:28:05,864 - INFO - ========================================
2025-09-17 07:28:05,864 - INFO - 🎯 PROCESSING NICHE 6/14: 'asus'
2025-09-17 07:28:05,864 - INFO - ========================================
2025-09-17 07:28:05,864 - INFO - 📁 Niche directory: /home/runner/work/potensitech.com/potensitech.com/languages/english/keywords/asus
2025-09-17 07:28:05,864 - INFO - Selected region: us
2025-09-17 07:28:05,864 - INFO - Selected language: en
2025-09-17 07:28:05,864 - INFO - 🎯 Current niche: asus
2025-09-17 07:28:08,824 - INFO - 🎯 Niche terms for filtering: asus, cheap, best, latest, review, price, sell, buy, recommendation, tips, tutorial, guide, how to, vs, versus, compared to, comparison, alternatives, which is better, expensive, discount, deals, sale, affordable, cost, online, offline, marketplace, store, shop, retailer, where to buy, worst, quality, original, genuine, fake, replica, authentic, brand, manufacturer, company, product, asus product, sell asus, buy asus, cheap asus, best asus, asus review, where to buy asus, how to choose asus, top asus, asus guide, asus for sale, asus deals
2025-09-17 07:28:08,824 - INFO - Generated 50 niche-clue pairs for 'asus'.
2025-09-17 07:28:08,827 - INFO - Expanded 50 seed keywords to 218 variations
2025-09-17 07:28:08,827 - INFO - 🔧 Request Handler initialized - Success rate: 100.0%
2025-09-17 07:32:31,088 - INFO - Original clue keywords: digital photography, gaming phone
2025-09-17 07:32:31,088 - INFO - Niche-focused seeds: digital photography asus, asus digital photography, digital photography cheap, cheap digital photography, digital photography best, best digital photography, digital photography latest, latest digital photography, digital photography review, review digital photography, digital photography price, price digital photography, digital photography sell, sell digital photography, digital photography buy, buy digital photography, digital photography recommendation, recommendation digital photography, digital photography tips, tips digital photography, digital photography tutorial, tutorial digital photography, digital photography guide, guide digital photography, digital photography how to, how to digital photography, digital photography vs, vs digital photography, digital photography versus, versus digital photography, digital photography compared to, compared to digital photography, digital photography comparison, comparison digital photography, digital photography alternatives, alternatives digital photography, digital photography which is better, which is better digital photography, digital photography expensive, expensive digital photography, digital photography discount, discount digital photography, digital photography deals, deals digital photography, digital photography sale, sale digital photography, digital photography affordable, affordable digital photography, digital photography cost, cost digital photography, digital photography online, online digital photography, digital photography offline, offline digital photography, digital photography marketplace, marketplace digital photography, digital photography store, store digital photography, digital photography shop, shop digital photography, digital photography retailer, retailer digital photography, digital photography where to buy, where to buy digital photography, digital photography worst, worst digital photography, digital photography quality, quality digital photography, digital photography original, original digital photography, digital photography genuine, genuine digital photography, digital photography fake, fake digital photography, digital photography replica, replica digital photography, digital photography authentic, authentic digital photography, digital photography brand, brand digital photography, digital photography manufacturer, manufacturer digital photography, digital photography company, company digital photography, digital photography product, product digital photography, digital photography asus product, asus product digital photography, digital photography sell asus, sell asus digital photography, digital photography buy asus, buy asus digital photography, digital photography cheap asus, cheap asus digital photography, digital photography best asus, best asus digital photography, digital photography asus review, asus review digital photography, digital photography where to buy asus, where to buy asus digital photography, digital photography how to choose asus, how to choose asus digital photography, digital photography top asus, top asus digital photography, digital photography asus guide, asus guide digital photography, digital photography asus for sale, asus for sale digital photography, digital photography asus deals, asus deals digital photography, gaming phone asus, asus gaming phone, gaming phone cheap, cheap gaming phone, gaming phone best, best gaming phone, gaming phone latest, latest gaming phone, gaming phone review, review gaming phone, gaming phone price, price gaming phone, gaming phone sell, sell gaming phone, gaming phone buy, buy gaming phone, gaming phone recommendation, recommendation gaming phone, gaming phone tips, tips gaming phone, gaming phone tutorial, tutorial gaming phone, gaming phone guide, guide gaming phone, gaming phone how to, how to gaming phone, gaming phone vs, vs gaming phone, gaming phone versus, versus gaming phone, gaming phone compared to, compared to gaming phone, gaming phone comparison, comparison gaming phone, gaming phone alternatives, alternatives gaming phone, gaming phone which is better, which is better gaming phone, gaming phone expensive, expensive gaming phone, gaming phone discount, discount gaming phone, gaming phone deals, deals gaming phone, gaming phone sale, sale gaming phone, gaming phone affordable, affordable gaming phone, gaming phone cost, cost gaming phone, gaming phone online, online gaming phone, gaming phone offline, offline gaming phone, gaming phone marketplace, marketplace gaming phone, gaming phone store, store gaming phone, gaming phone shop, shop gaming phone, gaming phone retailer, retailer gaming phone, gaming phone where to buy, where to buy gaming phone, gaming phone worst, worst gaming phone, gaming phone quality, quality gaming phone, gaming phone original, original gaming phone, gaming phone genuine, genuine gaming phone, gaming phone fake, fake gaming phone, gaming phone replica, replica gaming phone, gaming phone authentic, authentic gaming phone, gaming phone brand, brand gaming phone, gaming phone manufacturer, manufacturer gaming phone, gaming phone company, company gaming phone, gaming phone product, product gaming phone, gaming phone asus product, asus product gaming phone, gaming phone sell asus, sell asus gaming phone, gaming phone buy asus, buy asus gaming phone, gaming phone cheap asus, cheap asus gaming phone, gaming phone best asus, best asus gaming phone, gaming phone asus review, asus review gaming phone, gaming phone where to buy asus, where to buy asus gaming phone, gaming phone how to choose asus, how to choose asus gaming phone, gaming phone top asus, top asus gaming phone, gaming phone asus guide, asus guide gaming phone, gaming phone asus for sale, asus for sale gaming phone, gaming phone asus deals, asus deals gaming phone
2025-09-17 07:32:31,095 - INFO - Expanded 220 seed keywords to 385 variations
2025-09-17 07:32:31,095 - INFO - Language: en
2025-09-17 07:32:31,095 - INFO - Region: us
2025-09-17 07:34:54,704 - INFO - 🎯 After all filtering for 'asus': 120 relevant keywords
2025-09-17 07:34:54,727 - INFO - 🎯 Found 5 new keywords for niche 'asus': asus affordable digital photography, asus affordable gaming phone, cheap alternatives digital photography, alternatives gaming phone cheap, best authentic digital photography
2025-09-17 07:35:06,207 - INFO - ✅ Niche 'asus' process complete! 19 total keyword results.
2025-09-17 07:35:06,207 - INFO - ✅ Completed processing niche: 'asus'
2025-09-17 07:35:06,207 - INFO - 🔧 Request Handler final stats - Success rate: 100.0%
2025-09-17 07:35:06,207 - INFO -    Total requests: 5201, Blocks: 0
2025-09-17 07:35:06,208 - INFO - 
========================================
2025-09-17 07:35:06,208 - INFO - Process Summary:
2025-09-17 07:35:06,208 - INFO - - Current niche: 'asus'
2025-09-17 07:35:06,208 - INFO - - Next niche will be: 'philips'
2025-09-17 07:35:06,208 - INFO - - Keywords saved in: languages/english/keywords/asus/
2025-09-17 07:35:06,209 - INFO - ========================================
