2025-10-08 19:23:38,785 - INFO - Log file created at: /home/runner/work/potensitech.com/potensitech.com/languages/english/keywords/logs/kw_search_20251008_192338.log
2025-10-08 19:23:38,786 - INFO - ============================================================
2025-10-08 19:23:38,786 - INFO - AUTOMATIC KEYWORD RESEARCH TOOL
2025-10-08 19:23:38,786 - INFO - ============================================================
2025-10-08 19:23:39,040 - INFO - ========================================
2025-10-08 19:23:39,040 - INFO - Found 14 niches to process: xiaomi, iphone, samsung, apple, sony, asus, philips, sandisk, intel, nvidia, amd, canon, nikon, huawei
2025-10-08 19:23:39,040 - INFO - ========================================
2025-10-08 19:23:39,041 - INFO - Continuing from last processed niche: nvidia
2025-10-08 19:23:39,041 - INFO - ========================================
2025-10-08 19:23:39,041 - INFO - 🎯 PROCESSING NICHE 11/14: 'amd'
2025-10-08 19:23:39,041 - INFO - ========================================
2025-10-08 19:23:39,041 - INFO - 📁 Niche directory: /home/runner/work/potensitech.com/potensitech.com/languages/english/keywords/amd
2025-10-08 19:23:39,041 - INFO - Selected region: us
2025-10-08 19:23:39,041 - INFO - Selected language: en
2025-10-08 19:23:39,041 - INFO - 🎯 Current niche: amd
2025-10-08 19:23:42,421 - INFO - 🎯 Niche terms for filtering: amd, cheap, best, latest, review, price, sell, buy, recommendation, tips, tutorial, guide, how to, vs, versus, compared to, comparison, alternatives, which is better, expensive, discount, deals, sale, affordable, cost, online, offline, marketplace, store, shop, retailer, where to buy, worst, quality, original, genuine, fake, replica, authentic, brand, manufacturer, company, product, amd product, sell amd, buy amd, cheap amd, best amd, amd review, where to buy amd, how to choose amd, top amd, amd guide, amd for sale, amd deals
2025-10-08 19:23:42,422 - INFO - Generated 50 niche-clue pairs for 'amd'.
2025-10-08 19:23:42,425 - INFO - Expanded 50 seed keywords to 218 variations
2025-10-08 19:23:42,425 - INFO - 🔧 Request Handler initialized - Success rate: 100.0%
2025-10-08 19:28:07,893 - INFO - Original clue keywords: graphics card, ray tracing
2025-10-08 19:28:07,893 - INFO - Niche-focused seeds: graphics card amd, amd graphics card, graphics card cheap, cheap graphics card, graphics card best, best graphics card, graphics card latest, latest graphics card, graphics card review, review graphics card, graphics card price, price graphics card, graphics card sell, sell graphics card, graphics card buy, buy graphics card, graphics card recommendation, recommendation graphics card, graphics card tips, tips graphics card, graphics card tutorial, tutorial graphics card, graphics card guide, guide graphics card, graphics card how to, how to graphics card, graphics card vs, vs graphics card, graphics card versus, versus graphics card, graphics card compared to, compared to graphics card, graphics card comparison, comparison graphics card, graphics card alternatives, alternatives graphics card, graphics card which is better, which is better graphics card, graphics card expensive, expensive graphics card, graphics card discount, discount graphics card, graphics card deals, deals graphics card, graphics card sale, sale graphics card, graphics card affordable, affordable graphics card, graphics card cost, cost graphics card, graphics card online, online graphics card, graphics card offline, offline graphics card, graphics card marketplace, marketplace graphics card, graphics card store, store graphics card, graphics card shop, shop graphics card, graphics card retailer, retailer graphics card, graphics card where to buy, where to buy graphics card, graphics card worst, worst graphics card, graphics card quality, quality graphics card, graphics card original, original graphics card, graphics card genuine, genuine graphics card, graphics card fake, fake graphics card, graphics card replica, replica graphics card, graphics card authentic, authentic graphics card, graphics card brand, brand graphics card, graphics card manufacturer, manufacturer graphics card, graphics card company, company graphics card, graphics card product, product graphics card, graphics card amd product, amd product graphics card, graphics card sell amd, sell amd graphics card, graphics card buy amd, buy amd graphics card, graphics card cheap amd, cheap amd graphics card, graphics card best amd, best amd graphics card, graphics card amd review, amd review graphics card, graphics card where to buy amd, where to buy amd graphics card, graphics card how to choose amd, how to choose amd graphics card, graphics card top amd, top amd graphics card, graphics card amd guide, amd guide graphics card, graphics card amd for sale, amd for sale graphics card, graphics card amd deals, amd deals graphics card, ray tracing amd, amd ray tracing, ray tracing cheap, cheap ray tracing, ray tracing best, best ray tracing, ray tracing latest, latest ray tracing, ray tracing review, review ray tracing, ray tracing price, price ray tracing, ray tracing sell, sell ray tracing, ray tracing buy, buy ray tracing, ray tracing recommendation, recommendation ray tracing, ray tracing tips, tips ray tracing, ray tracing tutorial, tutorial ray tracing, ray tracing guide, guide ray tracing, ray tracing how to, how to ray tracing, ray tracing vs, vs ray tracing, ray tracing versus, versus ray tracing, ray tracing compared to, compared to ray tracing, ray tracing comparison, comparison ray tracing, ray tracing alternatives, alternatives ray tracing, ray tracing which is better, which is better ray tracing, ray tracing expensive, expensive ray tracing, ray tracing discount, discount ray tracing, ray tracing deals, deals ray tracing, ray tracing sale, sale ray tracing, ray tracing affordable, affordable ray tracing, ray tracing cost, cost ray tracing, ray tracing online, online ray tracing, ray tracing offline, offline ray tracing, ray tracing marketplace, marketplace ray tracing, ray tracing store, store ray tracing, ray tracing shop, shop ray tracing, ray tracing retailer, retailer ray tracing, ray tracing where to buy, where to buy ray tracing, ray tracing worst, worst ray tracing, ray tracing quality, quality ray tracing, ray tracing original, original ray tracing, ray tracing genuine, genuine ray tracing, ray tracing fake, fake ray tracing, ray tracing replica, replica ray tracing, ray tracing authentic, authentic ray tracing, ray tracing brand, brand ray tracing, ray tracing manufacturer, manufacturer ray tracing, ray tracing company, company ray tracing, ray tracing product, product ray tracing, ray tracing amd product, amd product ray tracing, ray tracing sell amd, sell amd ray tracing, ray tracing buy amd, buy amd ray tracing, ray tracing cheap amd, cheap amd ray tracing, ray tracing best amd, best amd ray tracing, ray tracing amd review, amd review ray tracing, ray tracing where to buy amd, where to buy amd ray tracing, ray tracing how to choose amd, how to choose amd ray tracing, ray tracing top amd, top amd ray tracing, ray tracing amd guide, amd guide ray tracing, ray tracing amd for sale, amd for sale ray tracing, ray tracing amd deals, amd deals ray tracing
2025-10-08 19:28:07,896 - INFO - Expanded 220 seed keywords to 385 variations
2025-10-08 19:28:07,896 - INFO - Language: en
2025-10-08 19:28:07,897 - INFO - Region: us
2025-10-08 19:28:40,622 - INFO - 🎯 After all filtering for 'amd': 120 relevant keywords
2025-10-08 19:28:40,719 - INFO - 🎯 Found 2 new keywords for niche 'amd': amd affordable graphics card, amd affordable ray tracing
2025-10-08 19:28:47,459 - INFO - ✅ Niche 'amd' process complete! 129 total keyword results.
2025-10-08 19:28:47,459 - INFO - ✅ Completed processing niche: 'amd'
2025-10-08 19:28:47,459 - INFO - 🔧 Request Handler final stats - Success rate: 100.0%
2025-10-08 19:28:47,459 - INFO -    Total requests: 21861, Blocks: 0
2025-10-08 19:28:47,460 - INFO - 
========================================
2025-10-08 19:28:47,460 - INFO - Process Summary:
2025-10-08 19:28:47,460 - INFO - - Current niche: 'amd'
2025-10-08 19:28:47,460 - INFO - - Next niche will be: 'canon'
2025-10-08 19:28:47,461 - INFO - - Keywords saved in: languages/english/keywords/amd/
2025-10-08 19:28:47,461 - INFO - ========================================
