2025-10-05 03:24:19,220 - INFO - Log file created at: /home/runner/work/potensitech.com/potensitech.com/languages/english/keywords/logs/kw_search_20251005_032419.log
2025-10-05 03:24:19,220 - INFO - ============================================================
2025-10-05 03:24:19,220 - INFO - AUTOMATIC KEYWORD RESEARCH TOOL
2025-10-05 03:24:19,220 - INFO - ============================================================
2025-10-05 03:24:19,363 - INFO - ========================================
2025-10-05 03:24:19,363 - INFO - Found 14 niches to process: xiaomi, iphone, samsung, apple, sony, asus, philips, sandisk, intel, nvidia, amd, canon, nikon, huawei
2025-10-05 03:24:19,364 - INFO - ========================================
2025-10-05 03:24:19,364 - INFO - Continuing from last processed niche: xiaomi
2025-10-05 03:24:19,364 - INFO - ========================================
2025-10-05 03:24:19,364 - INFO - 🎯 PROCESSING NICHE 2/14: 'iphone'
2025-10-05 03:24:19,364 - INFO - ========================================
2025-10-05 03:24:19,364 - INFO - 📁 Niche directory: /home/runner/work/potensitech.com/potensitech.com/languages/english/keywords/iphone
2025-10-05 03:24:19,364 - INFO - Selected region: us
2025-10-05 03:24:19,364 - INFO - Selected language: en
2025-10-05 03:24:19,364 - INFO - 🎯 Current niche: iphone
2025-10-05 03:24:24,269 - INFO - 🎯 Niche terms for filtering: iphone, cheap, best, latest, review, price, sell, buy, recommendation, tips, tutorial, guide, how to, vs, versus, compared to, comparison, alternatives, which is better, expensive, discount, deals, sale, affordable, cost, online, offline, marketplace, store, shop, retailer, where to buy, worst, quality, original, genuine, fake, replica, authentic, brand, manufacturer, company, product, iphone product, sell iphone, buy iphone, cheap iphone, best iphone, iphone review, where to buy iphone, how to choose iphone, top iphone, iphone guide, iphone for sale, iphone deals
2025-10-05 03:24:24,270 - INFO - Generated 50 niche-clue pairs for 'iphone'.
2025-10-05 03:24:24,272 - INFO - Expanded 50 seed keywords to 218 variations
2025-10-05 03:24:24,273 - INFO - 🔧 Request Handler initialized - Success rate: 100.0%
2025-10-05 03:28:45,173 - INFO - Original clue keywords: dslr quality, processor performance
2025-10-05 03:28:45,173 - INFO - Niche-focused seeds: dslr quality, processor performance iphone, iphone processor performance, processor performance cheap, cheap processor performance, processor performance best, best processor performance, processor performance latest, latest processor performance, processor performance review, review processor performance, processor performance price, price processor performance, processor performance sell, sell processor performance, processor performance buy, buy processor performance, processor performance recommendation, recommendation processor performance, processor performance tips, tips processor performance, processor performance tutorial, tutorial processor performance, processor performance guide, guide processor performance, processor performance how to, how to processor performance, processor performance vs, vs processor performance, processor performance versus, versus processor performance, processor performance compared to, compared to processor performance, processor performance comparison, comparison processor performance, processor performance alternatives, alternatives processor performance, processor performance which is better, which is better processor performance, processor performance expensive, expensive processor performance, processor performance discount, discount processor performance, processor performance deals, deals processor performance, processor performance sale, sale processor performance, processor performance affordable, affordable processor performance, processor performance cost, cost processor performance, processor performance online, online processor performance, processor performance offline, offline processor performance, processor performance marketplace, marketplace processor performance, processor performance store, store processor performance, processor performance shop, shop processor performance, processor performance retailer, retailer processor performance, processor performance where to buy, where to buy processor performance, processor performance worst, worst processor performance, processor performance quality, quality processor performance, processor performance original, original processor performance, processor performance genuine, genuine processor performance, processor performance fake, fake processor performance, processor performance replica, replica processor performance, processor performance authentic, authentic processor performance, processor performance brand, brand processor performance, processor performance manufacturer, manufacturer processor performance, processor performance company, company processor performance, processor performance product, product processor performance, processor performance iphone product, iphone product processor performance, processor performance sell iphone, sell iphone processor performance, processor performance buy iphone, buy iphone processor performance, processor performance cheap iphone, cheap iphone processor performance, processor performance best iphone, best iphone processor performance, processor performance iphone review, iphone review processor performance, processor performance where to buy iphone, where to buy iphone processor performance, processor performance how to choose iphone, how to choose iphone processor performance, processor performance top iphone, top iphone processor performance, processor performance iphone guide, iphone guide processor performance, processor performance iphone for sale, iphone for sale processor performance, processor performance iphone deals, iphone deals processor performance
2025-10-05 03:28:45,176 - INFO - Expanded 111 seed keywords to 276 variations
2025-10-05 03:28:45,176 - INFO - Language: en
2025-10-05 03:28:45,176 - INFO - Region: us
2025-10-05 03:32:22,527 - INFO - 🎯 After all filtering for 'iphone': 120 relevant keywords
2025-10-05 03:32:22,615 - INFO - 🎯 Found 5 new keywords for niche 'iphone': iphone dslr quality, cheap dslr quality, best dslr quality, iphone affordable processor performance, cheap alternatives processor performance
2025-10-05 03:32:29,955 - INFO - ✅ Niche 'iphone' process complete! 127 total keyword results.
2025-10-05 03:32:29,955 - INFO - ✅ Completed processing niche: 'iphone'
2025-10-05 03:32:29,955 - INFO - 🔧 Request Handler final stats - Success rate: 100.0%
2025-10-05 03:32:29,955 - INFO -    Total requests: 19044, Blocks: 0
2025-10-05 03:32:29,956 - INFO - 
========================================
2025-10-05 03:32:29,957 - INFO - Process Summary:
2025-10-05 03:32:29,957 - INFO - - Current niche: 'iphone'
2025-10-05 03:32:29,957 - INFO - - Next niche will be: 'samsung'
2025-10-05 03:32:29,957 - INFO - - Keywords saved in: languages/english/keywords/iphone/
2025-10-05 03:32:29,957 - INFO - ========================================
