2026-01-23 21:48:51,961 - INFO - Log file created at: /home/runner/work/potensitech.com/potensitech.com/languages/english/keywords/logs/kw_search_20260123_214851.log
2026-01-23 21:48:51,961 - INFO - ============================================================
2026-01-23 21:48:51,961 - INFO - AUTOMATIC KEYWORD RESEARCH TOOL
2026-01-23 21:48:51,961 - INFO - ============================================================
2026-01-23 21:48:52,186 - INFO - ========================================
2026-01-23 21:48:52,186 - INFO - Found 14 niches to process: xiaomi, iphone, samsung, apple, sony, asus, philips, sandisk, intel, nvidia, amd, canon, nikon, huawei
2026-01-23 21:48:52,186 - INFO - ========================================
2026-01-23 21:48:52,186 - INFO - All niches completed, starting over
2026-01-23 21:48:52,186 - INFO - ========================================
2026-01-23 21:48:52,186 - INFO - 🎯 PROCESSING NICHE 1/14: 'xiaomi'
2026-01-23 21:48:52,186 - INFO - ========================================
2026-01-23 21:48:52,186 - INFO - 📁 Niche directory: /home/runner/work/potensitech.com/potensitech.com/languages/english/keywords/xiaomi
2026-01-23 21:48:52,186 - INFO - Selected region: us
2026-01-23 21:48:52,186 - INFO - Selected language: en
2026-01-23 21:48:52,186 - INFO - 🎯 Current niche: xiaomi
2026-01-23 21:48:56,393 - INFO - 🎯 Niche terms for filtering: xiaomi, cheap, best, latest, review, price, sell, buy, recommendation, tips, tutorial, guide, how to, vs, versus, compared to, comparison, alternatives, which is better, expensive, discount, deals, sale, affordable, cost, online, offline, marketplace, store, shop, retailer, where to buy, worst, quality, original, genuine, fake, replica, authentic, brand, manufacturer, company, product, xiaomi product, sell xiaomi, buy xiaomi, cheap xiaomi, best xiaomi, xiaomi review, where to buy xiaomi, how to choose xiaomi, top xiaomi, xiaomi guide, xiaomi for sale, xiaomi deals
2026-01-23 21:48:56,393 - INFO - Generated 50 niche-clue pairs for 'xiaomi'.
2026-01-23 21:48:56,396 - INFO - Expanded 50 seed keywords to 218 variations
2026-01-23 21:48:56,397 - INFO - 🔧 Request Handler initialized - Success rate: 100.0%
2026-01-23 21:53:19,412 - INFO - Original clue keywords: dslr photography, camera lenses
2026-01-23 21:53:19,412 - INFO - Niche-focused seeds: dslr photography xiaomi, xiaomi dslr photography, dslr photography cheap, cheap dslr photography, dslr photography best, best dslr photography, dslr photography latest, latest dslr photography, dslr photography review, review dslr photography, dslr photography price, price dslr photography, dslr photography sell, sell dslr photography, dslr photography buy, buy dslr photography, dslr photography recommendation, recommendation dslr photography, dslr photography tips, tips dslr photography, dslr photography tutorial, tutorial dslr photography, dslr photography guide, guide dslr photography, dslr photography how to, how to dslr photography, dslr photography vs, vs dslr photography, dslr photography versus, versus dslr photography, dslr photography compared to, compared to dslr photography, dslr photography comparison, comparison dslr photography, dslr photography alternatives, alternatives dslr photography, dslr photography which is better, which is better dslr photography, dslr photography expensive, expensive dslr photography, dslr photography discount, discount dslr photography, dslr photography deals, deals dslr photography, dslr photography sale, sale dslr photography, dslr photography affordable, affordable dslr photography, dslr photography cost, cost dslr photography, dslr photography online, online dslr photography, dslr photography offline, offline dslr photography, dslr photography marketplace, marketplace dslr photography, dslr photography store, store dslr photography, dslr photography shop, shop dslr photography, dslr photography retailer, retailer dslr photography, dslr photography where to buy, where to buy dslr photography, dslr photography worst, worst dslr photography, dslr photography quality, quality dslr photography, dslr photography original, original dslr photography, dslr photography genuine, genuine dslr photography, dslr photography fake, fake dslr photography, dslr photography replica, replica dslr photography, dslr photography authentic, authentic dslr photography, dslr photography brand, brand dslr photography, dslr photography manufacturer, manufacturer dslr photography, dslr photography company, company dslr photography, dslr photography product, product dslr photography, dslr photography xiaomi product, xiaomi product dslr photography, dslr photography sell xiaomi, sell xiaomi dslr photography, dslr photography buy xiaomi, buy xiaomi dslr photography, dslr photography cheap xiaomi, cheap xiaomi dslr photography, dslr photography best xiaomi, best xiaomi dslr photography, dslr photography xiaomi review, xiaomi review dslr photography, dslr photography where to buy xiaomi, where to buy xiaomi dslr photography, dslr photography how to choose xiaomi, how to choose xiaomi dslr photography, dslr photography top xiaomi, top xiaomi dslr photography, dslr photography xiaomi guide, xiaomi guide dslr photography, dslr photography xiaomi for sale, xiaomi for sale dslr photography, dslr photography xiaomi deals, xiaomi deals dslr photography, camera lenses xiaomi, xiaomi camera lenses, camera lenses cheap, cheap camera lenses, camera lenses best, best camera lenses, camera lenses latest, latest camera lenses, camera lenses review, review camera lenses, camera lenses price, price camera lenses, camera lenses sell, sell camera lenses, camera lenses buy, buy camera lenses, camera lenses recommendation, recommendation camera lenses, camera lenses tips, tips camera lenses, camera lenses tutorial, tutorial camera lenses, camera lenses guide, guide camera lenses, camera lenses how to, how to camera lenses, camera lenses vs, vs camera lenses, camera lenses versus, versus camera lenses, camera lenses compared to, compared to camera lenses, camera lenses comparison, comparison camera lenses, camera lenses alternatives, alternatives camera lenses, camera lenses which is better, which is better camera lenses, camera lenses expensive, expensive camera lenses, camera lenses discount, discount camera lenses, camera lenses deals, deals camera lenses, camera lenses sale, sale camera lenses, camera lenses affordable, affordable camera lenses, camera lenses cost, cost camera lenses, camera lenses online, online camera lenses, camera lenses offline, offline camera lenses, camera lenses marketplace, marketplace camera lenses, camera lenses store, store camera lenses, camera lenses shop, shop camera lenses, camera lenses retailer, retailer camera lenses, camera lenses where to buy, where to buy camera lenses, camera lenses worst, worst camera lenses, camera lenses quality, quality camera lenses, camera lenses original, original camera lenses, camera lenses genuine, genuine camera lenses, camera lenses fake, fake camera lenses, camera lenses replica, replica camera lenses, camera lenses authentic, authentic camera lenses, camera lenses brand, brand camera lenses, camera lenses manufacturer, manufacturer camera lenses, camera lenses company, company camera lenses, camera lenses product, product camera lenses, camera lenses xiaomi product, xiaomi product camera lenses, camera lenses sell xiaomi, sell xiaomi camera lenses, camera lenses buy xiaomi, buy xiaomi camera lenses, camera lenses cheap xiaomi, cheap xiaomi camera lenses, camera lenses best xiaomi, best xiaomi camera lenses, camera lenses xiaomi review, xiaomi review camera lenses, camera lenses where to buy xiaomi, where to buy xiaomi camera lenses, camera lenses how to choose xiaomi, how to choose xiaomi camera lenses, camera lenses top xiaomi, top xiaomi camera lenses, camera lenses xiaomi guide, xiaomi guide camera lenses, camera lenses xiaomi for sale, xiaomi for sale camera lenses, camera lenses xiaomi deals, xiaomi deals camera lenses
2026-01-23 21:53:19,416 - INFO - Expanded 220 seed keywords to 385 variations
2026-01-23 21:53:19,416 - INFO - Language: en
2026-01-23 21:53:19,416 - INFO - Region: us
2026-01-23 21:53:50,930 - INFO - 🎯 After all filtering for 'xiaomi': 120 relevant keywords
2026-01-23 21:53:52,138 - INFO - 🎯 Found 5 new keywords for niche 'xiaomi': xiaomi affordable camera lenses, xiaomi affordable dslr photography, cheap alternatives dslr photography, best authentic dslr photography, how to brand dslr photography
2026-01-23 21:54:03,613 - INFO - ✅ Niche 'xiaomi' process complete! 417 total keyword results.
2026-01-23 21:54:03,613 - INFO - ✅ Completed processing niche: 'xiaomi'
2026-01-23 21:54:03,613 - INFO - 🔧 Request Handler final stats - Success rate: 100.0%
2026-01-23 21:54:03,613 - INFO -    Total requests: 75439, Blocks: 0
2026-01-23 21:54:03,614 - INFO - 
========================================
2026-01-23 21:54:03,615 - INFO - Process Summary:
2026-01-23 21:54:03,615 - INFO - - Current niche: 'xiaomi'
2026-01-23 21:54:03,615 - INFO - - Next niche will be: 'iphone'
2026-01-23 21:54:03,615 - INFO - - Keywords saved in: languages/english/keywords/xiaomi/
2026-01-23 21:54:03,615 - INFO - ========================================
