2025-11-04 21:44:10,904 - INFO - Log file created at: /home/runner/work/potensitech.com/potensitech.com/languages/english/keywords/logs/kw_search_20251104_214410.log
2025-11-04 21:44:10,904 - INFO - ============================================================
2025-11-04 21:44:10,904 - INFO - AUTOMATIC KEYWORD RESEARCH TOOL
2025-11-04 21:44:10,904 - INFO - ============================================================
2025-11-04 21:44:11,131 - INFO - ========================================
2025-11-04 21:44:11,131 - INFO - Found 14 niches to process: xiaomi, iphone, samsung, apple, sony, asus, philips, sandisk, intel, nvidia, amd, canon, nikon, huawei
2025-11-04 21:44:11,131 - INFO - ========================================
2025-11-04 21:44:11,131 - INFO - Continuing from last processed niche: canon
2025-11-04 21:44:11,131 - INFO - ========================================
2025-11-04 21:44:11,131 - INFO - 🎯 PROCESSING NICHE 13/14: 'nikon'
2025-11-04 21:44:11,131 - INFO - ========================================
2025-11-04 21:44:11,131 - INFO - 📁 Niche directory: /home/runner/work/potensitech.com/potensitech.com/languages/english/keywords/nikon
2025-11-04 21:44:11,131 - INFO - Selected region: us
2025-11-04 21:44:11,131 - INFO - Selected language: en
2025-11-04 21:44:11,131 - INFO - 🎯 Current niche: nikon
2025-11-04 21:44:15,893 - INFO - 🎯 Niche terms for filtering: nikon, cheap, best, latest, review, price, sell, buy, recommendation, tips, tutorial, guide, how to, vs, versus, compared to, comparison, alternatives, which is better, expensive, discount, deals, sale, affordable, cost, online, offline, marketplace, store, shop, retailer, where to buy, worst, quality, original, genuine, fake, replica, authentic, brand, manufacturer, company, product, nikon product, sell nikon, buy nikon, cheap nikon, best nikon, nikon review, where to buy nikon, how to choose nikon, top nikon, nikon guide, nikon for sale, nikon deals
2025-11-04 21:44:15,893 - INFO - Generated 50 niche-clue pairs for 'nikon'.
2025-11-04 21:44:15,896 - INFO - Expanded 50 seed keywords to 218 variations
2025-11-04 21:44:15,897 - INFO - 🔧 Request Handler initialized - Success rate: 100.0%
2025-11-04 21:48:40,397 - INFO - Original clue keywords: gpu performance, processor speed
2025-11-04 21:48:40,397 - INFO - Niche-focused seeds: gpu performance nikon, nikon gpu performance, gpu performance cheap, cheap gpu performance, gpu performance best, best gpu performance, gpu performance latest, latest gpu performance, gpu performance review, review gpu performance, gpu performance price, price gpu performance, gpu performance sell, sell gpu performance, gpu performance buy, buy gpu performance, gpu performance recommendation, recommendation gpu performance, gpu performance tips, tips gpu performance, gpu performance tutorial, tutorial gpu performance, gpu performance guide, guide gpu performance, gpu performance how to, how to gpu performance, gpu performance vs, vs gpu performance, gpu performance versus, versus gpu performance, gpu performance compared to, compared to gpu performance, gpu performance comparison, comparison gpu performance, gpu performance alternatives, alternatives gpu performance, gpu performance which is better, which is better gpu performance, gpu performance expensive, expensive gpu performance, gpu performance discount, discount gpu performance, gpu performance deals, deals gpu performance, gpu performance sale, sale gpu performance, gpu performance affordable, affordable gpu performance, gpu performance cost, cost gpu performance, gpu performance online, online gpu performance, gpu performance offline, offline gpu performance, gpu performance marketplace, marketplace gpu performance, gpu performance store, store gpu performance, gpu performance shop, shop gpu performance, gpu performance retailer, retailer gpu performance, gpu performance where to buy, where to buy gpu performance, gpu performance worst, worst gpu performance, gpu performance quality, quality gpu performance, gpu performance original, original gpu performance, gpu performance genuine, genuine gpu performance, gpu performance fake, fake gpu performance, gpu performance replica, replica gpu performance, gpu performance authentic, authentic gpu performance, gpu performance brand, brand gpu performance, gpu performance manufacturer, manufacturer gpu performance, gpu performance company, company gpu performance, gpu performance product, product gpu performance, gpu performance nikon product, nikon product gpu performance, gpu performance sell nikon, sell nikon gpu performance, gpu performance buy nikon, buy nikon gpu performance, gpu performance cheap nikon, cheap nikon gpu performance, gpu performance best nikon, best nikon gpu performance, gpu performance nikon review, nikon review gpu performance, gpu performance where to buy nikon, where to buy nikon gpu performance, gpu performance how to choose nikon, how to choose nikon gpu performance, gpu performance top nikon, top nikon gpu performance, gpu performance nikon guide, nikon guide gpu performance, gpu performance nikon for sale, nikon for sale gpu performance, gpu performance nikon deals, nikon deals gpu performance, processor speed nikon, nikon processor speed, processor speed cheap, cheap processor speed, processor speed best, best processor speed, processor speed latest, latest processor speed, processor speed review, review processor speed, processor speed price, price processor speed, processor speed sell, sell processor speed, processor speed buy, buy processor speed, processor speed recommendation, recommendation processor speed, processor speed tips, tips processor speed, processor speed tutorial, tutorial processor speed, processor speed guide, guide processor speed, processor speed how to, how to processor speed, processor speed vs, vs processor speed, processor speed versus, versus processor speed, processor speed compared to, compared to processor speed, processor speed comparison, comparison processor speed, processor speed alternatives, alternatives processor speed, processor speed which is better, which is better processor speed, processor speed expensive, expensive processor speed, processor speed discount, discount processor speed, processor speed deals, deals processor speed, processor speed sale, sale processor speed, processor speed affordable, affordable processor speed, processor speed cost, cost processor speed, processor speed online, online processor speed, processor speed offline, offline processor speed, processor speed marketplace, marketplace processor speed, processor speed store, store processor speed, processor speed shop, shop processor speed, processor speed retailer, retailer processor speed, processor speed where to buy, where to buy processor speed, processor speed worst, worst processor speed, processor speed quality, quality processor speed, processor speed original, original processor speed, processor speed genuine, genuine processor speed, processor speed fake, fake processor speed, processor speed replica, replica processor speed, processor speed authentic, authentic processor speed, processor speed brand, brand processor speed, processor speed manufacturer, manufacturer processor speed, processor speed company, company processor speed, processor speed product, product processor speed, processor speed nikon product, nikon product processor speed, processor speed sell nikon, sell nikon processor speed, processor speed buy nikon, buy nikon processor speed, processor speed cheap nikon, cheap nikon processor speed, processor speed best nikon, best nikon processor speed, processor speed nikon review, nikon review processor speed, processor speed where to buy nikon, where to buy nikon processor speed, processor speed how to choose nikon, how to choose nikon processor speed, processor speed top nikon, top nikon processor speed, processor speed nikon guide, nikon guide processor speed, processor speed nikon for sale, nikon for sale processor speed, processor speed nikon deals, nikon deals processor speed
2025-11-04 21:48:40,401 - INFO - Expanded 220 seed keywords to 385 variations
2025-11-04 21:48:40,401 - INFO - Language: en
2025-11-04 21:48:40,401 - INFO - Region: us
2025-11-04 21:49:13,690 - INFO - 🎯 After all filtering for 'nikon': 120 relevant keywords
2025-11-04 21:49:14,852 - INFO - 🎯 Found 2 new keywords for niche 'nikon': nikon affordable gpu performance, nikon affordable processor speed
2025-11-04 21:49:19,303 - INFO - ✅ Niche 'nikon' process complete! 217 total keyword results.
2025-11-04 21:49:19,303 - INFO - ✅ Completed processing niche: 'nikon'
2025-11-04 21:49:19,303 - INFO - 🔧 Request Handler final stats - Success rate: 100.0%
2025-11-04 21:49:19,303 - INFO -    Total requests: 36142, Blocks: 0
2025-11-04 21:49:19,304 - INFO - 
========================================
2025-11-04 21:49:19,305 - INFO - Process Summary:
2025-11-04 21:49:19,305 - INFO - - Current niche: 'nikon'
2025-11-04 21:49:19,305 - INFO - - Next niche will be: 'huawei'
2025-11-04 21:49:19,305 - INFO - - Keywords saved in: languages/english/keywords/nikon/
2025-11-04 21:49:19,305 - INFO - ========================================
