2025-09-21 19:21:51,940 - INFO - Log file created at: /home/runner/work/potensitech.com/potensitech.com/languages/english/keywords/logs/kw_search_20250921_192151.log
2025-09-21 19:21:51,940 - INFO - ============================================================
2025-09-21 19:21:51,940 - INFO - AUTOMATIC KEYWORD RESEARCH TOOL
2025-09-21 19:21:51,940 - INFO - ============================================================
2025-09-21 19:21:52,055 - INFO - ========================================
2025-09-21 19:21:52,056 - INFO - Found 14 niches to process: xiaomi, iphone, samsung, apple, sony, asus, philips, sandisk, intel, nvidia, amd, canon, nikon, huawei
2025-09-21 19:21:52,056 - INFO - ========================================
2025-09-21 19:21:52,056 - INFO - Continuing from last processed niche: sandisk
2025-09-21 19:21:52,056 - INFO - ========================================
2025-09-21 19:21:52,056 - INFO - 🎯 PROCESSING NICHE 9/14: 'intel'
2025-09-21 19:21:52,056 - INFO - ========================================
2025-09-21 19:21:52,056 - INFO - 📁 Niche directory: /home/runner/work/potensitech.com/potensitech.com/languages/english/keywords/intel
2025-09-21 19:21:52,056 - INFO - Selected region: us
2025-09-21 19:21:52,056 - INFO - Selected language: en
2025-09-21 19:21:52,056 - INFO - 🎯 Current niche: intel
2025-09-21 19:21:57,986 - INFO - 🎯 Niche terms for filtering: intel, cheap, best, latest, review, price, sell, buy, recommendation, tips, tutorial, guide, how to, vs, versus, compared to, comparison, alternatives, which is better, expensive, discount, deals, sale, affordable, cost, online, offline, marketplace, store, shop, retailer, where to buy, worst, quality, original, genuine, fake, replica, authentic, brand, manufacturer, company, product, intel product, sell intel, buy intel, cheap intel, best intel, intel review, where to buy intel, how to choose intel, top intel, intel guide, intel for sale, intel deals
2025-09-21 19:21:57,986 - INFO - Generated 50 niche-clue pairs for 'intel'.
2025-09-21 19:21:57,989 - INFO - Expanded 50 seed keywords to 218 variations
2025-09-21 19:21:57,990 - INFO - 🔧 Request Handler initialized - Success rate: 100.0%
2025-09-21 19:26:22,902 - INFO - Original clue keywords: flash drive, mobile performance
2025-09-21 19:26:22,902 - INFO - Niche-focused seeds: flash drive intel, intel flash drive, flash drive cheap, cheap flash drive, flash drive best, best flash drive, flash drive latest, latest flash drive, flash drive review, review flash drive, flash drive price, price flash drive, flash drive sell, sell flash drive, flash drive buy, buy flash drive, flash drive recommendation, recommendation flash drive, flash drive tips, tips flash drive, flash drive tutorial, tutorial flash drive, flash drive guide, guide flash drive, flash drive how to, how to flash drive, flash drive vs, vs flash drive, flash drive versus, versus flash drive, flash drive compared to, compared to flash drive, flash drive comparison, comparison flash drive, flash drive alternatives, alternatives flash drive, flash drive which is better, which is better flash drive, flash drive expensive, expensive flash drive, flash drive discount, discount flash drive, flash drive deals, deals flash drive, flash drive sale, sale flash drive, flash drive affordable, affordable flash drive, flash drive cost, cost flash drive, flash drive online, online flash drive, flash drive offline, offline flash drive, flash drive marketplace, marketplace flash drive, flash drive store, store flash drive, flash drive shop, shop flash drive, flash drive retailer, retailer flash drive, flash drive where to buy, where to buy flash drive, flash drive worst, worst flash drive, flash drive quality, quality flash drive, flash drive original, original flash drive, flash drive genuine, genuine flash drive, flash drive fake, fake flash drive, flash drive replica, replica flash drive, flash drive authentic, authentic flash drive, flash drive brand, brand flash drive, flash drive manufacturer, manufacturer flash drive, flash drive company, company flash drive, flash drive product, product flash drive, flash drive intel product, intel product flash drive, flash drive sell intel, sell intel flash drive, flash drive buy intel, buy intel flash drive, flash drive cheap intel, cheap intel flash drive, flash drive best intel, best intel flash drive, flash drive intel review, intel review flash drive, flash drive where to buy intel, where to buy intel flash drive, flash drive how to choose intel, how to choose intel flash drive, flash drive top intel, top intel flash drive, flash drive intel guide, intel guide flash drive, flash drive intel for sale, intel for sale flash drive, flash drive intel deals, intel deals flash drive, mobile performance intel, intel mobile performance, mobile performance cheap, cheap mobile performance, mobile performance best, best mobile performance, mobile performance latest, latest mobile performance, mobile performance review, review mobile performance, mobile performance price, price mobile performance, mobile performance sell, sell mobile performance, mobile performance buy, buy mobile performance, mobile performance recommendation, recommendation mobile performance, mobile performance tips, tips mobile performance, mobile performance tutorial, tutorial mobile performance, mobile performance guide, guide mobile performance, mobile performance how to, how to mobile performance, mobile performance vs, vs mobile performance, mobile performance versus, versus mobile performance, mobile performance compared to, compared to mobile performance, mobile performance comparison, comparison mobile performance, mobile performance alternatives, alternatives mobile performance, mobile performance which is better, which is better mobile performance, mobile performance expensive, expensive mobile performance, mobile performance discount, discount mobile performance, mobile performance deals, deals mobile performance, mobile performance sale, sale mobile performance, mobile performance affordable, affordable mobile performance, mobile performance cost, cost mobile performance, mobile performance online, online mobile performance, mobile performance offline, offline mobile performance, mobile performance marketplace, marketplace mobile performance, mobile performance store, store mobile performance, mobile performance shop, shop mobile performance, mobile performance retailer, retailer mobile performance, mobile performance where to buy, where to buy mobile performance, mobile performance worst, worst mobile performance, mobile performance quality, quality mobile performance, mobile performance original, original mobile performance, mobile performance genuine, genuine mobile performance, mobile performance fake, fake mobile performance, mobile performance replica, replica mobile performance, mobile performance authentic, authentic mobile performance, mobile performance brand, brand mobile performance, mobile performance manufacturer, manufacturer mobile performance, mobile performance company, company mobile performance, mobile performance product, product mobile performance, mobile performance intel product, intel product mobile performance, mobile performance sell intel, sell intel mobile performance, mobile performance buy intel, buy intel mobile performance, mobile performance cheap intel, cheap intel mobile performance, mobile performance best intel, best intel mobile performance, mobile performance intel review, intel review mobile performance, mobile performance where to buy intel, where to buy intel mobile performance, mobile performance how to choose intel, how to choose intel mobile performance, mobile performance top intel, top intel mobile performance, mobile performance intel guide, intel guide mobile performance, mobile performance intel for sale, intel for sale mobile performance, mobile performance intel deals, intel deals mobile performance
2025-09-21 19:26:22,906 - INFO - Expanded 220 seed keywords to 385 variations
2025-09-21 19:26:22,906 - INFO - Language: en
2025-09-21 19:26:22,906 - INFO - Region: us
2025-09-21 19:28:48,713 - INFO - 🎯 After all filtering for 'intel': 120 relevant keywords
2025-09-21 19:28:48,773 - INFO - 🎯 Found 5 new keywords for niche 'intel': intel affordable flash drive, intel affordable mobile performance, cheap alternatives flash drive, cheap alternatives mobile performance, best authentic flash drive
2025-09-21 19:33:46,311 - INFO - ✅ Niche 'intel' process complete! 36 total keyword results.
2025-09-21 19:33:46,311 - INFO - ✅ Completed processing niche: 'intel'
2025-09-21 19:33:46,311 - INFO - 🔧 Request Handler final stats - Success rate: 100.0%
2025-09-21 19:33:46,311 - INFO -    Total requests: 9154, Blocks: 0
2025-09-21 19:33:46,312 - INFO - 
========================================
2025-09-21 19:33:46,312 - INFO - Process Summary:
2025-09-21 19:33:46,312 - INFO - - Current niche: 'intel'
2025-09-21 19:33:46,313 - INFO - - Next niche will be: 'nvidia'
2025-09-21 19:33:46,313 - INFO - - Keywords saved in: languages/english/keywords/intel/
2025-09-21 19:33:46,313 - INFO - ========================================
