2025-09-29 03:15:59,063 - INFO - Log file created at: /home/runner/work/potensitech.com/potensitech.com/languages/english/keywords/logs/kw_search_20250929_031559.log
2025-09-29 03:15:59,063 - INFO - ============================================================
2025-09-29 03:15:59,063 - INFO - AUTOMATIC KEYWORD RESEARCH TOOL
2025-09-29 03:15:59,063 - INFO - ============================================================
2025-09-29 03:15:59,249 - INFO - ========================================
2025-09-29 03:15:59,249 - INFO - Found 14 niches to process: xiaomi, iphone, samsung, apple, sony, asus, philips, sandisk, intel, nvidia, amd, canon, nikon, huawei
2025-09-29 03:15:59,249 - INFO - ========================================
2025-09-29 03:15:59,249 - INFO - Continuing from last processed niche: amd
2025-09-29 03:15:59,249 - INFO - ========================================
2025-09-29 03:15:59,249 - INFO - 🎯 PROCESSING NICHE 12/14: 'canon'
2025-09-29 03:15:59,249 - INFO - ========================================
2025-09-29 03:15:59,250 - INFO - 📁 Niche directory: /home/runner/work/potensitech.com/potensitech.com/languages/english/keywords/canon
2025-09-29 03:15:59,250 - INFO - Selected region: us
2025-09-29 03:15:59,250 - INFO - Selected language: en
2025-09-29 03:15:59,250 - INFO - 🎯 Current niche: canon
2025-09-29 03:16:01,865 - INFO - 🎯 Niche terms for filtering: canon, cheap, best, latest, review, price, sell, buy, recommendation, tips, tutorial, guide, how to, vs, versus, compared to, comparison, alternatives, which is better, expensive, discount, deals, sale, affordable, cost, online, offline, marketplace, store, shop, retailer, where to buy, worst, quality, original, genuine, fake, replica, authentic, brand, manufacturer, company, product, canon product, sell canon, buy canon, cheap canon, best canon, canon review, where to buy canon, how to choose canon, top canon, canon guide, canon for sale, canon deals
2025-09-29 03:16:01,866 - INFO - Generated 50 niche-clue pairs for 'canon'.
2025-09-29 03:16:01,869 - INFO - Expanded 50 seed keywords to 218 variations
2025-09-29 03:16:01,869 - INFO - 🔧 Request Handler initialized - Success rate: 100.0%
2025-09-29 03:20:25,728 - INFO - Original clue keywords: graphics performance, portable ssd
2025-09-29 03:20:25,728 - INFO - Niche-focused seeds: graphics performance canon, canon graphics performance, graphics performance cheap, cheap graphics performance, graphics performance best, best graphics performance, graphics performance latest, latest graphics performance, graphics performance review, review graphics performance, graphics performance price, price graphics performance, graphics performance sell, sell graphics performance, graphics performance buy, buy graphics performance, graphics performance recommendation, recommendation graphics performance, graphics performance tips, tips graphics performance, graphics performance tutorial, tutorial graphics performance, graphics performance guide, guide graphics performance, graphics performance how to, how to graphics performance, graphics performance vs, vs graphics performance, graphics performance versus, versus graphics performance, graphics performance compared to, compared to graphics performance, graphics performance comparison, comparison graphics performance, graphics performance alternatives, alternatives graphics performance, graphics performance which is better, which is better graphics performance, graphics performance expensive, expensive graphics performance, graphics performance discount, discount graphics performance, graphics performance deals, deals graphics performance, graphics performance sale, sale graphics performance, graphics performance affordable, affordable graphics performance, graphics performance cost, cost graphics performance, graphics performance online, online graphics performance, graphics performance offline, offline graphics performance, graphics performance marketplace, marketplace graphics performance, graphics performance store, store graphics performance, graphics performance shop, shop graphics performance, graphics performance retailer, retailer graphics performance, graphics performance where to buy, where to buy graphics performance, graphics performance worst, worst graphics performance, graphics performance quality, quality graphics performance, graphics performance original, original graphics performance, graphics performance genuine, genuine graphics performance, graphics performance fake, fake graphics performance, graphics performance replica, replica graphics performance, graphics performance authentic, authentic graphics performance, graphics performance brand, brand graphics performance, graphics performance manufacturer, manufacturer graphics performance, graphics performance company, company graphics performance, graphics performance product, product graphics performance, graphics performance canon product, canon product graphics performance, graphics performance sell canon, sell canon graphics performance, graphics performance buy canon, buy canon graphics performance, graphics performance cheap canon, cheap canon graphics performance, graphics performance best canon, best canon graphics performance, graphics performance canon review, canon review graphics performance, graphics performance where to buy canon, where to buy canon graphics performance, graphics performance how to choose canon, how to choose canon graphics performance, graphics performance top canon, top canon graphics performance, graphics performance canon guide, canon guide graphics performance, graphics performance canon for sale, canon for sale graphics performance, graphics performance canon deals, canon deals graphics performance, portable ssd canon, canon portable ssd, portable ssd cheap, cheap portable ssd, portable ssd best, best portable ssd, portable ssd latest, latest portable ssd, portable ssd review, review portable ssd, portable ssd price, price portable ssd, portable ssd sell, sell portable ssd, portable ssd buy, buy portable ssd, portable ssd recommendation, recommendation portable ssd, portable ssd tips, tips portable ssd, portable ssd tutorial, tutorial portable ssd, portable ssd guide, guide portable ssd, portable ssd how to, how to portable ssd, portable ssd vs, vs portable ssd, portable ssd versus, versus portable ssd, portable ssd compared to, compared to portable ssd, portable ssd comparison, comparison portable ssd, portable ssd alternatives, alternatives portable ssd, portable ssd which is better, which is better portable ssd, portable ssd expensive, expensive portable ssd, portable ssd discount, discount portable ssd, portable ssd deals, deals portable ssd, portable ssd sale, sale portable ssd, portable ssd affordable, affordable portable ssd, portable ssd cost, cost portable ssd, portable ssd online, online portable ssd, portable ssd offline, offline portable ssd, portable ssd marketplace, marketplace portable ssd, portable ssd store, store portable ssd, portable ssd shop, shop portable ssd, portable ssd retailer, retailer portable ssd, portable ssd where to buy, where to buy portable ssd, portable ssd worst, worst portable ssd, portable ssd quality, quality portable ssd, portable ssd original, original portable ssd, portable ssd genuine, genuine portable ssd, portable ssd fake, fake portable ssd, portable ssd replica, replica portable ssd, portable ssd authentic, authentic portable ssd, portable ssd brand, brand portable ssd, portable ssd manufacturer, manufacturer portable ssd, portable ssd company, company portable ssd, portable ssd product, product portable ssd, portable ssd canon product, canon product portable ssd, portable ssd sell canon, sell canon portable ssd, portable ssd buy canon, buy canon portable ssd, portable ssd cheap canon, cheap canon portable ssd, portable ssd best canon, best canon portable ssd, portable ssd canon review, canon review portable ssd, portable ssd where to buy canon, where to buy canon portable ssd, portable ssd how to choose canon, how to choose canon portable ssd, portable ssd top canon, top canon portable ssd, portable ssd canon guide, canon guide portable ssd, portable ssd canon for sale, canon for sale portable ssd, portable ssd canon deals, canon deals portable ssd
2025-09-29 03:20:25,731 - INFO - Expanded 220 seed keywords to 385 variations
2025-09-29 03:20:25,731 - INFO - Language: en
2025-09-29 03:20:25,731 - INFO - Region: us
2025-09-29 03:24:55,744 - INFO - 🎯 After all filtering for 'canon': 120 relevant keywords
2025-09-29 03:24:55,855 - INFO - 🎯 Found 5 new keywords for niche 'canon': canon affordable graphics performance, canon affordable portable ssd, cheap alternatives graphics performance, cheap alternatives portable ssd, best authentic graphics performance
2025-09-29 03:25:05,098 - INFO - ✅ Niche 'canon' process complete! 60 total keyword results.
2025-09-29 03:25:05,098 - INFO - ✅ Completed processing niche: 'canon'
2025-09-29 03:25:05,098 - INFO - 🔧 Request Handler final stats - Success rate: 100.0%
2025-09-29 03:25:05,098 - INFO -    Total requests: 14760, Blocks: 0
2025-09-29 03:25:05,099 - INFO - 
========================================
2025-09-29 03:25:05,100 - INFO - Process Summary:
2025-09-29 03:25:05,100 - INFO - - Current niche: 'canon'
2025-09-29 03:25:05,100 - INFO - - Next niche will be: 'nikon'
2025-09-29 03:25:05,100 - INFO - - Keywords saved in: languages/english/keywords/canon/
2025-09-29 03:25:05,100 - INFO - ========================================
