2025-09-22 19:23:34,831 - INFO - Log file created at: /home/runner/work/potensitech.com/potensitech.com/languages/english/keywords/logs/kw_search_20250922_192334.log
2025-09-22 19:23:34,831 - INFO - ============================================================
2025-09-22 19:23:34,831 - INFO - AUTOMATIC KEYWORD RESEARCH TOOL
2025-09-22 19:23:34,831 - INFO - ============================================================
2025-09-22 19:23:34,953 - INFO - ========================================
2025-09-22 19:23:34,953 - INFO - Found 14 niches to process: xiaomi, iphone, samsung, apple, sony, asus, philips, sandisk, intel, nvidia, amd, canon, nikon, huawei
2025-09-22 19:23:34,953 - INFO - ========================================
2025-09-22 19:23:34,953 - INFO - Continuing from last processed niche: apple
2025-09-22 19:23:34,953 - INFO - ========================================
2025-09-22 19:23:34,954 - INFO - 🎯 PROCESSING NICHE 5/14: 'sony'
2025-09-22 19:23:34,954 - INFO - ========================================
2025-09-22 19:23:34,954 - INFO - 📁 Niche directory: /home/runner/work/potensitech.com/potensitech.com/languages/english/keywords/sony
2025-09-22 19:23:34,954 - INFO - Selected region: us
2025-09-22 19:23:34,954 - INFO - Selected language: en
2025-09-22 19:23:34,954 - INFO - 🎯 Current niche: sony
2025-09-22 19:23:43,916 - INFO - 🎯 Niche terms for filtering: sony, cheap, best, latest, review, price, sell, buy, recommendation, tips, tutorial, guide, how to, vs, versus, compared to, comparison, alternatives, which is better, expensive, discount, deals, sale, affordable, cost, online, offline, marketplace, store, shop, retailer, where to buy, worst, quality, original, genuine, fake, replica, authentic, brand, manufacturer, company, product, sony product, sell sony, buy sony, cheap sony, best sony, sony review, where to buy sony, how to choose sony, top sony, sony guide, sony for sale, sony deals
2025-09-22 19:23:43,916 - INFO - Generated 50 niche-clue pairs for 'sony'.
2025-09-22 19:23:43,919 - INFO - Expanded 50 seed keywords to 218 variations
2025-09-22 19:23:43,920 - INFO - 🔧 Request Handler initialized - Success rate: 100.0%
2025-09-22 19:28:10,409 - INFO - Original clue keywords: smartphone battery, smartphone camera
2025-09-22 19:28:10,409 - INFO - Niche-focused seeds: smartphone battery sony, sony smartphone battery, smartphone battery cheap, cheap smartphone battery, smartphone battery best, best smartphone battery, smartphone battery latest, latest smartphone battery, smartphone battery review, review smartphone battery, smartphone battery price, price smartphone battery, smartphone battery sell, sell smartphone battery, smartphone battery buy, buy smartphone battery, smartphone battery recommendation, recommendation smartphone battery, smartphone battery tips, tips smartphone battery, smartphone battery tutorial, tutorial smartphone battery, smartphone battery guide, guide smartphone battery, smartphone battery how to, how to smartphone battery, smartphone battery vs, vs smartphone battery, smartphone battery versus, versus smartphone battery, smartphone battery compared to, compared to smartphone battery, smartphone battery comparison, comparison smartphone battery, smartphone battery alternatives, alternatives smartphone battery, smartphone battery which is better, which is better smartphone battery, smartphone battery expensive, expensive smartphone battery, smartphone battery discount, discount smartphone battery, smartphone battery deals, deals smartphone battery, smartphone battery sale, sale smartphone battery, smartphone battery affordable, affordable smartphone battery, smartphone battery cost, cost smartphone battery, smartphone battery online, online smartphone battery, smartphone battery offline, offline smartphone battery, smartphone battery marketplace, marketplace smartphone battery, smartphone battery store, store smartphone battery, smartphone battery shop, shop smartphone battery, smartphone battery retailer, retailer smartphone battery, smartphone battery where to buy, where to buy smartphone battery, smartphone battery worst, worst smartphone battery, smartphone battery quality, quality smartphone battery, smartphone battery original, original smartphone battery, smartphone battery genuine, genuine smartphone battery, smartphone battery fake, fake smartphone battery, smartphone battery replica, replica smartphone battery, smartphone battery authentic, authentic smartphone battery, smartphone battery brand, brand smartphone battery, smartphone battery manufacturer, manufacturer smartphone battery, smartphone battery company, company smartphone battery, smartphone battery product, product smartphone battery, smartphone battery sony product, sony product smartphone battery, smartphone battery sell sony, sell sony smartphone battery, smartphone battery buy sony, buy sony smartphone battery, smartphone battery cheap sony, cheap sony smartphone battery, smartphone battery best sony, best sony smartphone battery, smartphone battery sony review, sony review smartphone battery, smartphone battery where to buy sony, where to buy sony smartphone battery, smartphone battery how to choose sony, how to choose sony smartphone battery, smartphone battery top sony, top sony smartphone battery, smartphone battery sony guide, sony guide smartphone battery, smartphone battery sony for sale, sony for sale smartphone battery, smartphone battery sony deals, sony deals smartphone battery, smartphone camera sony, sony smartphone camera, smartphone camera cheap, cheap smartphone camera, smartphone camera best, best smartphone camera, smartphone camera latest, latest smartphone camera, smartphone camera review, review smartphone camera, smartphone camera price, price smartphone camera, smartphone camera sell, sell smartphone camera, smartphone camera buy, buy smartphone camera, smartphone camera recommendation, recommendation smartphone camera, smartphone camera tips, tips smartphone camera, smartphone camera tutorial, tutorial smartphone camera, smartphone camera guide, guide smartphone camera, smartphone camera how to, how to smartphone camera, smartphone camera vs, vs smartphone camera, smartphone camera versus, versus smartphone camera, smartphone camera compared to, compared to smartphone camera, smartphone camera comparison, comparison smartphone camera, smartphone camera alternatives, alternatives smartphone camera, smartphone camera which is better, which is better smartphone camera, smartphone camera expensive, expensive smartphone camera, smartphone camera discount, discount smartphone camera, smartphone camera deals, deals smartphone camera, smartphone camera sale, sale smartphone camera, smartphone camera affordable, affordable smartphone camera, smartphone camera cost, cost smartphone camera, smartphone camera online, online smartphone camera, smartphone camera offline, offline smartphone camera, smartphone camera marketplace, marketplace smartphone camera, smartphone camera store, store smartphone camera, smartphone camera shop, shop smartphone camera, smartphone camera retailer, retailer smartphone camera, smartphone camera where to buy, where to buy smartphone camera, smartphone camera worst, worst smartphone camera, smartphone camera quality, quality smartphone camera, smartphone camera original, original smartphone camera, smartphone camera genuine, genuine smartphone camera, smartphone camera fake, fake smartphone camera, smartphone camera replica, replica smartphone camera, smartphone camera authentic, authentic smartphone camera, smartphone camera brand, brand smartphone camera, smartphone camera manufacturer, manufacturer smartphone camera, smartphone camera company, company smartphone camera, smartphone camera product, product smartphone camera, smartphone camera sony product, sony product smartphone camera, smartphone camera sell sony, sell sony smartphone camera, smartphone camera buy sony, buy sony smartphone camera, smartphone camera cheap sony, cheap sony smartphone camera, smartphone camera best sony, best sony smartphone camera, smartphone camera sony review, sony review smartphone camera, smartphone camera where to buy sony, where to buy sony smartphone camera, smartphone camera how to choose sony, how to choose sony smartphone camera, smartphone camera top sony, top sony smartphone camera, smartphone camera sony guide, sony guide smartphone camera, smartphone camera sony for sale, sony for sale smartphone camera, smartphone camera sony deals, sony deals smartphone camera
2025-09-22 19:28:10,412 - INFO - Expanded 220 seed keywords to 385 variations
2025-09-22 19:28:10,412 - INFO - Language: en
2025-09-22 19:28:10,412 - INFO - Region: us
2025-09-22 19:32:43,768 - INFO - 🎯 After all filtering for 'sony': 120 relevant keywords
2025-09-22 19:32:43,827 - INFO - 🎯 Found 5 new keywords for niche 'sony': sony affordable smartphone battery, cheap affordable smartphone camera, cheap alternatives smartphone battery, sony alternatives smartphone camera, best authentic smartphone battery
2025-09-22 19:32:58,135 - INFO - ✅ Niche 'sony' process complete! 44 total keyword results.
2025-09-22 19:32:58,135 - INFO - ✅ Completed processing niche: 'sony'
2025-09-22 19:32:58,135 - INFO - 🔧 Request Handler final stats - Success rate: 100.0%
2025-09-22 19:32:58,135 - INFO -    Total requests: 10017, Blocks: 0
2025-09-22 19:32:58,136 - INFO - 
========================================
2025-09-22 19:32:58,136 - INFO - Process Summary:
2025-09-22 19:32:58,136 - INFO - - Current niche: 'sony'
2025-09-22 19:32:58,136 - INFO - - Next niche will be: 'asus'
2025-09-22 19:32:58,136 - INFO - - Keywords saved in: languages/english/keywords/sony/
2025-09-22 19:32:58,137 - INFO - ========================================
