2025-11-07 16:54:37,957 - INFO - Log file created at: /home/runner/work/potensitech.com/potensitech.com/languages/english/keywords/logs/kw_search_20251107_165437.log
2025-11-07 16:54:37,958 - INFO - ============================================================
2025-11-07 16:54:37,958 - INFO - AUTOMATIC KEYWORD RESEARCH TOOL
2025-11-07 16:54:37,958 - INFO - ============================================================
2025-11-07 16:54:38,152 - INFO - ========================================
2025-11-07 16:54:38,152 - INFO - Found 14 niches to process: xiaomi, iphone, samsung, apple, sony, asus, philips, sandisk, intel, nvidia, amd, canon, nikon, huawei
2025-11-07 16:54:38,152 - INFO - ========================================
2025-11-07 16:54:38,152 - INFO - Continuing from last processed niche: canon
2025-11-07 16:54:38,152 - INFO - ========================================
2025-11-07 16:54:38,152 - INFO - 🎯 PROCESSING NICHE 13/14: 'nikon'
2025-11-07 16:54:38,152 - INFO - ========================================
2025-11-07 16:54:38,152 - INFO - 📁 Niche directory: /home/runner/work/potensitech.com/potensitech.com/languages/english/keywords/nikon
2025-11-07 16:54:38,152 - INFO - Selected region: us
2025-11-07 16:54:38,152 - INFO - Selected language: en
2025-11-07 16:54:38,152 - INFO - 🎯 Current niche: nikon
2025-11-07 16:54:41,727 - INFO - 🎯 Niche terms for filtering: nikon, cheap, best, latest, review, price, sell, buy, recommendation, tips, tutorial, guide, how to, vs, versus, compared to, comparison, alternatives, which is better, expensive, discount, deals, sale, affordable, cost, online, offline, marketplace, store, shop, retailer, where to buy, worst, quality, original, genuine, fake, replica, authentic, brand, manufacturer, company, product, nikon product, sell nikon, buy nikon, cheap nikon, best nikon, nikon review, where to buy nikon, how to choose nikon, top nikon, nikon guide, nikon for sale, nikon deals
2025-11-07 16:54:41,728 - INFO - Generated 50 niche-clue pairs for 'nikon'.
2025-11-07 16:54:41,731 - INFO - Expanded 50 seed keywords to 218 variations
2025-11-07 16:54:41,731 - INFO - 🔧 Request Handler initialized - Success rate: 100.0%
2025-11-07 16:59:02,806 - INFO - Original clue keywords: usb drive, flash drive
2025-11-07 16:59:02,806 - INFO - Niche-focused seeds: usb drive nikon, nikon usb drive, usb drive cheap, cheap usb drive, usb drive best, best usb drive, usb drive latest, latest usb drive, usb drive review, review usb drive, usb drive price, price usb drive, usb drive sell, sell usb drive, usb drive buy, buy usb drive, usb drive recommendation, recommendation usb drive, usb drive tips, tips usb drive, usb drive tutorial, tutorial usb drive, usb drive guide, guide usb drive, usb drive how to, how to usb drive, usb drive vs, vs usb drive, usb drive versus, versus usb drive, usb drive compared to, compared to usb drive, usb drive comparison, comparison usb drive, usb drive alternatives, alternatives usb drive, usb drive which is better, which is better usb drive, usb drive expensive, expensive usb drive, usb drive discount, discount usb drive, usb drive deals, deals usb drive, usb drive sale, sale usb drive, usb drive affordable, affordable usb drive, usb drive cost, cost usb drive, usb drive online, online usb drive, usb drive offline, offline usb drive, usb drive marketplace, marketplace usb drive, usb drive store, store usb drive, usb drive shop, shop usb drive, usb drive retailer, retailer usb drive, usb drive where to buy, where to buy usb drive, usb drive worst, worst usb drive, usb drive quality, quality usb drive, usb drive original, original usb drive, usb drive genuine, genuine usb drive, usb drive fake, fake usb drive, usb drive replica, replica usb drive, usb drive authentic, authentic usb drive, usb drive brand, brand usb drive, usb drive manufacturer, manufacturer usb drive, usb drive company, company usb drive, usb drive product, product usb drive, usb drive nikon product, nikon product usb drive, usb drive sell nikon, sell nikon usb drive, usb drive buy nikon, buy nikon usb drive, usb drive cheap nikon, cheap nikon usb drive, usb drive best nikon, best nikon usb drive, usb drive nikon review, nikon review usb drive, usb drive where to buy nikon, where to buy nikon usb drive, usb drive how to choose nikon, how to choose nikon usb drive, usb drive top nikon, top nikon usb drive, usb drive nikon guide, nikon guide usb drive, usb drive nikon for sale, nikon for sale usb drive, usb drive nikon deals, nikon deals usb drive, flash drive nikon, nikon flash drive, flash drive cheap, cheap flash drive, flash drive best, best flash drive, flash drive latest, latest flash drive, flash drive review, review flash drive, flash drive price, price flash drive, flash drive sell, sell flash drive, flash drive buy, buy flash drive, flash drive recommendation, recommendation flash drive, flash drive tips, tips flash drive, flash drive tutorial, tutorial flash drive, flash drive guide, guide flash drive, flash drive how to, how to flash drive, flash drive vs, vs flash drive, flash drive versus, versus flash drive, flash drive compared to, compared to flash drive, flash drive comparison, comparison flash drive, flash drive alternatives, alternatives flash drive, flash drive which is better, which is better flash drive, flash drive expensive, expensive flash drive, flash drive discount, discount flash drive, flash drive deals, deals flash drive, flash drive sale, sale flash drive, flash drive affordable, affordable flash drive, flash drive cost, cost flash drive, flash drive online, online flash drive, flash drive offline, offline flash drive, flash drive marketplace, marketplace flash drive, flash drive store, store flash drive, flash drive shop, shop flash drive, flash drive retailer, retailer flash drive, flash drive where to buy, where to buy flash drive, flash drive worst, worst flash drive, flash drive quality, quality flash drive, flash drive original, original flash drive, flash drive genuine, genuine flash drive, flash drive fake, fake flash drive, flash drive replica, replica flash drive, flash drive authentic, authentic flash drive, flash drive brand, brand flash drive, flash drive manufacturer, manufacturer flash drive, flash drive company, company flash drive, flash drive product, product flash drive, flash drive nikon product, nikon product flash drive, flash drive sell nikon, sell nikon flash drive, flash drive buy nikon, buy nikon flash drive, flash drive cheap nikon, cheap nikon flash drive, flash drive best nikon, best nikon flash drive, flash drive nikon review, nikon review flash drive, flash drive where to buy nikon, where to buy nikon flash drive, flash drive how to choose nikon, how to choose nikon flash drive, flash drive top nikon, top nikon flash drive, flash drive nikon guide, nikon guide flash drive, flash drive nikon for sale, nikon for sale flash drive, flash drive nikon deals, nikon deals flash drive
2025-11-07 16:59:02,810 - INFO - Expanded 220 seed keywords to 385 variations
2025-11-07 16:59:02,810 - INFO - Language: en
2025-11-07 16:59:02,810 - INFO - Region: us
2025-11-07 17:03:35,233 - INFO - 🎯 After all filtering for 'nikon': 120 relevant keywords
2025-11-07 17:03:35,596 - INFO - 🎯 Found 5 new keywords for niche 'nikon': nikon affordable flash drive, cheap affordable usb drive, cheap alternatives flash drive, nikon alternatives usb drive, best authentic flash drive
2025-11-07 17:03:45,802 - INFO - ✅ Niche 'nikon' process complete! 223 total keyword results.
2025-11-07 17:03:45,802 - INFO - ✅ Completed processing niche: 'nikon'
2025-11-07 17:03:45,803 - INFO - 🔧 Request Handler final stats - Success rate: 100.0%
2025-11-07 17:03:45,803 - INFO -    Total requests: 37487, Blocks: 0
2025-11-07 17:03:45,804 - INFO - 
========================================
2025-11-07 17:03:45,804 - INFO - Process Summary:
2025-11-07 17:03:45,804 - INFO - - Current niche: 'nikon'
2025-11-07 17:03:45,804 - INFO - - Next niche will be: 'huawei'
2025-11-07 17:03:45,804 - INFO - - Keywords saved in: languages/english/keywords/nikon/
2025-11-07 17:03:45,804 - INFO - ========================================
