2025-10-11 16:51:56,589 - INFO - Log file created at: /home/runner/work/potensitech.com/potensitech.com/languages/english/keywords/logs/kw_search_20251011_165156.log
2025-10-11 16:51:56,589 - INFO - ============================================================
2025-10-11 16:51:56,589 - INFO - AUTOMATIC KEYWORD RESEARCH TOOL
2025-10-11 16:51:56,590 - INFO - ============================================================
2025-10-11 16:51:56,749 - INFO - ========================================
2025-10-11 16:51:56,749 - INFO - Found 14 niches to process: xiaomi, iphone, samsung, apple, sony, asus, philips, sandisk, intel, nvidia, amd, canon, nikon, huawei
2025-10-11 16:51:56,749 - INFO - ========================================
2025-10-11 16:51:56,749 - INFO - Continuing from last processed niche: amd
2025-10-11 16:51:56,749 - INFO - ========================================
2025-10-11 16:51:56,749 - INFO - 🎯 PROCESSING NICHE 12/14: 'canon'
2025-10-11 16:51:56,749 - INFO - ========================================
2025-10-11 16:51:56,750 - INFO - 📁 Niche directory: /home/runner/work/potensitech.com/potensitech.com/languages/english/keywords/canon
2025-10-11 16:51:56,750 - INFO - Selected region: us
2025-10-11 16:51:56,750 - INFO - Selected language: en
2025-10-11 16:51:56,750 - INFO - 🎯 Current niche: canon
2025-10-11 16:51:59,525 - INFO - 🎯 Niche terms for filtering: canon, cheap, best, latest, review, price, sell, buy, recommendation, tips, tutorial, guide, how to, vs, versus, compared to, comparison, alternatives, which is better, expensive, discount, deals, sale, affordable, cost, online, offline, marketplace, store, shop, retailer, where to buy, worst, quality, original, genuine, fake, replica, authentic, brand, manufacturer, company, product, canon product, sell canon, buy canon, cheap canon, best canon, canon review, where to buy canon, how to choose canon, top canon, canon guide, canon for sale, canon deals
2025-10-11 16:51:59,525 - INFO - Generated 50 niche-clue pairs for 'canon'.
2025-10-11 16:51:59,528 - INFO - Expanded 50 seed keywords to 218 variations
2025-10-11 16:51:59,528 - INFO - 🔧 Request Handler initialized - Success rate: 100.0%
2025-10-11 16:56:21,786 - INFO - Original clue keywords: flash drive, portable storage
2025-10-11 16:56:21,786 - INFO - Niche-focused seeds: flash drive canon, canon flash drive, flash drive cheap, cheap flash drive, flash drive best, best flash drive, flash drive latest, latest flash drive, flash drive review, review flash drive, flash drive price, price flash drive, flash drive sell, sell flash drive, flash drive buy, buy flash drive, flash drive recommendation, recommendation flash drive, flash drive tips, tips flash drive, flash drive tutorial, tutorial flash drive, flash drive guide, guide flash drive, flash drive how to, how to flash drive, flash drive vs, vs flash drive, flash drive versus, versus flash drive, flash drive compared to, compared to flash drive, flash drive comparison, comparison flash drive, flash drive alternatives, alternatives flash drive, flash drive which is better, which is better flash drive, flash drive expensive, expensive flash drive, flash drive discount, discount flash drive, flash drive deals, deals flash drive, flash drive sale, sale flash drive, flash drive affordable, affordable flash drive, flash drive cost, cost flash drive, flash drive online, online flash drive, flash drive offline, offline flash drive, flash drive marketplace, marketplace flash drive, flash drive store, store flash drive, flash drive shop, shop flash drive, flash drive retailer, retailer flash drive, flash drive where to buy, where to buy flash drive, flash drive worst, worst flash drive, flash drive quality, quality flash drive, flash drive original, original flash drive, flash drive genuine, genuine flash drive, flash drive fake, fake flash drive, flash drive replica, replica flash drive, flash drive authentic, authentic flash drive, flash drive brand, brand flash drive, flash drive manufacturer, manufacturer flash drive, flash drive company, company flash drive, flash drive product, product flash drive, flash drive canon product, canon product flash drive, flash drive sell canon, sell canon flash drive, flash drive buy canon, buy canon flash drive, flash drive cheap canon, cheap canon flash drive, flash drive best canon, best canon flash drive, flash drive canon review, canon review flash drive, flash drive where to buy canon, where to buy canon flash drive, flash drive how to choose canon, how to choose canon flash drive, flash drive top canon, top canon flash drive, flash drive canon guide, canon guide flash drive, flash drive canon for sale, canon for sale flash drive, flash drive canon deals, canon deals flash drive, portable storage canon, canon portable storage, portable storage cheap, cheap portable storage, portable storage best, best portable storage, portable storage latest, latest portable storage, portable storage review, review portable storage, portable storage price, price portable storage, portable storage sell, sell portable storage, portable storage buy, buy portable storage, portable storage recommendation, recommendation portable storage, portable storage tips, tips portable storage, portable storage tutorial, tutorial portable storage, portable storage guide, guide portable storage, portable storage how to, how to portable storage, portable storage vs, vs portable storage, portable storage versus, versus portable storage, portable storage compared to, compared to portable storage, portable storage comparison, comparison portable storage, portable storage alternatives, alternatives portable storage, portable storage which is better, which is better portable storage, portable storage expensive, expensive portable storage, portable storage discount, discount portable storage, portable storage deals, deals portable storage, portable storage sale, sale portable storage, portable storage affordable, affordable portable storage, portable storage cost, cost portable storage, portable storage online, online portable storage, portable storage offline, offline portable storage, portable storage marketplace, marketplace portable storage, portable storage store, store portable storage, portable storage shop, shop portable storage, portable storage retailer, retailer portable storage, portable storage where to buy, where to buy portable storage, portable storage worst, worst portable storage, portable storage quality, quality portable storage, portable storage original, original portable storage, portable storage genuine, genuine portable storage, portable storage fake, fake portable storage, portable storage replica, replica portable storage, portable storage authentic, authentic portable storage, portable storage brand, brand portable storage, portable storage manufacturer, manufacturer portable storage, portable storage company, company portable storage, portable storage product, product portable storage, portable storage canon product, canon product portable storage, portable storage sell canon, sell canon portable storage, portable storage buy canon, buy canon portable storage, portable storage cheap canon, cheap canon portable storage, portable storage best canon, best canon portable storage, portable storage canon review, canon review portable storage, portable storage where to buy canon, where to buy canon portable storage, portable storage how to choose canon, how to choose canon portable storage, portable storage top canon, top canon portable storage, portable storage canon guide, canon guide portable storage, portable storage canon for sale, canon for sale portable storage, portable storage canon deals, canon deals portable storage
2025-10-11 16:56:21,789 - INFO - Expanded 220 seed keywords to 385 variations
2025-10-11 16:56:21,789 - INFO - Language: en
2025-10-11 16:56:21,789 - INFO - Region: us
2025-10-11 17:00:52,731 - INFO - 🎯 After all filtering for 'canon': 120 relevant keywords
2025-10-11 17:00:52,921 - INFO - 🎯 Found 5 new keywords for niche 'canon': canon affordable flash drive, canon affordable portable storage, cheap alternatives flash drive, cheap alternatives portable storage, best authentic flash drive
2025-10-11 17:01:59,413 - INFO - ✅ Niche 'canon' process complete! 111 total keyword results.
2025-10-11 17:01:59,413 - INFO - ✅ Completed processing niche: 'canon'
2025-10-11 17:01:59,413 - INFO - 🔧 Request Handler final stats - Success rate: 100.0%
2025-10-11 17:01:59,413 - INFO -    Total requests: 23974, Blocks: 0
2025-10-11 17:01:59,414 - INFO - 
========================================
2025-10-11 17:01:59,414 - INFO - Process Summary:
2025-10-11 17:01:59,414 - INFO - - Current niche: 'canon'
2025-10-11 17:01:59,414 - INFO - - Next niche will be: 'nikon'
2025-10-11 17:01:59,414 - INFO - - Keywords saved in: languages/english/keywords/canon/
2025-10-11 17:01:59,414 - INFO - ========================================
