2025-09-17 04:54:07,994 - INFO - Log file created at: /home/runner/work/potensitech.com/potensitech.com/languages/english/keywords/logs/kw_search_20250917_045407.log
2025-09-17 04:54:07,994 - INFO - ============================================================
2025-09-17 04:54:07,994 - INFO - AUTOMATIC KEYWORD RESEARCH TOOL
2025-09-17 04:54:07,994 - INFO - ============================================================
2025-09-17 04:54:08,107 - INFO - ========================================
2025-09-17 04:54:08,107 - INFO - Found 14 niches to process: xiaomi, iphone, samsung, apple, sony, asus, philips, sandisk, intel, nvidia, amd, canon, nikon, huawei
2025-09-17 04:54:08,107 - INFO - ========================================
2025-09-17 04:54:08,107 - INFO - Continuing from last processed niche: apple
2025-09-17 04:54:08,107 - INFO - ========================================
2025-09-17 04:54:08,107 - INFO - 🎯 PROCESSING NICHE 5/14: 'sony'
2025-09-17 04:54:08,107 - INFO - ========================================
2025-09-17 04:54:08,107 - INFO - 📁 Niche directory: /home/runner/work/potensitech.com/potensitech.com/languages/english/keywords/sony
2025-09-17 04:54:08,108 - INFO - Selected region: us
2025-09-17 04:54:08,108 - INFO - Selected language: en
2025-09-17 04:54:08,108 - INFO - 🎯 Current niche: sony
2025-09-17 04:54:12,941 - INFO - 🎯 Niche terms for filtering: sony, cheap, best, latest, review, price, sell, buy, recommendation, tips, tutorial, guide, how to, vs, versus, compared to, comparison, alternatives, which is better, expensive, discount, deals, sale, affordable, cost, online, offline, marketplace, store, shop, retailer, where to buy, worst, quality, original, genuine, fake, replica, authentic, brand, manufacturer, company, product, sony product, sell sony, buy sony, cheap sony, best sony, sony review, where to buy sony, how to choose sony, top sony, sony guide, sony for sale, sony deals
2025-09-17 04:54:12,941 - INFO - Generated 50 niche-clue pairs for 'sony'.
2025-09-17 04:54:12,944 - INFO - Expanded 50 seed keywords to 218 variations
2025-09-17 04:54:12,946 - INFO - 🔧 Request Handler initialized - Success rate: 100.0%
2025-09-17 04:58:40,624 - INFO - Original clue keywords: digital photography, lens compatibility
2025-09-17 04:58:40,624 - INFO - Niche-focused seeds: digital photography sony, sony digital photography, digital photography cheap, cheap digital photography, digital photography best, best digital photography, digital photography latest, latest digital photography, digital photography review, review digital photography, digital photography price, price digital photography, digital photography sell, sell digital photography, digital photography buy, buy digital photography, digital photography recommendation, recommendation digital photography, digital photography tips, tips digital photography, digital photography tutorial, tutorial digital photography, digital photography guide, guide digital photography, digital photography how to, how to digital photography, digital photography vs, vs digital photography, digital photography versus, versus digital photography, digital photography compared to, compared to digital photography, digital photography comparison, comparison digital photography, digital photography alternatives, alternatives digital photography, digital photography which is better, which is better digital photography, digital photography expensive, expensive digital photography, digital photography discount, discount digital photography, digital photography deals, deals digital photography, digital photography sale, sale digital photography, digital photography affordable, affordable digital photography, digital photography cost, cost digital photography, digital photography online, online digital photography, digital photography offline, offline digital photography, digital photography marketplace, marketplace digital photography, digital photography store, store digital photography, digital photography shop, shop digital photography, digital photography retailer, retailer digital photography, digital photography where to buy, where to buy digital photography, digital photography worst, worst digital photography, digital photography quality, quality digital photography, digital photography original, original digital photography, digital photography genuine, genuine digital photography, digital photography fake, fake digital photography, digital photography replica, replica digital photography, digital photography authentic, authentic digital photography, digital photography brand, brand digital photography, digital photography manufacturer, manufacturer digital photography, digital photography company, company digital photography, digital photography product, product digital photography, digital photography sony product, sony product digital photography, digital photography sell sony, sell sony digital photography, digital photography buy sony, buy sony digital photography, digital photography cheap sony, cheap sony digital photography, digital photography best sony, best sony digital photography, digital photography sony review, sony review digital photography, digital photography where to buy sony, where to buy sony digital photography, digital photography how to choose sony, how to choose sony digital photography, digital photography top sony, top sony digital photography, digital photography sony guide, sony guide digital photography, digital photography sony for sale, sony for sale digital photography, digital photography sony deals, sony deals digital photography, lens compatibility sony, sony lens compatibility, lens compatibility cheap, cheap lens compatibility, lens compatibility best, best lens compatibility, lens compatibility latest, latest lens compatibility, lens compatibility review, review lens compatibility, lens compatibility price, price lens compatibility, lens compatibility sell, sell lens compatibility, lens compatibility buy, buy lens compatibility, lens compatibility recommendation, recommendation lens compatibility, lens compatibility tips, tips lens compatibility, lens compatibility tutorial, tutorial lens compatibility, lens compatibility guide, guide lens compatibility, lens compatibility how to, how to lens compatibility, lens compatibility vs, vs lens compatibility, lens compatibility versus, versus lens compatibility, lens compatibility compared to, compared to lens compatibility, lens compatibility comparison, comparison lens compatibility, lens compatibility alternatives, alternatives lens compatibility, lens compatibility which is better, which is better lens compatibility, lens compatibility expensive, expensive lens compatibility, lens compatibility discount, discount lens compatibility, lens compatibility deals, deals lens compatibility, lens compatibility sale, sale lens compatibility, lens compatibility affordable, affordable lens compatibility, lens compatibility cost, cost lens compatibility, lens compatibility online, online lens compatibility, lens compatibility offline, offline lens compatibility, lens compatibility marketplace, marketplace lens compatibility, lens compatibility store, store lens compatibility, lens compatibility shop, shop lens compatibility, lens compatibility retailer, retailer lens compatibility, lens compatibility where to buy, where to buy lens compatibility, lens compatibility worst, worst lens compatibility, lens compatibility quality, quality lens compatibility, lens compatibility original, original lens compatibility, lens compatibility genuine, genuine lens compatibility, lens compatibility fake, fake lens compatibility, lens compatibility replica, replica lens compatibility, lens compatibility authentic, authentic lens compatibility, lens compatibility brand, brand lens compatibility, lens compatibility manufacturer, manufacturer lens compatibility, lens compatibility company, company lens compatibility, lens compatibility product, product lens compatibility, lens compatibility sony product, sony product lens compatibility, lens compatibility sell sony, sell sony lens compatibility, lens compatibility buy sony, buy sony lens compatibility, lens compatibility cheap sony, cheap sony lens compatibility, lens compatibility best sony, best sony lens compatibility, lens compatibility sony review, sony review lens compatibility, lens compatibility where to buy sony, where to buy sony lens compatibility, lens compatibility how to choose sony, how to choose sony lens compatibility, lens compatibility top sony, top sony lens compatibility, lens compatibility sony guide, sony guide lens compatibility, lens compatibility sony for sale, sony for sale lens compatibility, lens compatibility sony deals, sony deals lens compatibility
2025-09-17 04:58:40,627 - INFO - Expanded 220 seed keywords to 385 variations
2025-09-17 04:58:40,627 - INFO - Language: en
2025-09-17 04:58:40,627 - INFO - Region: us
2025-09-17 05:03:11,695 - INFO - 🎯 After all filtering for 'sony': 120 relevant keywords
2025-09-17 05:03:11,738 - INFO - 🎯 Found 5 new keywords for niche 'sony': sony affordable digital photography, sony affordable lens compatibility, cheap alternatives digital photography, cheap alternatives lens compatibility, best authentic digital photography
2025-09-17 05:03:21,060 - INFO - ✅ Niche 'sony' process complete! 24 total keyword results.
2025-09-17 05:03:21,060 - INFO - ✅ Completed processing niche: 'sony'
2025-09-17 05:03:21,060 - INFO - 🔧 Request Handler final stats - Success rate: 100.0%
2025-09-17 05:03:21,060 - INFO -    Total requests: 5132, Blocks: 0
2025-09-17 05:03:21,061 - INFO - 
========================================
2025-09-17 05:03:21,062 - INFO - Process Summary:
2025-09-17 05:03:21,062 - INFO - - Current niche: 'sony'
2025-09-17 05:03:21,062 - INFO - - Next niche will be: 'asus'
2025-09-17 05:03:21,062 - INFO - - Keywords saved in: languages/english/keywords/sony/
2025-09-17 05:03:21,062 - INFO - ========================================
