2025-10-29 12:35:14,783 - INFO - Log file created at: /home/runner/work/potensitech.com/potensitech.com/languages/english/keywords/logs/kw_search_20251029_123514.log
2025-10-29 12:35:14,783 - INFO - ============================================================
2025-10-29 12:35:14,783 - INFO - AUTOMATIC KEYWORD RESEARCH TOOL
2025-10-29 12:35:14,783 - INFO - ============================================================
2025-10-29 12:35:14,950 - INFO - ========================================
2025-10-29 12:35:14,951 - INFO - Found 14 niches to process: xiaomi, iphone, samsung, apple, sony, asus, philips, sandisk, intel, nvidia, amd, canon, nikon, huawei
2025-10-29 12:35:14,951 - INFO - ========================================
2025-10-29 12:35:14,951 - INFO - Continuing from last processed niche: apple
2025-10-29 12:35:14,951 - INFO - ========================================
2025-10-29 12:35:14,951 - INFO - 🎯 PROCESSING NICHE 5/14: 'sony'
2025-10-29 12:35:14,951 - INFO - ========================================
2025-10-29 12:35:14,951 - INFO - 📁 Niche directory: /home/runner/work/potensitech.com/potensitech.com/languages/english/keywords/sony
2025-10-29 12:35:14,951 - INFO - Selected region: us
2025-10-29 12:35:14,951 - INFO - Selected language: en
2025-10-29 12:35:14,951 - INFO - 🎯 Current niche: sony
2025-10-29 12:35:17,916 - INFO - 🎯 Niche terms for filtering: sony, cheap, best, latest, review, price, sell, buy, recommendation, tips, tutorial, guide, how to, vs, versus, compared to, comparison, alternatives, which is better, expensive, discount, deals, sale, affordable, cost, online, offline, marketplace, store, shop, retailer, where to buy, worst, quality, original, genuine, fake, replica, authentic, brand, manufacturer, company, product, sony product, sell sony, buy sony, cheap sony, best sony, sony review, where to buy sony, how to choose sony, top sony, sony guide, sony for sale, sony deals
2025-10-29 12:35:17,917 - INFO - Generated 50 niche-clue pairs for 'sony'.
2025-10-29 12:35:17,920 - INFO - Expanded 50 seed keywords to 218 variations
2025-10-29 12:35:17,920 - INFO - 🔧 Request Handler initialized - Success rate: 100.0%
2025-10-29 12:39:44,897 - INFO - Original clue keywords: dslr photography, mirrorless technology
2025-10-29 12:39:44,898 - INFO - Niche-focused seeds: dslr photography sony, sony dslr photography, dslr photography cheap, cheap dslr photography, dslr photography best, best dslr photography, dslr photography latest, latest dslr photography, dslr photography review, review dslr photography, dslr photography price, price dslr photography, dslr photography sell, sell dslr photography, dslr photography buy, buy dslr photography, dslr photography recommendation, recommendation dslr photography, dslr photography tips, tips dslr photography, dslr photography tutorial, tutorial dslr photography, dslr photography guide, guide dslr photography, dslr photography how to, how to dslr photography, dslr photography vs, vs dslr photography, dslr photography versus, versus dslr photography, dslr photography compared to, compared to dslr photography, dslr photography comparison, comparison dslr photography, dslr photography alternatives, alternatives dslr photography, dslr photography which is better, which is better dslr photography, dslr photography expensive, expensive dslr photography, dslr photography discount, discount dslr photography, dslr photography deals, deals dslr photography, dslr photography sale, sale dslr photography, dslr photography affordable, affordable dslr photography, dslr photography cost, cost dslr photography, dslr photography online, online dslr photography, dslr photography offline, offline dslr photography, dslr photography marketplace, marketplace dslr photography, dslr photography store, store dslr photography, dslr photography shop, shop dslr photography, dslr photography retailer, retailer dslr photography, dslr photography where to buy, where to buy dslr photography, dslr photography worst, worst dslr photography, dslr photography quality, quality dslr photography, dslr photography original, original dslr photography, dslr photography genuine, genuine dslr photography, dslr photography fake, fake dslr photography, dslr photography replica, replica dslr photography, dslr photography authentic, authentic dslr photography, dslr photography brand, brand dslr photography, dslr photography manufacturer, manufacturer dslr photography, dslr photography company, company dslr photography, dslr photography product, product dslr photography, dslr photography sony product, sony product dslr photography, dslr photography sell sony, sell sony dslr photography, dslr photography buy sony, buy sony dslr photography, dslr photography cheap sony, cheap sony dslr photography, dslr photography best sony, best sony dslr photography, dslr photography sony review, sony review dslr photography, dslr photography where to buy sony, where to buy sony dslr photography, dslr photography how to choose sony, how to choose sony dslr photography, dslr photography top sony, top sony dslr photography, dslr photography sony guide, sony guide dslr photography, dslr photography sony for sale, sony for sale dslr photography, dslr photography sony deals, sony deals dslr photography, mirrorless technology sony, sony mirrorless technology, mirrorless technology cheap, cheap mirrorless technology, mirrorless technology best, best mirrorless technology, mirrorless technology latest, latest mirrorless technology, mirrorless technology review, review mirrorless technology, mirrorless technology price, price mirrorless technology, mirrorless technology sell, sell mirrorless technology, mirrorless technology buy, buy mirrorless technology, mirrorless technology recommendation, recommendation mirrorless technology, mirrorless technology tips, tips mirrorless technology, mirrorless technology tutorial, tutorial mirrorless technology, mirrorless technology guide, guide mirrorless technology, mirrorless technology how to, how to mirrorless technology, mirrorless technology vs, vs mirrorless technology, mirrorless technology versus, versus mirrorless technology, mirrorless technology compared to, compared to mirrorless technology, mirrorless technology comparison, comparison mirrorless technology, mirrorless technology alternatives, alternatives mirrorless technology, mirrorless technology which is better, which is better mirrorless technology, mirrorless technology expensive, expensive mirrorless technology, mirrorless technology discount, discount mirrorless technology, mirrorless technology deals, deals mirrorless technology, mirrorless technology sale, sale mirrorless technology, mirrorless technology affordable, affordable mirrorless technology, mirrorless technology cost, cost mirrorless technology, mirrorless technology online, online mirrorless technology, mirrorless technology offline, offline mirrorless technology, mirrorless technology marketplace, marketplace mirrorless technology, mirrorless technology store, store mirrorless technology, mirrorless technology shop, shop mirrorless technology, mirrorless technology retailer, retailer mirrorless technology, mirrorless technology where to buy, where to buy mirrorless technology, mirrorless technology worst, worst mirrorless technology, mirrorless technology quality, quality mirrorless technology, mirrorless technology original, original mirrorless technology, mirrorless technology genuine, genuine mirrorless technology, mirrorless technology fake, fake mirrorless technology, mirrorless technology replica, replica mirrorless technology, mirrorless technology authentic, authentic mirrorless technology, mirrorless technology brand, brand mirrorless technology, mirrorless technology manufacturer, manufacturer mirrorless technology, mirrorless technology company, company mirrorless technology, mirrorless technology product, product mirrorless technology, mirrorless technology sony product, sony product mirrorless technology, mirrorless technology sell sony, sell sony mirrorless technology, mirrorless technology buy sony, buy sony mirrorless technology, mirrorless technology cheap sony, cheap sony mirrorless technology, mirrorless technology best sony, best sony mirrorless technology, mirrorless technology sony review, sony review mirrorless technology, mirrorless technology where to buy sony, where to buy sony mirrorless technology, mirrorless technology how to choose sony, how to choose sony mirrorless technology, mirrorless technology top sony, top sony mirrorless technology, mirrorless technology sony guide, sony guide mirrorless technology, mirrorless technology sony for sale, sony for sale mirrorless technology, mirrorless technology sony deals, sony deals mirrorless technology
2025-10-29 12:39:44,901 - INFO - Expanded 220 seed keywords to 385 variations
2025-10-29 12:39:44,901 - INFO - Language: en
2025-10-29 12:39:44,901 - INFO - Region: us
2025-10-29 12:42:28,129 - INFO - 🎯 After all filtering for 'sony': 120 relevant keywords
2025-10-29 12:42:28,463 - INFO - 🎯 Found 5 new keywords for niche 'sony': sony affordable dslr photography, sony affordable mirrorless technology, cheap alternatives dslr photography, cheap alternatives mirrorless technology, best authentic dslr photography
2025-10-29 12:42:57,403 - INFO - ✅ Niche 'sony' process complete! 173 total keyword results.
2025-10-29 12:42:57,404 - INFO - ✅ Completed processing niche: 'sony'
2025-10-29 12:42:57,404 - INFO - 🔧 Request Handler final stats - Success rate: 100.0%
2025-10-29 12:42:57,404 - INFO -    Total requests: 32933, Blocks: 0
2025-10-29 12:42:57,405 - INFO - 
========================================
2025-10-29 12:42:57,405 - INFO - Process Summary:
2025-10-29 12:42:57,405 - INFO - - Current niche: 'sony'
2025-10-29 12:42:57,405 - INFO - - Next niche will be: 'asus'
2025-10-29 12:42:57,405 - INFO - - Keywords saved in: languages/english/keywords/sony/
2025-10-29 12:42:57,406 - INFO - ========================================
