2025-09-21 02:05:13,234 - INFO - Log file created at: /home/runner/work/potensitech.com/potensitech.com/languages/english/keywords/logs/kw_search_20250921_020513.log
2025-09-21 02:05:13,234 - INFO - ============================================================
2025-09-21 02:05:13,234 - INFO - AUTOMATIC KEYWORD RESEARCH TOOL
2025-09-21 02:05:13,234 - INFO - ============================================================
2025-09-21 02:05:13,346 - INFO - ========================================
2025-09-21 02:05:13,346 - INFO - Found 14 niches to process: xiaomi, iphone, samsung, apple, sony, asus, philips, sandisk, intel, nvidia, amd, canon, nikon, huawei
2025-09-21 02:05:13,346 - INFO - ========================================
2025-09-21 02:05:13,346 - INFO - All niches completed, starting over
2025-09-21 02:05:13,346 - INFO - ========================================
2025-09-21 02:05:13,346 - INFO - 🎯 PROCESSING NICHE 1/14: 'xiaomi'
2025-09-21 02:05:13,346 - INFO - ========================================
2025-09-21 02:05:13,346 - INFO - 📁 Niche directory: /home/runner/work/potensitech.com/potensitech.com/languages/english/keywords/xiaomi
2025-09-21 02:05:13,346 - INFO - Selected region: us
2025-09-21 02:05:13,346 - INFO - Selected language: en
2025-09-21 02:05:13,346 - INFO - 🎯 Current niche: xiaomi
2025-09-21 02:05:20,049 - INFO - 🎯 Niche terms for filtering: xiaomi, cheap, best, latest, review, price, sell, buy, recommendation, tips, tutorial, guide, how to, vs, versus, compared to, comparison, alternatives, which is better, expensive, discount, deals, sale, affordable, cost, online, offline, marketplace, store, shop, retailer, where to buy, worst, quality, original, genuine, fake, replica, authentic, brand, manufacturer, company, product, xiaomi product, sell xiaomi, buy xiaomi, cheap xiaomi, best xiaomi, xiaomi review, where to buy xiaomi, how to choose xiaomi, top xiaomi, xiaomi guide, xiaomi for sale, xiaomi deals
2025-09-21 02:05:20,049 - INFO - Generated 50 niche-clue pairs for 'xiaomi'.
2025-09-21 02:05:20,052 - INFO - Expanded 50 seed keywords to 218 variations
2025-09-21 02:05:20,053 - INFO - 🔧 Request Handler initialized - Success rate: 100.0%
2025-09-21 02:09:41,817 - INFO - Original clue keywords: camera lens, image stabilization
2025-09-21 02:09:41,817 - INFO - Niche-focused seeds: camera lens xiaomi, xiaomi camera lens, camera lens cheap, cheap camera lens, camera lens best, best camera lens, camera lens latest, latest camera lens, camera lens review, review camera lens, camera lens price, price camera lens, camera lens sell, sell camera lens, camera lens buy, buy camera lens, camera lens recommendation, recommendation camera lens, camera lens tips, tips camera lens, camera lens tutorial, tutorial camera lens, camera lens guide, guide camera lens, camera lens how to, how to camera lens, camera lens vs, vs camera lens, camera lens versus, versus camera lens, camera lens compared to, compared to camera lens, camera lens comparison, comparison camera lens, camera lens alternatives, alternatives camera lens, camera lens which is better, which is better camera lens, camera lens expensive, expensive camera lens, camera lens discount, discount camera lens, camera lens deals, deals camera lens, camera lens sale, sale camera lens, camera lens affordable, affordable camera lens, camera lens cost, cost camera lens, camera lens online, online camera lens, camera lens offline, offline camera lens, camera lens marketplace, marketplace camera lens, camera lens store, store camera lens, camera lens shop, shop camera lens, camera lens retailer, retailer camera lens, camera lens where to buy, where to buy camera lens, camera lens worst, worst camera lens, camera lens quality, quality camera lens, camera lens original, original camera lens, camera lens genuine, genuine camera lens, camera lens fake, fake camera lens, camera lens replica, replica camera lens, camera lens authentic, authentic camera lens, camera lens brand, brand camera lens, camera lens manufacturer, manufacturer camera lens, camera lens company, company camera lens, camera lens product, product camera lens, camera lens xiaomi product, xiaomi product camera lens, camera lens sell xiaomi, sell xiaomi camera lens, camera lens buy xiaomi, buy xiaomi camera lens, camera lens cheap xiaomi, cheap xiaomi camera lens, camera lens best xiaomi, best xiaomi camera lens, camera lens xiaomi review, xiaomi review camera lens, camera lens where to buy xiaomi, where to buy xiaomi camera lens, camera lens how to choose xiaomi, how to choose xiaomi camera lens, camera lens top xiaomi, top xiaomi camera lens, camera lens xiaomi guide, xiaomi guide camera lens, camera lens xiaomi for sale, xiaomi for sale camera lens, camera lens xiaomi deals, xiaomi deals camera lens, image stabilization xiaomi, xiaomi image stabilization, image stabilization cheap, cheap image stabilization, image stabilization best, best image stabilization, image stabilization latest, latest image stabilization, image stabilization review, review image stabilization, image stabilization price, price image stabilization, image stabilization sell, sell image stabilization, image stabilization buy, buy image stabilization, image stabilization recommendation, recommendation image stabilization, image stabilization tips, tips image stabilization, image stabilization tutorial, tutorial image stabilization, image stabilization guide, guide image stabilization, image stabilization how to, how to image stabilization, image stabilization vs, vs image stabilization, image stabilization versus, versus image stabilization, image stabilization compared to, compared to image stabilization, image stabilization comparison, comparison image stabilization, image stabilization alternatives, alternatives image stabilization, image stabilization which is better, which is better image stabilization, image stabilization expensive, expensive image stabilization, image stabilization discount, discount image stabilization, image stabilization deals, deals image stabilization, image stabilization sale, sale image stabilization, image stabilization affordable, affordable image stabilization, image stabilization cost, cost image stabilization, image stabilization online, online image stabilization, image stabilization offline, offline image stabilization, image stabilization marketplace, marketplace image stabilization, image stabilization store, store image stabilization, image stabilization shop, shop image stabilization, image stabilization retailer, retailer image stabilization, image stabilization where to buy, where to buy image stabilization, image stabilization worst, worst image stabilization, image stabilization quality, quality image stabilization, image stabilization original, original image stabilization, image stabilization genuine, genuine image stabilization, image stabilization fake, fake image stabilization, image stabilization replica, replica image stabilization, image stabilization authentic, authentic image stabilization, image stabilization brand, brand image stabilization, image stabilization manufacturer, manufacturer image stabilization, image stabilization company, company image stabilization, image stabilization product, product image stabilization, image stabilization xiaomi product, xiaomi product image stabilization, image stabilization sell xiaomi, sell xiaomi image stabilization, image stabilization buy xiaomi, buy xiaomi image stabilization, image stabilization cheap xiaomi, cheap xiaomi image stabilization, image stabilization best xiaomi, best xiaomi image stabilization, image stabilization xiaomi review, xiaomi review image stabilization, image stabilization where to buy xiaomi, where to buy xiaomi image stabilization, image stabilization how to choose xiaomi, how to choose xiaomi image stabilization, image stabilization top xiaomi, top xiaomi image stabilization, image stabilization xiaomi guide, xiaomi guide image stabilization, image stabilization xiaomi for sale, xiaomi for sale image stabilization, image stabilization xiaomi deals, xiaomi deals image stabilization
2025-09-21 02:09:41,820 - INFO - Expanded 220 seed keywords to 385 variations
2025-09-21 02:09:41,820 - INFO - Language: en
2025-09-21 02:09:41,820 - INFO - Region: us
2025-09-21 02:14:12,852 - INFO - 🎯 After all filtering for 'xiaomi': 120 relevant keywords
2025-09-21 02:14:12,916 - INFO - 🎯 Found 5 new keywords for niche 'xiaomi': xiaomi affordable camera lens, xiaomi affordable image stabilization, cheap alternatives camera lens, cheap alternatives image stabilization, best authentic camera lens
2025-09-21 02:15:28,327 - INFO - ✅ Niche 'xiaomi' process complete! 40 total keyword results.
2025-09-21 02:15:28,327 - INFO - ✅ Completed processing niche: 'xiaomi'
2025-09-21 02:15:28,327 - INFO - 🔧 Request Handler final stats - Success rate: 100.0%
2025-09-21 02:15:28,327 - INFO -    Total requests: 8471, Blocks: 0
2025-09-21 02:15:28,328 - INFO - 
========================================
2025-09-21 02:15:28,329 - INFO - Process Summary:
2025-09-21 02:15:28,329 - INFO - - Current niche: 'xiaomi'
2025-09-21 02:15:28,329 - INFO - - Next niche will be: 'iphone'
2025-09-21 02:15:28,329 - INFO - - Keywords saved in: languages/english/keywords/xiaomi/
2025-09-21 02:15:28,329 - INFO - ========================================
