2025-09-15 16:53:31,834 - INFO - Log file created at: /home/runner/work/potensitech.com/potensitech.com/languages/english/keywords/logs/kw_search_20250915_165331.log
2025-09-15 16:53:31,834 - INFO - ============================================================
2025-09-15 16:53:31,834 - INFO - AUTOMATIC KEYWORD RESEARCH TOOL
2025-09-15 16:53:31,834 - INFO - ============================================================
2025-09-15 16:53:31,939 - INFO - ========================================
2025-09-15 16:53:31,939 - INFO - Found 14 niches to process: xiaomi, iphone, samsung, apple, sony, asus, philips, sandisk, intel, nvidia, amd, canon, nikon, huawei
2025-09-15 16:53:31,939 - INFO - ========================================
2025-09-15 16:53:31,939 - INFO - Continuing from last processed niche: samsung
2025-09-15 16:53:31,939 - INFO - ========================================
2025-09-15 16:53:31,939 - INFO - 🎯 PROCESSING NICHE 4/14: 'apple'
2025-09-15 16:53:31,939 - INFO - ========================================
2025-09-15 16:53:31,939 - INFO - 📁 Niche directory: /home/runner/work/potensitech.com/potensitech.com/languages/english/keywords/apple
2025-09-15 16:53:31,939 - INFO - Selected region: us
2025-09-15 16:53:31,940 - INFO - Selected language: en
2025-09-15 16:53:31,940 - INFO - 🎯 Current niche: apple
2025-09-15 16:53:38,273 - INFO - 🎯 Niche terms for filtering: apple, cheap, best, latest, review, price, sell, buy, recommendation, tips, tutorial, guide, how to, vs, versus, compared to, comparison, alternatives, which is better, expensive, discount, deals, sale, affordable, cost, online, offline, marketplace, store, shop, retailer, where to buy, worst, quality, original, genuine, fake, replica, authentic, brand, manufacturer, company, product, apple product, sell apple, buy apple, cheap apple, best apple, apple review, where to buy apple, how to choose apple, top apple, apple guide, apple for sale, apple deals
2025-09-15 16:53:38,274 - INFO - Generated 50 niche-clue pairs for 'apple'.
2025-09-15 16:53:38,276 - INFO - Expanded 50 seed keywords to 218 variations
2025-09-15 16:53:38,277 - INFO - 🔧 Request Handler initialized - Success rate: 100.0%
2025-09-15 16:58:00,210 - INFO - Original clue keywords: autofocus precision, processor speed
2025-09-15 16:58:00,210 - INFO - Niche-focused seeds: autofocus precision apple, apple autofocus precision, autofocus precision cheap, cheap autofocus precision, autofocus precision best, best autofocus precision, autofocus precision latest, latest autofocus precision, autofocus precision review, review autofocus precision, autofocus precision price, price autofocus precision, autofocus precision sell, sell autofocus precision, autofocus precision buy, buy autofocus precision, autofocus precision recommendation, recommendation autofocus precision, autofocus precision tips, tips autofocus precision, autofocus precision tutorial, tutorial autofocus precision, autofocus precision guide, guide autofocus precision, autofocus precision how to, how to autofocus precision, autofocus precision vs, vs autofocus precision, autofocus precision versus, versus autofocus precision, autofocus precision compared to, compared to autofocus precision, autofocus precision comparison, comparison autofocus precision, autofocus precision alternatives, alternatives autofocus precision, autofocus precision which is better, which is better autofocus precision, autofocus precision expensive, expensive autofocus precision, autofocus precision discount, discount autofocus precision, autofocus precision deals, deals autofocus precision, autofocus precision sale, sale autofocus precision, autofocus precision affordable, affordable autofocus precision, autofocus precision cost, cost autofocus precision, autofocus precision online, online autofocus precision, autofocus precision offline, offline autofocus precision, autofocus precision marketplace, marketplace autofocus precision, autofocus precision store, store autofocus precision, autofocus precision shop, shop autofocus precision, autofocus precision retailer, retailer autofocus precision, autofocus precision where to buy, where to buy autofocus precision, autofocus precision worst, worst autofocus precision, autofocus precision quality, quality autofocus precision, autofocus precision original, original autofocus precision, autofocus precision genuine, genuine autofocus precision, autofocus precision fake, fake autofocus precision, autofocus precision replica, replica autofocus precision, autofocus precision authentic, authentic autofocus precision, autofocus precision brand, brand autofocus precision, autofocus precision manufacturer, manufacturer autofocus precision, autofocus precision company, company autofocus precision, autofocus precision product, product autofocus precision, autofocus precision apple product, apple product autofocus precision, autofocus precision sell apple, sell apple autofocus precision, autofocus precision buy apple, buy apple autofocus precision, autofocus precision cheap apple, cheap apple autofocus precision, autofocus precision best apple, best apple autofocus precision, autofocus precision apple review, apple review autofocus precision, autofocus precision where to buy apple, where to buy apple autofocus precision, autofocus precision how to choose apple, how to choose apple autofocus precision, autofocus precision top apple, top apple autofocus precision, autofocus precision apple guide, apple guide autofocus precision, autofocus precision apple for sale, apple for sale autofocus precision, autofocus precision apple deals, apple deals autofocus precision, processor speed apple, apple processor speed, processor speed cheap, cheap processor speed, processor speed best, best processor speed, processor speed latest, latest processor speed, processor speed review, review processor speed, processor speed price, price processor speed, processor speed sell, sell processor speed, processor speed buy, buy processor speed, processor speed recommendation, recommendation processor speed, processor speed tips, tips processor speed, processor speed tutorial, tutorial processor speed, processor speed guide, guide processor speed, processor speed how to, how to processor speed, processor speed vs, vs processor speed, processor speed versus, versus processor speed, processor speed compared to, compared to processor speed, processor speed comparison, comparison processor speed, processor speed alternatives, alternatives processor speed, processor speed which is better, which is better processor speed, processor speed expensive, expensive processor speed, processor speed discount, discount processor speed, processor speed deals, deals processor speed, processor speed sale, sale processor speed, processor speed affordable, affordable processor speed, processor speed cost, cost processor speed, processor speed online, online processor speed, processor speed offline, offline processor speed, processor speed marketplace, marketplace processor speed, processor speed store, store processor speed, processor speed shop, shop processor speed, processor speed retailer, retailer processor speed, processor speed where to buy, where to buy processor speed, processor speed worst, worst processor speed, processor speed quality, quality processor speed, processor speed original, original processor speed, processor speed genuine, genuine processor speed, processor speed fake, fake processor speed, processor speed replica, replica processor speed, processor speed authentic, authentic processor speed, processor speed brand, brand processor speed, processor speed manufacturer, manufacturer processor speed, processor speed company, company processor speed, processor speed product, product processor speed, processor speed apple product, apple product processor speed, processor speed sell apple, sell apple processor speed, processor speed buy apple, buy apple processor speed, processor speed cheap apple, cheap apple processor speed, processor speed best apple, best apple processor speed, processor speed apple review, apple review processor speed, processor speed where to buy apple, where to buy apple processor speed, processor speed how to choose apple, how to choose apple processor speed, processor speed top apple, top apple processor speed, processor speed apple guide, apple guide processor speed, processor speed apple for sale, apple for sale processor speed, processor speed apple deals, apple deals processor speed
2025-09-15 16:58:00,213 - INFO - Expanded 220 seed keywords to 385 variations
2025-09-15 16:58:00,213 - INFO - Language: en
2025-09-15 16:58:00,213 - INFO - Region: us
2025-09-15 17:02:31,960 - INFO - 🎯 After all filtering for 'apple': 119 relevant keywords
2025-09-15 17:02:31,978 - INFO - 🎯 Found 5 new keywords for niche 'apple': apple affordable autofocus precision, apple affordable processor speed, cheap alternatives autofocus precision, cheap alternatives processor speed, best authentic autofocus precision
2025-09-15 17:02:53,415 - INFO - ✅ Niche 'apple' process complete! 13 total keyword results.
2025-09-15 17:02:53,415 - INFO - ✅ Completed processing niche: 'apple'
2025-09-15 17:02:53,415 - INFO - 🔧 Request Handler final stats - Success rate: 100.0%
2025-09-15 17:02:53,415 - INFO -    Total requests: 3769, Blocks: 0
2025-09-15 17:02:53,416 - INFO - 
========================================
2025-09-15 17:02:53,416 - INFO - Process Summary:
2025-09-15 17:02:53,416 - INFO - - Current niche: 'apple'
2025-09-15 17:02:53,416 - INFO - - Next niche will be: 'sony'
2025-09-15 17:02:53,416 - INFO - - Keywords saved in: languages/english/keywords/apple/
2025-09-15 17:02:53,417 - INFO - ========================================
