2025-11-11 03:32:54,842 - INFO - Log file created at: /home/runner/work/potensitech.com/potensitech.com/languages/english/keywords/logs/kw_search_20251111_033254.log
2025-11-11 03:32:54,843 - INFO - ============================================================
2025-11-11 03:32:54,843 - INFO - AUTOMATIC KEYWORD RESEARCH TOOL
2025-11-11 03:32:54,843 - INFO - ============================================================
2025-11-11 03:32:55,046 - INFO - ========================================
2025-11-11 03:32:55,046 - INFO - Found 14 niches to process: xiaomi, iphone, samsung, apple, sony, asus, philips, sandisk, intel, nvidia, amd, canon, nikon, huawei
2025-11-11 03:32:55,046 - INFO - ========================================
2025-11-11 03:32:55,046 - INFO - Continuing from last processed niche: apple
2025-11-11 03:32:55,046 - INFO - ========================================
2025-11-11 03:32:55,046 - INFO - 🎯 PROCESSING NICHE 5/14: 'sony'
2025-11-11 03:32:55,046 - INFO - ========================================
2025-11-11 03:32:55,046 - INFO - 📁 Niche directory: /home/runner/work/potensitech.com/potensitech.com/languages/english/keywords/sony
2025-11-11 03:32:55,047 - INFO - Selected region: us
2025-11-11 03:32:55,047 - INFO - Selected language: en
2025-11-11 03:32:55,047 - INFO - 🎯 Current niche: sony
2025-11-11 03:32:58,281 - INFO - 🎯 Niche terms for filtering: sony, cheap, best, latest, review, price, sell, buy, recommendation, tips, tutorial, guide, how to, vs, versus, compared to, comparison, alternatives, which is better, expensive, discount, deals, sale, affordable, cost, online, offline, marketplace, store, shop, retailer, where to buy, worst, quality, original, genuine, fake, replica, authentic, brand, manufacturer, company, product, sony product, sell sony, buy sony, cheap sony, best sony, sony review, where to buy sony, how to choose sony, top sony, sony guide, sony for sale, sony deals
2025-11-11 03:32:58,282 - INFO - Generated 50 niche-clue pairs for 'sony'.
2025-11-11 03:32:58,285 - INFO - Expanded 50 seed keywords to 218 variations
2025-11-11 03:32:58,285 - INFO - 🔧 Request Handler initialized - Success rate: 100.0%
2025-11-11 03:37:22,415 - INFO - Original clue keywords: processor performance, core efficiency
2025-11-11 03:37:22,415 - INFO - Niche-focused seeds: processor performance sony, sony processor performance, processor performance cheap, cheap processor performance, processor performance best, best processor performance, processor performance latest, latest processor performance, processor performance review, review processor performance, processor performance price, price processor performance, processor performance sell, sell processor performance, processor performance buy, buy processor performance, processor performance recommendation, recommendation processor performance, processor performance tips, tips processor performance, processor performance tutorial, tutorial processor performance, processor performance guide, guide processor performance, processor performance how to, how to processor performance, processor performance vs, vs processor performance, processor performance versus, versus processor performance, processor performance compared to, compared to processor performance, processor performance comparison, comparison processor performance, processor performance alternatives, alternatives processor performance, processor performance which is better, which is better processor performance, processor performance expensive, expensive processor performance, processor performance discount, discount processor performance, processor performance deals, deals processor performance, processor performance sale, sale processor performance, processor performance affordable, affordable processor performance, processor performance cost, cost processor performance, processor performance online, online processor performance, processor performance offline, offline processor performance, processor performance marketplace, marketplace processor performance, processor performance store, store processor performance, processor performance shop, shop processor performance, processor performance retailer, retailer processor performance, processor performance where to buy, where to buy processor performance, processor performance worst, worst processor performance, processor performance quality, quality processor performance, processor performance original, original processor performance, processor performance genuine, genuine processor performance, processor performance fake, fake processor performance, processor performance replica, replica processor performance, processor performance authentic, authentic processor performance, processor performance brand, brand processor performance, processor performance manufacturer, manufacturer processor performance, processor performance company, company processor performance, processor performance product, product processor performance, processor performance sony product, sony product processor performance, processor performance sell sony, sell sony processor performance, processor performance buy sony, buy sony processor performance, processor performance cheap sony, cheap sony processor performance, processor performance best sony, best sony processor performance, processor performance sony review, sony review processor performance, processor performance where to buy sony, where to buy sony processor performance, processor performance how to choose sony, how to choose sony processor performance, processor performance top sony, top sony processor performance, processor performance sony guide, sony guide processor performance, processor performance sony for sale, sony for sale processor performance, processor performance sony deals, sony deals processor performance, core efficiency sony, sony core efficiency, core efficiency cheap, cheap core efficiency, core efficiency best, best core efficiency, core efficiency latest, latest core efficiency, core efficiency review, review core efficiency, core efficiency price, price core efficiency, core efficiency sell, sell core efficiency, core efficiency buy, buy core efficiency, core efficiency recommendation, recommendation core efficiency, core efficiency tips, tips core efficiency, core efficiency tutorial, tutorial core efficiency, core efficiency guide, guide core efficiency, core efficiency how to, how to core efficiency, core efficiency vs, vs core efficiency, core efficiency versus, versus core efficiency, core efficiency compared to, compared to core efficiency, core efficiency comparison, comparison core efficiency, core efficiency alternatives, alternatives core efficiency, core efficiency which is better, which is better core efficiency, core efficiency expensive, expensive core efficiency, core efficiency discount, discount core efficiency, core efficiency deals, deals core efficiency, core efficiency sale, sale core efficiency, core efficiency affordable, affordable core efficiency, core efficiency cost, cost core efficiency, core efficiency online, online core efficiency, core efficiency offline, offline core efficiency, core efficiency marketplace, marketplace core efficiency, core efficiency store, store core efficiency, core efficiency shop, shop core efficiency, core efficiency retailer, retailer core efficiency, core efficiency where to buy, where to buy core efficiency, core efficiency worst, worst core efficiency, core efficiency quality, quality core efficiency, core efficiency original, original core efficiency, core efficiency genuine, genuine core efficiency, core efficiency fake, fake core efficiency, core efficiency replica, replica core efficiency, core efficiency authentic, authentic core efficiency, core efficiency brand, brand core efficiency, core efficiency manufacturer, manufacturer core efficiency, core efficiency company, company core efficiency, core efficiency product, product core efficiency, core efficiency sony product, sony product core efficiency, core efficiency sell sony, sell sony core efficiency, core efficiency buy sony, buy sony core efficiency, core efficiency cheap sony, cheap sony core efficiency, core efficiency best sony, best sony core efficiency, core efficiency sony review, sony review core efficiency, core efficiency where to buy sony, where to buy sony core efficiency, core efficiency how to choose sony, how to choose sony core efficiency, core efficiency top sony, top sony core efficiency, core efficiency sony guide, sony guide core efficiency, core efficiency sony for sale, sony for sale core efficiency, core efficiency sony deals, sony deals core efficiency
2025-11-11 03:37:22,418 - INFO - Expanded 220 seed keywords to 385 variations
2025-11-11 03:37:22,418 - INFO - Language: en
2025-11-11 03:37:22,418 - INFO - Region: us
2025-11-11 03:39:50,029 - INFO - 🎯 After all filtering for 'sony': 120 relevant keywords
2025-11-11 03:39:50,386 - INFO - 🎯 Found 5 new keywords for niche 'sony': sony affordable core efficiency, sony affordable processor performance, cheap alternatives core efficiency, cheap alternatives processor performance, best authentic core efficiency
2025-11-11 03:40:03,337 - INFO - ✅ Niche 'sony' process complete! 191 total keyword results.
2025-11-11 03:40:03,337 - INFO - ✅ Completed processing niche: 'sony'
2025-11-11 03:40:03,337 - INFO - 🔧 Request Handler final stats - Success rate: 100.0%
2025-11-11 03:40:03,337 - INFO -    Total requests: 40196, Blocks: 0
2025-11-11 03:40:03,338 - INFO - 
========================================
2025-11-11 03:40:03,339 - INFO - Process Summary:
2025-11-11 03:40:03,339 - INFO - - Current niche: 'sony'
2025-11-11 03:40:03,339 - INFO - - Next niche will be: 'asus'
2025-11-11 03:40:03,339 - INFO - - Keywords saved in: languages/english/keywords/sony/
2025-11-11 03:40:03,339 - INFO - ========================================
