2025-09-28 09:40:06,647 - INFO - Log file created at: /home/runner/work/potensitech.com/potensitech.com/languages/english/keywords/logs/kw_search_20250928_094006.log
2025-09-28 09:40:06,648 - INFO - ============================================================
2025-09-28 09:40:06,648 - INFO - AUTOMATIC KEYWORD RESEARCH TOOL
2025-09-28 09:40:06,648 - INFO - ============================================================
2025-09-28 09:40:06,773 - INFO - ========================================
2025-09-28 09:40:06,773 - INFO - Found 14 niches to process: xiaomi, iphone, samsung, apple, sony, asus, philips, sandisk, intel, nvidia, amd, canon, nikon, huawei
2025-09-28 09:40:06,773 - INFO - ========================================
2025-09-28 09:40:06,774 - INFO - Continuing from last processed niche: apple
2025-09-28 09:40:06,774 - INFO - ========================================
2025-09-28 09:40:06,774 - INFO - 🎯 PROCESSING NICHE 5/14: 'sony'
2025-09-28 09:40:06,774 - INFO - ========================================
2025-09-28 09:40:06,774 - INFO - 📁 Niche directory: /home/runner/work/potensitech.com/potensitech.com/languages/english/keywords/sony
2025-09-28 09:40:06,774 - INFO - Selected region: us
2025-09-28 09:40:06,774 - INFO - Selected language: en
2025-09-28 09:40:06,774 - INFO - 🎯 Current niche: sony
2025-09-28 09:40:09,851 - INFO - 🎯 Niche terms for filtering: sony, cheap, best, latest, review, price, sell, buy, recommendation, tips, tutorial, guide, how to, vs, versus, compared to, comparison, alternatives, which is better, expensive, discount, deals, sale, affordable, cost, online, offline, marketplace, store, shop, retailer, where to buy, worst, quality, original, genuine, fake, replica, authentic, brand, manufacturer, company, product, sony product, sell sony, buy sony, cheap sony, best sony, sony review, where to buy sony, how to choose sony, top sony, sony guide, sony for sale, sony deals
2025-09-28 09:40:09,851 - INFO - Generated 50 niche-clue pairs for 'sony'.
2025-09-28 09:40:09,854 - INFO - Expanded 50 seed keywords to 218 variations
2025-09-28 09:40:09,854 - INFO - 🔧 Request Handler initialized - Success rate: 100.0%
2025-09-28 09:44:33,714 - INFO - Original clue keywords: autofocus speed, graphics performance
2025-09-28 09:44:33,714 - INFO - Niche-focused seeds: autofocus speed sony, sony autofocus speed, autofocus speed cheap, cheap autofocus speed, autofocus speed best, best autofocus speed, autofocus speed latest, latest autofocus speed, autofocus speed review, review autofocus speed, autofocus speed price, price autofocus speed, autofocus speed sell, sell autofocus speed, autofocus speed buy, buy autofocus speed, autofocus speed recommendation, recommendation autofocus speed, autofocus speed tips, tips autofocus speed, autofocus speed tutorial, tutorial autofocus speed, autofocus speed guide, guide autofocus speed, autofocus speed how to, how to autofocus speed, autofocus speed vs, vs autofocus speed, autofocus speed versus, versus autofocus speed, autofocus speed compared to, compared to autofocus speed, autofocus speed comparison, comparison autofocus speed, autofocus speed alternatives, alternatives autofocus speed, autofocus speed which is better, which is better autofocus speed, autofocus speed expensive, expensive autofocus speed, autofocus speed discount, discount autofocus speed, autofocus speed deals, deals autofocus speed, autofocus speed sale, sale autofocus speed, autofocus speed affordable, affordable autofocus speed, autofocus speed cost, cost autofocus speed, autofocus speed online, online autofocus speed, autofocus speed offline, offline autofocus speed, autofocus speed marketplace, marketplace autofocus speed, autofocus speed store, store autofocus speed, autofocus speed shop, shop autofocus speed, autofocus speed retailer, retailer autofocus speed, autofocus speed where to buy, where to buy autofocus speed, autofocus speed worst, worst autofocus speed, autofocus speed quality, quality autofocus speed, autofocus speed original, original autofocus speed, autofocus speed genuine, genuine autofocus speed, autofocus speed fake, fake autofocus speed, autofocus speed replica, replica autofocus speed, autofocus speed authentic, authentic autofocus speed, autofocus speed brand, brand autofocus speed, autofocus speed manufacturer, manufacturer autofocus speed, autofocus speed company, company autofocus speed, autofocus speed product, product autofocus speed, autofocus speed sony product, sony product autofocus speed, autofocus speed sell sony, sell sony autofocus speed, autofocus speed buy sony, buy sony autofocus speed, autofocus speed cheap sony, cheap sony autofocus speed, autofocus speed best sony, best sony autofocus speed, autofocus speed sony review, sony review autofocus speed, autofocus speed where to buy sony, where to buy sony autofocus speed, autofocus speed how to choose sony, how to choose sony autofocus speed, autofocus speed top sony, top sony autofocus speed, autofocus speed sony guide, sony guide autofocus speed, autofocus speed sony for sale, sony for sale autofocus speed, autofocus speed sony deals, sony deals autofocus speed, graphics performance sony, sony graphics performance, graphics performance cheap, cheap graphics performance, graphics performance best, best graphics performance, graphics performance latest, latest graphics performance, graphics performance review, review graphics performance, graphics performance price, price graphics performance, graphics performance sell, sell graphics performance, graphics performance buy, buy graphics performance, graphics performance recommendation, recommendation graphics performance, graphics performance tips, tips graphics performance, graphics performance tutorial, tutorial graphics performance, graphics performance guide, guide graphics performance, graphics performance how to, how to graphics performance, graphics performance vs, vs graphics performance, graphics performance versus, versus graphics performance, graphics performance compared to, compared to graphics performance, graphics performance comparison, comparison graphics performance, graphics performance alternatives, alternatives graphics performance, graphics performance which is better, which is better graphics performance, graphics performance expensive, expensive graphics performance, graphics performance discount, discount graphics performance, graphics performance deals, deals graphics performance, graphics performance sale, sale graphics performance, graphics performance affordable, affordable graphics performance, graphics performance cost, cost graphics performance, graphics performance online, online graphics performance, graphics performance offline, offline graphics performance, graphics performance marketplace, marketplace graphics performance, graphics performance store, store graphics performance, graphics performance shop, shop graphics performance, graphics performance retailer, retailer graphics performance, graphics performance where to buy, where to buy graphics performance, graphics performance worst, worst graphics performance, graphics performance quality, quality graphics performance, graphics performance original, original graphics performance, graphics performance genuine, genuine graphics performance, graphics performance fake, fake graphics performance, graphics performance replica, replica graphics performance, graphics performance authentic, authentic graphics performance, graphics performance brand, brand graphics performance, graphics performance manufacturer, manufacturer graphics performance, graphics performance company, company graphics performance, graphics performance product, product graphics performance, graphics performance sony product, sony product graphics performance, graphics performance sell sony, sell sony graphics performance, graphics performance buy sony, buy sony graphics performance, graphics performance cheap sony, cheap sony graphics performance, graphics performance best sony, best sony graphics performance, graphics performance sony review, sony review graphics performance, graphics performance where to buy sony, where to buy sony graphics performance, graphics performance how to choose sony, how to choose sony graphics performance, graphics performance top sony, top sony graphics performance, graphics performance sony guide, sony guide graphics performance, graphics performance sony for sale, sony for sale graphics performance, graphics performance sony deals, sony deals graphics performance
2025-09-28 09:44:33,717 - INFO - Expanded 220 seed keywords to 385 variations
2025-09-28 09:44:33,717 - INFO - Language: en
2025-09-28 09:44:33,717 - INFO - Region: us
2025-09-28 09:45:50,438 - INFO - 🎯 After all filtering for 'sony': 120 relevant keywords
2025-09-28 09:45:50,563 - INFO - 🎯 Found 5 new keywords for niche 'sony': sony affordable autofocus speed, sony affordable graphics performance, cheap alternatives autofocus speed, cheap alternatives graphics performance, best authentic autofocus speed
2025-09-28 09:45:59,713 - INFO - ✅ Niche 'sony' process complete! 70 total keyword results.
2025-09-28 09:45:59,713 - INFO - ✅ Completed processing niche: 'sony'
2025-09-28 09:45:59,713 - INFO - 🔧 Request Handler final stats - Success rate: 100.0%
2025-09-28 09:45:59,713 - INFO -    Total requests: 14167, Blocks: 0
2025-09-28 09:45:59,714 - INFO - 
========================================
2025-09-28 09:45:59,714 - INFO - Process Summary:
2025-09-28 09:45:59,714 - INFO - - Current niche: 'sony'
2025-09-28 09:45:59,714 - INFO - - Next niche will be: 'asus'
2025-09-28 09:45:59,714 - INFO - - Keywords saved in: languages/english/keywords/sony/
2025-09-28 09:45:59,715 - INFO - ========================================
