2025-09-27 14:31:07,666 - INFO - Log file created at: /home/runner/work/potensitech.com/potensitech.com/languages/english/keywords/logs/kw_search_20250927_143107.log
2025-09-27 14:31:07,667 - INFO - ============================================================
2025-09-27 14:31:07,667 - INFO - AUTOMATIC KEYWORD RESEARCH TOOL
2025-09-27 14:31:07,667 - INFO - ============================================================
2025-09-27 14:31:07,798 - INFO - ========================================
2025-09-27 14:31:07,799 - INFO - Found 14 niches to process: xiaomi, iphone, samsung, apple, sony, asus, philips, sandisk, intel, nvidia, amd, canon, nikon, huawei
2025-09-27 14:31:07,799 - INFO - ========================================
2025-09-27 14:31:07,799 - INFO - Continuing from last processed niche: nvidia
2025-09-27 14:31:07,799 - INFO - ========================================
2025-09-27 14:31:07,799 - INFO - 🎯 PROCESSING NICHE 11/14: 'amd'
2025-09-27 14:31:07,799 - INFO - ========================================
2025-09-27 14:31:07,799 - INFO - 📁 Niche directory: /home/runner/work/potensitech.com/potensitech.com/languages/english/keywords/amd
2025-09-27 14:31:07,799 - INFO - Selected region: us
2025-09-27 14:31:07,799 - INFO - Selected language: en
2025-09-27 14:31:07,799 - INFO - 🎯 Current niche: amd
2025-09-27 14:31:10,646 - INFO - 🎯 Niche terms for filtering: amd, cheap, best, latest, review, price, sell, buy, recommendation, tips, tutorial, guide, how to, vs, versus, compared to, comparison, alternatives, which is better, expensive, discount, deals, sale, affordable, cost, online, offline, marketplace, store, shop, retailer, where to buy, worst, quality, original, genuine, fake, replica, authentic, brand, manufacturer, company, product, amd product, sell amd, buy amd, cheap amd, best amd, amd review, where to buy amd, how to choose amd, top amd, amd guide, amd for sale, amd deals
2025-09-27 14:31:10,646 - INFO - Generated 50 niche-clue pairs for 'amd'.
2025-09-27 14:31:10,649 - INFO - Expanded 50 seed keywords to 218 variations
2025-09-27 14:31:10,650 - INFO - 🔧 Request Handler initialized - Success rate: 100.0%
2025-09-27 14:35:34,507 - INFO - Original clue keywords: camera quality, image stabilization
2025-09-27 14:35:34,507 - INFO - Niche-focused seeds: camera quality, image stabilization amd, amd image stabilization, image stabilization cheap, cheap image stabilization, image stabilization best, best image stabilization, image stabilization latest, latest image stabilization, image stabilization review, review image stabilization, image stabilization price, price image stabilization, image stabilization sell, sell image stabilization, image stabilization buy, buy image stabilization, image stabilization recommendation, recommendation image stabilization, image stabilization tips, tips image stabilization, image stabilization tutorial, tutorial image stabilization, image stabilization guide, guide image stabilization, image stabilization how to, how to image stabilization, image stabilization vs, vs image stabilization, image stabilization versus, versus image stabilization, image stabilization compared to, compared to image stabilization, image stabilization comparison, comparison image stabilization, image stabilization alternatives, alternatives image stabilization, image stabilization which is better, which is better image stabilization, image stabilization expensive, expensive image stabilization, image stabilization discount, discount image stabilization, image stabilization deals, deals image stabilization, image stabilization sale, sale image stabilization, image stabilization affordable, affordable image stabilization, image stabilization cost, cost image stabilization, image stabilization online, online image stabilization, image stabilization offline, offline image stabilization, image stabilization marketplace, marketplace image stabilization, image stabilization store, store image stabilization, image stabilization shop, shop image stabilization, image stabilization retailer, retailer image stabilization, image stabilization where to buy, where to buy image stabilization, image stabilization worst, worst image stabilization, image stabilization quality, quality image stabilization, image stabilization original, original image stabilization, image stabilization genuine, genuine image stabilization, image stabilization fake, fake image stabilization, image stabilization replica, replica image stabilization, image stabilization authentic, authentic image stabilization, image stabilization brand, brand image stabilization, image stabilization manufacturer, manufacturer image stabilization, image stabilization company, company image stabilization, image stabilization product, product image stabilization, image stabilization amd product, amd product image stabilization, image stabilization sell amd, sell amd image stabilization, image stabilization buy amd, buy amd image stabilization, image stabilization cheap amd, cheap amd image stabilization, image stabilization best amd, best amd image stabilization, image stabilization amd review, amd review image stabilization, image stabilization where to buy amd, where to buy amd image stabilization, image stabilization how to choose amd, how to choose amd image stabilization, image stabilization top amd, top amd image stabilization, image stabilization amd guide, amd guide image stabilization, image stabilization amd for sale, amd for sale image stabilization, image stabilization amd deals, amd deals image stabilization
2025-09-27 14:35:34,510 - INFO - Expanded 111 seed keywords to 276 variations
2025-09-27 14:35:34,510 - INFO - Language: en
2025-09-27 14:35:34,510 - INFO - Region: us
2025-09-27 14:40:05,724 - INFO - 🎯 After all filtering for 'amd': 120 relevant keywords
2025-09-27 14:40:05,743 - INFO - 🎯 Found 5 new keywords for niche 'amd': amd camera quality, cheap camera quality, best camera quality, how to camera quality, amd affordable image stabilization
2025-09-27 14:40:15,660 - INFO - ✅ Niche 'amd' process complete! 75 total keyword results.
2025-09-27 14:40:15,660 - INFO - ✅ Completed processing niche: 'amd'
2025-09-27 14:40:15,660 - INFO - 🔧 Request Handler final stats - Success rate: 100.0%
2025-09-27 14:40:15,660 - INFO -    Total requests: 13709, Blocks: 0
2025-09-27 14:40:15,661 - INFO - 
========================================
2025-09-27 14:40:15,662 - INFO - Process Summary:
2025-09-27 14:40:15,662 - INFO - - Current niche: 'amd'
2025-09-27 14:40:15,662 - INFO - - Next niche will be: 'canon'
2025-09-27 14:40:15,662 - INFO - - Keywords saved in: languages/english/keywords/amd/
2025-09-27 14:40:15,662 - INFO - ========================================
