2025-10-08 04:53:28,624 - INFO - Log file created at: /home/runner/work/potensitech.com/potensitech.com/languages/english/keywords/logs/kw_search_20251008_045328.log
2025-10-08 04:53:28,624 - INFO - ============================================================
2025-10-08 04:53:28,624 - INFO - AUTOMATIC KEYWORD RESEARCH TOOL
2025-10-08 04:53:28,624 - INFO - ============================================================
2025-10-08 04:53:28,879 - INFO - ========================================
2025-10-08 04:53:28,879 - INFO - Found 14 niches to process: xiaomi, iphone, samsung, apple, sony, asus, philips, sandisk, intel, nvidia, amd, canon, nikon, huawei
2025-10-08 04:53:28,879 - INFO - ========================================
2025-10-08 04:53:28,879 - INFO - Continuing from last processed niche: apple
2025-10-08 04:53:28,880 - INFO - ========================================
2025-10-08 04:53:28,880 - INFO - 🎯 PROCESSING NICHE 5/14: 'sony'
2025-10-08 04:53:28,880 - INFO - ========================================
2025-10-08 04:53:28,880 - INFO - 📁 Niche directory: /home/runner/work/potensitech.com/potensitech.com/languages/english/keywords/sony
2025-10-08 04:53:28,880 - INFO - Selected region: us
2025-10-08 04:53:28,880 - INFO - Selected language: en
2025-10-08 04:53:28,880 - INFO - 🎯 Current niche: sony
2025-10-08 04:53:31,844 - INFO - 🎯 Niche terms for filtering: sony, cheap, best, latest, review, price, sell, buy, recommendation, tips, tutorial, guide, how to, vs, versus, compared to, comparison, alternatives, which is better, expensive, discount, deals, sale, affordable, cost, online, offline, marketplace, store, shop, retailer, where to buy, worst, quality, original, genuine, fake, replica, authentic, brand, manufacturer, company, product, sony product, sell sony, buy sony, cheap sony, best sony, sony review, where to buy sony, how to choose sony, top sony, sony guide, sony for sale, sony deals
2025-10-08 04:53:31,844 - INFO - Generated 50 niche-clue pairs for 'sony'.
2025-10-08 04:53:31,847 - INFO - Expanded 50 seed keywords to 218 variations
2025-10-08 04:53:31,848 - INFO - 🔧 Request Handler initialized - Success rate: 100.0%
2025-10-08 04:57:54,695 - INFO - Original clue keywords: dslr quality, smart-lighting
2025-10-08 04:57:54,695 - INFO - Niche-focused seeds: dslr quality, smart-lighting sony, sony smart-lighting, smart-lighting cheap, cheap smart-lighting, smart-lighting best, best smart-lighting, smart-lighting latest, latest smart-lighting, smart-lighting review, review smart-lighting, smart-lighting price, price smart-lighting, smart-lighting sell, sell smart-lighting, smart-lighting buy, buy smart-lighting, smart-lighting recommendation, recommendation smart-lighting, smart-lighting tips, tips smart-lighting, smart-lighting tutorial, tutorial smart-lighting, smart-lighting guide, guide smart-lighting, smart-lighting how to, how to smart-lighting, smart-lighting vs, vs smart-lighting, smart-lighting versus, versus smart-lighting, smart-lighting compared to, compared to smart-lighting, smart-lighting comparison, comparison smart-lighting, smart-lighting alternatives, alternatives smart-lighting, smart-lighting which is better, which is better smart-lighting, smart-lighting expensive, expensive smart-lighting, smart-lighting discount, discount smart-lighting, smart-lighting deals, deals smart-lighting, smart-lighting sale, sale smart-lighting, smart-lighting affordable, affordable smart-lighting, smart-lighting cost, cost smart-lighting, smart-lighting online, online smart-lighting, smart-lighting offline, offline smart-lighting, smart-lighting marketplace, marketplace smart-lighting, smart-lighting store, store smart-lighting, smart-lighting shop, shop smart-lighting, smart-lighting retailer, retailer smart-lighting, smart-lighting where to buy, where to buy smart-lighting, smart-lighting worst, worst smart-lighting, smart-lighting quality, quality smart-lighting, smart-lighting original, original smart-lighting, smart-lighting genuine, genuine smart-lighting, smart-lighting fake, fake smart-lighting, smart-lighting replica, replica smart-lighting, smart-lighting authentic, authentic smart-lighting, smart-lighting brand, brand smart-lighting, smart-lighting manufacturer, manufacturer smart-lighting, smart-lighting company, company smart-lighting, smart-lighting product, product smart-lighting, smart-lighting sony product, sony product smart-lighting, smart-lighting sell sony, sell sony smart-lighting, smart-lighting buy sony, buy sony smart-lighting, smart-lighting cheap sony, cheap sony smart-lighting, smart-lighting best sony, best sony smart-lighting, smart-lighting sony review, sony review smart-lighting, smart-lighting where to buy sony, where to buy sony smart-lighting, smart-lighting how to choose sony, how to choose sony smart-lighting, smart-lighting top sony, top sony smart-lighting, smart-lighting sony guide, sony guide smart-lighting, smart-lighting sony for sale, sony for sale smart-lighting, smart-lighting sony deals, sony deals smart-lighting
2025-10-08 04:57:54,698 - INFO - Expanded 111 seed keywords to 276 variations
2025-10-08 04:57:54,698 - INFO - Language: en
2025-10-08 04:57:54,698 - INFO - Region: us
2025-10-08 05:02:08,450 - INFO - 🎯 After all filtering for 'sony': 120 relevant keywords
2025-10-08 05:02:08,488 - INFO - 🎯 Found 5 new keywords for niche 'sony': sony affordable smart-lighting, cheap affordable smart-lighting, best affordable smart-lighting, how to affordable smart-lighting, sony alternatives smart-lighting
2025-10-08 05:02:15,813 - INFO - ✅ Niche 'sony' process complete! 115 total keyword results.
2025-10-08 05:02:15,813 - INFO - ✅ Completed processing niche: 'sony'
2025-10-08 05:02:15,814 - INFO - 🔧 Request Handler final stats - Success rate: 100.0%
2025-10-08 05:02:15,814 - INFO -    Total requests: 21428, Blocks: 0
2025-10-08 05:02:15,815 - INFO - 
========================================
2025-10-08 05:02:15,815 - INFO - Process Summary:
2025-10-08 05:02:15,815 - INFO - - Current niche: 'sony'
2025-10-08 05:02:15,815 - INFO - - Next niche will be: 'asus'
2025-10-08 05:02:15,815 - INFO - - Keywords saved in: languages/english/keywords/sony/
2025-10-08 05:02:15,815 - INFO - ========================================
