2025-09-17 03:06:59,007 - INFO - Log file created at: /home/runner/work/potensitech.com/potensitech.com/languages/english/keywords/logs/kw_search_20250917_030659.log
2025-09-17 03:06:59,007 - INFO - ============================================================
2025-09-17 03:06:59,007 - INFO - AUTOMATIC KEYWORD RESEARCH TOOL
2025-09-17 03:06:59,008 - INFO - ============================================================
2025-09-17 03:06:59,112 - INFO - ========================================
2025-09-17 03:06:59,112 - INFO - Found 14 niches to process: xiaomi, iphone, samsung, apple, sony, asus, philips, sandisk, intel, nvidia, amd, canon, nikon, huawei
2025-09-17 03:06:59,112 - INFO - ========================================
2025-09-17 03:06:59,112 - INFO - Continuing from last processed niche: samsung
2025-09-17 03:06:59,112 - INFO - ========================================
2025-09-17 03:06:59,112 - INFO - 🎯 PROCESSING NICHE 4/14: 'apple'
2025-09-17 03:06:59,112 - INFO - ========================================
2025-09-17 03:06:59,112 - INFO - 📁 Niche directory: /home/runner/work/potensitech.com/potensitech.com/languages/english/keywords/apple
2025-09-17 03:06:59,113 - INFO - Selected region: us
2025-09-17 03:06:59,113 - INFO - Selected language: en
2025-09-17 03:06:59,113 - INFO - 🎯 Current niche: apple
2025-09-17 03:07:09,529 - INFO - 🎯 Niche terms for filtering: apple, cheap, best, latest, review, price, sell, buy, recommendation, tips, tutorial, guide, how to, vs, versus, compared to, comparison, alternatives, which is better, expensive, discount, deals, sale, affordable, cost, online, offline, marketplace, store, shop, retailer, where to buy, worst, quality, original, genuine, fake, replica, authentic, brand, manufacturer, company, product, apple product, sell apple, buy apple, cheap apple, best apple, apple review, where to buy apple, how to choose apple, top apple, apple guide, apple for sale, apple deals
2025-09-17 03:07:09,530 - INFO - Generated 50 niche-clue pairs for 'apple'.
2025-09-17 03:07:09,532 - INFO - Expanded 50 seed keywords to 218 variations
2025-09-17 03:07:09,533 - INFO - 🔧 Request Handler initialized - Success rate: 100.0%
2025-09-17 03:11:33,425 - INFO - Original clue keywords: digital photography, lens compatibility
2025-09-17 03:11:33,425 - INFO - Niche-focused seeds: digital photography apple, apple digital photography, digital photography cheap, cheap digital photography, digital photography best, best digital photography, digital photography latest, latest digital photography, digital photography review, review digital photography, digital photography price, price digital photography, digital photography sell, sell digital photography, digital photography buy, buy digital photography, digital photography recommendation, recommendation digital photography, digital photography tips, tips digital photography, digital photography tutorial, tutorial digital photography, digital photography guide, guide digital photography, digital photography how to, how to digital photography, digital photography vs, vs digital photography, digital photography versus, versus digital photography, digital photography compared to, compared to digital photography, digital photography comparison, comparison digital photography, digital photography alternatives, alternatives digital photography, digital photography which is better, which is better digital photography, digital photography expensive, expensive digital photography, digital photography discount, discount digital photography, digital photography deals, deals digital photography, digital photography sale, sale digital photography, digital photography affordable, affordable digital photography, digital photography cost, cost digital photography, digital photography online, online digital photography, digital photography offline, offline digital photography, digital photography marketplace, marketplace digital photography, digital photography store, store digital photography, digital photography shop, shop digital photography, digital photography retailer, retailer digital photography, digital photography where to buy, where to buy digital photography, digital photography worst, worst digital photography, digital photography quality, quality digital photography, digital photography original, original digital photography, digital photography genuine, genuine digital photography, digital photography fake, fake digital photography, digital photography replica, replica digital photography, digital photography authentic, authentic digital photography, digital photography brand, brand digital photography, digital photography manufacturer, manufacturer digital photography, digital photography company, company digital photography, digital photography product, product digital photography, digital photography apple product, apple product digital photography, digital photography sell apple, sell apple digital photography, digital photography buy apple, buy apple digital photography, digital photography cheap apple, cheap apple digital photography, digital photography best apple, best apple digital photography, digital photography apple review, apple review digital photography, digital photography where to buy apple, where to buy apple digital photography, digital photography how to choose apple, how to choose apple digital photography, digital photography top apple, top apple digital photography, digital photography apple guide, apple guide digital photography, digital photography apple for sale, apple for sale digital photography, digital photography apple deals, apple deals digital photography, lens compatibility apple, apple lens compatibility, lens compatibility cheap, cheap lens compatibility, lens compatibility best, best lens compatibility, lens compatibility latest, latest lens compatibility, lens compatibility review, review lens compatibility, lens compatibility price, price lens compatibility, lens compatibility sell, sell lens compatibility, lens compatibility buy, buy lens compatibility, lens compatibility recommendation, recommendation lens compatibility, lens compatibility tips, tips lens compatibility, lens compatibility tutorial, tutorial lens compatibility, lens compatibility guide, guide lens compatibility, lens compatibility how to, how to lens compatibility, lens compatibility vs, vs lens compatibility, lens compatibility versus, versus lens compatibility, lens compatibility compared to, compared to lens compatibility, lens compatibility comparison, comparison lens compatibility, lens compatibility alternatives, alternatives lens compatibility, lens compatibility which is better, which is better lens compatibility, lens compatibility expensive, expensive lens compatibility, lens compatibility discount, discount lens compatibility, lens compatibility deals, deals lens compatibility, lens compatibility sale, sale lens compatibility, lens compatibility affordable, affordable lens compatibility, lens compatibility cost, cost lens compatibility, lens compatibility online, online lens compatibility, lens compatibility offline, offline lens compatibility, lens compatibility marketplace, marketplace lens compatibility, lens compatibility store, store lens compatibility, lens compatibility shop, shop lens compatibility, lens compatibility retailer, retailer lens compatibility, lens compatibility where to buy, where to buy lens compatibility, lens compatibility worst, worst lens compatibility, lens compatibility quality, quality lens compatibility, lens compatibility original, original lens compatibility, lens compatibility genuine, genuine lens compatibility, lens compatibility fake, fake lens compatibility, lens compatibility replica, replica lens compatibility, lens compatibility authentic, authentic lens compatibility, lens compatibility brand, brand lens compatibility, lens compatibility manufacturer, manufacturer lens compatibility, lens compatibility company, company lens compatibility, lens compatibility product, product lens compatibility, lens compatibility apple product, apple product lens compatibility, lens compatibility sell apple, sell apple lens compatibility, lens compatibility buy apple, buy apple lens compatibility, lens compatibility cheap apple, cheap apple lens compatibility, lens compatibility best apple, best apple lens compatibility, lens compatibility apple review, apple review lens compatibility, lens compatibility where to buy apple, where to buy apple lens compatibility, lens compatibility how to choose apple, how to choose apple lens compatibility, lens compatibility top apple, top apple lens compatibility, lens compatibility apple guide, apple guide lens compatibility, lens compatibility apple for sale, apple for sale lens compatibility, lens compatibility apple deals, apple deals lens compatibility
2025-09-17 03:11:33,429 - INFO - Expanded 220 seed keywords to 385 variations
2025-09-17 03:11:33,429 - INFO - Language: en
2025-09-17 03:11:33,429 - INFO - Region: us
2025-09-17 03:16:04,704 - INFO - 🎯 After all filtering for 'apple': 120 relevant keywords
2025-09-17 03:16:04,726 - INFO - 🎯 Found 5 new keywords for niche 'apple': apple affordable digital photography, apple affordable lens compatibility, cheap alternatives digital photography, cheap alternatives lens compatibility, best authentic digital photography
2025-09-17 03:16:26,235 - INFO - ✅ Niche 'apple' process complete! 15 total keyword results.
2025-09-17 03:16:26,236 - INFO - ✅ Completed processing niche: 'apple'
2025-09-17 03:16:26,236 - INFO - 🔧 Request Handler final stats - Success rate: 100.0%
2025-09-17 03:16:26,236 - INFO -    Total requests: 5043, Blocks: 0
2025-09-17 03:16:26,237 - INFO - 
========================================
2025-09-17 03:16:26,237 - INFO - Process Summary:
2025-09-17 03:16:26,237 - INFO - - Current niche: 'apple'
2025-09-17 03:16:26,238 - INFO - - Next niche will be: 'sony'
2025-09-17 03:16:26,238 - INFO - - Keywords saved in: languages/english/keywords/apple/
2025-09-17 03:16:26,238 - INFO - ========================================
