2025-11-03 02:09:01,367 - INFO - Log file created at: /home/runner/work/potensitech.com/potensitech.com/languages/english/keywords/logs/kw_search_20251103_020901.log
2025-11-03 02:09:01,367 - INFO - ============================================================
2025-11-03 02:09:01,367 - INFO - AUTOMATIC KEYWORD RESEARCH TOOL
2025-11-03 02:09:01,367 - INFO - ============================================================
2025-11-03 02:09:01,551 - INFO - ========================================
2025-11-03 02:09:01,551 - INFO - Found 14 niches to process: xiaomi, iphone, samsung, apple, sony, asus, philips, sandisk, intel, nvidia, amd, canon, nikon, huawei
2025-11-03 02:09:01,551 - INFO - ========================================
2025-11-03 02:09:01,552 - INFO - Continuing from last processed niche: philips
2025-11-03 02:09:01,552 - INFO - ========================================
2025-11-03 02:09:01,552 - INFO - 🎯 PROCESSING NICHE 8/14: 'sandisk'
2025-11-03 02:09:01,552 - INFO - ========================================
2025-11-03 02:09:01,552 - INFO - 📁 Niche directory: /home/runner/work/potensitech.com/potensitech.com/languages/english/keywords/sandisk
2025-11-03 02:09:01,552 - INFO - Selected region: us
2025-11-03 02:09:01,552 - INFO - Selected language: en
2025-11-03 02:09:01,552 - INFO - 🎯 Current niche: sandisk
2025-11-03 02:09:04,495 - INFO - 🎯 Niche terms for filtering: sandisk, cheap, best, latest, review, price, sell, buy, recommendation, tips, tutorial, guide, how to, vs, versus, compared to, comparison, alternatives, which is better, expensive, discount, deals, sale, affordable, cost, online, offline, marketplace, store, shop, retailer, where to buy, worst, quality, original, genuine, fake, replica, authentic, brand, manufacturer, company, product, sandisk product, sell sandisk, buy sandisk, cheap sandisk, best sandisk, sandisk review, where to buy sandisk, how to choose sandisk, top sandisk, sandisk guide, sandisk for sale, sandisk deals
2025-11-03 02:09:04,496 - INFO - Generated 50 niche-clue pairs for 'sandisk'.
2025-11-03 02:09:04,498 - INFO - Expanded 50 seed keywords to 218 variations
2025-11-03 02:09:04,499 - INFO - 🔧 Request Handler initialized - Success rate: 100.0%
2025-11-03 02:13:30,771 - INFO - Original clue keywords: data storage, usb drive
2025-11-03 02:13:30,771 - INFO - Niche-focused seeds: data storage sandisk, sandisk data storage, data storage cheap, cheap data storage, data storage best, best data storage, data storage latest, latest data storage, data storage review, review data storage, data storage price, price data storage, data storage sell, sell data storage, data storage buy, buy data storage, data storage recommendation, recommendation data storage, data storage tips, tips data storage, data storage tutorial, tutorial data storage, data storage guide, guide data storage, data storage how to, how to data storage, data storage vs, vs data storage, data storage versus, versus data storage, data storage compared to, compared to data storage, data storage comparison, comparison data storage, data storage alternatives, alternatives data storage, data storage which is better, which is better data storage, data storage expensive, expensive data storage, data storage discount, discount data storage, data storage deals, deals data storage, data storage sale, sale data storage, data storage affordable, affordable data storage, data storage cost, cost data storage, data storage online, online data storage, data storage offline, offline data storage, data storage marketplace, marketplace data storage, data storage store, store data storage, data storage shop, shop data storage, data storage retailer, retailer data storage, data storage where to buy, where to buy data storage, data storage worst, worst data storage, data storage quality, quality data storage, data storage original, original data storage, data storage genuine, genuine data storage, data storage fake, fake data storage, data storage replica, replica data storage, data storage authentic, authentic data storage, data storage brand, brand data storage, data storage manufacturer, manufacturer data storage, data storage company, company data storage, data storage product, product data storage, data storage sandisk product, sandisk product data storage, data storage sell sandisk, sell sandisk data storage, data storage buy sandisk, buy sandisk data storage, data storage cheap sandisk, cheap sandisk data storage, data storage best sandisk, best sandisk data storage, data storage sandisk review, sandisk review data storage, data storage where to buy sandisk, where to buy sandisk data storage, data storage how to choose sandisk, how to choose sandisk data storage, data storage top sandisk, top sandisk data storage, data storage sandisk guide, sandisk guide data storage, data storage sandisk for sale, sandisk for sale data storage, data storage sandisk deals, sandisk deals data storage, usb drive sandisk, sandisk usb drive, usb drive cheap, cheap usb drive, usb drive best, best usb drive, usb drive latest, latest usb drive, usb drive review, review usb drive, usb drive price, price usb drive, usb drive sell, sell usb drive, usb drive buy, buy usb drive, usb drive recommendation, recommendation usb drive, usb drive tips, tips usb drive, usb drive tutorial, tutorial usb drive, usb drive guide, guide usb drive, usb drive how to, how to usb drive, usb drive vs, vs usb drive, usb drive versus, versus usb drive, usb drive compared to, compared to usb drive, usb drive comparison, comparison usb drive, usb drive alternatives, alternatives usb drive, usb drive which is better, which is better usb drive, usb drive expensive, expensive usb drive, usb drive discount, discount usb drive, usb drive deals, deals usb drive, usb drive sale, sale usb drive, usb drive affordable, affordable usb drive, usb drive cost, cost usb drive, usb drive online, online usb drive, usb drive offline, offline usb drive, usb drive marketplace, marketplace usb drive, usb drive store, store usb drive, usb drive shop, shop usb drive, usb drive retailer, retailer usb drive, usb drive where to buy, where to buy usb drive, usb drive worst, worst usb drive, usb drive quality, quality usb drive, usb drive original, original usb drive, usb drive genuine, genuine usb drive, usb drive fake, fake usb drive, usb drive replica, replica usb drive, usb drive authentic, authentic usb drive, usb drive brand, brand usb drive, usb drive manufacturer, manufacturer usb drive, usb drive company, company usb drive, usb drive product, product usb drive, usb drive sandisk product, sandisk product usb drive, usb drive sell sandisk, sell sandisk usb drive, usb drive buy sandisk, buy sandisk usb drive, usb drive cheap sandisk, cheap sandisk usb drive, usb drive best sandisk, best sandisk usb drive, usb drive sandisk review, sandisk review usb drive, usb drive where to buy sandisk, where to buy sandisk usb drive, usb drive how to choose sandisk, how to choose sandisk usb drive, usb drive top sandisk, top sandisk usb drive, usb drive sandisk guide, sandisk guide usb drive, usb drive sandisk for sale, sandisk for sale usb drive, usb drive sandisk deals, sandisk deals usb drive
2025-11-03 02:13:30,775 - INFO - Expanded 220 seed keywords to 385 variations
2025-11-03 02:13:30,775 - INFO - Language: en
2025-11-03 02:13:30,775 - INFO - Region: us
2025-11-03 02:14:01,915 - INFO - 🎯 After all filtering for 'sandisk': 120 relevant keywords
2025-11-03 02:14:02,215 - INFO - 🎯 Found 2 new keywords for niche 'sandisk': sandisk affordable data storage, sandisk affordable usb drive
2025-11-03 02:14:10,433 - INFO - ✅ Niche 'sandisk' process complete! 170 total keyword results.
2025-11-03 02:14:10,433 - INFO - ✅ Completed processing niche: 'sandisk'
2025-11-03 02:14:10,433 - INFO - 🔧 Request Handler final stats - Success rate: 100.0%
2025-11-03 02:14:10,433 - INFO -    Total requests: 35276, Blocks: 0
2025-11-03 02:14:10,434 - INFO - 
========================================
2025-11-03 02:14:10,435 - INFO - Process Summary:
2025-11-03 02:14:10,435 - INFO - - Current niche: 'sandisk'
2025-11-03 02:14:10,435 - INFO - - Next niche will be: 'intel'
2025-11-03 02:14:10,435 - INFO - - Keywords saved in: languages/english/keywords/sandisk/
2025-11-03 02:14:10,435 - INFO - ========================================
