2025-09-25 07:29:37,778 - INFO - Log file created at: /home/runner/work/potensitech.com/potensitech.com/languages/english/keywords/logs/kw_search_20250925_072937.log
2025-09-25 07:29:37,778 - INFO - ============================================================
2025-09-25 07:29:37,778 - INFO - AUTOMATIC KEYWORD RESEARCH TOOL
2025-09-25 07:29:37,778 - INFO - ============================================================
2025-09-25 07:29:37,900 - INFO - ========================================
2025-09-25 07:29:37,900 - INFO - Found 14 niches to process: xiaomi, iphone, samsung, apple, sony, asus, philips, sandisk, intel, nvidia, amd, canon, nikon, huawei
2025-09-25 07:29:37,900 - INFO - ========================================
2025-09-25 07:29:37,900 - INFO - Continuing from last processed niche: xiaomi
2025-09-25 07:29:37,900 - INFO - ========================================
2025-09-25 07:29:37,900 - INFO - 🎯 PROCESSING NICHE 2/14: 'iphone'
2025-09-25 07:29:37,900 - INFO - ========================================
2025-09-25 07:29:37,900 - INFO - 📁 Niche directory: /home/runner/work/potensitech.com/potensitech.com/languages/english/keywords/iphone
2025-09-25 07:29:37,900 - INFO - Selected region: us
2025-09-25 07:29:37,900 - INFO - Selected language: en
2025-09-25 07:29:37,900 - INFO - 🎯 Current niche: iphone
2025-09-25 07:29:41,502 - INFO - 🎯 Niche terms for filtering: iphone, cheap, best, latest, review, price, sell, buy, recommendation, tips, tutorial, guide, how to, vs, versus, compared to, comparison, alternatives, which is better, expensive, discount, deals, sale, affordable, cost, online, offline, marketplace, store, shop, retailer, where to buy, worst, quality, original, genuine, fake, replica, authentic, brand, manufacturer, company, product, iphone product, sell iphone, buy iphone, cheap iphone, best iphone, iphone review, where to buy iphone, how to choose iphone, top iphone, iphone guide, iphone for sale, iphone deals
2025-09-25 07:29:41,502 - INFO - Generated 50 niche-clue pairs for 'iphone'.
2025-09-25 07:29:41,505 - INFO - Expanded 50 seed keywords to 218 variations
2025-09-25 07:29:41,505 - INFO - 🔧 Request Handler initialized - Success rate: 100.0%
2025-09-25 07:34:05,999 - INFO - Original clue keywords: camera quality, autofocus speed
2025-09-25 07:34:05,999 - INFO - Niche-focused seeds: camera quality, autofocus speed iphone, iphone autofocus speed, autofocus speed cheap, cheap autofocus speed, autofocus speed best, best autofocus speed, autofocus speed latest, latest autofocus speed, autofocus speed review, review autofocus speed, autofocus speed price, price autofocus speed, autofocus speed sell, sell autofocus speed, autofocus speed buy, buy autofocus speed, autofocus speed recommendation, recommendation autofocus speed, autofocus speed tips, tips autofocus speed, autofocus speed tutorial, tutorial autofocus speed, autofocus speed guide, guide autofocus speed, autofocus speed how to, how to autofocus speed, autofocus speed vs, vs autofocus speed, autofocus speed versus, versus autofocus speed, autofocus speed compared to, compared to autofocus speed, autofocus speed comparison, comparison autofocus speed, autofocus speed alternatives, alternatives autofocus speed, autofocus speed which is better, which is better autofocus speed, autofocus speed expensive, expensive autofocus speed, autofocus speed discount, discount autofocus speed, autofocus speed deals, deals autofocus speed, autofocus speed sale, sale autofocus speed, autofocus speed affordable, affordable autofocus speed, autofocus speed cost, cost autofocus speed, autofocus speed online, online autofocus speed, autofocus speed offline, offline autofocus speed, autofocus speed marketplace, marketplace autofocus speed, autofocus speed store, store autofocus speed, autofocus speed shop, shop autofocus speed, autofocus speed retailer, retailer autofocus speed, autofocus speed where to buy, where to buy autofocus speed, autofocus speed worst, worst autofocus speed, autofocus speed quality, quality autofocus speed, autofocus speed original, original autofocus speed, autofocus speed genuine, genuine autofocus speed, autofocus speed fake, fake autofocus speed, autofocus speed replica, replica autofocus speed, autofocus speed authentic, authentic autofocus speed, autofocus speed brand, brand autofocus speed, autofocus speed manufacturer, manufacturer autofocus speed, autofocus speed company, company autofocus speed, autofocus speed product, product autofocus speed, autofocus speed iphone product, iphone product autofocus speed, autofocus speed sell iphone, sell iphone autofocus speed, autofocus speed buy iphone, buy iphone autofocus speed, autofocus speed cheap iphone, cheap iphone autofocus speed, autofocus speed best iphone, best iphone autofocus speed, autofocus speed iphone review, iphone review autofocus speed, autofocus speed where to buy iphone, where to buy iphone autofocus speed, autofocus speed how to choose iphone, how to choose iphone autofocus speed, autofocus speed top iphone, top iphone autofocus speed, autofocus speed iphone guide, iphone guide autofocus speed, autofocus speed iphone for sale, iphone for sale autofocus speed, autofocus speed iphone deals, iphone deals autofocus speed
2025-09-25 07:34:06,002 - INFO - Expanded 111 seed keywords to 276 variations
2025-09-25 07:34:06,002 - INFO - Language: en
2025-09-25 07:34:06,003 - INFO - Region: us
2025-09-25 07:35:11,336 - INFO - 🎯 After all filtering for 'iphone': 120 relevant keywords
2025-09-25 07:35:11,386 - INFO - 🎯 Found 5 new keywords for niche 'iphone': iphone camera quality, cheap camera quality, best camera quality, iphone affordable autofocus speed, cheap alternatives autofocus speed
2025-09-25 07:35:21,457 - INFO - ✅ Niche 'iphone' process complete! 78 total keyword results.
2025-09-25 07:35:21,457 - INFO - ✅ Completed processing niche: 'iphone'
2025-09-25 07:35:21,457 - INFO - 🔧 Request Handler final stats - Success rate: 100.0%
2025-09-25 07:35:21,457 - INFO -    Total requests: 12068, Blocks: 0
2025-09-25 07:35:21,458 - INFO - 
========================================
2025-09-25 07:35:21,458 - INFO - Process Summary:
2025-09-25 07:35:21,458 - INFO - - Current niche: 'iphone'
2025-09-25 07:35:21,458 - INFO - - Next niche will be: 'samsung'
2025-09-25 07:35:21,458 - INFO - - Keywords saved in: languages/english/keywords/iphone/
2025-09-25 07:35:21,459 - INFO - ========================================
