2025-09-29 19:24:05,240 - INFO - Log file created at: /home/runner/work/potensitech.com/potensitech.com/languages/english/keywords/logs/kw_search_20250929_192405.log
2025-09-29 19:24:05,240 - INFO - ============================================================
2025-09-29 19:24:05,240 - INFO - AUTOMATIC KEYWORD RESEARCH TOOL
2025-09-29 19:24:05,240 - INFO - ============================================================
2025-09-29 19:24:05,382 - INFO - ========================================
2025-09-29 19:24:05,383 - INFO - Found 14 niches to process: xiaomi, iphone, samsung, apple, sony, asus, philips, sandisk, intel, nvidia, amd, canon, nikon, huawei
2025-09-29 19:24:05,383 - INFO - ========================================
2025-09-29 19:24:05,383 - INFO - Continuing from last processed niche: apple
2025-09-29 19:24:05,383 - INFO - ========================================
2025-09-29 19:24:05,383 - INFO - 🎯 PROCESSING NICHE 5/14: 'sony'
2025-09-29 19:24:05,383 - INFO - ========================================
2025-09-29 19:24:05,383 - INFO - 📁 Niche directory: /home/runner/work/potensitech.com/potensitech.com/languages/english/keywords/sony
2025-09-29 19:24:05,383 - INFO - Selected region: us
2025-09-29 19:24:05,383 - INFO - Selected language: en
2025-09-29 19:24:05,383 - INFO - 🎯 Current niche: sony
2025-09-29 19:24:08,549 - INFO - 🎯 Niche terms for filtering: sony, cheap, best, latest, review, price, sell, buy, recommendation, tips, tutorial, guide, how to, vs, versus, compared to, comparison, alternatives, which is better, expensive, discount, deals, sale, affordable, cost, online, offline, marketplace, store, shop, retailer, where to buy, worst, quality, original, genuine, fake, replica, authentic, brand, manufacturer, company, product, sony product, sell sony, buy sony, cheap sony, best sony, sony review, where to buy sony, how to choose sony, top sony, sony guide, sony for sale, sony deals
2025-09-29 19:24:08,549 - INFO - Generated 50 niche-clue pairs for 'sony'.
2025-09-29 19:24:08,552 - INFO - Expanded 50 seed keywords to 218 variations
2025-09-29 19:24:08,552 - INFO - 🔧 Request Handler initialized - Success rate: 100.0%
2025-09-29 19:28:33,336 - INFO - Original clue keywords: graphics performance, ssd storage
2025-09-29 19:28:33,336 - INFO - Niche-focused seeds: graphics performance sony, sony graphics performance, graphics performance cheap, cheap graphics performance, graphics performance best, best graphics performance, graphics performance latest, latest graphics performance, graphics performance review, review graphics performance, graphics performance price, price graphics performance, graphics performance sell, sell graphics performance, graphics performance buy, buy graphics performance, graphics performance recommendation, recommendation graphics performance, graphics performance tips, tips graphics performance, graphics performance tutorial, tutorial graphics performance, graphics performance guide, guide graphics performance, graphics performance how to, how to graphics performance, graphics performance vs, vs graphics performance, graphics performance versus, versus graphics performance, graphics performance compared to, compared to graphics performance, graphics performance comparison, comparison graphics performance, graphics performance alternatives, alternatives graphics performance, graphics performance which is better, which is better graphics performance, graphics performance expensive, expensive graphics performance, graphics performance discount, discount graphics performance, graphics performance deals, deals graphics performance, graphics performance sale, sale graphics performance, graphics performance affordable, affordable graphics performance, graphics performance cost, cost graphics performance, graphics performance online, online graphics performance, graphics performance offline, offline graphics performance, graphics performance marketplace, marketplace graphics performance, graphics performance store, store graphics performance, graphics performance shop, shop graphics performance, graphics performance retailer, retailer graphics performance, graphics performance where to buy, where to buy graphics performance, graphics performance worst, worst graphics performance, graphics performance quality, quality graphics performance, graphics performance original, original graphics performance, graphics performance genuine, genuine graphics performance, graphics performance fake, fake graphics performance, graphics performance replica, replica graphics performance, graphics performance authentic, authentic graphics performance, graphics performance brand, brand graphics performance, graphics performance manufacturer, manufacturer graphics performance, graphics performance company, company graphics performance, graphics performance product, product graphics performance, graphics performance sony product, sony product graphics performance, graphics performance sell sony, sell sony graphics performance, graphics performance buy sony, buy sony graphics performance, graphics performance cheap sony, cheap sony graphics performance, graphics performance best sony, best sony graphics performance, graphics performance sony review, sony review graphics performance, graphics performance where to buy sony, where to buy sony graphics performance, graphics performance how to choose sony, how to choose sony graphics performance, graphics performance top sony, top sony graphics performance, graphics performance sony guide, sony guide graphics performance, graphics performance sony for sale, sony for sale graphics performance, graphics performance sony deals, sony deals graphics performance, ssd storage sony, sony ssd storage, ssd storage cheap, cheap ssd storage, ssd storage best, best ssd storage, ssd storage latest, latest ssd storage, ssd storage review, review ssd storage, ssd storage price, price ssd storage, ssd storage sell, sell ssd storage, ssd storage buy, buy ssd storage, ssd storage recommendation, recommendation ssd storage, ssd storage tips, tips ssd storage, ssd storage tutorial, tutorial ssd storage, ssd storage guide, guide ssd storage, ssd storage how to, how to ssd storage, ssd storage vs, vs ssd storage, ssd storage versus, versus ssd storage, ssd storage compared to, compared to ssd storage, ssd storage comparison, comparison ssd storage, ssd storage alternatives, alternatives ssd storage, ssd storage which is better, which is better ssd storage, ssd storage expensive, expensive ssd storage, ssd storage discount, discount ssd storage, ssd storage deals, deals ssd storage, ssd storage sale, sale ssd storage, ssd storage affordable, affordable ssd storage, ssd storage cost, cost ssd storage, ssd storage online, online ssd storage, ssd storage offline, offline ssd storage, ssd storage marketplace, marketplace ssd storage, ssd storage store, store ssd storage, ssd storage shop, shop ssd storage, ssd storage retailer, retailer ssd storage, ssd storage where to buy, where to buy ssd storage, ssd storage worst, worst ssd storage, ssd storage quality, quality ssd storage, ssd storage original, original ssd storage, ssd storage genuine, genuine ssd storage, ssd storage fake, fake ssd storage, ssd storage replica, replica ssd storage, ssd storage authentic, authentic ssd storage, ssd storage brand, brand ssd storage, ssd storage manufacturer, manufacturer ssd storage, ssd storage company, company ssd storage, ssd storage product, product ssd storage, ssd storage sony product, sony product ssd storage, ssd storage sell sony, sell sony ssd storage, ssd storage buy sony, buy sony ssd storage, ssd storage cheap sony, cheap sony ssd storage, ssd storage best sony, best sony ssd storage, ssd storage sony review, sony review ssd storage, ssd storage where to buy sony, where to buy sony ssd storage, ssd storage how to choose sony, how to choose sony ssd storage, ssd storage top sony, top sony ssd storage, ssd storage sony guide, sony guide ssd storage, ssd storage sony for sale, sony for sale ssd storage, ssd storage sony deals, sony deals ssd storage
2025-09-29 19:28:33,340 - INFO - Expanded 220 seed keywords to 385 variations
2025-09-29 19:28:33,340 - INFO - Language: en
2025-09-29 19:28:33,340 - INFO - Region: us
2025-09-29 19:32:08,362 - INFO - 🎯 After all filtering for 'sony': 120 relevant keywords
2025-09-29 19:32:08,493 - INFO - 🎯 Found 5 new keywords for niche 'sony': sony affordable graphics performance, sony affordable ssd storage, cheap alternatives graphics performance, cheap alternatives ssd storage, best authentic graphics performance
2025-09-29 19:32:17,786 - INFO - ✅ Niche 'sony' process complete! 75 total keyword results.
2025-09-29 19:32:17,786 - INFO - ✅ Completed processing niche: 'sony'
2025-09-29 19:32:17,786 - INFO - 🔧 Request Handler final stats - Success rate: 100.0%
2025-09-29 19:32:17,787 - INFO -    Total requests: 15346, Blocks: 0
2025-09-29 19:32:17,788 - INFO - 
========================================
2025-09-29 19:32:17,788 - INFO - Process Summary:
2025-09-29 19:32:17,788 - INFO - - Current niche: 'sony'
2025-09-29 19:32:17,788 - INFO - - Next niche will be: 'asus'
2025-09-29 19:32:17,788 - INFO - - Keywords saved in: languages/english/keywords/sony/
2025-09-29 19:32:17,788 - INFO - ========================================
