2025-09-15 14:33:20,718 - INFO - Log file created at: /home/runner/work/potensitech.com/potensitech.com/languages/english/keywords/logs/kw_search_20250915_143320.log
2025-09-15 14:33:20,719 - INFO - ============================================================
2025-09-15 14:33:20,719 - INFO - AUTOMATIC KEYWORD RESEARCH TOOL
2025-09-15 14:33:20,719 - INFO - ============================================================
2025-09-15 14:33:20,837 - INFO - ========================================
2025-09-15 14:33:20,837 - INFO - Found 14 niches to process: xiaomi, iphone, samsung, apple, sony, asus, philips, sandisk, intel, nvidia, amd, canon, nikon, huawei
2025-09-15 14:33:20,837 - INFO - ========================================
2025-09-15 14:33:20,837 - INFO - Continuing from last processed niche: iphone
2025-09-15 14:33:20,837 - INFO - ========================================
2025-09-15 14:33:20,837 - INFO - 🎯 PROCESSING NICHE 3/14: 'samsung'
2025-09-15 14:33:20,837 - INFO - ========================================
2025-09-15 14:33:20,837 - INFO - 📁 Niche directory: /home/runner/work/potensitech.com/potensitech.com/languages/english/keywords/samsung
2025-09-15 14:33:20,837 - INFO - Selected region: us
2025-09-15 14:33:20,837 - INFO - Selected language: en
2025-09-15 14:33:20,837 - INFO - 🎯 Current niche: samsung
2025-09-15 14:33:25,943 - INFO - 🎯 Niche terms for filtering: samsung, cheap, best, latest, review, price, sell, buy, recommendation, tips, tutorial, guide, how to, vs, versus, compared to, comparison, alternatives, which is better, expensive, discount, deals, sale, affordable, cost, online, offline, marketplace, store, shop, retailer, where to buy, worst, quality, original, genuine, fake, replica, authentic, brand, manufacturer, company, product, samsung product, sell samsung, buy samsung, cheap samsung, best samsung, samsung review, where to buy samsung, how to choose samsung, top samsung, samsung guide, samsung for sale, samsung deals
2025-09-15 14:33:25,943 - INFO - Generated 50 niche-clue pairs for 'samsung'.
2025-09-15 14:33:25,946 - INFO - Expanded 50 seed keywords to 218 variations
2025-09-15 14:33:25,946 - INFO - 🔧 Request Handler initialized - Success rate: 100.0%
2025-09-15 14:37:50,907 - INFO - Original clue keywords: autofocus precision, processor speed
2025-09-15 14:37:50,907 - INFO - Niche-focused seeds: autofocus precision samsung, samsung autofocus precision, autofocus precision cheap, cheap autofocus precision, autofocus precision best, best autofocus precision, autofocus precision latest, latest autofocus precision, autofocus precision review, review autofocus precision, autofocus precision price, price autofocus precision, autofocus precision sell, sell autofocus precision, autofocus precision buy, buy autofocus precision, autofocus precision recommendation, recommendation autofocus precision, autofocus precision tips, tips autofocus precision, autofocus precision tutorial, tutorial autofocus precision, autofocus precision guide, guide autofocus precision, autofocus precision how to, how to autofocus precision, autofocus precision vs, vs autofocus precision, autofocus precision versus, versus autofocus precision, autofocus precision compared to, compared to autofocus precision, autofocus precision comparison, comparison autofocus precision, autofocus precision alternatives, alternatives autofocus precision, autofocus precision which is better, which is better autofocus precision, autofocus precision expensive, expensive autofocus precision, autofocus precision discount, discount autofocus precision, autofocus precision deals, deals autofocus precision, autofocus precision sale, sale autofocus precision, autofocus precision affordable, affordable autofocus precision, autofocus precision cost, cost autofocus precision, autofocus precision online, online autofocus precision, autofocus precision offline, offline autofocus precision, autofocus precision marketplace, marketplace autofocus precision, autofocus precision store, store autofocus precision, autofocus precision shop, shop autofocus precision, autofocus precision retailer, retailer autofocus precision, autofocus precision where to buy, where to buy autofocus precision, autofocus precision worst, worst autofocus precision, autofocus precision quality, quality autofocus precision, autofocus precision original, original autofocus precision, autofocus precision genuine, genuine autofocus precision, autofocus precision fake, fake autofocus precision, autofocus precision replica, replica autofocus precision, autofocus precision authentic, authentic autofocus precision, autofocus precision brand, brand autofocus precision, autofocus precision manufacturer, manufacturer autofocus precision, autofocus precision company, company autofocus precision, autofocus precision product, product autofocus precision, autofocus precision samsung product, samsung product autofocus precision, autofocus precision sell samsung, sell samsung autofocus precision, autofocus precision buy samsung, buy samsung autofocus precision, autofocus precision cheap samsung, cheap samsung autofocus precision, autofocus precision best samsung, best samsung autofocus precision, autofocus precision samsung review, samsung review autofocus precision, autofocus precision where to buy samsung, where to buy samsung autofocus precision, autofocus precision how to choose samsung, how to choose samsung autofocus precision, autofocus precision top samsung, top samsung autofocus precision, autofocus precision samsung guide, samsung guide autofocus precision, autofocus precision samsung for sale, samsung for sale autofocus precision, autofocus precision samsung deals, samsung deals autofocus precision, processor speed samsung, samsung processor speed, processor speed cheap, cheap processor speed, processor speed best, best processor speed, processor speed latest, latest processor speed, processor speed review, review processor speed, processor speed price, price processor speed, processor speed sell, sell processor speed, processor speed buy, buy processor speed, processor speed recommendation, recommendation processor speed, processor speed tips, tips processor speed, processor speed tutorial, tutorial processor speed, processor speed guide, guide processor speed, processor speed how to, how to processor speed, processor speed vs, vs processor speed, processor speed versus, versus processor speed, processor speed compared to, compared to processor speed, processor speed comparison, comparison processor speed, processor speed alternatives, alternatives processor speed, processor speed which is better, which is better processor speed, processor speed expensive, expensive processor speed, processor speed discount, discount processor speed, processor speed deals, deals processor speed, processor speed sale, sale processor speed, processor speed affordable, affordable processor speed, processor speed cost, cost processor speed, processor speed online, online processor speed, processor speed offline, offline processor speed, processor speed marketplace, marketplace processor speed, processor speed store, store processor speed, processor speed shop, shop processor speed, processor speed retailer, retailer processor speed, processor speed where to buy, where to buy processor speed, processor speed worst, worst processor speed, processor speed quality, quality processor speed, processor speed original, original processor speed, processor speed genuine, genuine processor speed, processor speed fake, fake processor speed, processor speed replica, replica processor speed, processor speed authentic, authentic processor speed, processor speed brand, brand processor speed, processor speed manufacturer, manufacturer processor speed, processor speed company, company processor speed, processor speed product, product processor speed, processor speed samsung product, samsung product processor speed, processor speed sell samsung, sell samsung processor speed, processor speed buy samsung, buy samsung processor speed, processor speed cheap samsung, cheap samsung processor speed, processor speed best samsung, best samsung processor speed, processor speed samsung review, samsung review processor speed, processor speed where to buy samsung, where to buy samsung processor speed, processor speed how to choose samsung, how to choose samsung processor speed, processor speed top samsung, top samsung processor speed, processor speed samsung guide, samsung guide processor speed, processor speed samsung for sale, samsung for sale processor speed, processor speed samsung deals, samsung deals processor speed
2025-09-15 14:37:50,911 - INFO - Expanded 220 seed keywords to 385 variations
2025-09-15 14:37:50,911 - INFO - Language: en
2025-09-15 14:37:50,911 - INFO - Region: us
2025-09-15 14:42:21,876 - INFO - 🎯 After all filtering for 'samsung': 120 relevant keywords
2025-09-15 14:42:21,903 - INFO - 🎯 Found 5 new keywords for niche 'samsung': samsung affordable autofocus precision, samsung affordable processor speed, cheap alternatives autofocus precision, cheap alternatives processor speed, best authentic autofocus precision
2025-09-15 14:42:35,668 - INFO - ✅ Niche 'samsung' process complete! 18 total keyword results.
2025-09-15 14:42:35,669 - INFO - ✅ Completed processing niche: 'samsung'
2025-09-15 14:42:35,669 - INFO - 🔧 Request Handler final stats - Success rate: 100.0%
2025-09-15 14:42:35,669 - INFO -    Total requests: 3678, Blocks: 0
2025-09-15 14:42:35,670 - INFO - 
========================================
2025-09-15 14:42:35,670 - INFO - Process Summary:
2025-09-15 14:42:35,670 - INFO - - Current niche: 'samsung'
2025-09-15 14:42:35,670 - INFO - - Next niche will be: 'apple'
2025-09-15 14:42:35,670 - INFO - - Keywords saved in: languages/english/keywords/samsung/
2025-09-15 14:42:35,671 - INFO - ========================================
