2025-09-16 07:29:01,422 - INFO - Log file created at: /home/runner/work/potensitech.com/potensitech.com/languages/english/keywords/logs/kw_search_20250916_072901.log
2025-09-16 07:29:01,422 - INFO - ============================================================
2025-09-16 07:29:01,422 - INFO - AUTOMATIC KEYWORD RESEARCH TOOL
2025-09-16 07:29:01,422 - INFO - ============================================================
2025-09-16 07:29:01,536 - INFO - ========================================
2025-09-16 07:29:01,536 - INFO - Found 14 niches to process: xiaomi, iphone, samsung, apple, sony, asus, philips, sandisk, intel, nvidia, amd, canon, nikon, huawei
2025-09-16 07:29:01,536 - INFO - ========================================
2025-09-16 07:29:01,536 - INFO - Continuing from last processed niche: intel
2025-09-16 07:29:01,536 - INFO - ========================================
2025-09-16 07:29:01,536 - INFO - 🎯 PROCESSING NICHE 10/14: 'nvidia'
2025-09-16 07:29:01,536 - INFO - ========================================
2025-09-16 07:29:01,536 - INFO - 📁 Niche directory: /home/runner/work/potensitech.com/potensitech.com/languages/english/keywords/nvidia
2025-09-16 07:29:01,537 - INFO - Selected region: us
2025-09-16 07:29:01,537 - INFO - Selected language: en
2025-09-16 07:29:01,537 - INFO - 🎯 Current niche: nvidia
2025-09-16 07:29:06,092 - INFO - 🎯 Niche terms for filtering: nvidia, cheap, best, latest, review, price, sell, buy, recommendation, tips, tutorial, guide, how to, vs, versus, compared to, comparison, alternatives, which is better, expensive, discount, deals, sale, affordable, cost, online, offline, marketplace, store, shop, retailer, where to buy, worst, quality, original, genuine, fake, replica, authentic, brand, manufacturer, company, product, nvidia product, sell nvidia, buy nvidia, cheap nvidia, best nvidia, nvidia review, where to buy nvidia, how to choose nvidia, top nvidia, nvidia guide, nvidia for sale, nvidia deals
2025-09-16 07:29:06,092 - INFO - Generated 50 niche-clue pairs for 'nvidia'.
2025-09-16 07:29:06,095 - INFO - Expanded 50 seed keywords to 218 variations
2025-09-16 07:29:06,095 - INFO - 🔧 Request Handler initialized - Success rate: 100.0%
2025-09-16 07:33:28,956 - INFO - Original clue keywords: gaming phone, oled display
2025-09-16 07:33:28,956 - INFO - Niche-focused seeds: gaming phone nvidia, nvidia gaming phone, gaming phone cheap, cheap gaming phone, gaming phone best, best gaming phone, gaming phone latest, latest gaming phone, gaming phone review, review gaming phone, gaming phone price, price gaming phone, gaming phone sell, sell gaming phone, gaming phone buy, buy gaming phone, gaming phone recommendation, recommendation gaming phone, gaming phone tips, tips gaming phone, gaming phone tutorial, tutorial gaming phone, gaming phone guide, guide gaming phone, gaming phone how to, how to gaming phone, gaming phone vs, vs gaming phone, gaming phone versus, versus gaming phone, gaming phone compared to, compared to gaming phone, gaming phone comparison, comparison gaming phone, gaming phone alternatives, alternatives gaming phone, gaming phone which is better, which is better gaming phone, gaming phone expensive, expensive gaming phone, gaming phone discount, discount gaming phone, gaming phone deals, deals gaming phone, gaming phone sale, sale gaming phone, gaming phone affordable, affordable gaming phone, gaming phone cost, cost gaming phone, gaming phone online, online gaming phone, gaming phone offline, offline gaming phone, gaming phone marketplace, marketplace gaming phone, gaming phone store, store gaming phone, gaming phone shop, shop gaming phone, gaming phone retailer, retailer gaming phone, gaming phone where to buy, where to buy gaming phone, gaming phone worst, worst gaming phone, gaming phone quality, quality gaming phone, gaming phone original, original gaming phone, gaming phone genuine, genuine gaming phone, gaming phone fake, fake gaming phone, gaming phone replica, replica gaming phone, gaming phone authentic, authentic gaming phone, gaming phone brand, brand gaming phone, gaming phone manufacturer, manufacturer gaming phone, gaming phone company, company gaming phone, gaming phone product, product gaming phone, gaming phone nvidia product, nvidia product gaming phone, gaming phone sell nvidia, sell nvidia gaming phone, gaming phone buy nvidia, buy nvidia gaming phone, gaming phone cheap nvidia, cheap nvidia gaming phone, gaming phone best nvidia, best nvidia gaming phone, gaming phone nvidia review, nvidia review gaming phone, gaming phone where to buy nvidia, where to buy nvidia gaming phone, gaming phone how to choose nvidia, how to choose nvidia gaming phone, gaming phone top nvidia, top nvidia gaming phone, gaming phone nvidia guide, nvidia guide gaming phone, gaming phone nvidia for sale, nvidia for sale gaming phone, gaming phone nvidia deals, nvidia deals gaming phone, oled display nvidia, nvidia oled display, oled display cheap, cheap oled display, oled display best, best oled display, oled display latest, latest oled display, oled display review, review oled display, oled display price, price oled display, oled display sell, sell oled display, oled display buy, buy oled display, oled display recommendation, recommendation oled display, oled display tips, tips oled display, oled display tutorial, tutorial oled display, oled display guide, guide oled display, oled display how to, how to oled display, oled display vs, vs oled display, oled display versus, versus oled display, oled display compared to, compared to oled display, oled display comparison, comparison oled display, oled display alternatives, alternatives oled display, oled display which is better, which is better oled display, oled display expensive, expensive oled display, oled display discount, discount oled display, oled display deals, deals oled display, oled display sale, sale oled display, oled display affordable, affordable oled display, oled display cost, cost oled display, oled display online, online oled display, oled display offline, offline oled display, oled display marketplace, marketplace oled display, oled display store, store oled display, oled display shop, shop oled display, oled display retailer, retailer oled display, oled display where to buy, where to buy oled display, oled display worst, worst oled display, oled display quality, quality oled display, oled display original, original oled display, oled display genuine, genuine oled display, oled display fake, fake oled display, oled display replica, replica oled display, oled display authentic, authentic oled display, oled display brand, brand oled display, oled display manufacturer, manufacturer oled display, oled display company, company oled display, oled display product, product oled display, oled display nvidia product, nvidia product oled display, oled display sell nvidia, sell nvidia oled display, oled display buy nvidia, buy nvidia oled display, oled display cheap nvidia, cheap nvidia oled display, oled display best nvidia, best nvidia oled display, oled display nvidia review, nvidia review oled display, oled display where to buy nvidia, where to buy nvidia oled display, oled display how to choose nvidia, how to choose nvidia oled display, oled display top nvidia, top nvidia oled display, oled display nvidia guide, nvidia guide oled display, oled display nvidia for sale, nvidia for sale oled display, oled display nvidia deals, nvidia deals oled display
2025-09-16 07:33:28,960 - INFO - Expanded 220 seed keywords to 385 variations
2025-09-16 07:33:28,960 - INFO - Language: en
2025-09-16 07:33:28,960 - INFO - Region: us
2025-09-16 07:38:00,948 - INFO - 🎯 After all filtering for 'nvidia': 120 relevant keywords
2025-09-16 07:38:00,964 - INFO - 🎯 Found 5 new keywords for niche 'nvidia': nvidia affordable gaming phone, nvidia affordable oled display, cheap alternatives gaming phone, cheap alternatives oled display, best authentic gaming phone
2025-09-16 07:38:11,679 - INFO - ✅ Niche 'nvidia' process complete! 16 total keyword results.
2025-09-16 07:38:11,679 - INFO - ✅ Completed processing niche: 'nvidia'
2025-09-16 07:38:11,679 - INFO - 🔧 Request Handler final stats - Success rate: 100.0%
2025-09-16 07:38:11,680 - INFO -    Total requests: 4315, Blocks: 0
2025-09-16 07:38:11,681 - INFO - 
========================================
2025-09-16 07:38:11,681 - INFO - Process Summary:
2025-09-16 07:38:11,681 - INFO - - Current niche: 'nvidia'
2025-09-16 07:38:11,681 - INFO - - Next niche will be: 'amd'
2025-09-16 07:38:11,681 - INFO - - Keywords saved in: languages/english/keywords/nvidia/
2025-09-16 07:38:11,681 - INFO - ========================================
