2025-09-20 01:52:12,142 - INFO - Log file created at: /home/runner/work/potensitech.com/potensitech.com/languages/english/keywords/logs/kw_search_20250920_015212.log
2025-09-20 01:52:12,142 - INFO - ============================================================
2025-09-20 01:52:12,142 - INFO - AUTOMATIC KEYWORD RESEARCH TOOL
2025-09-20 01:52:12,142 - INFO - ============================================================
2025-09-20 01:52:12,298 - INFO - ========================================
2025-09-20 01:52:12,298 - INFO - Found 14 niches to process: xiaomi, iphone, samsung, apple, sony, asus, philips, sandisk, intel, nvidia, amd, canon, nikon, huawei
2025-09-20 01:52:12,298 - INFO - ========================================
2025-09-20 01:52:12,298 - INFO - Continuing from last processed niche: apple
2025-09-20 01:52:12,299 - INFO - ========================================
2025-09-20 01:52:12,299 - INFO - 🎯 PROCESSING NICHE 5/14: 'sony'
2025-09-20 01:52:12,299 - INFO - ========================================
2025-09-20 01:52:12,299 - INFO - 📁 Niche directory: /home/runner/work/potensitech.com/potensitech.com/languages/english/keywords/sony
2025-09-20 01:52:12,299 - INFO - Selected region: us
2025-09-20 01:52:12,299 - INFO - Selected language: en
2025-09-20 01:52:12,299 - INFO - 🎯 Current niche: sony
2025-09-20 01:52:18,930 - INFO - 🎯 Niche terms for filtering: sony, cheap, best, latest, review, price, sell, buy, recommendation, tips, tutorial, guide, how to, vs, versus, compared to, comparison, alternatives, which is better, expensive, discount, deals, sale, affordable, cost, online, offline, marketplace, store, shop, retailer, where to buy, worst, quality, original, genuine, fake, replica, authentic, brand, manufacturer, company, product, sony product, sell sony, buy sony, cheap sony, best sony, sony review, where to buy sony, how to choose sony, top sony, sony guide, sony for sale, sony deals
2025-09-20 01:52:18,931 - INFO - Generated 50 niche-clue pairs for 'sony'.
2025-09-20 01:52:18,934 - INFO - Expanded 50 seed keywords to 218 variations
2025-09-20 01:52:18,934 - INFO - 🔧 Request Handler initialized - Success rate: 100.0%
2025-09-20 01:56:42,667 - INFO - Original clue keywords: camera resolution, autofocus speed
2025-09-20 01:56:42,667 - INFO - Niche-focused seeds: camera resolution sony, sony camera resolution, camera resolution cheap, cheap camera resolution, camera resolution best, best camera resolution, camera resolution latest, latest camera resolution, camera resolution review, review camera resolution, camera resolution price, price camera resolution, camera resolution sell, sell camera resolution, camera resolution buy, buy camera resolution, camera resolution recommendation, recommendation camera resolution, camera resolution tips, tips camera resolution, camera resolution tutorial, tutorial camera resolution, camera resolution guide, guide camera resolution, camera resolution how to, how to camera resolution, camera resolution vs, vs camera resolution, camera resolution versus, versus camera resolution, camera resolution compared to, compared to camera resolution, camera resolution comparison, comparison camera resolution, camera resolution alternatives, alternatives camera resolution, camera resolution which is better, which is better camera resolution, camera resolution expensive, expensive camera resolution, camera resolution discount, discount camera resolution, camera resolution deals, deals camera resolution, camera resolution sale, sale camera resolution, camera resolution affordable, affordable camera resolution, camera resolution cost, cost camera resolution, camera resolution online, online camera resolution, camera resolution offline, offline camera resolution, camera resolution marketplace, marketplace camera resolution, camera resolution store, store camera resolution, camera resolution shop, shop camera resolution, camera resolution retailer, retailer camera resolution, camera resolution where to buy, where to buy camera resolution, camera resolution worst, worst camera resolution, camera resolution quality, quality camera resolution, camera resolution original, original camera resolution, camera resolution genuine, genuine camera resolution, camera resolution fake, fake camera resolution, camera resolution replica, replica camera resolution, camera resolution authentic, authentic camera resolution, camera resolution brand, brand camera resolution, camera resolution manufacturer, manufacturer camera resolution, camera resolution company, company camera resolution, camera resolution product, product camera resolution, camera resolution sony product, sony product camera resolution, camera resolution sell sony, sell sony camera resolution, camera resolution buy sony, buy sony camera resolution, camera resolution cheap sony, cheap sony camera resolution, camera resolution best sony, best sony camera resolution, camera resolution sony review, sony review camera resolution, camera resolution where to buy sony, where to buy sony camera resolution, camera resolution how to choose sony, how to choose sony camera resolution, camera resolution top sony, top sony camera resolution, camera resolution sony guide, sony guide camera resolution, camera resolution sony for sale, sony for sale camera resolution, camera resolution sony deals, sony deals camera resolution, autofocus speed sony, sony autofocus speed, autofocus speed cheap, cheap autofocus speed, autofocus speed best, best autofocus speed, autofocus speed latest, latest autofocus speed, autofocus speed review, review autofocus speed, autofocus speed price, price autofocus speed, autofocus speed sell, sell autofocus speed, autofocus speed buy, buy autofocus speed, autofocus speed recommendation, recommendation autofocus speed, autofocus speed tips, tips autofocus speed, autofocus speed tutorial, tutorial autofocus speed, autofocus speed guide, guide autofocus speed, autofocus speed how to, how to autofocus speed, autofocus speed vs, vs autofocus speed, autofocus speed versus, versus autofocus speed, autofocus speed compared to, compared to autofocus speed, autofocus speed comparison, comparison autofocus speed, autofocus speed alternatives, alternatives autofocus speed, autofocus speed which is better, which is better autofocus speed, autofocus speed expensive, expensive autofocus speed, autofocus speed discount, discount autofocus speed, autofocus speed deals, deals autofocus speed, autofocus speed sale, sale autofocus speed, autofocus speed affordable, affordable autofocus speed, autofocus speed cost, cost autofocus speed, autofocus speed online, online autofocus speed, autofocus speed offline, offline autofocus speed, autofocus speed marketplace, marketplace autofocus speed, autofocus speed store, store autofocus speed, autofocus speed shop, shop autofocus speed, autofocus speed retailer, retailer autofocus speed, autofocus speed where to buy, where to buy autofocus speed, autofocus speed worst, worst autofocus speed, autofocus speed quality, quality autofocus speed, autofocus speed original, original autofocus speed, autofocus speed genuine, genuine autofocus speed, autofocus speed fake, fake autofocus speed, autofocus speed replica, replica autofocus speed, autofocus speed authentic, authentic autofocus speed, autofocus speed brand, brand autofocus speed, autofocus speed manufacturer, manufacturer autofocus speed, autofocus speed company, company autofocus speed, autofocus speed product, product autofocus speed, autofocus speed sony product, sony product autofocus speed, autofocus speed sell sony, sell sony autofocus speed, autofocus speed buy sony, buy sony autofocus speed, autofocus speed cheap sony, cheap sony autofocus speed, autofocus speed best sony, best sony autofocus speed, autofocus speed sony review, sony review autofocus speed, autofocus speed where to buy sony, where to buy sony autofocus speed, autofocus speed how to choose sony, how to choose sony autofocus speed, autofocus speed top sony, top sony autofocus speed, autofocus speed sony guide, sony guide autofocus speed, autofocus speed sony for sale, sony for sale autofocus speed, autofocus speed sony deals, sony deals autofocus speed
2025-09-20 01:56:42,670 - INFO - Expanded 220 seed keywords to 385 variations
2025-09-20 01:56:42,670 - INFO - Language: en
2025-09-20 01:56:42,670 - INFO - Region: us
2025-09-20 02:01:12,876 - INFO - 🎯 After all filtering for 'sony': 120 relevant keywords
2025-09-20 02:01:12,927 - INFO - 🎯 Found 5 new keywords for niche 'sony': sony affordable autofocus speed, sony affordable camera resolution, cheap alternatives autofocus speed, cheap alternatives camera resolution, best authentic autofocus speed
2025-09-20 02:04:34,676 - INFO - ✅ Niche 'sony' process complete! 31 total keyword results.
2025-09-20 02:04:34,676 - INFO - ✅ Completed processing niche: 'sony'
2025-09-20 02:04:34,676 - INFO - 🔧 Request Handler final stats - Success rate: 100.0%
2025-09-20 02:04:34,676 - INFO -    Total requests: 7584, Blocks: 0
2025-09-20 02:04:34,677 - INFO - 
========================================
2025-09-20 02:04:34,678 - INFO - Process Summary:
2025-09-20 02:04:34,678 - INFO - - Current niche: 'sony'
2025-09-20 02:04:34,678 - INFO - - Next niche will be: 'asus'
2025-09-20 02:04:34,678 - INFO - - Keywords saved in: languages/english/keywords/sony/
2025-09-20 02:04:34,678 - INFO - ========================================
