2025-09-28 02:06:06,178 - INFO - Log file created at: /home/runner/work/potensitech.com/potensitech.com/languages/english/keywords/logs/kw_search_20250928_020606.log
2025-09-28 02:06:06,178 - INFO - ============================================================
2025-09-28 02:06:06,178 - INFO - AUTOMATIC KEYWORD RESEARCH TOOL
2025-09-28 02:06:06,178 - INFO - ============================================================
2025-09-28 02:06:06,307 - INFO - ========================================
2025-09-28 02:06:06,307 - INFO - Found 14 niches to process: xiaomi, iphone, samsung, apple, sony, asus, philips, sandisk, intel, nvidia, amd, canon, nikon, huawei
2025-09-28 02:06:06,307 - INFO - ========================================
2025-09-28 02:06:06,307 - INFO - All niches completed, starting over
2025-09-28 02:06:06,307 - INFO - ========================================
2025-09-28 02:06:06,307 - INFO - 🎯 PROCESSING NICHE 1/14: 'xiaomi'
2025-09-28 02:06:06,307 - INFO - ========================================
2025-09-28 02:06:06,308 - INFO - 📁 Niche directory: /home/runner/work/potensitech.com/potensitech.com/languages/english/keywords/xiaomi
2025-09-28 02:06:06,308 - INFO - Selected region: us
2025-09-28 02:06:06,308 - INFO - Selected language: en
2025-09-28 02:06:06,308 - INFO - 🎯 Current niche: xiaomi
2025-09-28 02:06:09,271 - INFO - 🎯 Niche terms for filtering: xiaomi, cheap, best, latest, review, price, sell, buy, recommendation, tips, tutorial, guide, how to, vs, versus, compared to, comparison, alternatives, which is better, expensive, discount, deals, sale, affordable, cost, online, offline, marketplace, store, shop, retailer, where to buy, worst, quality, original, genuine, fake, replica, authentic, brand, manufacturer, company, product, xiaomi product, sell xiaomi, buy xiaomi, cheap xiaomi, best xiaomi, xiaomi review, where to buy xiaomi, how to choose xiaomi, top xiaomi, xiaomi guide, xiaomi for sale, xiaomi deals
2025-09-28 02:06:09,271 - INFO - Generated 50 niche-clue pairs for 'xiaomi'.
2025-09-28 02:06:09,274 - INFO - Expanded 50 seed keywords to 218 variations
2025-09-28 02:06:09,275 - INFO - 🔧 Request Handler initialized - Success rate: 100.0%
2025-09-28 02:10:30,142 - INFO - Original clue keywords: autofocus speed, graphics performance
2025-09-28 02:10:30,142 - INFO - Niche-focused seeds: autofocus speed xiaomi, xiaomi autofocus speed, autofocus speed cheap, cheap autofocus speed, autofocus speed best, best autofocus speed, autofocus speed latest, latest autofocus speed, autofocus speed review, review autofocus speed, autofocus speed price, price autofocus speed, autofocus speed sell, sell autofocus speed, autofocus speed buy, buy autofocus speed, autofocus speed recommendation, recommendation autofocus speed, autofocus speed tips, tips autofocus speed, autofocus speed tutorial, tutorial autofocus speed, autofocus speed guide, guide autofocus speed, autofocus speed how to, how to autofocus speed, autofocus speed vs, vs autofocus speed, autofocus speed versus, versus autofocus speed, autofocus speed compared to, compared to autofocus speed, autofocus speed comparison, comparison autofocus speed, autofocus speed alternatives, alternatives autofocus speed, autofocus speed which is better, which is better autofocus speed, autofocus speed expensive, expensive autofocus speed, autofocus speed discount, discount autofocus speed, autofocus speed deals, deals autofocus speed, autofocus speed sale, sale autofocus speed, autofocus speed affordable, affordable autofocus speed, autofocus speed cost, cost autofocus speed, autofocus speed online, online autofocus speed, autofocus speed offline, offline autofocus speed, autofocus speed marketplace, marketplace autofocus speed, autofocus speed store, store autofocus speed, autofocus speed shop, shop autofocus speed, autofocus speed retailer, retailer autofocus speed, autofocus speed where to buy, where to buy autofocus speed, autofocus speed worst, worst autofocus speed, autofocus speed quality, quality autofocus speed, autofocus speed original, original autofocus speed, autofocus speed genuine, genuine autofocus speed, autofocus speed fake, fake autofocus speed, autofocus speed replica, replica autofocus speed, autofocus speed authentic, authentic autofocus speed, autofocus speed brand, brand autofocus speed, autofocus speed manufacturer, manufacturer autofocus speed, autofocus speed company, company autofocus speed, autofocus speed product, product autofocus speed, autofocus speed xiaomi product, xiaomi product autofocus speed, autofocus speed sell xiaomi, sell xiaomi autofocus speed, autofocus speed buy xiaomi, buy xiaomi autofocus speed, autofocus speed cheap xiaomi, cheap xiaomi autofocus speed, autofocus speed best xiaomi, best xiaomi autofocus speed, autofocus speed xiaomi review, xiaomi review autofocus speed, autofocus speed where to buy xiaomi, where to buy xiaomi autofocus speed, autofocus speed how to choose xiaomi, how to choose xiaomi autofocus speed, autofocus speed top xiaomi, top xiaomi autofocus speed, autofocus speed xiaomi guide, xiaomi guide autofocus speed, autofocus speed xiaomi for sale, xiaomi for sale autofocus speed, autofocus speed xiaomi deals, xiaomi deals autofocus speed, graphics performance xiaomi, xiaomi graphics performance, graphics performance cheap, cheap graphics performance, graphics performance best, best graphics performance, graphics performance latest, latest graphics performance, graphics performance review, review graphics performance, graphics performance price, price graphics performance, graphics performance sell, sell graphics performance, graphics performance buy, buy graphics performance, graphics performance recommendation, recommendation graphics performance, graphics performance tips, tips graphics performance, graphics performance tutorial, tutorial graphics performance, graphics performance guide, guide graphics performance, graphics performance how to, how to graphics performance, graphics performance vs, vs graphics performance, graphics performance versus, versus graphics performance, graphics performance compared to, compared to graphics performance, graphics performance comparison, comparison graphics performance, graphics performance alternatives, alternatives graphics performance, graphics performance which is better, which is better graphics performance, graphics performance expensive, expensive graphics performance, graphics performance discount, discount graphics performance, graphics performance deals, deals graphics performance, graphics performance sale, sale graphics performance, graphics performance affordable, affordable graphics performance, graphics performance cost, cost graphics performance, graphics performance online, online graphics performance, graphics performance offline, offline graphics performance, graphics performance marketplace, marketplace graphics performance, graphics performance store, store graphics performance, graphics performance shop, shop graphics performance, graphics performance retailer, retailer graphics performance, graphics performance where to buy, where to buy graphics performance, graphics performance worst, worst graphics performance, graphics performance quality, quality graphics performance, graphics performance original, original graphics performance, graphics performance genuine, genuine graphics performance, graphics performance fake, fake graphics performance, graphics performance replica, replica graphics performance, graphics performance authentic, authentic graphics performance, graphics performance brand, brand graphics performance, graphics performance manufacturer, manufacturer graphics performance, graphics performance company, company graphics performance, graphics performance product, product graphics performance, graphics performance xiaomi product, xiaomi product graphics performance, graphics performance sell xiaomi, sell xiaomi graphics performance, graphics performance buy xiaomi, buy xiaomi graphics performance, graphics performance cheap xiaomi, cheap xiaomi graphics performance, graphics performance best xiaomi, best xiaomi graphics performance, graphics performance xiaomi review, xiaomi review graphics performance, graphics performance where to buy xiaomi, where to buy xiaomi graphics performance, graphics performance how to choose xiaomi, how to choose xiaomi graphics performance, graphics performance top xiaomi, top xiaomi graphics performance, graphics performance xiaomi guide, xiaomi guide graphics performance, graphics performance xiaomi for sale, xiaomi for sale graphics performance, graphics performance xiaomi deals, xiaomi deals graphics performance
2025-09-28 02:10:30,145 - INFO - Expanded 220 seed keywords to 385 variations
2025-09-28 02:10:30,145 - INFO - Language: en
2025-09-28 02:10:30,145 - INFO - Region: us
2025-09-28 02:11:45,550 - INFO - 🎯 After all filtering for 'xiaomi': 120 relevant keywords
2025-09-28 02:11:45,668 - INFO - 🎯 Found 5 new keywords for niche 'xiaomi': xiaomi affordable autofocus speed, xiaomi affordable graphics performance, cheap alternatives autofocus speed, cheap alternatives graphics performance, best authentic autofocus speed
2025-09-28 02:11:52,012 - INFO - ✅ Niche 'xiaomi' process complete! 64 total keyword results.
2025-09-28 02:11:52,012 - INFO - ✅ Completed processing niche: 'xiaomi'
2025-09-28 02:11:52,012 - INFO - 🔧 Request Handler final stats - Success rate: 100.0%
2025-09-28 02:11:52,012 - INFO -    Total requests: 13946, Blocks: 0
2025-09-28 02:11:52,013 - INFO - 
========================================
2025-09-28 02:11:52,014 - INFO - Process Summary:
2025-09-28 02:11:52,014 - INFO - - Current niche: 'xiaomi'
2025-09-28 02:11:52,014 - INFO - - Next niche will be: 'iphone'
2025-09-28 02:11:52,014 - INFO - - Keywords saved in: languages/english/keywords/xiaomi/
2025-09-28 02:11:52,014 - INFO - ========================================
